===== 10.sql jit=on =====
                                                                                      QUERY PLAN                                                                                      
--------------------------------------------------------------------------------------------------------------------------------------------------------------------------------------
 Limit  (cost=2327373.42..2327373.47 rows=20 width=202) (actual time=13975.390..13975.399 rows=20 loops=1)
   ->  Sort  (cost=2327373.42..2328755.05 rows=552652 width=202) (actual time=13474.325..13474.332 rows=20 loops=1)
         Sort Key: (sum((lineitem.l_extendedprice * ('1'::numeric - lineitem.l_discount)))) DESC
         Sort Method: top-N heapsort  Memory: 34kB
         ->  HashAggregate  (cost=2305759.40..2312667.55 rows=552652 width=202) (actual time=13108.093..13363.258 rows=381205 loops=1)
               Group Key: customer.c_custkey, nation.n_name
               Batches: 1  Memory Usage: 258065kB
               ->  Hash Join  (cost=2204142.76..2298851.25 rows=552652 width=182) (actual time=11317.430..12308.245 rows=1145402 loops=1)
                     Hash Cond: (customer.c_custkey = orders.o_custkey)
                     ->  Hash Join  (cost=1.56..55433.55 rows=1499999 width=170) (actual time=0.067..534.238 rows=1500000 loops=1)
                           Hash Cond: (customer.c_nationkey = nation.n_nationkey)
                           ->  Seq Scan on customer  (cost=0.00..50826.99 rows=1499999 width=148) (actual time=0.028..117.981 rows=1500000 loops=1)
                           ->  Hash  (cost=1.25..1.25 rows=25 width=30) (actual time=0.030..0.031 rows=25 loops=1)
                                 Buckets: 1024  Batches: 1  Memory Usage: 10kB
                                 ->  Seq Scan on nation  (cost=0.00..1.25 rows=25 width=30) (actual time=0.017..0.022 rows=25 loops=1)
                     ->  Hash  (cost=2197233.05..2197233.05 rows=552652 width=16) (actual time=11313.492..11313.495 rows=1145402 loops=1)
                           Buckets: 2097152 (originally 1048576)  Batches: 1 (originally 1)  Memory Usage: 71717kB
                           ->  Hash Join  (cost=283938.73..2197233.05 rows=552652 width=16) (actual time=773.198..11039.651 rows=1145402 loops=1)
                                 Hash Cond: (lineitem.l_orderkey = orders.o_orderkey)
                                 ->  Seq Scan on lineitem  (cost=0.00..1874384.25 rows=14822881 width=16) (actual time=0.067..8346.410 rows=14808183 loops=1)
                                       Filter: (l_returnflag = 'R'::bpchar)
                                       Rows Removed by Filter: 45177869
                                 ->  Hash  (cost=276948.56..276948.56 rows=559213 width=8) (actual time=769.228..769.229 rows=573160 loops=1)
                                       Buckets: 1048576  Batches: 1  Memory Usage: 30582kB
                                       ->  Bitmap Heap Scan on orders  (cost=7648.37..276948.56 rows=559213 width=8) (actual time=128.387..656.739 rows=573160 loops=1)
                                             Recheck Cond: ((o_orderdate >= '1994-08-01'::date) AND (o_orderdate < '1994-11-01'::date))
                                             Heap Blocks: exact=233137
                                             ->  Bitmap Index Scan on idx_orders_orderdate  (cost=0.00..7508.57 rows=559213 width=0) (actual time=74.211..74.211 rows=573160 loops=1)
                                                   Index Cond: ((o_orderdate >= '1994-08-01'::date) AND (o_orderdate < '1994-11-01'::date))
 Settings: effective_io_concurrency = '64', maintenance_io_concurrency = '64', max_parallel_workers_per_gather = '0', work_mem = '256MB'
 Planning Time: 1.901 ms
 JIT:
   Functions: 38
   Options: Inlining true, Optimization true, Expressions true, Deforming true
   Timing: Generation 4.414 ms, Inlining 63.726 ms, Optimization 282.746 ms, Emission 154.178 ms, Total 505.064 ms
 Execution Time: 14036.111 ms
(36 rows)

===== 11.sql jit=on =====
                                                                             QUERY PLAN                                                                              
---------------------------------------------------------------------------------------------------------------------------------------------------------------------
 Limit  (cost=94432.65..94432.65 rows=1 width=36) (actual time=1252.827..1252.833 rows=0 loops=1)
   InitPlan 1 (returns $2)
     ->  Aggregate  (cost=44176.17..44176.18 rows=1 width=32) (actual time=413.589..413.592 rows=1 loops=1)
           ->  Nested Loop  (cost=47.72..41796.92 rows=317233 width=10) (actual time=0.765..317.935 rows=320800 loops=1)
                 ->  Nested Loop  (cost=47.29..2404.57 rows=4000 width=4) (actual time=0.755..4.580 rows=4010 loops=1)
                       ->  Seq Scan on nation nation_1  (cost=0.00..1.31 rows=1 width=4) (actual time=0.012..0.017 rows=1 loops=1)
                             Filter: (n_name = 'SAUDI ARABIA'::bpchar)
                             Rows Removed by Filter: 24
                       ->  Bitmap Heap Scan on supplier supplier_1  (cost=47.29..2363.25 rows=4000 width=8) (actual time=0.740..4.062 rows=4010 loops=1)
                             Recheck Cond: (s_nationkey = nation_1.n_nationkey)
                             Heap Blocks: exact=1857
                             ->  Bitmap Index Scan on idx_supplier_nation_key  (cost=0.00..46.29 rows=4000 width=0) (actual time=0.494..0.494 rows=4010 loops=1)
                                   Index Cond: (s_nationkey = nation_1.n_nationkey)
                 ->  Index Scan using idx_partsupp_suppkey on partsupp partsupp_1  (cost=0.43..9.06 rows=79 width=14) (actual time=0.003..0.067 rows=80 loops=4010)
                       Index Cond: (ps_suppkey = supplier_1.s_suppkey)
   ->  Sort  (cost=50256.46..50520.82 rows=105744 width=36) (actual time=1252.826..1252.828 rows=0 loops=1)
         Sort Key: (sum((partsupp.ps_supplycost * (partsupp.ps_availqty)::numeric))) DESC
         Sort Method: quicksort  Memory: 25kB
         ->  HashAggregate  (cost=44969.25..49727.74 rows=105744 width=36) (actual time=1252.790..1252.792 rows=0 loops=1)
               Group Key: partsupp.ps_partkey
               Filter: (sum((partsupp.ps_supplycost * (partsupp.ps_availqty)::numeric)) > $2)
               Batches: 1  Memory Usage: 135185kB
               Rows Removed by Filter: 301833
               ->  Nested Loop  (cost=47.72..41796.92 rows=317233 width=14) (actual time=0.922..422.770 rows=320800 loops=1)
                     ->  Nested Loop  (cost=47.29..2404.57 rows=4000 width=4) (actual time=0.897..6.543 rows=4010 loops=1)
                           ->  Seq Scan on nation  (cost=0.00..1.31 rows=1 width=4) (actual time=0.026..0.031 rows=1 loops=1)
                                 Filter: (n_name = 'SAUDI ARABIA'::bpchar)
                                 Rows Removed by Filter: 24
                           ->  Bitmap Heap Scan on supplier  (cost=47.29..2363.25 rows=4000 width=8) (actual time=0.867..5.933 rows=4010 loops=1)
                                 Recheck Cond: (s_nationkey = nation.n_nationkey)
                                 Heap Blocks: exact=1857
                                 ->  Bitmap Index Scan on idx_supplier_nation_key  (cost=0.00..46.29 rows=4000 width=0) (actual time=0.566..0.566 rows=4010 loops=1)
                                       Index Cond: (s_nationkey = nation.n_nationkey)
                     ->  Index Scan using idx_partsupp_suppkey on partsupp  (cost=0.43..9.06 rows=79 width=18) (actual time=0.004..0.092 rows=80 loops=4010)
                           Index Cond: (ps_suppkey = supplier.s_suppkey)
 Settings: effective_io_concurrency = '64', maintenance_io_concurrency = '64', max_parallel_workers_per_gather = '0', work_mem = '256MB'
 Planning Time: 1.340 ms
 Execution Time: 1267.221 ms
(38 rows)

===== 12.sql jit=on =====
                                                                                                                    QUERY PLAN                                                                                                                     
---------------------------------------------------------------------------------------------------------------------------------------------------------------------------------------------------------------------------------------------------
 Limit  (cost=3030066.92..3030885.55 rows=1 width=27) (actual time=16973.748..16973.752 rows=1 loops=1)
   ->  GroupAggregate  (cost=3030066.92..3035797.35 rows=7 width=27) (actual time=16600.762..16600.764 rows=1 loops=1)
         Group Key: lineitem.l_shipmode
         ->  Sort  (cost=3030066.92..3030783.21 rows=286518 width=27) (actual time=16564.511..16571.261 rows=155572 loops=1)
               Sort Key: lineitem.l_shipmode
               Sort Method: quicksort  Memory: 36606kB
               ->  Hash Join  (cost=2477839.52..3004096.54 rows=286518 width=27) (actual time=12375.715..16498.282 rows=311258 loops=1)
                     Hash Cond: (orders.o_orderkey = lineitem.l_orderkey)
                     ->  Seq Scan on orders  (cost=0.00..410900.48 rows=14998848 width=20) (actual time=0.026..1049.418 rows=15000000 loops=1)
                     ->  Hash  (cost=2474258.05..2474258.05 rows=286518 width=15) (actual time=12373.712..12373.713 rows=311258 loops=1)
                           Buckets: 524288  Batches: 1  Memory Usage: 18687kB
                           ->  Seq Scan on lineitem  (cost=0.00..2474258.05 rows=286518 width=15) (actual time=0.159..12294.307 rows=311258 loops=1)
                                 Filter: ((l_shipmode = ANY ('{SHIP,"REG AIR"}'::bpchar[])) AND (l_commitdate < l_receiptdate) AND (l_shipdate < l_commitdate) AND (l_receiptdate >= '1994-01-01'::date) AND (l_receiptdate < '1995-01-01'::date))
                                 Rows Removed by Filter: 59674794
 Settings: effective_io_concurrency = '64', maintenance_io_concurrency = '64', max_parallel_workers_per_gather = '0', work_mem = '256MB'
 Planning Time: 1.062 ms
 JIT:
   Functions: 19
   Options: Inlining true, Optimization true, Expressions true, Deforming true
   Timing: Generation 2.766 ms, Inlining 61.088 ms, Optimization 201.103 ms, Emission 110.470 ms, Total 375.427 ms
 Execution Time: 17010.409 ms
(21 rows)

===== 13.sql jit=on =====
                                                                                    QUERY PLAN                                                                                     
-----------------------------------------------------------------------------------------------------------------------------------------------------------------------------------
 Limit  (cost=656826.08..656826.09 rows=1 width=16) (actual time=17063.359..17063.363 rows=1 loops=1)
   ->  Sort  (cost=656826.08..656826.58 rows=200 width=16) (actual time=16829.472..16829.475 rows=1 loops=1)
         Sort Key: (count(*)) DESC, (count(orders.o_orderkey)) DESC
         Sort Method: top-N heapsort  Memory: 25kB
         ->  HashAggregate  (cost=656823.08..656825.08 rows=200 width=16) (actual time=16829.416..16829.425 rows=46 loops=1)
               Group Key: count(orders.o_orderkey)
               Batches: 1  Memory Usage: 40kB
               ->  HashAggregate  (cost=619323.11..634323.10 rows=1499999 width=12) (actual time=16364.072..16671.620 rows=1500000 loops=1)
                     Group Key: customer.c_custkey
                     Batches: 1  Memory Usage: 172049kB
                     ->  Hash Right Join  (cost=57714.40..545086.39 rows=14847344 width=8) (actual time=400.491..11839.696 rows=15337604 loops=1)
                           Hash Cond: (orders.o_custkey = customer.c_custkey)
                           ->  Seq Scan on orders  (cost=0.00..448397.60 rows=14847344 width=8) (actual time=0.036..6558.629 rows=14837583 loops=1)
                                 Filter: ((o_comment)::text !~~ '%special%requests%'::text)
                                 Rows Removed by Filter: 162417
                           ->  Hash  (cost=38964.41..38964.41 rows=1499999 width=4) (actual time=392.927..392.928 rows=1500000 loops=1)
                                 Buckets: 2097152  Batches: 1  Memory Usage: 69119kB
                                 ->  Index Only Scan using customer_pkey on customer  (cost=0.43..38964.41 rows=1499999 width=4) (actual time=0.023..146.454 rows=1500000 loops=1)
                                       Heap Fetches: 0
 Settings: effective_io_concurrency = '64', maintenance_io_concurrency = '64', max_parallel_workers_per_gather = '0', work_mem = '256MB'
 Planning Time: 0.919 ms
 JIT:
   Functions: 22
   Options: Inlining true, Optimization true, Expressions true, Deforming true
   Timing: Generation 2.628 ms, Inlining 60.575 ms, Optimization 116.039 ms, Emission 57.032 ms, Total 236.275 ms
 Execution Time: 17133.437 ms
(26 rows)

===== 14.sql jit=on =====
                                                                            QUERY PLAN                                                                            
------------------------------------------------------------------------------------------------------------------------------------------------------------------
 Limit  (cost=1160473.81..1160473.82 rows=1 width=32) (actual time=2913.860..2913.863 rows=1 loops=1)
   ->  Aggregate  (cost=1160473.81..1160473.82 rows=1 width=32) (actual time=2606.626..2606.628 rows=1 loops=1)
         ->  Hash Join  (cost=103965.49..1148892.67 rows=661779 width=33) (actual time=1208.404..2282.078 rows=772942 loops=1)
               Hash Cond: (lineitem.l_partkey = part.p_partkey)
               ->  Bitmap Heap Scan on lineitem  (cost=18004.21..1061090.65 rows=701234 width=16) (actual time=272.336..1005.277 rows=772942 loops=1)
                     Recheck Cond: ((l_shipdate >= '1994-05-01'::date) AND (l_shipdate < '1994-06-01'::date))
                     Heap Blocks: exact=416660
                     ->  Bitmap Index Scan on idx_lineitem_shipdate  (cost=0.00..17828.90 rows=701234 width=0) (actual time=162.965..162.965 rows=772942 loops=1)
                           Index Cond: ((l_shipdate >= '1994-05-01'::date) AND (l_shipdate < '1994-06-01'::date))
               ->  Hash  (cost=60961.68..60961.68 rows=1999968 width=25) (actual time=928.400..928.401 rows=2000000 loops=1)
                     Buckets: 2097152  Batches: 1  Memory Usage: 131903kB
                     ->  Seq Scan on part  (cost=0.00..60961.68 rows=1999968 width=25) (actual time=0.043..497.125 rows=2000000 loops=1)
 Settings: effective_io_concurrency = '64', maintenance_io_concurrency = '64', max_parallel_workers_per_gather = '0', work_mem = '256MB'
 Planning Time: 1.068 ms
 JIT:
   Functions: 16
   Options: Inlining true, Optimization true, Expressions true, Deforming true
   Timing: Generation 2.211 ms, Inlining 73.980 ms, Optimization 150.185 ms, Emission 82.789 ms, Total 309.164 ms
 Execution Time: 2956.239 ms
(19 rows)

===== 15.sql jit=on =====
                                                                       QUERY PLAN                                                                       
--------------------------------------------------------------------------------------------------------------------------------------------------------
 HashAggregate  (cost=1240777.39..1242032.13 rows=100379 width=36) (actual time=3865.544..3918.172 rows=100000 loops=1)
   Group Key: l_suppkey
   Batches: 1  Memory Usage: 47121kB
   ->  Bitmap Heap Scan on lineitem  (cost=56948.54..1218595.95 rows=2218144 width=16) (actual time=571.259..1994.676 rows=2265714 loops=1)
         Recheck Cond: ((l_shipdate >= '1996-01-01'::date) AND (l_shipdate < '1996-04-01'::date))
         Heap Blocks: exact=668609
         ->  Bitmap Index Scan on idx_lineitem_shipdate  (cost=0.00..56394.01 rows=2218144 width=0) (actual time=394.140..394.140 rows=2265714 loops=1)
               Index Cond: ((l_shipdate >= '1996-01-01'::date) AND (l_shipdate < '1996-04-01'::date))
 Settings: effective_io_concurrency = '64', maintenance_io_concurrency = '64', max_parallel_workers_per_gather = '0', work_mem = '256MB'
 Planning Time: 0.654 ms
 JIT:
   Functions: 9
   Options: Inlining true, Optimization true, Expressions true, Deforming true
   Timing: Generation 1.471 ms, Inlining 62.051 ms, Optimization 101.058 ms, Emission 53.994 ms, Total 218.574 ms
 Execution Time: 3958.324 ms
(15 rows)

CREATE VIEW
                                                                                   QUERY PLAN                                                                                   
--------------------------------------------------------------------------------------------------------------------------------------------------------------------------------
 Limit  (cost=2485597.79..2485607.91 rows=1 width=104) (actual time=7152.946..7152.950 rows=1 loops=1)
   InitPlan 1 (returns $0)
     ->  Aggregate  (cost=1243286.87..1243286.88 rows=1 width=32) (actual time=3305.493..3305.494 rows=1 loops=1)
           ->  HashAggregate  (cost=1240777.39..1242032.13 rows=100379 width=36) (actual time=3252.654..3299.634 rows=100000 loops=1)
                 Group Key: lineitem_1.l_suppkey
                 Batches: 1  Memory Usage: 47121kB
                 ->  Bitmap Heap Scan on lineitem lineitem_1  (cost=56948.54..1218595.95 rows=2218144 width=16) (actual time=547.246..1677.128 rows=2265714 loops=1)
                       Recheck Cond: ((l_shipdate >= '1996-01-01'::date) AND (l_shipdate < '1996-04-01'::date))
                       Heap Blocks: exact=668609
                       ->  Bitmap Index Scan on idx_lineitem_shipdate  (cost=0.00..56394.01 rows=2218144 width=0) (actual time=372.006..372.006 rows=2265714 loops=1)
                             Index Cond: ((l_shipdate >= '1996-01-01'::date) AND (l_shipdate < '1996-04-01'::date))
   ->  Merge Join  (cost=1242310.91..1247393.29 rows=502 width=104) (actual time=6716.139..6716.141 rows=1 loops=1)
         Merge Cond: (supplier.s_suppkey = revenue0.supplier_no)
         ->  Index Scan using supplier_pkey on supplier  (cost=0.29..4825.14 rows=100000 width=72) (actual time=0.029..14.238 rows=69998 loops=1)
         ->  Sort  (cost=1242310.62..1242311.87 rows=502 width=36) (actual time=6698.367..6698.368 rows=1 loops=1)
               Sort Key: revenue0.supplier_no
               Sort Method: quicksort  Memory: 25kB
               ->  Subquery Scan on revenue0  (cost=1240777.39..1242288.10 rows=502 width=36) (actual time=6664.887..6698.359 rows=1 loops=1)
                     ->  HashAggregate  (cost=1240777.39..1242283.08 rows=502 width=36) (actual time=6664.886..6698.356 rows=1 loops=1)
                           Group Key: lineitem.l_suppkey
                           Filter: (sum((lineitem.l_extendedprice * ('1'::numeric - lineitem.l_discount))) = $0)
                           Batches: 1  Memory Usage: 47121kB
                           Rows Removed by Filter: 99999
                           ->  Bitmap Heap Scan on lineitem  (cost=56948.54..1218595.95 rows=2218144 width=16) (actual time=532.453..1697.032 rows=2265714 loops=1)
                                 Recheck Cond: ((l_shipdate >= '1996-01-01'::date) AND (l_shipdate < '1996-04-01'::date))
                                 Heap Blocks: exact=668609
                                 ->  Bitmap Index Scan on idx_lineitem_shipdate  (cost=0.00..56394.01 rows=2218144 width=0) (actual time=357.482..357.482 rows=2265714 loops=1)
                                       Index Cond: ((l_shipdate >= '1996-01-01'::date) AND (l_shipdate < '1996-04-01'::date))
 Settings: effective_io_concurrency = '64', maintenance_io_concurrency = '64', max_parallel_workers_per_gather = '0', work_mem = '256MB'
 Planning Time: 0.468 ms
 JIT:
   Functions: 30
   Options: Inlining true, Optimization true, Expressions true, Deforming true
   Timing: Generation 3.794 ms, Inlining 19.359 ms, Optimization 268.372 ms, Emission 148.699 ms, Total 440.224 ms
 Execution Time: 7165.874 ms
(35 rows)

DROP VIEW
===== 16.sql jit=on =====
                                                                                         QUERY PLAN                                                                                         
--------------------------------------------------------------------------------------------------------------------------------------------------------------------------------------------
 Limit  (cost=401412.88..401412.88 rows=1 width=44) (actual time=6755.590..6755.594 rows=1 loops=1)
   ->  Sort  (cost=401412.88..401793.63 rows=152301 width=44) (actual time=6735.056..6735.059 rows=1 loops=1)
         Sort Key: (count(DISTINCT partsupp.ps_suppkey)) DESC, part.p_brand, part.p_type, part.p_size
         Sort Method: top-N heapsort  Memory: 25kB
         ->  GroupAggregate  (cost=391871.61..400651.37 rows=152301 width=44) (actual time=6257.857..6730.364 rows=27838 loops=1)
               Group Key: part.p_brand, part.p_type, part.p_size
               ->  Sort  (cost=391871.61..393322.96 rows=580540 width=40) (actual time=6257.795..6381.759 rows=1186319 loops=1)
                     Sort Key: part.p_brand, part.p_type, part.p_size
                     Sort Method: quicksort  Memory: 141834kB
                     ->  Hash Join  (cost=98056.23..336293.51 rows=580540 width=40) (actual time=824.948..3235.815 rows=1186319 loops=1)
                           Hash Cond: (partsupp.ps_partkey = part.p_partkey)
                           ->  Index Only Scan using partsupp_pkey on partsupp  (cost=3466.46..231204.46 rows=3999714 width=8) (actual time=41.204..1630.749 rows=7995520 loops=1)
                                 Filter: (NOT (hashed SubPlan 1))
                                 Rows Removed by Filter: 4480
                                 Heap Fetches: 0
                                 SubPlan 1
                                   ->  Seq Scan on supplier  (cost=0.00..3466.00 rows=10 width=4) (actual time=4.427..40.536 rows=56 loops=1)
                                         Filter: ((s_comment)::text ~~ '%Customer%Complaints%'::text)
                                         Rows Removed by Filter: 99944
                           ->  Hash  (cost=90961.20..90961.20 rows=290286 width=40) (actual time=781.775..781.776 rows=296733 loops=1)
                                 Buckets: 524288  Batches: 1  Memory Usage: 25593kB
                                 ->  Seq Scan on part  (cost=0.00..90961.20 rows=290286 width=40) (actual time=0.022..708.393 rows=296733 loops=1)
                                       Filter: ((p_brand <> 'Brand#12'::bpchar) AND ((p_type)::text !~~ 'SMALL BRUSHED%'::text) AND (p_size = ANY ('{12,32,36,26,40,34,49,9}'::integer[])))
                                       Rows Removed by Filter: 1703267
 Settings: effective_io_concurrency = '64', maintenance_io_concurrency = '64', max_parallel_workers_per_gather = '0', work_mem = '256MB'
 Planning Time: 1.220 ms
 JIT:
   Functions: 32
   Options: Inlining false, Optimization false, Expressions true, Deforming true
   Timing: Generation 3.581 ms, Inlining 0.000 ms, Optimization 1.012 ms, Emission 23.443 ms, Total 28.036 ms
 Execution Time: 6797.696 ms
(31 rows)

===== 17-flattened.sql jit=on =====
                                                               QUERY PLAN                                                                
-----------------------------------------------------------------------------------------------------------------------------------------
 HashAggregate  (cost=5567357.33..6184959.66 rows=2119205 width=36) (actual time=37830.626..58214.116 rows=2000000 loops=1)
   Group Key: l_partkey
   Planned Partitions: 4  Batches: 5  Memory Usage: 262193kB  Disk Usage: 1517688kB
   ->  Seq Scan on lineitem  (cost=0.00..1724415.80 rows=59987380 width=9) (actual time=0.038..5833.289 rows=59986052 loops=1)
 Settings: effective_io_concurrency = '64', maintenance_io_concurrency = '64', max_parallel_workers_per_gather = '0', work_mem = '256MB'
 Planning Time: 0.623 ms
 JIT:
   Functions: 11
   Options: Inlining true, Optimization true, Expressions true, Deforming true
   Timing: Generation 2.172 ms, Inlining 90.391 ms, Optimization 104.186 ms, Emission 55.107 ms, Total 251.855 ms
 Execution Time: 58566.216 ms
(11 rows)

SELECT 2000000
CREATE INDEX
ANALYZE
                                                                                 QUERY PLAN                                                                                 
----------------------------------------------------------------------------------------------------------------------------------------------------------------------------
 Limit  (cost=217050.69..217050.70 rows=1 width=32) (actual time=473.842..473.844 rows=1 loops=1)
   ->  Aggregate  (cost=217050.69..217050.70 rows=1 width=32) (actual time=458.535..458.536 rows=1 loops=1)
         ->  Nested Loop  (cost=0.87..217005.59 rows=18041 width=8) (actual time=0.180..457.827 rows=5319 loops=1)
               Join Filter: (part.p_partkey = lineitem.l_partkey)
               ->  Nested Loop  (cost=0.43..85447.48 rows=1912 width=21) (actual time=0.161..382.933 rows=1996 loops=1)
                     ->  Seq Scan on part  (cost=0.00..70961.52 rows=1912 width=4) (actual time=0.143..367.194 rows=1996 loops=1)
                           Filter: ((p_brand = 'Brand#22'::bpchar) AND (p_container = 'LG BOX'::bpchar))
                           Rows Removed by Filter: 1998004
                     ->  Index Scan using idx_tmp_avg_quantity on tmp_avg_quantity part_agg  (cost=0.43..7.57 rows=1 width=17) (actual time=0.007..0.007 rows=1 loops=1996)
                           Index Cond: (agg_partkey = part.p_partkey)
               ->  Index Scan using idx_lineitem_part_supp on lineitem  (cost=0.44..68.69 rows=9 width=17) (actual time=0.015..0.037 rows=3 loops=1996)
                     Index Cond: (l_partkey = part_agg.agg_partkey)
                     Filter: (l_quantity < part_agg.avg_quantity)
                     Rows Removed by Filter: 27
 Settings: effective_io_concurrency = '64', maintenance_io_concurrency = '64', max_parallel_workers_per_gather = '0', work_mem = '256MB'
 Planning Time: 0.685 ms
 JIT:
   Functions: 20
   Options: Inlining false, Optimization false, Expressions true, Deforming true
   Timing: Generation 2.467 ms, Inlining 0.000 ms, Optimization 0.676 ms, Emission 14.370 ms, Total 17.513 ms
 Execution Time: 476.406 ms
(21 rows)

DROP TABLE
===== 17.sql jit=on =====
                                                                            QUERY PLAN                                                                            
------------------------------------------------------------------------------------------------------------------------------------------------------------------
 Limit  (cost=6421154.08..6421154.10 rows=1 width=32) (actual time=60010.537..60010.541 rows=1 loops=1)
   ->  Aggregate  (cost=6421154.08..6421154.10 rows=1 width=32) (actual time=59676.540..59676.543 rows=1 loops=1)
         ->  Nested Loop  (cost=5638343.19..6421106.29 rows=19116 width=8) (actual time=39149.164..59675.754 rows=5319 loops=1)
               Join Filter: (part.p_partkey = lineitem.l_partkey)
               ->  Hash Join  (cost=5638342.75..6282700.06 rows=2026 width=40) (actual time=39147.173..59592.758 rows=1996 loops=1)
                     Hash Cond: (lineitem_1.l_partkey = part.p_partkey)
                     ->  HashAggregate  (cost=5567357.33..6184959.66 rows=2119205 width=36) (actual time=38765.433..59043.360 rows=2000000 loops=1)
                           Group Key: lineitem_1.l_partkey
                           Planned Partitions: 4  Batches: 5  Memory Usage: 262193kB  Disk Usage: 1517688kB
                           ->  Seq Scan on lineitem lineitem_1  (cost=0.00..1724415.80 rows=59987380 width=9) (actual time=0.024..5942.890 rows=59986052 loops=1)
                     ->  Hash  (cost=70961.52..70961.52 rows=1912 width=4) (actual time=381.662..381.663 rows=1996 loops=1)
                           Buckets: 2048  Batches: 1  Memory Usage: 87kB
                           ->  Seq Scan on part  (cost=0.00..70961.52 rows=1912 width=4) (actual time=0.233..381.218 rows=1996 loops=1)
                                 Filter: ((p_brand = 'Brand#22'::bpchar) AND (p_container = 'LG BOX'::bpchar))
                                 Rows Removed by Filter: 1998004
               ->  Index Scan using idx_lineitem_part_supp on lineitem  (cost=0.44..68.20 rows=9 width=17) (actual time=0.018..0.041 rows=3 loops=1996)
                     Index Cond: (l_partkey = lineitem_1.l_partkey)
                     Filter: (l_quantity < ((0.2 * avg(lineitem_1.l_quantity))))
                     Rows Removed by Filter: 27
 Settings: effective_io_concurrency = '64', maintenance_io_concurrency = '64', max_parallel_workers_per_gather = '0', work_mem = '256MB'
 Planning Time: 1.329 ms
 JIT:
   Functions: 33
   Options: Inlining true, Optimization true, Expressions true, Deforming true
   Timing: Generation 4.461 ms, Inlining 93.414 ms, Optimization 218.696 ms, Emission 119.597 ms, Total 436.168 ms
 Execution Time: 60194.745 ms
(26 rows)

===== 18.sql jit=on =====
                                                                                                 QUERY PLAN                                                                                                  
-------------------------------------------------------------------------------------------------------------------------------------------------------------------------------------------------------------
 Limit  (cost=9939597.36..9939597.61 rows=100 width=71) (actual time=45499.871..45499.885 rows=99 loops=1)
   ->  Sort  (cost=9939597.36..9989580.17 rows=19993122 width=71) (actual time=45162.197..45162.205 rows=99 loops=1)
         Sort Key: orders.o_totalprice DESC, orders.o_orderdate
         Sort Method: quicksort  Memory: 32kB
         ->  HashAggregate  (cost=8574118.99..9175474.61 rows=19993122 width=71) (actual time=45159.063..45162.074 rows=99 loops=1)
               Group Key: customer.c_custkey, orders.o_orderkey
               Planned Partitions: 32  Batches: 1  Memory Usage: 24657kB
               ->  Hash Join  (cost=70148.23..6618541.75 rows=19993122 width=44) (actual time=1742.819..45158.376 rows=693 loops=1)
                     Hash Cond: (orders.o_custkey = customer.c_custkey)
                     ->  Merge Join  (cost=571.25..6496482.68 rows=19993122 width=25) (actual time=1026.148..44441.411 rows=693 loops=1)
                           Merge Cond: (orders.o_orderkey = lineitem.l_orderkey)
                           ->  Merge Join  (cost=1.00..3729737.45 rows=4998948 width=24) (actual time=706.775..30945.939 rows=99 loops=1)
                                 Merge Cond: (orders.o_orderkey = lineitem_1.l_orderkey)
                                 ->  Index Scan using orders_pkey on orders  (cost=0.43..650422.16 rows=14998848 width=20) (actual time=0.044..3514.439 rows=14982724 loops=1)
                                 ->  GroupAggregate  (cost=0.56..2929341.84 rows=4998948 width=4) (actual time=607.532..26677.477 rows=99 loops=1)
                                       Group Key: lineitem_1.l_orderkey
                                       Filter: (sum(lineitem_1.l_quantity) > '313'::numeric)
                                       Rows Removed by Filter: 14999901
                                       ->  Index Scan using idx_lineitem_orderkey on lineitem lineitem_1  (cost=0.56..2404452.27 rows=59987380 width=9) (actual time=0.059..14307.618 rows=59986052 loops=1)
                           ->  Index Scan using idx_lineitem_orderkey on lineitem  (cost=0.56..2404452.27 rows=59987380 width=9) (actual time=0.019..10465.038 rows=59916431 loops=1)
                     ->  Hash  (cost=50826.99..50826.99 rows=1499999 width=23) (actual time=708.955..708.956 rows=1500000 loops=1)
                           Buckets: 2097152  Batches: 1  Memory Usage: 98416kB
                           ->  Seq Scan on customer  (cost=0.00..50826.99 rows=1499999 width=23) (actual time=0.028..382.600 rows=1500000 loops=1)
 Settings: effective_io_concurrency = '64', maintenance_io_concurrency = '64', max_parallel_workers_per_gather = '0', work_mem = '256MB'
 Planning Time: 2.256 ms
 JIT:
   Functions: 30
   Options: Inlining true, Optimization true, Expressions true, Deforming true
   Timing: Generation 3.409 ms, Inlining 69.677 ms, Optimization 172.903 ms, Emission 94.781 ms, Total 340.771 ms
 Execution Time: 45551.892 ms
(30 rows)

===== 19.sql jit=on =====
                                                                                                                                                                                                                                                                                                                                                                                                                                                                                                            QUERY PLAN                                                                                                                                                                                                                                                                                                                                                                                                                                                                                                            
----------------------------------------------------------------------------------------------------------------------------------------------------------------------------------------------------------------------------------------------------------------------------------------------------------------------------------------------------------------------------------------------------------------------------------------------------------------------------------------------------------------------------------------------------------------------------------------------------------------------------------------------------------------------------------------------------------------------------------------------------------------------------------------------------------------------------------------------------------------------------------------------------------------------------------------------------------------------------------------------------------------------------------
 Limit  (cost=660320.28..660320.29 rows=1 width=32) (actual time=1308.303..1308.305 rows=1 loops=1)
   ->  Aggregate  (cost=660320.28..660320.29 rows=1 width=32) (actual time=954.686..954.687 rows=1 loops=1)
         ->  Nested Loop  (cost=0.44..660312.44 rows=1046 width=12) (actual time=4.466..954.084 rows=1063 loops=1)
               ->  Seq Scan on part  (cost=0.00..125960.64 rows=4755 width=30) (actual time=0.290..487.386 rows=4781 loops=1)
                     Filter: ((p_size >= 1) AND (((p_brand = 'Brand#24'::bpchar) AND (p_container = ANY ('{"SM CASE","SM BOX","SM PACK","SM PKG"}'::bpchar[])) AND (p_size <= 5)) OR ((p_brand = 'Brand#43'::bpchar) AND (p_container = ANY ('{"MED BAG","MED BOX","MED PKG","MED PACK"}'::bpchar[])) AND (p_size <= 10)) OR ((p_brand = 'Brand#44'::bpchar) AND (p_container = ANY ('{"LG CASE","LG BOX","LG PACK","LG PKG"}'::bpchar[])) AND (p_size <= 15))))
                     Rows Removed by Filter: 1995219
               ->  Index Scan using idx_lineitem_part_supp on lineitem  (cost=0.44..112.37 rows=1 width=21) (actual time=0.087..0.097 rows=0 loops=4781)
                     Index Cond: (l_partkey = part.p_partkey)
                     Filter: ((l_shipmode = ANY ('{AIR,"AIR REG"}'::bpchar[])) AND (l_shipinstruct = 'DELIVER IN PERSON'::bpchar) AND (((l_quantity >= '10'::numeric) AND (l_quantity <= '20'::numeric)) OR ((l_quantity >= '10'::numeric) AND (l_quantity <= '20'::numeric)) OR ((l_quantity >= '20'::numeric) AND (l_quantity <= '30'::numeric))) AND (((part.p_brand = 'Brand#24'::bpchar) AND (part.p_container = ANY ('{"SM CASE","SM BOX","SM PACK","SM PKG"}'::bpchar[])) AND (l_quantity >= '10'::numeric) AND (l_quantity <= '20'::numeric) AND (part.p_size <= 5)) OR ((part.p_brand = 'Brand#43'::bpchar) AND (part.p_container = ANY ('{"MED BAG","MED BOX","MED PKG","MED PACK"}'::bpchar[])) AND (l_quantity >= '10'::numeric) AND (l_quantity <= '20'::numeric) AND (part.p_size <= 10)) OR ((part.p_brand = 'Brand#44'::bpchar) AND (part.p_container = ANY ('{"LG CASE","LG BOX","LG PACK","LG PKG"}'::bpchar[])) AND (l_quantity >= '20'::numeric) AND (l_quantity <= '30'::numeric) AND (part.p_size <= 15))))
                     Rows Removed by Filter: 30
 Settings: effective_io_concurrency = '64', maintenance_io_concurrency = '64', max_parallel_workers_per_gather = '0', work_mem = '256MB'
 Planning Time: 1.482 ms
 JIT:
   Functions: 12
   Options: Inlining true, Optimization true, Expressions true, Deforming true
   Timing: Generation 2.567 ms, Inlining 74.788 ms, Optimization 170.055 ms, Emission 108.450 ms, Total 355.859 ms
 Execution Time: 1342.621 ms
(17 rows)

===== 1.sql jit=on =====
                                                                 QUERY PLAN                                                                  
---------------------------------------------------------------------------------------------------------------------------------------------
 Limit  (cost=3951888.96..3951888.97 rows=1 width=236) (actual time=70626.155..70626.157 rows=1 loops=1)
   ->  Sort  (cost=3951888.96..3951888.98 rows=6 width=236) (actual time=70294.555..70294.555 rows=1 loops=1)
         Sort Key: l_returnflag, l_linestatus
         Sort Method: top-N heapsort  Memory: 25kB
         ->  HashAggregate  (cost=3951888.77..3951888.94 rows=6 width=236) (actual time=70294.481..70294.491 rows=4 loops=1)
               Group Key: l_returnflag, l_linestatus
               Batches: 1  Memory Usage: 32kB
               ->  Seq Scan on lineitem  (cost=0.00..1874384.25 rows=59357272 width=25) (actual time=0.076..10486.171 rows=59284448 loops=1)
                     Filter: (l_shipdate <= '1998-09-10 00:00:00'::timestamp without time zone)
                     Rows Removed by Filter: 701604
 Settings: effective_io_concurrency = '64', maintenance_io_concurrency = '64', max_parallel_workers_per_gather = '0', work_mem = '256MB'
 Planning Time: 0.902 ms
 JIT:
   Functions: 10
   Options: Inlining true, Optimization true, Expressions true, Deforming true
   Timing: Generation 1.910 ms, Inlining 75.605 ms, Optimization 161.229 ms, Emission 94.447 ms, Total 333.191 ms
 Execution Time: 70659.317 ms
(17 rows)

===== 20-flattened.sql jit=on =====
                                                                        QUERY PLAN                                                                         
-----------------------------------------------------------------------------------------------------------------------------------------------------------
 HashAggregate  (cost=2094530.20..2255294.31 rows=4828655 width=40) (actual time=15210.107..22575.699 rows=5448842 loops=1)
   Group Key: l_partkey, l_suppkey
   Planned Partitions: 8  Batches: 41  Memory Usage: 262225kB  Disk Usage: 318560kB
   ->  Bitmap Heap Scan on lineitem  (cost=232220.23..1492443.70 rows=9045431 width=13) (actual time=1904.780..9906.617 rows=9123688 loops=1)
         Recheck Cond: ((l_shipdate >= '1996-01-01'::date) AND (l_shipdate < '1997-01-01'::date))
         Heap Blocks: exact=1048319
         ->  Bitmap Index Scan on idx_lineitem_shipdate  (cost=0.00..229958.88 rows=9045431 width=0) (actual time=1592.551..1592.551 rows=9123688 loops=1)
               Index Cond: ((l_shipdate >= '1996-01-01'::date) AND (l_shipdate < '1997-01-01'::date))
 Settings: effective_io_concurrency = '64', maintenance_io_concurrency = '64', max_parallel_workers_per_gather = '0', work_mem = '256MB'
 Planning Time: 0.925 ms
 JIT:
   Functions: 13
   Options: Inlining true, Optimization true, Expressions true, Deforming true
   Timing: Generation 2.657 ms, Inlining 82.383 ms, Optimization 152.960 ms, Emission 83.523 ms, Total 321.524 ms
 Execution Time: 22820.260 ms
(15 rows)

SELECT 5448842
CREATE INDEX
ANALYZE
                                                                                   QUERY PLAN                                                                                   
--------------------------------------------------------------------------------------------------------------------------------------------------------------------------------
 Limit  (cost=58669.75..58669.76 rows=1 width=52) (actual time=1486.149..1486.151 rows=1 loops=1)
   ->  Sort  (cost=58669.75..58669.76 rows=1 width=52) (actual time=1486.147..1486.149 rows=1 loops=1)
         Sort Key: supplier.s_name
         Sort Method: top-N heapsort  Memory: 25kB
         ->  Nested Loop Semi Join  (cost=48.59..58669.74 rows=1 width=52) (actual time=0.850..1484.489 rows=1821 loops=1)
               ->  Nested Loop  (cost=47.29..2404.57 rows=4000 width=56) (actual time=0.595..14.042 rows=4095 loops=1)
                     ->  Seq Scan on nation  (cost=0.00..1.31 rows=1 width=4) (actual time=0.016..0.020 rows=1 loops=1)
                           Filter: (n_name = 'IRAQ'::bpchar)
                           Rows Removed by Filter: 24
                     ->  Bitmap Heap Scan on supplier  (cost=47.29..2363.25 rows=4000 width=60) (actual time=0.575..13.091 rows=4095 loops=1)
                           Recheck Cond: (s_nationkey = nation.n_nationkey)
                           Heap Blocks: exact=1867
                           ->  Bitmap Index Scan on idx_supplier_nation_key  (cost=0.00..46.29 rows=4000 width=0) (actual time=0.323..0.323 rows=4095 loops=1)
                                 Index Cond: (s_nationkey = nation.n_nationkey)
               ->  Nested Loop  (cost=1.30..14.06 rows=1 width=8) (actual time=0.359..0.359 rows=0 loops=4095)
                     Join Filter: (supplier.s_suppkey = agg_lineitem.agg_suppkey)
                     ->  Nested Loop  (cost=0.87..13.56 rows=1 width=16) (actual time=0.308..0.352 rows=1 loops=4095)
                           ->  Index Scan using idx_partsupp_suppkey on partsupp  (cost=0.43..9.06 rows=79 width=12) (actual time=0.007..0.158 rows=61 loops=4095)
                                 Index Cond: (ps_suppkey = supplier.s_suppkey)
                           ->  Memoize  (cost=0.44..0.48 rows=1 width=4) (actual time=0.003..0.003 rows=0 loops=248000)
                                 Cache Key: partsupp.ps_partkey
                                 Hits: 11702  Misses: 236298  Evictions: 0  Overflows: 0  Memory Usage: 15783kB
                                 ->  Index Scan using part_pkey on part  (cost=0.43..0.47 rows=1 width=4) (actual time=0.003..0.003 rows=0 loops=236298)
                                       Index Cond: (p_partkey = partsupp.ps_partkey)
                                       Filter: ((p_name)::text ~~ 'olive%'::text)
                                       Rows Removed by Filter: 1
                     ->  Index Scan using idx_tmp_agg_lineitem on tmp_agg_lineitem agg_lineitem  (cost=0.43..0.48 rows=1 width=13) (actual time=0.009..0.009 rows=1 loops=2732)
                           Index Cond: ((agg_partkey = partsupp.ps_partkey) AND (agg_suppkey = partsupp.ps_suppkey))
                           Filter: ((partsupp.ps_availqty)::numeric > agg_quantity)
                           Rows Removed by Filter: 0
 Settings: effective_io_concurrency = '64', maintenance_io_concurrency = '64', max_parallel_workers_per_gather = '0', work_mem = '256MB'
 Planning Time: 1.530 ms
 Execution Time: 1488.155 ms
(33 rows)

DROP TABLE
===== 20.sql jit=on =====
                                                                                          QUERY PLAN                                                                                           
-----------------------------------------------------------------------------------------------------------------------------------------------------------------------------------------------
 Limit  (cost=2417852.23..2417852.23 rows=1 width=52) (actual time=38800.591..38800.596 rows=1 loops=1)
   ->  Sort  (cost=2417852.23..2417852.23 rows=1 width=52) (actual time=38345.540..38345.544 rows=1 loops=1)
         Sort Key: supplier.s_name
         Sort Method: top-N heapsort  Memory: 25kB
         ->  Nested Loop Semi Join  (cost=2160744.76..2417852.22 rows=1 width=52) (actual time=17239.657..38343.723 rows=1821 loops=1)
               Join Filter: (supplier.s_suppkey = lineitem.l_suppkey)
               Rows Removed by Join Filter: 182645835
               ->  Nested Loop  (cost=0.00..4467.31 rows=4000 width=56) (actual time=0.044..23.469 rows=4095 loops=1)
                     Join Filter: (supplier.s_nationkey = nation.n_nationkey)
                     Rows Removed by Join Filter: 95905
                     ->  Seq Scan on nation  (cost=0.00..1.31 rows=1 width=4) (actual time=0.025..0.032 rows=1 loops=1)
                           Filter: (n_name = 'IRAQ'::bpchar)
                           Rows Removed by Filter: 24
                     ->  Seq Scan on supplier  (cost=0.00..3216.00 rows=100000 width=60) (actual time=0.013..16.818 rows=100000 loops=1)
               ->  Materialize  (cost=2160744.76..2413204.91 rows=3 width=8) (actual time=3.685..7.473 rows=44603 loops=4095)
                     ->  Nested Loop  (cost=2160744.76..2413204.90 rows=3 width=8) (actual time=15088.582..23243.599 rows=59002 loops=1)
                           ->  Hash Join  (cost=2160744.32..2382470.23 rows=48775 width=44) (actual time=15088.547..22884.406 rows=59125 loops=1)
                                 Hash Cond: (lineitem.l_partkey = part.p_partkey)
                                 ->  HashAggregate  (cost=2094530.20..2255294.31 rows=4828655 width=40) (actual time=14815.551..22067.696 rows=5448842 loops=1)
                                       Group Key: lineitem.l_partkey, lineitem.l_suppkey
                                       Planned Partitions: 8  Batches: 41  Memory Usage: 262225kB  Disk Usage: 318560kB
                                       ->  Bitmap Heap Scan on lineitem  (cost=232220.23..1492443.70 rows=9045431 width=13) (actual time=1832.701..9750.083 rows=9123688 loops=1)
                                             Recheck Cond: ((l_shipdate >= '1996-01-01'::date) AND (l_shipdate < '1997-01-01'::date))
                                             Heap Blocks: exact=1048319
                                             ->  Bitmap Index Scan on idx_lineitem_shipdate  (cost=0.00..229958.88 rows=9045431 width=0) (actual time=1530.629..1530.629 rows=9123688 loops=1)
                                                   Index Cond: ((l_shipdate >= '1996-01-01'::date) AND (l_shipdate < '1997-01-01'::date))
                                 ->  Hash  (cost=65961.60..65961.60 rows=20202 width=4) (actual time=272.846..272.847 rows=21718 loops=1)
                                       Buckets: 32768  Batches: 1  Memory Usage: 1020kB
                                       ->  Seq Scan on part  (cost=0.00..65961.60 rows=20202 width=4) (actual time=0.039..268.551 rows=21718 loops=1)
                                             Filter: ((p_name)::text ~~ 'olive%'::text)
                                             Rows Removed by Filter: 1978282
                           ->  Index Scan using partsupp_pkey on partsupp  (cost=0.43..0.62 rows=1 width=12) (actual time=0.006..0.006 rows=1 loops=59125)
                                 Index Cond: ((ps_partkey = lineitem.l_partkey) AND (ps_suppkey = lineitem.l_suppkey))
                                 Filter: ((ps_availqty)::numeric > ((0.5 * sum(lineitem.l_quantity))))
                                 Rows Removed by Filter: 0
 Settings: effective_io_concurrency = '64', maintenance_io_concurrency = '64', max_parallel_workers_per_gather = '0', work_mem = '256MB'
 Planning Time: 2.575 ms
 JIT:
   Functions: 42
   Options: Inlining true, Optimization true, Expressions true, Deforming true
   Timing: Generation 5.458 ms, Inlining 100.071 ms, Optimization 297.135 ms, Emission 157.781 ms, Total 560.445 ms
 Execution Time: 38879.023 ms
(42 rows)

===== 21.sql jit=on =====
                                                                                            QUERY PLAN                                                                                             
---------------------------------------------------------------------------------------------------------------------------------------------------------------------------------------------------
 Limit  (cost=4271732.00..4271732.01 rows=1 width=34) (actual time=34779.961..34779.976 rows=100 loops=1)
   ->  Sort  (cost=4271732.00..4271732.01 rows=1 width=34) (actual time=34271.655..34271.663 rows=100 loops=1)
         Sort Key: (count(*)) DESC, supplier.s_name
         Sort Method: top-N heapsort  Memory: 38kB
         ->  GroupAggregate  (cost=4271731.97..4271731.99 rows=1 width=34) (actual time=34263.474..34270.416 rows=3991 loops=1)
               Group Key: supplier.s_name
               ->  Sort  (cost=4271731.97..4271731.98 rows=1 width=26) (actual time=34263.446..34266.469 rows=39281 loops=1)
                     Sort Key: supplier.s_name
                     Sort Method: quicksort  Memory: 3378kB
                     ->  Nested Loop Semi Join  (cost=2204896.23..4271731.96 rows=1 width=26) (actual time=15999.305..34110.518 rows=39281 loops=1)
                           Join Filter: (l2.l_suppkey <> l1.l_suppkey)
                           Rows Removed by Join Filter: 42023
                           ->  Nested Loop  (cost=2204895.66..4271724.42 rows=1 width=38) (actual time=15999.291..33813.132 rows=65960 loops=1)
                                 ->  Hash Anti Join  (cost=2204895.23..4271717.11 rows=1 width=34) (actual time=15997.901..33294.372 rows=134155 loops=1)
                                       Hash Cond: (l1.l_orderkey = l3.l_orderkey)
                                       Join Filter: (l3.l_suppkey <> l1.l_suppkey)
                                       Rows Removed by Join Filter: 547662
                                       ->  Hash Join  (cost=2454.57..1959791.16 rows=796812 width=34) (actual time=7.113..13255.665 rows=1514267 loops=1)
                                             Hash Cond: (l1.l_suppkey = supplier.s_suppkey)
                                             ->  Seq Scan on lineitem l1  (cost=0.00..1874384.25 rows=19995793 width=8) (actual time=0.075..9857.303 rows=37929348 loops=1)
                                                   Filter: (l_receiptdate > l_commitdate)
                                                   Rows Removed by Filter: 22056704
                                             ->  Hash  (cost=2404.57..2404.57 rows=4000 width=30) (actual time=7.001..7.003 rows=3991 loops=1)
                                                   Buckets: 4096  Batches: 1  Memory Usage: 282kB
                                                   ->  Nested Loop  (cost=47.29..2404.57 rows=4000 width=30) (actual time=0.685..6.380 rows=3991 loops=1)
                                                         ->  Seq Scan on nation  (cost=0.00..1.31 rows=1 width=4) (actual time=0.017..0.020 rows=1 loops=1)
                                                               Filter: (n_name = 'PERU'::bpchar)
                                                               Rows Removed by Filter: 24
                                                         ->  Bitmap Heap Scan on supplier  (cost=47.29..2363.25 rows=4000 width=34) (actual time=0.662..5.973 rows=3991 loops=1)
                                                               Recheck Cond: (s_nationkey = nation.n_nationkey)
                                                               Heap Blocks: exact=1873
                                                               ->  Bitmap Index Scan on idx_supplier_nation_key  (cost=0.00..46.29 rows=4000 width=0) (actual time=0.403..0.403 rows=3991 loops=1)
                                                                     Index Cond: (s_nationkey = nation.n_nationkey)
                                       ->  Hash  (cost=1874384.25..1874384.25 rows=19995793 width=8) (actual time=15960.094..15960.094 rows=37929348 loops=1)
                                             Buckets: 8388608  Batches: 8  Memory Usage: 250561kB
                                             ->  Seq Scan on lineitem l3  (cost=0.00..1874384.25 rows=19995793 width=8) (actual time=0.024..10361.909 rows=37929348 loops=1)
                                                   Filter: (l_receiptdate > l_commitdate)
                                                   Rows Removed by Filter: 22056704
                                 ->  Index Scan using orders_pkey on orders  (cost=0.43..7.32 rows=1 width=4) (actual time=0.004..0.004 rows=0 loops=134155)
                                       Index Cond: (o_orderkey = l1.l_orderkey)
                                       Filter: (o_orderstatus = 'F'::bpchar)
                                       Rows Removed by Filter: 1
                           ->  Index Scan using idx_lineitem_orderkey on lineitem l2  (cost=0.56..7.52 rows=4 width=8) (actual time=0.004..0.004 rows=1 loops=65960)
                                 Index Cond: (l_orderkey = orders.o_orderkey)
 Settings: effective_io_concurrency = '64', maintenance_io_concurrency = '64', max_parallel_workers_per_gather = '0', work_mem = '256MB'
 Planning Time: 2.887 ms
 JIT:
   Functions: 47
   Options: Inlining true, Optimization true, Expressions true, Deforming true
   Timing: Generation 5.175 ms, Inlining 68.216 ms, Optimization 284.520 ms, Emission 155.144 ms, Total 513.055 ms
 Execution Time: 34831.334 ms
(51 rows)

===== 22.sql jit=on =====
                                                                          QUERY PLAN                                                                          
--------------------------------------------------------------------------------------------------------------------------------------------------------------
 Limit  (cost=163379.60..163379.63 rows=1 width=72) (actual time=2160.173..2160.175 rows=1 loops=1)
   InitPlan 1 (returns $0)
     ->  Aggregate  (cost=75321.44..75321.45 rows=1 width=32) (actual time=1013.665..1013.666 rows=1 loops=1)
           ->  Seq Scan on customer customer_1  (cost=0.00..75201.97 rows=47786 width=6) (actual time=0.011..977.924 rows=382426 loops=1)
                 Filter: ((c_acctbal > 0.00) AND (SUBSTRING(c_phone FROM 1 FOR 2) = ANY ('{21,29,26,34,14,15,17}'::text[])))
                 Rows Removed by Filter: 1117574
   ->  GroupAggregate  (cost=88058.15..88250.56 rows=6997 width=72) (actual time=2143.126..2143.126 rows=1 loops=1)
         Group Key: (SUBSTRING(customer.c_phone FROM 1 FOR 2))
         ->  Sort  (cost=88058.15..88075.64 rows=6997 width=38) (actual time=2141.251..2141.677 rows=9006 loops=1)
               Sort Key: (SUBSTRING(customer.c_phone FROM 1 FOR 2))
               Sort Method: quicksort  Memory: 4513kB
               ->  Nested Loop Anti Join  (cost=0.43..87611.30 rows=6997 width=38) (actual time=1013.728..2124.448 rows=63509 loops=1)
                     ->  Seq Scan on customer  (cost=0.00..75201.97 rows=17500 width=26) (actual time=1013.706..1761.918 rows=191129 loops=1)
                           Filter: ((c_acctbal > $0) AND (SUBSTRING(c_phone FROM 1 FOR 2) = ANY ('{21,29,26,34,14,15,17}'::text[])))
                           Rows Removed by Filter: 1308871
                     ->  Index Only Scan using idx_orders_custkey on orders  (cost=0.43..3.28 rows=17 width=4) (actual time=0.002..0.002 rows=1 loops=191129)
                           Index Cond: (o_custkey = customer.c_custkey)
                           Heap Fetches: 0
 Settings: effective_io_concurrency = '64', maintenance_io_concurrency = '64', max_parallel_workers_per_gather = '0', work_mem = '256MB'
 Planning Time: 1.243 ms
 JIT:
   Functions: 17
   Options: Inlining false, Optimization false, Expressions true, Deforming true
   Timing: Generation 2.373 ms, Inlining 0.000 ms, Optimization 0.709 ms, Emission 16.072 ms, Total 19.154 ms
 Execution Time: 2193.692 ms
(25 rows)

===== 2-flattened.sql jit=on =====
                                                                       QUERY PLAN                                                                        
---------------------------------------------------------------------------------------------------------------------------------------------------------
 HashAggregate  (cost=207076.66..211576.27 rows=449961 width=36) (actual time=2528.790..2880.068 rows=1182884 loops=1)
   Group Key: partsupp.ps_partkey
   Batches: 1  Memory Usage: 180241kB
   ->  Nested Loop  (cost=42.10..199145.84 rows=1586165 width=10) (actual time=18.675..1861.968 rows=1604080 loops=1)
         ->  Nested Loop  (cost=41.67..2184.07 rows=20000 width=4) (actual time=18.636..42.651 rows=20051 loops=1)
               ->  Nested Loop  (cost=0.14..13.95 rows=5 width=4) (actual time=17.871..17.899 rows=5 loops=1)
                     Join Filter: (nation.n_regionkey = region.r_regionkey)
                     Rows Removed by Join Filter: 20
                     ->  Index Scan using nation_pkey on nation  (cost=0.14..12.51 rows=25 width=8) (actual time=0.031..0.043 rows=25 loops=1)
                     ->  Materialize  (cost=0.00..1.07 rows=1 width=4) (actual time=0.713..0.714 rows=1 loops=25)
                           ->  Seq Scan on region  (cost=0.00..1.06 rows=1 width=4) (actual time=17.826..17.828 rows=1 loops=1)
                                 Filter: (r_name = 'AMERICA'::bpchar)
                                 Rows Removed by Filter: 4
               ->  Bitmap Heap Scan on supplier  (cost=41.53..394.02 rows=4000 width=8) (actual time=0.637..4.490 rows=4010 loops=5)
                     Recheck Cond: (s_nationkey = nation.n_nationkey)
                     Heap Blocks: exact=9388
                     ->  Bitmap Index Scan on idx_supplier_nation_key  (cost=0.00..40.53 rows=4000 width=0) (actual time=0.392..0.392 rows=4010 loops=5)
                           Index Cond: (s_nationkey = nation.n_nationkey)
         ->  Index Scan using idx_partsupp_suppkey on partsupp  (cost=0.43..9.06 rows=79 width=14) (actual time=0.004..0.081 rows=80 loops=20051)
               Index Cond: (ps_suppkey = supplier.s_suppkey)
 Settings: effective_io_concurrency = '64', maintenance_io_concurrency = '64', max_parallel_workers_per_gather = '0', work_mem = '256MB'
 Planning Time: 1.224 ms
 JIT:
   Functions: 24
   Options: Inlining false, Optimization false, Expressions true, Deforming true
   Timing: Generation 2.828 ms, Inlining 0.000 ms, Optimization 0.782 ms, Emission 16.729 ms, Total 20.338 ms
 Execution Time: 2961.704 ms
(27 rows)

SELECT 1182884
CREATE INDEX
ANALYZE
                                                                             QUERY PLAN                                                                             
--------------------------------------------------------------------------------------------------------------------------------------------------------------------
 Limit  (cost=521895.63..521895.63 rows=1 width=193) (actual time=3447.488..3447.504 rows=100 loops=1)
   ->  Sort  (cost=521895.63..521895.63 rows=1 width=193) (actual time=2911.852..2911.862 rows=100 loops=1)
         Sort Key: supplier.s_acctbal DESC, nation.n_name, supplier.s_name, part.p_partkey
         Sort Method: top-N heapsort  Memory: 70kB
         ->  Hash Join  (cost=264254.86..521895.62 rows=1 width=193) (actual time=2132.285..2909.683 rows=4737 loops=1)
               Hash Cond: ((part.p_partkey = partsupp.ps_partkey) AND ((SubPlan 1) = partsupp.ps_supplycost))
               ->  Seq Scan on part  (cost=0.00..70961.52 rows=8745 width=30) (actual time=0.028..547.151 rows=8046 loops=1)
                     Filter: (((p_type)::text ~~ '%NICKEL'::text) AND (p_size = 16))
                     Rows Removed by Filter: 1991954
               ->  Hash  (cost=201737.39..201737.39 rows=1586165 width=173) (actual time=2129.561..2129.565 rows=1604080 loops=1)
                     Buckets: 2097152  Batches: 2  Memory Usage: 180174kB
                     ->  Nested Loop  (cost=2.00..201737.39 rows=1586165 width=173) (actual time=0.068..1461.682 rows=1604080 loops=1)
                           ->  Nested Loop  (cost=1.56..4775.62 rows=20000 width=167) (actual time=0.048..51.308 rows=20051 loops=1)
                                 Join Filter: (nation.n_regionkey = region.r_regionkey)
                                 Rows Removed by Join Filter: 79949
                                 ->  Seq Scan on region  (cost=0.00..1.06 rows=1 width=4) (actual time=0.012..0.015 rows=1 loops=1)
                                       Filter: (r_name = 'AMERICA'::bpchar)
                                       Rows Removed by Filter: 4
                                 ->  Hash Join  (cost=1.56..3524.56 rows=100000 width=171) (actual time=0.032..45.522 rows=100000 loops=1)
                                       Hash Cond: (supplier.s_nationkey = nation.n_nationkey)
                                       ->  Seq Scan on supplier  (cost=0.00..3216.00 rows=100000 width=145) (actual time=0.004..9.545 rows=100000 loops=1)
                                       ->  Hash  (cost=1.25..1.25 rows=25 width=34) (actual time=0.018..0.019 rows=25 loops=1)
                                             Buckets: 1024  Batches: 1  Memory Usage: 10kB
                                             ->  Seq Scan on nation  (cost=0.00..1.25 rows=25 width=34) (actual time=0.004..0.011 rows=25 loops=1)
                           ->  Index Scan using idx_partsupp_suppkey on partsupp  (cost=0.43..9.06 rows=79 width=14) (actual time=0.004..0.061 rows=80 loops=20051)
                                 Index Cond: (ps_suppkey = supplier.s_suppkey)
               SubPlan 1
                 ->  Index Scan using tmp_supplycost_idx on tmp_supplycost  (cost=0.43..8.45 rows=1 width=6) (actual time=0.004..0.004 rows=1 loops=12783)
                       Index Cond: (ps_partkey = part.p_partkey)
 Settings: effective_io_concurrency = '64', maintenance_io_concurrency = '64', max_parallel_workers_per_gather = '0', work_mem = '256MB'
 Planning Time: 1.250 ms
 JIT:
   Functions: 41
   Options: Inlining true, Optimization true, Expressions true, Deforming true
   Timing: Generation 4.205 ms, Inlining 64.002 ms, Optimization 299.625 ms, Emission 171.599 ms, Total 539.431 ms
 Execution Time: 3454.326 ms
(36 rows)

DROP TABLE
===== 2.sql jit=on =====
                                                                                        QUERY PLAN                                                                                         
-------------------------------------------------------------------------------------------------------------------------------------------------------------------------------------------
 Limit  (cost=1742031.49..1742031.50 rows=1 width=193) (actual time=5157.240..5157.255 rows=100 loops=1)
   ->  Sort  (cost=1742031.49..1742031.50 rows=1 width=193) (actual time=4416.507..4416.517 rows=100 loops=1)
         Sort Key: supplier.s_acctbal DESC, nation.n_name, supplier.s_name, part.p_partkey
         Sort Method: top-N heapsort  Memory: 71kB
         ->  Merge Join  (cost=500627.50..1742031.48 rows=1 width=193) (actual time=3035.576..4414.042 rows=4737 loops=1)
               Merge Cond: (part.p_partkey = partsupp.ps_partkey)
               Join Filter: (partsupp.ps_supplycost = (SubPlan 1))
               Rows Removed by Join Filter: 1661
               ->  Index Scan using part_pkey on part  (cost=0.43..102912.79 rows=8745 width=30) (actual time=0.048..674.629 rows=8046 loops=1)
                     Filter: (((p_type)::text ~~ '%NICKEL'::text) AND (p_size = 16))
                     Rows Removed by Filter: 1991954
               ->  Materialize  (cost=500626.98..508557.80 rows=1586165 width=173) (actual time=3035.374..3437.505 rows=1603828 loops=1)
                     ->  Sort  (cost=500626.98..504592.39 rows=1586165 width=173) (actual time=3035.370..3272.866 rows=1603828 loops=1)
                           Sort Key: partsupp.ps_partkey
                           Sort Method: external merge  Disk: 293448kB
                           ->  Nested Loop  (cost=2.00..201737.39 rows=1586165 width=173) (actual time=0.108..1572.008 rows=1604080 loops=1)
                                 ->  Nested Loop  (cost=1.56..4775.62 rows=20000 width=167) (actual time=0.083..50.612 rows=20051 loops=1)
                                       Join Filter: (nation.n_regionkey = region.r_regionkey)
                                       Rows Removed by Join Filter: 79949
                                       ->  Seq Scan on region  (cost=0.00..1.06 rows=1 width=4) (actual time=0.023..0.025 rows=1 loops=1)
                                             Filter: (r_name = 'AMERICA'::bpchar)
                                             Rows Removed by Filter: 4
                                       ->  Hash Join  (cost=1.56..3524.56 rows=100000 width=171) (actual time=0.058..45.243 rows=100000 loops=1)
                                             Hash Cond: (supplier.s_nationkey = nation.n_nationkey)
                                             ->  Seq Scan on supplier  (cost=0.00..3216.00 rows=100000 width=145) (actual time=0.017..10.111 rows=100000 loops=1)
                                             ->  Hash  (cost=1.25..1.25 rows=25 width=34) (actual time=0.029..0.030 rows=25 loops=1)
                                                   Buckets: 1024  Batches: 1  Memory Usage: 10kB
                                                   ->  Seq Scan on nation  (cost=0.00..1.25 rows=25 width=34) (actual time=0.016..0.022 rows=25 loops=1)
                                 ->  Index Scan using idx_partsupp_suppkey on partsupp  (cost=0.43..9.06 rows=79 width=14) (actual time=0.004..0.066 rows=80 loops=20051)
                                       Index Cond: (ps_suppkey = supplier.s_suppkey)
               SubPlan 1
                 ->  Aggregate  (cost=162.40..162.41 rows=1 width=32) (actual time=0.023..0.023 rows=1 loops=6398)
                       ->  Nested Loop  (cost=0.86..162.39 rows=4 width=6) (actual time=0.014..0.022 rows=2 loops=6398)
                             Join Filter: (nation_1.n_regionkey = region_1.r_regionkey)
                             Rows Removed by Join Filter: 2
                             ->  Seq Scan on region region_1  (cost=0.00..1.06 rows=1 width=4) (actual time=0.001..0.001 rows=1 loops=6398)
                                   Filter: (r_name = 'AMERICA'::bpchar)
                                   Rows Removed by Filter: 4
                             ->  Nested Loop  (cost=0.86..161.10 rows=18 width=10) (actual time=0.008..0.021 rows=4 loops=6398)
                                   ->  Nested Loop  (cost=0.72..158.33 rows=18 width=10) (actual time=0.007..0.016 rows=4 loops=6398)
                                         ->  Index Scan using idx_partsupp_partkey on partsupp partsupp_1  (cost=0.43..8.75 rows=18 width=10) (actual time=0.004..0.005 rows=4 loops=6398)
                                               Index Cond: (ps_partkey = part.p_partkey)
                                         ->  Index Scan using supplier_pkey on supplier supplier_1  (cost=0.29..8.31 rows=1 width=8) (actual time=0.002..0.002 rows=1 loops=25592)
                                               Index Cond: (s_suppkey = partsupp_1.ps_suppkey)
                                   ->  Index Scan using nation_pkey on nation nation_1  (cost=0.14..0.16 rows=1 width=8) (actual time=0.001..0.001 rows=1 loops=25592)
                                         Index Cond: (n_nationkey = supplier_1.s_nationkey)
 Settings: effective_io_concurrency = '64', maintenance_io_concurrency = '64', max_parallel_workers_per_gather = '0', work_mem = '256MB'
 Planning Time: 2.751 ms
 JIT:
   Functions: 57
   Options: Inlining true, Optimization true, Expressions true, Deforming true
   Timing: Generation 6.551 ms, Inlining 71.622 ms, Optimization 425.787 ms, Emission 242.750 ms, Total 746.710 ms
 Execution Time: 5236.024 ms
(53 rows)

===== 3.sql jit=on =====
                                                                                     QUERY PLAN                                                                                      
-------------------------------------------------------------------------------------------------------------------------------------------------------------------------------------
 Limit  (cost=2953596.97..2953597.00 rows=10 width=44) (actual time=17226.730..17226.736 rows=10 loops=1)
   ->  Sort  (cost=2953596.97..2961406.61 rows=3123854 width=44) (actual time=16756.017..16756.022 rows=10 loops=1)
         Sort Key: (sum((lineitem.l_extendedprice * ('1'::numeric - lineitem.l_discount)))) DESC, orders.o_orderdate
         Sort Method: top-N heapsort  Memory: 26kB
         ->  HashAggregate  (cost=2810435.77..2886091.61 rows=3123854 width=44) (actual time=16675.681..16735.277 rows=113934 loops=1)
               Group Key: lineitem.l_orderkey, orders.o_orderdate, orders.o_shippriority
               Planned Partitions: 4  Batches: 1  Memory Usage: 73745kB
               ->  Hash Join  (cost=527606.17..2554670.23 rows=3123854 width=24) (actual time=4414.194..16468.241 rows=301530 loops=1)
                     Hash Cond: (lineitem.l_orderkey = orders.o_orderkey)
                     ->  Seq Scan on lineitem  (cost=0.00..1874384.25 rows=32384337 width=16) (actual time=0.062..8779.216 rows=32534229 loops=1)
                           Filter: (l_shipdate > '1995-03-07'::date)
                           Rows Removed by Filter: 27451823
                     ->  Hash  (cost=509520.96..509520.96 rows=1446817 width=12) (actual time=4406.285..4406.288 rows=1451805 loops=1)
                           Buckets: 2097152  Batches: 1  Memory Usage: 78767kB
                           ->  Hash Join  (cost=139156.98..509520.96 rows=1446817 width=12) (actual time=995.016..4064.639 rows=1451805 loops=1)
                                 Hash Cond: (orders.o_custkey = customer.c_custkey)
                                 ->  Bitmap Heap Scan on orders  (cost=80831.24..432199.38 rows=7236491 width=16) (actual time=527.086..2241.053 rows=7239437 loops=1)
                                       Recheck Cond: (o_orderdate < '1995-03-07'::date)
                                       Heap Blocks: exact=260912
                                       ->  Bitmap Index Scan on idx_orders_orderdate  (cost=0.00..79022.12 rows=7236491 width=0) (actual time=465.676..465.677 rows=7239437 loops=1)
                                             Index Cond: (o_orderdate < '1995-03-07'::date)
                                 ->  Hash  (cost=54576.99..54576.99 rows=299900 width=4) (actual time=465.969..465.970 rows=300276 loops=1)
                                       Buckets: 524288  Batches: 1  Memory Usage: 14653kB
                                       ->  Seq Scan on customer  (cost=0.00..54576.99 rows=299900 width=4) (actual time=0.026..412.339 rows=300276 loops=1)
                                             Filter: (c_mktsegment = 'BUILDING'::bpchar)
                                             Rows Removed by Filter: 1199724
 Settings: effective_io_concurrency = '64', maintenance_io_concurrency = '64', max_parallel_workers_per_gather = '0', work_mem = '256MB'
 Planning Time: 1.654 ms
 JIT:
   Functions: 31
   Options: Inlining true, Optimization true, Expressions true, Deforming true
   Timing: Generation 3.964 ms, Inlining 73.993 ms, Optimization 254.504 ms, Emission 141.841 ms, Total 474.303 ms
 Execution Time: 17282.086 ms
(33 rows)

===== 4.sql jit=on =====
                                                                             QUERY PLAN                                                                             
--------------------------------------------------------------------------------------------------------------------------------------------------------------------
 Limit  (cost=2586212.55..2586212.55 rows=1 width=24) (actual time=20443.158..20443.161 rows=1 loops=1)
   ->  Sort  (cost=2586212.55..2586212.56 rows=5 width=24) (actual time=20190.431..20190.433 rows=1 loops=1)
         Sort Key: orders.o_orderpriority
         Sort Method: top-N heapsort  Memory: 25kB
         ->  HashAggregate  (cost=2586212.47..2586212.52 rows=5 width=24) (actual time=20190.368..20190.371 rows=5 loops=1)
               Group Key: orders.o_orderpriority
               Batches: 1  Memory Usage: 24kB
               ->  Hash Semi Join  (cost=2210173.01..2583385.58 rows=565379 width=16) (actual time=15602.407..20102.895 rows=513822 loops=1)
                     Hash Cond: (orders.o_orderkey = lineitem.l_orderkey)
                     ->  Bitmap Heap Scan on orders  (cost=7732.35..277126.17 rows=565455 width=20) (actual time=129.944..604.024 rows=560424 loops=1)
                           Recheck Cond: ((o_orderdate >= '1993-12-01'::date) AND (o_orderdate < '1994-03-01'::date))
                           Heap Blocks: exact=231732
                           ->  Bitmap Index Scan on idx_orders_orderdate  (cost=0.00..7590.99 rows=565455 width=0) (actual time=75.666..75.667 rows=560424 loops=1)
                                 Index Cond: ((o_orderdate >= '1993-12-01'::date) AND (o_orderdate < '1994-03-01'::date))
                     ->  Hash  (cost=1874384.25..1874384.25 rows=19995793 width=4) (actual time=15441.964..15441.964 rows=37929348 loops=1)
                           Buckets: 8388608  Batches: 8  Memory Usage: 232058kB
                           ->  Seq Scan on lineitem  (cost=0.00..1874384.25 rows=19995793 width=4) (actual time=0.085..10304.783 rows=37929348 loops=1)
                                 Filter: (l_commitdate < l_receiptdate)
                                 Rows Removed by Filter: 22056704
 Settings: effective_io_concurrency = '64', maintenance_io_concurrency = '64', max_parallel_workers_per_gather = '0', work_mem = '256MB'
 Planning Time: 1.154 ms
 JIT:
   Functions: 19
   Options: Inlining true, Optimization true, Expressions true, Deforming true
   Timing: Generation 2.280 ms, Inlining 65.365 ms, Optimization 122.663 ms, Emission 64.450 ms, Total 254.758 ms
 Execution Time: 20492.258 ms
(26 rows)

===== 5.sql jit=on =====
                                                                                           QUERY PLAN                                                                                            
-------------------------------------------------------------------------------------------------------------------------------------------------------------------------------------------------
 Limit  (cost=2397764.45..2397764.45 rows=1 width=58) (actual time=16456.309..16456.321 rows=1 loops=1)
   ->  Sort  (cost=2397764.45..2397764.51 rows=25 width=58) (actual time=15795.609..15795.619 rows=1 loops=1)
         Sort Key: (sum((lineitem.l_extendedprice * ('1'::numeric - lineitem.l_discount)))) DESC
         Sort Method: top-N heapsort  Memory: 25kB
         ->  GroupAggregate  (cost=2396849.50..2397764.33 rows=25 width=58) (actual time=15771.533..15795.563 rows=5 loops=1)
               Group Key: nation.n_name
               ->  Sort  (cost=2396849.50..2397032.40 rows=73161 width=38) (actual time=15765.587..15768.891 rows=72033 loops=1)
                     Sort Key: nation.n_name
                     Sort Method: quicksort  Memory: 8700kB
                     ->  Hash Join  (cost=413572.83..2390938.54 rows=73161 width=38) (actual time=2421.457..15738.463 rows=72033 loops=1)
                           Hash Cond: ((lineitem.l_suppkey = supplier.s_suppkey) AND (customer.c_nationkey = supplier.s_nationkey))
                           ->  Hash Join  (cost=408856.83..2376584.13 rows=1835884 width=50) (actual time=2381.046..15288.951 rows=1815327 loops=1)
                                 Hash Cond: (lineitem.l_orderkey = orders.o_orderkey)
                                 ->  Seq Scan on lineitem  (cost=0.00..1724415.80 rows=59987380 width=20) (actual time=0.040..5813.814 rows=59986052 loops=1)
                                 ->  Hash  (cost=403118.93..403118.93 rows=459032 width=38) (actual time=2378.955..2378.963 rows=453399 loops=1)
                                       Buckets: 524288  Batches: 1  Memory Usage: 35976kB
                                       ->  Hash Join  (cost=94582.33..403118.93 rows=459032 width=38) (actual time=784.646..2262.483 rows=453399 loops=1)
                                             Hash Cond: (orders.o_custkey = customer.c_custkey)
                                             ->  Bitmap Heap Scan on orders  (cost=31377.84..326717.25 rows=2295161 width=8) (actual time=238.575..1236.030 rows=2276638 loops=1)
                                                   Recheck Cond: ((o_orderdate >= '1993-01-01'::date) AND (o_orderdate < '1994-01-01'::date))
                                                   Heap Blocks: exact=260897
                                                   ->  Bitmap Index Scan on idx_orders_orderdate  (cost=0.00..30804.05 rows=2295161 width=0) (actual time=176.806..176.806 rows=2276638 loops=1)
                                                         Index Cond: ((o_orderdate >= '1993-01-01'::date) AND (o_orderdate < '1994-01-01'::date))
                                             ->  Hash  (cost=59454.49..59454.49 rows=300000 width=38) (actual time=544.058..544.065 rows=299436 loops=1)
                                                   Buckets: 524288  Batches: 1  Memory Usage: 25151kB
                                                   ->  Hash Join  (cost=2.51..59454.49 rows=300000 width=38) (actual time=0.087..474.790 rows=299436 loops=1)
                                                         Hash Cond: (customer.c_nationkey = nation.n_nationkey)
                                                         ->  Seq Scan on customer  (cost=0.00..50826.99 rows=1499999 width=8) (actual time=0.011..138.899 rows=1500000 loops=1)
                                                         ->  Hash  (cost=2.45..2.45 rows=5 width=30) (actual time=0.061..0.067 rows=5 loops=1)
                                                               Buckets: 1024  Batches: 1  Memory Usage: 9kB
                                                               ->  Hash Join  (cost=1.07..2.45 rows=5 width=30) (actual time=0.050..0.059 rows=5 loops=1)
                                                                     Hash Cond: (nation.n_regionkey = region.r_regionkey)
                                                                     ->  Seq Scan on nation  (cost=0.00..1.25 rows=25 width=34) (actual time=0.009..0.010 rows=25 loops=1)
                                                                     ->  Hash  (cost=1.06..1.06 rows=1 width=4) (actual time=0.030..0.031 rows=1 loops=1)
                                                                           Buckets: 1024  Batches: 1  Memory Usage: 9kB
                                                                           ->  Seq Scan on region  (cost=0.00..1.06 rows=1 width=4) (actual time=0.022..0.024 rows=1 loops=1)
                                                                                 Filter: (r_name = 'AMERICA'::bpchar)
                                                                                 Rows Removed by Filter: 4
                           ->  Hash  (cost=3216.00..3216.00 rows=100000 width=8) (actual time=39.297..39.297 rows=100000 loops=1)
                                 Buckets: 131072  Batches: 1  Memory Usage: 4931kB
                                 ->  Seq Scan on supplier  (cost=0.00..3216.00 rows=100000 width=8) (actual time=0.025..24.578 rows=100000 loops=1)
 Settings: effective_io_concurrency = '64', maintenance_io_concurrency = '64', max_parallel_workers_per_gather = '0', work_mem = '256MB'
 Planning Time: 4.557 ms
 JIT:
   Functions: 56
   Options: Inlining true, Optimization true, Expressions true, Deforming true
   Timing: Generation 6.081 ms, Inlining 73.073 ms, Optimization 380.182 ms, Emission 206.933 ms, Total 666.268 ms
 Execution Time: 16498.171 ms
(48 rows)

===== 6.sql jit=on =====
                                                                                          QUERY PLAN                                                                                           
-----------------------------------------------------------------------------------------------------------------------------------------------------------------------------------------------
 Limit  (cost=1507265.31..1507265.32 rows=1 width=32) (actual time=3125.289..3125.291 rows=1 loops=1)
   ->  Aggregate  (cost=1507265.31..1507265.32 rows=1 width=32) (actual time=2931.275..2931.276 rows=1 loops=1)
         ->  Bitmap Heap Scan on lineitem  (cost=302623.97..1501270.79 rows=1198904 width=12) (actual time=1298.335..2563.826 rows=1194558 loops=1)
               Recheck Cond: ((l_shipdate >= '1993-01-01'::date) AND (l_shipdate < '1994-01-01'::date) AND (l_discount >= 0.06) AND (l_discount <= 0.08) AND (l_quantity < '25'::numeric))
               Heap Blocks: exact=662932
               ->  Bitmap Index Scan on idx_lineitem_shipdate  (cost=0.00..302324.25 rows=1198904 width=0) (actual time=1123.457..1123.457 rows=1194558 loops=1)
                     Index Cond: ((l_shipdate >= '1993-01-01'::date) AND (l_shipdate < '1994-01-01'::date) AND (l_discount >= 0.06) AND (l_discount <= 0.08) AND (l_quantity < '25'::numeric))
 Settings: effective_io_concurrency = '64', maintenance_io_concurrency = '64', max_parallel_workers_per_gather = '0', work_mem = '256MB'
 Planning Time: 0.708 ms
 JIT:
   Functions: 6
   Options: Inlining true, Optimization true, Expressions true, Deforming true
   Timing: Generation 1.091 ms, Inlining 71.073 ms, Optimization 79.232 ms, Emission 43.494 ms, Total 194.891 ms
 Execution Time: 3161.485 ms
(14 rows)

===== 7.sql jit=on =====
                                                                                     QUERY PLAN                                                                                      
-------------------------------------------------------------------------------------------------------------------------------------------------------------------------------------
 Limit  (cost=2515134.94..2515135.06 rows=1 width=116) (actual time=20884.570..20884.584 rows=1 loops=1)
   ->  GroupAggregate  (cost=2515134.94..2516341.91 rows=10024 width=116) (actual time=20106.831..20106.843 rows=1 loops=1)
         Group Key: n1.n_name, n2.n_name, (EXTRACT(year FROM lineitem.l_shipdate))
         ->  Sort  (cost=2515134.94..2515285.88 rows=60378 width=96) (actual time=20099.159..20099.841 rows=14421 loops=1)
               Sort Key: n1.n_name, n2.n_name, (EXTRACT(year FROM lineitem.l_shipdate))
               Sort Method: quicksort  Memory: 9664kB
               ->  Hash Join  (cost=1022050.44..2510340.40 rows=60378 width=96) (actual time=9117.956..20062.599 rows=57794 loops=1)
                     Hash Cond: (lineitem.l_orderkey = orders.o_orderkey)
                     Join Filter: (((n1.n_name = 'PERU'::bpchar) AND (n2.n_name = 'MOROCCO'::bpchar)) OR ((n1.n_name = 'MOROCCO'::bpchar) AND (n2.n_name = 'PERU'::bpchar)))
                     Rows Removed by Join Filter: 58158
                     ->  Hash Join  (cost=470972.95..1951350.04 rows=1450829 width=46) (actual time=3449.967..14011.468 rows=1455694 loops=1)
                           Hash Cond: (lineitem.l_suppkey = supplier.s_suppkey)
                           ->  Bitmap Heap Scan on lineitem  (cost=467348.55..1864951.99 rows=18204096 width=24) (actual time=3416.998..11886.395 rows=18230325 loops=1)
                                 Recheck Cond: ((l_shipdate >= '1995-01-01'::date) AND (l_shipdate <= '1996-12-31'::date))
                                 Heap Blocks: exact=1119491
                                 ->  Bitmap Index Scan on idx_lineitem_shipdate  (cost=0.00..462797.52 rows=18204096 width=0) (actual time=3086.596..3086.597 rows=18230325 loops=1)
                                       Index Cond: ((l_shipdate >= '1995-01-01'::date) AND (l_shipdate <= '1996-12-31'::date))
                           ->  Hash  (cost=3524.40..3524.40 rows=8000 width=30) (actual time=32.928..32.935 rows=7981 loops=1)
                                 Buckets: 8192  Batches: 1  Memory Usage: 548kB
                                 ->  Hash Join  (cost=1.40..3524.40 rows=8000 width=30) (actual time=0.062..31.797 rows=7981 loops=1)
                                       Hash Cond: (supplier.s_nationkey = n1.n_nationkey)
                                       ->  Seq Scan on supplier  (cost=0.00..3216.00 rows=100000 width=8) (actual time=0.027..23.424 rows=100000 loops=1)
                                       ->  Hash  (cost=1.38..1.38 rows=2 width=30) (actual time=0.030..0.036 rows=2 loops=1)
                                             Buckets: 1024  Batches: 1  Memory Usage: 9kB
                                             ->  Seq Scan on nation n1  (cost=0.00..1.38 rows=2 width=30) (actual time=0.025..0.026 rows=2 loops=1)
                                                   Filter: ((n_name = 'PERU'::bpchar) OR (n_name = 'MOROCCO'::bpchar))
                                                   Rows Removed by Filter: 23
                     ->  Hash  (cost=536078.64..536078.64 rows=1199908 width=30) (actual time=5659.929..5659.931 rows=1191175 loops=1)
                           Buckets: 2097152  Batches: 1  Memory Usage: 88506kB
                           ->  Hash Join  (cost=56933.39..536078.64 rows=1199908 width=30) (actual time=491.433..5366.036 rows=1191175 loops=1)
                                 Hash Cond: (orders.o_custkey = customer.c_custkey)
                                 ->  Seq Scan on orders  (cost=0.00..410900.48 rows=14998848 width=8) (actual time=0.023..2493.521 rows=15000000 loops=1)
                                 ->  Hash  (cost=55433.39..55433.39 rows=120000 width=30) (actual time=490.914..490.916 rows=119622 loops=1)
                                       Buckets: 131072  Batches: 1  Memory Usage: 8267kB
                                       ->  Hash Join  (cost=1.40..55433.39 rows=120000 width=30) (actual time=0.047..465.263 rows=119622 loops=1)
                                             Hash Cond: (customer.c_nationkey = n2.n_nationkey)
                                             ->  Seq Scan on customer  (cost=0.00..50826.99 rows=1499999 width=8) (actual time=0.013..344.967 rows=1500000 loops=1)
                                             ->  Hash  (cost=1.38..1.38 rows=2 width=30) (actual time=0.024..0.025 rows=2 loops=1)
                                                   Buckets: 1024  Batches: 1  Memory Usage: 9kB
                                                   ->  Seq Scan on nation n2  (cost=0.00..1.38 rows=2 width=30) (actual time=0.015..0.018 rows=2 loops=1)
                                                         Filter: ((n_name = 'MOROCCO'::bpchar) OR (n_name = 'PERU'::bpchar))
                                                         Rows Removed by Filter: 23
 Settings: effective_io_concurrency = '64', maintenance_io_concurrency = '64', max_parallel_workers_per_gather = '0', work_mem = '256MB'
 Planning Time: 3.866 ms
 JIT:
   Functions: 60
   Options: Inlining true, Optimization true, Expressions true, Deforming true
   Timing: Generation 6.767 ms, Inlining 72.433 ms, Optimization 456.222 ms, Emission 248.493 ms, Total 783.915 ms
 Execution Time: 20931.633 ms
(49 rows)

===== 8.sql jit=on =====
                                                                                           QUERY PLAN                                                                                            
-------------------------------------------------------------------------------------------------------------------------------------------------------------------------------------------------
 Limit  (cost=1911588.72..1911588.95 rows=1 width=64) (actual time=5382.066..5382.075 rows=1 loops=1)
   ->  GroupAggregate  (cost=1911588.72..1912151.64 rows=2406 width=64) (actual time=4685.109..4685.117 rows=1 loops=1)
         Group Key: (EXTRACT(year FROM orders.o_orderdate))
         ->  Sort  (cost=1911588.72..1911645.92 rows=22880 width=70) (actual time=4679.256..4679.783 rows=11818 loops=1)
               Sort Key: (EXTRACT(year FROM orders.o_orderdate))
               Sort Method: quicksort  Memory: 2631kB
               ->  Nested Loop  (cost=497288.50..1909932.00 rows=22880 width=70) (actual time=3304.511..4669.739 rows=23842 loops=1)
                     ->  Hash Join  (cost=497288.35..1909261.31 rows=22880 width=20) (actual time=3304.487..4656.102 rows=23842 loops=1)
                           Hash Cond: (lineitem.l_suppkey = supplier.s_suppkey)
                           ->  Hash Join  (cost=492822.35..1904735.02 rows=22967 width=20) (actual time=3269.265..4612.806 rows=23842 loops=1)
                                 Hash Cond: (lineitem.l_orderkey = orders.o_orderkey)
                                 ->  Nested Loop  (cost=0.44..1410269.95 rows=376930 width=20) (actual time=0.092..1242.774 rows=389521 loops=1)
                                       ->  Seq Scan on part  (cost=0.00..65961.60 rows=13316 width=4) (actual time=0.058..453.051 rows=13011 loops=1)
                                             Filter: ((p_type)::text = 'LARGE POLISHED BRASS'::text)
                                             Rows Removed by Filter: 1986989
                                       ->  Index Scan using idx_lineitem_part_supp on lineitem  (cost=0.44..100.67 rows=28 width=24) (actual time=0.005..0.056 rows=30 loops=13011)
                                             Index Cond: (l_partkey = part.p_partkey)
                                 ->  Hash  (cost=481398.26..481398.26 rows=913892 width=8) (actual time=3265.031..3265.036 rows=910360 loops=1)
                                       Buckets: 1048576  Batches: 1  Memory Usage: 43753kB
                                       ->  Hash Join  (cost=125669.92..481398.26 rows=913892 width=8) (actual time=793.072..3072.317 rows=910360 loops=1)
                                             Hash Cond: (orders.o_custkey = customer.c_custkey)
                                             ->  Bitmap Heap Scan on orders  (cost=62465.42..391919.35 rows=4569462 width=12) (actual time=360.249..1774.628 rows=4557513 loops=1)
                                                   Recheck Cond: ((o_orderdate >= '1995-01-01'::date) AND (o_orderdate <= '1996-12-31'::date))
                                                   Heap Blocks: exact=260912
                                                   ->  Bitmap Index Scan on idx_orders_orderdate  (cost=0.00..61323.06 rows=4569462 width=0) (actual time=299.258..299.259 rows=4557513 loops=1)
                                                         Index Cond: ((o_orderdate >= '1995-01-01'::date) AND (o_orderdate <= '1996-12-31'::date))
                                             ->  Hash  (cost=59454.49..59454.49 rows=300000 width=4) (actual time=430.896..430.899 rows=299436 loops=1)
                                                   Buckets: 524288  Batches: 1  Memory Usage: 14624kB
                                                   ->  Hash Join  (cost=2.51..59454.49 rows=300000 width=4) (actual time=0.056..378.318 rows=299436 loops=1)
                                                         Hash Cond: (customer.c_nationkey = n1.n_nationkey)
                                                         ->  Seq Scan on customer  (cost=0.00..50826.99 rows=1499999 width=8) (actual time=0.005..124.384 rows=1500000 loops=1)
                                                         ->  Hash  (cost=2.45..2.45 rows=5 width=4) (actual time=0.042..0.044 rows=5 loops=1)
                                                               Buckets: 1024  Batches: 1  Memory Usage: 9kB
                                                               ->  Hash Join  (cost=1.07..2.45 rows=5 width=4) (actual time=0.031..0.038 rows=5 loops=1)
                                                                     Hash Cond: (n1.n_regionkey = region.r_regionkey)
                                                                     ->  Seq Scan on nation n1  (cost=0.00..1.25 rows=25 width=8) (actual time=0.007..0.009 rows=25 loops=1)
                                                                     ->  Hash  (cost=1.06..1.06 rows=1 width=4) (actual time=0.012..0.013 rows=1 loops=1)
                                                                           Buckets: 1024  Batches: 1  Memory Usage: 9kB
                                                                           ->  Seq Scan on region  (cost=0.00..1.06 rows=1 width=4) (actual time=0.007..0.008 rows=1 loops=1)
                                                                                 Filter: (r_name = 'AMERICA'::bpchar)
                                                                                 Rows Removed by Filter: 4
                           ->  Hash  (cost=3216.00..3216.00 rows=100000 width=8) (actual time=34.722..34.722 rows=100000 loops=1)
                                 Buckets: 131072  Batches: 1  Memory Usage: 4931kB
                                 ->  Seq Scan on supplier  (cost=0.00..3216.00 rows=100000 width=8) (actual time=0.020..20.987 rows=100000 loops=1)
                     ->  Memoize  (cost=0.15..2.17 rows=1 width=30) (actual time=0.000..0.000 rows=1 loops=23842)
                           Cache Key: supplier.s_nationkey
                           Hits: 23817  Misses: 25  Evictions: 0  Overflows: 0  Memory Usage: 4kB
                           ->  Index Scan using nation_pkey on nation n2  (cost=0.14..2.16 rows=1 width=30) (actual time=0.002..0.002 rows=1 loops=25)
                                 Index Cond: (n_nationkey = supplier.s_nationkey)
 Settings: effective_io_concurrency = '64', maintenance_io_concurrency = '64', max_parallel_workers_per_gather = '0', work_mem = '256MB'
 Planning Time: 5.319 ms
 JIT:
   Functions: 67
   Options: Inlining true, Optimization true, Expressions true, Deforming true
   Timing: Generation 7.165 ms, Inlining 81.368 ms, Optimization 397.317 ms, Emission 217.688 ms, Total 703.538 ms
 Execution Time: 5424.854 ms
(56 rows)

===== 9.sql jit=on =====
                                                                                   QUERY PLAN                                                                                   
--------------------------------------------------------------------------------------------------------------------------------------------------------------------------------
 Limit  (cost=2347652.77..2347652.80 rows=1 width=90) (actual time=48510.198..48510.205 rows=1 loops=1)
   ->  GroupAggregate  (cost=2347652.77..2347656.51 rows=107 width=90) (actual time=47905.761..47905.767 rows=1 loops=1)
         Group Key: nation.n_name, (EXTRACT(year FROM orders.o_orderdate))
         ->  Sort  (cost=2347652.77..2347653.03 rows=107 width=81) (actual time=47894.523..47898.130 rows=11401 loops=1)
               Sort Key: nation.n_name, (EXTRACT(year FROM orders.o_orderdate)) DESC
               Sort Method: external merge  Disk: 211200kB
               ->  Nested Loop  (cost=1991995.73..2347649.16 rows=107 width=81) (actual time=16035.882..43856.827 rows=3248192 loops=1)
                     Join Filter: (supplier.s_nationkey = nation.n_nationkey)
                     Rows Removed by Join Filter: 39009119
                     ->  Nested Loop  (cost=1991995.73..2347608.84 rows=107 width=31) (actual time=16035.857..39285.938 rows=3248192 loops=1)
                           ->  Nested Loop  (cost=1991995.30..2346977.25 rows=107 width=31) (actual time=16035.839..24854.172 rows=3248192 loops=1)
                                 ->  Hash Join  (cost=1991995.00..2346369.23 rows=107 width=35) (actual time=16035.817..19865.259 rows=3248192 loops=1)
                                       Hash Cond: ((partsupp.ps_suppkey = lineitem.l_suppkey) AND (partsupp.ps_partkey = lineitem.l_partkey))
                                       ->  Seq Scan on partsupp  (cost=0.00..254380.29 rows=7999429 width=14) (actual time=0.015..626.502 rows=8000000 loops=1)
                                       ->  Hash  (cost=1949107.18..1949107.18 rows=2859188 width=33) (actual time=16020.378..16020.381 rows=3248192 loops=1)
                                             Buckets: 4194304  Batches: 1  Memory Usage: 248226kB
                                             ->  Hash Join  (cost=67224.20..1949107.18 rows=2859188 width=33) (actual time=671.166..14952.157 rows=3248192 loops=1)
                                                   Hash Cond: (lineitem.l_partkey = part.p_partkey)
                                                   ->  Seq Scan on lineitem  (cost=0.00..1724415.80 rows=59987380 width=29) (actual time=0.030..5963.888 rows=59986052 loops=1)
                                                   ->  Hash  (cost=65961.60..65961.60 rows=101008 width=4) (actual time=670.626..670.627 rows=108312 loops=1)
                                                         Buckets: 131072  Batches: 1  Memory Usage: 4832kB
                                                         ->  Seq Scan on part  (cost=0.00..65961.60 rows=101008 width=4) (actual time=0.047..651.597 rows=108312 loops=1)
                                                               Filter: ((p_name)::text ~~ '%navy%'::text)
                                                               Rows Removed by Filter: 1891688
                                 ->  Index Scan using supplier_pkey on supplier  (cost=0.29..5.68 rows=1 width=8) (actual time=0.001..0.001 rows=1 loops=3248192)
                                       Index Cond: (s_suppkey = lineitem.l_suppkey)
                           ->  Index Scan using orders_pkey on orders  (cost=0.43..5.90 rows=1 width=8) (actual time=0.004..0.004 rows=1 loops=3248192)
                                 Index Cond: (o_orderkey = lineitem.l_orderkey)
                     ->  Materialize  (cost=0.00..1.38 rows=25 width=30) (actual time=0.000..0.001 rows=13 loops=3248192)
                           ->  Seq Scan on nation  (cost=0.00..1.25 rows=25 width=30) (actual time=0.007..0.012 rows=25 loops=1)
 Settings: effective_io_concurrency = '64', maintenance_io_concurrency = '64', max_parallel_workers_per_gather = '0', work_mem = '256MB'
 Planning Time: 7.535 ms
 JIT:
   Functions: 47
   Options: Inlining true, Optimization true, Expressions true, Deforming true
   Timing: Generation 5.421 ms, Inlining 78.691 ms, Optimization 337.166 ms, Emission 188.066 ms, Total 609.344 ms
 Execution Time: 48583.982 ms
(37 rows)

===== 10.sql jit=off =====
                                                                                      QUERY PLAN                                                                                      
--------------------------------------------------------------------------------------------------------------------------------------------------------------------------------------
 Limit  (cost=2327373.42..2327373.47 rows=20 width=202) (actual time=17008.530..17008.539 rows=20 loops=1)
   ->  Sort  (cost=2327373.42..2328755.05 rows=552652 width=202) (actual time=17008.529..17008.536 rows=20 loops=1)
         Sort Key: (sum((lineitem.l_extendedprice * ('1'::numeric - lineitem.l_discount)))) DESC
         Sort Method: top-N heapsort  Memory: 34kB
         ->  HashAggregate  (cost=2305759.40..2312667.55 rows=552652 width=202) (actual time=16634.533..16896.092 rows=381205 loops=1)
               Group Key: customer.c_custkey, nation.n_name
               Batches: 1  Memory Usage: 258065kB
               ->  Hash Join  (cost=2204142.76..2298851.25 rows=552652 width=182) (actual time=14694.662..15799.222 rows=1145402 loops=1)
                     Hash Cond: (customer.c_custkey = orders.o_custkey)
                     ->  Hash Join  (cost=1.56..55433.55 rows=1499999 width=170) (actual time=0.066..556.576 rows=1500000 loops=1)
                           Hash Cond: (customer.c_nationkey = nation.n_nationkey)
                           ->  Seq Scan on customer  (cost=0.00..50826.99 rows=1499999 width=148) (actual time=0.025..120.170 rows=1500000 loops=1)
                           ->  Hash  (cost=1.25..1.25 rows=25 width=30) (actual time=0.027..0.028 rows=25 loops=1)
                                 Buckets: 1024  Batches: 1  Memory Usage: 10kB
                                 ->  Seq Scan on nation  (cost=0.00..1.25 rows=25 width=30) (actual time=0.013..0.017 rows=25 loops=1)
                     ->  Hash  (cost=2197233.05..2197233.05 rows=552652 width=16) (actual time=14690.378..14690.380 rows=1145402 loops=1)
                           Buckets: 2097152 (originally 1048576)  Batches: 1 (originally 1)  Memory Usage: 71717kB
                           ->  Hash Join  (cost=283938.73..2197233.05 rows=552652 width=16) (actual time=816.353..14420.472 rows=1145402 loops=1)
                                 Hash Cond: (lineitem.l_orderkey = orders.o_orderkey)
                                 ->  Seq Scan on lineitem  (cost=0.00..1874384.25 rows=14822881 width=16) (actual time=0.042..11619.455 rows=14808183 loops=1)
                                       Filter: (l_returnflag = 'R'::bpchar)
                                       Rows Removed by Filter: 45177869
                                 ->  Hash  (cost=276948.56..276948.56 rows=559213 width=8) (actual time=811.936..811.936 rows=573160 loops=1)
                                       Buckets: 1048576  Batches: 1  Memory Usage: 30582kB
                                       ->  Bitmap Heap Scan on orders  (cost=7648.37..276948.56 rows=559213 width=8) (actual time=153.986..698.740 rows=573160 loops=1)
                                             Recheck Cond: ((o_orderdate >= '1994-08-01'::date) AND (o_orderdate < '1994-11-01'::date))
                                             Heap Blocks: exact=233137
                                             ->  Bitmap Index Scan on idx_orders_orderdate  (cost=0.00..7508.57 rows=559213 width=0) (actual time=91.372..91.372 rows=573160 loops=1)
                                                   Index Cond: ((o_orderdate >= '1994-08-01'::date) AND (o_orderdate < '1994-11-01'::date))
 Settings: effective_io_concurrency = '64', jit = 'off', maintenance_io_concurrency = '64', max_parallel_workers_per_gather = '0', work_mem = '256MB'
 Planning Time: 2.153 ms
 Execution Time: 17018.532 ms
(32 rows)

===== 11.sql jit=off =====
                                                                             QUERY PLAN                                                                              
---------------------------------------------------------------------------------------------------------------------------------------------------------------------
 Limit  (cost=94432.65..94432.65 rows=1 width=36) (actual time=1269.568..1269.574 rows=0 loops=1)
   InitPlan 1 (returns $2)
     ->  Aggregate  (cost=44176.17..44176.18 rows=1 width=32) (actual time=404.985..404.988 rows=1 loops=1)
           ->  Nested Loop  (cost=47.72..41796.92 rows=317233 width=10) (actual time=0.751..311.368 rows=320800 loops=1)
                 ->  Nested Loop  (cost=47.29..2404.57 rows=4000 width=4) (actual time=0.740..4.242 rows=4010 loops=1)
                       ->  Seq Scan on nation nation_1  (cost=0.00..1.31 rows=1 width=4) (actual time=0.010..0.015 rows=1 loops=1)
                             Filter: (n_name = 'SAUDI ARABIA'::bpchar)
                             Rows Removed by Filter: 24
                       ->  Bitmap Heap Scan on supplier supplier_1  (cost=47.29..2363.25 rows=4000 width=8) (actual time=0.727..3.744 rows=4010 loops=1)
                             Recheck Cond: (s_nationkey = nation_1.n_nationkey)
                             Heap Blocks: exact=1857
                             ->  Bitmap Index Scan on idx_supplier_nation_key  (cost=0.00..46.29 rows=4000 width=0) (actual time=0.486..0.486 rows=4010 loops=1)
                                   Index Cond: (s_nationkey = nation_1.n_nationkey)
                 ->  Index Scan using idx_partsupp_suppkey on partsupp partsupp_1  (cost=0.43..9.06 rows=79 width=14) (actual time=0.003..0.067 rows=80 loops=4010)
                       Index Cond: (ps_suppkey = supplier_1.s_suppkey)
   ->  Sort  (cost=50256.46..50520.82 rows=105744 width=36) (actual time=1269.566..1269.569 rows=0 loops=1)
         Sort Key: (sum((partsupp.ps_supplycost * (partsupp.ps_availqty)::numeric))) DESC
         Sort Method: quicksort  Memory: 25kB
         ->  HashAggregate  (cost=44969.25..49727.74 rows=105744 width=36) (actual time=1269.536..1269.539 rows=0 loops=1)
               Group Key: partsupp.ps_partkey
               Filter: (sum((partsupp.ps_supplycost * (partsupp.ps_availqty)::numeric)) > $2)
               Batches: 1  Memory Usage: 135185kB
               Rows Removed by Filter: 301833
               ->  Nested Loop  (cost=47.72..41796.92 rows=317233 width=14) (actual time=0.929..449.704 rows=320800 loops=1)
                     ->  Nested Loop  (cost=47.29..2404.57 rows=4000 width=4) (actual time=0.891..6.026 rows=4010 loops=1)
                           ->  Seq Scan on nation  (cost=0.00..1.31 rows=1 width=4) (actual time=0.020..0.024 rows=1 loops=1)
                                 Filter: (n_name = 'SAUDI ARABIA'::bpchar)
                                 Rows Removed by Filter: 24
                           ->  Bitmap Heap Scan on supplier  (cost=47.29..2363.25 rows=4000 width=8) (actual time=0.868..5.449 rows=4010 loops=1)
                                 Recheck Cond: (s_nationkey = nation.n_nationkey)
                                 Heap Blocks: exact=1857
                                 ->  Bitmap Index Scan on idx_supplier_nation_key  (cost=0.00..46.29 rows=4000 width=0) (actual time=0.553..0.553 rows=4010 loops=1)
                                       Index Cond: (s_nationkey = nation.n_nationkey)
                     ->  Index Scan using idx_partsupp_suppkey on partsupp  (cost=0.43..9.06 rows=79 width=18) (actual time=0.006..0.100 rows=80 loops=4010)
                           Index Cond: (ps_suppkey = supplier.s_suppkey)
 Settings: effective_io_concurrency = '64', jit = 'off', maintenance_io_concurrency = '64', max_parallel_workers_per_gather = '0', work_mem = '256MB'
 Planning Time: 1.453 ms
 Execution Time: 1283.260 ms
(38 rows)

===== 12.sql jit=off =====
                                                                                                                    QUERY PLAN                                                                                                                     
---------------------------------------------------------------------------------------------------------------------------------------------------------------------------------------------------------------------------------------------------
 Limit  (cost=3030066.92..3030885.55 rows=1 width=27) (actual time=22272.970..22272.973 rows=1 loops=1)
   ->  GroupAggregate  (cost=3030066.92..3035797.35 rows=7 width=27) (actual time=22272.969..22272.971 rows=1 loops=1)
         Group Key: lineitem.l_shipmode
         ->  Sort  (cost=3030066.92..3030783.21 rows=286518 width=27) (actual time=22227.454..22234.351 rows=155572 loops=1)
               Sort Key: lineitem.l_shipmode
               Sort Method: quicksort  Memory: 36606kB
               ->  Hash Join  (cost=2477839.52..3004096.54 rows=286518 width=27) (actual time=18031.896..22160.780 rows=311258 loops=1)
                     Hash Cond: (orders.o_orderkey = lineitem.l_orderkey)
                     ->  Seq Scan on orders  (cost=0.00..410900.48 rows=14998848 width=20) (actual time=0.018..1079.558 rows=15000000 loops=1)
                     ->  Hash  (cost=2474258.05..2474258.05 rows=286518 width=15) (actual time=18029.813..18029.814 rows=311258 loops=1)
                           Buckets: 524288  Batches: 1  Memory Usage: 18687kB
                           ->  Seq Scan on lineitem  (cost=0.00..2474258.05 rows=286518 width=15) (actual time=0.193..17944.299 rows=311258 loops=1)
                                 Filter: ((l_shipmode = ANY ('{SHIP,"REG AIR"}'::bpchar[])) AND (l_commitdate < l_receiptdate) AND (l_shipdate < l_commitdate) AND (l_receiptdate >= '1994-01-01'::date) AND (l_receiptdate < '1995-01-01'::date))
                                 Rows Removed by Filter: 59674794
 Settings: effective_io_concurrency = '64', jit = 'off', maintenance_io_concurrency = '64', max_parallel_workers_per_gather = '0', work_mem = '256MB'
 Planning Time: 1.162 ms
 Execution Time: 22275.235 ms
(17 rows)

===== 13.sql jit=off =====
                                                                                    QUERY PLAN                                                                                     
-----------------------------------------------------------------------------------------------------------------------------------------------------------------------------------
 Limit  (cost=656826.08..656826.09 rows=1 width=16) (actual time=18577.384..18577.388 rows=1 loops=1)
   ->  Sort  (cost=656826.08..656826.58 rows=200 width=16) (actual time=18577.382..18577.385 rows=1 loops=1)
         Sort Key: (count(*)) DESC, (count(orders.o_orderkey)) DESC
         Sort Method: top-N heapsort  Memory: 25kB
         ->  HashAggregate  (cost=656823.08..656825.08 rows=200 width=16) (actual time=18577.320..18577.330 rows=46 loops=1)
               Group Key: count(orders.o_orderkey)
               Batches: 1  Memory Usage: 40kB
               ->  HashAggregate  (cost=619323.11..634323.10 rows=1499999 width=12) (actual time=18064.972..18382.405 rows=1500000 loops=1)
                     Group Key: customer.c_custkey
                     Batches: 1  Memory Usage: 172049kB
                     ->  Hash Right Join  (cost=57714.40..545086.39 rows=14847344 width=8) (actual time=428.251..13035.925 rows=15337604 loops=1)
                           Hash Cond: (orders.o_custkey = customer.c_custkey)
                           ->  Seq Scan on orders  (cost=0.00..448397.60 rows=14847344 width=8) (actual time=0.020..7078.246 rows=14837583 loops=1)
                                 Filter: ((o_comment)::text !~~ '%special%requests%'::text)
                                 Rows Removed by Filter: 162417
                           ->  Hash  (cost=38964.41..38964.41 rows=1499999 width=4) (actual time=419.909..419.910 rows=1500000 loops=1)
                                 Buckets: 2097152  Batches: 1  Memory Usage: 69119kB
                                 ->  Index Only Scan using customer_pkey on customer  (cost=0.43..38964.41 rows=1499999 width=4) (actual time=0.035..168.153 rows=1500000 loops=1)
                                       Heap Fetches: 0
 Settings: effective_io_concurrency = '64', jit = 'off', maintenance_io_concurrency = '64', max_parallel_workers_per_gather = '0', work_mem = '256MB'
 Planning Time: 1.092 ms
 Execution Time: 18610.067 ms
(22 rows)

===== 14.sql jit=off =====
                                                                            QUERY PLAN                                                                            
------------------------------------------------------------------------------------------------------------------------------------------------------------------
 Limit  (cost=1160473.81..1160473.82 rows=1 width=32) (actual time=3031.254..3031.257 rows=1 loops=1)
   ->  Aggregate  (cost=1160473.81..1160473.82 rows=1 width=32) (actual time=3031.252..3031.254 rows=1 loops=1)
         ->  Hash Join  (cost=103965.49..1148892.67 rows=661779 width=33) (actual time=1320.944..2679.428 rows=772942 loops=1)
               Hash Cond: (lineitem.l_partkey = part.p_partkey)
               ->  Bitmap Heap Scan on lineitem  (cost=18004.21..1061090.65 rows=701234 width=16) (actual time=313.541..1250.615 rows=772942 loops=1)
                     Recheck Cond: ((l_shipdate >= '1994-05-01'::date) AND (l_shipdate < '1994-06-01'::date))
                     Heap Blocks: exact=416660
                     ->  Bitmap Index Scan on idx_lineitem_shipdate  (cost=0.00..17828.90 rows=701234 width=0) (actual time=203.240..203.240 rows=772942 loops=1)
                           Index Cond: ((l_shipdate >= '1994-05-01'::date) AND (l_shipdate < '1994-06-01'::date))
               ->  Hash  (cost=60961.68..60961.68 rows=1999968 width=25) (actual time=999.681..999.682 rows=2000000 loops=1)
                     Buckets: 2097152  Batches: 1  Memory Usage: 131903kB
                     ->  Seq Scan on part  (cost=0.00..60961.68 rows=1999968 width=25) (actual time=0.025..566.022 rows=2000000 loops=1)
 Settings: effective_io_concurrency = '64', jit = 'off', maintenance_io_concurrency = '64', max_parallel_workers_per_gather = '0', work_mem = '256MB'
 Planning Time: 1.260 ms
 Execution Time: 3034.579 ms
(15 rows)

===== 15.sql jit=off =====
                                                                       QUERY PLAN                                                                       
--------------------------------------------------------------------------------------------------------------------------------------------------------
 HashAggregate  (cost=1240777.39..1242032.13 rows=100379 width=36) (actual time=3927.450..3975.086 rows=100000 loops=1)
   Group Key: l_suppkey
   Batches: 1  Memory Usage: 47121kB
   ->  Bitmap Heap Scan on lineitem  (cost=56948.54..1218595.95 rows=2218144 width=16) (actual time=578.886..2142.199 rows=2265714 loops=1)
         Recheck Cond: ((l_shipdate >= '1996-01-01'::date) AND (l_shipdate < '1996-04-01'::date))
         Heap Blocks: exact=668609
         ->  Bitmap Index Scan on idx_lineitem_shipdate  (cost=0.00..56394.01 rows=2218144 width=0) (actual time=401.571..401.571 rows=2265714 loops=1)
               Index Cond: ((l_shipdate >= '1996-01-01'::date) AND (l_shipdate < '1996-04-01'::date))
 Settings: effective_io_concurrency = '64', jit = 'off', maintenance_io_concurrency = '64', max_parallel_workers_per_gather = '0', work_mem = '256MB'
 Planning Time: 0.747 ms
 Execution Time: 3982.421 ms
(11 rows)

CREATE VIEW
                                                                                   QUERY PLAN                                                                                   
--------------------------------------------------------------------------------------------------------------------------------------------------------------------------------
 Limit  (cost=2485597.79..2485607.91 rows=1 width=104) (actual time=6720.038..6720.042 rows=1 loops=1)
   InitPlan 1 (returns $0)
     ->  Aggregate  (cost=1243286.87..1243286.88 rows=1 width=32) (actual time=3363.265..3363.266 rows=1 loops=1)
           ->  HashAggregate  (cost=1240777.39..1242032.13 rows=100379 width=36) (actual time=3308.824..3356.834 rows=100000 loops=1)
                 Group Key: lineitem_1.l_suppkey
                 Batches: 1  Memory Usage: 47121kB
                 ->  Bitmap Heap Scan on lineitem lineitem_1  (cost=56948.54..1218595.95 rows=2218144 width=16) (actual time=507.199..1679.099 rows=2265714 loops=1)
                       Recheck Cond: ((l_shipdate >= '1996-01-01'::date) AND (l_shipdate < '1996-04-01'::date))
                       Heap Blocks: exact=668609
                       ->  Bitmap Index Scan on idx_lineitem_shipdate  (cost=0.00..56394.01 rows=2218144 width=0) (actual time=336.615..336.615 rows=2265714 loops=1)
                             Index Cond: ((l_shipdate >= '1996-01-01'::date) AND (l_shipdate < '1996-04-01'::date))
   ->  Merge Join  (cost=1242310.91..1247393.29 rows=502 width=104) (actual time=6720.037..6720.039 rows=1 loops=1)
         Merge Cond: (supplier.s_suppkey = revenue0.supplier_no)
         ->  Index Scan using supplier_pkey on supplier  (cost=0.29..4825.14 rows=100000 width=72) (actual time=0.009..12.691 rows=69998 loops=1)
         ->  Sort  (cost=1242310.62..1242311.87 rows=502 width=36) (actual time=6703.029..6703.030 rows=1 loops=1)
               Sort Key: revenue0.supplier_no
               Sort Method: quicksort  Memory: 25kB
               ->  Subquery Scan on revenue0  (cost=1240777.39..1242288.10 rows=502 width=36) (actual time=6669.332..6703.023 rows=1 loops=1)
                     ->  HashAggregate  (cost=1240777.39..1242283.08 rows=502 width=36) (actual time=6669.331..6703.020 rows=1 loops=1)
                           Group Key: lineitem.l_suppkey
                           Filter: (sum((lineitem.l_extendedprice * ('1'::numeric - lineitem.l_discount))) = $0)
                           Batches: 1  Memory Usage: 47121kB
                           Rows Removed by Filter: 99999
                           ->  Bitmap Heap Scan on lineitem  (cost=56948.54..1218595.95 rows=2218144 width=16) (actual time=504.304..1671.302 rows=2265714 loops=1)
                                 Recheck Cond: ((l_shipdate >= '1996-01-01'::date) AND (l_shipdate < '1996-04-01'::date))
                                 Heap Blocks: exact=668609
                                 ->  Bitmap Index Scan on idx_lineitem_shipdate  (cost=0.00..56394.01 rows=2218144 width=0) (actual time=334.210..334.211 rows=2265714 loops=1)
                                       Index Cond: ((l_shipdate >= '1996-01-01'::date) AND (l_shipdate < '1996-04-01'::date))
 Settings: effective_io_concurrency = '64', jit = 'off', maintenance_io_concurrency = '64', max_parallel_workers_per_gather = '0', work_mem = '256MB'
 Planning Time: 0.456 ms
 Execution Time: 6727.273 ms
(31 rows)

DROP VIEW
===== 16.sql jit=off =====
                                                                                         QUERY PLAN                                                                                         
--------------------------------------------------------------------------------------------------------------------------------------------------------------------------------------------
 Limit  (cost=401412.88..401412.88 rows=1 width=44) (actual time=6569.816..6569.820 rows=1 loops=1)
   ->  Sort  (cost=401412.88..401793.63 rows=152301 width=44) (actual time=6569.815..6569.818 rows=1 loops=1)
         Sort Key: (count(DISTINCT partsupp.ps_suppkey)) DESC, part.p_brand, part.p_type, part.p_size
         Sort Method: top-N heapsort  Memory: 25kB
         ->  GroupAggregate  (cost=391871.61..400651.37 rows=152301 width=44) (actual time=6110.285..6565.146 rows=27838 loops=1)
               Group Key: part.p_brand, part.p_type, part.p_size
               ->  Sort  (cost=391871.61..393322.96 rows=580540 width=40) (actual time=6110.237..6213.833 rows=1186319 loops=1)
                     Sort Key: part.p_brand, part.p_type, part.p_size
                     Sort Method: quicksort  Memory: 141834kB
                     ->  Hash Join  (cost=98056.23..336293.51 rows=580540 width=40) (actual time=847.299..3177.600 rows=1186319 loops=1)
                           Hash Cond: (partsupp.ps_partkey = part.p_partkey)
                           ->  Index Only Scan using partsupp_pkey on partsupp  (cost=3466.46..231204.46 rows=3999714 width=8) (actual time=33.719..1544.918 rows=7995520 loops=1)
                                 Filter: (NOT (hashed SubPlan 1))
                                 Rows Removed by Filter: 4480
                                 Heap Fetches: 0
                                 SubPlan 1
                                   ->  Seq Scan on supplier  (cost=0.00..3466.00 rows=10 width=4) (actual time=0.170..33.657 rows=56 loops=1)
                                         Filter: ((s_comment)::text ~~ '%Customer%Complaints%'::text)
                                         Rows Removed by Filter: 99944
                           ->  Hash  (cost=90961.20..90961.20 rows=290286 width=40) (actual time=811.529..811.530 rows=296733 loops=1)
                                 Buckets: 524288  Batches: 1  Memory Usage: 25593kB
                                 ->  Seq Scan on part  (cost=0.00..90961.20 rows=290286 width=40) (actual time=0.026..737.099 rows=296733 loops=1)
                                       Filter: ((p_brand <> 'Brand#12'::bpchar) AND ((p_type)::text !~~ 'SMALL BRUSHED%'::text) AND (p_size = ANY ('{12,32,36,26,40,34,49,9}'::integer[])))
                                       Rows Removed by Filter: 1703267
 Settings: effective_io_concurrency = '64', jit = 'off', maintenance_io_concurrency = '64', max_parallel_workers_per_gather = '0', work_mem = '256MB'
 Planning Time: 1.330 ms
 Execution Time: 6576.078 ms
(27 rows)

===== 17-flattened.sql jit=off =====
                                                                      QUERY PLAN                                                                      
------------------------------------------------------------------------------------------------------------------------------------------------------
 HashAggregate  (cost=5567357.33..6184959.66 rows=2119205 width=36) (actual time=39586.449..61578.371 rows=2000000 loops=1)
   Group Key: l_partkey
   Planned Partitions: 4  Batches: 5  Memory Usage: 262193kB  Disk Usage: 1517688kB
   ->  Seq Scan on lineitem  (cost=0.00..1724415.80 rows=59987380 width=9) (actual time=0.043..5843.849 rows=59986052 loops=1)
 Settings: effective_io_concurrency = '64', jit = 'off', maintenance_io_concurrency = '64', max_parallel_workers_per_gather = '0', work_mem = '256MB'
 Planning Time: 0.664 ms
 Execution Time: 61781.839 ms
(7 rows)

SELECT 2000000
CREATE INDEX
ANALYZE
                                                                                 QUERY PLAN                                                                                 
----------------------------------------------------------------------------------------------------------------------------------------------------------------------------
 Limit  (cost=217050.69..217050.70 rows=1 width=32) (actual time=540.617..540.619 rows=1 loops=1)
   ->  Aggregate  (cost=217050.69..217050.70 rows=1 width=32) (actual time=540.616..540.617 rows=1 loops=1)
         ->  Nested Loop  (cost=0.87..217005.59 rows=18041 width=8) (actual time=0.164..539.778 rows=5319 loops=1)
               Join Filter: (part.p_partkey = lineitem.l_partkey)
               ->  Nested Loop  (cost=0.43..85447.48 rows=1912 width=20) (actual time=0.147..458.995 rows=1996 loops=1)
                     ->  Seq Scan on part  (cost=0.00..70961.52 rows=1912 width=4) (actual time=0.135..443.272 rows=1996 loops=1)
                           Filter: ((p_brand = 'Brand#22'::bpchar) AND (p_container = 'LG BOX'::bpchar))
                           Rows Removed by Filter: 1998004
                     ->  Index Scan using idx_tmp_avg_quantity on tmp_avg_quantity part_agg  (cost=0.43..7.57 rows=1 width=16) (actual time=0.007..0.007 rows=1 loops=1996)
                           Index Cond: (agg_partkey = part.p_partkey)
               ->  Index Scan using idx_lineitem_part_supp on lineitem  (cost=0.44..68.69 rows=9 width=17) (actual time=0.016..0.040 rows=3 loops=1996)
                     Index Cond: (l_partkey = part_agg.agg_partkey)
                     Filter: (l_quantity < part_agg.avg_quantity)
                     Rows Removed by Filter: 27
 Settings: effective_io_concurrency = '64', jit = 'off', maintenance_io_concurrency = '64', max_parallel_workers_per_gather = '0', work_mem = '256MB'
 Planning Time: 0.670 ms
 Execution Time: 540.653 ms
(17 rows)

DROP TABLE
===== 17.sql jit=off =====
                                                                            QUERY PLAN                                                                            
------------------------------------------------------------------------------------------------------------------------------------------------------------------
 Limit  (cost=6421154.08..6421154.10 rows=1 width=32) (actual time=62474.861..62474.865 rows=1 loops=1)
   ->  Aggregate  (cost=6421154.08..6421154.10 rows=1 width=32) (actual time=62474.860..62474.862 rows=1 loops=1)
         ->  Nested Loop  (cost=5638343.19..6421106.29 rows=19116 width=8) (actual time=39378.120..62474.046 rows=5319 loops=1)
               Join Filter: (part.p_partkey = lineitem.l_partkey)
               ->  Hash Join  (cost=5638342.75..6282700.06 rows=2026 width=40) (actual time=39376.000..62386.726 rows=1996 loops=1)
                     Hash Cond: (lineitem_1.l_partkey = part.p_partkey)
                     ->  HashAggregate  (cost=5567357.33..6184959.66 rows=2119205 width=36) (actual time=38878.954..61721.535 rows=2000000 loops=1)
                           Group Key: lineitem_1.l_partkey
                           Planned Partitions: 4  Batches: 5  Memory Usage: 262193kB  Disk Usage: 1517688kB
                           ->  Seq Scan on lineitem lineitem_1  (cost=0.00..1724415.80 rows=59987380 width=9) (actual time=0.020..5683.626 rows=59986052 loops=1)
                     ->  Hash  (cost=70961.52..70961.52 rows=1912 width=4) (actual time=496.961..496.961 rows=1996 loops=1)
                           Buckets: 2048  Batches: 1  Memory Usage: 87kB
                           ->  Seq Scan on part  (cost=0.00..70961.52 rows=1912 width=4) (actual time=0.270..496.371 rows=1996 loops=1)
                                 Filter: ((p_brand = 'Brand#22'::bpchar) AND (p_container = 'LG BOX'::bpchar))
                                 Rows Removed by Filter: 1998004
               ->  Index Scan using idx_lineitem_part_supp on lineitem  (cost=0.44..68.20 rows=9 width=17) (actual time=0.018..0.043 rows=3 loops=1996)
                     Index Cond: (l_partkey = lineitem_1.l_partkey)
                     Filter: (l_quantity < ((0.2 * avg(lineitem_1.l_quantity))))
                     Rows Removed by Filter: 27
 Settings: effective_io_concurrency = '64', jit = 'off', maintenance_io_concurrency = '64', max_parallel_workers_per_gather = '0', work_mem = '256MB'
 Planning Time: 1.295 ms
 Execution Time: 62613.238 ms
(22 rows)

===== 18.sql jit=off =====
                                                                                                 QUERY PLAN                                                                                                  
-------------------------------------------------------------------------------------------------------------------------------------------------------------------------------------------------------------
 Limit  (cost=9939597.36..9939597.61 rows=100 width=71) (actual time=48252.243..48252.257 rows=99 loops=1)
   ->  Sort  (cost=9939597.36..9989580.17 rows=19993122 width=71) (actual time=48252.242..48252.250 rows=99 loops=1)
         Sort Key: orders.o_totalprice DESC, orders.o_orderdate
         Sort Method: quicksort  Memory: 32kB
         ->  HashAggregate  (cost=8574118.99..9175474.61 rows=19993122 width=71) (actual time=48249.133..48252.129 rows=99 loops=1)
               Group Key: customer.c_custkey, orders.o_orderkey
               Planned Partitions: 32  Batches: 1  Memory Usage: 24657kB
               ->  Hash Join  (cost=70148.23..6618541.75 rows=19993122 width=44) (actual time=1807.369..48248.385 rows=693 loops=1)
                     Hash Cond: (orders.o_custkey = customer.c_custkey)
                     ->  Merge Join  (cost=571.25..6496482.68 rows=19993122 width=25) (actual time=1090.209..47530.856 rows=693 loops=1)
                           Merge Cond: (orders.o_orderkey = lineitem.l_orderkey)
                           ->  Merge Join  (cost=1.00..3729737.45 rows=4998948 width=24) (actual time=766.402..33123.679 rows=99 loops=1)
                                 Merge Cond: (orders.o_orderkey = lineitem_1.l_orderkey)
                                 ->  Index Scan using orders_pkey on orders  (cost=0.43..650422.16 rows=14998848 width=20) (actual time=0.058..3548.329 rows=14982724 loops=1)
                                 ->  GroupAggregate  (cost=0.56..2929341.84 rows=4998948 width=4) (actual time=666.968..28647.245 rows=99 loops=1)
                                       Group Key: lineitem_1.l_orderkey
                                       Filter: (sum(lineitem_1.l_quantity) > '313'::numeric)
                                       Rows Removed by Filter: 14999901
                                       ->  Index Scan using idx_lineitem_orderkey on lineitem lineitem_1  (cost=0.56..2404452.27 rows=59987380 width=9) (actual time=0.099..14386.104 rows=59986052 loops=1)
                           ->  Index Scan using idx_lineitem_orderkey on lineitem  (cost=0.56..2404452.27 rows=59987380 width=9) (actual time=0.033..10665.802 rows=59916431 loops=1)
                     ->  Hash  (cost=50826.99..50826.99 rows=1499999 width=23) (actual time=709.436..709.437 rows=1500000 loops=1)
                           Buckets: 2097152  Batches: 1  Memory Usage: 98416kB
                           ->  Seq Scan on customer  (cost=0.00..50826.99 rows=1499999 width=23) (actual time=0.028..385.639 rows=1500000 loops=1)
 Settings: effective_io_concurrency = '64', jit = 'off', maintenance_io_concurrency = '64', max_parallel_workers_per_gather = '0', work_mem = '256MB'
 Planning Time: 2.419 ms
 Execution Time: 48267.489 ms
(26 rows)

===== 19.sql jit=off =====
                                                                                                                                                                                                                                                                                                                                                                                                                                                                                                            QUERY PLAN                                                                                                                                                                                                                                                                                                                                                                                                                                                                                                            
----------------------------------------------------------------------------------------------------------------------------------------------------------------------------------------------------------------------------------------------------------------------------------------------------------------------------------------------------------------------------------------------------------------------------------------------------------------------------------------------------------------------------------------------------------------------------------------------------------------------------------------------------------------------------------------------------------------------------------------------------------------------------------------------------------------------------------------------------------------------------------------------------------------------------------------------------------------------------------------------------------------------------------
 Limit  (cost=660320.28..660320.29 rows=1 width=32) (actual time=1147.764..1147.766 rows=1 loops=1)
   ->  Aggregate  (cost=660320.28..660320.29 rows=1 width=32) (actual time=1147.763..1147.764 rows=1 loops=1)
         ->  Nested Loop  (cost=0.44..660312.44 rows=1046 width=12) (actual time=5.391..1147.103 rows=1063 loops=1)
               ->  Seq Scan on part  (cost=0.00..125960.64 rows=4755 width=30) (actual time=0.354..664.230 rows=4781 loops=1)
                     Filter: ((p_size >= 1) AND (((p_brand = 'Brand#24'::bpchar) AND (p_container = ANY ('{"SM CASE","SM BOX","SM PACK","SM PKG"}'::bpchar[])) AND (p_size <= 5)) OR ((p_brand = 'Brand#43'::bpchar) AND (p_container = ANY ('{"MED BAG","MED BOX","MED PKG","MED PACK"}'::bpchar[])) AND (p_size <= 10)) OR ((p_brand = 'Brand#44'::bpchar) AND (p_container = ANY ('{"LG CASE","LG BOX","LG PACK","LG PKG"}'::bpchar[])) AND (p_size <= 15))))
                     Rows Removed by Filter: 1995219
               ->  Index Scan using idx_lineitem_part_supp on lineitem  (cost=0.44..112.37 rows=1 width=21) (actual time=0.090..0.101 rows=0 loops=4781)
                     Index Cond: (l_partkey = part.p_partkey)
                     Filter: ((l_shipmode = ANY ('{AIR,"AIR REG"}'::bpchar[])) AND (l_shipinstruct = 'DELIVER IN PERSON'::bpchar) AND (((l_quantity >= '10'::numeric) AND (l_quantity <= '20'::numeric)) OR ((l_quantity >= '10'::numeric) AND (l_quantity <= '20'::numeric)) OR ((l_quantity >= '20'::numeric) AND (l_quantity <= '30'::numeric))) AND (((part.p_brand = 'Brand#24'::bpchar) AND (part.p_container = ANY ('{"SM CASE","SM BOX","SM PACK","SM PKG"}'::bpchar[])) AND (l_quantity >= '10'::numeric) AND (l_quantity <= '20'::numeric) AND (part.p_size <= 5)) OR ((part.p_brand = 'Brand#43'::bpchar) AND (part.p_container = ANY ('{"MED BAG","MED BOX","MED PKG","MED PACK"}'::bpchar[])) AND (l_quantity >= '10'::numeric) AND (l_quantity <= '20'::numeric) AND (part.p_size <= 10)) OR ((part.p_brand = 'Brand#44'::bpchar) AND (part.p_container = ANY ('{"LG CASE","LG BOX","LG PACK","LG PKG"}'::bpchar[])) AND (l_quantity >= '20'::numeric) AND (l_quantity <= '30'::numeric) AND (part.p_size <= 15))))
                     Rows Removed by Filter: 30
 Settings: effective_io_concurrency = '64', jit = 'off', maintenance_io_concurrency = '64', max_parallel_workers_per_gather = '0', work_mem = '256MB'
 Planning Time: 1.570 ms
 Execution Time: 1147.898 ms
(13 rows)

===== 1.sql jit=off =====
                                                                      QUERY PLAN                                                                      
------------------------------------------------------------------------------------------------------------------------------------------------------
 Limit  (cost=3951888.96..3951888.97 rows=1 width=236) (actual time=80906.895..80906.896 rows=1 loops=1)
   ->  Sort  (cost=3951888.96..3951888.98 rows=6 width=236) (actual time=80906.894..80906.895 rows=1 loops=1)
         Sort Key: l_returnflag, l_linestatus
         Sort Method: top-N heapsort  Memory: 25kB
         ->  HashAggregate  (cost=3951888.77..3951888.94 rows=6 width=236) (actual time=80906.847..80906.857 rows=4 loops=1)
               Group Key: l_returnflag, l_linestatus
               Batches: 1  Memory Usage: 32kB
               ->  Seq Scan on lineitem  (cost=0.00..1874384.25 rows=59357272 width=25) (actual time=0.043..12657.487 rows=59284448 loops=1)
                     Filter: (l_shipdate <= '1998-09-10 00:00:00'::timestamp without time zone)
                     Rows Removed by Filter: 701604
 Settings: effective_io_concurrency = '64', jit = 'off', maintenance_io_concurrency = '64', max_parallel_workers_per_gather = '0', work_mem = '256MB'
 Planning Time: 0.904 ms
 Execution Time: 80906.984 ms
(13 rows)

===== 20-flattened.sql jit=off =====
                                                                        QUERY PLAN                                                                         
-----------------------------------------------------------------------------------------------------------------------------------------------------------
 HashAggregate  (cost=2094530.20..2255294.31 rows=4828655 width=40) (actual time=15354.270..22802.666 rows=5448842 loops=1)
   Group Key: l_partkey, l_suppkey
   Planned Partitions: 8  Batches: 41  Memory Usage: 262225kB  Disk Usage: 318560kB
   ->  Bitmap Heap Scan on lineitem  (cost=232220.23..1492443.70 rows=9045431 width=13) (actual time=1917.134..10154.851 rows=9123688 loops=1)
         Recheck Cond: ((l_shipdate >= '1996-01-01'::date) AND (l_shipdate < '1997-01-01'::date))
         Heap Blocks: exact=1048319
         ->  Bitmap Index Scan on idx_lineitem_shipdate  (cost=0.00..229958.88 rows=9045431 width=0) (actual time=1607.467..1607.467 rows=9123688 loops=1)
               Index Cond: ((l_shipdate >= '1996-01-01'::date) AND (l_shipdate < '1997-01-01'::date))
 Settings: effective_io_concurrency = '64', jit = 'off', maintenance_io_concurrency = '64', max_parallel_workers_per_gather = '0', work_mem = '256MB'
 Planning Time: 0.685 ms
 Execution Time: 23007.619 ms
(11 rows)

SELECT 5448842
CREATE INDEX
ANALYZE
                                                                                   QUERY PLAN                                                                                   
--------------------------------------------------------------------------------------------------------------------------------------------------------------------------------
 Limit  (cost=58669.75..58669.76 rows=1 width=52) (actual time=1465.421..1465.424 rows=1 loops=1)
   ->  Sort  (cost=58669.75..58669.76 rows=1 width=52) (actual time=1465.419..1465.421 rows=1 loops=1)
         Sort Key: supplier.s_name
         Sort Method: top-N heapsort  Memory: 25kB
         ->  Nested Loop Semi Join  (cost=48.59..58669.74 rows=1 width=52) (actual time=0.839..1463.800 rows=1821 loops=1)
               ->  Nested Loop  (cost=47.29..2404.57 rows=4000 width=56) (actual time=0.587..13.651 rows=4095 loops=1)
                     ->  Seq Scan on nation  (cost=0.00..1.31 rows=1 width=4) (actual time=0.015..0.020 rows=1 loops=1)
                           Filter: (n_name = 'IRAQ'::bpchar)
                           Rows Removed by Filter: 24
                     ->  Bitmap Heap Scan on supplier  (cost=47.29..2363.25 rows=4000 width=60) (actual time=0.569..12.748 rows=4095 loops=1)
                           Recheck Cond: (s_nationkey = nation.n_nationkey)
                           Heap Blocks: exact=1867
                           ->  Bitmap Index Scan on idx_supplier_nation_key  (cost=0.00..46.29 rows=4000 width=0) (actual time=0.323..0.324 rows=4095 loops=1)
                                 Index Cond: (s_nationkey = nation.n_nationkey)
               ->  Nested Loop  (cost=1.30..14.06 rows=1 width=8) (actual time=0.354..0.354 rows=0 loops=4095)
                     Join Filter: (supplier.s_suppkey = agg_lineitem.agg_suppkey)
                     ->  Nested Loop  (cost=0.87..13.56 rows=1 width=16) (actual time=0.304..0.347 rows=1 loops=4095)
                           ->  Index Scan using idx_partsupp_suppkey on partsupp  (cost=0.43..9.06 rows=79 width=12) (actual time=0.007..0.153 rows=61 loops=4095)
                                 Index Cond: (ps_suppkey = supplier.s_suppkey)
                           ->  Memoize  (cost=0.44..0.48 rows=1 width=4) (actual time=0.003..0.003 rows=0 loops=248000)
                                 Cache Key: partsupp.ps_partkey
                                 Hits: 11702  Misses: 236298  Evictions: 0  Overflows: 0  Memory Usage: 15783kB
                                 ->  Index Scan using part_pkey on part  (cost=0.43..0.47 rows=1 width=4) (actual time=0.003..0.003 rows=0 loops=236298)
                                       Index Cond: (p_partkey = partsupp.ps_partkey)
                                       Filter: ((p_name)::text ~~ 'olive%'::text)
                                       Rows Removed by Filter: 1
                     ->  Index Scan using idx_tmp_agg_lineitem on tmp_agg_lineitem agg_lineitem  (cost=0.43..0.48 rows=1 width=13) (actual time=0.009..0.009 rows=1 loops=2732)
                           Index Cond: ((agg_partkey = partsupp.ps_partkey) AND (agg_suppkey = partsupp.ps_suppkey))
                           Filter: ((partsupp.ps_availqty)::numeric > agg_quantity)
                           Rows Removed by Filter: 0
 Settings: effective_io_concurrency = '64', jit = 'off', maintenance_io_concurrency = '64', max_parallel_workers_per_gather = '0', work_mem = '256MB'
 Planning Time: 1.481 ms
 Execution Time: 1467.331 ms
(33 rows)

DROP TABLE
===== 20.sql jit=off =====
                                                                                          QUERY PLAN                                                                                           
-----------------------------------------------------------------------------------------------------------------------------------------------------------------------------------------------
 Limit  (cost=2417852.23..2417852.23 rows=1 width=52) (actual time=41887.356..41887.360 rows=1 loops=1)
   ->  Sort  (cost=2417852.23..2417852.23 rows=1 width=52) (actual time=41887.354..41887.358 rows=1 loops=1)
         Sort Key: supplier.s_name
         Sort Method: top-N heapsort  Memory: 25kB
         ->  Nested Loop Semi Join  (cost=2160744.76..2417852.22 rows=1 width=52) (actual time=17454.900..41885.588 rows=1821 loops=1)
               Join Filter: (supplier.s_suppkey = lineitem.l_suppkey)
               Rows Removed by Join Filter: 182645835
               ->  Nested Loop  (cost=0.00..4467.31 rows=4000 width=56) (actual time=0.044..25.569 rows=4095 loops=1)
                     Join Filter: (supplier.s_nationkey = nation.n_nationkey)
                     Rows Removed by Join Filter: 95905
                     ->  Seq Scan on nation  (cost=0.00..1.31 rows=1 width=4) (actual time=0.020..0.025 rows=1 loops=1)
                           Filter: (n_name = 'IRAQ'::bpchar)
                           Rows Removed by Filter: 24
                     ->  Seq Scan on supplier  (cost=0.00..3216.00 rows=100000 width=60) (actual time=0.018..16.726 rows=100000 loops=1)
               ->  Materialize  (cost=2160744.76..2413204.91 rows=3 width=8) (actual time=3.730..7.521 rows=44603 loops=4095)
                     ->  Nested Loop  (cost=2160744.76..2413204.90 rows=3 width=8) (actual time=15276.034..23686.213 rows=59002 loops=1)
                           ->  Hash Join  (cost=2160744.32..2382470.23 rows=48775 width=44) (actual time=15275.994..23313.041 rows=59125 loops=1)
                                 Hash Cond: (lineitem.l_partkey = part.p_partkey)
                                 ->  HashAggregate  (cost=2094530.20..2255294.31 rows=4828655 width=40) (actual time=14892.232..22397.157 rows=5448842 loops=1)
                                       Group Key: lineitem.l_partkey, lineitem.l_suppkey
                                       Planned Partitions: 8  Batches: 41  Memory Usage: 262225kB  Disk Usage: 318560kB
                                       ->  Bitmap Heap Scan on lineitem  (cost=232220.23..1492443.70 rows=9045431 width=13) (actual time=1875.745..9770.791 rows=9123688 loops=1)
                                             Recheck Cond: ((l_shipdate >= '1996-01-01'::date) AND (l_shipdate < '1997-01-01'::date))
                                             Heap Blocks: exact=1048319
                                             ->  Bitmap Index Scan on idx_lineitem_shipdate  (cost=0.00..229958.88 rows=9045431 width=0) (actual time=1564.806..1564.806 rows=9123688 loops=1)
                                                   Index Cond: ((l_shipdate >= '1996-01-01'::date) AND (l_shipdate < '1997-01-01'::date))
                                 ->  Hash  (cost=65961.60..65961.60 rows=20202 width=4) (actual time=383.604..383.605 rows=21718 loops=1)
                                       Buckets: 32768  Batches: 1  Memory Usage: 1020kB
                                       ->  Seq Scan on part  (cost=0.00..65961.60 rows=20202 width=4) (actual time=0.066..378.724 rows=21718 loops=1)
                                             Filter: ((p_name)::text ~~ 'olive%'::text)
                                             Rows Removed by Filter: 1978282
                           ->  Index Scan using partsupp_pkey on partsupp  (cost=0.43..0.62 rows=1 width=12) (actual time=0.006..0.006 rows=1 loops=59125)
                                 Index Cond: ((ps_partkey = lineitem.l_partkey) AND (ps_suppkey = lineitem.l_suppkey))
                                 Filter: ((ps_availqty)::numeric > ((0.5 * sum(lineitem.l_quantity))))
                                 Rows Removed by Filter: 0
 Settings: effective_io_concurrency = '64', jit = 'off', maintenance_io_concurrency = '64', max_parallel_workers_per_gather = '0', work_mem = '256MB'
 Planning Time: 2.489 ms
 Execution Time: 41932.340 ms
(38 rows)

===== 21.sql jit=off =====
                                                                                            QUERY PLAN                                                                                             
---------------------------------------------------------------------------------------------------------------------------------------------------------------------------------------------------
 Limit  (cost=4271732.00..4271732.01 rows=1 width=34) (actual time=40420.961..40420.977 rows=100 loops=1)
   ->  Sort  (cost=4271732.00..4271732.01 rows=1 width=34) (actual time=40420.960..40420.969 rows=100 loops=1)
         Sort Key: (count(*)) DESC, supplier.s_name
         Sort Method: top-N heapsort  Memory: 38kB
         ->  GroupAggregate  (cost=4271731.97..4271731.99 rows=1 width=34) (actual time=40411.937..40419.740 rows=3991 loops=1)
               Group Key: supplier.s_name
               ->  Sort  (cost=4271731.97..4271731.98 rows=1 width=26) (actual time=40411.926..40415.244 rows=39281 loops=1)
                     Sort Key: supplier.s_name
                     Sort Method: quicksort  Memory: 3378kB
                     ->  Nested Loop Semi Join  (cost=2204896.23..4271731.96 rows=1 width=26) (actual time=19120.976..40259.684 rows=39281 loops=1)
                           Join Filter: (l2.l_suppkey <> l1.l_suppkey)
                           Rows Removed by Join Filter: 42023
                           ->  Nested Loop  (cost=2204895.66..4271724.42 rows=1 width=38) (actual time=19120.961..39962.449 rows=65960 loops=1)
                                 ->  Hash Anti Join  (cost=2204895.23..4271717.11 rows=1 width=34) (actual time=19118.580..39433.459 rows=134155 loops=1)
                                       Hash Cond: (l1.l_orderkey = l3.l_orderkey)
                                       Join Filter: (l3.l_suppkey <> l1.l_suppkey)
                                       Rows Removed by Join Filter: 547662
                                       ->  Hash Join  (cost=2454.57..1959791.16 rows=796812 width=34) (actual time=8.386..15992.906 rows=1514267 loops=1)
                                             Hash Cond: (l1.l_suppkey = supplier.s_suppkey)
                                             ->  Seq Scan on lineitem l1  (cost=0.00..1874384.25 rows=19995793 width=8) (actual time=0.104..12482.692 rows=37929348 loops=1)
                                                   Filter: (l_receiptdate > l_commitdate)
                                                   Rows Removed by Filter: 22056704
                                             ->  Hash  (cost=2404.57..2404.57 rows=4000 width=30) (actual time=8.229..8.231 rows=3991 loops=1)
                                                   Buckets: 4096  Batches: 1  Memory Usage: 282kB
                                                   ->  Nested Loop  (cost=47.29..2404.57 rows=4000 width=30) (actual time=0.882..7.477 rows=3991 loops=1)
                                                         ->  Seq Scan on nation  (cost=0.00..1.31 rows=1 width=4) (actual time=0.011..0.015 rows=1 loops=1)
                                                               Filter: (n_name = 'PERU'::bpchar)
                                                               Rows Removed by Filter: 24
                                                         ->  Bitmap Heap Scan on supplier  (cost=47.29..2363.25 rows=4000 width=34) (actual time=0.866..6.994 rows=3991 loops=1)
                                                               Recheck Cond: (s_nationkey = nation.n_nationkey)
                                                               Heap Blocks: exact=1873
                                                               ->  Bitmap Index Scan on idx_supplier_nation_key  (cost=0.00..46.29 rows=4000 width=0) (actual time=0.546..0.546 rows=3991 loops=1)
                                                                     Index Cond: (s_nationkey = nation.n_nationkey)
                                       ->  Hash  (cost=1874384.25..1874384.25 rows=19995793 width=8) (actual time=19076.349..19076.349 rows=37929348 loops=1)
                                             Buckets: 8388608  Batches: 8  Memory Usage: 250561kB
                                             ->  Seq Scan on lineitem l3  (cost=0.00..1874384.25 rows=19995793 width=8) (actual time=0.015..13395.181 rows=37929348 loops=1)
                                                   Filter: (l_receiptdate > l_commitdate)
                                                   Rows Removed by Filter: 22056704
                                 ->  Index Scan using orders_pkey on orders  (cost=0.43..7.32 rows=1 width=4) (actual time=0.004..0.004 rows=0 loops=134155)
                                       Index Cond: (o_orderkey = l1.l_orderkey)
                                       Filter: (o_orderstatus = 'F'::bpchar)
                                       Rows Removed by Filter: 1
                           ->  Index Scan using idx_lineitem_orderkey on lineitem l2  (cost=0.56..7.52 rows=4 width=8) (actual time=0.004..0.004 rows=1 loops=65960)
                                 Index Cond: (l_orderkey = orders.o_orderkey)
 Settings: effective_io_concurrency = '64', jit = 'off', maintenance_io_concurrency = '64', max_parallel_workers_per_gather = '0', work_mem = '256MB'
 Planning Time: 2.901 ms
 Execution Time: 40425.795 ms
(47 rows)

===== 22.sql jit=off =====
                                                                          QUERY PLAN                                                                          
--------------------------------------------------------------------------------------------------------------------------------------------------------------
 Limit  (cost=163379.60..163379.63 rows=1 width=72) (actual time=2070.423..2070.425 rows=1 loops=1)
   InitPlan 1 (returns $0)
     ->  Aggregate  (cost=75321.44..75321.45 rows=1 width=32) (actual time=1018.622..1018.623 rows=1 loops=1)
           ->  Seq Scan on customer customer_1  (cost=0.00..75201.97 rows=47786 width=6) (actual time=0.009..982.052 rows=382426 loops=1)
                 Filter: ((c_acctbal > 0.00) AND (SUBSTRING(c_phone FROM 1 FOR 2) = ANY ('{21,29,26,34,14,15,17}'::text[])))
                 Rows Removed by Filter: 1117574
   ->  GroupAggregate  (cost=88058.15..88250.56 rows=6997 width=72) (actual time=2070.422..2070.422 rows=1 loops=1)
         Group Key: (SUBSTRING(customer.c_phone FROM 1 FOR 2))
         ->  Sort  (cost=88058.15..88075.64 rows=6997 width=38) (actual time=2068.485..2068.895 rows=9006 loops=1)
               Sort Key: (SUBSTRING(customer.c_phone FROM 1 FOR 2))
               Sort Method: quicksort  Memory: 4513kB
               ->  Nested Loop Anti Join  (cost=0.43..87611.30 rows=6997 width=38) (actual time=1018.694..2051.920 rows=63509 loops=1)
                     ->  Seq Scan on customer  (cost=0.00..75201.97 rows=17500 width=26) (actual time=1018.669..1704.070 rows=191129 loops=1)
                           Filter: ((c_acctbal > $0) AND (SUBSTRING(c_phone FROM 1 FOR 2) = ANY ('{21,29,26,34,14,15,17}'::text[])))
                           Rows Removed by Filter: 1308871
                     ->  Index Only Scan using idx_orders_custkey on orders  (cost=0.43..3.28 rows=17 width=4) (actual time=0.002..0.002 rows=1 loops=191129)
                           Index Cond: (o_custkey = customer.c_custkey)
                           Heap Fetches: 0
 Settings: effective_io_concurrency = '64', jit = 'off', maintenance_io_concurrency = '64', max_parallel_workers_per_gather = '0', work_mem = '256MB'
 Planning Time: 1.231 ms
 Execution Time: 2070.780 ms
(21 rows)

===== 2-flattened.sql jit=off =====
                                                                       QUERY PLAN                                                                        
---------------------------------------------------------------------------------------------------------------------------------------------------------
 HashAggregate  (cost=207076.66..211576.27 rows=449961 width=36) (actual time=2662.697..3095.199 rows=1182884 loops=1)
   Group Key: partsupp.ps_partkey
   Batches: 1  Memory Usage: 180241kB
   ->  Nested Loop  (cost=42.10..199145.84 rows=1586165 width=10) (actual time=0.969..1942.193 rows=1604080 loops=1)
         ->  Nested Loop  (cost=41.67..2184.07 rows=20000 width=4) (actual time=0.953..25.105 rows=20051 loops=1)
               ->  Nested Loop  (cost=0.14..13.95 rows=5 width=4) (actual time=0.048..0.078 rows=5 loops=1)
                     Join Filter: (nation.n_regionkey = region.r_regionkey)
                     Rows Removed by Join Filter: 20
                     ->  Index Scan using nation_pkey on nation  (cost=0.14..12.51 rows=25 width=8) (actual time=0.016..0.028 rows=25 loops=1)
                     ->  Materialize  (cost=0.00..1.07 rows=1 width=4) (actual time=0.001..0.001 rows=1 loops=25)
                           ->  Seq Scan on region  (cost=0.00..1.06 rows=1 width=4) (actual time=0.022..0.023 rows=1 loops=1)
                                 Filter: (r_name = 'AMERICA'::bpchar)
                                 Rows Removed by Filter: 4
               ->  Bitmap Heap Scan on supplier  (cost=41.53..394.02 rows=4000 width=8) (actual time=0.680..4.448 rows=4010 loops=5)
                     Recheck Cond: (s_nationkey = nation.n_nationkey)
                     Heap Blocks: exact=9388
                     ->  Bitmap Index Scan on idx_supplier_nation_key  (cost=0.00..40.53 rows=4000 width=0) (actual time=0.423..0.423 rows=4010 loops=5)
                           Index Cond: (s_nationkey = nation.n_nationkey)
         ->  Index Scan using idx_partsupp_suppkey on partsupp  (cost=0.43..9.06 rows=79 width=14) (actual time=0.005..0.085 rows=80 loops=20051)
               Index Cond: (ps_suppkey = supplier.s_suppkey)
 Settings: effective_io_concurrency = '64', jit = 'off', maintenance_io_concurrency = '64', max_parallel_workers_per_gather = '0', work_mem = '256MB'
 Planning Time: 1.313 ms
 Execution Time: 3143.152 ms
(23 rows)

SELECT 1182884
CREATE INDEX
ANALYZE
                                                                             QUERY PLAN                                                                             
--------------------------------------------------------------------------------------------------------------------------------------------------------------------
 Limit  (cost=521895.63..521895.63 rows=1 width=193) (actual time=2914.413..2914.429 rows=100 loops=1)
   ->  Sort  (cost=521895.63..521895.63 rows=1 width=193) (actual time=2914.412..2914.422 rows=100 loops=1)
         Sort Key: supplier.s_acctbal DESC, nation.n_name, supplier.s_name, part.p_partkey
         Sort Method: top-N heapsort  Memory: 70kB
         ->  Hash Join  (cost=264254.86..521895.62 rows=1 width=193) (actual time=2194.956..2912.402 rows=4737 loops=1)
               Hash Cond: ((part.p_partkey = partsupp.ps_partkey) AND ((SubPlan 1) = partsupp.ps_supplycost))
               ->  Seq Scan on part  (cost=0.00..70961.52 rows=8745 width=30) (actual time=0.016..494.876 rows=8046 loops=1)
                     Filter: (((p_type)::text ~~ '%NICKEL'::text) AND (p_size = 16))
                     Rows Removed by Filter: 1991954
               ->  Hash  (cost=201737.39..201737.39 rows=1586165 width=173) (actual time=2192.274..2192.278 rows=1604080 loops=1)
                     Buckets: 2097152  Batches: 2  Memory Usage: 180174kB
                     ->  Nested Loop  (cost=2.00..201737.39 rows=1586165 width=173) (actual time=0.052..1526.963 rows=1604080 loops=1)
                           ->  Nested Loop  (cost=1.56..4775.62 rows=20000 width=167) (actual time=0.038..59.237 rows=20051 loops=1)
                                 Join Filter: (nation.n_regionkey = region.r_regionkey)
                                 Rows Removed by Join Filter: 79949
                                 ->  Seq Scan on region  (cost=0.00..1.06 rows=1 width=4) (actual time=0.007..0.010 rows=1 loops=1)
                                       Filter: (r_name = 'AMERICA'::bpchar)
                                       Rows Removed by Filter: 4
                                 ->  Hash Join  (cost=1.56..3524.56 rows=100000 width=171) (actual time=0.029..52.051 rows=100000 loops=1)
                                       Hash Cond: (supplier.s_nationkey = nation.n_nationkey)
                                       ->  Seq Scan on supplier  (cost=0.00..3216.00 rows=100000 width=145) (actual time=0.003..9.477 rows=100000 loops=1)
                                       ->  Hash  (cost=1.25..1.25 rows=25 width=34) (actual time=0.016..0.017 rows=25 loops=1)
                                             Buckets: 1024  Batches: 1  Memory Usage: 10kB
                                             ->  Seq Scan on nation  (cost=0.00..1.25 rows=25 width=34) (actual time=0.004..0.011 rows=25 loops=1)
                           ->  Index Scan using idx_partsupp_suppkey on partsupp  (cost=0.43..9.06 rows=79 width=14) (actual time=0.004..0.061 rows=80 loops=20051)
                                 Index Cond: (ps_suppkey = supplier.s_suppkey)
               SubPlan 1
                 ->  Index Scan using tmp_supplycost_idx on tmp_supplycost  (cost=0.43..8.45 rows=1 width=6) (actual time=0.004..0.004 rows=1 loops=12783)
                       Index Cond: (ps_partkey = part.p_partkey)
 Settings: effective_io_concurrency = '64', jit = 'off', maintenance_io_concurrency = '64', max_parallel_workers_per_gather = '0', work_mem = '256MB'
 Planning Time: 1.203 ms
 Execution Time: 2917.115 ms
(32 rows)

DROP TABLE
===== 2.sql jit=off =====
                                                                                        QUERY PLAN                                                                                         
-------------------------------------------------------------------------------------------------------------------------------------------------------------------------------------------
 Limit  (cost=1742031.49..1742031.50 rows=1 width=193) (actual time=4485.548..4485.564 rows=100 loops=1)
   ->  Sort  (cost=1742031.49..1742031.50 rows=1 width=193) (actual time=4485.547..4485.557 rows=100 loops=1)
         Sort Key: supplier.s_acctbal DESC, nation.n_name, supplier.s_name, part.p_partkey
         Sort Method: top-N heapsort  Memory: 71kB
         ->  Merge Join  (cost=500627.50..1742031.48 rows=1 width=193) (actual time=3084.571..4483.073 rows=4737 loops=1)
               Merge Cond: (part.p_partkey = partsupp.ps_partkey)
               Join Filter: (partsupp.ps_supplycost = (SubPlan 1))
               Rows Removed by Join Filter: 1661
               ->  Index Scan using part_pkey on part  (cost=0.43..102912.79 rows=8745 width=30) (actual time=0.033..653.621 rows=8046 loops=1)
                     Filter: (((p_type)::text ~~ '%NICKEL'::text) AND (p_size = 16))
                     Rows Removed by Filter: 1991954
               ->  Materialize  (cost=500626.98..508557.80 rows=1586165 width=173) (actual time=3084.405..3485.145 rows=1603828 loops=1)
                     ->  Sort  (cost=500626.98..504592.39 rows=1586165 width=173) (actual time=3084.400..3318.101 rows=1603828 loops=1)
                           Sort Key: partsupp.ps_partkey
                           Sort Method: external merge  Disk: 293448kB
                           ->  Nested Loop  (cost=2.00..201737.39 rows=1586165 width=173) (actual time=0.082..1682.945 rows=1604080 loops=1)
                                 ->  Nested Loop  (cost=1.56..4775.62 rows=20000 width=167) (actual time=0.065..59.033 rows=20051 loops=1)
                                       Join Filter: (nation.n_regionkey = region.r_regionkey)
                                       Rows Removed by Join Filter: 79949
                                       ->  Seq Scan on region  (cost=0.00..1.06 rows=1 width=4) (actual time=0.012..0.014 rows=1 loops=1)
                                             Filter: (r_name = 'AMERICA'::bpchar)
                                             Rows Removed by Filter: 4
                                       ->  Hash Join  (cost=1.56..3524.56 rows=100000 width=171) (actual time=0.052..52.074 rows=100000 loops=1)
                                             Hash Cond: (supplier.s_nationkey = nation.n_nationkey)
                                             ->  Seq Scan on supplier  (cost=0.00..3216.00 rows=100000 width=145) (actual time=0.014..9.667 rows=100000 loops=1)
                                             ->  Hash  (cost=1.25..1.25 rows=25 width=34) (actual time=0.024..0.025 rows=25 loops=1)
                                                   Buckets: 1024  Batches: 1  Memory Usage: 10kB
                                                   ->  Seq Scan on nation  (cost=0.00..1.25 rows=25 width=34) (actual time=0.010..0.016 rows=25 loops=1)
                                 ->  Index Scan using idx_partsupp_suppkey on partsupp  (cost=0.43..9.06 rows=79 width=14) (actual time=0.004..0.069 rows=80 loops=20051)
                                       Index Cond: (ps_suppkey = supplier.s_suppkey)
               SubPlan 1
                 ->  Aggregate  (cost=162.40..162.41 rows=1 width=32) (actual time=0.023..0.023 rows=1 loops=6398)
                       ->  Nested Loop  (cost=0.86..162.39 rows=4 width=6) (actual time=0.013..0.021 rows=2 loops=6398)
                             Join Filter: (nation_1.n_regionkey = region_1.r_regionkey)
                             Rows Removed by Join Filter: 2
                             ->  Seq Scan on region region_1  (cost=0.00..1.06 rows=1 width=4) (actual time=0.001..0.001 rows=1 loops=6398)
                                   Filter: (r_name = 'AMERICA'::bpchar)
                                   Rows Removed by Filter: 4
                             ->  Nested Loop  (cost=0.86..161.10 rows=18 width=10) (actual time=0.008..0.020 rows=4 loops=6398)
                                   ->  Nested Loop  (cost=0.72..158.33 rows=18 width=10) (actual time=0.007..0.015 rows=4 loops=6398)
                                         ->  Index Scan using idx_partsupp_partkey on partsupp partsupp_1  (cost=0.43..8.75 rows=18 width=10) (actual time=0.004..0.005 rows=4 loops=6398)
                                               Index Cond: (ps_partkey = part.p_partkey)
                                         ->  Index Scan using supplier_pkey on supplier supplier_1  (cost=0.29..8.31 rows=1 width=8) (actual time=0.002..0.002 rows=1 loops=25592)
                                               Index Cond: (s_suppkey = partsupp_1.ps_suppkey)
                                   ->  Index Scan using nation_pkey on nation nation_1  (cost=0.14..0.16 rows=1 width=8) (actual time=0.001..0.001 rows=1 loops=25592)
                                         Index Cond: (n_nationkey = supplier_1.s_nationkey)
 Settings: effective_io_concurrency = '64', jit = 'off', maintenance_io_concurrency = '64', max_parallel_workers_per_gather = '0', work_mem = '256MB'
 Planning Time: 2.766 ms
 Execution Time: 4520.076 ms
(49 rows)

===== 3.sql jit=off =====
                                                                                     QUERY PLAN                                                                                      
-------------------------------------------------------------------------------------------------------------------------------------------------------------------------------------
 Limit  (cost=2953596.97..2953597.00 rows=10 width=44) (actual time=19280.096..19280.109 rows=10 loops=1)
   ->  Sort  (cost=2953596.97..2961406.61 rows=3123854 width=44) (actual time=19280.094..19280.105 rows=10 loops=1)
         Sort Key: (sum((lineitem.l_extendedprice * ('1'::numeric - lineitem.l_discount)))) DESC, orders.o_orderdate
         Sort Method: top-N heapsort  Memory: 26kB
         ->  HashAggregate  (cost=2810435.77..2886091.61 rows=3123854 width=44) (actual time=19198.073..19259.093 rows=113934 loops=1)
               Group Key: lineitem.l_orderkey, orders.o_orderdate, orders.o_shippriority
               Planned Partitions: 4  Batches: 1  Memory Usage: 73745kB
               ->  Hash Join  (cost=527606.17..2554670.23 rows=3123854 width=24) (actual time=4311.169..18976.071 rows=301530 loops=1)
                     Hash Cond: (lineitem.l_orderkey = orders.o_orderkey)
                     ->  Seq Scan on lineitem  (cost=0.00..1874384.25 rows=32384337 width=16) (actual time=0.107..11278.452 rows=32534229 loops=1)
                           Filter: (l_shipdate > '1995-03-07'::date)
                           Rows Removed by Filter: 27451823
                     ->  Hash  (cost=509520.96..509520.96 rows=1446817 width=12) (actual time=4302.517..4302.526 rows=1451805 loops=1)
                           Buckets: 2097152  Batches: 1  Memory Usage: 78767kB
                           ->  Hash Join  (cost=139156.98..509520.96 rows=1446817 width=12) (actual time=993.483..3951.490 rows=1451805 loops=1)
                                 Hash Cond: (orders.o_custkey = customer.c_custkey)
                                 ->  Bitmap Heap Scan on orders  (cost=80831.24..432199.38 rows=7236491 width=16) (actual time=507.156..1988.654 rows=7239437 loops=1)
                                       Recheck Cond: (o_orderdate < '1995-03-07'::date)
                                       Heap Blocks: exact=260912
                                       ->  Bitmap Index Scan on idx_orders_orderdate  (cost=0.00..79022.12 rows=7236491 width=0) (actual time=447.216..447.216 rows=7239437 loops=1)
                                             Index Cond: (o_orderdate < '1995-03-07'::date)
                                 ->  Hash  (cost=54576.99..54576.99 rows=299900 width=4) (actual time=484.192..484.193 rows=300276 loops=1)
                                       Buckets: 524288  Batches: 1  Memory Usage: 14653kB
                                       ->  Seq Scan on customer  (cost=0.00..54576.99 rows=299900 width=4) (actual time=0.031..426.573 rows=300276 loops=1)
                                             Filter: (c_mktsegment = 'BUILDING'::bpchar)
                                             Rows Removed by Filter: 1199724
 Settings: effective_io_concurrency = '64', jit = 'off', maintenance_io_concurrency = '64', max_parallel_workers_per_gather = '0', work_mem = '256MB'
 Planning Time: 1.675 ms
 Execution Time: 19296.921 ms
(29 rows)

===== 4.sql jit=off =====
                                                                             QUERY PLAN                                                                             
--------------------------------------------------------------------------------------------------------------------------------------------------------------------
 Limit  (cost=2586212.55..2586212.55 rows=1 width=24) (actual time=23086.615..23086.618 rows=1 loops=1)
   ->  Sort  (cost=2586212.55..2586212.56 rows=5 width=24) (actual time=23086.613..23086.616 rows=1 loops=1)
         Sort Key: orders.o_orderpriority
         Sort Method: top-N heapsort  Memory: 25kB
         ->  HashAggregate  (cost=2586212.47..2586212.52 rows=5 width=24) (actual time=23086.569..23086.572 rows=5 loops=1)
               Group Key: orders.o_orderpriority
               Batches: 1  Memory Usage: 24kB
               ->  Hash Semi Join  (cost=2210173.01..2583385.58 rows=565379 width=16) (actual time=18908.002..22977.753 rows=513822 loops=1)
                     Hash Cond: (orders.o_orderkey = lineitem.l_orderkey)
                     ->  Bitmap Heap Scan on orders  (cost=7732.35..277126.17 rows=565455 width=20) (actual time=152.082..621.762 rows=560424 loops=1)
                           Recheck Cond: ((o_orderdate >= '1993-12-01'::date) AND (o_orderdate < '1994-03-01'::date))
                           Heap Blocks: exact=231732
                           ->  Bitmap Index Scan on idx_orders_orderdate  (cost=0.00..7590.99 rows=565455 width=0) (actual time=92.931..92.932 rows=560424 loops=1)
                                 Index Cond: ((o_orderdate >= '1993-12-01'::date) AND (o_orderdate < '1994-03-01'::date))
                     ->  Hash  (cost=1874384.25..1874384.25 rows=19995793 width=4) (actual time=18725.253..18725.254 rows=37929348 loops=1)
                           Buckets: 8388608  Batches: 8  Memory Usage: 232058kB
                           ->  Seq Scan on lineitem  (cost=0.00..1874384.25 rows=19995793 width=4) (actual time=0.075..13538.081 rows=37929348 loops=1)
                                 Filter: (l_commitdate < l_receiptdate)
                                 Rows Removed by Filter: 22056704
 Settings: effective_io_concurrency = '64', jit = 'off', maintenance_io_concurrency = '64', max_parallel_workers_per_gather = '0', work_mem = '256MB'
 Planning Time: 1.155 ms
 Execution Time: 23091.454 ms
(22 rows)

===== 5.sql jit=off =====
                                                                                           QUERY PLAN                                                                                            
-------------------------------------------------------------------------------------------------------------------------------------------------------------------------------------------------
 Limit  (cost=2397764.45..2397764.45 rows=1 width=58) (actual time=17274.408..17274.415 rows=1 loops=1)
   ->  Sort  (cost=2397764.45..2397764.51 rows=25 width=58) (actual time=17274.406..17274.412 rows=1 loops=1)
         Sort Key: (sum((lineitem.l_extendedprice * ('1'::numeric - lineitem.l_discount)))) DESC
         Sort Method: top-N heapsort  Memory: 25kB
         ->  GroupAggregate  (cost=2396849.50..2397764.33 rows=25 width=58) (actual time=17248.087..17274.347 rows=5 loops=1)
               Group Key: nation.n_name
               ->  Sort  (cost=2396849.50..2397032.40 rows=73161 width=38) (actual time=17241.607..17244.921 rows=72033 loops=1)
                     Sort Key: nation.n_name
                     Sort Method: quicksort  Memory: 8700kB
                     ->  Hash Join  (cost=413572.83..2390938.54 rows=73161 width=38) (actual time=2448.156..17213.986 rows=72033 loops=1)
                           Hash Cond: ((lineitem.l_suppkey = supplier.s_suppkey) AND (customer.c_nationkey = supplier.s_nationkey))
                           ->  Hash Join  (cost=408856.83..2376584.13 rows=1835884 width=50) (actual time=2399.919..16748.146 rows=1815327 loops=1)
                                 Hash Cond: (lineitem.l_orderkey = orders.o_orderkey)
                                 ->  Seq Scan on lineitem  (cost=0.00..1724415.80 rows=59987380 width=20) (actual time=0.050..6082.372 rows=59986052 loops=1)
                                 ->  Hash  (cost=403118.93..403118.93 rows=459032 width=38) (actual time=2397.612..2397.617 rows=453399 loops=1)
                                       Buckets: 524288  Batches: 1  Memory Usage: 35976kB
                                       ->  Hash Join  (cost=94582.33..403118.93 rows=459032 width=38) (actual time=821.371..2277.282 rows=453399 loops=1)
                                             Hash Cond: (orders.o_custkey = customer.c_custkey)
                                             ->  Bitmap Heap Scan on orders  (cost=31377.84..326717.25 rows=2295161 width=8) (actual time=252.075..1179.453 rows=2276638 loops=1)
                                                   Recheck Cond: ((o_orderdate >= '1993-01-01'::date) AND (o_orderdate < '1994-01-01'::date))
                                                   Heap Blocks: exact=260897
                                                   ->  Bitmap Index Scan on idx_orders_orderdate  (cost=0.00..30804.05 rows=2295161 width=0) (actual time=190.379..190.380 rows=2276638 loops=1)
                                                         Index Cond: ((o_orderdate >= '1993-01-01'::date) AND (o_orderdate < '1994-01-01'::date))
                                             ->  Hash  (cost=59454.49..59454.49 rows=300000 width=38) (actual time=567.293..567.296 rows=299436 loops=1)
                                                   Buckets: 524288  Batches: 1  Memory Usage: 25151kB
                                                   ->  Hash Join  (cost=2.51..59454.49 rows=300000 width=38) (actual time=0.091..497.239 rows=299436 loops=1)
                                                         Hash Cond: (customer.c_nationkey = nation.n_nationkey)
                                                         ->  Seq Scan on customer  (cost=0.00..50826.99 rows=1499999 width=8) (actual time=0.014..138.116 rows=1500000 loops=1)
                                                         ->  Hash  (cost=2.45..2.45 rows=5 width=30) (actual time=0.061..0.063 rows=5 loops=1)
                                                               Buckets: 1024  Batches: 1  Memory Usage: 9kB
                                                               ->  Hash Join  (cost=1.07..2.45 rows=5 width=30) (actual time=0.047..0.056 rows=5 loops=1)
                                                                     Hash Cond: (nation.n_regionkey = region.r_regionkey)
                                                                     ->  Seq Scan on nation  (cost=0.00..1.25 rows=25 width=34) (actual time=0.008..0.010 rows=25 loops=1)
                                                                     ->  Hash  (cost=1.06..1.06 rows=1 width=4) (actual time=0.020..0.020 rows=1 loops=1)
                                                                           Buckets: 1024  Batches: 1  Memory Usage: 9kB
                                                                           ->  Seq Scan on region  (cost=0.00..1.06 rows=1 width=4) (actual time=0.013..0.015 rows=1 loops=1)
                                                                                 Filter: (r_name = 'AMERICA'::bpchar)
                                                                                 Rows Removed by Filter: 4
                           ->  Hash  (cost=3216.00..3216.00 rows=100000 width=8) (actual time=47.098..47.099 rows=100000 loops=1)
                                 Buckets: 131072  Batches: 1  Memory Usage: 4931kB
                                 ->  Seq Scan on supplier  (cost=0.00..3216.00 rows=100000 width=8) (actual time=0.018..28.747 rows=100000 loops=1)
 Settings: effective_io_concurrency = '64', jit = 'off', maintenance_io_concurrency = '64', max_parallel_workers_per_gather = '0', work_mem = '256MB'
 Planning Time: 4.602 ms
 Execution Time: 17276.498 ms
(44 rows)

===== 6.sql jit=off =====
                                                                                          QUERY PLAN                                                                                           
-----------------------------------------------------------------------------------------------------------------------------------------------------------------------------------------------
 Limit  (cost=1507265.31..1507265.32 rows=1 width=32) (actual time=2838.320..2838.321 rows=1 loops=1)
   ->  Aggregate  (cost=1507265.31..1507265.32 rows=1 width=32) (actual time=2838.318..2838.319 rows=1 loops=1)
         ->  Bitmap Heap Scan on lineitem  (cost=302623.97..1501270.79 rows=1198904 width=12) (actual time=1294.589..2484.253 rows=1194558 loops=1)
               Recheck Cond: ((l_shipdate >= '1993-01-01'::date) AND (l_shipdate < '1994-01-01'::date) AND (l_discount >= 0.06) AND (l_discount <= 0.08) AND (l_quantity < '25'::numeric))
               Heap Blocks: exact=662932
               ->  Bitmap Index Scan on idx_lineitem_shipdate  (cost=0.00..302324.25 rows=1198904 width=0) (actual time=1122.545..1122.546 rows=1194558 loops=1)
                     Index Cond: ((l_shipdate >= '1993-01-01'::date) AND (l_shipdate < '1994-01-01'::date) AND (l_discount >= 0.06) AND (l_discount <= 0.08) AND (l_quantity < '25'::numeric))
 Settings: effective_io_concurrency = '64', jit = 'off', maintenance_io_concurrency = '64', max_parallel_workers_per_gather = '0', work_mem = '256MB'
 Planning Time: 0.734 ms
 Execution Time: 2841.107 ms
(10 rows)

===== 7.sql jit=off =====
                                                                                     QUERY PLAN                                                                                      
-------------------------------------------------------------------------------------------------------------------------------------------------------------------------------------
 Limit  (cost=2515134.94..2515135.06 rows=1 width=116) (actual time=20283.966..20283.974 rows=1 loops=1)
   ->  GroupAggregate  (cost=2515134.94..2516341.91 rows=10024 width=116) (actual time=20283.965..20283.972 rows=1 loops=1)
         Group Key: n1.n_name, n2.n_name, (EXTRACT(year FROM lineitem.l_shipdate))
         ->  Sort  (cost=2515134.94..2515285.88 rows=60378 width=96) (actual time=20275.351..20276.027 rows=14421 loops=1)
               Sort Key: n1.n_name, n2.n_name, (EXTRACT(year FROM lineitem.l_shipdate))
               Sort Method: quicksort  Memory: 9664kB
               ->  Hash Join  (cost=1022050.44..2510340.40 rows=60378 width=96) (actual time=8976.244..20238.210 rows=57794 loops=1)
                     Hash Cond: (lineitem.l_orderkey = orders.o_orderkey)
                     Join Filter: (((n1.n_name = 'PERU'::bpchar) AND (n2.n_name = 'MOROCCO'::bpchar)) OR ((n1.n_name = 'MOROCCO'::bpchar) AND (n2.n_name = 'PERU'::bpchar)))
                     Rows Removed by Join Filter: 58158
                     ->  Hash Join  (cost=470972.95..1951350.04 rows=1450829 width=46) (actual time=3319.701..14172.280 rows=1455694 loops=1)
                           Hash Cond: (lineitem.l_suppkey = supplier.s_suppkey)
                           ->  Bitmap Heap Scan on lineitem  (cost=467348.55..1864951.99 rows=18204096 width=24) (actual time=3278.898..11662.566 rows=18230325 loops=1)
                                 Recheck Cond: ((l_shipdate >= '1995-01-01'::date) AND (l_shipdate <= '1996-12-31'::date))
                                 Heap Blocks: exact=1119491
                                 ->  Bitmap Index Scan on idx_lineitem_shipdate  (cost=0.00..462797.52 rows=18204096 width=0) (actual time=2955.267..2955.267 rows=18230325 loops=1)
                                       Index Cond: ((l_shipdate >= '1995-01-01'::date) AND (l_shipdate <= '1996-12-31'::date))
                           ->  Hash  (cost=3524.40..3524.40 rows=8000 width=30) (actual time=40.744..40.745 rows=7981 loops=1)
                                 Buckets: 8192  Batches: 1  Memory Usage: 548kB
                                 ->  Hash Join  (cost=1.40..3524.40 rows=8000 width=30) (actual time=0.065..39.218 rows=7981 loops=1)
                                       Hash Cond: (supplier.s_nationkey = n1.n_nationkey)
                                       ->  Seq Scan on supplier  (cost=0.00..3216.00 rows=100000 width=8) (actual time=0.016..28.487 rows=100000 loops=1)
                                       ->  Hash  (cost=1.38..1.38 rows=2 width=30) (actual time=0.036..0.036 rows=2 loops=1)
                                             Buckets: 1024  Batches: 1  Memory Usage: 9kB
                                             ->  Seq Scan on nation n1  (cost=0.00..1.38 rows=2 width=30) (actual time=0.026..0.028 rows=2 loops=1)
                                                   Filter: ((n_name = 'PERU'::bpchar) OR (n_name = 'MOROCCO'::bpchar))
                                                   Rows Removed by Filter: 23
                     ->  Hash  (cost=536078.64..536078.64 rows=1199908 width=30) (actual time=5648.427..5648.430 rows=1191175 loops=1)
                           Buckets: 2097152  Batches: 1  Memory Usage: 88506kB
                           ->  Hash Join  (cost=56933.39..536078.64 rows=1199908 width=30) (actual time=494.786..5353.505 rows=1191175 loops=1)
                                 Hash Cond: (orders.o_custkey = customer.c_custkey)
                                 ->  Seq Scan on orders  (cost=0.00..410900.48 rows=14998848 width=8) (actual time=0.027..2381.520 rows=15000000 loops=1)
                                 ->  Hash  (cost=55433.39..55433.39 rows=120000 width=30) (actual time=494.257..494.259 rows=119622 loops=1)
                                       Buckets: 131072  Batches: 1  Memory Usage: 8267kB
                                       ->  Hash Join  (cost=1.40..55433.39 rows=120000 width=30) (actual time=0.049..467.985 rows=119622 loops=1)
                                             Hash Cond: (customer.c_nationkey = n2.n_nationkey)
                                             ->  Seq Scan on customer  (cost=0.00..50826.99 rows=1499999 width=8) (actual time=0.011..322.337 rows=1500000 loops=1)
                                             ->  Hash  (cost=1.38..1.38 rows=2 width=30) (actual time=0.023..0.024 rows=2 loops=1)
                                                   Buckets: 1024  Batches: 1  Memory Usage: 9kB
                                                   ->  Seq Scan on nation n2  (cost=0.00..1.38 rows=2 width=30) (actual time=0.015..0.018 rows=2 loops=1)
                                                         Filter: ((n_name = 'MOROCCO'::bpchar) OR (n_name = 'PERU'::bpchar))
                                                         Rows Removed by Filter: 23
 Settings: effective_io_concurrency = '64', jit = 'off', maintenance_io_concurrency = '64', max_parallel_workers_per_gather = '0', work_mem = '256MB'
 Planning Time: 3.993 ms
 Execution Time: 20288.974 ms
(45 rows)

===== 8.sql jit=off =====
                                                                                           QUERY PLAN                                                                                            
-------------------------------------------------------------------------------------------------------------------------------------------------------------------------------------------------
 Limit  (cost=1911588.72..1911588.95 rows=1 width=64) (actual time=4800.557..4800.565 rows=1 loops=1)
   ->  GroupAggregate  (cost=1911588.72..1912151.64 rows=2406 width=64) (actual time=4800.556..4800.563 rows=1 loops=1)
         Group Key: (EXTRACT(year FROM orders.o_orderdate))
         ->  Sort  (cost=1911588.72..1911645.92 rows=22880 width=70) (actual time=4794.103..4794.621 rows=11818 loops=1)
               Sort Key: (EXTRACT(year FROM orders.o_orderdate))
               Sort Method: quicksort  Memory: 2631kB
               ->  Nested Loop  (cost=497288.50..1909932.00 rows=22880 width=70) (actual time=3643.006..4785.213 rows=23842 loops=1)
                     ->  Hash Join  (cost=497288.35..1909261.31 rows=22880 width=20) (actual time=3642.984..4769.107 rows=23842 loops=1)
                           Hash Cond: (lineitem.l_suppkey = supplier.s_suppkey)
                           ->  Hash Join  (cost=492822.35..1904735.02 rows=22967 width=20) (actual time=3601.350..4717.594 rows=23842 loops=1)
                                 Hash Cond: (lineitem.l_orderkey = orders.o_orderkey)
                                 ->  Nested Loop  (cost=0.44..1410269.95 rows=376930 width=20) (actual time=0.107..1013.144 rows=389521 loops=1)
                                       ->  Seq Scan on part  (cost=0.00..65961.60 rows=13316 width=4) (actual time=0.067..331.018 rows=13011 loops=1)
                                             Filter: ((p_type)::text = 'LARGE POLISHED BRASS'::text)
                                             Rows Removed by Filter: 1986989
                                       ->  Index Scan using idx_lineitem_part_supp on lineitem  (cost=0.44..100.67 rows=28 width=24) (actual time=0.004..0.048 rows=30 loops=13011)
                                             Index Cond: (l_partkey = part.p_partkey)
                                 ->  Hash  (cost=481398.26..481398.26 rows=913892 width=8) (actual time=3596.799..3596.803 rows=910360 loops=1)
                                       Buckets: 1048576  Batches: 1  Memory Usage: 43753kB
                                       ->  Hash Join  (cost=125669.92..481398.26 rows=913892 width=8) (actual time=918.189..3395.501 rows=910360 loops=1)
                                             Hash Cond: (orders.o_custkey = customer.c_custkey)
                                             ->  Bitmap Heap Scan on orders  (cost=62465.42..391919.35 rows=4569462 width=12) (actual time=371.384..1870.003 rows=4557513 loops=1)
                                                   Recheck Cond: ((o_orderdate >= '1995-01-01'::date) AND (o_orderdate <= '1996-12-31'::date))
                                                   Heap Blocks: exact=260912
                                                   ->  Bitmap Index Scan on idx_orders_orderdate  (cost=0.00..61323.06 rows=4569462 width=0) (actual time=310.275..310.275 rows=4557513 loops=1)
                                                         Index Cond: ((o_orderdate >= '1995-01-01'::date) AND (o_orderdate <= '1996-12-31'::date))
                                             ->  Hash  (cost=59454.49..59454.49 rows=300000 width=4) (actual time=544.724..544.727 rows=299436 loops=1)
                                                   Buckets: 524288  Batches: 1  Memory Usage: 14624kB
                                                   ->  Hash Join  (cost=2.51..59454.49 rows=300000 width=4) (actual time=0.078..489.224 rows=299436 loops=1)
                                                         Hash Cond: (customer.c_nationkey = n1.n_nationkey)
                                                         ->  Seq Scan on customer  (cost=0.00..50826.99 rows=1499999 width=8) (actual time=0.007..136.255 rows=1500000 loops=1)
                                                         ->  Hash  (cost=2.45..2.45 rows=5 width=4) (actual time=0.054..0.056 rows=5 loops=1)
                                                               Buckets: 1024  Batches: 1  Memory Usage: 9kB
                                                               ->  Hash Join  (cost=1.07..2.45 rows=5 width=4) (actual time=0.044..0.053 rows=5 loops=1)
                                                                     Hash Cond: (n1.n_regionkey = region.r_regionkey)
                                                                     ->  Seq Scan on nation n1  (cost=0.00..1.25 rows=25 width=8) (actual time=0.009..0.011 rows=25 loops=1)
                                                                     ->  Hash  (cost=1.06..1.06 rows=1 width=4) (actual time=0.012..0.013 rows=1 loops=1)
                                                                           Buckets: 1024  Batches: 1  Memory Usage: 9kB
                                                                           ->  Seq Scan on region  (cost=0.00..1.06 rows=1 width=4) (actual time=0.006..0.008 rows=1 loops=1)
                                                                                 Filter: (r_name = 'AMERICA'::bpchar)
                                                                                 Rows Removed by Filter: 4
                           ->  Hash  (cost=3216.00..3216.00 rows=100000 width=8) (actual time=41.151..41.151 rows=100000 loops=1)
                                 Buckets: 131072  Batches: 1  Memory Usage: 4931kB
                                 ->  Seq Scan on supplier  (cost=0.00..3216.00 rows=100000 width=8) (actual time=0.014..24.820 rows=100000 loops=1)
                     ->  Memoize  (cost=0.15..2.17 rows=1 width=30) (actual time=0.000..0.000 rows=1 loops=23842)
                           Cache Key: supplier.s_nationkey
                           Hits: 23817  Misses: 25  Evictions: 0  Overflows: 0  Memory Usage: 4kB
                           ->  Index Scan using nation_pkey on nation n2  (cost=0.14..2.16 rows=1 width=30) (actual time=0.002..0.002 rows=1 loops=25)
                                 Index Cond: (n_nationkey = supplier.s_nationkey)
 Settings: effective_io_concurrency = '64', jit = 'off', maintenance_io_concurrency = '64', max_parallel_workers_per_gather = '0', work_mem = '256MB'
 Planning Time: 5.423 ms
 Execution Time: 4803.121 ms
(52 rows)

===== 9.sql jit=off =====
                                                                                   QUERY PLAN                                                                                   
--------------------------------------------------------------------------------------------------------------------------------------------------------------------------------
 Limit  (cost=2347652.77..2347652.80 rows=1 width=90) (actual time=49605.610..49605.616 rows=1 loops=1)
   ->  GroupAggregate  (cost=2347652.77..2347656.51 rows=107 width=90) (actual time=49605.609..49605.614 rows=1 loops=1)
         Group Key: nation.n_name, (EXTRACT(year FROM orders.o_orderdate))
         ->  Sort  (cost=2347652.77..2347653.03 rows=107 width=81) (actual time=49593.753..49597.384 rows=11401 loops=1)
               Sort Key: nation.n_name, (EXTRACT(year FROM orders.o_orderdate)) DESC
               Sort Method: external merge  Disk: 211200kB
               ->  Nested Loop  (cost=1991995.73..2347649.16 rows=107 width=81) (actual time=17054.021..45596.556 rows=3248192 loops=1)
                     Join Filter: (supplier.s_nationkey = nation.n_nationkey)
                     Rows Removed by Join Filter: 39009119
                     ->  Nested Loop  (cost=1991995.73..2347608.84 rows=107 width=31) (actual time=17053.988..40039.181 rows=3248192 loops=1)
                           ->  Nested Loop  (cost=1991995.30..2346977.25 rows=107 width=31) (actual time=17053.969..26562.308 rows=3248192 loops=1)
                                 ->  Hash Join  (cost=1991995.00..2346369.23 rows=107 width=35) (actual time=17053.943..21399.467 rows=3248192 loops=1)
                                       Hash Cond: ((partsupp.ps_suppkey = lineitem.l_suppkey) AND (partsupp.ps_partkey = lineitem.l_partkey))
                                       ->  Seq Scan on partsupp  (cost=0.00..254380.29 rows=7999429 width=14) (actual time=0.013..621.815 rows=8000000 loops=1)
                                       ->  Hash  (cost=1949107.18..1949107.18 rows=2859188 width=33) (actual time=17037.066..17037.068 rows=3248192 loops=1)
                                             Buckets: 4194304  Batches: 1  Memory Usage: 248226kB
                                             ->  Hash Join  (cost=67224.20..1949107.18 rows=2859188 width=33) (actual time=662.628..15961.348 rows=3248192 loops=1)
                                                   Hash Cond: (lineitem.l_partkey = part.p_partkey)
                                                   ->  Seq Scan on lineitem  (cost=0.00..1724415.80 rows=59987380 width=29) (actual time=0.030..6124.613 rows=59986052 loops=1)
                                                   ->  Hash  (cost=65961.60..65961.60 rows=101008 width=4) (actual time=662.091..662.092 rows=108312 loops=1)
                                                         Buckets: 131072  Batches: 1  Memory Usage: 4832kB
                                                         ->  Seq Scan on part  (cost=0.00..65961.60 rows=101008 width=4) (actual time=0.054..641.347 rows=108312 loops=1)
                                                               Filter: ((p_name)::text ~~ '%navy%'::text)
                                                               Rows Removed by Filter: 1891688
                                 ->  Index Scan using supplier_pkey on supplier  (cost=0.29..5.68 rows=1 width=8) (actual time=0.001..0.001 rows=1 loops=3248192)
                                       Index Cond: (s_suppkey = lineitem.l_suppkey)
                           ->  Index Scan using orders_pkey on orders  (cost=0.43..5.90 rows=1 width=8) (actual time=0.004..0.004 rows=1 loops=3248192)
                                 Index Cond: (o_orderkey = lineitem.l_orderkey)
                     ->  Materialize  (cost=0.00..1.38 rows=25 width=30) (actual time=0.000..0.001 rows=13 loops=3248192)
                           ->  Seq Scan on nation  (cost=0.00..1.25 rows=25 width=30) (actual time=0.011..0.016 rows=25 loops=1)
 Settings: effective_io_concurrency = '64', jit = 'off', maintenance_io_concurrency = '64', max_parallel_workers_per_gather = '0', work_mem = '256MB'
 Planning Time: 7.685 ms
 Execution Time: 49635.993 ms
(33 rows)

