===== 10.sql =====
                                                                                             QUERY PLAN                                                                                             
----------------------------------------------------------------------------------------------------------------------------------------------------------------------------------------------------
 Limit  (cost=2406214.42..2406214.47 rows=20 width=201) (actual time=32225.179..32225.186 rows=20 loops=1)
   ->  Sort  (cost=2406214.42..2407614.79 rows=560148 width=201) (actual time=32225.177..32225.182 rows=20 loops=1)
         Sort Key: (sum((lineitem.l_extendedprice * ('1'::numeric - lineitem.l_discount)))) DESC
         Sort Method: top-N heapsort  Memory: 33kB
         ->  GroupAggregate  (cost=2251407.11..2391309.09 rows=560148 width=201) (actual time=26189.362..31946.151 rows=381205 loops=1)
               Group Key: customer.c_custkey, nation.n_name
               ->  Incremental Sort  (cost=2251407.11..2377305.39 rows=560148 width=181) (actual time=26189.335..30005.448 rows=1145402 loops=1)
                     Sort Key: customer.c_custkey, nation.n_name
                     Presorted Key: customer.c_custkey
                     Full-sort Groups: 34068  Sort Method: quicksort  Average Memory: 33kB  Peak Memory: 33kB
                     ->  Nested Loop  (cost=2251406.92..2352098.73 rows=560148 width=181) (actual time=26188.880..29115.497 rows=1145402 loops=1)
                           ->  Merge Join  (cost=2251406.78..2338351.10 rows=560148 width=159) (actual time=26188.846..28003.353 rows=1145402 loops=1)
                                 Merge Cond: (customer.c_custkey = orders.o_custkey)
                                 ->  Index Scan using customer_pkey on customer  (cost=0.43..74797.65 rows=1500215 width=147) (actual time=0.018..682.944 rows=1499997 loops=1)
                                 ->  Sort  (cost=2251400.90..2252801.27 rows=560148 width=16) (actual time=26188.805..26411.707 rows=1145402 loops=1)
                                       Sort Key: orders.o_custkey
                                       Sort Method: quicksort  Memory: 113386kB
                                       ->  Hash Join  (cost=283705.51..2197919.52 rows=560148 width=16) (actual time=2219.535..25395.092 rows=1145402 loops=1)
                                             Hash Cond: (lineitem.l_orderkey = orders.o_orderkey)
                                             ->  Seq Scan on lineitem  (cost=0.00..1874375.35 rows=15176626 width=16) (actual time=0.019..19451.848 rows=14808183 loops=1)
                                                   Filter: (l_returnflag = 'R'::bpchar)
                                                   Rows Removed by Filter: 45177869
                                             ->  Hash  (cost=276785.95..276785.95 rows=553565 width=8) (actual time=2216.984..2216.985 rows=573160 loops=1)
                                                   Buckets: 1048576  Batches: 1  Memory Usage: 30582kB
                                                   ->  Bitmap Heap Scan on orders  (cost=7570.48..276785.95 rows=553565 width=8) (actual time=242.516..1946.168 rows=573160 loops=1)
                                                         Recheck Cond: ((o_orderdate >= '1994-08-01'::date) AND (o_orderdate < '1994-11-01'::date))
                                                         Heap Blocks: exact=233137
                                                         ->  Bitmap Index Scan on idx_orders_orderdate  (cost=0.00..7432.09 rows=553565 width=0) (actual time=131.024..131.024 rows=573160 loops=1)
                                                               Index Cond: ((o_orderdate >= '1994-08-01'::date) AND (o_orderdate < '1994-11-01'::date))
                           ->  Memoize  (cost=0.15..2.17 rows=1 width=30) (actual time=0.000..0.000 rows=1 loops=1145402)
                                 Cache Key: customer.c_nationkey
                                 Hits: 1145377  Misses: 25  Evictions: 0  Overflows: 0  Memory Usage: 4kB
                                 ->  Index Scan using nation_pkey on nation  (cost=0.14..2.16 rows=1 width=30) (actual time=0.005..0.005 rows=1 loops=25)
                                       Index Cond: (n_nationkey = customer.c_nationkey)
 Settings: jit = 'off', max_parallel_workers_per_gather = '0', work_mem = '128MB'
 Planning Time: 10.566 ms
 Execution Time: 32231.886 ms
(37 rows)

===== 11.sql =====
                                                                             QUERY PLAN                                                                              
---------------------------------------------------------------------------------------------------------------------------------------------------------------------
 Limit  (cost=94529.18..94529.19 rows=1 width=36) (actual time=2816.051..2816.056 rows=0 loops=1)
   InitPlan 1 (returns $2)
     ->  Aggregate  (cost=44197.19..44197.20 rows=1 width=32) (actual time=1033.143..1033.145 rows=1 loops=1)
           ->  Nested Loop  (cost=47.72..41796.62 rows=320076 width=10) (actual time=1.487..769.753 rows=320800 loops=1)
                 ->  Nested Loop  (cost=47.29..2404.57 rows=4000 width=4) (actual time=1.467..14.743 rows=4010 loops=1)
                       ->  Seq Scan on nation nation_1  (cost=0.00..1.31 rows=1 width=4) (actual time=0.012..0.017 rows=1 loops=1)
                             Filter: (n_name = 'SAUDI ARABIA'::bpchar)
                             Rows Removed by Filter: 24
                       ->  Bitmap Heap Scan on supplier supplier_1  (cost=47.29..2363.25 rows=4000 width=8) (actual time=1.451..13.520 rows=4010 loops=1)
                             Recheck Cond: (s_nationkey = nation_1.n_nationkey)
                             Heap Blocks: exact=1857
                             ->  Bitmap Index Scan on idx_supplier_nation_key  (cost=0.00..46.29 rows=4000 width=0) (actual time=0.950..0.950 rows=4010 loops=1)
                                   Index Cond: (s_nationkey = nation_1.n_nationkey)
                 ->  Index Scan using idx_partsupp_suppkey on partsupp partsupp_1  (cost=0.43..9.06 rows=79 width=14) (actual time=0.009..0.163 rows=80 loops=4010)
                       Index Cond: (ps_suppkey = supplier_1.s_suppkey)
   ->  Sort  (cost=50331.98..50598.71 rows=106692 width=36) (actual time=2816.049..2816.051 rows=0 loops=1)
         Sort Key: (sum((partsupp.ps_supplycost * (partsupp.ps_availqty)::numeric))) DESC
         Sort Method: quicksort  Memory: 25kB
         ->  HashAggregate  (cost=44997.38..49798.52 rows=106692 width=36) (actual time=2815.985..2815.986 rows=0 loops=1)
               Group Key: partsupp.ps_partkey
               Filter: (sum((partsupp.ps_supplycost * (partsupp.ps_availqty)::numeric)) > $2)
               Batches: 5  Memory Usage: 135217kB  Disk Usage: 752kB
               Rows Removed by Filter: 301833
               ->  Nested Loop  (cost=47.72..41796.62 rows=320076 width=14) (actual time=1.540..949.172 rows=320800 loops=1)
                     ->  Nested Loop  (cost=47.29..2404.57 rows=4000 width=4) (actual time=1.511..16.798 rows=4010 loops=1)
                           ->  Seq Scan on nation  (cost=0.00..1.31 rows=1 width=4) (actual time=0.028..0.033 rows=1 loops=1)
                                 Filter: (n_name = 'SAUDI ARABIA'::bpchar)
                                 Rows Removed by Filter: 24
                           ->  Bitmap Heap Scan on supplier  (cost=47.29..2363.25 rows=4000 width=8) (actual time=1.475..15.461 rows=4010 loops=1)
                                 Recheck Cond: (s_nationkey = nation.n_nationkey)
                                 Heap Blocks: exact=1857
                                 ->  Bitmap Index Scan on idx_supplier_nation_key  (cost=0.00..46.29 rows=4000 width=0) (actual time=0.977..0.977 rows=4010 loops=1)
                                       Index Cond: (s_nationkey = nation.n_nationkey)
                     ->  Index Scan using idx_partsupp_suppkey on partsupp  (cost=0.43..9.06 rows=79 width=18) (actual time=0.010..0.203 rows=80 loops=4010)
                           Index Cond: (ps_suppkey = supplier.s_suppkey)
 Settings: jit = 'off', max_parallel_workers_per_gather = '0', work_mem = '128MB'
 Planning Time: 2.481 ms
 Execution Time: 2820.543 ms
(38 rows)

===== 12.sql =====
                                                                                                                    QUERY PLAN                                                                                                                     
---------------------------------------------------------------------------------------------------------------------------------------------------------------------------------------------------------------------------------------------------
 Limit  (cost=3030946.63..3031786.75 rows=1 width=27) (actual time=34524.473..34524.476 rows=1 loops=1)
   ->  GroupAggregate  (cost=3030946.63..3036827.46 rows=7 width=27) (actual time=34524.471..34524.474 rows=1 loops=1)
         Group Key: lineitem.l_shipmode
         ->  Sort  (cost=3030946.63..3031681.72 rows=294038 width=27) (actual time=34425.067..34435.286 rows=155572 loops=1)
               Sort Key: lineitem.l_shipmode
               Sort Method: quicksort  Memory: 36606kB
               ->  Hash Join  (cost=2477917.51..3004239.68 rows=294038 width=27) (actual time=28194.520..34280.102 rows=311258 loops=1)
                     Hash Cond: (orders.o_orderkey = lineitem.l_orderkey)
                     ->  Seq Scan on orders  (cost=0.00..410894.74 rows=14998274 width=20) (actual time=0.214..2141.453 rows=15000000 loops=1)
                     ->  Hash  (cost=2474242.03..2474242.03 rows=294038 width=15) (actual time=28192.319..28192.320 rows=311258 loops=1)
                           Buckets: 524288  Batches: 1  Memory Usage: 18687kB
                           ->  Seq Scan on lineitem  (cost=0.00..2474242.03 rows=294038 width=15) (actual time=0.303..27978.587 rows=311258 loops=1)
                                 Filter: ((l_shipmode = ANY ('{SHIP,"REG AIR"}'::bpchar[])) AND (l_commitdate < l_receiptdate) AND (l_shipdate < l_commitdate) AND (l_receiptdate >= '1994-01-01'::date) AND (l_receiptdate < '1995-01-01'::date))
                                 Rows Removed by Filter: 59674794
 Settings: jit = 'off', max_parallel_workers_per_gather = '0', work_mem = '128MB'
 Planning Time: 1.612 ms
 Execution Time: 34526.269 ms
(17 rows)

===== 13.sql =====
                                                                                    QUERY PLAN                                                                                     
-----------------------------------------------------------------------------------------------------------------------------------------------------------------------------------
 Limit  (cost=1543716.62..1543716.62 rows=1 width=16) (actual time=29145.566..29145.569 rows=1 loops=1)
   ->  Sort  (cost=1543716.62..1543717.12 rows=200 width=16) (actual time=29145.563..29145.566 rows=1 loops=1)
         Sort Key: (count(*)) DESC, (count(orders.o_orderkey)) DESC
         Sort Method: top-N heapsort  Memory: 25kB
         ->  HashAggregate  (cost=1543713.62..1543715.62 rows=200 width=16) (actual time=29145.509..29145.524 rows=46 loops=1)
               Group Key: count(orders.o_orderkey)
               Batches: 1  Memory Usage: 40kB
               ->  HashAggregate  (cost=1389045.95..1521210.39 rows=1500215 width=12) (actual time=27710.951..28667.921 rows=1500000 loops=1)
                     Group Key: customer.c_custkey
                     Batches: 5  Memory Usage: 131121kB  Disk Usage: 27424kB
                     ->  Hash Right Join  (cost=57720.34..545477.41 rows=14996774 width=8) (actual time=630.990..18452.137 rows=15337604 loops=1)
                           Hash Cond: (orders.o_custkey = customer.c_custkey)
                           ->  Seq Scan on orders  (cost=0.00..448390.43 rows=14996774 width=8) (actual time=0.059..8740.903 rows=14837583 loops=1)
                                 Filter: ((o_comment)::text !~~ '%special%requests%'::text)
                                 Rows Removed by Filter: 162417
                           ->  Hash  (cost=38967.65..38967.65 rows=1500215 width=4) (actual time=626.431..626.432 rows=1500000 loops=1)
                                 Buckets: 2097152  Batches: 1  Memory Usage: 69119kB
                                 ->  Index Only Scan using customer_pkey on customer  (cost=0.43..38967.65 rows=1500215 width=4) (actual time=0.041..214.936 rows=1500000 loops=1)
                                       Heap Fetches: 0
 Settings: jit = 'off', max_parallel_workers_per_gather = '0', work_mem = '128MB'
 Planning Time: 1.326 ms
 Execution Time: 29164.622 ms
(22 rows)

===== 14.sql =====
                                                                            QUERY PLAN                                                                            
------------------------------------------------------------------------------------------------------------------------------------------------------------------
 Limit  (cost=1229795.90..1229795.91 rows=1 width=32) (actual time=6417.958..6417.960 rows=1 loops=1)
   ->  Aggregate  (cost=1229795.90..1229795.91 rows=1 width=32) (actual time=6417.956..6417.958 rows=1 loops=1)
         ->  Hash Join  (cost=119266.45..1216985.67 rows=732013 width=33) (actual time=1704.607..5472.133 rows=772942 loops=1)
               Hash Cond: (lineitem.l_partkey = part.p_partkey)
               ->  Bitmap Heap Scan on lineitem  (cost=19634.81..1094206.67 rows=764707 width=16) (actual time=503.369..3191.598 rows=772942 loops=1)
                     Recheck Cond: ((l_shipdate >= '1994-05-01'::date) AND (l_shipdate < '1994-06-01'::date))
                     Heap Blocks: exact=416660
                     ->  Bitmap Index Scan on idx_lineitem_shipdate  (cost=0.00..19443.63 rows=764707 width=0) (actual time=282.528..282.528 rows=772942 loops=1)
                           Index Cond: ((l_shipdate >= '1994-05-01'::date) AND (l_shipdate < '1994-06-01'::date))
               ->  Hash  (cost=60960.95..60960.95 rows=1999895 width=25) (actual time=1196.728..1196.729 rows=2000000 loops=1)
                     Buckets: 2097152  Batches: 2  Memory Usage: 74141kB
                     ->  Seq Scan on part  (cost=0.00..60960.95 rows=1999895 width=25) (actual time=0.042..542.121 rows=2000000 loops=1)
 Settings: jit = 'off', max_parallel_workers_per_gather = '0', work_mem = '128MB'
 Planning Time: 1.855 ms
 Execution Time: 6420.759 ms
(15 rows)

===== 15.sql =====
                                                                       QUERY PLAN                                                                       
--------------------------------------------------------------------------------------------------------------------------------------------------------
 HashAggregate  (cost=1242862.26..1244107.48 rows=99618 width=36) (actual time=8617.332..8693.638 rows=100000 loops=1)
   Group Key: l_suppkey
   Batches: 1  Memory Usage: 47121kB
   ->  Bitmap Heap Scan on lineitem  (cost=59946.01..1219512.56 rows=2334970 width=16) (actual time=1027.250..5062.551 rows=2265714 loops=1)
         Recheck Cond: ((l_shipdate >= '1996-01-01'::date) AND (l_shipdate < '1996-04-01'::date))
         Heap Blocks: exact=668609
         ->  Bitmap Index Scan on idx_lineitem_shipdate  (cost=0.00..59362.26 rows=2334970 width=0) (actual time=672.057..672.058 rows=2265714 loops=1)
               Index Cond: ((l_shipdate >= '1996-01-01'::date) AND (l_shipdate < '1996-04-01'::date))
 Settings: jit = 'off', max_parallel_workers_per_gather = '0', work_mem = '128MB'
 Planning Time: 0.974 ms
 Execution Time: 8700.646 ms
(11 rows)

CREATE VIEW
                                                                                   QUERY PLAN                                                                                   
--------------------------------------------------------------------------------------------------------------------------------------------------------------------------------
 Limit  (cost=2489736.83..2489747.03 rows=1 width=103) (actual time=16868.878..16868.882 rows=1 loops=1)
   InitPlan 1 (returns $0)
     ->  Aggregate  (cost=1245352.71..1245352.72 rows=1 width=32) (actual time=8427.648..8427.649 rows=1 loops=1)
           ->  HashAggregate  (cost=1242862.26..1244107.48 rows=99618 width=36) (actual time=8337.397..8415.119 rows=100000 loops=1)
                 Group Key: lineitem_1.l_suppkey
                 Batches: 1  Memory Usage: 47121kB
                 ->  Bitmap Heap Scan on lineitem lineitem_1  (cost=59946.01..1219512.56 rows=2334970 width=16) (actual time=998.080..4815.683 rows=2265714 loops=1)
                       Recheck Cond: ((l_shipdate >= '1996-01-01'::date) AND (l_shipdate < '1996-04-01'::date))
                       Heap Blocks: exact=668609
                       ->  Bitmap Index Scan on idx_lineitem_shipdate  (cost=0.00..59362.26 rows=2334970 width=0) (actual time=644.865..644.865 rows=2265714 loops=1)
                             Index Cond: ((l_shipdate >= '1996-01-01'::date) AND (l_shipdate < '1996-04-01'::date))
   ->  Merge Join  (cost=1244384.11..1249466.99 rows=498 width=103) (actual time=16868.876..16868.878 rows=1 loops=1)
         Merge Cond: (supplier.s_suppkey = revenue0.supplier_no)
         ->  Index Scan using supplier_pkey on supplier  (cost=0.29..4825.71 rows=100000 width=71) (actual time=0.274..21.014 rows=69998 loops=1)
         ->  Sort  (cost=1244383.82..1244385.06 rows=498 width=36) (actual time=16839.827..16839.828 rows=1 loops=1)
               Sort Key: revenue0.supplier_no
               Sort Method: quicksort  Memory: 25kB
               ->  Subquery Scan on revenue0  (cost=1242862.26..1244361.51 rows=498 width=36) (actual time=16783.529..16839.812 rows=1 loops=1)
                     ->  HashAggregate  (cost=1242862.26..1244356.53 rows=498 width=36) (actual time=16783.527..16839.808 rows=1 loops=1)
                           Group Key: lineitem.l_suppkey
                           Filter: (sum((lineitem.l_extendedprice * ('1'::numeric - lineitem.l_discount))) = $0)
                           Batches: 1  Memory Usage: 47121kB
                           Rows Removed by Filter: 99999
                           ->  Bitmap Heap Scan on lineitem  (cost=59946.01..1219512.56 rows=2334970 width=16) (actual time=993.434..4797.932 rows=2265714 loops=1)
                                 Recheck Cond: ((l_shipdate >= '1996-01-01'::date) AND (l_shipdate < '1996-04-01'::date))
                                 Heap Blocks: exact=668609
                                 ->  Bitmap Index Scan on idx_lineitem_shipdate  (cost=0.00..59362.26 rows=2334970 width=0) (actual time=640.097..640.097 rows=2265714 loops=1)
                                       Index Cond: ((l_shipdate >= '1996-01-01'::date) AND (l_shipdate < '1996-04-01'::date))
 Settings: jit = 'off', max_parallel_workers_per_gather = '0', work_mem = '128MB'
 Planning Time: 0.930 ms
 Execution Time: 16876.227 ms
(31 rows)

DROP VIEW
===== 16.sql =====
                                                                                         QUERY PLAN                                                                                         
--------------------------------------------------------------------------------------------------------------------------------------------------------------------------------------------
 Limit  (cost=402383.35..402383.35 rows=1 width=44) (actual time=11355.240..11355.244 rows=1 loops=1)
   ->  Sort  (cost=402383.35..402766.09 rows=153096 width=44) (actual time=11355.238..11355.241 rows=1 loops=1)
         Sort Key: (count(DISTINCT partsupp.ps_suppkey)) DESC, part.p_brand, part.p_type, part.p_size
         Sort Method: top-N heapsort  Memory: 25kB
         ->  GroupAggregate  (cost=392736.18..401617.87 rows=153096 width=44) (actual time=10494.233..11341.681 rows=27838 loops=1)
               Group Key: part.p_brand, part.p_type, part.p_size
               ->  Sort  (cost=392736.18..394206.33 rows=588058 width=40) (actual time=10494.164..10615.316 rows=1186319 loops=1)
                     Sort Key: part.p_brand, part.p_type, part.p_size
                     Sort Method: quicksort  Memory: 122929kB
                     ->  Hash Join  (cost=98100.13..336383.77 rows=588058 width=40) (actual time=1187.732..6474.165 rows=1186319 loops=1)
                           Hash Cond: (partsupp.ps_partkey = part.p_partkey)
                           ->  Index Only Scan using partsupp_pkey on partsupp  (cost=3466.46..231247.58 rows=4000946 width=8) (actual time=42.936..3539.991 rows=7995520 loops=1)
                                 Filter: (NOT (hashed SubPlan 1))
                                 Rows Removed by Filter: 4480
                                 Heap Fetches: 0
                                 SubPlan 1
                                   ->  Seq Scan on supplier  (cost=0.00..3466.00 rows=10 width=4) (actual time=0.179..42.841 rows=56 loops=1)
                                         Filter: ((s_comment)::text ~~ '%Customer%Complaints%'::text)
                                         Rows Removed by Filter: 99944
                           ->  Hash  (cost=90959.38..90959.38 rows=293944 width=40) (actual time=1143.623..1143.624 rows=296733 loops=1)
                                 Buckets: 524288  Batches: 1  Memory Usage: 25593kB
                                 ->  Seq Scan on part  (cost=0.00..90959.38 rows=293944 width=40) (actual time=0.055..987.832 rows=296733 loops=1)
                                       Filter: ((p_brand <> 'Brand#12'::bpchar) AND ((p_type)::text !~~ 'SMALL BRUSHED%'::text) AND (p_size = ANY ('{12,32,36,26,40,34,49,9}'::integer[])))
                                       Rows Removed by Filter: 1703267
 Settings: jit = 'off', max_parallel_workers_per_gather = '0', work_mem = '128MB'
 Planning Time: 1.568 ms
 Execution Time: 11361.268 ms
(27 rows)

===== 17-flattened.sql =====
                                                           QUERY PLAN                                                           
--------------------------------------------------------------------------------------------------------------------------------
 HashAggregate  (cost=5567304.60..6184450.14 rows=2089216 width=36) (actual time=70385.717..113354.611 rows=2000000 loops=1)
   Group Key: l_partkey
   Planned Partitions: 8  Batches: 9  Memory Usage: 135249kB  Disk Usage: 1846896kB
   ->  Seq Scan on lineitem  (cost=0.00..1724408.68 rows=59986668 width=9) (actual time=0.221..11892.587 rows=59986052 loops=1)
 Settings: jit = 'off', max_parallel_workers_per_gather = '0', work_mem = '128MB'
 Planning Time: 0.734 ms
 Execution Time: 113544.528 ms
(7 rows)

SELECT 2000000
CREATE INDEX
ANALYZE
                                                                                 QUERY PLAN                                                                                 
----------------------------------------------------------------------------------------------------------------------------------------------------------------------------
 Limit  (cost=222728.81..222728.82 rows=1 width=32) (actual time=733.031..733.033 rows=1 loops=1)
   ->  Aggregate  (cost=222728.81..222728.82 rows=1 width=32) (actual time=733.030..733.031 rows=1 loops=1)
         ->  Nested Loop  (cost=0.87..222682.70 rows=18443 width=8) (actual time=1.195..730.688 rows=5319 loops=1)
               Join Filter: (part.p_partkey = lineitem.l_partkey)
               ->  Nested Loop  (cost=0.43..85549.21 rows=1927 width=20) (actual time=1.174..629.005 rows=1996 loops=1)
                     ->  Seq Scan on part  (cost=0.00..70960.43 rows=1927 width=4) (actual time=1.155..606.949 rows=1996 loops=1)
                           Filter: ((p_brand = 'Brand#22'::bpchar) AND (p_container = 'LG BOX'::bpchar))
                           Rows Removed by Filter: 1998004
                     ->  Index Scan using idx_tmp_avg_quantity on tmp_avg_quantity part_agg  (cost=0.43..7.56 rows=1 width=16) (actual time=0.009..0.010 rows=1 loops=1996)
                           Index Cond: (agg_partkey = part.p_partkey)
               ->  Index Scan using idx_lineitem_part_supp on lineitem  (cost=0.44..71.04 rows=10 width=17) (actual time=0.020..0.049 rows=3 loops=1996)
                     Index Cond: (l_partkey = part_agg.agg_partkey)
                     Filter: (l_quantity < part_agg.avg_quantity)
                     Rows Removed by Filter: 27
 Settings: jit = 'off', max_parallel_workers_per_gather = '0', work_mem = '128MB'
 Planning Time: 1.868 ms
 Execution Time: 733.084 ms
(17 rows)

DROP TABLE
===== 17.sql =====
                                                                            QUERY PLAN                                                                             
-------------------------------------------------------------------------------------------------------------------------------------------------------------------
 Limit  (cost=6424097.11..6424097.12 rows=1 width=32) (actual time=112987.396..112987.767 rows=1 loops=1)
   ->  Aggregate  (cost=6424097.11..6424097.12 rows=1 width=32) (actual time=112987.392..112987.395 rows=1 loops=1)
         ->  Nested Loop  (cost=5638289.55..6424048.94 rows=19267 width=8) (actual time=69920.874..112985.077 rows=5319 loops=1)
               Join Filter: (part.p_partkey = lineitem.l_partkey)
               ->  Hash Join  (cost=5638289.11..6281811.02 rows=2013 width=40) (actual time=69920.825..112880.542 rows=1996 loops=1)
                     Hash Cond: (lineitem_1.l_partkey = part.p_partkey)
                     ->  HashAggregate  (cost=5567304.60..6184450.14 rows=2089216 width=36) (actual time=69335.325..111966.331 rows=2000000 loops=1)
                           Group Key: lineitem_1.l_partkey
                           Planned Partitions: 8  Batches: 9  Memory Usage: 135249kB  Disk Usage: 1846896kB
                           ->  Seq Scan on lineitem lineitem_1  (cost=0.00..1724408.68 rows=59986668 width=9) (actual time=0.362..11245.560 rows=59986052 loops=1)
                     ->  Hash  (cost=70960.43..70960.43 rows=1927 width=4) (actual time=582.337..582.338 rows=1996 loops=1)
                           Buckets: 2048  Batches: 1  Memory Usage: 87kB
                           ->  Seq Scan on part  (cost=0.00..70960.43 rows=1927 width=4) (actual time=0.563..579.967 rows=1996 loops=1)
                                 Filter: ((p_brand = 'Brand#22'::bpchar) AND (p_container = 'LG BOX'::bpchar))
                                 Rows Removed by Filter: 1998004
               ->  Index Scan using idx_lineitem_part_supp on lineitem  (cost=0.44..70.53 rows=10 width=17) (actual time=0.022..0.050 rows=3 loops=1996)
                     Index Cond: (l_partkey = lineitem_1.l_partkey)
                     Filter: (l_quantity < ((0.2 * avg(lineitem_1.l_quantity))))
                     Rows Removed by Filter: 27
 Settings: jit = 'off', max_parallel_workers_per_gather = '0', work_mem = '128MB'
 Planning Time: 2.313 ms
 Execution Time: 113086.766 ms
(22 rows)

===== 18.sql =====
                                                                                                 QUERY PLAN                                                                                                  
-------------------------------------------------------------------------------------------------------------------------------------------------------------------------------------------------------------
 Limit  (cost=9939609.04..9939609.29 rows=100 width=71) (actual time=91502.448..91502.466 rows=99 loops=1)
   ->  Sort  (cost=9939609.04..9989592.58 rows=19993414 width=71) (actual time=91502.445..91502.456 rows=99 loops=1)
         Sort Key: orders.o_totalprice DESC, orders.o_orderdate
         Sort Method: quicksort  Memory: 32kB
         ->  HashAggregate  (cost=8574110.73..9175475.14 rows=19993414 width=71) (actual time=91499.711..91502.227 rows=99 loops=1)
               Group Key: customer.c_custkey, orders.o_orderkey
               Planned Partitions: 64  Batches: 1  Memory Usage: 12369kB
               ->  Hash Join  (cost=70007.06..6618504.93 rows=19993414 width=44) (actual time=2910.931..91498.074 rows=693 loops=1)
                     Hash Cond: (orders.o_custkey = customer.c_custkey)
                     ->  Merge Join  (cost=425.22..6496440.23 rows=19993414 width=25) (actual time=1983.144..90569.411 rows=693 loops=1)
                           Merge Cond: (orders.o_orderkey = lineitem.l_orderkey)
                           ->  Merge Join  (cost=1.00..3729709.16 rows=4998889 width=24) (actual time=1524.615..68534.307 rows=99 loops=1)
                                 Merge Cond: (orders.o_orderkey = lineitem_1.l_orderkey)
                                 ->  Index Scan using orders_pkey on orders  (cost=0.43..650413.55 rows=14998274 width=20) (actual time=0.525..4498.025 rows=14982724 loops=1)
                                 ->  GroupAggregate  (cost=0.56..2929324.93 rows=4998889 width=4) (actual time=1377.436..62325.181 rows=99 loops=1)
                                       Group Key: lineitem_1.l_orderkey
                                       Filter: (sum(lineitem_1.l_quantity) > '313'::numeric)
                                       Rows Removed by Filter: 14999901
                                       ->  Index Scan using idx_lineitem_orderkey on lineitem lineitem_1  (cost=0.56..2404441.58 rows=59986668 width=9) (actual time=0.801..23668.744 rows=59986052 loops=1)
                           ->  Index Scan using idx_lineitem_orderkey on lineitem  (cost=0.56..2404441.58 rows=59986668 width=9) (actual time=0.031..15157.194 rows=59916431 loops=1)
                     ->  Hash  (cost=50829.15..50829.15 rows=1500215 width=23) (actual time=923.434..923.435 rows=1500000 loops=1)
                           Buckets: 2097152  Batches: 1  Memory Usage: 98416kB
                           ->  Seq Scan on customer  (cost=0.00..50829.15 rows=1500215 width=23) (actual time=0.340..420.008 rows=1500000 loops=1)
 Settings: jit = 'off', max_parallel_workers_per_gather = '0', work_mem = '128MB'
 Planning Time: 9.995 ms
 Execution Time: 91507.629 ms
(26 rows)

===== 19.sql =====
                                                                                                                                                                                                                                                                                                                                                                                                                                                                                                            QUERY PLAN                                                                                                                                                                                                                                                                                                                                                                                                                                                                                                            
----------------------------------------------------------------------------------------------------------------------------------------------------------------------------------------------------------------------------------------------------------------------------------------------------------------------------------------------------------------------------------------------------------------------------------------------------------------------------------------------------------------------------------------------------------------------------------------------------------------------------------------------------------------------------------------------------------------------------------------------------------------------------------------------------------------------------------------------------------------------------------------------------------------------------------------------------------------------------------------------------------------------------------
 Limit  (cost=696549.57..696549.58 rows=1 width=32) (actual time=1880.326..1880.328 rows=1 loops=1)
   ->  Aggregate  (cost=696549.57..696549.58 rows=1 width=32) (actual time=1880.323..1880.324 rows=1 loops=1)
         ->  Nested Loop  (cost=0.44..696541.26 rows=1108 width=12) (actual time=4.714..1877.873 rows=1063 loops=1)
               ->  Seq Scan on part  (cost=0.00..125957.54 rows=4928 width=30) (actual time=0.510..1024.149 rows=4781 loops=1)
                     Filter: ((p_size >= 1) AND (((p_brand = 'Brand#24'::bpchar) AND (p_container = ANY ('{"SM CASE","SM BOX","SM PACK","SM PKG"}'::bpchar[])) AND (p_size <= 5)) OR ((p_brand = 'Brand#43'::bpchar) AND (p_container = ANY ('{"MED BAG","MED BOX","MED PKG","MED PACK"}'::bpchar[])) AND (p_size <= 10)) OR ((p_brand = 'Brand#44'::bpchar) AND (p_container = ANY ('{"LG CASE","LG BOX","LG PACK","LG PKG"}'::bpchar[])) AND (p_size <= 15))))
                     Rows Removed by Filter: 1995219
               ->  Index Scan using idx_lineitem_part_supp on lineitem  (cost=0.44..115.77 rows=1 width=21) (actual time=0.160..0.177 rows=0 loops=4781)
                     Index Cond: (l_partkey = part.p_partkey)
                     Filter: ((l_shipmode = ANY ('{AIR,"AIR REG"}'::bpchar[])) AND (l_shipinstruct = 'DELIVER IN PERSON'::bpchar) AND (((l_quantity >= '10'::numeric) AND (l_quantity <= '20'::numeric)) OR ((l_quantity >= '10'::numeric) AND (l_quantity <= '20'::numeric)) OR ((l_quantity >= '20'::numeric) AND (l_quantity <= '30'::numeric))) AND (((part.p_brand = 'Brand#24'::bpchar) AND (part.p_container = ANY ('{"SM CASE","SM BOX","SM PACK","SM PKG"}'::bpchar[])) AND (l_quantity >= '10'::numeric) AND (l_quantity <= '20'::numeric) AND (part.p_size <= 5)) OR ((part.p_brand = 'Brand#43'::bpchar) AND (part.p_container = ANY ('{"MED BAG","MED BOX","MED PKG","MED PACK"}'::bpchar[])) AND (l_quantity >= '10'::numeric) AND (l_quantity <= '20'::numeric) AND (part.p_size <= 10)) OR ((part.p_brand = 'Brand#44'::bpchar) AND (part.p_container = ANY ('{"LG CASE","LG BOX","LG PACK","LG PKG"}'::bpchar[])) AND (l_quantity >= '20'::numeric) AND (l_quantity <= '30'::numeric) AND (part.p_size <= 15))))
                     Rows Removed by Filter: 30
 Settings: jit = 'off', max_parallel_workers_per_gather = '0', work_mem = '128MB'
 Planning Time: 2.338 ms
 Execution Time: 1880.442 ms
(13 rows)

===== 1.sql =====
                                                                 QUERY PLAN                                                                  
---------------------------------------------------------------------------------------------------------------------------------------------
 Limit  (cost=3952500.93..3952500.93 rows=1 width=236) (actual time=190672.438..190672.439 rows=1 loops=1)
   ->  Sort  (cost=3952500.93..3952500.94 rows=6 width=236) (actual time=190672.436..190672.437 rows=1 loops=1)
         Sort Key: l_returnflag, l_linestatus
         Sort Method: top-N heapsort  Memory: 25kB
         ->  HashAggregate  (cost=3952500.73..3952500.90 rows=6 width=236) (actual time=190672.377..190672.395 rows=4 loops=1)
               Group Key: l_returnflag, l_linestatus
               Batches: 1  Memory Usage: 32kB
               ->  Seq Scan on lineitem  (cost=0.00..1874375.35 rows=59375011 width=25) (actual time=0.260..27675.096 rows=59284448 loops=1)
                     Filter: (l_shipdate <= '1998-09-10 00:00:00'::timestamp without time zone)
                     Rows Removed by Filter: 701604
 Settings: jit = 'off', max_parallel_workers_per_gather = '0', work_mem = '128MB'
 Planning Time: 1.068 ms
 Execution Time: 190672.564 ms
(13 rows)

===== 20-flattened.sql =====
                                                                        QUERY PLAN                                                                         
-----------------------------------------------------------------------------------------------------------------------------------------------------------
 HashAggregate  (cost=2110883.11..2273653.74 rows=4863171 width=40) (actual time=108264.554..122770.669 rows=5448842 loops=1)
   Group Key: l_partkey, l_suppkey
   Planned Partitions: 16  Batches: 81  Memory Usage: 135313kB  Disk Usage: 342848kB
   ->  Bitmap Heap Scan on lineitem  (cost=236138.86..1498649.09 rows=9197882 width=13) (actual time=3145.411..92839.696 rows=9123688 loops=1)
         Recheck Cond: ((l_shipdate >= '1996-01-01'::date) AND (l_shipdate < '1997-01-01'::date))
         Heap Blocks: exact=1048319
         ->  Bitmap Index Scan on idx_lineitem_shipdate  (cost=0.00..233839.39 rows=9197882 width=0) (actual time=2530.293..2530.293 rows=9123688 loops=1)
               Index Cond: ((l_shipdate >= '1996-01-01'::date) AND (l_shipdate < '1997-01-01'::date))
 Settings: jit = 'off', max_parallel_workers_per_gather = '0', work_mem = '128MB'
 Planning Time: 3.437 ms
 Execution Time: 123016.028 ms
(11 rows)

SELECT 5448842
CREATE INDEX
ANALYZE
                                                                                   QUERY PLAN                                                                                   
--------------------------------------------------------------------------------------------------------------------------------------------------------------------------------
 Limit  (cost=58532.89..58532.90 rows=1 width=51) (actual time=8803.317..8803.320 rows=1 loops=1)
   ->  Sort  (cost=58532.89..58532.90 rows=1 width=51) (actual time=8803.314..8803.317 rows=1 loops=1)
         Sort Key: supplier.s_name
         Sort Method: top-N heapsort  Memory: 25kB
         ->  Nested Loop Semi Join  (cost=48.59..58532.88 rows=1 width=51) (actual time=13.306..8797.466 rows=1821 loops=1)
               ->  Nested Loop  (cost=47.29..2404.57 rows=4000 width=55) (actual time=3.741..23.836 rows=4095 loops=1)
                     ->  Seq Scan on nation  (cost=0.00..1.31 rows=1 width=4) (actual time=0.198..0.205 rows=1 loops=1)
                           Filter: (n_name = 'IRAQ'::bpchar)
                           Rows Removed by Filter: 24
                     ->  Bitmap Heap Scan on supplier  (cost=47.29..2363.25 rows=4000 width=59) (actual time=3.536..21.347 rows=4095 loops=1)
                           Recheck Cond: (s_nationkey = nation.n_nationkey)
                           Heap Blocks: exact=1867
                           ->  Bitmap Index Scan on idx_supplier_nation_key  (cost=0.00..46.29 rows=4000 width=0) (actual time=2.570..2.570 rows=4095 loops=1)
                                 Index Cond: (s_nationkey = nation.n_nationkey)
               ->  Nested Loop  (cost=1.30..14.02 rows=1 width=8) (actual time=2.142..2.142 rows=0 loops=4095)
                     Join Filter: (supplier.s_suppkey = agg_lineitem.agg_suppkey)
                     ->  Nested Loop  (cost=0.87..13.53 rows=1 width=16) (actual time=1.847..2.131 rows=1 loops=4095)
                           ->  Index Scan using idx_partsupp_suppkey on partsupp  (cost=0.43..9.06 rows=79 width=12) (actual time=0.027..1.495 rows=61 loops=4095)
                                 Index Cond: (ps_suppkey = supplier.s_suppkey)
                           ->  Memoize  (cost=0.44..0.48 rows=1 width=4) (actual time=0.010..0.010 rows=0 loops=248000)
                                 Cache Key: partsupp.ps_partkey
                                 Hits: 11702  Misses: 236298  Evictions: 0  Overflows: 0  Memory Usage: 15783kB
                                 ->  Index Scan using part_pkey on part  (cost=0.43..0.47 rows=1 width=4) (actual time=0.009..0.009 rows=0 loops=236298)
                                       Index Cond: (p_partkey = partsupp.ps_partkey)
                                       Filter: ((p_name)::text ~~ 'olive%'::text)
                                       Rows Removed by Filter: 1
                     ->  Index Scan using idx_tmp_agg_lineitem on tmp_agg_lineitem agg_lineitem  (cost=0.43..0.48 rows=1 width=13) (actual time=0.013..0.013 rows=1 loops=2732)
                           Index Cond: ((agg_partkey = partsupp.ps_partkey) AND (agg_suppkey = partsupp.ps_suppkey))
                           Filter: ((partsupp.ps_availqty)::numeric > agg_quantity)
                           Rows Removed by Filter: 0
 Settings: jit = 'off', max_parallel_workers_per_gather = '0', work_mem = '128MB'
 Planning Time: 11.694 ms
 Execution Time: 8805.064 ms
(33 rows)

DROP TABLE
===== 20.sql =====
                                                                                          QUERY PLAN                                                                                           
-----------------------------------------------------------------------------------------------------------------------------------------------------------------------------------------------
 Limit  (cost=2436809.08..2436809.08 rows=1 width=51) (actual time=157520.731..157520.736 rows=1 loops=1)
   ->  Sort  (cost=2436809.08..2436809.08 rows=1 width=51) (actual time=157520.729..157520.733 rows=1 loops=1)
         Sort Key: supplier.s_name
         Sort Method: top-N heapsort  Memory: 25kB
         ->  Nested Loop Semi Join  (cost=2177096.74..2436809.07 rows=1 width=51) (actual time=105860.368..157516.284 rows=1821 loops=1)
               Join Filter: (supplier.s_suppkey = lineitem.l_suppkey)
               Rows Removed by Join Filter: 183310388
               ->  Nested Loop  (cost=0.00..4467.31 rows=4000 width=55) (actual time=0.040..43.242 rows=4095 loops=1)
                     Join Filter: (supplier.s_nationkey = nation.n_nationkey)
                     Rows Removed by Join Filter: 95905
                     ->  Seq Scan on nation  (cost=0.00..1.31 rows=1 width=4) (actual time=0.025..0.031 rows=1 loops=1)
                           Filter: (n_name = 'IRAQ'::bpchar)
                           Rows Removed by Filter: 24
                     ->  Seq Scan on supplier  (cost=0.00..3216.00 rows=100000 width=59) (actual time=0.009..25.254 rows=100000 loops=1)
               ->  Materialize  (cost=2177096.74..2432161.76 rows=3 width=8) (actual time=24.141..31.767 rows=44765 loops=4095)
                     ->  Nested Loop  (cost=2177096.74..2432161.75 rows=3 width=8) (actual time=98856.186..119631.483 rows=59002 loops=1)
                           ->  Hash Join  (cost=2177096.31..2401264.49 rows=49123 width=44) (actual time=98855.544..115176.325 rows=59125 loops=1)
                                 Hash Cond: (lineitem.l_partkey = part.p_partkey)
                                 ->  HashAggregate  (cost=2110883.11..2273653.74 rows=4863171 width=40) (actual time=98233.221..113319.538 rows=5448842 loops=1)
                                       Group Key: lineitem.l_partkey, lineitem.l_suppkey
                                       Planned Partitions: 16  Batches: 81  Memory Usage: 135313kB  Disk Usage: 342848kB
                                       ->  Bitmap Heap Scan on lineitem  (cost=236138.86..1498649.09 rows=9197882 width=13) (actual time=3101.883..83557.525 rows=9123688 loops=1)
                                             Recheck Cond: ((l_shipdate >= '1996-01-01'::date) AND (l_shipdate < '1997-01-01'::date))
                                             Heap Blocks: exact=1048319
                                             ->  Bitmap Index Scan on idx_lineitem_shipdate  (cost=0.00..233839.39 rows=9197882 width=0) (actual time=2487.182..2487.182 rows=9123688 loops=1)
                                                   Index Cond: ((l_shipdate >= '1996-01-01'::date) AND (l_shipdate < '1997-01-01'::date))
                                 ->  Hash  (cost=65960.69..65960.69 rows=20201 width=4) (actual time=622.177..622.178 rows=21718 loops=1)
                                       Buckets: 32768  Batches: 1  Memory Usage: 1020kB
                                       ->  Seq Scan on part  (cost=0.00..65960.69 rows=20201 width=4) (actual time=0.347..608.925 rows=21718 loops=1)
                                             Filter: ((p_name)::text ~~ 'olive%'::text)
                                             Rows Removed by Filter: 1978282
                           ->  Index Scan using partsupp_pkey on partsupp  (cost=0.43..0.62 rows=1 width=12) (actual time=0.074..0.074 rows=1 loops=59125)
                                 Index Cond: ((ps_partkey = lineitem.l_partkey) AND (ps_suppkey = lineitem.l_suppkey))
                                 Filter: ((ps_availqty)::numeric > ((0.5 * sum(lineitem.l_quantity))))
                                 Rows Removed by Filter: 0
 Settings: jit = 'off', max_parallel_workers_per_gather = '0', work_mem = '128MB'
 Planning Time: 11.637 ms
 Execution Time: 157549.842 ms
(38 rows)

===== 21.sql =====
                                                                                            QUERY PLAN                                                                                             
---------------------------------------------------------------------------------------------------------------------------------------------------------------------------------------------------
 Limit  (cost=4271855.94..4271855.94 rows=1 width=34) (actual time=89089.695..89089.714 rows=100 loops=1)
   ->  Sort  (cost=4271855.94..4271855.94 rows=1 width=34) (actual time=89089.693..89089.704 rows=100 loops=1)
         Sort Key: (count(*)) DESC, supplier.s_name
         Sort Method: top-N heapsort  Memory: 38kB
         ->  GroupAggregate  (cost=4271855.91..4271855.93 rows=1 width=34) (actual time=89073.364..89087.601 rows=3991 loops=1)
               Group Key: supplier.s_name
               ->  Sort  (cost=4271855.91..4271855.91 rows=1 width=26) (actual time=89073.347..89077.778 rows=39281 loops=1)
                     Sort Key: supplier.s_name
                     Sort Method: quicksort  Memory: 3378kB
                     ->  Nested Loop Semi Join  (cost=2204883.37..4271855.90 rows=1 width=26) (actual time=34282.468..88874.182 rows=39281 loops=1)
                           Join Filter: (l2.l_suppkey <> l1.l_suppkey)
                           Rows Removed by Join Filter: 42023
                           ->  Nested Loop  (cost=2204882.80..4271848.36 rows=1 width=38) (actual time=34266.584..82423.898 rows=65960 loops=1)
                                 ->  Hash Anti Join  (cost=2204882.37..4271841.04 rows=1 width=34) (actual time=34264.643..69990.682 rows=134155 loops=1)
                                       Hash Cond: (l1.l_orderkey = l3.l_orderkey)
                                       Join Filter: (l3.l_suppkey <> l1.l_suppkey)
                                       Rows Removed by Join Filter: 547662
                                       ->  Hash Join  (cost=2454.57..1959811.47 rows=799822 width=34) (actual time=23.943..27955.350 rows=1514267 loops=1)
                                             Hash Cond: (l1.l_suppkey = supplier.s_suppkey)
                                             ->  Seq Scan on lineitem l1  (cost=0.00..1874375.35 rows=19995556 width=8) (actual time=0.181..21137.416 rows=37929348 loops=1)
                                                   Filter: (l_receiptdate > l_commitdate)
                                                   Rows Removed by Filter: 22056704
                                             ->  Hash  (cost=2404.57..2404.57 rows=4000 width=30) (actual time=23.707..23.709 rows=3991 loops=1)
                                                   Buckets: 4096  Batches: 1  Memory Usage: 282kB
                                                   ->  Nested Loop  (cost=47.29..2404.57 rows=4000 width=30) (actual time=2.676..21.845 rows=3991 loops=1)
                                                         ->  Seq Scan on nation  (cost=0.00..1.31 rows=1 width=4) (actual time=0.178..0.185 rows=1 loops=1)
                                                               Filter: (n_name = 'PERU'::bpchar)
                                                               Rows Removed by Filter: 24
                                                         ->  Bitmap Heap Scan on supplier  (cost=47.29..2363.25 rows=4000 width=34) (actual time=2.493..20.655 rows=3991 loops=1)
                                                               Recheck Cond: (s_nationkey = nation.n_nationkey)
                                                               Heap Blocks: exact=1873
                                                               ->  Bitmap Index Scan on idx_supplier_nation_key  (cost=0.00..46.29 rows=4000 width=0) (actual time=1.680..1.680 rows=3991 loops=1)
                                                                     Index Cond: (s_nationkey = nation.n_nationkey)
                                       ->  Hash  (cost=1874375.35..1874375.35 rows=19995556 width=8) (actual time=34225.220..34225.221 rows=37929348 loops=1)
                                             Buckets: 4194304  Batches: 16  Memory Usage: 125295kB
                                             ->  Seq Scan on lineitem l3  (cost=0.00..1874375.35 rows=19995556 width=8) (actual time=0.022..23080.657 rows=37929348 loops=1)
                                                   Filter: (l_receiptdate > l_commitdate)
                                                   Rows Removed by Filter: 22056704
                                 ->  Index Scan using orders_pkey on orders  (cost=0.43..7.32 rows=1 width=4) (actual time=0.091..0.091 rows=0 loops=134155)
                                       Index Cond: (o_orderkey = l1.l_orderkey)
                                       Filter: (o_orderstatus = 'F'::bpchar)
                                       Rows Removed by Filter: 1
                           ->  Index Scan using idx_lineitem_orderkey on lineitem l2  (cost=0.56..7.52 rows=4 width=8) (actual time=0.095..0.095 rows=1 loops=65960)
                                 Index Cond: (l_orderkey = orders.o_orderkey)
 Settings: jit = 'off', max_parallel_workers_per_gather = '0', work_mem = '128MB'
 Planning Time: 11.605 ms
 Execution Time: 89092.140 ms
(47 rows)

===== 22.sql =====
                                                                          QUERY PLAN                                                                          
--------------------------------------------------------------------------------------------------------------------------------------------------------------
 Limit  (cost=163214.86..163214.88 rows=1 width=72) (actual time=4130.006..4130.008 rows=1 loops=1)
   InitPlan 1 (returns $0)
     ->  Aggregate  (cost=75326.74..75326.75 rows=1 width=32) (actual time=1780.967..1780.968 rows=1 loops=1)
           ->  Seq Scan on customer customer_1  (cost=0.00..75207.64 rows=47637 width=6) (actual time=0.013..1687.254 rows=382426 loops=1)
                 Filter: ((c_acctbal > 0.00) AND (SUBSTRING(c_phone FROM 1 FOR 2) = ANY ('{21,29,26,34,14,15,17}'::text[])))
                 Rows Removed by Filter: 1117574
   ->  GroupAggregate  (cost=87888.11..88092.57 rows=7435 width=72) (actual time=4130.004..4130.005 rows=1 loops=1)
         Group Key: (SUBSTRING(customer.c_phone FROM 1 FOR 2))
         ->  Sort  (cost=87888.11..87906.69 rows=7435 width=38) (actual time=4126.031..4126.587 rows=9006 loops=1)
               Sort Key: (SUBSTRING(customer.c_phone FROM 1 FOR 2))
               Sort Method: quicksort  Memory: 4513kB
               ->  Nested Loop Anti Join  (cost=0.43..87410.03 rows=7435 width=38) (actual time=1781.061..4084.538 rows=63509 loops=1)
                     ->  Seq Scan on customer  (cost=0.00..75207.64 rows=17503 width=26) (actual time=1781.034..3148.465 rows=191129 loops=1)
                           Filter: ((c_acctbal > $0) AND (SUBSTRING(c_phone FROM 1 FOR 2) = ANY ('{21,29,26,34,14,15,17}'::text[])))
                           Rows Removed by Filter: 1308871
                     ->  Index Only Scan using idx_orders_custkey on orders  (cost=0.43..3.28 rows=17 width=4) (actual time=0.004..0.004 rows=1 loops=191129)
                           Index Cond: (o_custkey = customer.c_custkey)
                           Heap Fetches: 0
 Settings: jit = 'off', max_parallel_workers_per_gather = '0', work_mem = '128MB'
 Planning Time: 1.547 ms
 Execution Time: 4130.303 ms
(21 rows)

===== 2-flattened.sql =====
                                                                       QUERY PLAN                                                                        
---------------------------------------------------------------------------------------------------------------------------------------------------------
 HashAggregate  (cost=207146.23..211572.92 rows=442669 width=36) (actual time=5612.323..6417.962 rows=1182884 loops=1)
   Group Key: partsupp.ps_partkey
   Batches: 5  Memory Usage: 139313kB  Disk Usage: 15632kB
   ->  Nested Loop  (cost=42.10..199144.34 rows=1600379 width=10) (actual time=1.581..4115.725 rows=1604080 loops=1)
         ->  Nested Loop  (cost=41.67..2184.07 rows=20000 width=4) (actual time=1.557..75.882 rows=20051 loops=1)
               ->  Nested Loop  (cost=0.14..13.95 rows=5 width=4) (actual time=0.085..0.119 rows=5 loops=1)
                     Join Filter: (nation.n_regionkey = region.r_regionkey)
                     Rows Removed by Join Filter: 20
                     ->  Index Scan using nation_pkey on nation  (cost=0.14..12.51 rows=25 width=8) (actual time=0.046..0.058 rows=25 loops=1)
                     ->  Materialize  (cost=0.00..1.07 rows=1 width=4) (actual time=0.001..0.002 rows=1 loops=25)
                           ->  Seq Scan on region  (cost=0.00..1.06 rows=1 width=4) (actual time=0.022..0.024 rows=1 loops=1)
                                 Filter: (r_name = 'AMERICA'::bpchar)
                                 Rows Removed by Filter: 4
               ->  Bitmap Heap Scan on supplier  (cost=41.53..394.02 rows=4000 width=8) (actual time=1.378..13.919 rows=4010 loops=5)
                     Recheck Cond: (s_nationkey = nation.n_nationkey)
                     Heap Blocks: exact=9388
                     ->  Bitmap Index Scan on idx_supplier_nation_key  (cost=0.00..40.53 rows=4000 width=0) (actual time=0.874..0.874 rows=4010 loops=5)
                           Index Cond: (s_nationkey = nation.n_nationkey)
         ->  Index Scan using idx_partsupp_suppkey on partsupp  (cost=0.43..9.06 rows=79 width=14) (actual time=0.010..0.177 rows=80 loops=20051)
               Index Cond: (ps_suppkey = supplier.s_suppkey)
 Settings: jit = 'off', max_parallel_workers_per_gather = '0', work_mem = '128MB'
 Planning Time: 2.100 ms
 Execution Time: 6466.534 ms
(23 rows)

SELECT 1182884
CREATE INDEX
ANALYZE
                                                                             QUERY PLAN                                                                             
--------------------------------------------------------------------------------------------------------------------------------------------------------------------
 Limit  (cost=507911.84..507911.85 rows=1 width=192) (actual time=6451.178..6451.197 rows=100 loops=1)
   ->  Sort  (cost=507911.84..507911.85 rows=1 width=192) (actual time=6451.176..6451.187 rows=100 loops=1)
         Sort Key: supplier.s_acctbal DESC, nation.n_name, supplier.s_name, part.p_partkey
         Sort Method: top-N heapsort  Memory: 71kB
         ->  Hash Join  (cost=264813.57..507911.83 rows=1 width=192) (actual time=5298.531..6446.423 rows=4737 loops=1)
               Hash Cond: ((part.p_partkey = partsupp.ps_partkey) AND ((SubPlan 1) = partsupp.ps_supplycost))
               ->  Seq Scan on part  (cost=0.00..70960.43 rows=7865 width=30) (actual time=0.032..740.092 rows=8046 loops=1)
                     Filter: (((p_type)::text ~~ '%NICKEL'::text) AND (p_size = 16))
                     Rows Removed by Filter: 1991954
               ->  Hash  (cost=201735.89..201735.89 rows=1600379 width=172) (actual time=5297.428..5297.431 rows=1604080 loops=1)
                     Buckets: 1048576  Batches: 4  Memory Usage: 90233kB
                     ->  Nested Loop  (cost=2.00..201735.89 rows=1600379 width=172) (actual time=0.100..3775.247 rows=1604080 loops=1)
                           ->  Nested Loop  (cost=1.56..4775.62 rows=20000 width=166) (actual time=0.077..112.714 rows=20051 loops=1)
                                 Join Filter: (nation.n_regionkey = region.r_regionkey)
                                 Rows Removed by Join Filter: 79949
                                 ->  Seq Scan on region  (cost=0.00..1.06 rows=1 width=4) (actual time=0.029..0.032 rows=1 loops=1)
                                       Filter: (r_name = 'AMERICA'::bpchar)
                                       Rows Removed by Filter: 4
                                 ->  Hash Join  (cost=1.56..3524.56 rows=100000 width=170) (actual time=0.045..95.677 rows=100000 loops=1)
                                       Hash Cond: (supplier.s_nationkey = nation.n_nationkey)
                                       ->  Seq Scan on supplier  (cost=0.00..3216.00 rows=100000 width=144) (actual time=0.008..25.016 rows=100000 loops=1)
                                       ->  Hash  (cost=1.25..1.25 rows=25 width=34) (actual time=0.022..0.023 rows=25 loops=1)
                                             Buckets: 1024  Batches: 1  Memory Usage: 10kB
                                             ->  Seq Scan on nation  (cost=0.00..1.25 rows=25 width=34) (actual time=0.004..0.011 rows=25 loops=1)
                           ->  Index Scan using idx_partsupp_suppkey on partsupp  (cost=0.43..9.06 rows=79 width=14) (actual time=0.008..0.152 rows=80 loops=20051)
                                 Index Cond: (ps_suppkey = supplier.s_suppkey)
               SubPlan 1
                 ->  Index Scan using tmp_supplycost_idx on tmp_supplycost  (cost=0.43..8.45 rows=1 width=6) (actual time=0.007..0.007 rows=1 loops=12783)
                       Index Cond: (ps_partkey = part.p_partkey)
 Settings: jit = 'off', max_parallel_workers_per_gather = '0', work_mem = '128MB'
 Planning Time: 2.283 ms
 Execution Time: 6451.561 ms
(32 rows)

DROP TABLE
===== 2.sql =====
                                                                                        QUERY PLAN                                                                                         
-------------------------------------------------------------------------------------------------------------------------------------------------------------------------------------------
 Limit  (cost=1640639.11..1640639.12 rows=1 width=192) (actual time=8612.560..8612.580 rows=100 loops=1)
   ->  Sort  (cost=1640639.11..1640639.12 rows=1 width=192) (actual time=8612.558..8612.570 rows=100 loops=1)
         Sort Key: supplier.s_acctbal DESC, nation.n_name, supplier.s_name, part.p_partkey
         Sort Method: top-N heapsort  Memory: 71kB
         ->  Merge Join  (cost=503408.13..1640639.10 rows=1 width=192) (actual time=5942.682..8607.006 rows=4737 loops=1)
               Merge Cond: (part.p_partkey = partsupp.ps_partkey)
               Join Filter: (partsupp.ps_supplycost = (SubPlan 1))
               Rows Removed by Join Filter: 1661
               ->  Index Scan using part_pkey on part  (cost=0.43..102911.33 rows=7865 width=30) (actual time=0.048..1061.533 rows=8046 loops=1)
                     Filter: (((p_type)::text ~~ '%NICKEL'::text) AND (p_size = 16))
                     Rows Removed by Filter: 1991954
               ->  Materialize  (cost=503406.80..511408.70 rows=1600379 width=172) (actual time=5942.422..6796.803 rows=1603828 loops=1)
                     ->  Sort  (cost=503406.80..507407.75 rows=1600379 width=172) (actual time=5942.415..6437.232 rows=1603828 loops=1)
                           Sort Key: partsupp.ps_partkey
                           Sort Method: external merge  Disk: 293456kB
                           ->  Nested Loop  (cost=2.00..201735.89 rows=1600379 width=172) (actual time=0.080..4028.730 rows=1604080 loops=1)
                                 ->  Nested Loop  (cost=1.56..4775.62 rows=20000 width=166) (actual time=0.061..116.838 rows=20051 loops=1)
                                       Join Filter: (nation.n_regionkey = region.r_regionkey)
                                       Rows Removed by Join Filter: 79949
                                       ->  Seq Scan on region  (cost=0.00..1.06 rows=1 width=4) (actual time=0.014..0.017 rows=1 loops=1)
                                             Filter: (r_name = 'AMERICA'::bpchar)
                                             Rows Removed by Filter: 4
                                       ->  Hash Join  (cost=1.56..3524.56 rows=100000 width=170) (actual time=0.044..100.005 rows=100000 loops=1)
                                             Hash Cond: (supplier.s_nationkey = nation.n_nationkey)
                                             ->  Seq Scan on supplier  (cost=0.00..3216.00 rows=100000 width=144) (actual time=0.003..23.185 rows=100000 loops=1)
                                             ->  Hash  (cost=1.25..1.25 rows=25 width=34) (actual time=0.027..0.028 rows=25 loops=1)
                                                   Buckets: 1024  Batches: 1  Memory Usage: 10kB
                                                   ->  Seq Scan on nation  (cost=0.00..1.25 rows=25 width=34) (actual time=0.008..0.015 rows=25 loops=1)
                                 ->  Index Scan using idx_partsupp_suppkey on partsupp  (cost=0.43..9.06 rows=79 width=14) (actual time=0.008..0.164 rows=80 loops=20051)
                                       Index Cond: (ps_suppkey = supplier.s_suppkey)
               SubPlan 1
                 ->  Aggregate  (cost=162.40..162.41 rows=1 width=32) (actual time=0.053..0.053 rows=1 loops=6398)
                       ->  Nested Loop  (cost=0.86..162.39 rows=4 width=6) (actual time=0.031..0.050 rows=2 loops=6398)
                             Join Filter: (nation_1.n_regionkey = region_1.r_regionkey)
                             Rows Removed by Join Filter: 2
                             ->  Seq Scan on region region_1  (cost=0.00..1.06 rows=1 width=4) (actual time=0.002..0.003 rows=1 loops=6398)
                                   Filter: (r_name = 'AMERICA'::bpchar)
                                   Rows Removed by Filter: 4
                             ->  Nested Loop  (cost=0.86..161.10 rows=18 width=10) (actual time=0.019..0.045 rows=4 loops=6398)
                                   ->  Nested Loop  (cost=0.72..158.33 rows=18 width=10) (actual time=0.015..0.033 rows=4 loops=6398)
                                         ->  Index Scan using idx_partsupp_partkey on partsupp partsupp_1  (cost=0.43..8.75 rows=18 width=10) (actual time=0.009..0.010 rows=4 loops=6398)
                                               Index Cond: (ps_partkey = part.p_partkey)
                                         ->  Index Scan using supplier_pkey on supplier supplier_1  (cost=0.29..8.31 rows=1 width=8) (actual time=0.004..0.004 rows=1 loops=25592)
                                               Index Cond: (s_suppkey = partsupp_1.ps_suppkey)
                                   ->  Index Scan using nation_pkey on nation nation_1  (cost=0.14..0.16 rows=1 width=8) (actual time=0.002..0.002 rows=1 loops=25592)
                                         Index Cond: (n_nationkey = supplier_1.s_nationkey)
 Settings: jit = 'off', max_parallel_workers_per_gather = '0', work_mem = '128MB'
 Planning Time: 4.516 ms
 Execution Time: 8631.719 ms
(49 rows)

===== 3.sql =====
                                                                                      QUERY PLAN                                                                                       
---------------------------------------------------------------------------------------------------------------------------------------------------------------------------------------
 Limit  (cost=2949546.37..2949546.40 rows=10 width=44) (actual time=51951.406..51951.413 rows=10 loops=1)
   ->  Sort  (cost=2949546.37..2957328.31 rows=3112775 width=44) (actual time=51951.403..51951.408 rows=10 loops=1)
         Sort Key: (sum((lineitem.l_extendedprice * ('1'::numeric - lineitem.l_discount)))) DESC, orders.o_orderdate
         Sort Method: top-N heapsort  Memory: 26kB
         ->  HashAggregate  (cost=2806892.90..2882280.42 rows=3112775 width=44) (actual time=51809.466..51908.305 rows=113934 loops=1)
               Group Key: lineitem.l_orderkey, orders.o_orderdate, orders.o_shippriority
               Planned Partitions: 8  Batches: 1  Memory Usage: 61457kB
               ->  Hash Join  (cost=525490.45..2552034.45 rows=3112775 width=24) (actual time=25821.998..51250.151 rows=301530 loops=1)
                     Hash Cond: (lineitem.l_orderkey = orders.o_orderkey)
                     ->  Seq Scan on lineitem  (cost=0.00..1874375.35 rows=32277574 width=16) (actual time=0.201..19372.159 rows=32534229 loops=1)
                           Filter: (l_shipdate > '1995-03-07'::date)
                           Rows Removed by Filter: 27451823
                     ->  Hash  (cost=507410.46..507410.46 rows=1446399 width=12) (actual time=25816.483..25816.486 rows=1451805 loops=1)
                           Buckets: 2097152  Batches: 1  Memory Usage: 78767kB
                           ->  Hash Join  (cost=138286.64..507410.46 rows=1446399 width=12) (actual time=1815.180..24933.014 rows=1451805 loops=1)
                                 Hash Cond: (orders.o_custkey = customer.c_custkey)
                                 ->  Bitmap Heap Scan on orders  (cost=79915.79..430259.00 rows=7154497 width=16) (actual time=1185.383..20486.194 rows=7239437 loops=1)
                                       Recheck Cond: (o_orderdate < '1995-03-07'::date)
                                       Heap Blocks: exact=260912
                                       ->  Bitmap Index Scan on idx_orders_orderdate  (cost=0.00..78127.16 rows=7154497 width=0) (actual time=1059.052..1059.053 rows=7239437 loops=1)
                                             Index Cond: (o_orderdate < '1995-03-07'::date)
                                 ->  Hash  (cost=54579.69..54579.69 rows=303293 width=4) (actual time=628.646..628.647 rows=300276 loops=1)
                                       Buckets: 524288  Batches: 1  Memory Usage: 14653kB
                                       ->  Seq Scan on customer  (cost=0.00..54579.69 rows=303293 width=4) (actual time=0.331..514.149 rows=300276 loops=1)
                                             Filter: (c_mktsegment = 'BUILDING'::bpchar)
                                             Rows Removed by Filter: 1199724
 Settings: jit = 'off', max_parallel_workers_per_gather = '0', work_mem = '128MB'
 Planning Time: 8.336 ms
 Execution Time: 51957.861 ms
(29 rows)

===== 4.sql =====
                                                                              QUERY PLAN                                                                              
----------------------------------------------------------------------------------------------------------------------------------------------------------------------
 Limit  (cost=2584349.72..2584349.72 rows=1 width=24) (actual time=60151.847..60151.850 rows=1 loops=1)
   ->  Sort  (cost=2584349.72..2584349.73 rows=5 width=24) (actual time=60151.844..60151.847 rows=1 loops=1)
         Sort Key: orders.o_orderpriority
         Sort Method: top-N heapsort  Memory: 25kB
         ->  HashAggregate  (cost=2584349.64..2584349.69 rows=5 width=24) (actual time=60151.791..60151.795 rows=5 loops=1)
               Group Key: orders.o_orderpriority
               Batches: 1  Memory Usage: 24kB
               ->  Hash Semi Join  (cost=2209840.62..2581639.50 rows=542028 width=16) (actual time=32658.614..59857.769 rows=513822 loops=1)
                     Hash Cond: (orders.o_orderkey = lineitem.l_orderkey)
                     ->  Bitmap Heap Scan on orders  (cost=7412.82..276456.11 rows=542086 width=20) (actual time=239.768..21269.246 rows=560424 loops=1)
                           Recheck Cond: ((o_orderdate >= '1993-12-01'::date) AND (o_orderdate < '1994-03-01'::date))
                           Heap Blocks: exact=231732
                           ->  Bitmap Index Scan on idx_orders_orderdate  (cost=0.00..7277.30 rows=542086 width=0) (actual time=128.288..128.289 rows=560424 loops=1)
                                 Index Cond: ((o_orderdate >= '1993-12-01'::date) AND (o_orderdate < '1994-03-01'::date))
                     ->  Hash  (cost=1874375.35..1874375.35 rows=19995556 width=4) (actual time=32408.423..32408.424 rows=37929348 loops=1)
                           Buckets: 4194304  Batches: 16  Memory Usage: 116042kB
                           ->  Seq Scan on lineitem  (cost=0.00..1874375.35 rows=19995556 width=4) (actual time=0.344..22331.609 rows=37929348 loops=1)
                                 Filter: (l_commitdate < l_receiptdate)
                                 Rows Removed by Filter: 22056704
 Settings: jit = 'off', max_parallel_workers_per_gather = '0', work_mem = '128MB'
 Planning Time: 6.624 ms
 Execution Time: 60153.623 ms
(22 rows)

===== 5.sql =====
                                                                                           QUERY PLAN                                                                                            
-------------------------------------------------------------------------------------------------------------------------------------------------------------------------------------------------
 Limit  (cost=2372084.71..2372084.71 rows=1 width=58) (actual time=53010.287..53010.295 rows=1 loops=1)
   ->  Sort  (cost=2372084.71..2372084.77 rows=25 width=58) (actual time=53010.285..53010.292 rows=1 loops=1)
         Sort Key: (sum((lineitem.l_extendedprice * ('1'::numeric - lineitem.l_discount)))) DESC
         Sort Method: top-N heapsort  Memory: 25kB
         ->  GroupAggregate  (cost=2371179.72..2372084.58 rows=25 width=58) (actual time=52953.890..53010.249 rows=5 loops=1)
               Group Key: nation.n_name
               ->  Sort  (cost=2371179.72..2371360.63 rows=72364 width=38) (actual time=52940.023..52945.531 rows=72033 loops=1)
                     Sort Key: nation.n_name
                     Sort Method: quicksort  Memory: 8700kB
                     ->  Hash Join  (cost=421952.87..2365338.87 rows=72364 width=38) (actual time=24174.237..52867.192 rows=72033 loops=1)
                           Hash Cond: ((lineitem.l_suppkey = supplier.s_suppkey) AND (customer.c_nationkey = supplier.s_nationkey))
                           ->  Hash Join  (cost=417236.87..2351124.64 rows=1809184 width=50) (actual time=24101.841..52138.080 rows=1815327 loops=1)
                                 Hash Cond: (orders.o_custkey = customer.c_custkey)
                                 ->  Hash Join  (cost=354028.44..2235902.17 rows=9045919 width=20) (actual time=23278.692..48937.754 rows=9108027 loops=1)
                                       Hash Cond: (lineitem.l_orderkey = orders.o_orderkey)
                                       ->  Seq Scan on lineitem  (cost=0.00..1724408.68 rows=59986668 width=20) (actual time=0.329..10339.333 rows=59986052 loops=1)
                                       ->  Hash  (cost=325756.92..325756.92 rows=2261722 width=8) (actual time=23269.447..23269.448 rows=2276638 loops=1)
                                             Buckets: 4194304  Batches: 1  Memory Usage: 121700kB
                                             ->  Bitmap Heap Scan on orders  (cost=30919.09..325756.92 rows=2261722 width=8) (actual time=493.235..22046.891 rows=2276638 loops=1)
                                                   Recheck Cond: ((o_orderdate >= '1993-01-01'::date) AND (o_orderdate < '1994-01-01'::date))
                                                   Heap Blocks: exact=260897
                                                   ->  Bitmap Index Scan on idx_orders_orderdate  (cost=0.00..30353.66 rows=2261722 width=0) (actual time=367.772..367.772 rows=2276638 loops=1)
                                                         Index Cond: ((o_orderdate >= '1993-01-01'::date) AND (o_orderdate < '1994-01-01'::date))
                                 ->  Hash  (cost=59457.90..59457.90 rows=300043 width=38) (actual time=821.685..821.687 rows=299436 loops=1)
                                       Buckets: 524288  Batches: 1  Memory Usage: 25151kB
                                       ->  Hash Join  (cost=2.51..59457.90 rows=300043 width=38) (actual time=0.986..685.039 rows=299436 loops=1)
                                             Hash Cond: (customer.c_nationkey = nation.n_nationkey)
                                             ->  Seq Scan on customer  (cost=0.00..50829.15 rows=1500215 width=8) (actual time=0.438..296.500 rows=1500000 loops=1)
                                             ->  Hash  (cost=2.45..2.45 rows=5 width=30) (actual time=0.530..0.531 rows=5 loops=1)
                                                   Buckets: 1024  Batches: 1  Memory Usage: 9kB
                                                   ->  Hash Join  (cost=1.07..2.45 rows=5 width=30) (actual time=0.517..0.527 rows=5 loops=1)
                                                         Hash Cond: (nation.n_regionkey = region.r_regionkey)
                                                         ->  Seq Scan on nation  (cost=0.00..1.25 rows=25 width=34) (actual time=0.318..0.321 rows=25 loops=1)
                                                         ->  Hash  (cost=1.06..1.06 rows=1 width=4) (actual time=0.180..0.180 rows=1 loops=1)
                                                               Buckets: 1024  Batches: 1  Memory Usage: 9kB
                                                               ->  Seq Scan on region  (cost=0.00..1.06 rows=1 width=4) (actual time=0.169..0.171 rows=1 loops=1)
                                                                     Filter: (r_name = 'AMERICA'::bpchar)
                                                                     Rows Removed by Filter: 4
                           ->  Hash  (cost=3216.00..3216.00 rows=100000 width=8) (actual time=70.085..70.086 rows=100000 loops=1)
                                 Buckets: 131072  Batches: 1  Memory Usage: 4931kB
                                 ->  Seq Scan on supplier  (cost=0.00..3216.00 rows=100000 width=8) (actual time=0.327..36.762 rows=100000 loops=1)
 Settings: jit = 'off', max_parallel_workers_per_gather = '0', work_mem = '128MB'
 Planning Time: 14.351 ms
 Execution Time: 53014.000 ms
(44 rows)

===== 6.sql =====
                                                                                          QUERY PLAN                                                                                           
-----------------------------------------------------------------------------------------------------------------------------------------------------------------------------------------------
 Limit  (cost=1501907.07..1501907.08 rows=1 width=32) (actual time=7628.273..7628.274 rows=1 loops=1)
   ->  Aggregate  (cost=1501907.07..1501907.08 rows=1 width=32) (actual time=7628.270..7628.271 rows=1 loops=1)
         ->  Bitmap Heap Scan on lineitem  (cost=297540.23..1495922.84 rows=1196844 width=12) (actual time=2998.285..6635.300 rows=1194558 loops=1)
               Recheck Cond: ((l_shipdate >= '1993-01-01'::date) AND (l_shipdate < '1994-01-01'::date) AND (l_discount >= 0.06) AND (l_discount <= 0.08) AND (l_quantity < '25'::numeric))
               Heap Blocks: exact=662932
               ->  Bitmap Index Scan on idx_lineitem_shipdate  (cost=0.00..297241.02 rows=1196844 width=0) (actual time=2646.967..2646.968 rows=1194558 loops=1)
                     Index Cond: ((l_shipdate >= '1993-01-01'::date) AND (l_shipdate < '1994-01-01'::date) AND (l_discount >= 0.06) AND (l_discount <= 0.08) AND (l_quantity < '25'::numeric))
 Settings: jit = 'off', max_parallel_workers_per_gather = '0', work_mem = '128MB'
 Planning Time: 1.059 ms
 Execution Time: 7630.786 ms
(10 rows)

===== 7.sql =====
                                                                                     QUERY PLAN                                                                                      
-------------------------------------------------------------------------------------------------------------------------------------------------------------------------------------
 Limit  (cost=2518279.09..2518279.22 rows=1 width=116) (actual time=89033.706..89033.714 rows=1 loops=1)
   ->  GroupAggregate  (cost=2518279.09..2519493.75 rows=10012 width=116) (actual time=89033.704..89033.711 rows=1 loops=1)
         Group Key: n1.n_name, n2.n_name, (EXTRACT(year FROM lineitem.l_shipdate))
         ->  Sort  (cost=2518279.09..2518431.16 rows=60827 width=96) (actual time=89014.342..89015.670 rows=14421 loops=1)
               Sort Key: n1.n_name, n2.n_name, (EXTRACT(year FROM lineitem.l_shipdate))
               Sort Method: quicksort  Memory: 9664kB
               ->  Hash Join  (cost=1023747.25..2513445.65 rows=60827 width=96) (actual time=13999.008..88908.624 rows=57794 loops=1)
                     Hash Cond: (lineitem.l_suppkey = supplier.s_suppkey)
                     Join Filter: (((n1.n_name = 'PERU'::bpchar) AND (n2.n_name = 'MOROCCO'::bpchar)) OR ((n1.n_name = 'MOROCCO'::bpchar) AND (n2.n_name = 'PERU'::bpchar)))
                     Rows Removed by Join Filter: 58158
                     ->  Hash Join  (cost=1020122.85..2501849.49 rows=1461625 width=46) (actual time=13945.923..88158.074 rows=1448126 loops=1)
                           Hash Cond: (lineitem.l_orderkey = orders.o_orderkey)
                           ->  Bitmap Heap Scan on lineitem  (cost=469051.28..1867647.99 rows=18270314 width=24) (actual time=5562.855..72935.988 rows=18230325 loops=1)
                                 Recheck Cond: ((l_shipdate >= '1995-01-01'::date) AND (l_shipdate <= '1996-12-31'::date))
                                 Heap Blocks: exact=1119491
                                 ->  Bitmap Index Scan on idx_lineitem_shipdate  (cost=0.00..464483.71 rows=18270314 width=0) (actual time=4905.258..4905.258 rows=18230325 loops=1)
                                       Index Cond: ((l_shipdate >= '1995-01-01'::date) AND (l_shipdate <= '1996-12-31'::date))
                           ->  Hash  (cost=536073.29..536073.29 rows=1199862 width=30) (actual time=8378.582..8378.586 rows=1191175 loops=1)
                                 Buckets: 2097152  Batches: 1  Memory Usage: 88506kB
                                 ->  Hash Join  (cost=56936.43..536073.29 rows=1199862 width=30) (actual time=661.064..7836.767 rows=1191175 loops=1)
                                       Hash Cond: (orders.o_custkey = customer.c_custkey)
                                       ->  Seq Scan on orders  (cost=0.00..410894.74 rows=14998274 width=8) (actual time=0.039..2702.585 rows=15000000 loops=1)
                                       ->  Hash  (cost=55436.21..55436.21 rows=120017 width=30) (actual time=660.719..660.722 rows=119622 loops=1)
                                             Buckets: 131072  Batches: 1  Memory Usage: 8267kB
                                             ->  Hash Join  (cost=1.40..55436.21 rows=120017 width=30) (actual time=0.484..609.130 rows=119622 loops=1)
                                                   Hash Cond: (customer.c_nationkey = n2.n_nationkey)
                                                   ->  Seq Scan on customer  (cost=0.00..50829.15 rows=1500215 width=8) (actual time=0.432..293.147 rows=1500000 loops=1)
                                                   ->  Hash  (cost=1.38..1.38 rows=2 width=30) (actual time=0.034..0.035 rows=2 loops=1)
                                                         Buckets: 1024  Batches: 1  Memory Usage: 9kB
                                                         ->  Seq Scan on nation n2  (cost=0.00..1.38 rows=2 width=30) (actual time=0.022..0.026 rows=2 loops=1)
                                                               Filter: ((n_name = 'MOROCCO'::bpchar) OR (n_name = 'PERU'::bpchar))
                                                               Rows Removed by Filter: 23
                     ->  Hash  (cost=3524.40..3524.40 rows=8000 width=30) (actual time=51.049..51.051 rows=7981 loops=1)
                           Buckets: 8192  Batches: 1  Memory Usage: 548kB
                           ->  Hash Join  (cost=1.40..3524.40 rows=8000 width=30) (actual time=0.535..47.819 rows=7981 loops=1)
                                 Hash Cond: (supplier.s_nationkey = n1.n_nationkey)
                                 ->  Seq Scan on supplier  (cost=0.00..3216.00 rows=100000 width=8) (actual time=0.331..26.209 rows=100000 loops=1)
                                 ->  Hash  (cost=1.38..1.38 rows=2 width=30) (actual time=0.190..0.191 rows=2 loops=1)
                                       Buckets: 1024  Batches: 1  Memory Usage: 9kB
                                       ->  Seq Scan on nation n1  (cost=0.00..1.38 rows=2 width=30) (actual time=0.175..0.179 rows=2 loops=1)
                                             Filter: ((n_name = 'PERU'::bpchar) OR (n_name = 'MOROCCO'::bpchar))
                                             Rows Removed by Filter: 23
 Settings: jit = 'off', max_parallel_workers_per_gather = '0', work_mem = '128MB'
 Planning Time: 12.658 ms
 Execution Time: 89038.891 ms
(45 rows)

===== 8.sql =====
                                                                                           QUERY PLAN                                                                                            
-------------------------------------------------------------------------------------------------------------------------------------------------------------------------------------------------
 Limit  (cost=1947479.17..1947479.41 rows=1 width=64) (actual time=48768.233..48768.891 rows=1 loops=1)
   ->  GroupAggregate  (cost=1947479.17..1948052.10 rows=2406 width=64) (actual time=48768.231..48768.888 rows=1 loops=1)
         Group Key: (EXTRACT(year FROM orders.o_orderdate))
         ->  Sort  (cost=1947479.17..1947537.48 rows=23325 width=70) (actual time=48754.026..48755.481 rows=11818 loops=1)
               Sort Key: (EXTRACT(year FROM orders.o_orderdate))
               Sort Method: quicksort  Memory: 2631kB
               ->  Nested Loop  (cost=498119.63..1945786.99 rows=23325 width=70) (actual time=13051.893..48699.084 rows=23842 loops=1)
                     ->  Hash Join  (cost=498119.48..1945104.31 rows=23325 width=20) (actual time=13051.859..48575.195 rows=23842 loops=1)
                           Hash Cond: (lineitem.l_suppkey = supplier.s_suppkey)
                           ->  Hash Join  (cost=493653.48..1940577.08 rows=23325 width=20) (actual time=12987.404..48477.158 rows=23842 loops=1)
                                 Hash Cond: (lineitem.l_orderkey = orders.o_orderkey)
                                 ->  Nested Loop  (cost=0.44..1445262.30 rows=380929 width=20) (actual time=0.943..35063.106 rows=389521 loops=1)
                                       ->  Seq Scan on part  (cost=0.00..65960.69 rows=13267 width=4) (actual time=0.429..812.656 rows=13011 loops=1)
                                             Filter: ((p_type)::text = 'LARGE POLISHED BRASS'::text)
                                             Rows Removed by Filter: 1986989
                                       ->  Index Scan using idx_lineitem_part_supp on lineitem  (cost=0.44..103.67 rows=29 width=24) (actual time=0.128..2.604 rows=30 loops=13011)
                                             Index Cond: (l_partkey = part.p_partkey)
                                 ->  Hash  (cost=482173.33..482173.33 rows=918377 width=8) (actual time=12980.738..12980.743 rows=910360 loops=1)
                                       Buckets: 1048576  Batches: 1  Memory Usage: 43753kB
                                       ->  Hash Join  (cost=125979.70..482173.33 rows=918377 width=8) (actual time=1653.920..12551.589 rows=910360 loops=1)
                                             Hash Cond: (orders.o_custkey = customer.c_custkey)
                                             ->  Bitmap Heap Scan on orders  (cost=62771.27..392561.56 rows=4591886 width=12) (actual time=807.658..9647.157 rows=4557513 loops=1)
                                                   Recheck Cond: ((o_orderdate >= '1995-01-01'::date) AND (o_orderdate <= '1996-12-31'::date))
                                                   Heap Blocks: exact=260912
                                                   ->  Bitmap Index Scan on idx_orders_orderdate  (cost=0.00..61623.29 rows=4591886 width=0) (actual time=683.177..683.177 rows=4557513 loops=1)
                                                         Index Cond: ((o_orderdate >= '1995-01-01'::date) AND (o_orderdate <= '1996-12-31'::date))
                                             ->  Hash  (cost=59457.90..59457.90 rows=300043 width=4) (actual time=845.115..845.118 rows=299436 loops=1)
                                                   Buckets: 524288  Batches: 1  Memory Usage: 14624kB
                                                   ->  Hash Join  (cost=2.51..59457.90 rows=300043 width=4) (actual time=0.116..737.519 rows=299436 loops=1)
                                                         Hash Cond: (customer.c_nationkey = n1.n_nationkey)
                                                         ->  Seq Scan on customer  (cost=0.00..50829.15 rows=1500215 width=8) (actual time=0.037..369.152 rows=1500000 loops=1)
                                                         ->  Hash  (cost=2.45..2.45 rows=5 width=4) (actual time=0.065..0.068 rows=5 loops=1)
                                                               Buckets: 1024  Batches: 1  Memory Usage: 9kB
                                                               ->  Hash Join  (cost=1.07..2.45 rows=5 width=4) (actual time=0.049..0.060 rows=5 loops=1)
                                                                     Hash Cond: (n1.n_regionkey = region.r_regionkey)
                                                                     ->  Seq Scan on nation n1  (cost=0.00..1.25 rows=25 width=8) (actual time=0.011..0.014 rows=25 loops=1)
                                                                     ->  Hash  (cost=1.06..1.06 rows=1 width=4) (actual time=0.023..0.025 rows=1 loops=1)
                                                                           Buckets: 1024  Batches: 1  Memory Usage: 9kB
                                                                           ->  Seq Scan on region  (cost=0.00..1.06 rows=1 width=4) (actual time=0.016..0.018 rows=1 loops=1)
                                                                                 Filter: (r_name = 'AMERICA'::bpchar)
                                                                                 Rows Removed by Filter: 4
                           ->  Hash  (cost=3216.00..3216.00 rows=100000 width=8) (actual time=64.167..64.167 rows=100000 loops=1)
                                 Buckets: 131072  Batches: 1  Memory Usage: 4931kB
                                 ->  Seq Scan on supplier  (cost=0.00..3216.00 rows=100000 width=8) (actual time=0.419..35.551 rows=100000 loops=1)
                     ->  Memoize  (cost=0.15..2.17 rows=1 width=30) (actual time=0.001..0.001 rows=1 loops=23842)
                           Cache Key: supplier.s_nationkey
                           Hits: 23817  Misses: 25  Evictions: 0  Overflows: 0  Memory Usage: 4kB
                           ->  Index Scan using nation_pkey on nation n2  (cost=0.14..2.16 rows=1 width=30) (actual time=0.008..0.008 rows=1 loops=25)
                                 Index Cond: (n_nationkey = supplier.s_nationkey)
 Settings: jit = 'off', max_parallel_workers_per_gather = '0', work_mem = '128MB'
 Planning Time: 18.153 ms
 Execution Time: 48771.308 ms
(52 rows)

===== 9.sql =====
                                                                                   QUERY PLAN                                                                                    
---------------------------------------------------------------------------------------------------------------------------------------------------------------------------------
 Limit  (cost=2370107.43..2370107.44 rows=1 width=90) (actual time=272312.154..272312.840 rows=1 loops=1)
   ->  Sort  (cost=2370107.43..2370257.81 rows=60150 width=90) (actual time=272312.147..272312.160 rows=1 loops=1)
         Sort Key: nation.n_name, (EXTRACT(year FROM orders.o_orderdate)) DESC
         Sort Method: top-N heapsort  Memory: 25kB
         ->  HashAggregate  (cost=2368904.43..2369806.68 rows=60150 width=90) (actual time=272309.410..272310.210 rows=175 loops=1)
               Group Key: nation.n_name, EXTRACT(year FROM orders.o_orderdate)
               Batches: 1  Memory Usage: 3217kB
               ->  Hash Join  (cost=1825474.37..2338453.30 rows=1740065 width=81) (actual time=245225.307..264376.292 rows=3248192 loops=1)
                     Hash Cond: (supplier.s_nationkey = nation.n_nationkey)
                     ->  Hash Join  (cost=1825472.81..2328759.57 rows=1740065 width=31) (actual time=245224.077..261405.909 rows=3248192 loops=1)
                           Hash Cond: (orders.o_orderkey = lineitem.l_orderkey)
                           ->  Seq Scan on orders  (cost=0.00..410894.74 rows=14998274 width=8) (actual time=0.168..2786.823 rows=15000000 loops=1)
                           ->  Hash  (cost=1803721.99..1803721.99 rows=1740065 width=31) (actual time=245218.242..245218.247 rows=3248192 loops=1)
                                 Buckets: 2097152 (originally 2097152)  Batches: 2 (originally 1)  Memory Usage: 122446kB
                                 ->  Nested Loop  (cost=71184.67..1803721.99 rows=1740065 width=31) (actual time=930.756..239324.288 rows=3248192 loops=1)
                                       Join Filter: (supplier.s_suppkey = lineitem.l_suppkey)
                                       ->  Hash Join  (cost=71184.23..347230.71 rows=242482 width=26) (actual time=930.397..6834.019 rows=433248 loops=1)
                                             Hash Cond: (partsupp.ps_suppkey = supplier.s_suppkey)
                                             ->  Hash Join  (cost=66718.23..342128.17 rows=242482 width=18) (actual time=854.455..6135.237 rows=433248 loops=1)
                                                   Hash Cond: (partsupp.ps_partkey = part.p_partkey)
                                                   ->  Seq Scan on partsupp  (cost=0.00..254404.93 rows=8001893 width=14) (actual time=0.308..2375.228 rows=8000000 loops=1)
                                                   ->  Hash  (cost=65960.69..65960.69 rows=60603 width=4) (actual time=853.922..853.923 rows=108312 loops=1)
                                                         Buckets: 131072 (originally 65536)  Batches: 1 (originally 1)  Memory Usage: 4832kB
                                                         ->  Seq Scan on part  (cost=0.00..65960.69 rows=60603 width=4) (actual time=0.416..804.428 rows=108312 loops=1)
                                                               Filter: ((p_name)::text ~~ '%navy%'::text)
                                                               Rows Removed by Filter: 1891688
                                             ->  Hash  (cost=3216.00..3216.00 rows=100000 width=8) (actual time=75.582..75.582 rows=100000 loops=1)
                                                   Buckets: 131072  Batches: 1  Memory Usage: 4931kB
                                                   ->  Seq Scan on supplier  (cost=0.00..3216.00 rows=100000 width=8) (actual time=0.381..40.870 rows=100000 loops=1)
                                       ->  Index Scan using idx_lineitem_part_supp on lineitem  (cost=0.44..5.99 rows=1 width=29) (actual time=0.078..0.526 rows=7 loops=433248)
                                             Index Cond: ((l_partkey = partsupp.ps_partkey) AND (l_suppkey = partsupp.ps_suppkey))
                     ->  Hash  (cost=1.25..1.25 rows=25 width=30) (actual time=0.247..0.249 rows=25 loops=1)
                           Buckets: 1024  Batches: 1  Memory Usage: 10kB
                           ->  Seq Scan on nation  (cost=0.00..1.25 rows=25 width=30) (actual time=0.222..0.227 rows=25 loops=1)
 Settings: jit = 'off', max_parallel_workers_per_gather = '0', work_mem = '128MB'
 Planning Time: 33.102 ms
 Execution Time: 272315.499 ms
(37 rows)

