===== 10.sql jit=on =====
                                                                                         QUERY PLAN                                                                                         
--------------------------------------------------------------------------------------------------------------------------------------------------------------------------------------------
 Limit  (cost=2379930.49..2379930.54 rows=20 width=201) (actual time=12463.317..12463.325 rows=20 loops=1)
   ->  Sort  (cost=2379930.49..2381323.29 rows=557117 width=201) (actual time=12052.314..12052.321 rows=20 loops=1)
         Sort Key: (sum((lineitem.l_extendedprice * ('1'::numeric - lineitem.l_discount)))) DESC
         Sort Method: top-N heapsort  Memory: 34kB
         ->  HashAggregate  (cost=2358141.85..2365105.81 rows=557117 width=201) (actual time=11714.441..11945.759 rows=381205 loops=1)
               Group Key: customer.c_custkey, nation.n_name
               Batches: 1  Memory Usage: 258065kB
               ->  Nested Loop  (cost=2250603.33..2351177.89 rows=557117 width=181) (actual time=9990.915..10984.742 rows=1145402 loops=1)
                     ->  Merge Join  (cost=2250603.18..2337504.36 rows=557117 width=159) (actual time=9990.877..10693.737 rows=1145402 loops=1)
                           Merge Cond: (customer.c_custkey = orders.o_custkey)
                           ->  Index Scan using customer_pkey on customer  (cost=0.43..74794.88 rows=1500000 width=147) (actual time=0.029..278.227 rows=1499997 loops=1)
                           ->  Sort  (cost=2250602.76..2251995.55 rows=557117 width=16) (actual time=9990.819..10137.327 rows=1145402 loops=1)
                                 Sort Key: orders.o_custkey
                                 Sort Method: quicksort  Memory: 129805kB
                                 ->  Hash Join  (cost=284097.84..2197432.57 rows=557117 width=16) (actual time=606.932..9633.672 rows=1145402 loops=1)
                                       Hash Cond: (lineitem.l_orderkey = orders.o_orderkey)
                                       ->  Seq Scan on lineitem  (cost=0.00..1874378.75 rows=14840369 width=16) (actual time=0.058..7144.744 rows=14808183 loops=1)
                                             Filter: (l_returnflag = 'R'::bpchar)
                                             Rows Removed by Filter: 45177869
                                       ->  Hash  (cost=277058.96..277058.96 rows=563110 width=8) (actual time=602.873..602.875 rows=573160 loops=1)
                                             Buckets: 1048576  Batches: 1  Memory Usage: 30582kB
                                             ->  Bitmap Heap Scan on orders  (cost=7700.31..277058.96 rows=563110 width=8) (actual time=125.760..495.574 rows=573160 loops=1)
                                                   Recheck Cond: ((o_orderdate >= '1994-08-01'::date) AND (o_orderdate < '1994-11-01'::date))
                                                   Heap Blocks: exact=233137
                                                   ->  Bitmap Index Scan on idx_orders_orderdate  (cost=0.00..7559.54 rows=563110 width=0) (actual time=68.179..68.179 rows=573160 loops=1)
                                                         Index Cond: ((o_orderdate >= '1994-08-01'::date) AND (o_orderdate < '1994-11-01'::date))
                     ->  Memoize  (cost=0.15..2.17 rows=1 width=30) (actual time=0.000..0.000 rows=1 loops=1145402)
                           Cache Key: customer.c_nationkey
                           Hits: 1145377  Misses: 25  Evictions: 0  Overflows: 0  Memory Usage: 4kB
                           ->  Index Scan using nation_pkey on nation  (cost=0.14..2.16 rows=1 width=30) (actual time=0.002..0.002 rows=1 loops=25)
                                 Index Cond: (n_nationkey = customer.c_nationkey)
 Settings: effective_io_concurrency = '64', maintenance_io_concurrency = '64', max_parallel_workers_per_gather = '0', work_mem = '256MB'
 Planning Time: 2.049 ms
 JIT:
   Functions: 38
   Options: Inlining true, Optimization true, Expressions true, Deforming true
   Timing: Generation 4.434 ms, Inlining 63.163 ms, Optimization 222.128 ms, Emission 125.339 ms, Total 415.063 ms
 Execution Time: 12525.998 ms
(38 rows)

===== 11.sql jit=on =====
                                                                             QUERY PLAN                                                                              
---------------------------------------------------------------------------------------------------------------------------------------------------------------------
 Limit  (cost=94747.42..94747.42 rows=1 width=36) (actual time=1000.172..1000.178 rows=0 loops=1)
   InitPlan 1 (returns $2)
     ->  Aggregate  (cost=44307.04..44307.05 rows=1 width=32) (actual time=311.794..311.796 rows=1 loops=1)
           ->  Nested Loop  (cost=47.72..41907.03 rows=320000 width=10) (actual time=0.775..234.197 rows=320800 loops=1)
                 ->  Nested Loop  (cost=47.29..2404.57 rows=4000 width=4) (actual time=0.767..3.703 rows=4010 loops=1)
                       ->  Seq Scan on nation nation_1  (cost=0.00..1.31 rows=1 width=4) (actual time=0.024..0.027 rows=1 loops=1)
                             Filter: (n_name = 'SAUDI ARABIA'::bpchar)
                             Rows Removed by Filter: 24
                       ->  Bitmap Heap Scan on supplier supplier_1  (cost=47.29..2363.25 rows=4000 width=8) (actual time=0.739..3.233 rows=4010 loops=1)
                             Recheck Cond: (s_nationkey = nation_1.n_nationkey)
                             Heap Blocks: exact=1857
                             ->  Bitmap Index Scan on idx_supplier_nation_key  (cost=0.00..46.29 rows=4000 width=0) (actual time=0.495..0.495 rows=4010 loops=1)
                                   Index Cond: (s_nationkey = nation_1.n_nationkey)
                 ->  Index Scan using idx_partsupp_suppkey on partsupp partsupp_1  (cost=0.43..9.08 rows=80 width=14) (actual time=0.002..0.049 rows=80 loops=4010)
                       Index Cond: (ps_suppkey = supplier_1.s_suppkey)
   ->  Sort  (cost=50440.37..50707.04 rows=106667 width=36) (actual time=1000.171..1000.174 rows=0 loops=1)
         Sort Key: (sum((partsupp.ps_supplycost * (partsupp.ps_availqty)::numeric))) DESC
         Sort Method: quicksort  Memory: 25kB
         ->  HashAggregate  (cost=45107.03..49907.03 rows=106667 width=36) (actual time=1000.138..1000.141 rows=0 loops=1)
               Group Key: partsupp.ps_partkey
               Filter: (sum((partsupp.ps_supplycost * (partsupp.ps_availqty)::numeric)) > $2)
               Batches: 1  Memory Usage: 135185kB
               Rows Removed by Filter: 301833
               ->  Nested Loop  (cost=47.72..41907.03 rows=320000 width=14) (actual time=0.834..326.212 rows=320800 loops=1)
                     ->  Nested Loop  (cost=47.29..2404.57 rows=4000 width=4) (actual time=0.811..5.164 rows=4010 loops=1)
                           ->  Seq Scan on nation  (cost=0.00..1.31 rows=1 width=4) (actual time=0.025..0.028 rows=1 loops=1)
                                 Filter: (n_name = 'SAUDI ARABIA'::bpchar)
                                 Rows Removed by Filter: 24
                           ->  Bitmap Heap Scan on supplier  (cost=47.29..2363.25 rows=4000 width=8) (actual time=0.782..4.603 rows=4010 loops=1)
                                 Recheck Cond: (s_nationkey = nation.n_nationkey)
                                 Heap Blocks: exact=1857
                                 ->  Bitmap Index Scan on idx_supplier_nation_key  (cost=0.00..46.29 rows=4000 width=0) (actual time=0.470..0.470 rows=4010 loops=1)
                                       Index Cond: (s_nationkey = nation.n_nationkey)
                     ->  Index Scan using idx_partsupp_suppkey on partsupp  (cost=0.43..9.08 rows=80 width=18) (actual time=0.004..0.070 rows=80 loops=4010)
                           Index Cond: (ps_suppkey = supplier.s_suppkey)
 Settings: effective_io_concurrency = '64', maintenance_io_concurrency = '64', max_parallel_workers_per_gather = '0', work_mem = '256MB'
 Planning Time: 1.608 ms
 Execution Time: 1014.276 ms
(38 rows)

===== 12.sql jit=on =====
                                                                                                                    QUERY PLAN                                                                                                                     
---------------------------------------------------------------------------------------------------------------------------------------------------------------------------------------------------------------------------------------------------
 Limit  (cost=3030103.30..3030922.55 rows=1 width=27) (actual time=14551.815..14551.818 rows=1 loops=1)
   ->  GroupAggregate  (cost=3030103.30..3035838.07 rows=7 width=27) (actual time=14217.790..14217.792 rows=1 loops=1)
         Group Key: lineitem.l_shipmode
         ->  Sort  (cost=3030103.30..3030820.13 rows=286735 width=27) (actual time=14183.443..14189.721 rows=155572 loops=1)
               Sort Key: lineitem.l_shipmode
               Sort Method: quicksort  Memory: 36606kB
               ->  Hash Join  (cost=2477832.34..3004111.69 rows=286735 width=27) (actual time=10569.179..14119.485 rows=311258 loops=1)
                     Hash Cond: (orders.o_orderkey = lineitem.l_orderkey)
                     ->  Seq Scan on orders  (cost=0.00..410912.00 rows=15000000 width=20) (actual time=0.018..900.275 rows=15000000 loops=1)
                     ->  Hash  (cost=2474248.15..2474248.15 rows=286735 width=15) (actual time=10567.189..10567.190 rows=311258 loops=1)
                           Buckets: 524288  Batches: 1  Memory Usage: 18687kB
                           ->  Seq Scan on lineitem  (cost=0.00..2474248.15 rows=286735 width=15) (actual time=0.151..10491.292 rows=311258 loops=1)
                                 Filter: ((l_shipmode = ANY ('{SHIP,"REG AIR"}'::bpchar[])) AND (l_commitdate < l_receiptdate) AND (l_shipdate < l_commitdate) AND (l_receiptdate >= '1994-01-01'::date) AND (l_receiptdate < '1995-01-01'::date))
                                 Rows Removed by Filter: 59674794
 Settings: effective_io_concurrency = '64', maintenance_io_concurrency = '64', max_parallel_workers_per_gather = '0', work_mem = '256MB'
 Planning Time: 1.285 ms
 JIT:
   Functions: 19
   Options: Inlining true, Optimization true, Expressions true, Deforming true
   Timing: Generation 2.766 ms, Inlining 55.782 ms, Optimization 177.015 ms, Emission 100.909 ms, Total 336.472 ms
 Execution Time: 14592.861 ms
(21 rows)

===== 13.sql jit=on =====
                                                                                    QUERY PLAN                                                                                     
-----------------------------------------------------------------------------------------------------------------------------------------------------------------------------------
 Limit  (cost=657088.67..657088.67 rows=1 width=16) (actual time=14898.789..14898.792 rows=1 loops=1)
   ->  Sort  (cost=657088.67..657089.17 rows=200 width=16) (actual time=14683.423..14683.426 rows=1 loops=1)
         Sort Key: (count(*)) DESC, (count(orders.o_orderkey)) DESC
         Sort Method: top-N heapsort  Memory: 25kB
         ->  HashAggregate  (cost=657085.67..657087.67 rows=200 width=16) (actual time=14683.376..14683.384 rows=46 loops=1)
               Group Key: count(orders.o_orderkey)
               Batches: 1  Memory Usage: 40kB
               ->  HashAggregate  (cost=619585.67..634585.67 rows=1500000 width=12) (actual time=14274.453..14549.634 rows=1500000 loops=1)
                     Group Key: customer.c_custkey
                     Batches: 1  Memory Usage: 172049kB
                     ->  Hash Right Join  (cost=57714.43..545186.24 rows=14879886 width=8) (actual time=357.128..9827.558 rows=15337604 loops=1)
                           Hash Cond: (orders.o_custkey = customer.c_custkey)
                           ->  Seq Scan on orders  (cost=0.00..448412.00 rows=14879886 width=8) (actual time=0.027..4715.786 rows=14837583 loops=1)
                                 Filter: ((o_comment)::text !~~ '%special%requests%'::text)
                                 Rows Removed by Filter: 162417
                           ->  Hash  (cost=38964.43..38964.43 rows=1500000 width=4) (actual time=349.421..349.422 rows=1500000 loops=1)
                                 Buckets: 2097152  Batches: 1  Memory Usage: 69119kB
                                 ->  Index Only Scan using customer_pkey on customer  (cost=0.43..38964.43 rows=1500000 width=4) (actual time=0.019..120.936 rows=1500000 loops=1)
                                       Heap Fetches: 0
 Settings: effective_io_concurrency = '64', maintenance_io_concurrency = '64', max_parallel_workers_per_gather = '0', work_mem = '256MB'
 Planning Time: 1.300 ms
 JIT:
   Functions: 22
   Options: Inlining true, Optimization true, Expressions true, Deforming true
   Timing: Generation 2.497 ms, Inlining 57.442 ms, Optimization 102.810 ms, Emission 54.867 ms, Total 217.616 ms
 Execution Time: 14972.472 ms
(26 rows)

===== 14.sql jit=on =====
                                                                            QUERY PLAN                                                                            
------------------------------------------------------------------------------------------------------------------------------------------------------------------
 Limit  (cost=1196102.95..1196102.96 rows=1 width=32) (actual time=2489.557..2489.561 rows=1 loops=1)
   ->  Aggregate  (cost=1196102.95..1196102.96 rows=1 width=32) (actual time=2204.857..2204.860 rows=1 loops=1)
         ->  Hash Join  (cost=105623.94..1182701.56 rows=765793 width=33) (actual time=1035.688..1924.329 rows=772942 loops=1)
               Hash Cond: (lineitem.l_partkey = part.p_partkey)
               ->  Bitmap Heap Scan on lineitem  (cost=19661.94..1094729.36 rows=765793 width=16) (actual time=268.866..863.226 rows=772942 loops=1)
                     Recheck Cond: ((l_shipdate >= '1994-05-01'::date) AND (l_shipdate < '1994-06-01'::date))
                     Heap Blocks: exact=416660
                     ->  Bitmap Index Scan on idx_lineitem_shipdate  (cost=0.00..19470.49 rows=765793 width=0) (actual time=150.916..150.916 rows=772942 loops=1)
                           Index Cond: ((l_shipdate >= '1994-05-01'::date) AND (l_shipdate < '1994-06-01'::date))
               ->  Hash  (cost=60962.00..60962.00 rows=2000000 width=25) (actual time=759.014..759.015 rows=2000000 loops=1)
                     Buckets: 2097152  Batches: 1  Memory Usage: 131903kB
                     ->  Seq Scan on part  (cost=0.00..60962.00 rows=2000000 width=25) (actual time=0.031..357.337 rows=2000000 loops=1)
 Settings: effective_io_concurrency = '64', maintenance_io_concurrency = '64', max_parallel_workers_per_gather = '0', work_mem = '256MB'
 Planning Time: 1.187 ms
 JIT:
   Functions: 16
   Options: Inlining true, Optimization true, Expressions true, Deforming true
   Timing: Generation 2.214 ms, Inlining 71.259 ms, Optimization 135.867 ms, Emission 77.296 ms, Total 286.636 ms
 Execution Time: 2534.171 ms
(19 rows)

===== 15.sql jit=on =====
                                                                       QUERY PLAN                                                                       
--------------------------------------------------------------------------------------------------------------------------------------------------------
 HashAggregate  (cost=1239311.99..1240560.23 rows=99859 width=36) (actual time=3234.720..3276.376 rows=100000 loops=1)
   Group Key: l_suppkey
   Batches: 1  Memory Usage: 47121kB
   ->  Bitmap Heap Scan on lineitem  (cost=57462.48..1216929.63 rows=2238236 width=16) (actual time=529.918..1666.236 rows=2265714 loops=1)
         Recheck Cond: ((l_shipdate >= '1996-01-01'::date) AND (l_shipdate < '1996-04-01'::date))
         Heap Blocks: exact=668609
         ->  Bitmap Index Scan on idx_lineitem_shipdate  (cost=0.00..56902.93 rows=2238236 width=0) (actual time=340.342..340.342 rows=2265714 loops=1)
               Index Cond: ((l_shipdate >= '1996-01-01'::date) AND (l_shipdate < '1996-04-01'::date))
 Settings: effective_io_concurrency = '64', maintenance_io_concurrency = '64', max_parallel_workers_per_gather = '0', work_mem = '256MB'
 Planning Time: 0.741 ms
 JIT:
   Functions: 9
   Options: Inlining true, Optimization true, Expressions true, Deforming true
   Timing: Generation 1.471 ms, Inlining 57.444 ms, Optimization 89.237 ms, Emission 50.582 ms, Total 198.735 ms
 Execution Time: 3320.752 ms
(15 rows)

CREATE VIEW
                                                                                   QUERY PLAN                                                                                   
--------------------------------------------------------------------------------------------------------------------------------------------------------------------------------
 Limit  (cost=2482646.00..2482656.18 rows=1 width=103) (actual time=5936.543..5936.547 rows=1 loops=1)
   InitPlan 1 (returns $0)
     ->  Aggregate  (cost=1241808.47..1241808.48 rows=1 width=32) (actual time=2787.475..2787.476 rows=1 loops=1)
           ->  HashAggregate  (cost=1239311.99..1240560.23 rows=99859 width=36) (actual time=2740.406..2782.293 rows=100000 loops=1)
                 Group Key: lineitem_1.l_suppkey
                 Batches: 1  Memory Usage: 47121kB
                 ->  Bitmap Heap Scan on lineitem lineitem_1  (cost=57462.48..1216929.63 rows=2238236 width=16) (actual time=467.293..1389.171 rows=2265714 loops=1)
                       Recheck Cond: ((l_shipdate >= '1996-01-01'::date) AND (l_shipdate < '1996-04-01'::date))
                       Heap Blocks: exact=668609
                       ->  Bitmap Index Scan on idx_lineitem_shipdate  (cost=0.00..56902.93 rows=2238236 width=0) (actual time=285.765..285.765 rows=2265714 loops=1)
                             Index Cond: ((l_shipdate >= '1996-01-01'::date) AND (l_shipdate < '1996-04-01'::date))
   ->  Merge Join  (cost=1240837.52..1245921.17 rows=499 width=103) (actual time=5548.696..5548.698 rows=1 loops=1)
         Merge Cond: (supplier.s_suppkey = revenue0.supplier_no)
         ->  Index Scan using supplier_pkey on supplier  (cost=0.29..4826.45 rows=100000 width=71) (actual time=0.015..11.027 rows=69998 loops=1)
         ->  Sort  (cost=1240837.23..1240838.48 rows=499 width=36) (actual time=5534.387..5534.389 rows=1 loops=1)
               Sort Key: revenue0.supplier_no
               Sort Method: quicksort  Memory: 25kB
               ->  Subquery Scan on revenue0  (cost=1239311.99..1240814.87 rows=499 width=36) (actual time=5504.968..5534.382 rows=1 loops=1)
                     ->  HashAggregate  (cost=1239311.99..1240809.88 rows=499 width=36) (actual time=5504.967..5534.379 rows=1 loops=1)
                           Group Key: lineitem.l_suppkey
                           Filter: (sum((lineitem.l_extendedprice * ('1'::numeric - lineitem.l_discount))) = $0)
                           Batches: 1  Memory Usage: 47121kB
                           Rows Removed by Filter: 99999
                           ->  Bitmap Heap Scan on lineitem  (cost=57462.48..1216929.63 rows=2238236 width=16) (actual time=456.584..1372.870 rows=2265714 loops=1)
                                 Recheck Cond: ((l_shipdate >= '1996-01-01'::date) AND (l_shipdate < '1996-04-01'::date))
                                 Heap Blocks: exact=668609
                                 ->  Bitmap Index Scan on idx_lineitem_shipdate  (cost=0.00..56902.93 rows=2238236 width=0) (actual time=273.980..273.981 rows=2265714 loops=1)
                                       Index Cond: ((l_shipdate >= '1996-01-01'::date) AND (l_shipdate < '1996-04-01'::date))
 Settings: effective_io_concurrency = '64', maintenance_io_concurrency = '64', max_parallel_workers_per_gather = '0', work_mem = '256MB'
 Planning Time: 0.483 ms
 JIT:
   Functions: 30
   Options: Inlining true, Optimization true, Expressions true, Deforming true
   Timing: Generation 3.708 ms, Inlining 14.818 ms, Optimization 237.419 ms, Emission 135.209 ms, Total 391.155 ms
 Execution Time: 5951.178 ms
(35 rows)

DROP VIEW
===== 16.sql jit=on =====
                                                                                         QUERY PLAN                                                                                         
--------------------------------------------------------------------------------------------------------------------------------------------------------------------------------------------
 Limit  (cost=403045.60..403045.60 rows=1 width=44) (actual time=5946.040..5946.043 rows=1 loops=1)
   ->  Sort  (cost=403045.60..403429.89 rows=153714 width=44) (actual time=5925.525..5925.528 rows=1 loops=1)
         Sort Key: (count(DISTINCT partsupp.ps_suppkey)) DESC, part.p_brand, part.p_type, part.p_size
         Sort Method: top-N heapsort  Memory: 25kB
         ->  GroupAggregate  (cost=393318.89..402277.03 rows=153714 width=44) (actual time=5514.997..5921.135 rows=27838 loops=1)
               Group Key: part.p_brand, part.p_type, part.p_size
               ->  Sort  (cost=393318.89..394803.09 rows=593680 width=40) (actual time=5514.942..5615.563 rows=1186319 loops=1)
                     Sort Key: part.p_brand, part.p_type, part.p_size
                     Sort Method: quicksort  Memory: 141834kB
                     ->  Hash Join  (cost=98138.96..336386.98 rows=593680 width=40) (actual time=625.956..2766.932 rows=1186319 loops=1)
                           Hash Cond: (partsupp.ps_partkey = part.p_partkey)
                           ->  Index Only Scan using partsupp_pkey on partsupp  (cost=3466.46..231214.46 rows=4000000 width=8) (actual time=30.309..1365.928 rows=7995520 loops=1)
                                 Filter: (NOT (hashed SubPlan 1))
                                 Rows Removed by Filter: 4480
                                 Heap Fetches: 0
                                 SubPlan 1
                                   ->  Seq Scan on supplier  (cost=0.00..3466.00 rows=10 width=4) (actual time=4.113..29.636 rows=56 loops=1)
                                         Filter: ((s_comment)::text ~~ '%Customer%Complaints%'::text)
                                         Rows Removed by Filter: 99944
                           ->  Hash  (cost=90962.00..90962.00 rows=296840 width=40) (actual time=593.672..593.673 rows=296733 loops=1)
                                 Buckets: 524288  Batches: 1  Memory Usage: 25593kB
                                 ->  Seq Scan on part  (cost=0.00..90962.00 rows=296840 width=40) (actual time=0.019..523.261 rows=296733 loops=1)
                                       Filter: ((p_brand <> 'Brand#12'::bpchar) AND ((p_type)::text !~~ 'SMALL BRUSHED%'::text) AND (p_size = ANY ('{12,32,36,26,40,34,49,9}'::integer[])))
                                       Rows Removed by Filter: 1703267
 Settings: effective_io_concurrency = '64', maintenance_io_concurrency = '64', max_parallel_workers_per_gather = '0', work_mem = '256MB'
 Planning Time: 1.456 ms
 JIT:
   Functions: 32
   Options: Inlining false, Optimization false, Expressions true, Deforming true
   Timing: Generation 3.623 ms, Inlining 0.000 ms, Optimization 1.041 ms, Emission 23.120 ms, Total 27.784 ms
 Execution Time: 5990.394 ms
(31 rows)

===== 17-flattened.sql jit=on =====
                                                               QUERY PLAN                                                                
-----------------------------------------------------------------------------------------------------------------------------------------
 HashAggregate  (cost=5567324.74..6182439.39 rows=1953646 width=36) (actual time=34892.465..54313.615 rows=2000000 loops=1)
   Group Key: l_partkey
   Planned Partitions: 4  Batches: 5  Memory Usage: 262193kB  Disk Usage: 1517688kB
   ->  Seq Scan on lineitem  (cost=0.00..1724411.40 rows=59986940 width=9) (actual time=0.030..4951.566 rows=59986052 loops=1)
 Settings: effective_io_concurrency = '64', maintenance_io_concurrency = '64', max_parallel_workers_per_gather = '0', work_mem = '256MB'
 Planning Time: 0.683 ms
 JIT:
   Functions: 11
   Options: Inlining true, Optimization true, Expressions true, Deforming true
   Timing: Generation 2.048 ms, Inlining 82.885 ms, Optimization 99.117 ms, Emission 52.734 ms, Total 236.784 ms
 Execution Time: 54567.365 ms
(11 rows)

SELECT 2000000
CREATE INDEX
ANALYZE
                                                                                 QUERY PLAN                                                                                 
----------------------------------------------------------------------------------------------------------------------------------------------------------------------------
 Limit  (cost=237798.73..237798.74 rows=1 width=32) (actual time=372.936..372.938 rows=1 loops=1)
   ->  Aggregate  (cost=237798.73..237798.74 rows=1 width=32) (actual time=357.895..357.896 rows=1 loops=1)
         ->  Nested Loop  (cost=0.87..237748.73 rows=19996 width=8) (actual time=0.142..357.248 rows=5319 loops=1)
               Join Filter: (part.p_partkey = lineitem.l_partkey)
               ->  Nested Loop  (cost=0.43..86040.00 rows=2000 width=21) (actual time=0.126..299.957 rows=1996 loops=1)
                     ->  Seq Scan on part  (cost=0.00..70962.00 rows=2000 width=4) (actual time=0.108..284.947 rows=1996 loops=1)
                           Filter: ((p_brand = 'Brand#22'::bpchar) AND (p_container = 'LG BOX'::bpchar))
                           Rows Removed by Filter: 1998004
                     ->  Index Scan using idx_tmp_avg_quantity on tmp_avg_quantity part_agg  (cost=0.43..7.53 rows=1 width=17) (actual time=0.007..0.007 rows=1 loops=1996)
                           Index Cond: (agg_partkey = part.p_partkey)
               ->  Index Scan using idx_lineitem_part_supp on lineitem  (cost=0.44..75.73 rows=10 width=17) (actual time=0.011..0.028 rows=3 loops=1996)
                     Index Cond: (l_partkey = part_agg.agg_partkey)
                     Filter: (l_quantity < part_agg.avg_quantity)
                     Rows Removed by Filter: 27
 Settings: effective_io_concurrency = '64', maintenance_io_concurrency = '64', max_parallel_workers_per_gather = '0', work_mem = '256MB'
 Planning Time: 0.778 ms
 JIT:
   Functions: 20
   Options: Inlining false, Optimization false, Expressions true, Deforming true
   Timing: Generation 2.336 ms, Inlining 0.000 ms, Optimization 0.679 ms, Emission 14.107 ms, Total 17.122 ms
 Execution Time: 375.353 ms
(21 rows)

DROP TABLE
===== 17.sql jit=on =====
                                                                            QUERY PLAN                                                                            
------------------------------------------------------------------------------------------------------------------------------------------------------------------
 Limit  (cost=6425344.03..6425344.04 rows=1 width=32) (actual time=54815.578..54815.581 rows=1 loops=1)
   ->  Aggregate  (cost=6425344.03..6425344.04 rows=1 width=32) (actual time=54505.654..54505.656 rows=1 loops=1)
         ->  Nested Loop  (cost=5638312.18..6425295.20 rows=19532 width=8) (actual time=34779.859..54504.907 rows=5319 loops=1)
               Join Filter: (part.p_partkey = lineitem.l_partkey)
               ->  Hash Join  (cost=5638311.74..6278091.19 rows=1954 width=40) (actual time=34777.898..54441.830 rows=1996 loops=1)
                     Hash Cond: (lineitem_1.l_partkey = part.p_partkey)
                     ->  HashAggregate  (cost=5567324.74..6182439.39 rows=1953646 width=36) (actual time=34552.708..54052.595 rows=2000000 loops=1)
                           Group Key: lineitem_1.l_partkey
                           Planned Partitions: 4  Batches: 5  Memory Usage: 262193kB  Disk Usage: 1517688kB
                           ->  Seq Scan on lineitem lineitem_1  (cost=0.00..1724411.40 rows=59986940 width=9) (actual time=0.015..5006.197 rows=59986052 loops=1)
                     ->  Hash  (cost=70962.00..70962.00 rows=2000 width=4) (actual time=225.110..225.111 rows=1996 loops=1)
                           Buckets: 2048  Batches: 1  Memory Usage: 87kB
                           ->  Seq Scan on part  (cost=0.00..70962.00 rows=2000 width=4) (actual time=0.145..224.765 rows=1996 loops=1)
                                 Filter: ((p_brand = 'Brand#22'::bpchar) AND (p_container = 'LG BOX'::bpchar))
                                 Rows Removed by Filter: 1998004
               ->  Index Scan using idx_lineitem_part_supp on lineitem  (cost=0.44..75.21 rows=10 width=17) (actual time=0.013..0.031 rows=3 loops=1996)
                     Index Cond: (l_partkey = lineitem_1.l_partkey)
                     Filter: (l_quantity < ((0.2 * avg(lineitem_1.l_quantity))))
                     Rows Removed by Filter: 27
 Settings: effective_io_concurrency = '64', maintenance_io_concurrency = '64', max_parallel_workers_per_gather = '0', work_mem = '256MB'
 Planning Time: 1.422 ms
 JIT:
   Functions: 33
   Options: Inlining true, Optimization true, Expressions true, Deforming true
   Timing: Generation 4.454 ms, Inlining 85.622 ms, Optimization 199.261 ms, Emission 112.352 ms, Total 401.688 ms
 Execution Time: 55016.068 ms
(26 rows)

===== 18.sql jit=on =====
                                                                                                 QUERY PLAN                                                                                                  
-------------------------------------------------------------------------------------------------------------------------------------------------------------------------------------------------------------
 Limit  (cost=9939338.76..9939339.01 rows=100 width=71) (actual time=39767.475..39767.488 rows=99 loops=1)
   ->  Sort  (cost=9939338.76..9989317.00 rows=19991296 width=71) (actual time=39456.618..39456.626 rows=99 loops=1)
         Sort Key: orders.o_totalprice DESC, orders.o_orderdate
         Sort Method: quicksort  Memory: 32kB
         ->  HashAggregate  (cost=8573985.11..9175285.81 rows=19991296 width=71) (actual time=39453.576..39456.519 rows=99 loops=1)
               Group Key: customer.c_custkey, orders.o_orderkey
               Planned Partitions: 32  Batches: 1  Memory Usage: 24657kB
               ->  Hash Join  (cost=69590.06..6618586.47 rows=19991296 width=44) (actual time=1502.774..39452.980 rows=693 loops=1)
                     Hash Cond: (orders.o_custkey = customer.c_custkey)
                     ->  Merge Join  (cost=13.06..6496532.17 rows=19991296 width=25) (actual time=869.882..38819.814 rows=693 loops=1)
                           Merge Cond: (orders.o_orderkey = lineitem.l_orderkey)
                           ->  Merge Join  (cost=1.00..3729746.35 rows=4998912 width=24) (actual time=613.481..27290.748 rows=99 loops=1)
                                 Merge Cond: (orders.o_orderkey = lineitem_1.l_orderkey)
                                 ->  Index Scan using orders_pkey on orders  (cost=0.43..650439.44 rows=15000000 width=20) (actual time=0.028..3000.635 rows=14982724 loops=1)
                                 ->  GroupAggregate  (cost=0.56..2929331.39 rows=4998912 width=4) (actual time=528.342..23585.823 rows=99 loops=1)
                                       Group Key: lineitem_1.l_orderkey
                                       Filter: (sum(lineitem_1.l_quantity) > '313'::numeric)
                                       Rows Removed by Filter: 14999901
                                       ->  Index Scan using idx_lineitem_orderkey on lineitem lineitem_1  (cost=0.56..2404445.67 rows=59986940 width=9) (actual time=0.065..12510.309 rows=59986052 loops=1)
                           ->  Index Scan using idx_lineitem_orderkey on lineitem  (cost=0.56..2404445.67 rows=59986940 width=9) (actual time=0.015..8702.397 rows=59916431 loops=1)
                     ->  Hash  (cost=50827.00..50827.00 rows=1500000 width=23) (actual time=625.124..625.125 rows=1500000 loops=1)
                           Buckets: 2097152  Batches: 1  Memory Usage: 98416kB
                           ->  Seq Scan on customer  (cost=0.00..50827.00 rows=1500000 width=23) (actual time=0.021..319.109 rows=1500000 loops=1)
 Settings: effective_io_concurrency = '64', maintenance_io_concurrency = '64', max_parallel_workers_per_gather = '0', work_mem = '256MB'
 Planning Time: 2.393 ms
 JIT:
   Functions: 30
   Options: Inlining true, Optimization true, Expressions true, Deforming true
   Timing: Generation 3.491 ms, Inlining 67.460 ms, Optimization 155.733 ms, Emission 87.355 ms, Total 314.039 ms
 Execution Time: 39823.889 ms
(30 rows)

===== 19.sql jit=on =====
                                                                                                                                                                                                                                                                                                                                                                                                                                                                                                            QUERY PLAN                                                                                                                                                                                                                                                                                                                                                                                                                                                                                                            
----------------------------------------------------------------------------------------------------------------------------------------------------------------------------------------------------------------------------------------------------------------------------------------------------------------------------------------------------------------------------------------------------------------------------------------------------------------------------------------------------------------------------------------------------------------------------------------------------------------------------------------------------------------------------------------------------------------------------------------------------------------------------------------------------------------------------------------------------------------------------------------------------------------------------------------------------------------------------------------------------------------------------------
 Limit  (cost=716001.41..716001.42 rows=1 width=32) (actual time=1023.499..1023.501 rows=1 loops=1)
   ->  Aggregate  (cost=716001.41..716001.42 rows=1 width=32) (actual time=703.118..703.119 rows=1 loops=1)
         ->  Nested Loop  (cost=0.44..715992.88 rows=1137 width=12) (actual time=3.305..702.610 rows=1063 loops=1)
               ->  Seq Scan on part  (cost=0.00..125962.00 rows=4789 width=30) (actual time=0.217..358.526 rows=4781 loops=1)
                     Filter: ((p_size >= 1) AND (((p_brand = 'Brand#24'::bpchar) AND (p_container = ANY ('{"SM CASE","SM BOX","SM PACK","SM PKG"}'::bpchar[])) AND (p_size <= 5)) OR ((p_brand = 'Brand#43'::bpchar) AND (p_container = ANY ('{"MED BAG","MED BOX","MED PKG","MED PACK"}'::bpchar[])) AND (p_size <= 10)) OR ((p_brand = 'Brand#44'::bpchar) AND (p_container = ANY ('{"LG CASE","LG BOX","LG PACK","LG PKG"}'::bpchar[])) AND (p_size <= 15))))
                     Rows Removed by Filter: 1995219
               ->  Index Scan using idx_lineitem_part_supp on lineitem  (cost=0.44..123.20 rows=1 width=21) (actual time=0.064..0.072 rows=0 loops=4781)
                     Index Cond: (l_partkey = part.p_partkey)
                     Filter: ((l_shipmode = ANY ('{AIR,"AIR REG"}'::bpchar[])) AND (l_shipinstruct = 'DELIVER IN PERSON'::bpchar) AND (((l_quantity >= '10'::numeric) AND (l_quantity <= '20'::numeric)) OR ((l_quantity >= '10'::numeric) AND (l_quantity <= '20'::numeric)) OR ((l_quantity >= '20'::numeric) AND (l_quantity <= '30'::numeric))) AND (((part.p_brand = 'Brand#24'::bpchar) AND (part.p_container = ANY ('{"SM CASE","SM BOX","SM PACK","SM PKG"}'::bpchar[])) AND (l_quantity >= '10'::numeric) AND (l_quantity <= '20'::numeric) AND (part.p_size <= 5)) OR ((part.p_brand = 'Brand#43'::bpchar) AND (part.p_container = ANY ('{"MED BAG","MED BOX","MED PKG","MED PACK"}'::bpchar[])) AND (l_quantity >= '10'::numeric) AND (l_quantity <= '20'::numeric) AND (part.p_size <= 10)) OR ((part.p_brand = 'Brand#44'::bpchar) AND (part.p_container = ANY ('{"LG CASE","LG BOX","LG PACK","LG PKG"}'::bpchar[])) AND (l_quantity >= '20'::numeric) AND (l_quantity <= '30'::numeric) AND (part.p_size <= 15))))
                     Rows Removed by Filter: 30
 Settings: effective_io_concurrency = '64', maintenance_io_concurrency = '64', max_parallel_workers_per_gather = '0', work_mem = '256MB'
 Planning Time: 1.525 ms
 JIT:
   Functions: 12
   Options: Inlining true, Optimization true, Expressions true, Deforming true
   Timing: Generation 2.521 ms, Inlining 70.404 ms, Optimization 149.582 ms, Emission 100.069 ms, Total 322.576 ms
 Execution Time: 1061.336 ms
(17 rows)

===== 1.sql jit=on =====
                                                                 QUERY PLAN                                                                 
--------------------------------------------------------------------------------------------------------------------------------------------
 Limit  (cost=3949252.55..3949252.55 rows=1 width=236) (actual time=65778.952..65778.953 rows=1 loops=1)
   ->  Sort  (cost=3949252.55..3949252.56 rows=6 width=236) (actual time=65474.833..65474.834 rows=1 loops=1)
         Sort Key: l_returnflag, l_linestatus
         Sort Method: top-N heapsort  Memory: 25kB
         ->  HashAggregate  (cost=3949252.35..3949252.52 rows=6 width=236) (actual time=65474.771..65474.779 rows=4 loops=1)
               Group Key: l_returnflag, l_linestatus
               Batches: 1  Memory Usage: 32kB
               ->  Seq Scan on lineitem  (cost=0.00..1874378.75 rows=59282103 width=25) (actual time=0.054..9997.379 rows=59284448 loops=1)
                     Filter: (l_shipdate <= '1998-09-10 00:00:00'::timestamp without time zone)
                     Rows Removed by Filter: 701604
 Settings: effective_io_concurrency = '64', maintenance_io_concurrency = '64', max_parallel_workers_per_gather = '0', work_mem = '256MB'
 Planning Time: 0.836 ms
 JIT:
   Functions: 10
   Options: Inlining true, Optimization true, Expressions true, Deforming true
   Timing: Generation 1.958 ms, Inlining 71.052 ms, Optimization 144.642 ms, Emission 88.123 ms, Total 305.775 ms
 Execution Time: 65816.487 ms
(17 rows)

===== 20-flattened.sql jit=on =====
                                                                        QUERY PLAN                                                                         
-----------------------------------------------------------------------------------------------------------------------------------------------------------
 HashAggregate  (cost=2101986.98..2263667.46 rows=4844500 width=40) (actual time=13578.613..20400.884 rows=5448842 loops=1)
   Group Key: l_partkey, l_suppkey
   Planned Partitions: 8  Batches: 41  Memory Usage: 262225kB  Disk Usage: 318560kB
   ->  Bitmap Heap Scan on lineitem  (cost=234008.59..1495274.52 rows=9114929 width=13) (actual time=1671.836..8582.514 rows=9123688 loops=1)
         Recheck Cond: ((l_shipdate >= '1996-01-01'::date) AND (l_shipdate < '1997-01-01'::date))
         Heap Blocks: exact=1048319
         ->  Bitmap Index Scan on idx_lineitem_shipdate  (cost=0.00..231729.86 rows=9114929 width=0) (actual time=1335.937..1335.938 rows=9123688 loops=1)
               Index Cond: ((l_shipdate >= '1996-01-01'::date) AND (l_shipdate < '1997-01-01'::date))
 Settings: effective_io_concurrency = '64', maintenance_io_concurrency = '64', max_parallel_workers_per_gather = '0', work_mem = '256MB'
 Planning Time: 0.991 ms
 JIT:
   Functions: 13
   Options: Inlining true, Optimization true, Expressions true, Deforming true
   Timing: Generation 2.555 ms, Inlining 72.828 ms, Optimization 141.613 ms, Emission 80.515 ms, Total 297.511 ms
 Execution Time: 20639.696 ms
(15 rows)

SELECT 5448842
CREATE INDEX
ANALYZE
                                                                                   QUERY PLAN                                                                                   
--------------------------------------------------------------------------------------------------------------------------------------------------------------------------------
 Limit  (cost=87936.03..87936.03 rows=1 width=51) (actual time=1294.383..1294.385 rows=1 loops=1)
   ->  Sort  (cost=87936.03..87936.03 rows=1 width=51) (actual time=1294.381..1294.383 rows=1 loops=1)
         Sort Key: supplier.s_name
         Sort Method: top-N heapsort  Memory: 25kB
         ->  Nested Loop Semi Join  (cost=48.59..87936.02 rows=1 width=51) (actual time=0.855..1292.636 rows=1821 loops=1)
               ->  Nested Loop  (cost=47.29..2404.57 rows=4000 width=55) (actual time=0.608..11.650 rows=4095 loops=1)
                     ->  Seq Scan on nation  (cost=0.00..1.31 rows=1 width=4) (actual time=0.020..0.024 rows=1 loops=1)
                           Filter: (n_name = 'IRAQ'::bpchar)
                           Rows Removed by Filter: 24
                     ->  Bitmap Heap Scan on supplier  (cost=47.29..2363.25 rows=4000 width=59) (actual time=0.583..10.733 rows=4095 loops=1)
                           Recheck Cond: (s_nationkey = nation.n_nationkey)
                           Heap Blocks: exact=1867
                           ->  Bitmap Index Scan on idx_supplier_nation_key  (cost=0.00..46.29 rows=4000 width=0) (actual time=0.325..0.325 rows=4095 loops=1)
                                 Index Cond: (s_nationkey = nation.n_nationkey)
               ->  Nested Loop  (cost=1.30..21.37 rows=1 width=8) (actual time=0.312..0.312 rows=0 loops=4095)
                     Join Filter: (supplier.s_suppkey = agg_lineitem.agg_suppkey)
                     ->  Nested Loop  (cost=0.87..20.88 rows=1 width=16) (actual time=0.268..0.306 rows=1 loops=4095)
                           ->  Index Scan using idx_partsupp_suppkey on partsupp  (cost=0.43..9.08 rows=80 width=12) (actual time=0.006..0.125 rows=61 loops=4095)
                                 Index Cond: (ps_suppkey = supplier.s_suppkey)
                           ->  Memoize  (cost=0.44..0.48 rows=1 width=4) (actual time=0.003..0.003 rows=0 loops=248000)
                                 Cache Key: partsupp.ps_partkey
                                 Hits: 11702  Misses: 236298  Evictions: 0  Overflows: 0  Memory Usage: 15783kB
                                 ->  Index Scan using part_pkey on part  (cost=0.43..0.47 rows=1 width=4) (actual time=0.002..0.002 rows=0 loops=236298)
                                       Index Cond: (p_partkey = partsupp.ps_partkey)
                                       Filter: ((p_name)::text ~~ 'olive%'::text)
                                       Rows Removed by Filter: 1
                     ->  Index Scan using idx_tmp_agg_lineitem on tmp_agg_lineitem agg_lineitem  (cost=0.43..0.48 rows=1 width=13) (actual time=0.008..0.008 rows=1 loops=2732)
                           Index Cond: ((agg_partkey = partsupp.ps_partkey) AND (agg_suppkey = partsupp.ps_suppkey))
                           Filter: ((partsupp.ps_availqty)::numeric > agg_quantity)
                           Rows Removed by Filter: 0
 Settings: effective_io_concurrency = '64', maintenance_io_concurrency = '64', max_parallel_workers_per_gather = '0', work_mem = '256MB'
 Planning Time: 1.730 ms
 Execution Time: 1310.092 ms
(33 rows)

DROP TABLE
===== 20.sql jit=on =====
                                                                                          QUERY PLAN                                                                                           
-----------------------------------------------------------------------------------------------------------------------------------------------------------------------------------------------
 Limit  (cost=2429178.63..2429178.64 rows=1 width=51) (actual time=35274.934..35274.939 rows=1 loops=1)
   ->  Sort  (cost=2429178.63..2429178.64 rows=1 width=51) (actual time=34860.101..34860.105 rows=1 loops=1)
         Sort Key: supplier.s_name
         Sort Method: top-N heapsort  Memory: 25kB
         ->  Nested Loop Semi Join  (cost=2168224.69..2429178.62 rows=1 width=51) (actual time=15449.577..34858.376 rows=1821 loops=1)
               Join Filter: (supplier.s_suppkey = lineitem.l_suppkey)
               Rows Removed by Join Filter: 182645835
               ->  Nested Loop  (cost=0.00..4467.31 rows=4000 width=55) (actual time=0.026..20.609 rows=4095 loops=1)
                     Join Filter: (supplier.s_nationkey = nation.n_nationkey)
                     Rows Removed by Join Filter: 95905
                     ->  Seq Scan on nation  (cost=0.00..1.31 rows=1 width=4) (actual time=0.015..0.018 rows=1 loops=1)
                           Filter: (n_name = 'IRAQ'::bpchar)
                           Rows Removed by Filter: 24
                     ->  Seq Scan on supplier  (cost=0.00..3216.00 rows=100000 width=59) (actual time=0.007..14.380 rows=100000 loops=1)
               ->  Materialize  (cost=2168224.69..2424651.31 rows=1 width=8) (actual time=3.279..6.625 rows=44603 loops=4095)
                     ->  Nested Loop  (cost=2168224.69..2424651.31 rows=1 width=8) (actual time=13428.977..21107.549 rows=59002 loops=1)
                           ->  Hash Join  (cost=2168224.26..2391066.57 rows=53343 width=44) (actual time=13428.946..20822.898 rows=59125 loops=1)
                                 Hash Cond: (lineitem.l_partkey = part.p_partkey)
                                 ->  HashAggregate  (cost=2101986.98..2263667.46 rows=4844500 width=40) (actual time=13178.211..20043.929 rows=5448842 loops=1)
                                       Group Key: lineitem.l_partkey, lineitem.l_suppkey
                                       Planned Partitions: 8  Batches: 41  Memory Usage: 262225kB  Disk Usage: 318560kB
                                       ->  Bitmap Heap Scan on lineitem  (cost=234008.59..1495274.52 rows=9114929 width=13) (actual time=1585.492..8394.397 rows=9123688 loops=1)
                                             Recheck Cond: ((l_shipdate >= '1996-01-01'::date) AND (l_shipdate < '1997-01-01'::date))
                                             Heap Blocks: exact=1048319
                                             ->  Bitmap Index Scan on idx_lineitem_shipdate  (cost=0.00..231729.86 rows=9114929 width=0) (actual time=1256.858..1256.858 rows=9123688 loops=1)
                                                   Index Cond: ((l_shipdate >= '1996-01-01'::date) AND (l_shipdate < '1997-01-01'::date))
                                 ->  Hash  (cost=65962.00..65962.00 rows=22022 width=4) (actual time=250.596..250.597 rows=21718 loops=1)
                                       Buckets: 32768  Batches: 1  Memory Usage: 1020kB
                                       ->  Seq Scan on part  (cost=0.00..65962.00 rows=22022 width=4) (actual time=0.029..246.722 rows=21718 loops=1)
                                             Filter: ((p_name)::text ~~ 'olive%'::text)
                                             Rows Removed by Filter: 1978282
                           ->  Index Scan using partsupp_pkey on partsupp  (cost=0.43..0.62 rows=1 width=12) (actual time=0.004..0.004 rows=1 loops=59125)
                                 Index Cond: ((ps_partkey = lineitem.l_partkey) AND (ps_suppkey = lineitem.l_suppkey))
                                 Filter: ((ps_availqty)::numeric > ((0.5 * sum(lineitem.l_quantity))))
                                 Rows Removed by Filter: 0
 Settings: effective_io_concurrency = '64', maintenance_io_concurrency = '64', max_parallel_workers_per_gather = '0', work_mem = '256MB'
 Planning Time: 2.666 ms
 JIT:
   Functions: 42
   Options: Inlining true, Optimization true, Expressions true, Deforming true
   Timing: Generation 5.408 ms, Inlining 90.562 ms, Optimization 268.290 ms, Emission 145.325 ms, Total 509.585 ms
 Execution Time: 35359.290 ms
(42 rows)

===== 21.sql jit=on =====
                                                                                            QUERY PLAN                                                                                             
---------------------------------------------------------------------------------------------------------------------------------------------------------------------------------------------------
 Limit  (cost=4271864.35..4271864.36 rows=1 width=34) (actual time=31438.982..31438.997 rows=100 loops=1)
   ->  Sort  (cost=4271864.35..4271864.36 rows=1 width=34) (actual time=30971.703..30971.712 rows=100 loops=1)
         Sort Key: (count(*)) DESC, supplier.s_name
         Sort Method: top-N heapsort  Memory: 38kB
         ->  GroupAggregate  (cost=4271864.32..4271864.34 rows=1 width=34) (actual time=30963.623..30970.510 rows=3991 loops=1)
               Group Key: supplier.s_name
               ->  Sort  (cost=4271864.32..4271864.33 rows=1 width=26) (actual time=30963.597..30966.674 rows=39281 loops=1)
                     Sort Key: supplier.s_name
                     Sort Method: quicksort  Memory: 3378kB
                     ->  Nested Loop Semi Join  (cost=2204887.90..4271864.31 rows=1 width=26) (actual time=14293.234..30814.485 rows=39281 loops=1)
                           Join Filter: (l2.l_suppkey <> l1.l_suppkey)
                           Rows Removed by Join Filter: 42023
                           ->  Nested Loop  (cost=2204887.34..4271856.77 rows=1 width=38) (actual time=14293.217..30565.611 rows=65960 loops=1)
                                 ->  Hash Anti Join  (cost=2204886.90..4271849.46 rows=1 width=34) (actual time=14291.904..30122.776 rows=134155 loops=1)
                                       Hash Cond: (l1.l_orderkey = l3.l_orderkey)
                                       Join Filter: (l3.l_suppkey <> l1.l_suppkey)
                                       Rows Removed by Join Filter: 547662
                                       ->  Hash Join  (cost=2454.57..1959815.25 rows=799826 width=34) (actual time=5.870..11771.407 rows=1514267 loops=1)
                                             Hash Cond: (l1.l_suppkey = supplier.s_suppkey)
                                             ->  Seq Scan on lineitem l1  (cost=0.00..1874378.75 rows=19995647 width=8) (actual time=0.054..8375.699 rows=37929348 loops=1)
                                                   Filter: (l_receiptdate > l_commitdate)
                                                   Rows Removed by Filter: 22056704
                                             ->  Hash  (cost=2404.57..2404.57 rows=4000 width=30) (actual time=5.781..5.783 rows=3991 loops=1)
                                                   Buckets: 4096  Batches: 1  Memory Usage: 282kB
                                                   ->  Nested Loop  (cost=47.29..2404.57 rows=4000 width=30) (actual time=0.701..5.206 rows=3991 loops=1)
                                                         ->  Seq Scan on nation  (cost=0.00..1.31 rows=1 width=4) (actual time=0.015..0.017 rows=1 loops=1)
                                                               Filter: (n_name = 'PERU'::bpchar)
                                                               Rows Removed by Filter: 24
                                                         ->  Bitmap Heap Scan on supplier  (cost=47.29..2363.25 rows=4000 width=34) (actual time=0.664..4.847 rows=3991 loops=1)
                                                               Recheck Cond: (s_nationkey = nation.n_nationkey)
                                                               Heap Blocks: exact=1873
                                                               ->  Bitmap Index Scan on idx_supplier_nation_key  (cost=0.00..46.29 rows=4000 width=0) (actual time=0.407..0.407 rows=3991 loops=1)
                                                                     Index Cond: (s_nationkey = nation.n_nationkey)
                                       ->  Hash  (cost=1874378.75..1874378.75 rows=19995647 width=8) (actual time=14255.898..14255.898 rows=37929348 loops=1)
                                             Buckets: 8388608  Batches: 8  Memory Usage: 250561kB
                                             ->  Seq Scan on lineitem l3  (cost=0.00..1874378.75 rows=19995647 width=8) (actual time=0.017..9103.274 rows=37929348 loops=1)
                                                   Filter: (l_receiptdate > l_commitdate)
                                                   Rows Removed by Filter: 22056704
                                 ->  Index Scan using orders_pkey on orders  (cost=0.43..7.32 rows=1 width=4) (actual time=0.003..0.003 rows=0 loops=134155)
                                       Index Cond: (o_orderkey = l1.l_orderkey)
                                       Filter: (o_orderstatus = 'F'::bpchar)
                                       Rows Removed by Filter: 1
                           ->  Index Scan using idx_lineitem_orderkey on lineitem l2  (cost=0.56..7.52 rows=4 width=8) (actual time=0.003..0.003 rows=1 loops=65960)
                                 Index Cond: (l_orderkey = orders.o_orderkey)
 Settings: effective_io_concurrency = '64', maintenance_io_concurrency = '64', max_parallel_workers_per_gather = '0', work_mem = '256MB'
 Planning Time: 2.984 ms
 JIT:
   Functions: 47
   Options: Inlining true, Optimization true, Expressions true, Deforming true
   Timing: Generation 5.188 ms, Inlining 66.270 ms, Optimization 255.891 ms, Emission 144.702 ms, Total 472.052 ms
 Execution Time: 31492.401 ms
(51 rows)

===== 22.sql jit=on =====
                                                                          QUERY PLAN                                                                          
--------------------------------------------------------------------------------------------------------------------------------------------------------------
 Limit  (cost=163205.62..163205.64 rows=1 width=72) (actual time=1643.285..1643.287 rows=1 loops=1)
   InitPlan 1 (returns $0)
     ->  Aggregate  (cost=75321.34..75321.35 rows=1 width=32) (actual time=777.926..777.927 rows=1 loops=1)
           ->  Seq Scan on customer customer_1  (cost=0.00..75202.00 rows=47734 width=6) (actual time=0.008..745.973 rows=382426 loops=1)
                 Filter: ((c_acctbal > 0.00) AND (SUBSTRING(c_phone FROM 1 FOR 2) = ANY ('{21,29,26,34,14,15,17}'::text[])))
                 Rows Removed by Filter: 1117574
   ->  GroupAggregate  (cost=87884.27..88088.37 rows=7422 width=72) (actual time=1626.242..1626.243 rows=1 loops=1)
         Group Key: (SUBSTRING(customer.c_phone FROM 1 FOR 2))
         ->  Sort  (cost=87884.27..87902.82 rows=7422 width=38) (actual time=1624.541..1624.924 rows=9006 loops=1)
               Sort Key: (SUBSTRING(customer.c_phone FROM 1 FOR 2))
               Sort Method: quicksort  Memory: 4513kB
               ->  Nested Loop Anti Join  (cost=0.43..87407.12 rows=7422 width=38) (actual time=777.976..1608.908 rows=63509 loops=1)
                     ->  Seq Scan on customer  (cost=0.00..75202.00 rows=17500 width=26) (actual time=777.958..1322.567 rows=191129 loops=1)
                           Filter: ((c_acctbal > $0) AND (SUBSTRING(c_phone FROM 1 FOR 2) = ANY ('{21,29,26,34,14,15,17}'::text[])))
                           Rows Removed by Filter: 1308871
                     ->  Index Only Scan using idx_orders_custkey on orders  (cost=0.43..3.28 rows=17 width=4) (actual time=0.001..0.001 rows=1 loops=191129)
                           Index Cond: (o_custkey = customer.c_custkey)
                           Heap Fetches: 0
 Settings: effective_io_concurrency = '64', maintenance_io_concurrency = '64', max_parallel_workers_per_gather = '0', work_mem = '256MB'
 Planning Time: 1.338 ms
 JIT:
   Functions: 17
   Options: Inlining false, Optimization false, Expressions true, Deforming true
   Timing: Generation 2.233 ms, Inlining 0.000 ms, Optimization 0.718 ms, Emission 16.067 ms, Total 19.018 ms
 Execution Time: 1680.102 ms
(25 rows)

===== 2-flattened.sql jit=on =====
                                                                       QUERY PLAN                                                                        
---------------------------------------------------------------------------------------------------------------------------------------------------------
 HashAggregate  (cost=207696.41..223696.41 rows=1600000 width=36) (actual time=1955.040..2273.323 rows=1182884 loops=1)
   Group Key: partsupp.ps_partkey
   Batches: 1  Memory Usage: 180241kB
   ->  Nested Loop  (cost=42.10..199696.41 rows=1600000 width=10) (actual time=18.587..1356.350 rows=1604080 loops=1)
         ->  Nested Loop  (cost=41.67..2184.07 rows=20000 width=4) (actual time=18.570..38.797 rows=20051 loops=1)
               ->  Nested Loop  (cost=0.14..13.95 rows=5 width=4) (actual time=17.878..17.906 rows=5 loops=1)
                     Join Filter: (nation.n_regionkey = region.r_regionkey)
                     Rows Removed by Join Filter: 20
                     ->  Index Scan using nation_pkey on nation  (cost=0.14..12.51 rows=25 width=8) (actual time=0.027..0.038 rows=25 loops=1)
                     ->  Materialize  (cost=0.00..1.07 rows=1 width=4) (actual time=0.714..0.714 rows=1 loops=25)
                           ->  Seq Scan on region  (cost=0.00..1.06 rows=1 width=4) (actual time=17.838..17.840 rows=1 loops=1)
                                 Filter: (r_name = 'AMERICA'::bpchar)
                                 Rows Removed by Filter: 4
               ->  Bitmap Heap Scan on supplier  (cost=41.53..394.02 rows=4000 width=8) (actual time=0.633..3.703 rows=4010 loops=5)
                     Recheck Cond: (s_nationkey = nation.n_nationkey)
                     Heap Blocks: exact=9388
                     ->  Bitmap Index Scan on idx_supplier_nation_key  (cost=0.00..40.53 rows=4000 width=0) (actual time=0.382..0.382 rows=4010 loops=5)
                           Index Cond: (s_nationkey = nation.n_nationkey)
         ->  Index Scan using idx_partsupp_suppkey on partsupp  (cost=0.43..9.08 rows=80 width=14) (actual time=0.003..0.058 rows=80 loops=20051)
               Index Cond: (ps_suppkey = supplier.s_suppkey)
 Settings: effective_io_concurrency = '64', maintenance_io_concurrency = '64', max_parallel_workers_per_gather = '0', work_mem = '256MB'
 Planning Time: 1.415 ms
 JIT:
   Functions: 24
   Options: Inlining false, Optimization false, Expressions true, Deforming true
   Timing: Generation 2.856 ms, Inlining 0.000 ms, Optimization 0.894 ms, Emission 16.664 ms, Total 20.415 ms
 Execution Time: 2375.431 ms
(27 rows)

SELECT 1182884
CREATE INDEX
ANALYZE
                                                                                    QUERY PLAN                                                                                     
-----------------------------------------------------------------------------------------------------------------------------------------------------------------------------------
 Limit  (cost=399429.59..399429.60 rows=1 width=192) (actual time=536.434..536.446 rows=100 loops=1)
   ->  Sort  (cost=399429.59..399429.60 rows=1 width=192) (actual time=515.444..515.450 rows=100 loops=1)
         Sort Key: supplier.s_acctbal DESC, nation.n_name, supplier.s_name, part.p_partkey
         Sort Method: top-N heapsort  Memory: 71kB
         ->  Nested Loop  (cost=0.72..399429.58 rows=1 width=192) (actual time=0.075..513.274 rows=4737 loops=1)
               Join Filter: (nation.n_regionkey = region.r_regionkey)
               ->  Nested Loop  (cost=0.72..399428.51 rows=1 width=196) (actual time=0.071..508.238 rows=4737 loops=1)
                     Join Filter: (supplier.s_nationkey = nation.n_nationkey)
                     Rows Removed by Join Filter: 43913
                     ->  Nested Loop  (cost=0.72..399426.94 rows=1 width=170) (actual time=0.063..498.453 rows=4737 loops=1)
                           ->  Nested Loop  (cost=0.43..399426.63 rows=1 width=34) (actual time=0.057..483.603 rows=4737 loops=1)
                                 ->  Seq Scan on part  (cost=0.00..70962.00 rows=7969 width=30) (actual time=0.013..387.894 rows=8046 loops=1)
                                       Filter: (((p_type)::text ~~ '%NICKEL'::text) AND (p_size = 16))
                                       Rows Removed by Filter: 1991954
                                 ->  Index Scan using idx_partsupp_partkey on partsupp  (cost=0.43..41.21 rows=1 width=14) (actual time=0.010..0.012 rows=1 loops=8046)
                                       Index Cond: (ps_partkey = part.p_partkey)
                                       Filter: ((SubPlan 1) = ps_supplycost)
                                       Rows Removed by Filter: 3
                                       SubPlan 1
                                         ->  Index Scan using tmp_supplycost_idx on tmp_supplycost  (cost=0.43..8.45 rows=1 width=6) (actual time=0.002..0.002 rows=1 loops=32184)
                                               Index Cond: (ps_partkey = part.p_partkey)
                           ->  Index Scan using supplier_pkey on supplier  (cost=0.29..0.31 rows=1 width=144) (actual time=0.003..0.003 rows=1 loops=4737)
                                 Index Cond: (s_suppkey = partsupp.ps_suppkey)
                     ->  Seq Scan on nation  (cost=0.00..1.25 rows=25 width=34) (actual time=0.000..0.001 rows=10 loops=4737)
               ->  Seq Scan on region  (cost=0.00..1.06 rows=1 width=4) (actual time=0.000..0.000 rows=1 loops=4737)
                     Filter: (r_name = 'AMERICA'::bpchar)
                     Rows Removed by Filter: 1
 Settings: effective_io_concurrency = '64', maintenance_io_concurrency = '64', max_parallel_workers_per_gather = '0', work_mem = '256MB'
 Planning Time: 1.213 ms
 JIT:
   Functions: 31
   Options: Inlining false, Optimization false, Expressions true, Deforming true
   Timing: Generation 3.184 ms, Inlining 0.000 ms, Optimization 0.776 ms, Emission 19.915 ms, Total 23.874 ms
 Execution Time: 539.740 ms
(34 rows)

DROP TABLE
===== 2.sql jit=on =====
                                                                                        QUERY PLAN                                                                                         
-------------------------------------------------------------------------------------------------------------------------------------------------------------------------------------------
 Limit  (cost=722133.47..722133.48 rows=1 width=192) (actual time=3123.393..3123.410 rows=100 loops=1)
   ->  Sort  (cost=722133.47..722133.48 rows=1 width=192) (actual time=2502.676..2502.687 rows=100 loops=1)
         Sort Key: supplier.s_acctbal DESC, nation.n_name, supplier.s_name, part.p_partkey
         Sort Method: top-N heapsort  Memory: 70kB
         ->  Hash Join  (cost=265350.96..722133.46 rows=1 width=192) (actual time=1787.488..2500.621 rows=4737 loops=1)
               Hash Cond: ((part.p_partkey = partsupp.ps_partkey) AND ((SubPlan 1) = partsupp.ps_supplycost))
               ->  Seq Scan on part  (cost=0.00..70962.00 rows=7969 width=30) (actual time=0.024..325.440 rows=8046 loops=1)
                     Filter: (((p_type)::text ~~ '%NICKEL'::text) AND (p_size = 16))
                     Rows Removed by Filter: 1991954
               ->  Hash  (cost=202287.96..202287.96 rows=1600000 width=172) (actual time=1779.948..1779.952 rows=1604080 loops=1)
                     Buckets: 2097152  Batches: 2  Memory Usage: 180174kB
                     ->  Nested Loop  (cost=2.00..202287.96 rows=1600000 width=172) (actual time=0.087..1118.686 rows=1604080 loops=1)
                           ->  Nested Loop  (cost=1.56..4775.62 rows=20000 width=166) (actual time=0.064..40.394 rows=20051 loops=1)
                                 Join Filter: (nation.n_regionkey = region.r_regionkey)
                                 Rows Removed by Join Filter: 79949
                                 ->  Seq Scan on region  (cost=0.00..1.06 rows=1 width=4) (actual time=0.022..0.024 rows=1 loops=1)
                                       Filter: (r_name = 'AMERICA'::bpchar)
                                       Rows Removed by Filter: 4
                                 ->  Hash Join  (cost=1.56..3524.56 rows=100000 width=170) (actual time=0.038..34.572 rows=100000 loops=1)
                                       Hash Cond: (supplier.s_nationkey = nation.n_nationkey)
                                       ->  Seq Scan on supplier  (cost=0.00..3216.00 rows=100000 width=144) (actual time=0.007..8.441 rows=100000 loops=1)
                                       ->  Hash  (cost=1.25..1.25 rows=25 width=34) (actual time=0.020..0.020 rows=25 loops=1)
                                             Buckets: 1024  Batches: 1  Memory Usage: 10kB
                                             ->  Seq Scan on nation  (cost=0.00..1.25 rows=25 width=34) (actual time=0.009..0.013 rows=25 loops=1)
                           ->  Index Scan using idx_partsupp_suppkey on partsupp  (cost=0.43..9.08 rows=80 width=14) (actual time=0.002..0.047 rows=80 loops=20051)
                                 Index Cond: (ps_suppkey = supplier.s_suppkey)
               SubPlan 1
                 ->  Aggregate  (cost=43.48..43.49 rows=1 width=32) (actual time=0.017..0.017 rows=1 loops=12783)
                       ->  Nested Loop  (cost=0.86..43.48 rows=1 width=6) (actual time=0.011..0.016 rows=1 loops=12783)
                             Join Filter: (nation_1.n_regionkey = region_1.r_regionkey)
                             Rows Removed by Join Filter: 3
                             ->  Seq Scan on region region_1  (cost=0.00..1.06 rows=1 width=4) (actual time=0.000..0.001 rows=1 loops=12783)
                                   Filter: (r_name = 'AMERICA'::bpchar)
                                   Rows Removed by Filter: 4
                             ->  Nested Loop  (cost=0.86..42.36 rows=4 width=10) (actual time=0.006..0.015 rows=4 loops=12783)
                                   ->  Nested Loop  (cost=0.72..41.74 rows=4 width=10) (actual time=0.005..0.011 rows=4 loops=12783)
                                         ->  Index Scan using idx_partsupp_partkey on partsupp partsupp_1  (cost=0.43..8.50 rows=4 width=10) (actual time=0.003..0.003 rows=4 loops=12783)
                                               Index Cond: (ps_partkey = part.p_partkey)
                                         ->  Index Scan using supplier_pkey on supplier supplier_1  (cost=0.29..8.31 rows=1 width=8) (actual time=0.002..0.002 rows=1 loops=51132)
                                               Index Cond: (s_suppkey = partsupp_1.ps_suppkey)
                                   ->  Index Scan using nation_pkey on nation nation_1  (cost=0.14..0.16 rows=1 width=8) (actual time=0.001..0.001 rows=1 loops=51132)
                                         Index Cond: (n_nationkey = supplier_1.s_nationkey)
 Settings: effective_io_concurrency = '64', maintenance_io_concurrency = '64', max_parallel_workers_per_gather = '0', work_mem = '256MB'
 Planning Time: 2.855 ms
 JIT:
   Functions: 57
   Options: Inlining true, Optimization true, Expressions true, Deforming true
   Timing: Generation 6.496 ms, Inlining 64.844 ms, Optimization 348.220 ms, Emission 207.114 ms, Total 626.674 ms
 Execution Time: 3172.203 ms
(49 rows)

===== 3.sql jit=on =====
                                                                                     QUERY PLAN                                                                                      
-------------------------------------------------------------------------------------------------------------------------------------------------------------------------------------
 Limit  (cost=2957697.78..2957697.81 rows=10 width=44) (actual time=15454.879..15454.885 rows=10 loops=1)
   ->  Sort  (cost=2957697.78..2965576.55 rows=3151507 width=44) (actual time=15025.398..15025.402 rows=10 loops=1)
         Sort Key: (sum((lineitem.l_extendedprice * ('1'::numeric - lineitem.l_discount)))) DESC, orders.o_orderdate
         Sort Method: top-N heapsort  Memory: 26kB
         ->  HashAggregate  (cost=2813269.29..2889594.85 rows=3151507 width=44) (actual time=14951.644..15006.165 rows=113934 loops=1)
               Group Key: lineitem.l_orderkey, orders.o_orderdate, orders.o_shippriority
               Planned Partitions: 4  Batches: 1  Memory Usage: 73745kB
               ->  Hash Join  (cost=527455.45..2555239.65 rows=3151507 width=24) (actual time=3673.349..14759.745 rows=301530 loops=1)
                     Hash Cond: (lineitem.l_orderkey = orders.o_orderkey)
                     ->  Seq Scan on lineitem  (cost=0.00..1874378.75 rows=32504103 width=16) (actual time=0.052..7824.301 rows=32534229 loops=1)
                           Filter: (l_shipdate > '1995-03-07'::date)
                           Rows Removed by Filter: 27451823
                     ->  Hash  (cost=509275.97..509275.97 rows=1454358 width=12) (actual time=3665.731..3665.734 rows=1451805 loops=1)
                           Buckets: 2097152  Batches: 1  Memory Usage: 78767kB
                           ->  Hash Join  (cost=139066.63..509275.97 rows=1454358 width=12) (actual time=711.704..3338.793 rows=1451805 loops=1)
                                 Hash Cond: (orders.o_custkey = customer.c_custkey)
                                 ->  Bitmap Heap Scan on orders  (cost=80716.00..431956.34 rows=7226267 width=16) (actual time=421.792..1763.516 rows=7239437 loops=1)
                                       Recheck Cond: (o_orderdate < '1995-03-07'::date)
                                       Heap Blocks: exact=260912
                                       ->  Bitmap Index Scan on idx_orders_orderdate  (cost=0.00..78909.44 rows=7226267 width=0) (actual time=358.287..358.287 rows=7239437 loops=1)
                                             Index Cond: (o_orderdate < '1995-03-07'::date)
                                 ->  Hash  (cost=54577.00..54577.00 rows=301890 width=4) (actual time=288.025..288.025 rows=300276 loops=1)
                                       Buckets: 524288  Batches: 1  Memory Usage: 14653kB
                                       ->  Seq Scan on customer  (cost=0.00..54577.00 rows=301890 width=4) (actual time=0.020..237.079 rows=300276 loops=1)
                                             Filter: (c_mktsegment = 'BUILDING'::bpchar)
                                             Rows Removed by Filter: 1199724
 Settings: effective_io_concurrency = '64', maintenance_io_concurrency = '64', max_parallel_workers_per_gather = '0', work_mem = '256MB'
 Planning Time: 1.630 ms
 JIT:
   Functions: 31
   Options: Inlining true, Optimization true, Expressions true, Deforming true
   Timing: Generation 3.851 ms, Inlining 66.340 ms, Optimization 231.666 ms, Emission 131.105 ms, Total 432.963 ms
 Execution Time: 15511.980 ms
(33 rows)

===== 4.sql jit=on =====
                                                                             QUERY PLAN                                                                             
--------------------------------------------------------------------------------------------------------------------------------------------------------------------
 Limit  (cost=2585767.61..2585767.61 rows=1 width=24) (actual time=18392.837..18392.840 rows=1 loops=1)
   ->  Sort  (cost=2585767.61..2585767.62 rows=5 width=24) (actual time=18158.053..18158.056 rows=1 loops=1)
         Sort Key: orders.o_orderpriority
         Sort Method: top-N heapsort  Memory: 25kB
         ->  HashAggregate  (cost=2585767.53..2585767.58 rows=5 width=24) (actual time=18158.003..18158.007 rows=5 loops=1)
               Group Key: orders.o_orderpriority
               Batches: 1  Memory Usage: 24kB
               ->  Hash Semi Join  (cost=2210088.64..2582968.21 rows=559865 width=16) (actual time=13888.510..18078.161 rows=513822 loops=1)
                     Hash Cond: (orders.o_orderkey = lineitem.l_orderkey)
                     ->  Bitmap Heap Scan on orders  (cost=7656.30..276968.11 rows=559987 width=20) (actual time=123.564..496.998 rows=560424 loops=1)
                           Recheck Cond: ((o_orderdate >= '1993-12-01'::date) AND (o_orderdate < '1994-03-01'::date))
                           Heap Blocks: exact=231732
                           ->  Bitmap Index Scan on idx_orders_orderdate  (cost=0.00..7516.31 rows=559987 width=0) (actual time=66.578..66.578 rows=560424 loops=1)
                                 Index Cond: ((o_orderdate >= '1993-12-01'::date) AND (o_orderdate < '1994-03-01'::date))
                     ->  Hash  (cost=1874378.75..1874378.75 rows=19995647 width=4) (actual time=13735.222..13735.223 rows=37929348 loops=1)
                           Buckets: 8388608  Batches: 8  Memory Usage: 232058kB
                           ->  Seq Scan on lineitem  (cost=0.00..1874378.75 rows=19995647 width=4) (actual time=0.075..8942.904 rows=37929348 loops=1)
                                 Filter: (l_commitdate < l_receiptdate)
                                 Rows Removed by Filter: 22056704
 Settings: effective_io_concurrency = '64', maintenance_io_concurrency = '64', max_parallel_workers_per_gather = '0', work_mem = '256MB'
 Planning Time: 1.319 ms
 JIT:
   Functions: 19
   Options: Inlining true, Optimization true, Expressions true, Deforming true
   Timing: Generation 2.283 ms, Inlining 63.432 ms, Optimization 111.274 ms, Emission 59.830 ms, Total 236.819 ms
 Execution Time: 18443.830 ms
(26 rows)

===== 5.sql jit=on =====
                                                                                           QUERY PLAN                                                                                            
-------------------------------------------------------------------------------------------------------------------------------------------------------------------------------------------------
 Limit  (cost=2372679.15..2372679.15 rows=1 width=58) (actual time=16606.524..16606.532 rows=1 loops=1)
   ->  Sort  (cost=2372679.15..2372679.21 rows=25 width=58) (actual time=16050.730..16050.737 rows=1 loops=1)
         Sort Key: (sum((lineitem.l_extendedprice * ('1'::numeric - lineitem.l_discount)))) DESC
         Sort Method: top-N heapsort  Memory: 25kB
         ->  GroupAggregate  (cost=2371770.86..2372679.02 rows=25 width=58) (actual time=16028.628..16050.691 rows=5 loops=1)
               Group Key: nation.n_name
               ->  Sort  (cost=2371770.86..2371952.43 rows=72628 width=38) (actual time=16023.168..16026.251 rows=72033 loops=1)
                     Sort Key: nation.n_name
                     Sort Method: quicksort  Memory: 8700kB
                     ->  Hash Join  (cost=422295.03..2365906.79 rows=72628 width=38) (actual time=1835.318..15996.667 rows=72033 loops=1)
                           Hash Cond: ((lineitem.l_suppkey = supplier.s_suppkey) AND (customer.c_nationkey = supplier.s_nationkey))
                           ->  Hash Join  (cost=417579.03..2351658.23 rows=1815723 width=50) (actual time=1801.772..15561.207 rows=1815327 loops=1)
                                 Hash Cond: (orders.o_custkey = customer.c_custkey)
                                 ->  Hash Join  (cost=354374.52..2236251.68 rows=9078615 width=20) (actual time=1417.919..14065.412 rows=9108027 loops=1)
                                       Hash Cond: (lineitem.l_orderkey = orders.o_orderkey)
                                       ->  Seq Scan on lineitem  (cost=0.00..1724411.40 rows=59986940 width=20) (actual time=0.046..5094.836 rows=59986052 loops=1)
                                       ->  Hash  (cost=325997.67..325997.67 rows=2270148 width=8) (actual time=1402.957..1402.958 rows=2276638 loops=1)
                                             Buckets: 4194304  Batches: 1  Memory Usage: 121700kB
                                             ->  Bitmap Heap Scan on orders  (cost=31033.45..325997.67 rows=2270148 width=8) (actual time=201.087..950.300 rows=2276638 loops=1)
                                                   Recheck Cond: ((o_orderdate >= '1993-01-01'::date) AND (o_orderdate < '1994-01-01'::date))
                                                   Heap Blocks: exact=260897
                                                   ->  Bitmap Index Scan on idx_orders_orderdate  (cost=0.00..30465.92 rows=2270148 width=0) (actual time=137.242..137.242 rows=2276638 loops=1)
                                                         Index Cond: ((o_orderdate >= '1993-01-01'::date) AND (o_orderdate < '1994-01-01'::date))
                                 ->  Hash  (cost=59454.51..59454.51 rows=300000 width=38) (actual time=381.878..381.881 rows=299436 loops=1)
                                       Buckets: 524288  Batches: 1  Memory Usage: 25151kB
                                       ->  Hash Join  (cost=2.51..59454.51 rows=300000 width=38) (actual time=0.060..316.939 rows=299436 loops=1)
                                             Hash Cond: (customer.c_nationkey = nation.n_nationkey)
                                             ->  Seq Scan on customer  (cost=0.00..50827.00 rows=1500000 width=8) (actual time=0.005..110.272 rows=1500000 loops=1)
                                             ->  Hash  (cost=2.45..2.45 rows=5 width=30) (actual time=0.044..0.045 rows=5 loops=1)
                                                   Buckets: 1024  Batches: 1  Memory Usage: 9kB
                                                   ->  Hash Join  (cost=1.07..2.45 rows=5 width=30) (actual time=0.035..0.041 rows=5 loops=1)
                                                         Hash Cond: (nation.n_regionkey = region.r_regionkey)
                                                         ->  Seq Scan on nation  (cost=0.00..1.25 rows=25 width=34) (actual time=0.005..0.007 rows=25 loops=1)
                                                         ->  Hash  (cost=1.06..1.06 rows=1 width=4) (actual time=0.019..0.020 rows=1 loops=1)
                                                               Buckets: 1024  Batches: 1  Memory Usage: 9kB
                                                               ->  Seq Scan on region  (cost=0.00..1.06 rows=1 width=4) (actual time=0.013..0.014 rows=1 loops=1)
                                                                     Filter: (r_name = 'AMERICA'::bpchar)
                                                                     Rows Removed by Filter: 4
                           ->  Hash  (cost=3216.00..3216.00 rows=100000 width=8) (actual time=32.365..32.366 rows=100000 loops=1)
                                 Buckets: 131072  Batches: 1  Memory Usage: 4931kB
                                 ->  Seq Scan on supplier  (cost=0.00..3216.00 rows=100000 width=8) (actual time=0.014..18.854 rows=100000 loops=1)
 Settings: effective_io_concurrency = '64', maintenance_io_concurrency = '64', max_parallel_workers_per_gather = '0', work_mem = '256MB'
 Planning Time: 4.511 ms
 JIT:
   Functions: 55
   Options: Inlining true, Optimization true, Expressions true, Deforming true
   Timing: Generation 5.988 ms, Inlining 68.314 ms, Optimization 313.401 ms, Emission 173.605 ms, Total 561.307 ms
 Execution Time: 16653.172 ms
(48 rows)

===== 6.sql jit=on =====
                                                                                          QUERY PLAN                                                                                           
-----------------------------------------------------------------------------------------------------------------------------------------------------------------------------------------------
 Limit  (cost=1504860.11..1504860.12 rows=1 width=32) (actual time=2619.840..2619.841 rows=1 loops=1)
   ->  Aggregate  (cost=1504860.11..1504860.12 rows=1 width=32) (actual time=2440.275..2440.276 rows=1 loops=1)
         ->  Bitmap Heap Scan on lineitem  (cost=300929.15..1498892.09 rows=1193605 width=12) (actual time=1211.628..2179.298 rows=1194558 loops=1)
               Recheck Cond: ((l_shipdate >= '1993-01-01'::date) AND (l_shipdate < '1994-01-01'::date) AND (l_discount >= 0.06) AND (l_discount <= 0.08) AND (l_quantity < '25'::numeric))
               Heap Blocks: exact=662932
               ->  Bitmap Index Scan on idx_lineitem_shipdate  (cost=0.00..300630.75 rows=1193605 width=0) (actual time=1025.623..1025.624 rows=1194558 loops=1)
                     Index Cond: ((l_shipdate >= '1993-01-01'::date) AND (l_shipdate < '1994-01-01'::date) AND (l_discount >= 0.06) AND (l_discount <= 0.08) AND (l_quantity < '25'::numeric))
 Settings: effective_io_concurrency = '64', maintenance_io_concurrency = '64', max_parallel_workers_per_gather = '0', work_mem = '256MB'
 Planning Time: 0.737 ms
 JIT:
   Functions: 6
   Options: Inlining true, Optimization true, Expressions true, Deforming true
   Timing: Generation 1.082 ms, Inlining 67.703 ms, Optimization 71.233 ms, Emission 40.432 ms, Total 180.449 ms
 Execution Time: 2657.452 ms
(14 rows)

===== 7.sql jit=on =====
                                                                                     QUERY PLAN                                                                                      
-------------------------------------------------------------------------------------------------------------------------------------------------------------------------------------
 Limit  (cost=2515277.70..2515277.82 rows=1 width=116) (actual time=18233.023..18233.031 rows=1 loops=1)
   ->  GroupAggregate  (cost=2515277.70..2516489.84 rows=10100 width=116) (actual time=17550.229..17550.236 rows=1 loops=1)
         Group Key: n1.n_name, n2.n_name, (EXTRACT(year FROM lineitem.l_shipdate))
         ->  Sort  (cost=2515277.70..2515429.22 rows=60608 width=96) (actual time=17543.150..17543.794 rows=14421 loops=1)
               Sort Key: n1.n_name, n2.n_name, (EXTRACT(year FROM lineitem.l_shipdate))
               Sort Method: quicksort  Memory: 9664kB
               ->  Hash Join  (cost=1022080.40..2510463.24 rows=60608 width=96) (actual time=7836.198..17507.790 rows=57794 loops=1)
                     Hash Cond: (lineitem.l_suppkey = supplier.s_suppkey)
                     Join Filter: (((n1.n_name = 'PERU'::bpchar) AND (n2.n_name = 'MOROCCO'::bpchar)) OR ((n1.n_name = 'MOROCCO'::bpchar) AND (n2.n_name = 'PERU'::bpchar)))
                     Rows Removed by Join Filter: 58158
                     ->  Hash Join  (cost=1018456.00..2498895.79 rows=1456359 width=46) (actual time=7806.167..17191.047 rows=1448126 loops=1)
                           Hash Cond: (lineitem.l_orderkey = orders.o_orderkey)
                           ->  Bitmap Heap Scan on lineitem  (cost=467360.60..1864969.96 rows=18204491 width=24) (actual time=2616.825..9754.925 rows=18230325 loops=1)
                                 Recheck Cond: ((l_shipdate >= '1995-01-01'::date) AND (l_shipdate <= '1996-12-31'::date))
                                 Heap Blocks: exact=1119491
                                 ->  Bitmap Index Scan on idx_lineitem_shipdate  (cost=0.00..462809.48 rows=18204491 width=0) (actual time=2268.198..2268.199 rows=18230325 loops=1)
                                       Index Cond: ((l_shipdate >= '1995-01-01'::date) AND (l_shipdate <= '1996-12-31'::date))
                           ->  Hash  (cost=536095.40..536095.40 rows=1200000 width=30) (actual time=5181.865..5181.868 rows=1191175 loops=1)
                                 Buckets: 2097152  Batches: 1  Memory Usage: 88506kB
                                 ->  Hash Join  (cost=56933.40..536095.40 rows=1200000 width=30) (actual time=424.868..4901.409 rows=1191175 loops=1)
                                       Hash Cond: (orders.o_custkey = customer.c_custkey)
                                       ->  Seq Scan on orders  (cost=0.00..410912.00 rows=15000000 width=8) (actual time=0.018..2155.015 rows=15000000 loops=1)
                                       ->  Hash  (cost=55433.40..55433.40 rows=120000 width=30) (actual time=424.357..424.360 rows=119622 loops=1)
                                             Buckets: 131072  Batches: 1  Memory Usage: 8267kB
                                             ->  Hash Join  (cost=1.40..55433.40 rows=120000 width=30) (actual time=0.047..400.191 rows=119622 loops=1)
                                                   Hash Cond: (customer.c_nationkey = n2.n_nationkey)
                                                   ->  Seq Scan on customer  (cost=0.00..50827.00 rows=1500000 width=8) (actual time=0.009..280.822 rows=1500000 loops=1)
                                                   ->  Hash  (cost=1.38..1.38 rows=2 width=30) (actual time=0.028..0.029 rows=2 loops=1)
                                                         Buckets: 1024  Batches: 1  Memory Usage: 9kB
                                                         ->  Seq Scan on nation n2  (cost=0.00..1.38 rows=2 width=30) (actual time=0.022..0.024 rows=2 loops=1)
                                                               Filter: ((n_name = 'MOROCCO'::bpchar) OR (n_name = 'PERU'::bpchar))
                                                               Rows Removed by Filter: 23
                     ->  Hash  (cost=3524.40..3524.40 rows=8000 width=30) (actual time=29.748..29.750 rows=7981 loops=1)
                           Buckets: 8192  Batches: 1  Memory Usage: 548kB
                           ->  Hash Join  (cost=1.40..3524.40 rows=8000 width=30) (actual time=0.059..28.713 rows=7981 loops=1)
                                 Hash Cond: (supplier.s_nationkey = n1.n_nationkey)
                                 ->  Seq Scan on supplier  (cost=0.00..3216.00 rows=100000 width=8) (actual time=0.024..20.651 rows=100000 loops=1)
                                 ->  Hash  (cost=1.38..1.38 rows=2 width=30) (actual time=0.030..0.031 rows=2 loops=1)
                                       Buckets: 1024  Batches: 1  Memory Usage: 9kB
                                       ->  Seq Scan on nation n1  (cost=0.00..1.38 rows=2 width=30) (actual time=0.022..0.024 rows=2 loops=1)
                                             Filter: ((n_name = 'PERU'::bpchar) OR (n_name = 'MOROCCO'::bpchar))
                                             Rows Removed by Filter: 23
 Settings: effective_io_concurrency = '64', maintenance_io_concurrency = '64', max_parallel_workers_per_gather = '0', work_mem = '256MB'
 Planning Time: 4.072 ms
 JIT:
   Functions: 60
   Options: Inlining true, Optimization true, Expressions true, Deforming true
   Timing: Generation 6.869 ms, Inlining 68.725 ms, Optimization 396.839 ms, Emission 216.659 ms, Total 689.092 ms
 Execution Time: 18282.419 ms
(49 rows)

===== 8.sql jit=on =====
                                                                                           QUERY PLAN                                                                                            
-------------------------------------------------------------------------------------------------------------------------------------------------------------------------------------------------
 Limit  (cost=1965400.35..1965400.59 rows=1 width=64) (actual time=4279.048..4279.056 rows=1 loops=1)
   ->  GroupAggregate  (cost=1965400.35..1965969.21 rows=2406 width=64) (actual time=3644.169..3644.177 rows=1 loops=1)
         Group Key: (EXTRACT(year FROM orders.o_orderdate))
         ->  Sort  (cost=1965400.35..1965458.21 rows=23144 width=70) (actual time=3638.852..3639.336 rows=11818 loops=1)
               Sort Key: (EXTRACT(year FROM orders.o_orderdate))
               Sort Method: quicksort  Memory: 2631kB
               ->  Nested Loop  (cost=497624.40..1963722.60 rows=23144 width=70) (actual time=2712.502..3630.512 rows=23842 loops=1)
                     ->  Hash Join  (cost=497624.25..1963044.80 rows=23144 width=20) (actual time=2712.476..3618.578 rows=23842 loops=1)
                           Hash Cond: (lineitem.l_suppkey = supplier.s_suppkey)
                           ->  Hash Join  (cost=493158.25..1958518.05 rows=23144 width=20) (actual time=2681.793..3580.170 rows=23842 loops=1)
                                 Hash Cond: (lineitem.l_orderkey = orders.o_orderkey)
                                 ->  Nested Loop  (cost=0.44..1463707.11 rows=379117 width=20) (actual time=0.071..799.896 rows=389521 loops=1)
                                       ->  Seq Scan on part  (cost=0.00..65962.00 rows=12640 width=4) (actual time=0.043..232.988 rows=13011 loops=1)
                                             Filter: ((p_type)::text = 'LARGE POLISHED BRASS'::text)
                                             Rows Removed by Filter: 1986989
                                       ->  Index Scan using idx_lineitem_part_supp on lineitem  (cost=0.44..110.27 rows=31 width=24) (actual time=0.003..0.041 rows=30 loops=13011)
                                             Index Cond: (l_partkey = part.p_partkey)
                                 ->  Hash  (cost=481711.47..481711.47 rows=915707 width=8) (actual time=2677.802..2677.807 rows=910360 loops=1)
                                       Buckets: 1048576  Batches: 1  Memory Usage: 43753kB
                                       ->  Hash Join  (cost=125794.91..481711.47 rows=915707 width=8) (actual time=675.131..2492.876 rows=910360 loops=1)
                                             Hash Cond: (orders.o_custkey = customer.c_custkey)
                                             ->  Bitmap Heap Scan on orders  (cost=62590.40..392180.39 rows=4578533 width=12) (actual time=303.320..1287.135 rows=4557513 loops=1)
                                                   Recheck Cond: ((o_orderdate >= '1995-01-01'::date) AND (o_orderdate <= '1996-12-31'::date))
                                                   Heap Blocks: exact=260912
                                                   ->  Bitmap Index Scan on idx_orders_orderdate  (cost=0.00..61445.76 rows=4578533 width=0) (actual time=239.944..239.944 rows=4557513 loops=1)
                                                         Index Cond: ((o_orderdate >= '1995-01-01'::date) AND (o_orderdate <= '1996-12-31'::date))
                                             ->  Hash  (cost=59454.51..59454.51 rows=300000 width=4) (actual time=369.949..369.952 rows=299436 loops=1)
                                                   Buckets: 524288  Batches: 1  Memory Usage: 14624kB
                                                   ->  Hash Join  (cost=2.51..59454.51 rows=300000 width=4) (actual time=0.053..319.704 rows=299436 loops=1)
                                                         Hash Cond: (customer.c_nationkey = n1.n_nationkey)
                                                         ->  Seq Scan on customer  (cost=0.00..50827.00 rows=1500000 width=8) (actual time=0.004..108.721 rows=1500000 loops=1)
                                                         ->  Hash  (cost=2.45..2.45 rows=5 width=4) (actual time=0.041..0.043 rows=5 loops=1)
                                                               Buckets: 1024  Batches: 1  Memory Usage: 9kB
                                                               ->  Hash Join  (cost=1.07..2.45 rows=5 width=4) (actual time=0.033..0.039 rows=5 loops=1)
                                                                     Hash Cond: (n1.n_regionkey = region.r_regionkey)
                                                                     ->  Seq Scan on nation n1  (cost=0.00..1.25 rows=25 width=8) (actual time=0.007..0.008 rows=25 loops=1)
                                                                     ->  Hash  (cost=1.06..1.06 rows=1 width=4) (actual time=0.015..0.016 rows=1 loops=1)
                                                                           Buckets: 1024  Batches: 1  Memory Usage: 9kB
                                                                           ->  Seq Scan on region  (cost=0.00..1.06 rows=1 width=4) (actual time=0.009..0.010 rows=1 loops=1)
                                                                                 Filter: (r_name = 'AMERICA'::bpchar)
                                                                                 Rows Removed by Filter: 4
                           ->  Hash  (cost=3216.00..3216.00 rows=100000 width=8) (actual time=30.192..30.193 rows=100000 loops=1)
                                 Buckets: 131072  Batches: 1  Memory Usage: 4931kB
                                 ->  Seq Scan on supplier  (cost=0.00..3216.00 rows=100000 width=8) (actual time=0.009..17.833 rows=100000 loops=1)
                     ->  Memoize  (cost=0.15..2.17 rows=1 width=30) (actual time=0.000..0.000 rows=1 loops=23842)
                           Cache Key: supplier.s_nationkey
                           Hits: 23817  Misses: 25  Evictions: 0  Overflows: 0  Memory Usage: 4kB
                           ->  Index Scan using nation_pkey on nation n2  (cost=0.14..2.16 rows=1 width=30) (actual time=0.001..0.001 rows=1 loops=25)
                                 Index Cond: (n_nationkey = supplier.s_nationkey)
 Settings: effective_io_concurrency = '64', maintenance_io_concurrency = '64', max_parallel_workers_per_gather = '0', work_mem = '256MB'
 Planning Time: 5.410 ms
 JIT:
   Functions: 67
   Options: Inlining true, Optimization true, Expressions true, Deforming true
   Timing: Generation 7.373 ms, Inlining 76.918 ms, Optimization 357.639 ms, Emission 199.762 ms, Total 641.692 ms
 Execution Time: 4325.504 ms
(56 rows)

===== 9.sql jit=on =====
                                                                                      QUERY PLAN                                                                                      
--------------------------------------------------------------------------------------------------------------------------------------------------------------------------------------
 Limit  (cost=3015003.23..3015003.23 rows=1 width=90) (actual time=29195.966..29195.978 rows=1 loops=1)
   ->  Sort  (cost=3015003.23..3015153.60 rows=60150 width=90) (actual time=28598.756..28598.767 rows=1 loops=1)
         Sort Key: nation.n_name, (EXTRACT(year FROM orders.o_orderdate)) DESC
         Sort Method: top-N heapsort  Memory: 25kB
         ->  HashAggregate  (cost=3013800.23..3014702.48 rows=60150 width=90) (actual time=28598.251..28598.666 rows=175 loops=1)
               Group Key: nation.n_name, EXTRACT(year FROM orders.o_orderdate)
               Batches: 1  Memory Usage: 3217kB
               ->  Hash Join  (cost=2395539.00..2958106.70 rows=3182487 width=81) (actual time=18632.086..26266.965 rows=3248192 loops=1)
                     Hash Cond: (supplier.s_nationkey = nation.n_nationkey)
                     ->  Hash Join  (cost=2395537.44..2940378.69 rows=3182487 width=31) (actual time=18632.038..25587.933 rows=3248192 loops=1)
                           Hash Cond: (lineitem.l_suppkey = supplier.s_suppkey)
                           ->  Hash Join  (cost=2391071.44..2927558.31 rows=3182487 width=35) (actual time=18601.784..24833.990 rows=3248192 loops=1)
                                 Hash Cond: (orders.o_orderkey = lineitem.l_orderkey)
                                 ->  Seq Scan on orders  (cost=0.00..410912.00 rows=15000000 width=8) (actual time=0.013..958.823 rows=15000000 loops=1)
                                 ->  Hash  (cost=2351290.35..2351290.35 rows=3182487 width=35) (actual time=18587.035..18587.043 rows=3248192 loops=1)
                                       Buckets: 4194304  Batches: 1  Memory Usage: 260915kB
                                       ->  Hash Join  (cost=1996903.08..2351290.35 rows=3182487 width=35) (actual time=14271.763..17682.234 rows=3248192 loops=1)
                                             Hash Cond: ((partsupp.ps_suppkey = lineitem.l_suppkey) AND (partsupp.ps_partkey = lineitem.l_partkey))
                                             ->  Seq Scan on partsupp  (cost=0.00..254386.00 rows=8000000 width=14) (actual time=0.013..526.965 rows=8000000 loops=1)
                                             ->  Hash  (cost=1949165.78..1949165.78 rows=3182487 width=33) (actual time=14256.947..14256.954 rows=3248192 loops=1)
                                                   Buckets: 4194304  Batches: 1  Memory Usage: 248226kB
                                                   ->  Hash Join  (cost=67288.32..1949165.78 rows=3182487 width=33) (actual time=403.715..13251.375 rows=3248192 loops=1)
                                                         Hash Cond: (lineitem.l_partkey = part.p_partkey)
                                                         ->  Seq Scan on lineitem  (cost=0.00..1724411.40 rows=59986940 width=29) (actual time=0.022..5062.627 rows=59986052 loops=1)
                                                         ->  Hash  (cost=65962.00..65962.00 rows=106106 width=4) (actual time=403.201..403.202 rows=108312 loops=1)
                                                               Buckets: 131072  Batches: 1  Memory Usage: 4832kB
                                                               ->  Seq Scan on part  (cost=0.00..65962.00 rows=106106 width=4) (actual time=0.016..385.262 rows=108312 loops=1)
                                                                     Filter: ((p_name)::text ~~ '%navy%'::text)
                                                                     Rows Removed by Filter: 1891688
                           ->  Hash  (cost=3216.00..3216.00 rows=100000 width=8) (actual time=29.774..29.774 rows=100000 loops=1)
                                 Buckets: 131072  Batches: 1  Memory Usage: 4931kB
                                 ->  Seq Scan on supplier  (cost=0.00..3216.00 rows=100000 width=8) (actual time=0.004..17.474 rows=100000 loops=1)
                     ->  Hash  (cost=1.25..1.25 rows=25 width=30) (actual time=0.036..0.037 rows=25 loops=1)
                           Buckets: 1024  Batches: 1  Memory Usage: 10kB
                           ->  Seq Scan on nation  (cost=0.00..1.25 rows=25 width=30) (actual time=0.023..0.026 rows=25 loops=1)
 Settings: effective_io_concurrency = '64', maintenance_io_concurrency = '64', max_parallel_workers_per_gather = '0', work_mem = '256MB'
 Planning Time: 7.834 ms
 JIT:
   Functions: 56
   Options: Inlining true, Optimization true, Expressions true, Deforming true
   Timing: Generation 6.204 ms, Inlining 70.028 ms, Optimization 339.143 ms, Emission 187.538 ms, Total 602.913 ms
 Execution Time: 29257.413 ms
(42 rows)

===== 10.sql jit=off =====
                                                                                         QUERY PLAN                                                                                         
--------------------------------------------------------------------------------------------------------------------------------------------------------------------------------------------
 Limit  (cost=2379930.49..2379930.54 rows=20 width=201) (actual time=15126.132..15126.140 rows=20 loops=1)
   ->  Sort  (cost=2379930.49..2381323.29 rows=557117 width=201) (actual time=15126.131..15126.137 rows=20 loops=1)
         Sort Key: (sum((lineitem.l_extendedprice * ('1'::numeric - lineitem.l_discount)))) DESC
         Sort Method: top-N heapsort  Memory: 34kB
         ->  HashAggregate  (cost=2358141.85..2365105.81 rows=557117 width=201) (actual time=14776.634..15018.302 rows=381205 loops=1)
               Group Key: customer.c_custkey, nation.n_name
               Batches: 1  Memory Usage: 258065kB
               ->  Nested Loop  (cost=2250603.33..2351177.89 rows=557117 width=181) (actual time=12897.730..14013.688 rows=1145402 loops=1)
                     ->  Merge Join  (cost=2250603.18..2337504.36 rows=557117 width=159) (actual time=12897.710..13653.766 rows=1145402 loops=1)
                           Merge Cond: (customer.c_custkey = orders.o_custkey)
                           ->  Index Scan using customer_pkey on customer  (cost=0.43..74794.88 rows=1500000 width=147) (actual time=0.027..266.466 rows=1499997 loops=1)
                           ->  Sort  (cost=2250602.76..2251995.55 rows=557117 width=16) (actual time=12897.668..13035.308 rows=1145402 loops=1)
                                 Sort Key: orders.o_custkey
                                 Sort Method: quicksort  Memory: 129805kB
                                 ->  Hash Join  (cost=284097.84..2197432.57 rows=557117 width=16) (actual time=660.032..12543.884 rows=1145402 loops=1)
                                       Hash Cond: (lineitem.l_orderkey = orders.o_orderkey)
                                       ->  Seq Scan on lineitem  (cost=0.00..1874378.75 rows=14840369 width=16) (actual time=0.026..9909.286 rows=14808183 loops=1)
                                             Filter: (l_returnflag = 'R'::bpchar)
                                             Rows Removed by Filter: 45177869
                                       ->  Hash  (cost=277058.96..277058.96 rows=563110 width=8) (actual time=655.721..655.722 rows=573160 loops=1)
                                             Buckets: 1048576  Batches: 1  Memory Usage: 30582kB
                                             ->  Bitmap Heap Scan on orders  (cost=7700.31..277058.96 rows=563110 width=8) (actual time=149.356..545.208 rows=573160 loops=1)
                                                   Recheck Cond: ((o_orderdate >= '1994-08-01'::date) AND (o_orderdate < '1994-11-01'::date))
                                                   Heap Blocks: exact=233137
                                                   ->  Bitmap Index Scan on idx_orders_orderdate  (cost=0.00..7559.54 rows=563110 width=0) (actual time=81.229..81.230 rows=573160 loops=1)
                                                         Index Cond: ((o_orderdate >= '1994-08-01'::date) AND (o_orderdate < '1994-11-01'::date))
                     ->  Memoize  (cost=0.15..2.17 rows=1 width=30) (actual time=0.000..0.000 rows=1 loops=1145402)
                           Cache Key: customer.c_nationkey
                           Hits: 1145377  Misses: 25  Evictions: 0  Overflows: 0  Memory Usage: 4kB
                           ->  Index Scan using nation_pkey on nation  (cost=0.14..2.16 rows=1 width=30) (actual time=0.001..0.001 rows=1 loops=25)
                                 Index Cond: (n_nationkey = customer.c_nationkey)
 Settings: effective_io_concurrency = '64', jit = 'off', maintenance_io_concurrency = '64', max_parallel_workers_per_gather = '0', work_mem = '256MB'
 Planning Time: 2.181 ms
 Execution Time: 15145.022 ms
(34 rows)

===== 11.sql jit=off =====
                                                                             QUERY PLAN                                                                              
---------------------------------------------------------------------------------------------------------------------------------------------------------------------
 Limit  (cost=94747.42..94747.42 rows=1 width=36) (actual time=1065.959..1065.965 rows=0 loops=1)
   InitPlan 1 (returns $2)
     ->  Aggregate  (cost=44307.04..44307.05 rows=1 width=32) (actual time=332.279..332.281 rows=1 loops=1)
           ->  Nested Loop  (cost=47.72..41907.03 rows=320000 width=10) (actual time=0.700..254.961 rows=320800 loops=1)
                 ->  Nested Loop  (cost=47.29..2404.57 rows=4000 width=4) (actual time=0.691..3.748 rows=4010 loops=1)
                       ->  Seq Scan on nation nation_1  (cost=0.00..1.31 rows=1 width=4) (actual time=0.008..0.011 rows=1 loops=1)
                             Filter: (n_name = 'SAUDI ARABIA'::bpchar)
                             Rows Removed by Filter: 24
                       ->  Bitmap Heap Scan on supplier supplier_1  (cost=47.29..2363.25 rows=4000 width=8) (actual time=0.681..3.302 rows=4010 loops=1)
                             Recheck Cond: (s_nationkey = nation_1.n_nationkey)
                             Heap Blocks: exact=1857
                             ->  Bitmap Index Scan on idx_supplier_nation_key  (cost=0.00..46.29 rows=4000 width=0) (actual time=0.435..0.435 rows=4010 loops=1)
                                   Index Cond: (s_nationkey = nation_1.n_nationkey)
                 ->  Index Scan using idx_partsupp_suppkey on partsupp partsupp_1  (cost=0.43..9.08 rows=80 width=14) (actual time=0.003..0.055 rows=80 loops=4010)
                       Index Cond: (ps_suppkey = supplier_1.s_suppkey)
   ->  Sort  (cost=50440.37..50707.04 rows=106667 width=36) (actual time=1065.957..1065.960 rows=0 loops=1)
         Sort Key: (sum((partsupp.ps_supplycost * (partsupp.ps_availqty)::numeric))) DESC
         Sort Method: quicksort  Memory: 25kB
         ->  HashAggregate  (cost=45107.03..49907.03 rows=106667 width=36) (actual time=1065.924..1065.926 rows=0 loops=1)
               Group Key: partsupp.ps_partkey
               Filter: (sum((partsupp.ps_supplycost * (partsupp.ps_availqty)::numeric)) > $2)
               Batches: 1  Memory Usage: 135185kB
               Rows Removed by Filter: 301833
               ->  Nested Loop  (cost=47.72..41907.03 rows=320000 width=14) (actual time=0.878..375.216 rows=320800 loops=1)
                     ->  Nested Loop  (cost=47.29..2404.57 rows=4000 width=4) (actual time=0.845..5.913 rows=4010 loops=1)
                           ->  Seq Scan on nation  (cost=0.00..1.31 rows=1 width=4) (actual time=0.025..0.029 rows=1 loops=1)
                                 Filter: (n_name = 'SAUDI ARABIA'::bpchar)
                                 Rows Removed by Filter: 24
                           ->  Bitmap Heap Scan on supplier  (cost=47.29..2363.25 rows=4000 width=8) (actual time=0.816..5.293 rows=4010 loops=1)
                                 Recheck Cond: (s_nationkey = nation.n_nationkey)
                                 Heap Blocks: exact=1857
                                 ->  Bitmap Index Scan on idx_supplier_nation_key  (cost=0.00..46.29 rows=4000 width=0) (actual time=0.534..0.534 rows=4010 loops=1)
                                       Index Cond: (s_nationkey = nation.n_nationkey)
                     ->  Index Scan using idx_partsupp_suppkey on partsupp  (cost=0.43..9.08 rows=80 width=18) (actual time=0.006..0.083 rows=80 loops=4010)
                           Index Cond: (ps_suppkey = supplier.s_suppkey)
 Settings: effective_io_concurrency = '64', jit = 'off', maintenance_io_concurrency = '64', max_parallel_workers_per_gather = '0', work_mem = '256MB'
 Planning Time: 1.677 ms
 Execution Time: 1077.202 ms
(38 rows)

===== 12.sql jit=off =====
                                                                                                                    QUERY PLAN                                                                                                                     
---------------------------------------------------------------------------------------------------------------------------------------------------------------------------------------------------------------------------------------------------
 Limit  (cost=3030103.30..3030922.55 rows=1 width=27) (actual time=17381.750..17381.753 rows=1 loops=1)
   ->  GroupAggregate  (cost=3030103.30..3035838.07 rows=7 width=27) (actual time=17381.749..17381.751 rows=1 loops=1)
         Group Key: lineitem.l_shipmode
         ->  Sort  (cost=3030103.30..3030820.13 rows=286735 width=27) (actual time=17339.950..17346.128 rows=155572 loops=1)
               Sort Key: lineitem.l_shipmode
               Sort Method: quicksort  Memory: 36606kB
               ->  Hash Join  (cost=2477832.34..3004111.69 rows=286735 width=27) (actual time=13579.454..17276.835 rows=311258 loops=1)
                     Hash Cond: (orders.o_orderkey = lineitem.l_orderkey)
                     ->  Seq Scan on orders  (cost=0.00..410912.00 rows=15000000 width=20) (actual time=0.010..936.999 rows=15000000 loops=1)
                     ->  Hash  (cost=2474248.15..2474248.15 rows=286735 width=15) (actual time=13577.314..13577.315 rows=311258 loops=1)
                           Buckets: 524288  Batches: 1  Memory Usage: 18687kB
                           ->  Seq Scan on lineitem  (cost=0.00..2474248.15 rows=286735 width=15) (actual time=0.192..13497.994 rows=311258 loops=1)
                                 Filter: ((l_shipmode = ANY ('{SHIP,"REG AIR"}'::bpchar[])) AND (l_commitdate < l_receiptdate) AND (l_shipdate < l_commitdate) AND (l_receiptdate >= '1994-01-01'::date) AND (l_receiptdate < '1995-01-01'::date))
                                 Rows Removed by Filter: 59674794
 Settings: effective_io_concurrency = '64', jit = 'off', maintenance_io_concurrency = '64', max_parallel_workers_per_gather = '0', work_mem = '256MB'
 Planning Time: 1.395 ms
 Execution Time: 17383.284 ms
(17 rows)

===== 13.sql jit=off =====
                                                                                    QUERY PLAN                                                                                     
-----------------------------------------------------------------------------------------------------------------------------------------------------------------------------------
 Limit  (cost=657088.67..657088.67 rows=1 width=16) (actual time=16581.921..16581.925 rows=1 loops=1)
   ->  Sort  (cost=657088.67..657089.17 rows=200 width=16) (actual time=16581.919..16581.923 rows=1 loops=1)
         Sort Key: (count(*)) DESC, (count(orders.o_orderkey)) DESC
         Sort Method: top-N heapsort  Memory: 25kB
         ->  HashAggregate  (cost=657085.67..657087.67 rows=200 width=16) (actual time=16581.883..16581.892 rows=46 loops=1)
               Group Key: count(orders.o_orderkey)
               Batches: 1  Memory Usage: 40kB
               ->  HashAggregate  (cost=619585.67..634585.67 rows=1500000 width=12) (actual time=16125.246..16407.570 rows=1500000 loops=1)
                     Group Key: customer.c_custkey
                     Batches: 1  Memory Usage: 172049kB
                     ->  Hash Right Join  (cost=57714.43..545186.24 rows=14879886 width=8) (actual time=381.278..11309.289 rows=15337604 loops=1)
                           Hash Cond: (orders.o_custkey = customer.c_custkey)
                           ->  Seq Scan on orders  (cost=0.00..448412.00 rows=14879886 width=8) (actual time=0.014..5477.144 rows=14837583 loops=1)
                                 Filter: ((o_comment)::text !~~ '%special%requests%'::text)
                                 Rows Removed by Filter: 162417
                           ->  Hash  (cost=38964.43..38964.43 rows=1500000 width=4) (actual time=373.052..373.054 rows=1500000 loops=1)
                                 Buckets: 2097152  Batches: 1  Memory Usage: 69119kB
                                 ->  Index Only Scan using customer_pkey on customer  (cost=0.43..38964.43 rows=1500000 width=4) (actual time=0.030..136.733 rows=1500000 loops=1)
                                       Heap Fetches: 0
 Settings: effective_io_concurrency = '64', jit = 'off', maintenance_io_concurrency = '64', max_parallel_workers_per_gather = '0', work_mem = '256MB'
 Planning Time: 1.439 ms
 Execution Time: 16613.642 ms
(22 rows)

===== 14.sql jit=off =====
                                                                            QUERY PLAN                                                                            
------------------------------------------------------------------------------------------------------------------------------------------------------------------
 Limit  (cost=1196102.95..1196102.96 rows=1 width=32) (actual time=2466.843..2466.846 rows=1 loops=1)
   ->  Aggregate  (cost=1196102.95..1196102.96 rows=1 width=32) (actual time=2466.842..2466.844 rows=1 loops=1)
         ->  Hash Join  (cost=105623.94..1182701.56 rows=765793 width=33) (actual time=1109.847..2167.928 rows=772942 loops=1)
               Hash Cond: (lineitem.l_partkey = part.p_partkey)
               ->  Bitmap Heap Scan on lineitem  (cost=19661.94..1094729.36 rows=765793 width=16) (actual time=297.662..979.490 rows=772942 loops=1)
                     Recheck Cond: ((l_shipdate >= '1994-05-01'::date) AND (l_shipdate < '1994-06-01'::date))
                     Heap Blocks: exact=416660
                     ->  Bitmap Index Scan on idx_lineitem_shipdate  (cost=0.00..19470.49 rows=765793 width=0) (actual time=179.741..179.741 rows=772942 loops=1)
                           Index Cond: ((l_shipdate >= '1994-05-01'::date) AND (l_shipdate < '1994-06-01'::date))
               ->  Hash  (cost=60962.00..60962.00 rows=2000000 width=25) (actual time=804.543..804.544 rows=2000000 loops=1)
                     Buckets: 2097152  Batches: 1  Memory Usage: 131903kB
                     ->  Seq Scan on part  (cost=0.00..60962.00 rows=2000000 width=25) (actual time=0.022..383.221 rows=2000000 loops=1)
 Settings: effective_io_concurrency = '64', jit = 'off', maintenance_io_concurrency = '64', max_parallel_workers_per_gather = '0', work_mem = '256MB'
 Planning Time: 1.239 ms
 Execution Time: 2469.116 ms
(15 rows)

===== 15.sql jit=off =====
                                                                       QUERY PLAN                                                                       
--------------------------------------------------------------------------------------------------------------------------------------------------------
 HashAggregate  (cost=1239311.99..1240560.23 rows=99859 width=36) (actual time=3331.012..3373.895 rows=100000 loops=1)
   Group Key: l_suppkey
   Batches: 1  Memory Usage: 47121kB
   ->  Bitmap Heap Scan on lineitem  (cost=57462.48..1216929.63 rows=2238236 width=16) (actual time=547.617..1801.892 rows=2265714 loops=1)
         Recheck Cond: ((l_shipdate >= '1996-01-01'::date) AND (l_shipdate < '1996-04-01'::date))
         Heap Blocks: exact=668609
         ->  Bitmap Index Scan on idx_lineitem_shipdate  (cost=0.00..56902.93 rows=2238236 width=0) (actual time=356.227..356.227 rows=2265714 loops=1)
               Index Cond: ((l_shipdate >= '1996-01-01'::date) AND (l_shipdate < '1996-04-01'::date))
 Settings: effective_io_concurrency = '64', jit = 'off', maintenance_io_concurrency = '64', max_parallel_workers_per_gather = '0', work_mem = '256MB'
 Planning Time: 0.730 ms
 Execution Time: 3380.147 ms
(11 rows)

CREATE VIEW
                                                                                   QUERY PLAN                                                                                   
--------------------------------------------------------------------------------------------------------------------------------------------------------------------------------
 Limit  (cost=2482646.00..2482656.18 rows=1 width=103) (actual time=5930.961..5930.965 rows=1 loops=1)
   InitPlan 1 (returns $0)
     ->  Aggregate  (cost=1241808.47..1241808.48 rows=1 width=32) (actual time=2966.334..2966.336 rows=1 loops=1)
           ->  HashAggregate  (cost=1239311.99..1240560.23 rows=99859 width=36) (actual time=2917.416..2960.463 rows=100000 loops=1)
                 Group Key: lineitem_1.l_suppkey
                 Batches: 1  Memory Usage: 47121kB
                 ->  Bitmap Heap Scan on lineitem lineitem_1  (cost=57462.48..1216929.63 rows=2238236 width=16) (actual time=465.222..1431.380 rows=2265714 loops=1)
                       Recheck Cond: ((l_shipdate >= '1996-01-01'::date) AND (l_shipdate < '1996-04-01'::date))
                       Heap Blocks: exact=668609
                       ->  Bitmap Index Scan on idx_lineitem_shipdate  (cost=0.00..56902.93 rows=2238236 width=0) (actual time=281.105..281.105 rows=2265714 loops=1)
                             Index Cond: ((l_shipdate >= '1996-01-01'::date) AND (l_shipdate < '1996-04-01'::date))
   ->  Merge Join  (cost=1240837.52..1245921.17 rows=499 width=103) (actual time=5930.960..5930.962 rows=1 loops=1)
         Merge Cond: (supplier.s_suppkey = revenue0.supplier_no)
         ->  Index Scan using supplier_pkey on supplier  (cost=0.29..4826.45 rows=100000 width=71) (actual time=0.008..11.338 rows=69998 loops=1)
         ->  Sort  (cost=1240837.23..1240838.48 rows=499 width=36) (actual time=5915.714..5915.715 rows=1 loops=1)
               Sort Key: revenue0.supplier_no
               Sort Method: quicksort  Memory: 25kB
               ->  Subquery Scan on revenue0  (cost=1239311.99..1240814.87 rows=499 width=36) (actual time=5885.417..5915.709 rows=1 loops=1)
                     ->  HashAggregate  (cost=1239311.99..1240809.88 rows=499 width=36) (actual time=5885.416..5915.707 rows=1 loops=1)
                           Group Key: lineitem.l_suppkey
                           Filter: (sum((lineitem.l_extendedprice * ('1'::numeric - lineitem.l_discount))) = $0)
                           Batches: 1  Memory Usage: 47121kB
                           Rows Removed by Filter: 99999
                           ->  Bitmap Heap Scan on lineitem  (cost=57462.48..1216929.63 rows=2238236 width=16) (actual time=464.357..1422.030 rows=2265714 loops=1)
                                 Recheck Cond: ((l_shipdate >= '1996-01-01'::date) AND (l_shipdate < '1996-04-01'::date))
                                 Heap Blocks: exact=668609
                                 ->  Bitmap Index Scan on idx_lineitem_shipdate  (cost=0.00..56902.93 rows=2238236 width=0) (actual time=278.502..278.503 rows=2265714 loops=1)
                                       Index Cond: ((l_shipdate >= '1996-01-01'::date) AND (l_shipdate < '1996-04-01'::date))
 Settings: effective_io_concurrency = '64', jit = 'off', maintenance_io_concurrency = '64', max_parallel_workers_per_gather = '0', work_mem = '256MB'
 Planning Time: 0.471 ms
 Execution Time: 5936.887 ms
(31 rows)

DROP VIEW
===== 16.sql jit=off =====
                                                                                         QUERY PLAN                                                                                         
--------------------------------------------------------------------------------------------------------------------------------------------------------------------------------------------
 Limit  (cost=403045.60..403045.60 rows=1 width=44) (actual time=5959.038..5959.042 rows=1 loops=1)
   ->  Sort  (cost=403045.60..403429.89 rows=153714 width=44) (actual time=5959.036..5959.040 rows=1 loops=1)
         Sort Key: (count(DISTINCT partsupp.ps_suppkey)) DESC, part.p_brand, part.p_type, part.p_size
         Sort Method: top-N heapsort  Memory: 25kB
         ->  GroupAggregate  (cost=393318.89..402277.03 rows=153714 width=44) (actual time=5533.191..5954.620 rows=27838 loops=1)
               Group Key: part.p_brand, part.p_type, part.p_size
               ->  Sort  (cost=393318.89..394803.09 rows=593680 width=40) (actual time=5533.149..5637.147 rows=1186319 loops=1)
                     Sort Key: part.p_brand, part.p_type, part.p_size
                     Sort Method: quicksort  Memory: 141834kB
                     ->  Hash Join  (cost=98138.96..336386.98 rows=593680 width=40) (actual time=652.287..2782.209 rows=1186319 loops=1)
                           Hash Cond: (partsupp.ps_partkey = part.p_partkey)
                           ->  Index Only Scan using partsupp_pkey on partsupp  (cost=3466.46..231214.46 rows=4000000 width=8) (actual time=28.422..1368.182 rows=7995520 loops=1)
                                 Filter: (NOT (hashed SubPlan 1))
                                 Rows Removed by Filter: 4480
                                 Heap Fetches: 0
                                 SubPlan 1
                                   ->  Seq Scan on supplier  (cost=0.00..3466.00 rows=10 width=4) (actual time=0.154..28.367 rows=56 loops=1)
                                         Filter: ((s_comment)::text ~~ '%Customer%Complaints%'::text)
                                         Rows Removed by Filter: 99944
                           ->  Hash  (cost=90962.00..90962.00 rows=296840 width=40) (actual time=621.783..621.784 rows=296733 loops=1)
                                 Buckets: 524288  Batches: 1  Memory Usage: 25593kB
                                 ->  Seq Scan on part  (cost=0.00..90962.00 rows=296840 width=40) (actual time=0.021..551.168 rows=296733 loops=1)
                                       Filter: ((p_brand <> 'Brand#12'::bpchar) AND ((p_type)::text !~~ 'SMALL BRUSHED%'::text) AND (p_size = ANY ('{12,32,36,26,40,34,49,9}'::integer[])))
                                       Rows Removed by Filter: 1703267
 Settings: effective_io_concurrency = '64', jit = 'off', maintenance_io_concurrency = '64', max_parallel_workers_per_gather = '0', work_mem = '256MB'
 Planning Time: 1.576 ms
 Execution Time: 5963.331 ms
(27 rows)

===== 17-flattened.sql jit=off =====
                                                                      QUERY PLAN                                                                      
------------------------------------------------------------------------------------------------------------------------------------------------------
 HashAggregate  (cost=5567324.74..6182439.39 rows=1953646 width=36) (actual time=35802.016..57032.559 rows=2000000 loops=1)
   Group Key: l_partkey
   Planned Partitions: 4  Batches: 5  Memory Usage: 262193kB  Disk Usage: 1517688kB
   ->  Seq Scan on lineitem  (cost=0.00..1724411.40 rows=59986940 width=9) (actual time=0.034..4786.443 rows=59986052 loops=1)
 Settings: effective_io_concurrency = '64', jit = 'off', maintenance_io_concurrency = '64', max_parallel_workers_per_gather = '0', work_mem = '256MB'
 Planning Time: 0.695 ms
 Execution Time: 57249.648 ms
(7 rows)

SELECT 2000000
CREATE INDEX
ANALYZE
                                                                                 QUERY PLAN                                                                                 
----------------------------------------------------------------------------------------------------------------------------------------------------------------------------
 Limit  (cost=237798.73..237798.74 rows=1 width=32) (actual time=349.888..349.889 rows=1 loops=1)
   ->  Aggregate  (cost=237798.73..237798.74 rows=1 width=32) (actual time=349.887..349.888 rows=1 loops=1)
         ->  Nested Loop  (cost=0.87..237748.73 rows=19996 width=8) (actual time=0.122..349.241 rows=5319 loops=1)
               Join Filter: (part.p_partkey = lineitem.l_partkey)
               ->  Nested Loop  (cost=0.43..86040.00 rows=2000 width=21) (actual time=0.108..289.326 rows=1996 loops=1)
                     ->  Seq Scan on part  (cost=0.00..70962.00 rows=2000 width=4) (actual time=0.095..274.084 rows=1996 loops=1)
                           Filter: ((p_brand = 'Brand#22'::bpchar) AND (p_container = 'LG BOX'::bpchar))
                           Rows Removed by Filter: 1998004
                     ->  Index Scan using idx_tmp_avg_quantity on tmp_avg_quantity part_agg  (cost=0.43..7.53 rows=1 width=17) (actual time=0.007..0.007 rows=1 loops=1996)
                           Index Cond: (agg_partkey = part.p_partkey)
               ->  Index Scan using idx_lineitem_part_supp on lineitem  (cost=0.44..75.73 rows=10 width=17) (actual time=0.012..0.029 rows=3 loops=1996)
                     Index Cond: (l_partkey = part_agg.agg_partkey)
                     Filter: (l_quantity < part_agg.avg_quantity)
                     Rows Removed by Filter: 27
 Settings: effective_io_concurrency = '64', jit = 'off', maintenance_io_concurrency = '64', max_parallel_workers_per_gather = '0', work_mem = '256MB'
 Planning Time: 0.757 ms
 Execution Time: 349.924 ms
(17 rows)

DROP TABLE
===== 17.sql jit=off =====
                                                                            QUERY PLAN                                                                            
------------------------------------------------------------------------------------------------------------------------------------------------------------------
 Limit  (cost=6425344.03..6425344.04 rows=1 width=32) (actual time=57601.416..57601.419 rows=1 loops=1)
   ->  Aggregate  (cost=6425344.03..6425344.04 rows=1 width=32) (actual time=57601.415..57601.417 rows=1 loops=1)
         ->  Nested Loop  (cost=5638312.18..6425295.20 rows=19532 width=8) (actual time=36104.993..57600.683 rows=5319 loops=1)
               Join Filter: (part.p_partkey = lineitem.l_partkey)
               ->  Hash Join  (cost=5638311.74..6278091.19 rows=1954 width=40) (actual time=36103.158..57534.516 rows=1996 loops=1)
                     Hash Cond: (lineitem_1.l_partkey = part.p_partkey)
                     ->  HashAggregate  (cost=5567324.74..6182439.39 rows=1953646 width=36) (actual time=35731.078..56995.717 rows=2000000 loops=1)
                           Group Key: lineitem_1.l_partkey
                           Planned Partitions: 4  Batches: 5  Memory Usage: 262193kB  Disk Usage: 1517688kB
                           ->  Seq Scan on lineitem lineitem_1  (cost=0.00..1724411.40 rows=59986940 width=9) (actual time=0.019..4783.975 rows=59986052 loops=1)
                     ->  Hash  (cost=70962.00..70962.00 rows=2000 width=4) (actual time=372.002..372.003 rows=1996 loops=1)
                           Buckets: 2048  Batches: 1  Memory Usage: 87kB
                           ->  Seq Scan on part  (cost=0.00..70962.00 rows=2000 width=4) (actual time=0.280..371.529 rows=1996 loops=1)
                                 Filter: ((p_brand = 'Brand#22'::bpchar) AND (p_container = 'LG BOX'::bpchar))
                                 Rows Removed by Filter: 1998004
               ->  Index Scan using idx_lineitem_part_supp on lineitem  (cost=0.44..75.21 rows=10 width=17) (actual time=0.014..0.032 rows=3 loops=1996)
                     Index Cond: (l_partkey = lineitem_1.l_partkey)
                     Filter: (l_quantity < ((0.2 * avg(lineitem_1.l_quantity))))
                     Rows Removed by Filter: 27
 Settings: effective_io_concurrency = '64', jit = 'off', maintenance_io_concurrency = '64', max_parallel_workers_per_gather = '0', work_mem = '256MB'
 Planning Time: 1.475 ms
 Execution Time: 57746.557 ms
(22 rows)

===== 18.sql jit=off =====
                                                                                                 QUERY PLAN                                                                                                  
-------------------------------------------------------------------------------------------------------------------------------------------------------------------------------------------------------------
 Limit  (cost=9939338.76..9939339.01 rows=100 width=71) (actual time=42307.743..42307.756 rows=99 loops=1)
   ->  Sort  (cost=9939338.76..9989317.00 rows=19991296 width=71) (actual time=42307.741..42307.748 rows=99 loops=1)
         Sort Key: orders.o_totalprice DESC, orders.o_orderdate
         Sort Method: quicksort  Memory: 32kB
         ->  HashAggregate  (cost=8573985.11..9175285.81 rows=19991296 width=71) (actual time=42304.698..42307.643 rows=99 loops=1)
               Group Key: customer.c_custkey, orders.o_orderkey
               Planned Partitions: 32  Batches: 1  Memory Usage: 24657kB
               ->  Hash Join  (cost=69590.06..6618586.47 rows=19991296 width=44) (actual time=1588.825..42304.044 rows=693 loops=1)
                     Hash Cond: (orders.o_custkey = customer.c_custkey)
                     ->  Merge Join  (cost=13.06..6496532.17 rows=19991296 width=25) (actual time=936.510..41651.391 rows=693 loops=1)
                           Merge Cond: (orders.o_orderkey = lineitem.l_orderkey)
                           ->  Merge Join  (cost=1.00..3729746.35 rows=4998912 width=24) (actual time=677.675..29373.927 rows=99 loops=1)
                                 Merge Cond: (orders.o_orderkey = lineitem_1.l_orderkey)
                                 ->  Index Scan using orders_pkey on orders  (cost=0.43..650439.44 rows=15000000 width=20) (actual time=0.031..2987.523 rows=14982724 loops=1)
                                 ->  GroupAggregate  (cost=0.56..2929331.39 rows=4998912 width=4) (actual time=592.224..25537.989 rows=99 loops=1)
                                       Group Key: lineitem_1.l_orderkey
                                       Filter: (sum(lineitem_1.l_quantity) > '313'::numeric)
                                       Rows Removed by Filter: 14999901
                                       ->  Index Scan using idx_lineitem_orderkey on lineitem lineitem_1  (cost=0.56..2404445.67 rows=59986940 width=9) (actual time=0.095..12618.235 rows=59986052 loops=1)
                           ->  Index Scan using idx_lineitem_orderkey on lineitem  (cost=0.56..2404445.67 rows=59986940 width=9) (actual time=0.028..8808.498 rows=59916431 loops=1)
                     ->  Hash  (cost=50827.00..50827.00 rows=1500000 width=23) (actual time=644.803..644.804 rows=1500000 loops=1)
                           Buckets: 2097152  Batches: 1  Memory Usage: 98416kB
                           ->  Seq Scan on customer  (cost=0.00..50827.00 rows=1500000 width=23) (actual time=0.020..337.230 rows=1500000 loops=1)
 Settings: effective_io_concurrency = '64', jit = 'off', maintenance_io_concurrency = '64', max_parallel_workers_per_gather = '0', work_mem = '256MB'
 Planning Time: 2.374 ms
 Execution Time: 42322.858 ms
(26 rows)

===== 19.sql jit=off =====
                                                                                                                                                                                                                                                                                                                                                                                                                                                                                                            QUERY PLAN                                                                                                                                                                                                                                                                                                                                                                                                                                                                                                            
----------------------------------------------------------------------------------------------------------------------------------------------------------------------------------------------------------------------------------------------------------------------------------------------------------------------------------------------------------------------------------------------------------------------------------------------------------------------------------------------------------------------------------------------------------------------------------------------------------------------------------------------------------------------------------------------------------------------------------------------------------------------------------------------------------------------------------------------------------------------------------------------------------------------------------------------------------------------------------------------------------------------------------
 Limit  (cost=716001.41..716001.42 rows=1 width=32) (actual time=876.241..876.242 rows=1 loops=1)
   ->  Aggregate  (cost=716001.41..716001.42 rows=1 width=32) (actual time=876.240..876.241 rows=1 loops=1)
         ->  Nested Loop  (cost=0.44..715992.88 rows=1137 width=12) (actual time=4.167..875.666 rows=1063 loops=1)
               ->  Seq Scan on part  (cost=0.00..125962.00 rows=4789 width=30) (actual time=0.326..520.063 rows=4781 loops=1)
                     Filter: ((p_size >= 1) AND (((p_brand = 'Brand#24'::bpchar) AND (p_container = ANY ('{"SM CASE","SM BOX","SM PACK","SM PKG"}'::bpchar[])) AND (p_size <= 5)) OR ((p_brand = 'Brand#43'::bpchar) AND (p_container = ANY ('{"MED BAG","MED BOX","MED PKG","MED PACK"}'::bpchar[])) AND (p_size <= 10)) OR ((p_brand = 'Brand#44'::bpchar) AND (p_container = ANY ('{"LG CASE","LG BOX","LG PACK","LG PKG"}'::bpchar[])) AND (p_size <= 15))))
                     Rows Removed by Filter: 1995219
               ->  Index Scan using idx_lineitem_part_supp on lineitem  (cost=0.44..123.20 rows=1 width=21) (actual time=0.066..0.074 rows=0 loops=4781)
                     Index Cond: (l_partkey = part.p_partkey)
                     Filter: ((l_shipmode = ANY ('{AIR,"AIR REG"}'::bpchar[])) AND (l_shipinstruct = 'DELIVER IN PERSON'::bpchar) AND (((l_quantity >= '10'::numeric) AND (l_quantity <= '20'::numeric)) OR ((l_quantity >= '10'::numeric) AND (l_quantity <= '20'::numeric)) OR ((l_quantity >= '20'::numeric) AND (l_quantity <= '30'::numeric))) AND (((part.p_brand = 'Brand#24'::bpchar) AND (part.p_container = ANY ('{"SM CASE","SM BOX","SM PACK","SM PKG"}'::bpchar[])) AND (l_quantity >= '10'::numeric) AND (l_quantity <= '20'::numeric) AND (part.p_size <= 5)) OR ((part.p_brand = 'Brand#43'::bpchar) AND (part.p_container = ANY ('{"MED BAG","MED BOX","MED PKG","MED PACK"}'::bpchar[])) AND (l_quantity >= '10'::numeric) AND (l_quantity <= '20'::numeric) AND (part.p_size <= 10)) OR ((part.p_brand = 'Brand#44'::bpchar) AND (part.p_container = ANY ('{"LG CASE","LG BOX","LG PACK","LG PKG"}'::bpchar[])) AND (l_quantity >= '20'::numeric) AND (l_quantity <= '30'::numeric) AND (part.p_size <= 15))))
                     Rows Removed by Filter: 30
 Settings: effective_io_concurrency = '64', jit = 'off', maintenance_io_concurrency = '64', max_parallel_workers_per_gather = '0', work_mem = '256MB'
 Planning Time: 1.607 ms
 Execution Time: 876.355 ms
(13 rows)

===== 1.sql jit=off =====
                                                                      QUERY PLAN                                                                      
------------------------------------------------------------------------------------------------------------------------------------------------------
 Limit  (cost=3949252.55..3949252.55 rows=1 width=236) (actual time=70319.490..70319.492 rows=1 loops=1)
   ->  Sort  (cost=3949252.55..3949252.56 rows=6 width=236) (actual time=70319.489..70319.490 rows=1 loops=1)
         Sort Key: l_returnflag, l_linestatus
         Sort Method: top-N heapsort  Memory: 25kB
         ->  HashAggregate  (cost=3949252.35..3949252.52 rows=6 width=236) (actual time=70319.451..70319.461 rows=4 loops=1)
               Group Key: l_returnflag, l_linestatus
               Batches: 1  Memory Usage: 32kB
               ->  Seq Scan on lineitem  (cost=0.00..1874378.75 rows=59282103 width=25) (actual time=0.055..11011.516 rows=59284448 loops=1)
                     Filter: (l_shipdate <= '1998-09-10 00:00:00'::timestamp without time zone)
                     Rows Removed by Filter: 701604
 Settings: effective_io_concurrency = '64', jit = 'off', maintenance_io_concurrency = '64', max_parallel_workers_per_gather = '0', work_mem = '256MB'
 Planning Time: 0.841 ms
 Execution Time: 70319.570 ms
(13 rows)

===== 20-flattened.sql jit=off =====
                                                                        QUERY PLAN                                                                         
-----------------------------------------------------------------------------------------------------------------------------------------------------------
 HashAggregate  (cost=2101986.98..2263667.46 rows=4844500 width=40) (actual time=13274.914..20328.052 rows=5448842 loops=1)
   Group Key: l_partkey, l_suppkey
   Planned Partitions: 8  Batches: 41  Memory Usage: 262225kB  Disk Usage: 318560kB
   ->  Bitmap Heap Scan on lineitem  (cost=234008.59..1495274.52 rows=9114929 width=13) (actual time=1592.100..8455.304 rows=9123688 loops=1)
         Recheck Cond: ((l_shipdate >= '1996-01-01'::date) AND (l_shipdate < '1997-01-01'::date))
         Heap Blocks: exact=1048319
         ->  Bitmap Index Scan on idx_lineitem_shipdate  (cost=0.00..231729.86 rows=9114929 width=0) (actual time=1261.301..1261.302 rows=9123688 loops=1)
               Index Cond: ((l_shipdate >= '1996-01-01'::date) AND (l_shipdate < '1997-01-01'::date))
 Settings: effective_io_concurrency = '64', jit = 'off', maintenance_io_concurrency = '64', max_parallel_workers_per_gather = '0', work_mem = '256MB'
 Planning Time: 0.997 ms
 Execution Time: 20530.812 ms
(11 rows)

SELECT 5448842
CREATE INDEX
ANALYZE
                                                                                   QUERY PLAN                                                                                   
--------------------------------------------------------------------------------------------------------------------------------------------------------------------------------
 Limit  (cost=87936.03..87936.03 rows=1 width=51) (actual time=1298.066..1298.069 rows=1 loops=1)
   ->  Sort  (cost=87936.03..87936.03 rows=1 width=51) (actual time=1298.065..1298.067 rows=1 loops=1)
         Sort Key: supplier.s_name
         Sort Method: top-N heapsort  Memory: 25kB
         ->  Nested Loop Semi Join  (cost=48.59..87936.02 rows=1 width=51) (actual time=0.855..1296.327 rows=1821 loops=1)
               ->  Nested Loop  (cost=47.29..2404.57 rows=4000 width=55) (actual time=0.602..11.814 rows=4095 loops=1)
                     ->  Seq Scan on nation  (cost=0.00..1.31 rows=1 width=4) (actual time=0.019..0.023 rows=1 loops=1)
                           Filter: (n_name = 'IRAQ'::bpchar)
                           Rows Removed by Filter: 24
                     ->  Bitmap Heap Scan on supplier  (cost=47.29..2363.25 rows=4000 width=59) (actual time=0.578..10.861 rows=4095 loops=1)
                           Recheck Cond: (s_nationkey = nation.n_nationkey)
                           Heap Blocks: exact=1867
                           ->  Bitmap Index Scan on idx_supplier_nation_key  (cost=0.00..46.29 rows=4000 width=0) (actual time=0.324..0.324 rows=4095 loops=1)
                                 Index Cond: (s_nationkey = nation.n_nationkey)
               ->  Nested Loop  (cost=1.30..21.37 rows=1 width=8) (actual time=0.313..0.313 rows=0 loops=4095)
                     Join Filter: (supplier.s_suppkey = agg_lineitem.agg_suppkey)
                     ->  Nested Loop  (cost=0.87..20.88 rows=1 width=16) (actual time=0.269..0.307 rows=1 loops=4095)
                           ->  Index Scan using idx_partsupp_suppkey on partsupp  (cost=0.43..9.08 rows=80 width=12) (actual time=0.006..0.126 rows=61 loops=4095)
                                 Index Cond: (ps_suppkey = supplier.s_suppkey)
                           ->  Memoize  (cost=0.44..0.48 rows=1 width=4) (actual time=0.003..0.003 rows=0 loops=248000)
                                 Cache Key: partsupp.ps_partkey
                                 Hits: 11702  Misses: 236298  Evictions: 0  Overflows: 0  Memory Usage: 15783kB
                                 ->  Index Scan using part_pkey on part  (cost=0.43..0.47 rows=1 width=4) (actual time=0.002..0.002 rows=0 loops=236298)
                                       Index Cond: (p_partkey = partsupp.ps_partkey)
                                       Filter: ((p_name)::text ~~ 'olive%'::text)
                                       Rows Removed by Filter: 1
                     ->  Index Scan using idx_tmp_agg_lineitem on tmp_agg_lineitem agg_lineitem  (cost=0.43..0.48 rows=1 width=13) (actual time=0.008..0.008 rows=1 loops=2732)
                           Index Cond: ((agg_partkey = partsupp.ps_partkey) AND (agg_suppkey = partsupp.ps_suppkey))
                           Filter: ((partsupp.ps_availqty)::numeric > agg_quantity)
                           Rows Removed by Filter: 0
 Settings: effective_io_concurrency = '64', jit = 'off', maintenance_io_concurrency = '64', max_parallel_workers_per_gather = '0', work_mem = '256MB'
 Planning Time: 1.699 ms
 Execution Time: 1313.965 ms
(33 rows)

DROP TABLE
===== 20.sql jit=off =====
                                                                                          QUERY PLAN                                                                                           
-----------------------------------------------------------------------------------------------------------------------------------------------------------------------------------------------
 Limit  (cost=2429178.63..2429178.64 rows=1 width=51) (actual time=38356.487..38356.492 rows=1 loops=1)
   ->  Sort  (cost=2429178.63..2429178.64 rows=1 width=51) (actual time=38356.486..38356.490 rows=1 loops=1)
         Sort Key: supplier.s_name
         Sort Method: top-N heapsort  Memory: 25kB
         ->  Nested Loop Semi Join  (cost=2168224.69..2429178.62 rows=1 width=51) (actual time=15568.710..38354.797 rows=1821 loops=1)
               Join Filter: (supplier.s_suppkey = lineitem.l_suppkey)
               Rows Removed by Join Filter: 182645835
               ->  Nested Loop  (cost=0.00..4467.31 rows=4000 width=55) (actual time=0.033..23.381 rows=4095 loops=1)
                     Join Filter: (supplier.s_nationkey = nation.n_nationkey)
                     Rows Removed by Join Filter: 95905
                     ->  Seq Scan on nation  (cost=0.00..1.31 rows=1 width=4) (actual time=0.019..0.023 rows=1 loops=1)
                           Filter: (n_name = 'IRAQ'::bpchar)
                           Rows Removed by Filter: 24
                     ->  Seq Scan on supplier  (cost=0.00..3216.00 rows=100000 width=59) (actual time=0.009..14.902 rows=100000 loops=1)
               ->  Materialize  (cost=2168224.69..2424651.31 rows=1 width=8) (actual time=3.303..6.714 rows=44603 loops=4095)
                     ->  Nested Loop  (cost=2168224.69..2424651.31 rows=1 width=8) (actual time=13527.381..21422.008 rows=59002 loops=1)
                           ->  Hash Join  (cost=2168224.26..2391066.57 rows=53343 width=44) (actual time=13527.351..21136.006 rows=59125 loops=1)
                                 Hash Cond: (lineitem.l_partkey = part.p_partkey)
                                 ->  HashAggregate  (cost=2101986.98..2263667.46 rows=4844500 width=40) (actual time=13212.545..20286.408 rows=5448842 loops=1)
                                       Group Key: lineitem.l_partkey, lineitem.l_suppkey
                                       Planned Partitions: 8  Batches: 41  Memory Usage: 262225kB  Disk Usage: 318560kB
                                       ->  Bitmap Heap Scan on lineitem  (cost=234008.59..1495274.52 rows=9114929 width=13) (actual time=1581.348..8374.517 rows=9123688 loops=1)
                                             Recheck Cond: ((l_shipdate >= '1996-01-01'::date) AND (l_shipdate < '1997-01-01'::date))
                                             Heap Blocks: exact=1048319
                                             ->  Bitmap Index Scan on idx_lineitem_shipdate  (cost=0.00..231729.86 rows=9114929 width=0) (actual time=1255.414..1255.414 rows=9123688 loops=1)
                                                   Index Cond: ((l_shipdate >= '1996-01-01'::date) AND (l_shipdate < '1997-01-01'::date))
                                 ->  Hash  (cost=65962.00..65962.00 rows=22022 width=4) (actual time=314.620..314.620 rows=21718 loops=1)
                                       Buckets: 32768  Batches: 1  Memory Usage: 1020kB
                                       ->  Seq Scan on part  (cost=0.00..65962.00 rows=22022 width=4) (actual time=0.049..310.302 rows=21718 loops=1)
                                             Filter: ((p_name)::text ~~ 'olive%'::text)
                                             Rows Removed by Filter: 1978282
                           ->  Index Scan using partsupp_pkey on partsupp  (cost=0.43..0.62 rows=1 width=12) (actual time=0.004..0.004 rows=1 loops=59125)
                                 Index Cond: ((ps_partkey = lineitem.l_partkey) AND (ps_suppkey = lineitem.l_suppkey))
                                 Filter: ((ps_availqty)::numeric > ((0.5 * sum(lineitem.l_quantity))))
                                 Rows Removed by Filter: 0
 Settings: effective_io_concurrency = '64', jit = 'off', maintenance_io_concurrency = '64', max_parallel_workers_per_gather = '0', work_mem = '256MB'
 Planning Time: 2.729 ms
 Execution Time: 38402.532 ms
(38 rows)

===== 21.sql jit=off =====
                                                                                            QUERY PLAN                                                                                             
---------------------------------------------------------------------------------------------------------------------------------------------------------------------------------------------------
 Limit  (cost=4271864.35..4271864.36 rows=1 width=34) (actual time=36023.986..36024.000 rows=100 loops=1)
   ->  Sort  (cost=4271864.35..4271864.36 rows=1 width=34) (actual time=36023.985..36023.993 rows=100 loops=1)
         Sort Key: (count(*)) DESC, supplier.s_name
         Sort Method: top-N heapsort  Memory: 38kB
         ->  GroupAggregate  (cost=4271864.32..4271864.34 rows=1 width=34) (actual time=36015.206..36022.808 rows=3991 loops=1)
               Group Key: supplier.s_name
               ->  Sort  (cost=4271864.32..4271864.33 rows=1 width=26) (actual time=36015.196..36018.623 rows=39281 loops=1)
                     Sort Key: supplier.s_name
                     Sort Method: quicksort  Memory: 3378kB
                     ->  Nested Loop Semi Join  (cost=2204887.90..4271864.31 rows=1 width=26) (actual time=16801.624..35866.578 rows=39281 loops=1)
                           Join Filter: (l2.l_suppkey <> l1.l_suppkey)
                           Rows Removed by Join Filter: 42023
                           ->  Nested Loop  (cost=2204887.34..4271856.77 rows=1 width=38) (actual time=16801.608..35617.430 rows=65960 loops=1)
                                 ->  Hash Anti Join  (cost=2204886.90..4271849.46 rows=1 width=34) (actual time=16799.920..35178.170 rows=134155 loops=1)
                                       Hash Cond: (l1.l_orderkey = l3.l_orderkey)
                                       Join Filter: (l3.l_suppkey <> l1.l_suppkey)
                                       Rows Removed by Join Filter: 547662
                                       ->  Hash Join  (cost=2454.57..1959815.25 rows=799826 width=34) (actual time=7.611..14058.464 rows=1514267 loops=1)
                                             Hash Cond: (l1.l_suppkey = supplier.s_suppkey)
                                             ->  Seq Scan on lineitem l1  (cost=0.00..1874378.75 rows=19995647 width=8) (actual time=0.152..10575.815 rows=37929348 loops=1)
                                                   Filter: (l_receiptdate > l_commitdate)
                                                   Rows Removed by Filter: 22056704
                                             ->  Hash  (cost=2404.57..2404.57 rows=4000 width=30) (actual time=7.406..7.408 rows=3991 loops=1)
                                                   Buckets: 4096  Batches: 1  Memory Usage: 282kB
                                                   ->  Nested Loop  (cost=47.29..2404.57 rows=4000 width=30) (actual time=0.836..6.723 rows=3991 loops=1)
                                                         ->  Seq Scan on nation  (cost=0.00..1.31 rows=1 width=4) (actual time=0.018..0.020 rows=1 loops=1)
                                                               Filter: (n_name = 'PERU'::bpchar)
                                                               Rows Removed by Filter: 24
                                                         ->  Bitmap Heap Scan on supplier  (cost=47.29..2363.25 rows=4000 width=34) (actual time=0.815..6.271 rows=3991 loops=1)
                                                               Recheck Cond: (s_nationkey = nation.n_nationkey)
                                                               Heap Blocks: exact=1873
                                                               ->  Bitmap Index Scan on idx_supplier_nation_key  (cost=0.00..46.29 rows=4000 width=0) (actual time=0.555..0.555 rows=3991 loops=1)
                                                                     Index Cond: (s_nationkey = nation.n_nationkey)
                                       ->  Hash  (cost=1874378.75..1874378.75 rows=19995647 width=8) (actual time=16758.522..16758.523 rows=37929348 loops=1)
                                             Buckets: 8388608  Batches: 8  Memory Usage: 250561kB
                                             ->  Seq Scan on lineitem l3  (cost=0.00..1874378.75 rows=19995647 width=8) (actual time=0.013..11567.013 rows=37929348 loops=1)
                                                   Filter: (l_receiptdate > l_commitdate)
                                                   Rows Removed by Filter: 22056704
                                 ->  Index Scan using orders_pkey on orders  (cost=0.43..7.32 rows=1 width=4) (actual time=0.003..0.003 rows=0 loops=134155)
                                       Index Cond: (o_orderkey = l1.l_orderkey)
                                       Filter: (o_orderstatus = 'F'::bpchar)
                                       Rows Removed by Filter: 1
                           ->  Index Scan using idx_lineitem_orderkey on lineitem l2  (cost=0.56..7.52 rows=4 width=8) (actual time=0.003..0.003 rows=1 loops=65960)
                                 Index Cond: (l_orderkey = orders.o_orderkey)
 Settings: effective_io_concurrency = '64', jit = 'off', maintenance_io_concurrency = '64', max_parallel_workers_per_gather = '0', work_mem = '256MB'
 Planning Time: 3.095 ms
 Execution Time: 36028.788 ms
(47 rows)

===== 22.sql jit=off =====
                                                                          QUERY PLAN                                                                          
--------------------------------------------------------------------------------------------------------------------------------------------------------------
 Limit  (cost=163205.62..163205.64 rows=1 width=72) (actual time=1729.893..1729.896 rows=1 loops=1)
   InitPlan 1 (returns $0)
     ->  Aggregate  (cost=75321.34..75321.35 rows=1 width=32) (actual time=813.714..813.715 rows=1 loops=1)
           ->  Seq Scan on customer customer_1  (cost=0.00..75202.00 rows=47734 width=6) (actual time=0.007..780.555 rows=382426 loops=1)
                 Filter: ((c_acctbal > 0.00) AND (SUBSTRING(c_phone FROM 1 FOR 2) = ANY ('{21,29,26,34,14,15,17}'::text[])))
                 Rows Removed by Filter: 1117574
   ->  GroupAggregate  (cost=87884.27..88088.37 rows=7422 width=72) (actual time=1729.892..1729.893 rows=1 loops=1)
         Group Key: (SUBSTRING(customer.c_phone FROM 1 FOR 2))
         ->  Sort  (cost=87884.27..87902.82 rows=7422 width=38) (actual time=1728.033..1728.423 rows=9006 loops=1)
               Sort Key: (SUBSTRING(customer.c_phone FROM 1 FOR 2))
               Sort Method: quicksort  Memory: 4513kB
               ->  Nested Loop Anti Join  (cost=0.43..87407.12 rows=7422 width=38) (actual time=813.768..1711.941 rows=63509 loops=1)
                     ->  Seq Scan on customer  (cost=0.00..75202.00 rows=17500 width=26) (actual time=813.750..1411.075 rows=191129 loops=1)
                           Filter: ((c_acctbal > $0) AND (SUBSTRING(c_phone FROM 1 FOR 2) = ANY ('{21,29,26,34,14,15,17}'::text[])))
                           Rows Removed by Filter: 1308871
                     ->  Index Only Scan using idx_orders_custkey on orders  (cost=0.43..3.28 rows=17 width=4) (actual time=0.001..0.001 rows=1 loops=191129)
                           Index Cond: (o_custkey = customer.c_custkey)
                           Heap Fetches: 0
 Settings: effective_io_concurrency = '64', jit = 'off', maintenance_io_concurrency = '64', max_parallel_workers_per_gather = '0', work_mem = '256MB'
 Planning Time: 1.509 ms
 Execution Time: 1730.218 ms
(21 rows)

===== 2-flattened.sql jit=off =====
                                                                       QUERY PLAN                                                                        
---------------------------------------------------------------------------------------------------------------------------------------------------------
 HashAggregate  (cost=207696.41..223696.41 rows=1600000 width=36) (actual time=1993.445..2321.732 rows=1182884 loops=1)
   Group Key: partsupp.ps_partkey
   Batches: 1  Memory Usage: 180241kB
   ->  Nested Loop  (cost=42.10..199696.41 rows=1600000 width=10) (actual time=0.915..1374.881 rows=1604080 loops=1)
         ->  Nested Loop  (cost=41.67..2184.07 rows=20000 width=4) (actual time=0.898..21.939 rows=20051 loops=1)
               ->  Nested Loop  (cost=0.14..13.95 rows=5 width=4) (actual time=0.052..0.079 rows=5 loops=1)
                     Join Filter: (nation.n_regionkey = region.r_regionkey)
                     Rows Removed by Join Filter: 20
                     ->  Index Scan using nation_pkey on nation  (cost=0.14..12.51 rows=25 width=8) (actual time=0.026..0.036 rows=25 loops=1)
                     ->  Materialize  (cost=0.00..1.07 rows=1 width=4) (actual time=0.001..0.001 rows=1 loops=25)
                           ->  Seq Scan on region  (cost=0.00..1.06 rows=1 width=4) (actual time=0.016..0.018 rows=1 loops=1)
                                 Filter: (r_name = 'AMERICA'::bpchar)
                                 Rows Removed by Filter: 4
               ->  Bitmap Heap Scan on supplier  (cost=41.53..394.02 rows=4000 width=8) (actual time=0.674..3.890 rows=4010 loops=5)
                     Recheck Cond: (s_nationkey = nation.n_nationkey)
                     Heap Blocks: exact=9388
                     ->  Bitmap Index Scan on idx_supplier_nation_key  (cost=0.00..40.53 rows=4000 width=0) (actual time=0.423..0.423 rows=4010 loops=5)
                           Index Cond: (s_nationkey = nation.n_nationkey)
         ->  Index Scan using idx_partsupp_suppkey on partsupp  (cost=0.43..9.08 rows=80 width=14) (actual time=0.003..0.059 rows=80 loops=20051)
               Index Cond: (ps_suppkey = supplier.s_suppkey)
 Settings: effective_io_concurrency = '64', jit = 'off', maintenance_io_concurrency = '64', max_parallel_workers_per_gather = '0', work_mem = '256MB'
 Planning Time: 1.383 ms
 Execution Time: 2387.963 ms
(23 rows)

SELECT 1182884
CREATE INDEX
ANALYZE
                                                                                    QUERY PLAN                                                                                     
-----------------------------------------------------------------------------------------------------------------------------------------------------------------------------------
 Limit  (cost=399429.59..399429.60 rows=1 width=192) (actual time=527.803..527.815 rows=100 loops=1)
   ->  Sort  (cost=399429.59..399429.60 rows=1 width=192) (actual time=527.802..527.808 rows=100 loops=1)
         Sort Key: supplier.s_acctbal DESC, nation.n_name, supplier.s_name, part.p_partkey
         Sort Method: top-N heapsort  Memory: 71kB
         ->  Nested Loop  (cost=0.72..399429.58 rows=1 width=192) (actual time=0.069..525.629 rows=4737 loops=1)
               Join Filter: (nation.n_regionkey = region.r_regionkey)
               ->  Nested Loop  (cost=0.72..399428.51 rows=1 width=196) (actual time=0.066..520.332 rows=4737 loops=1)
                     Join Filter: (supplier.s_nationkey = nation.n_nationkey)
                     Rows Removed by Join Filter: 43913
                     ->  Nested Loop  (cost=0.72..399426.94 rows=1 width=170) (actual time=0.059..509.793 rows=4737 loops=1)
                           ->  Nested Loop  (cost=0.43..399426.63 rows=1 width=34) (actual time=0.053..495.127 rows=4737 loops=1)
                                 ->  Seq Scan on part  (cost=0.00..70962.00 rows=7969 width=30) (actual time=0.011..398.707 rows=8046 loops=1)
                                       Filter: (((p_type)::text ~~ '%NICKEL'::text) AND (p_size = 16))
                                       Rows Removed by Filter: 1991954
                                 ->  Index Scan using idx_partsupp_partkey on partsupp  (cost=0.43..41.21 rows=1 width=14) (actual time=0.010..0.012 rows=1 loops=8046)
                                       Index Cond: (ps_partkey = part.p_partkey)
                                       Filter: ((SubPlan 1) = ps_supplycost)
                                       Rows Removed by Filter: 3
                                       SubPlan 1
                                         ->  Index Scan using tmp_supplycost_idx on tmp_supplycost  (cost=0.43..8.45 rows=1 width=6) (actual time=0.002..0.002 rows=1 loops=32184)
                                               Index Cond: (ps_partkey = part.p_partkey)
                           ->  Index Scan using supplier_pkey on supplier  (cost=0.29..0.31 rows=1 width=144) (actual time=0.003..0.003 rows=1 loops=4737)
                                 Index Cond: (s_suppkey = partsupp.ps_suppkey)
                     ->  Seq Scan on nation  (cost=0.00..1.25 rows=25 width=34) (actual time=0.000..0.001 rows=10 loops=4737)
               ->  Seq Scan on region  (cost=0.00..1.06 rows=1 width=4) (actual time=0.000..0.000 rows=1 loops=4737)
                     Filter: (r_name = 'AMERICA'::bpchar)
                     Rows Removed by Filter: 1
 Settings: effective_io_concurrency = '64', jit = 'off', maintenance_io_concurrency = '64', max_parallel_workers_per_gather = '0', work_mem = '256MB'
 Planning Time: 1.175 ms
 Execution Time: 527.865 ms
(30 rows)

DROP TABLE
===== 2.sql jit=off =====
                                                                                        QUERY PLAN                                                                                         
-------------------------------------------------------------------------------------------------------------------------------------------------------------------------------------------
 Limit  (cost=722133.47..722133.48 rows=1 width=192) (actual time=2658.436..2658.452 rows=100 loops=1)
   ->  Sort  (cost=722133.47..722133.48 rows=1 width=192) (actual time=2658.435..2658.445 rows=100 loops=1)
         Sort Key: supplier.s_acctbal DESC, nation.n_name, supplier.s_name, part.p_partkey
         Sort Method: top-N heapsort  Memory: 70kB
         ->  Hash Join  (cost=265350.96..722133.46 rows=1 width=192) (actual time=1861.001..2656.306 rows=4737 loops=1)
               Hash Cond: ((part.p_partkey = partsupp.ps_partkey) AND ((SubPlan 1) = partsupp.ps_supplycost))
               ->  Seq Scan on part  (cost=0.00..70962.00 rows=7969 width=30) (actual time=0.022..398.166 rows=8046 loops=1)
                     Filter: (((p_type)::text ~~ '%NICKEL'::text) AND (p_size = 16))
                     Rows Removed by Filter: 1991954
               ->  Hash  (cost=202287.96..202287.96 rows=1600000 width=172) (actual time=1852.543..1852.547 rows=1604080 loops=1)
                     Buckets: 2097152  Batches: 2  Memory Usage: 180174kB
                     ->  Nested Loop  (cost=2.00..202287.96 rows=1600000 width=172) (actual time=0.104..1183.561 rows=1604080 loops=1)
                           ->  Nested Loop  (cost=1.56..4775.62 rows=20000 width=166) (actual time=0.077..51.811 rows=20051 loops=1)
                                 Join Filter: (nation.n_regionkey = region.r_regionkey)
                                 Rows Removed by Join Filter: 79949
                                 ->  Seq Scan on region  (cost=0.00..1.06 rows=1 width=4) (actual time=0.017..0.020 rows=1 loops=1)
                                       Filter: (r_name = 'AMERICA'::bpchar)
                                       Rows Removed by Filter: 4
                                 ->  Hash Join  (cost=1.56..3524.56 rows=100000 width=170) (actual time=0.057..44.566 rows=100000 loops=1)
                                       Hash Cond: (supplier.s_nationkey = nation.n_nationkey)
                                       ->  Seq Scan on supplier  (cost=0.00..3216.00 rows=100000 width=144) (actual time=0.010..8.698 rows=100000 loops=1)
                                       ->  Hash  (cost=1.25..1.25 rows=25 width=34) (actual time=0.025..0.026 rows=25 loops=1)
                                             Buckets: 1024  Batches: 1  Memory Usage: 10kB
                                             ->  Seq Scan on nation  (cost=0.00..1.25 rows=25 width=34) (actual time=0.013..0.018 rows=25 loops=1)
                           ->  Index Scan using idx_partsupp_suppkey on partsupp  (cost=0.43..9.08 rows=80 width=14) (actual time=0.002..0.047 rows=80 loops=20051)
                                 Index Cond: (ps_suppkey = supplier.s_suppkey)
               SubPlan 1
                 ->  Aggregate  (cost=43.48..43.49 rows=1 width=32) (actual time=0.017..0.017 rows=1 loops=12783)
                       ->  Nested Loop  (cost=0.86..43.48 rows=1 width=6) (actual time=0.012..0.016 rows=1 loops=12783)
                             Join Filter: (nation_1.n_regionkey = region_1.r_regionkey)
                             Rows Removed by Join Filter: 3
                             ->  Seq Scan on region region_1  (cost=0.00..1.06 rows=1 width=4) (actual time=0.000..0.001 rows=1 loops=12783)
                                   Filter: (r_name = 'AMERICA'::bpchar)
                                   Rows Removed by Filter: 4
                             ->  Nested Loop  (cost=0.86..42.36 rows=4 width=10) (actual time=0.006..0.015 rows=4 loops=12783)
                                   ->  Nested Loop  (cost=0.72..41.74 rows=4 width=10) (actual time=0.005..0.011 rows=4 loops=12783)
                                         ->  Index Scan using idx_partsupp_partkey on partsupp partsupp_1  (cost=0.43..8.50 rows=4 width=10) (actual time=0.003..0.003 rows=4 loops=12783)
                                               Index Cond: (ps_partkey = part.p_partkey)
                                         ->  Index Scan using supplier_pkey on supplier supplier_1  (cost=0.29..8.31 rows=1 width=8) (actual time=0.002..0.002 rows=1 loops=51132)
                                               Index Cond: (s_suppkey = partsupp_1.ps_suppkey)
                                   ->  Index Scan using nation_pkey on nation nation_1  (cost=0.14..0.16 rows=1 width=8) (actual time=0.001..0.001 rows=1 loops=51132)
                                         Index Cond: (n_nationkey = supplier_1.s_nationkey)
 Settings: effective_io_concurrency = '64', jit = 'off', maintenance_io_concurrency = '64', max_parallel_workers_per_gather = '0', work_mem = '256MB'
 Planning Time: 2.789 ms
 Execution Time: 2659.295 ms
(45 rows)

===== 3.sql jit=off =====
                                                                                     QUERY PLAN                                                                                      
-------------------------------------------------------------------------------------------------------------------------------------------------------------------------------------
 Limit  (cost=2957697.78..2957697.81 rows=10 width=44) (actual time=17345.555..17345.561 rows=10 loops=1)
   ->  Sort  (cost=2957697.78..2965576.55 rows=3151507 width=44) (actual time=17345.553..17345.558 rows=10 loops=1)
         Sort Key: (sum((lineitem.l_extendedprice * ('1'::numeric - lineitem.l_discount)))) DESC, orders.o_orderdate
         Sort Method: top-N heapsort  Memory: 26kB
         ->  HashAggregate  (cost=2813269.29..2889594.85 rows=3151507 width=44) (actual time=17270.428..17326.142 rows=113934 loops=1)
               Group Key: lineitem.l_orderkey, orders.o_orderdate, orders.o_shippriority
               Planned Partitions: 4  Batches: 1  Memory Usage: 73745kB
               ->  Hash Join  (cost=527455.45..2555239.65 rows=3151507 width=24) (actual time=3947.222..17061.019 rows=301530 loops=1)
                     Hash Cond: (lineitem.l_orderkey = orders.o_orderkey)
                     ->  Seq Scan on lineitem  (cost=0.00..1874378.75 rows=32504103 width=16) (actual time=0.049..9691.545 rows=32534229 loops=1)
                           Filter: (l_shipdate > '1995-03-07'::date)
                           Rows Removed by Filter: 27451823
                     ->  Hash  (cost=509275.97..509275.97 rows=1454358 width=12) (actual time=3938.634..3938.637 rows=1451805 loops=1)
                           Buckets: 2097152  Batches: 1  Memory Usage: 78767kB
                           ->  Hash Join  (cost=139066.63..509275.97 rows=1454358 width=12) (actual time=787.550..3607.789 rows=1451805 loops=1)
                                 Hash Cond: (orders.o_custkey = customer.c_custkey)
                                 ->  Bitmap Heap Scan on orders  (cost=80716.00..431956.34 rows=7226267 width=16) (actual time=420.316..1805.517 rows=7239437 loops=1)
                                       Recheck Cond: (o_orderdate < '1995-03-07'::date)
                                       Heap Blocks: exact=260912
                                       ->  Bitmap Index Scan on idx_orders_orderdate  (cost=0.00..78909.44 rows=7226267 width=0) (actual time=356.895..356.895 rows=7239437 loops=1)
                                             Index Cond: (o_orderdate < '1995-03-07'::date)
                                 ->  Hash  (cost=54577.00..54577.00 rows=301890 width=4) (actual time=365.147..365.148 rows=300276 loops=1)
                                       Buckets: 524288  Batches: 1  Memory Usage: 14653kB
                                       ->  Seq Scan on customer  (cost=0.00..54577.00 rows=301890 width=4) (actual time=0.024..309.275 rows=300276 loops=1)
                                             Filter: (c_mktsegment = 'BUILDING'::bpchar)
                                             Rows Removed by Filter: 1199724
 Settings: effective_io_concurrency = '64', jit = 'off', maintenance_io_concurrency = '64', max_parallel_workers_per_gather = '0', work_mem = '256MB'
 Planning Time: 1.780 ms
 Execution Time: 17361.780 ms
(29 rows)

===== 4.sql jit=off =====
                                                                             QUERY PLAN                                                                             
--------------------------------------------------------------------------------------------------------------------------------------------------------------------
 Limit  (cost=2585767.61..2585767.61 rows=1 width=24) (actual time=19869.507..19869.511 rows=1 loops=1)
   ->  Sort  (cost=2585767.61..2585767.62 rows=5 width=24) (actual time=19869.506..19869.508 rows=1 loops=1)
         Sort Key: orders.o_orderpriority
         Sort Method: top-N heapsort  Memory: 25kB
         ->  HashAggregate  (cost=2585767.53..2585767.58 rows=5 width=24) (actual time=19869.472..19869.475 rows=5 loops=1)
               Group Key: orders.o_orderpriority
               Batches: 1  Memory Usage: 24kB
               ->  Hash Semi Join  (cost=2210088.64..2582968.21 rows=559865 width=16) (actual time=15811.230..19776.946 rows=513822 loops=1)
                     Hash Cond: (orders.o_orderkey = lineitem.l_orderkey)
                     ->  Bitmap Heap Scan on orders  (cost=7656.30..276968.11 rows=559987 width=20) (actual time=151.548..525.899 rows=560424 loops=1)
                           Recheck Cond: ((o_orderdate >= '1993-12-01'::date) AND (o_orderdate < '1994-03-01'::date))
                           Heap Blocks: exact=231732
                           ->  Bitmap Index Scan on idx_orders_orderdate  (cost=0.00..7516.31 rows=559987 width=0) (actual time=83.497..83.498 rows=560424 loops=1)
                                 Index Cond: ((o_orderdate >= '1993-12-01'::date) AND (o_orderdate < '1994-03-01'::date))
                     ->  Hash  (cost=1874378.75..1874378.75 rows=19995647 width=4) (actual time=15628.812..15628.813 rows=37929348 loops=1)
                           Buckets: 8388608  Batches: 8  Memory Usage: 232058kB
                           ->  Seq Scan on lineitem  (cost=0.00..1874378.75 rows=19995647 width=4) (actual time=0.056..10888.185 rows=37929348 loops=1)
                                 Filter: (l_commitdate < l_receiptdate)
                                 Rows Removed by Filter: 22056704
 Settings: effective_io_concurrency = '64', jit = 'off', maintenance_io_concurrency = '64', max_parallel_workers_per_gather = '0', work_mem = '256MB'
 Planning Time: 1.443 ms
 Execution Time: 19874.141 ms
(22 rows)

===== 5.sql jit=off =====
                                                                                           QUERY PLAN                                                                                            
-------------------------------------------------------------------------------------------------------------------------------------------------------------------------------------------------
 Limit  (cost=2372679.15..2372679.15 rows=1 width=58) (actual time=17324.189..17324.196 rows=1 loops=1)
   ->  Sort  (cost=2372679.15..2372679.21 rows=25 width=58) (actual time=17324.188..17324.195 rows=1 loops=1)
         Sort Key: (sum((lineitem.l_extendedprice * ('1'::numeric - lineitem.l_discount)))) DESC
         Sort Method: top-N heapsort  Memory: 25kB
         ->  GroupAggregate  (cost=2371770.86..2372679.02 rows=25 width=58) (actual time=17300.086..17324.170 rows=5 loops=1)
               Group Key: nation.n_name
               ->  Sort  (cost=2371770.86..2371952.43 rows=72628 width=38) (actual time=17294.146..17297.267 rows=72033 loops=1)
                     Sort Key: nation.n_name
                     Sort Method: quicksort  Memory: 8700kB
                     ->  Hash Join  (cost=422295.03..2365906.79 rows=72628 width=38) (actual time=2026.456..17266.889 rows=72033 loops=1)
                           Hash Cond: ((lineitem.l_suppkey = supplier.s_suppkey) AND (customer.c_nationkey = supplier.s_nationkey))
                           ->  Hash Join  (cost=417579.03..2351658.23 rows=1815723 width=50) (actual time=1981.942..16813.401 rows=1815327 loops=1)
                                 Hash Cond: (orders.o_custkey = customer.c_custkey)
                                 ->  Hash Join  (cost=354374.52..2236251.68 rows=9078615 width=20) (actual time=1531.564..15133.874 rows=9108027 loops=1)
                                       Hash Cond: (lineitem.l_orderkey = orders.o_orderkey)
                                       ->  Seq Scan on lineitem  (cost=0.00..1724411.40 rows=59986940 width=20) (actual time=0.045..5069.839 rows=59986052 loops=1)
                                       ->  Hash  (cost=325997.67..325997.67 rows=2270148 width=8) (actual time=1516.563..1516.565 rows=2276638 loops=1)
                                             Buckets: 4194304  Batches: 1  Memory Usage: 121700kB
                                             ->  Bitmap Heap Scan on orders  (cost=31033.45..325997.67 rows=2270148 width=8) (actual time=203.075..1056.548 rows=2276638 loops=1)
                                                   Recheck Cond: ((o_orderdate >= '1993-01-01'::date) AND (o_orderdate < '1994-01-01'::date))
                                                   Heap Blocks: exact=260897
                                                   ->  Bitmap Index Scan on idx_orders_orderdate  (cost=0.00..30465.92 rows=2270148 width=0) (actual time=139.226..139.227 rows=2276638 loops=1)
                                                         Index Cond: ((o_orderdate >= '1993-01-01'::date) AND (o_orderdate < '1994-01-01'::date))
                                 ->  Hash  (cost=59454.51..59454.51 rows=300000 width=38) (actual time=448.147..448.150 rows=299436 loops=1)
                                       Buckets: 524288  Batches: 1  Memory Usage: 25151kB
                                       ->  Hash Join  (cost=2.51..59454.51 rows=300000 width=38) (actual time=0.072..379.862 rows=299436 loops=1)
                                             Hash Cond: (customer.c_nationkey = nation.n_nationkey)
                                             ->  Seq Scan on customer  (cost=0.00..50827.00 rows=1500000 width=8) (actual time=0.010..115.794 rows=1500000 loops=1)
                                             ->  Hash  (cost=2.45..2.45 rows=5 width=30) (actual time=0.046..0.048 rows=5 loops=1)
                                                   Buckets: 1024  Batches: 1  Memory Usage: 9kB
                                                   ->  Hash Join  (cost=1.07..2.45 rows=5 width=30) (actual time=0.035..0.044 rows=5 loops=1)
                                                         Hash Cond: (nation.n_regionkey = region.r_regionkey)
                                                         ->  Seq Scan on nation  (cost=0.00..1.25 rows=25 width=34) (actual time=0.006..0.009 rows=25 loops=1)
                                                         ->  Hash  (cost=1.06..1.06 rows=1 width=4) (actual time=0.013..0.014 rows=1 loops=1)
                                                               Buckets: 1024  Batches: 1  Memory Usage: 9kB
                                                               ->  Seq Scan on region  (cost=0.00..1.06 rows=1 width=4) (actual time=0.009..0.010 rows=1 loops=1)
                                                                     Filter: (r_name = 'AMERICA'::bpchar)
                                                                     Rows Removed by Filter: 4
                           ->  Hash  (cost=3216.00..3216.00 rows=100000 width=8) (actual time=43.242..43.243 rows=100000 loops=1)
                                 Buckets: 131072  Batches: 1  Memory Usage: 4931kB
                                 ->  Seq Scan on supplier  (cost=0.00..3216.00 rows=100000 width=8) (actual time=0.012..25.891 rows=100000 loops=1)
 Settings: effective_io_concurrency = '64', jit = 'off', maintenance_io_concurrency = '64', max_parallel_workers_per_gather = '0', work_mem = '256MB'
 Planning Time: 4.601 ms
 Execution Time: 17327.256 ms
(44 rows)

===== 6.sql jit=off =====
                                                                                          QUERY PLAN                                                                                           
-----------------------------------------------------------------------------------------------------------------------------------------------------------------------------------------------
 Limit  (cost=1504860.11..1504860.12 rows=1 width=32) (actual time=2469.480..2469.482 rows=1 loops=1)
   ->  Aggregate  (cost=1504860.11..1504860.12 rows=1 width=32) (actual time=2469.479..2469.480 rows=1 loops=1)
         ->  Bitmap Heap Scan on lineitem  (cost=300929.15..1498892.09 rows=1193605 width=12) (actual time=1153.224..2159.907 rows=1194558 loops=1)
               Recheck Cond: ((l_shipdate >= '1993-01-01'::date) AND (l_shipdate < '1994-01-01'::date) AND (l_discount >= 0.06) AND (l_discount <= 0.08) AND (l_quantity < '25'::numeric))
               Heap Blocks: exact=662932
               ->  Bitmap Index Scan on idx_lineitem_shipdate  (cost=0.00..300630.75 rows=1193605 width=0) (actual time=969.752..969.753 rows=1194558 loops=1)
                     Index Cond: ((l_shipdate >= '1993-01-01'::date) AND (l_shipdate < '1994-01-01'::date) AND (l_discount >= 0.06) AND (l_discount <= 0.08) AND (l_quantity < '25'::numeric))
 Settings: effective_io_concurrency = '64', jit = 'off', maintenance_io_concurrency = '64', max_parallel_workers_per_gather = '0', work_mem = '256MB'
 Planning Time: 0.696 ms
 Execution Time: 2471.692 ms
(10 rows)

===== 7.sql jit=off =====
                                                                                     QUERY PLAN                                                                                      
-------------------------------------------------------------------------------------------------------------------------------------------------------------------------------------
 Limit  (cost=2515277.70..2515277.82 rows=1 width=116) (actual time=18105.896..18105.904 rows=1 loops=1)
   ->  GroupAggregate  (cost=2515277.70..2516489.84 rows=10100 width=116) (actual time=18105.895..18105.902 rows=1 loops=1)
         Group Key: n1.n_name, n2.n_name, (EXTRACT(year FROM lineitem.l_shipdate))
         ->  Sort  (cost=2515277.70..2515429.22 rows=60608 width=96) (actual time=18097.918..18098.571 rows=14421 loops=1)
               Sort Key: n1.n_name, n2.n_name, (EXTRACT(year FROM lineitem.l_shipdate))
               Sort Method: quicksort  Memory: 9664kB
               ->  Hash Join  (cost=1022080.40..2510463.24 rows=60608 width=96) (actual time=8115.650..18062.104 rows=57794 loops=1)
                     Hash Cond: (lineitem.l_suppkey = supplier.s_suppkey)
                     Join Filter: (((n1.n_name = 'PERU'::bpchar) AND (n2.n_name = 'MOROCCO'::bpchar)) OR ((n1.n_name = 'MOROCCO'::bpchar) AND (n2.n_name = 'PERU'::bpchar)))
                     Rows Removed by Join Filter: 58158
                     ->  Hash Join  (cost=1018456.00..2498895.79 rows=1456359 width=46) (actual time=8082.455..17721.866 rows=1448126 loops=1)
                           Hash Cond: (lineitem.l_orderkey = orders.o_orderkey)
                           ->  Bitmap Heap Scan on lineitem  (cost=467360.60..1864969.96 rows=18204491 width=24) (actual time=2741.521..9902.636 rows=18230325 loops=1)
                                 Recheck Cond: ((l_shipdate >= '1995-01-01'::date) AND (l_shipdate <= '1996-12-31'::date))
                                 Heap Blocks: exact=1119491
                                 ->  Bitmap Index Scan on idx_lineitem_shipdate  (cost=0.00..462809.48 rows=18204491 width=0) (actual time=2392.775..2392.776 rows=18230325 loops=1)
                                       Index Cond: ((l_shipdate >= '1995-01-01'::date) AND (l_shipdate <= '1996-12-31'::date))
                           ->  Hash  (cost=536095.40..536095.40 rows=1200000 width=30) (actual time=5333.368..5333.371 rows=1191175 loops=1)
                                 Buckets: 2097152  Batches: 1  Memory Usage: 88506kB
                                 ->  Hash Join  (cost=56933.40..536095.40 rows=1200000 width=30) (actual time=439.050..5051.302 rows=1191175 loops=1)
                                       Hash Cond: (orders.o_custkey = customer.c_custkey)
                                       ->  Seq Scan on orders  (cost=0.00..410912.00 rows=15000000 width=8) (actual time=0.017..2139.492 rows=15000000 loops=1)
                                       ->  Hash  (cost=55433.40..55433.40 rows=120000 width=30) (actual time=438.549..438.551 rows=119622 loops=1)
                                             Buckets: 131072  Batches: 1  Memory Usage: 8267kB
                                             ->  Hash Join  (cost=1.40..55433.40 rows=120000 width=30) (actual time=0.044..414.080 rows=119622 loops=1)
                                                   Hash Cond: (customer.c_nationkey = n2.n_nationkey)
                                                   ->  Seq Scan on customer  (cost=0.00..50827.00 rows=1500000 width=8) (actual time=0.010..272.332 rows=1500000 loops=1)
                                                   ->  Hash  (cost=1.38..1.38 rows=2 width=30) (actual time=0.020..0.020 rows=2 loops=1)
                                                         Buckets: 1024  Batches: 1  Memory Usage: 9kB
                                                         ->  Seq Scan on nation n2  (cost=0.00..1.38 rows=2 width=30) (actual time=0.013..0.015 rows=2 loops=1)
                                                               Filter: ((n_name = 'MOROCCO'::bpchar) OR (n_name = 'PERU'::bpchar))
                                                               Rows Removed by Filter: 23
                     ->  Hash  (cost=3524.40..3524.40 rows=8000 width=30) (actual time=32.885..32.886 rows=7981 loops=1)
                           Buckets: 8192  Batches: 1  Memory Usage: 548kB
                           ->  Hash Join  (cost=1.40..3524.40 rows=8000 width=30) (actual time=0.049..31.445 rows=7981 loops=1)
                                 Hash Cond: (supplier.s_nationkey = n1.n_nationkey)
                                 ->  Seq Scan on supplier  (cost=0.00..3216.00 rows=100000 width=8) (actual time=0.017..21.100 rows=100000 loops=1)
                                 ->  Hash  (cost=1.38..1.38 rows=2 width=30) (actual time=0.019..0.020 rows=2 loops=1)
                                       Buckets: 1024  Batches: 1  Memory Usage: 9kB
                                       ->  Seq Scan on nation n1  (cost=0.00..1.38 rows=2 width=30) (actual time=0.012..0.014 rows=2 loops=1)
                                             Filter: ((n_name = 'PERU'::bpchar) OR (n_name = 'MOROCCO'::bpchar))
                                             Rows Removed by Filter: 23
 Settings: effective_io_concurrency = '64', jit = 'off', maintenance_io_concurrency = '64', max_parallel_workers_per_gather = '0', work_mem = '256MB'
 Planning Time: 3.665 ms
 Execution Time: 18109.964 ms
(45 rows)

===== 8.sql jit=off =====
                                                                                           QUERY PLAN                                                                                            
-------------------------------------------------------------------------------------------------------------------------------------------------------------------------------------------------
 Limit  (cost=1965400.35..1965400.59 rows=1 width=64) (actual time=4120.353..4120.362 rows=1 loops=1)
   ->  GroupAggregate  (cost=1965400.35..1965969.21 rows=2406 width=64) (actual time=4120.352..4120.360 rows=1 loops=1)
         Group Key: (EXTRACT(year FROM orders.o_orderdate))
         ->  Sort  (cost=1965400.35..1965458.21 rows=23144 width=70) (actual time=4114.462..4114.950 rows=11818 loops=1)
               Sort Key: (EXTRACT(year FROM orders.o_orderdate))
               Sort Method: quicksort  Memory: 2631kB
               ->  Nested Loop  (cost=497624.40..1963722.60 rows=23144 width=70) (actual time=2963.304..4105.974 rows=23842 loops=1)
                     ->  Hash Join  (cost=497624.25..1963044.80 rows=23144 width=20) (actual time=2963.284..4091.861 rows=23842 loops=1)
                           Hash Cond: (lineitem.l_suppkey = supplier.s_suppkey)
                           ->  Hash Join  (cost=493158.25..1958518.05 rows=23144 width=20) (actual time=2922.999..4042.085 rows=23842 loops=1)
                                 Hash Cond: (lineitem.l_orderkey = orders.o_orderkey)
                                 ->  Nested Loop  (cost=0.44..1463707.11 rows=379117 width=20) (actual time=0.086..1017.571 rows=389521 loops=1)
                                       ->  Seq Scan on part  (cost=0.00..65962.00 rows=12640 width=4) (actual time=0.055..344.316 rows=13011 loops=1)
                                             Filter: ((p_type)::text = 'LARGE POLISHED BRASS'::text)
                                             Rows Removed by Filter: 1986989
                                       ->  Index Scan using idx_lineitem_part_supp on lineitem  (cost=0.44..110.27 rows=31 width=24) (actual time=0.003..0.047 rows=30 loops=13011)
                                             Index Cond: (l_partkey = part.p_partkey)
                                 ->  Hash  (cost=481711.47..481711.47 rows=915707 width=8) (actual time=2918.441..2918.446 rows=910360 loops=1)
                                       Buckets: 1048576  Batches: 1  Memory Usage: 43753kB
                                       ->  Hash Join  (cost=125794.91..481711.47 rows=915707 width=8) (actual time=754.076..2733.038 rows=910360 loops=1)
                                             Hash Cond: (orders.o_custkey = customer.c_custkey)
                                             ->  Bitmap Heap Scan on orders  (cost=62590.40..392180.39 rows=4578533 width=12) (actual time=315.387..1390.261 rows=4557513 loops=1)
                                                   Recheck Cond: ((o_orderdate >= '1995-01-01'::date) AND (o_orderdate <= '1996-12-31'::date))
                                                   Heap Blocks: exact=260912
                                                   ->  Bitmap Index Scan on idx_orders_orderdate  (cost=0.00..61445.76 rows=4578533 width=0) (actual time=251.252..251.252 rows=4557513 loops=1)
                                                         Index Cond: ((o_orderdate >= '1995-01-01'::date) AND (o_orderdate <= '1996-12-31'::date))
                                             ->  Hash  (cost=59454.51..59454.51 rows=300000 width=4) (actual time=436.600..436.603 rows=299436 loops=1)
                                                   Buckets: 524288  Batches: 1  Memory Usage: 14624kB
                                                   ->  Hash Join  (cost=2.51..59454.51 rows=300000 width=4) (actual time=0.068..382.725 rows=299436 loops=1)
                                                         Hash Cond: (customer.c_nationkey = n1.n_nationkey)
                                                         ->  Seq Scan on customer  (cost=0.00..50827.00 rows=1500000 width=8) (actual time=0.006..108.761 rows=1500000 loops=1)
                                                         ->  Hash  (cost=2.45..2.45 rows=5 width=4) (actual time=0.047..0.049 rows=5 loops=1)
                                                               Buckets: 1024  Batches: 1  Memory Usage: 9kB
                                                               ->  Hash Join  (cost=1.07..2.45 rows=5 width=4) (actual time=0.036..0.043 rows=5 loops=1)
                                                                     Hash Cond: (n1.n_regionkey = region.r_regionkey)
                                                                     ->  Seq Scan on nation n1  (cost=0.00..1.25 rows=25 width=8) (actual time=0.007..0.008 rows=25 loops=1)
                                                                     ->  Hash  (cost=1.06..1.06 rows=1 width=4) (actual time=0.010..0.011 rows=1 loops=1)
                                                                           Buckets: 1024  Batches: 1  Memory Usage: 9kB
                                                                           ->  Seq Scan on region  (cost=0.00..1.06 rows=1 width=4) (actual time=0.005..0.007 rows=1 loops=1)
                                                                                 Filter: (r_name = 'AMERICA'::bpchar)
                                                                                 Rows Removed by Filter: 4
                           ->  Hash  (cost=3216.00..3216.00 rows=100000 width=8) (actual time=39.737..39.737 rows=100000 loops=1)
                                 Buckets: 131072  Batches: 1  Memory Usage: 4931kB
                                 ->  Seq Scan on supplier  (cost=0.00..3216.00 rows=100000 width=8) (actual time=0.005..23.929 rows=100000 loops=1)
                     ->  Memoize  (cost=0.15..2.17 rows=1 width=30) (actual time=0.000..0.000 rows=1 loops=23842)
                           Cache Key: supplier.s_nationkey
                           Hits: 23817  Misses: 25  Evictions: 0  Overflows: 0  Memory Usage: 4kB
                           ->  Index Scan using nation_pkey on nation n2  (cost=0.14..2.16 rows=1 width=30) (actual time=0.001..0.001 rows=1 loops=25)
                                 Index Cond: (n_nationkey = supplier.s_nationkey)
 Settings: effective_io_concurrency = '64', jit = 'off', maintenance_io_concurrency = '64', max_parallel_workers_per_gather = '0', work_mem = '256MB'
 Planning Time: 5.353 ms
 Execution Time: 4122.720 ms
(52 rows)

===== 9.sql jit=off =====
                                                                                      QUERY PLAN                                                                                      
--------------------------------------------------------------------------------------------------------------------------------------------------------------------------------------
 Limit  (cost=3015003.23..3015003.23 rows=1 width=90) (actual time=31028.126..31028.133 rows=1 loops=1)
   ->  Sort  (cost=3015003.23..3015153.60 rows=60150 width=90) (actual time=31028.125..31028.131 rows=1 loops=1)
         Sort Key: nation.n_name, (EXTRACT(year FROM orders.o_orderdate)) DESC
         Sort Method: top-N heapsort  Memory: 25kB
         ->  HashAggregate  (cost=3013800.23..3014702.48 rows=60150 width=90) (actual time=31027.629..31028.048 rows=175 loops=1)
               Group Key: nation.n_name, EXTRACT(year FROM orders.o_orderdate)
               Batches: 1  Memory Usage: 3217kB
               ->  Hash Join  (cost=2395539.00..2958106.70 rows=3182487 width=81) (actual time=20099.027..28498.142 rows=3248192 loops=1)
                     Hash Cond: (supplier.s_nationkey = nation.n_nationkey)
                     ->  Hash Join  (cost=2395537.44..2940378.69 rows=3182487 width=31) (actual time=20098.973..27649.689 rows=3248192 loops=1)
                           Hash Cond: (lineitem.l_suppkey = supplier.s_suppkey)
                           ->  Hash Join  (cost=2391071.44..2927558.31 rows=3182487 width=35) (actual time=20059.434..26640.828 rows=3248192 loops=1)
                                 Hash Cond: (orders.o_orderkey = lineitem.l_orderkey)
                                 ->  Seq Scan on orders  (cost=0.00..410912.00 rows=15000000 width=8) (actual time=0.014..971.769 rows=15000000 loops=1)
                                 ->  Hash  (cost=2351290.35..2351290.35 rows=3182487 width=35) (actual time=20042.694..20042.697 rows=3248192 loops=1)
                                       Buckets: 4194304  Batches: 1  Memory Usage: 260915kB
                                       ->  Hash Join  (cost=1996903.08..2351290.35 rows=3182487 width=35) (actual time=15271.149..19108.107 rows=3248192 loops=1)
                                             Hash Cond: ((partsupp.ps_suppkey = lineitem.l_suppkey) AND (partsupp.ps_partkey = lineitem.l_partkey))
                                             ->  Seq Scan on partsupp  (cost=0.00..254386.00 rows=8000000 width=14) (actual time=0.007..528.112 rows=8000000 loops=1)
                                             ->  Hash  (cost=1949165.78..1949165.78 rows=3182487 width=33) (actual time=15254.584..15254.586 rows=3248192 loops=1)
                                                   Buckets: 4194304  Batches: 1  Memory Usage: 248226kB
                                                   ->  Hash Join  (cost=67288.32..1949165.78 rows=3182487 width=33) (actual time=538.732..14226.451 rows=3248192 loops=1)
                                                         Hash Cond: (lineitem.l_partkey = part.p_partkey)
                                                         ->  Seq Scan on lineitem  (cost=0.00..1724411.40 rows=59986940 width=29) (actual time=0.023..4990.770 rows=59986052 loops=1)
                                                         ->  Hash  (cost=65962.00..65962.00 rows=106106 width=4) (actual time=538.158..538.159 rows=108312 loops=1)
                                                               Buckets: 131072  Batches: 1  Memory Usage: 4832kB
                                                               ->  Seq Scan on part  (cost=0.00..65962.00 rows=106106 width=4) (actual time=0.013..519.542 rows=108312 loops=1)
                                                                     Filter: ((p_name)::text ~~ '%navy%'::text)
                                                                     Rows Removed by Filter: 1891688
                           ->  Hash  (cost=3216.00..3216.00 rows=100000 width=8) (actual time=39.011..39.011 rows=100000 loops=1)
                                 Buckets: 131072  Batches: 1  Memory Usage: 4931kB
                                 ->  Seq Scan on supplier  (cost=0.00..3216.00 rows=100000 width=8) (actual time=0.005..23.461 rows=100000 loops=1)
                     ->  Hash  (cost=1.25..1.25 rows=25 width=30) (actual time=0.036..0.037 rows=25 loops=1)
                           Buckets: 1024  Batches: 1  Memory Usage: 10kB
                           ->  Seq Scan on nation  (cost=0.00..1.25 rows=25 width=30) (actual time=0.022..0.026 rows=25 loops=1)
 Settings: effective_io_concurrency = '64', jit = 'off', maintenance_io_concurrency = '64', max_parallel_workers_per_gather = '0', work_mem = '256MB'
 Planning Time: 7.976 ms
 Execution Time: 31034.524 ms
(38 rows)

