===== 10.sql =====
                                                                                            QUERY PLAN                                                                                            
--------------------------------------------------------------------------------------------------------------------------------------------------------------------------------------------------
 Limit  (cost=2404335.14..2404335.19 rows=20 width=201) (actual time=16630.518..16630.523 rows=20 loops=1)
   ->  Sort  (cost=2404335.14..2405723.35 rows=555284 width=201) (actual time=16630.516..16630.520 rows=20 loops=1)
         Sort Key: (sum((lineitem.l_extendedprice * ('1'::numeric - lineitem.l_discount)))) DESC
         Sort Method: top-N heapsort  Memory: 33kB
         ->  GroupAggregate  (cost=2250187.31..2389559.24 rows=555284 width=201) (actual time=14159.265..16524.602 rows=381205 loops=1)
               Group Key: customer.c_custkey, nation.n_name
               ->  Incremental Sort  (cost=2250187.31..2375677.14 rows=555284 width=181) (actual time=14159.249..15765.240 rows=1145402 loops=1)
                     Sort Key: customer.c_custkey, nation.n_name
                     Presorted Key: customer.c_custkey
                     Full-sort Groups: 34068  Sort Method: quicksort  Average Memory: 33kB  Peak Memory: 33kB
                     ->  Nested Loop  (cost=2250187.12..2350689.36 rows=555284 width=181) (actual time=14158.881..15452.958 rows=1145402 loops=1)
                           ->  Merge Join  (cost=2250186.97..2337060.63 rows=555284 width=159) (actual time=14158.848..15048.882 rows=1145402 loops=1)
                                 Merge Cond: (customer.c_custkey = orders.o_custkey)
                                 ->  Index Scan using customer_pkey on customer  (cost=0.43..74795.07 rows=1500043 width=147) (actual time=0.011..395.325 rows=1499997 loops=1)
                                 ->  Sort  (cost=2250186.49..2251574.70 rows=555284 width=16) (actual time=14158.821..14279.563 rows=1145402 loops=1)
                                       Sort Key: orders.o_custkey
                                       Sort Method: quicksort  Memory: 113386kB
                                       ->  Hash Join  (cost=284344.90..2197204.44 rows=555284 width=16) (actual time=1579.961..13808.249 rows=1145402 loops=1)
                                             Hash Cond: (lineitem.l_orderkey = orders.o_orderkey)
                                             ->  Seq Scan on lineitem  (cost=0.00..1874440.00 rows=14636009 width=16) (actual time=0.015..10317.581 rows=14808183 loops=1)
                                                   Filter: (l_returnflag = 'R'::bpchar)
                                                   Rows Removed by Filter: 45177869
                                             ->  Hash  (cost=277230.84..277230.84 rows=569125 width=8) (actual time=1577.503..1577.504 rows=573160 loops=1)
                                                   Buckets: 1048576  Batches: 1  Memory Usage: 30582kB
                                                   ->  Bitmap Heap Scan on orders  (cost=7781.97..277230.84 rows=569125 width=8) (actual time=127.443..1445.936 rows=573160 loops=1)
                                                         Recheck Cond: ((o_orderdate >= '1994-08-01'::date) AND (o_orderdate < '1994-11-01'::date))
                                                         Heap Blocks: exact=233137
                                                         ->  Bitmap Index Scan on idx_orders_orderdate  (cost=0.00..7639.69 rows=569125 width=0) (actual time=71.984..71.984 rows=573160 loops=1)
                                                               Index Cond: ((o_orderdate >= '1994-08-01'::date) AND (o_orderdate < '1994-11-01'::date))
                           ->  Memoize  (cost=0.15..2.17 rows=1 width=30) (actual time=0.000..0.000 rows=1 loops=1145402)
                                 Cache Key: customer.c_nationkey
                                 Hits: 1145377  Misses: 25  Evictions: 0  Overflows: 0  Memory Usage: 4kB
                                 ->  Index Scan using nation_pkey on nation  (cost=0.14..2.16 rows=1 width=30) (actual time=0.003..0.003 rows=1 loops=25)
                                       Index Cond: (n_nationkey = customer.c_nationkey)
 Settings: jit = 'off', max_parallel_workers_per_gather = '0', work_mem = '128MB'
 Planning Time: 11.597 ms
 Execution Time: 16637.568 ms
(37 rows)

===== 11.sql =====
                                                                             QUERY PLAN                                                                              
---------------------------------------------------------------------------------------------------------------------------------------------------------------------
 Limit  (cost=94305.03..94305.04 rows=1 width=36) (actual time=1461.024..1461.029 rows=0 loops=1)
   InitPlan 1 (returns $2)
     ->  Aggregate  (cost=44086.53..44086.55 rows=1 width=32) (actual time=524.364..524.366 rows=1 loops=1)
           ->  Nested Loop  (cost=47.72..41687.07 rows=319928 width=10) (actual time=0.650..440.618 rows=320800 loops=1)
                 ->  Nested Loop  (cost=47.29..2404.57 rows=4000 width=4) (actual time=0.635..9.946 rows=4010 loops=1)
                       ->  Seq Scan on nation nation_1  (cost=0.00..1.31 rows=1 width=4) (actual time=0.007..0.011 rows=1 loops=1)
                             Filter: (n_name = 'SAUDI ARABIA'::bpchar)
                             Rows Removed by Filter: 24
                       ->  Bitmap Heap Scan on supplier supplier_1  (cost=47.29..2363.25 rows=4000 width=8) (actual time=0.625..9.211 rows=4010 loops=1)
                             Recheck Cond: (s_nationkey = nation_1.n_nationkey)
                             Heap Blocks: exact=1857
                             ->  Bitmap Index Scan on idx_supplier_nation_key  (cost=0.00..46.29 rows=4000 width=0) (actual time=0.398..0.398 rows=4010 loops=1)
                                   Index Cond: (s_nationkey = nation_1.n_nationkey)
                 ->  Index Scan using idx_partsupp_suppkey on partsupp partsupp_1  (cost=0.43..9.04 rows=78 width=14) (actual time=0.005..0.097 rows=80 loops=4010)
                       Index Cond: (ps_suppkey = supplier_1.s_suppkey)
   ->  Sort  (cost=50218.49..50485.09 rows=106643 width=36) (actual time=1461.022..1461.024 rows=0 loops=1)
         Sort Key: (sum((partsupp.ps_supplycost * (partsupp.ps_availqty)::numeric))) DESC
         Sort Method: quicksort  Memory: 25kB
         ->  HashAggregate  (cost=44886.35..49685.27 rows=106643 width=36) (actual time=1460.977..1460.979 rows=0 loops=1)
               Group Key: partsupp.ps_partkey
               Filter: (sum((partsupp.ps_supplycost * (partsupp.ps_availqty)::numeric)) > $2)
               Batches: 5  Memory Usage: 135217kB  Disk Usage: 752kB
               Rows Removed by Filter: 301833
               ->  Nested Loop  (cost=47.72..41687.07 rows=319928 width=14) (actual time=0.728..561.409 rows=320800 loops=1)
                     ->  Nested Loop  (cost=47.29..2404.57 rows=4000 width=4) (actual time=0.703..11.755 rows=4010 loops=1)
                           ->  Seq Scan on nation  (cost=0.00..1.31 rows=1 width=4) (actual time=0.022..0.026 rows=1 loops=1)
                                 Filter: (n_name = 'SAUDI ARABIA'::bpchar)
                                 Rows Removed by Filter: 24
                           ->  Bitmap Heap Scan on supplier  (cost=47.29..2363.25 rows=4000 width=8) (actual time=0.671..10.893 rows=4010 loops=1)
                                 Recheck Cond: (s_nationkey = nation.n_nationkey)
                                 Heap Blocks: exact=1857
                                 ->  Bitmap Index Scan on idx_supplier_nation_key  (cost=0.00..46.29 rows=4000 width=0) (actual time=0.440..0.440 rows=4010 loops=1)
                                       Index Cond: (s_nationkey = nation.n_nationkey)
                     ->  Index Scan using idx_partsupp_suppkey on partsupp  (cost=0.43..9.04 rows=78 width=18) (actual time=0.006..0.126 rows=80 loops=4010)
                           Index Cond: (ps_suppkey = supplier.s_suppkey)
 Settings: jit = 'off', max_parallel_workers_per_gather = '0', work_mem = '128MB'
 Planning Time: 1.452 ms
 Execution Time: 1465.417 ms
(38 rows)

===== 12.sql =====
                                                                                                                    QUERY PLAN                                                                                                                     
---------------------------------------------------------------------------------------------------------------------------------------------------------------------------------------------------------------------------------------------------
 Limit  (cost=3029710.37..3030517.34 rows=1 width=27) (actual time=19460.718..19460.721 rows=1 loops=1)
   ->  GroupAggregate  (cost=3029710.37..3035359.10 rows=7 width=27) (actual time=19460.717..19460.719 rows=1 loops=1)
         Group Key: lineitem.l_shipmode
         ->  Sort  (cost=3029710.37..3030416.46 rows=282433 width=27) (actual time=19410.822..19417.620 rows=155572 loops=1)
               Sort Key: lineitem.l_shipmode
               Sort Method: quicksort  Memory: 36606kB
               ->  Hash Join  (cost=2477888.81..3004139.53 rows=282433 width=27) (actual time=14886.321..19337.225 rows=311258 loops=1)
                     Hash Cond: (orders.o_orderkey = lineitem.l_orderkey)
                     ->  Seq Scan on orders  (cost=0.00..410920.22 rows=15000822 width=20) (actual time=0.027..1912.473 rows=15000000 loops=1)
                     ->  Hash  (cost=2474358.40..2474358.40 rows=282433 width=15) (actual time=14885.130..14885.131 rows=311258 loops=1)
                           Buckets: 524288  Batches: 1  Memory Usage: 18687kB
                           ->  Seq Scan on lineitem  (cost=0.00..2474358.40 rows=282433 width=15) (actual time=0.280..14785.586 rows=311258 loops=1)
                                 Filter: ((l_shipmode = ANY ('{SHIP,"REG AIR"}'::bpchar[])) AND (l_commitdate < l_receiptdate) AND (l_shipdate < l_commitdate) AND (l_receiptdate >= '1994-01-01'::date) AND (l_receiptdate < '1995-01-01'::date))
                                 Rows Removed by Filter: 59674794
 Settings: jit = 'off', max_parallel_workers_per_gather = '0', work_mem = '128MB'
 Planning Time: 0.936 ms
 Execution Time: 19462.395 ms
(17 rows)

===== 13.sql =====
                                                                                    QUERY PLAN                                                                                     
-----------------------------------------------------------------------------------------------------------------------------------------------------------------------------------
 Limit  (cost=1543909.36..1543909.36 rows=1 width=16) (actual time=15734.832..15734.835 rows=1 loops=1)
   ->  Sort  (cost=1543909.36..1543909.86 rows=200 width=16) (actual time=15734.831..15734.833 rows=1 loops=1)
         Sort Key: (count(*)) DESC, (count(orders.o_orderkey)) DESC
         Sort Method: top-N heapsort  Memory: 25kB
         ->  HashAggregate  (cost=1543906.36..1543908.36 rows=200 width=16) (actual time=15734.798..15734.806 rows=46 loops=1)
               Group Key: count(orders.o_orderkey)
               Batches: 1  Memory Usage: 40kB
               ->  HashAggregate  (cost=1389223.08..1521405.71 rows=1500043 width=12) (actual time=15043.259..15564.241 rows=1500000 loops=1)
                     Group Key: customer.c_custkey
                     Batches: 5  Memory Usage: 131121kB  Disk Usage: 27424kB
                     ->  Hash Right Join  (cost=57715.61..545511.22 rows=14999322 width=8) (actual time=352.718..10422.891 rows=15337604 loops=1)
                           Hash Cond: (orders.o_custkey = customer.c_custkey)
                           ->  Seq Scan on orders  (cost=0.00..448422.28 rows=14999322 width=8) (actual time=0.051..4785.253 rows=14837583 loops=1)
                                 Filter: ((o_comment)::text !~~ '%special%requests%'::text)
                                 Rows Removed by Filter: 162417
                           ->  Hash  (cost=38965.07..38965.07 rows=1500043 width=4) (actual time=348.184..348.185 rows=1500000 loops=1)
                                 Buckets: 2097152  Batches: 1  Memory Usage: 69119kB
                                 ->  Index Only Scan using customer_pkey on customer  (cost=0.43..38965.07 rows=1500043 width=4) (actual time=0.029..117.378 rows=1500000 loops=1)
                                       Heap Fetches: 0
 Settings: jit = 'off', max_parallel_workers_per_gather = '0', work_mem = '128MB'
 Planning Time: 0.819 ms
 Execution Time: 15753.688 ms
(22 rows)

===== 14.sql =====
                                                                            QUERY PLAN                                                                            
------------------------------------------------------------------------------------------------------------------------------------------------------------------
 Limit  (cost=1220213.14..1220213.16 rows=1 width=32) (actual time=3627.852..3627.854 rows=1 loops=1)
   ->  Aggregate  (cost=1220213.14..1220213.16 rows=1 width=32) (actual time=3627.850..3627.852 rows=1 loops=1)
         ->  Hash Join  (cost=118820.43..1208108.48 rows=691695 width=33) (actual time=896.352..3261.339 rows=772942 loops=1)
               Hash Cond: (lineitem.l_partkey = part.p_partkey)
               ->  Bitmap Heap Scan on lineitem  (cost=19182.77..1085538.57 rows=747142 width=16) (actual time=266.408..2073.428 rows=772942 loops=1)
                     Recheck Cond: ((l_shipdate >= '1994-05-01'::date) AND (l_shipdate < '1994-06-01'::date))
                     Heap Blocks: exact=416660
                     ->  Bitmap Index Scan on idx_lineitem_shipdate  (cost=0.00..18995.98 rows=747142 width=0) (actual time=153.604..153.604 rows=772942 loops=1)
                           Index Cond: ((l_shipdate >= '1994-05-01'::date) AND (l_shipdate < '1994-06-01'::date))
               ->  Hash  (cost=60963.18..60963.18 rows=2000118 width=25) (actual time=625.438..625.438 rows=2000000 loops=1)
                     Buckets: 2097152  Batches: 2  Memory Usage: 74141kB
                     ->  Seq Scan on part  (cost=0.00..60963.18 rows=2000118 width=25) (actual time=0.032..291.746 rows=2000000 loops=1)
 Settings: jit = 'off', max_parallel_workers_per_gather = '0', work_mem = '128MB'
 Planning Time: 1.174 ms
 Execution Time: 3630.395 ms
(15 rows)

===== 15.sql =====
                                                                       QUERY PLAN                                                                       
--------------------------------------------------------------------------------------------------------------------------------------------------------
 HashAggregate  (cost=1239659.90..1240908.32 rows=99873 width=36) (actual time=4953.273..4996.342 rows=100000 loops=1)
   Group Key: l_suppkey
   Batches: 1  Memory Usage: 47121kB
   ->  Bitmap Heap Scan on lineitem  (cost=58322.63..1216941.79 rows=2271811 width=16) (actual time=513.710..3265.068 rows=2265714 loops=1)
         Recheck Cond: ((l_shipdate >= '1996-01-01'::date) AND (l_shipdate < '1996-04-01'::date))
         Heap Blocks: exact=668609
         ->  Bitmap Index Scan on idx_lineitem_shipdate  (cost=0.00..57754.68 rows=2271811 width=0) (actual time=334.427..334.427 rows=2265714 loops=1)
               Index Cond: ((l_shipdate >= '1996-01-01'::date) AND (l_shipdate < '1996-04-01'::date))
 Settings: jit = 'off', max_parallel_workers_per_gather = '0', work_mem = '128MB'
 Planning Time: 0.818 ms
 Execution Time: 5001.836 ms
(11 rows)

CREATE VIEW
                                                                                   QUERY PLAN                                                                                   
--------------------------------------------------------------------------------------------------------------------------------------------------------------------------------
 Limit  (cost=2483342.38..2483352.58 rows=1 width=103) (actual time=9502.134..9502.138 rows=1 loops=1)
   InitPlan 1 (returns $0)
     ->  Aggregate  (cost=1242156.73..1242156.74 rows=1 width=32) (actual time=4747.483..4747.484 rows=1 loops=1)
           ->  HashAggregate  (cost=1239659.90..1240908.32 rows=99873 width=36) (actual time=4698.635..4741.286 rows=100000 loops=1)
                 Group Key: lineitem_1.l_suppkey
                 Batches: 1  Memory Usage: 47121kB
                 ->  Bitmap Heap Scan on lineitem lineitem_1  (cost=58322.63..1216941.79 rows=2271811 width=16) (actual time=477.467..3039.733 rows=2265714 loops=1)
                       Recheck Cond: ((l_shipdate >= '1996-01-01'::date) AND (l_shipdate < '1996-04-01'::date))
                       Heap Blocks: exact=668609
                       ->  Bitmap Index Scan on idx_lineitem_shipdate  (cost=0.00..57754.68 rows=2271811 width=0) (actual time=300.183..300.184 rows=2265714 loops=1)
                             Index Cond: ((l_shipdate >= '1996-01-01'::date) AND (l_shipdate < '1996-04-01'::date))
   ->  Merge Join  (cost=1241185.64..1246272.94 rows=499 width=103) (actual time=9502.132..9502.134 rows=1 loops=1)
         Merge Cond: (supplier.s_suppkey = revenue0.supplier_no)
         ->  Index Scan using supplier_pkey on supplier  (cost=0.29..4830.10 rows=100000 width=71) (actual time=0.340..12.803 rows=69998 loops=1)
         ->  Sort  (cost=1241185.35..1241186.60 rows=499 width=36) (actual time=9485.135..9485.136 rows=1 loops=1)
               Sort Key: revenue0.supplier_no
               Sort Method: quicksort  Memory: 25kB
               ->  Subquery Scan on revenue0  (cost=1239659.90..1241162.99 rows=499 width=36) (actual time=9454.965..9485.128 rows=1 loops=1)
                     ->  HashAggregate  (cost=1239659.90..1241158.00 rows=499 width=36) (actual time=9454.964..9485.125 rows=1 loops=1)
                           Group Key: lineitem.l_suppkey
                           Filter: (sum((lineitem.l_extendedprice * ('1'::numeric - lineitem.l_discount))) = $0)
                           Batches: 1  Memory Usage: 47121kB
                           Rows Removed by Filter: 99999
                           ->  Bitmap Heap Scan on lineitem  (cost=58322.63..1216941.79 rows=2271811 width=16) (actual time=480.818..3037.452 rows=2265714 loops=1)
                                 Recheck Cond: ((l_shipdate >= '1996-01-01'::date) AND (l_shipdate < '1996-04-01'::date))
                                 Heap Blocks: exact=668609
                                 ->  Bitmap Index Scan on idx_lineitem_shipdate  (cost=0.00..57754.68 rows=2271811 width=0) (actual time=303.368..303.368 rows=2265714 loops=1)
                                       Index Cond: ((l_shipdate >= '1996-01-01'::date) AND (l_shipdate < '1996-04-01'::date))
 Settings: jit = 'off', max_parallel_workers_per_gather = '0', work_mem = '128MB'
 Planning Time: 0.541 ms
 Execution Time: 9507.594 ms
(31 rows)

DROP VIEW
===== 16.sql =====
                                                                                         QUERY PLAN                                                                                         
--------------------------------------------------------------------------------------------------------------------------------------------------------------------------------------------
 Limit  (cost=401713.48..401713.48 rows=1 width=44) (actual time=5968.525..5968.529 rows=1 loops=1)
   ->  Sort  (cost=401713.48..402094.97 rows=152598 width=44) (actual time=5968.524..5968.527 rows=1 loops=1)
         Sort Key: (count(DISTINCT partsupp.ps_suppkey)) DESC, part.p_brand, part.p_type, part.p_size
         Sort Method: top-N heapsort  Memory: 25kB
         ->  GroupAggregate  (cost=392135.43..400950.49 rows=152598 width=44) (actual time=5520.246..5963.699 rows=27838 loops=1)
               Group Key: part.p_brand, part.p_type, part.p_size
               ->  Sort  (cost=392135.43..393593.25 rows=583126 width=40) (actual time=5520.204..5616.461 rows=1186319 loops=1)
                     Sort Key: part.p_brand, part.p_type, part.p_size
                     Sort Method: quicksort  Memory: 122929kB
                     ->  Hash Join  (cost=98076.98..336291.07 rows=583126 width=40) (actual time=574.109..2687.351 rows=1186319 loops=1)
                           Hash Cond: (partsupp.ps_partkey = part.p_partkey)
                           ->  Index Only Scan using partsupp_pkey on partsupp  (cost=3466.46..231182.89 rows=3999098 width=8) (actual time=22.681..1291.380 rows=7995520 loops=1)
                                 Filter: (NOT (hashed SubPlan 1))
                                 Rows Removed by Filter: 4480
                                 Heap Fetches: 0
                                 SubPlan 1
                                   ->  Seq Scan on supplier  (cost=0.00..3466.00 rows=10 width=4) (actual time=0.110..22.630 rows=56 loops=1)
                                         Filter: ((s_comment)::text ~~ '%Customer%Complaints%'::text)
                                         Rows Removed by Filter: 99944
                           ->  Hash  (cost=90964.95..90964.95 rows=291646 width=40) (actual time=550.261..550.261 rows=296733 loops=1)
                                 Buckets: 524288  Batches: 1  Memory Usage: 25593kB
                                 ->  Seq Scan on part  (cost=0.00..90964.95 rows=291646 width=40) (actual time=0.045..483.176 rows=296733 loops=1)
                                       Filter: ((p_brand <> 'Brand#12'::bpchar) AND ((p_type)::text !~~ 'SMALL BRUSHED%'::text) AND (p_size = ANY ('{12,32,36,26,40,34,49,9}'::integer[])))
                                       Rows Removed by Filter: 1703267
 Settings: jit = 'off', max_parallel_workers_per_gather = '0', work_mem = '128MB'
 Planning Time: 0.943 ms
 Execution Time: 5972.722 ms
(27 rows)

===== 17-flattened.sql =====
                                                          QUERY PLAN                                                           
-------------------------------------------------------------------------------------------------------------------------------
 HashAggregate  (cost=5567687.65..6185952.23 rows=2160451 width=36) (actual time=32673.447..56241.673 rows=2000000 loops=1)
   Group Key: l_partkey
   Planned Partitions: 8  Batches: 9  Memory Usage: 135249kB  Disk Usage: 1846896kB
   ->  Seq Scan on lineitem  (cost=0.00..1724460.40 rows=59991840 width=9) (actual time=0.227..8419.594 rows=59986052 loops=1)
 Settings: jit = 'off', max_parallel_workers_per_gather = '0', work_mem = '128MB'
 Planning Time: 0.485 ms
 Execution Time: 56410.649 ms
(7 rows)

SELECT 2000000
CREATE INDEX
ANALYZE
                                                                                 QUERY PLAN                                                                                 
----------------------------------------------------------------------------------------------------------------------------------------------------------------------------
 Limit  (cost=234048.74..234048.75 rows=1 width=32) (actual time=388.056..388.058 rows=1 loops=1)
   ->  Aggregate  (cost=234048.74..234048.75 rows=1 width=32) (actual time=388.055..388.056 rows=1 loops=1)
         ->  Nested Loop  (cost=0.87..233999.29 rows=19779 width=8) (actual time=0.152..387.242 rows=5319 loops=1)
               Join Filter: (part.p_partkey = lineitem.l_partkey)
               ->  Nested Loop  (cost=0.43..86960.11 rows=2137 width=20) (actual time=0.141..339.734 rows=1996 loops=1)
                     ->  Seq Scan on part  (cost=0.00..70963.77 rows=2137 width=4) (actual time=0.130..325.589 rows=1996 loops=1)
                           Filter: ((p_brand = 'Brand#22'::bpchar) AND (p_container = 'LG BOX'::bpchar))
                           Rows Removed by Filter: 1998004
                     ->  Index Scan using idx_tmp_avg_quantity on tmp_avg_quantity part_agg  (cost=0.43..7.48 rows=1 width=16) (actual time=0.006..0.006 rows=1 loops=1996)
                           Index Cond: (agg_partkey = part.p_partkey)
               ->  Index Scan using idx_lineitem_part_supp on lineitem  (cost=0.44..68.69 rows=9 width=17) (actual time=0.009..0.023 rows=3 loops=1996)
                     Index Cond: (l_partkey = part_agg.agg_partkey)
                     Filter: (l_quantity < part_agg.avg_quantity)
                     Rows Removed by Filter: 27
 Settings: jit = 'off', max_parallel_workers_per_gather = '0', work_mem = '128MB'
 Planning Time: 1.115 ms
 Execution Time: 388.089 ms
(17 rows)

DROP TABLE
===== 17.sql =====
                                                                            QUERY PLAN                                                                            
------------------------------------------------------------------------------------------------------------------------------------------------------------------
 Limit  (cost=6441930.94..6441930.96 rows=1 width=32) (actual time=56058.616..56058.620 rows=1 loops=1)
   ->  Aggregate  (cost=6441930.94..6441930.96 rows=1 width=32) (actual time=56058.614..56058.617 rows=1 loops=1)
         ->  Nested Loop  (cost=5638678.57..6441877.53 rows=21366 width=8) (actual time=32433.339..56057.875 rows=5319 loops=1)
               Join Filter: (part.p_partkey = lineitem.l_partkey)
               ->  Hash Join  (cost=5638678.13..6284218.42 rows=2308 width=40) (actual time=32433.301..56006.669 rows=1996 loops=1)
                     Hash Cond: (lineitem_1.l_partkey = part.p_partkey)
                     ->  HashAggregate  (cost=5567687.65..6185952.23 rows=2160451 width=36) (actual time=32113.944..55531.480 rows=2000000 loops=1)
                           Group Key: lineitem_1.l_partkey
                           Planned Partitions: 8  Batches: 9  Memory Usage: 135249kB  Disk Usage: 1846896kB
                           ->  Seq Scan on lineitem lineitem_1  (cost=0.00..1724460.40 rows=59991840 width=9) (actual time=0.187..8245.581 rows=59986052 loops=1)
                     ->  Hash  (cost=70963.77..70963.77 rows=2137 width=4) (actual time=317.785..317.786 rows=1996 loops=1)
                           Buckets: 4096  Batches: 1  Memory Usage: 103kB
                           ->  Seq Scan on part  (cost=0.00..70963.77 rows=2137 width=4) (actual time=0.273..316.631 rows=1996 loops=1)
                                 Filter: ((p_brand = 'Brand#22'::bpchar) AND (p_container = 'LG BOX'::bpchar))
                                 Rows Removed by Filter: 1998004
               ->  Index Scan using idx_lineitem_part_supp on lineitem  (cost=0.44..68.20 rows=9 width=17) (actual time=0.011..0.025 rows=3 loops=1996)
                     Index Cond: (l_partkey = lineitem_1.l_partkey)
                     Filter: (l_quantity < ((0.2 * avg(lineitem_1.l_quantity))))
                     Rows Removed by Filter: 27
 Settings: jit = 'off', max_parallel_workers_per_gather = '0', work_mem = '128MB'
 Planning Time: 1.476 ms
 Execution Time: 56159.407 ms
(22 rows)

===== 18.sql =====
                                                                                                 QUERY PLAN                                                                                                  
-------------------------------------------------------------------------------------------------------------------------------------------------------------------------------------------------------------
 Limit  (cost=9939498.24..9939498.49 rows=100 width=71) (actual time=40886.976..40886.991 rows=99 loops=1)
   ->  Sort  (cost=9939498.24..9989481.90 rows=19993465 width=71) (actual time=40886.975..40886.983 rows=99 loops=1)
         Sort Key: orders.o_totalprice DESC, orders.o_orderdate
         Sort Method: quicksort  Memory: 32kB
         ->  HashAggregate  (cost=8573996.44..9175362.38 rows=19993465 width=71) (actual time=40885.473..40886.857 rows=99 loops=1)
               Group Key: customer.c_custkey, orders.o_orderkey
               Planned Partitions: 64  Batches: 1  Memory Usage: 12369kB
               ->  Hash Join  (cost=69688.03..6618385.64 rows=19993465 width=44) (actual time=1431.941..40884.617 rows=693 loops=1)
                     Hash Cond: (orders.o_custkey = customer.c_custkey)
                     ->  Merge Join  (cost=110.06..6496324.69 rows=19993465 width=25) (actual time=912.596..40364.842 rows=693 loops=1)
                           Merge Cond: (orders.o_orderkey = lineitem.l_orderkey)
                           ->  Merge Join  (cost=1.00..3729886.29 rows=4999320 width=24) (actual time=667.267..28714.893 rows=99 loops=1)
                                 Merge Cond: (orders.o_orderkey = lineitem_1.l_orderkey)
                                 ->  Index Scan using orders_pkey on orders  (cost=0.43..650451.77 rows=15000822 width=20) (actual time=0.345..2767.302 rows=14982724 loops=1)
                                 ->  GroupAggregate  (cost=0.56..2929447.77 rows=4999320 width=4) (actual time=573.724..25052.291 rows=99 loops=1)
                                       Group Key: lineitem_1.l_orderkey
                                       Filter: (sum(lineitem_1.l_quantity) > '313'::numeric)
                                       Rows Removed by Filter: 14999901
                                       ->  Index Scan using idx_lineitem_orderkey on lineitem lineitem_1  (cost=0.56..2404519.17 rows=59991840 width=9) (actual time=0.602..11806.443 rows=59986052 loops=1)
                           ->  Index Scan using idx_lineitem_orderkey on lineitem  (cost=0.56..2404519.17 rows=59991840 width=9) (actual time=0.023..8190.157 rows=59916431 loops=1)
                     ->  Hash  (cost=50827.43..50827.43 rows=1500043 width=23) (actual time=514.966..514.967 rows=1500000 loops=1)
                           Buckets: 2097152  Batches: 1  Memory Usage: 98416kB
                           ->  Seq Scan on customer  (cost=0.00..50827.43 rows=1500043 width=23) (actual time=0.404..239.088 rows=1500000 loops=1)
 Settings: jit = 'off', max_parallel_workers_per_gather = '0', work_mem = '128MB'
 Planning Time: 8.616 ms
 Execution Time: 40892.122 ms
(26 rows)

===== 19.sql =====
                                                                                                                                                                                                                                                                                                                                                                                                                                                                                                            QUERY PLAN                                                                                                                                                                                                                                                                                                                                                                                                                                                                                                            
----------------------------------------------------------------------------------------------------------------------------------------------------------------------------------------------------------------------------------------------------------------------------------------------------------------------------------------------------------------------------------------------------------------------------------------------------------------------------------------------------------------------------------------------------------------------------------------------------------------------------------------------------------------------------------------------------------------------------------------------------------------------------------------------------------------------------------------------------------------------------------------------------------------------------------------------------------------------------------------------------------------------------------
 Limit  (cost=676040.88..676040.89 rows=1 width=32) (actual time=1143.162..1143.163 rows=1 loops=1)
   ->  Aggregate  (cost=676040.88..676040.89 rows=1 width=32) (actual time=1143.161..1143.161 rows=1 loops=1)
         ->  Nested Loop  (cost=0.44..676033.04 rows=1045 width=12) (actual time=3.051..1141.766 rows=1063 loops=1)
               ->  Seq Scan on part  (cost=0.00..125967.01 rows=4903 width=30) (actual time=0.295..522.178 rows=4781 loops=1)
                     Filter: ((p_size >= 1) AND (((p_brand = 'Brand#24'::bpchar) AND (p_container = ANY ('{"SM CASE","SM BOX","SM PACK","SM PKG"}'::bpchar[])) AND (p_size <= 5)) OR ((p_brand = 'Brand#43'::bpchar) AND (p_container = ANY ('{"MED BAG","MED BOX","MED PKG","MED PACK"}'::bpchar[])) AND (p_size <= 10)) OR ((p_brand = 'Brand#44'::bpchar) AND (p_container = ANY ('{"LG CASE","LG BOX","LG PACK","LG PKG"}'::bpchar[])) AND (p_size <= 15))))
                     Rows Removed by Filter: 1995219
               ->  Index Scan using idx_lineitem_part_supp on lineitem  (cost=0.44..112.18 rows=1 width=21) (actual time=0.116..0.129 rows=0 loops=4781)
                     Index Cond: (l_partkey = part.p_partkey)
                     Filter: ((l_shipmode = ANY ('{AIR,"AIR REG"}'::bpchar[])) AND (l_shipinstruct = 'DELIVER IN PERSON'::bpchar) AND (((l_quantity >= '10'::numeric) AND (l_quantity <= '20'::numeric)) OR ((l_quantity >= '10'::numeric) AND (l_quantity <= '20'::numeric)) OR ((l_quantity >= '20'::numeric) AND (l_quantity <= '30'::numeric))) AND (((part.p_brand = 'Brand#24'::bpchar) AND (part.p_container = ANY ('{"SM CASE","SM BOX","SM PACK","SM PKG"}'::bpchar[])) AND (l_quantity >= '10'::numeric) AND (l_quantity <= '20'::numeric) AND (part.p_size <= 5)) OR ((part.p_brand = 'Brand#43'::bpchar) AND (part.p_container = ANY ('{"MED BAG","MED BOX","MED PKG","MED PACK"}'::bpchar[])) AND (l_quantity >= '10'::numeric) AND (l_quantity <= '20'::numeric) AND (part.p_size <= 10)) OR ((part.p_brand = 'Brand#44'::bpchar) AND (part.p_container = ANY ('{"LG CASE","LG BOX","LG PACK","LG PKG"}'::bpchar[])) AND (l_quantity >= '20'::numeric) AND (l_quantity <= '30'::numeric) AND (part.p_size <= 15))))
                     Rows Removed by Filter: 30
 Settings: jit = 'off', max_parallel_workers_per_gather = '0', work_mem = '128MB'
 Planning Time: 1.314 ms
 Execution Time: 1143.240 ms
(13 rows)

===== 1.sql =====
                                                                 QUERY PLAN                                                                  
---------------------------------------------------------------------------------------------------------------------------------------------
 Limit  (cost=3948305.90..3948305.91 rows=1 width=236) (actual time=77113.972..77113.974 rows=1 loops=1)
   ->  Sort  (cost=3948305.90..3948305.92 rows=6 width=236) (actual time=77113.970..77113.971 rows=1 loops=1)
         Sort Key: l_returnflag, l_linestatus
         Sort Method: top-N heapsort  Memory: 25kB
         ->  HashAggregate  (cost=3948305.71..3948305.88 rows=6 width=236) (actual time=77113.925..77113.933 rows=4 loops=1)
               Group Key: l_returnflag, l_linestatus
               Batches: 1  Memory Usage: 32kB
               ->  Seq Scan on lineitem  (cost=0.00..1874440.00 rows=59253306 width=25) (actual time=0.040..12350.838 rows=59284448 loops=1)
                     Filter: (l_shipdate <= '1998-09-10 00:00:00'::timestamp without time zone)
                     Rows Removed by Filter: 701604
 Settings: jit = 'off', max_parallel_workers_per_gather = '0', work_mem = '128MB'
 Planning Time: 0.657 ms
 Execution Time: 77114.054 ms
(13 rows)

===== 20-flattened.sql =====
                                                                        QUERY PLAN                                                                         
-----------------------------------------------------------------------------------------------------------------------------------------------------------
 HashAggregate  (cost=2132623.73..2298047.28 rows=4907965 width=40) (actual time=100676.592..107642.623 rows=5448842 loops=1)
   Group Key: l_partkey, l_suppkey
   Planned Partitions: 16  Batches: 81  Memory Usage: 135313kB  Disk Usage: 342848kB
   ->  Bitmap Heap Scan on lineitem  (cost=241334.12..1506887.17 rows=9400737 width=13) (actual time=1505.315..93822.228 rows=9123688 loops=1)
         Recheck Cond: ((l_shipdate >= '1996-01-01'::date) AND (l_shipdate < '1997-01-01'::date))
         Heap Blocks: exact=1048319
         ->  Bitmap Index Scan on idx_lineitem_shipdate  (cost=0.00..238983.93 rows=9400737 width=0) (actual time=1183.345..1183.345 rows=9123688 loops=1)
               Index Cond: ((l_shipdate >= '1996-01-01'::date) AND (l_shipdate < '1997-01-01'::date))
 Settings: jit = 'off', max_parallel_workers_per_gather = '0', work_mem = '128MB'
 Planning Time: 4.060 ms
 Execution Time: 107865.969 ms
(11 rows)

SELECT 5448842
CREATE INDEX
ANALYZE
                                                                                   QUERY PLAN                                                                                   
--------------------------------------------------------------------------------------------------------------------------------------------------------------------------------
 Limit  (cost=58093.98..58093.98 rows=1 width=51) (actual time=7456.914..7456.916 rows=1 loops=1)
   ->  Sort  (cost=58093.98..58093.98 rows=1 width=51) (actual time=7456.912..7456.914 rows=1 loops=1)
         Sort Key: supplier.s_name
         Sort Method: top-N heapsort  Memory: 25kB
         ->  Nested Loop Semi Join  (cost=48.59..58093.97 rows=1 width=51) (actual time=9.591..7452.492 rows=1821 loops=1)
               ->  Nested Loop  (cost=47.29..2404.57 rows=4000 width=55) (actual time=2.352..16.891 rows=4095 loops=1)
                     ->  Seq Scan on nation  (cost=0.00..1.31 rows=1 width=4) (actual time=0.267..0.271 rows=1 loops=1)
                           Filter: (n_name = 'IRAQ'::bpchar)
                           Rows Removed by Filter: 24
                     ->  Bitmap Heap Scan on supplier  (cost=47.29..2363.25 rows=4000 width=59) (actual time=2.075..15.434 rows=4095 loops=1)
                           Recheck Cond: (s_nationkey = nation.n_nationkey)
                           Heap Blocks: exact=1867
                           ->  Bitmap Index Scan on idx_supplier_nation_key  (cost=0.00..46.29 rows=4000 width=0) (actual time=1.582..1.582 rows=4095 loops=1)
                                 Index Cond: (s_nationkey = nation.n_nationkey)
               ->  Nested Loop  (cost=1.30..13.91 rows=1 width=8) (actual time=1.815..1.815 rows=0 loops=4095)
                     Join Filter: (supplier.s_suppkey = agg_lineitem.agg_suppkey)
                     ->  Nested Loop  (cost=0.87..13.42 rows=1 width=16) (actual time=1.591..1.808 rows=1 loops=4095)
                           ->  Index Scan using idx_partsupp_suppkey on partsupp  (cost=0.43..9.04 rows=78 width=12) (actual time=0.021..0.988 rows=61 loops=4095)
                                 Index Cond: (ps_suppkey = supplier.s_suppkey)
                           ->  Memoize  (cost=0.44..0.48 rows=1 width=4) (actual time=0.013..0.013 rows=0 loops=248000)
                                 Cache Key: partsupp.ps_partkey
                                 Hits: 11702  Misses: 236298  Evictions: 0  Overflows: 0  Memory Usage: 15783kB
                                 ->  Index Scan using part_pkey on part  (cost=0.43..0.47 rows=1 width=4) (actual time=0.013..0.013 rows=0 loops=236298)
                                       Index Cond: (p_partkey = partsupp.ps_partkey)
                                       Filter: ((p_name)::text ~~ 'olive%'::text)
                                       Rows Removed by Filter: 1
                     ->  Index Scan using idx_tmp_agg_lineitem on tmp_agg_lineitem agg_lineitem  (cost=0.43..0.48 rows=1 width=13) (actual time=0.009..0.009 rows=1 loops=2732)
                           Index Cond: ((agg_partkey = partsupp.ps_partkey) AND (agg_suppkey = partsupp.ps_suppkey))
                           Filter: ((partsupp.ps_availqty)::numeric > agg_quantity)
                           Rows Removed by Filter: 0
 Settings: jit = 'off', max_parallel_workers_per_gather = '0', work_mem = '128MB'
 Planning Time: 9.136 ms
 Execution Time: 7458.197 ms
(33 rows)

DROP TABLE
===== 20.sql =====
                                                                                          QUERY PLAN                                                                                           
-----------------------------------------------------------------------------------------------------------------------------------------------------------------------------------------------
 Limit  (cost=2461982.19..2461982.20 rows=1 width=51) (actual time=131117.775..131117.780 rows=1 loops=1)
   ->  Sort  (cost=2461982.19..2461982.20 rows=1 width=51) (actual time=131117.774..131117.778 rows=1 loops=1)
         Sort Key: supplier.s_name
         Sort Method: top-N heapsort  Memory: 25kB
         ->  Nested Loop Semi Join  (cost=2198840.18..2461982.18 rows=1 width=51) (actual time=107285.335..131114.872 rows=1821 loops=1)
               Join Filter: (supplier.s_suppkey = lineitem.l_suppkey)
               Rows Removed by Join Filter: 183310388
               ->  Nested Loop  (cost=0.00..4467.31 rows=4000 width=55) (actual time=0.033..25.709 rows=4095 loops=1)
                     Join Filter: (supplier.s_nationkey = nation.n_nationkey)
                     Rows Removed by Join Filter: 95905
                     ->  Seq Scan on nation  (cost=0.00..1.31 rows=1 width=4) (actual time=0.019..0.022 rows=1 loops=1)
                           Filter: (n_name = 'IRAQ'::bpchar)
                           Rows Removed by Filter: 24
                     ->  Seq Scan on supplier  (cost=0.00..3216.00 rows=100000 width=59) (actual time=0.008..17.045 rows=100000 loops=1)
               ->  Materialize  (cost=2198840.18..2457334.88 rows=3 width=8) (actual time=25.117..29.516 rows=44765 loops=4095)
                     ->  Nested Loop  (cost=2198840.18..2457334.86 rows=3 width=8) (actual time=102853.862..114681.065 rows=59002 loops=1)
                           ->  Hash Join  (cost=2198839.74..2426226.37 rows=49575 width=44) (actual time=102853.257..110919.098 rows=59125 loops=1)
                                 Hash Cond: (lineitem.l_partkey = part.p_partkey)
                                 ->  HashAggregate  (cost=2132623.73..2298047.28 rows=4907965 width=40) (actual time=102490.779..109808.868 rows=5448842 loops=1)
                                       Group Key: lineitem.l_partkey, lineitem.l_suppkey
                                       Planned Partitions: 16  Batches: 81  Memory Usage: 135313kB  Disk Usage: 342848kB
                                       ->  Bitmap Heap Scan on lineitem  (cost=241334.12..1506887.17 rows=9400737 width=13) (actual time=1522.031..95739.414 rows=9123688 loops=1)
                                             Recheck Cond: ((l_shipdate >= '1996-01-01'::date) AND (l_shipdate < '1997-01-01'::date))
                                             Heap Blocks: exact=1048319
                                             ->  Bitmap Index Scan on idx_lineitem_shipdate  (cost=0.00..238983.93 rows=9400737 width=0) (actual time=1200.011..1200.011 rows=9123688 loops=1)
                                                   Index Cond: ((l_shipdate >= '1996-01-01'::date) AND (l_shipdate < '1997-01-01'::date))
                                 ->  Hash  (cost=65963.48..65963.48 rows=20203 width=4) (actual time=362.360..362.360 rows=21718 loops=1)
                                       Buckets: 32768  Batches: 1  Memory Usage: 1020kB
                                       ->  Seq Scan on part  (cost=0.00..65963.48 rows=20203 width=4) (actual time=0.228..357.173 rows=21718 loops=1)
                                             Filter: ((p_name)::text ~~ 'olive%'::text)
                                             Rows Removed by Filter: 1978282
                           ->  Index Scan using partsupp_pkey on partsupp  (cost=0.43..0.62 rows=1 width=12) (actual time=0.063..0.063 rows=1 loops=59125)
                                 Index Cond: ((ps_partkey = lineitem.l_partkey) AND (ps_suppkey = lineitem.l_suppkey))
                                 Filter: ((ps_availqty)::numeric > ((0.5 * sum(lineitem.l_quantity))))
                                 Rows Removed by Filter: 0
 Settings: jit = 'off', max_parallel_workers_per_gather = '0', work_mem = '128MB'
 Planning Time: 7.137 ms
 Execution Time: 131147.369 ms
(38 rows)

===== 21.sql =====
                                                                                            QUERY PLAN                                                                                             
---------------------------------------------------------------------------------------------------------------------------------------------------------------------------------------------------
 Limit  (cost=4272031.58..4272031.59 rows=1 width=34) (actual time=55665.952..55665.968 rows=100 loops=1)
   ->  Sort  (cost=4272031.58..4272031.59 rows=1 width=34) (actual time=55665.951..55665.960 rows=100 loops=1)
         Sort Key: (count(*)) DESC, supplier.s_name
         Sort Method: top-N heapsort  Memory: 38kB
         ->  GroupAggregate  (cost=4272031.55..4272031.57 rows=1 width=34) (actual time=55657.555..55664.797 rows=3991 loops=1)
               Group Key: supplier.s_name
               ->  Sort  (cost=4272031.55..4272031.56 rows=1 width=26) (actual time=55657.543..55660.476 rows=39281 loops=1)
                     Sort Key: supplier.s_name
                     Sort Method: quicksort  Memory: 3378kB
                     ->  Nested Loop Semi Join  (cost=2204976.57..4272031.54 rows=1 width=26) (actual time=17414.146..55489.157 rows=39281 loops=1)
                           Join Filter: (l2.l_suppkey <> l1.l_suppkey)
                           Rows Removed by Join Filter: 42023
                           ->  Nested Loop  (cost=2204976.00..4272024.00 rows=1 width=38) (actual time=17401.985..49651.605 rows=65960 loops=1)
                                 ->  Hash Anti Join  (cost=2204975.57..4272016.69 rows=1 width=34) (actual time=17400.475..36962.159 rows=134155 loops=1)
                                       Hash Cond: (l1.l_orderkey = l3.l_orderkey)
                                       Join Filter: (l3.l_suppkey <> l1.l_suppkey)
                                       Rows Removed by Join Filter: 547662
                                       ->  Hash Join  (cost=2454.57..1959883.28 rows=799891 width=34) (actual time=20.113..15127.645 rows=1514267 loops=1)
                                             Hash Cond: (l1.l_suppkey = supplier.s_suppkey)
                                             ->  Seq Scan on lineitem l1  (cost=0.00..1874440.00 rows=19997280 width=8) (actual time=0.179..11818.602 rows=37929348 loops=1)
                                                   Filter: (l_receiptdate > l_commitdate)
                                                   Rows Removed by Filter: 22056704
                                             ->  Hash  (cost=2404.57..2404.57 rows=4000 width=30) (actual time=19.893..19.895 rows=3991 loops=1)
                                                   Buckets: 4096  Batches: 1  Memory Usage: 282kB
                                                   ->  Nested Loop  (cost=47.29..2404.57 rows=4000 width=30) (actual time=2.233..19.125 rows=3991 loops=1)
                                                         ->  Seq Scan on nation  (cost=0.00..1.31 rows=1 width=4) (actual time=0.224..0.228 rows=1 loops=1)
                                                               Filter: (n_name = 'PERU'::bpchar)
                                                               Rows Removed by Filter: 24
                                                         ->  Bitmap Heap Scan on supplier  (cost=47.29..2363.25 rows=4000 width=34) (actual time=2.006..18.348 rows=3991 loops=1)
                                                               Recheck Cond: (s_nationkey = nation.n_nationkey)
                                                               Heap Blocks: exact=1873
                                                               ->  Bitmap Index Scan on idx_supplier_nation_key  (cost=0.00..46.29 rows=4000 width=0) (actual time=1.551..1.551 rows=3991 loops=1)
                                                                     Index Cond: (s_nationkey = nation.n_nationkey)
                                       ->  Hash  (cost=1874440.00..1874440.00 rows=19997280 width=8) (actual time=17366.990..17366.991 rows=37929348 loops=1)
                                             Buckets: 4194304  Batches: 16  Memory Usage: 125295kB
                                             ->  Seq Scan on lineitem l3  (cost=0.00..1874440.00 rows=19997280 width=8) (actual time=0.015..12559.974 rows=37929348 loops=1)
                                                   Filter: (l_receiptdate > l_commitdate)
                                                   Rows Removed by Filter: 22056704
                                 ->  Index Scan using orders_pkey on orders  (cost=0.43..7.32 rows=1 width=4) (actual time=0.094..0.094 rows=0 loops=134155)
                                       Index Cond: (o_orderkey = l1.l_orderkey)
                                       Filter: (o_orderstatus = 'F'::bpchar)
                                       Rows Removed by Filter: 1
                           ->  Index Scan using idx_lineitem_orderkey on lineitem l2  (cost=0.56..7.52 rows=4 width=8) (actual time=0.087..0.087 rows=1 loops=65960)
                                 Index Cond: (l_orderkey = orders.o_orderkey)
 Settings: jit = 'off', max_parallel_workers_per_gather = '0', work_mem = '128MB'
 Planning Time: 10.600 ms
 Execution Time: 55668.353 ms
(47 rows)

===== 22.sql =====
                                                                          QUERY PLAN                                                                          
--------------------------------------------------------------------------------------------------------------------------------------------------------------
 Limit  (cost=163328.37..163328.40 rows=1 width=72) (actual time=1717.627..1717.630 rows=1 loops=1)
   InitPlan 1 (returns $0)
     ->  Aggregate  (cost=75322.49..75322.50 rows=1 width=32) (actual time=772.281..772.282 rows=1 loops=1)
           ->  Seq Scan on customer customer_1  (cost=0.00..75203.13 rows=47745 width=6) (actual time=0.009..738.350 rows=382426 loops=1)
                 Filter: ((c_acctbal > 0.00) AND (SUBSTRING(c_phone FROM 1 FOR 2) = ANY ('{21,29,26,34,14,15,17}'::text[])))
                 Rows Removed by Filter: 1117574
   ->  GroupAggregate  (cost=88005.87..88201.83 rows=7126 width=72) (actual time=1717.626..1717.627 rows=1 loops=1)
         Group Key: (SUBSTRING(customer.c_phone FROM 1 FOR 2))
         ->  Sort  (cost=88005.87..88023.68 rows=7126 width=38) (actual time=1715.836..1716.172 rows=9006 loops=1)
               Sort Key: (SUBSTRING(customer.c_phone FROM 1 FOR 2))
               Sort Method: quicksort  Memory: 4513kB
               ->  Nested Loop Anti Join  (cost=0.43..87549.84 rows=7126 width=38) (actual time=772.348..1694.273 rows=63509 loops=1)
                     ->  Seq Scan on customer  (cost=0.00..75203.13 rows=17501 width=26) (actual time=772.325..1346.726 rows=191129 loops=1)
                           Filter: ((c_acctbal > $0) AND (SUBSTRING(c_phone FROM 1 FOR 2) = ANY ('{21,29,26,34,14,15,17}'::text[])))
                           Rows Removed by Filter: 1308871
                     ->  Index Only Scan using idx_orders_custkey on orders  (cost=0.43..3.28 rows=17 width=4) (actual time=0.001..0.001 rows=1 loops=191129)
                           Index Cond: (o_custkey = customer.c_custkey)
                           Heap Fetches: 0
 Settings: jit = 'off', max_parallel_workers_per_gather = '0', work_mem = '128MB'
 Planning Time: 0.908 ms
 Execution Time: 1717.897 ms
(21 rows)

===== 2-flattened.sql =====
                                                                       QUERY PLAN                                                                        
---------------------------------------------------------------------------------------------------------------------------------------------------------
 HashAggregate  (cost=206594.80..210928.16 rows=433336 width=36) (actual time=3173.666..3625.591 rows=1182884 loops=1)
   Group Key: partsupp.ps_partkey
   Batches: 5  Memory Usage: 139313kB  Disk Usage: 15632kB
   ->  Nested Loop  (cost=42.10..198596.60 rows=1599639 width=10) (actual time=0.746..2528.746 rows=1604080 loops=1)
         ->  Nested Loop  (cost=41.67..2184.07 rows=20000 width=4) (actual time=0.727..53.303 rows=20051 loops=1)
               ->  Nested Loop  (cost=0.14..13.95 rows=5 width=4) (actual time=0.070..0.094 rows=5 loops=1)
                     Join Filter: (nation.n_regionkey = region.r_regionkey)
                     Rows Removed by Join Filter: 20
                     ->  Index Scan using nation_pkey on nation  (cost=0.14..12.51 rows=25 width=8) (actual time=0.036..0.044 rows=25 loops=1)
                     ->  Materialize  (cost=0.00..1.07 rows=1 width=4) (actual time=0.001..0.001 rows=1 loops=25)
                           ->  Seq Scan on region  (cost=0.00..1.06 rows=1 width=4) (actual time=0.019..0.021 rows=1 loops=1)
                                 Filter: (r_name = 'AMERICA'::bpchar)
                                 Rows Removed by Filter: 4
               ->  Bitmap Heap Scan on supplier  (cost=41.53..394.02 rows=4000 width=8) (actual time=0.574..9.917 rows=4010 loops=5)
                     Recheck Cond: (s_nationkey = nation.n_nationkey)
                     Heap Blocks: exact=9388
                     ->  Bitmap Index Scan on idx_supplier_nation_key  (cost=0.00..40.53 rows=4000 width=0) (actual time=0.345..0.345 rows=4010 loops=5)
                           Index Cond: (s_nationkey = nation.n_nationkey)
         ->  Index Scan using idx_partsupp_suppkey on partsupp  (cost=0.43..9.04 rows=78 width=14) (actual time=0.006..0.113 rows=80 loops=20051)
               Index Cond: (ps_suppkey = supplier.s_suppkey)
 Settings: jit = 'off', max_parallel_workers_per_gather = '0', work_mem = '128MB'
 Planning Time: 1.254 ms
 Execution Time: 3663.404 ms
(23 rows)

SELECT 1182884
CREATE INDEX
ANALYZE
                                                                             QUERY PLAN                                                                             
--------------------------------------------------------------------------------------------------------------------------------------------------------------------
 Limit  (cost=512074.66..512074.66 rows=1 width=192) (actual time=3342.049..3342.063 rows=100 loops=1)
   ->  Sort  (cost=512074.66..512074.66 rows=1 width=192) (actual time=3342.047..3342.056 rows=100 loops=1)
         Sort Key: supplier.s_acctbal DESC, nation.n_name, supplier.s_name, part.p_partkey
         Sort Method: top-N heapsort  Memory: 71kB
         ->  Hash Join  (cost=264236.74..512074.65 rows=1 width=192) (actual time=2669.017..3339.988 rows=4737 loops=1)
               Hash Cond: ((part.p_partkey = partsupp.ps_partkey) AND ((SubPlan 1) = partsupp.ps_supplycost))
               ->  Seq Scan on part  (cost=0.00..70963.77 rows=8146 width=30) (actual time=0.018..391.525 rows=8046 loops=1)
                     Filter: (((p_type)::text ~~ '%NICKEL'::text) AND (p_size = 16))
                     Rows Removed by Filter: 1991954
               ->  Hash  (cost=201188.15..201188.15 rows=1599639 width=172) (actual time=2668.015..2668.018 rows=1604080 loops=1)
                     Buckets: 1048576  Batches: 4  Memory Usage: 90233kB
                     ->  Nested Loop  (cost=2.00..201188.15 rows=1599639 width=172) (actual time=0.069..2075.699 rows=1604080 loops=1)
                           ->  Nested Loop  (cost=1.56..4775.62 rows=20000 width=166) (actual time=0.053..57.433 rows=20051 loops=1)
                                 Join Filter: (nation.n_regionkey = region.r_regionkey)
                                 Rows Removed by Join Filter: 79949
                                 ->  Seq Scan on region  (cost=0.00..1.06 rows=1 width=4) (actual time=0.019..0.021 rows=1 loops=1)
                                       Filter: (r_name = 'AMERICA'::bpchar)
                                       Rows Removed by Filter: 4
                                 ->  Hash Join  (cost=1.56..3524.56 rows=100000 width=170) (actual time=0.030..48.703 rows=100000 loops=1)
                                       Hash Cond: (supplier.s_nationkey = nation.n_nationkey)
                                       ->  Seq Scan on supplier  (cost=0.00..3216.00 rows=100000 width=144) (actual time=0.006..15.351 rows=100000 loops=1)
                                       ->  Hash  (cost=1.25..1.25 rows=25 width=34) (actual time=0.013..0.014 rows=25 loops=1)
                                             Buckets: 1024  Batches: 1  Memory Usage: 10kB
                                             ->  Seq Scan on nation  (cost=0.00..1.25 rows=25 width=34) (actual time=0.003..0.007 rows=25 loops=1)
                           ->  Index Scan using idx_partsupp_suppkey on partsupp  (cost=0.43..9.04 rows=78 width=14) (actual time=0.004..0.088 rows=80 loops=20051)
                                 Index Cond: (ps_suppkey = supplier.s_suppkey)
               SubPlan 1
                 ->  Index Scan using tmp_supplycost_idx on tmp_supplycost  (cost=0.43..8.45 rows=1 width=6) (actual time=0.004..0.004 rows=1 loops=12783)
                       Index Cond: (ps_partkey = part.p_partkey)
 Settings: jit = 'off', max_parallel_workers_per_gather = '0', work_mem = '128MB'
 Planning Time: 1.214 ms
 Execution Time: 3342.396 ms
(32 rows)

DROP TABLE
===== 2.sql =====
                                                                                        QUERY PLAN                                                                                         
-------------------------------------------------------------------------------------------------------------------------------------------------------------------------------------------
 Limit  (cost=1675842.02..1675842.03 rows=1 width=192) (actual time=4657.702..4657.717 rows=100 loops=1)
   ->  Sort  (cost=1675842.02..1675842.03 rows=1 width=192) (actual time=4657.701..4657.710 rows=100 loops=1)
         Sort Key: supplier.s_acctbal DESC, nation.n_name, supplier.s_name, part.p_partkey
         Sort Method: top-N heapsort  Memory: 71kB
         ->  Merge Join  (cost=502715.19..1675842.01 rows=1 width=192) (actual time=3297.505..4655.180 rows=4737 loops=1)
               Merge Cond: (part.p_partkey = partsupp.ps_partkey)
               Join Filter: (partsupp.ps_supplycost = (SubPlan 1))
               Rows Removed by Join Filter: 1661
               ->  Index Scan using part_pkey on part  (cost=0.43..102915.79 rows=8146 width=30) (actual time=0.027..553.941 rows=8046 loops=1)
                     Filter: (((p_type)::text ~~ '%NICKEL'::text) AND (p_size = 16))
                     Rows Removed by Filter: 1991954
               ->  Materialize  (cost=502714.47..510712.67 rows=1599639 width=172) (actual time=3297.316..3761.861 rows=1603828 loops=1)
                     ->  Sort  (cost=502714.47..506713.57 rows=1599639 width=172) (actual time=3297.311..3581.504 rows=1603828 loops=1)
                           Sort Key: partsupp.ps_partkey
                           Sort Method: external merge  Disk: 293456kB
                           ->  Nested Loop  (cost=2.00..201188.15 rows=1599639 width=172) (actual time=0.058..2335.613 rows=1604080 loops=1)
                                 ->  Nested Loop  (cost=1.56..4775.62 rows=20000 width=166) (actual time=0.046..57.194 rows=20051 loops=1)
                                       Join Filter: (nation.n_regionkey = region.r_regionkey)
                                       Rows Removed by Join Filter: 79949
                                       ->  Seq Scan on region  (cost=0.00..1.06 rows=1 width=4) (actual time=0.011..0.014 rows=1 loops=1)
                                             Filter: (r_name = 'AMERICA'::bpchar)
                                             Rows Removed by Filter: 4
                                       ->  Hash Join  (cost=1.56..3524.56 rows=100000 width=170) (actual time=0.033..49.021 rows=100000 loops=1)
                                             Hash Cond: (supplier.s_nationkey = nation.n_nationkey)
                                             ->  Seq Scan on supplier  (cost=0.00..3216.00 rows=100000 width=144) (actual time=0.002..14.028 rows=100000 loops=1)
                                             ->  Hash  (cost=1.25..1.25 rows=25 width=34) (actual time=0.020..0.020 rows=25 loops=1)
                                                   Buckets: 1024  Batches: 1  Memory Usage: 10kB
                                                   ->  Seq Scan on nation  (cost=0.00..1.25 rows=25 width=34) (actual time=0.009..0.013 rows=25 loops=1)
                                 ->  Index Scan using idx_partsupp_suppkey on partsupp  (cost=0.43..9.04 rows=78 width=14) (actual time=0.004..0.101 rows=80 loops=20051)
                                       Index Cond: (ps_suppkey = supplier.s_suppkey)
               SubPlan 1
                 ->  Aggregate  (cost=162.40..162.41 rows=1 width=32) (actual time=0.025..0.025 rows=1 loops=6398)
                       ->  Nested Loop  (cost=0.86..162.39 rows=4 width=6) (actual time=0.015..0.023 rows=2 loops=6398)
                             Join Filter: (nation_1.n_regionkey = region_1.r_regionkey)
                             Rows Removed by Join Filter: 2
                             ->  Seq Scan on region region_1  (cost=0.00..1.06 rows=1 width=4) (actual time=0.001..0.001 rows=1 loops=6398)
                                   Filter: (r_name = 'AMERICA'::bpchar)
                                   Rows Removed by Filter: 4
                             ->  Nested Loop  (cost=0.86..161.10 rows=18 width=10) (actual time=0.010..0.021 rows=4 loops=6398)
                                   ->  Nested Loop  (cost=0.72..158.33 rows=18 width=10) (actual time=0.008..0.017 rows=4 loops=6398)
                                         ->  Index Scan using idx_partsupp_partkey on partsupp partsupp_1  (cost=0.43..8.75 rows=18 width=10) (actual time=0.005..0.006 rows=4 loops=6398)
                                               Index Cond: (ps_partkey = part.p_partkey)
                                         ->  Index Scan using supplier_pkey on supplier supplier_1  (cost=0.29..8.31 rows=1 width=8) (actual time=0.002..0.002 rows=1 loops=25592)
                                               Index Cond: (s_suppkey = partsupp_1.ps_suppkey)
                                   ->  Index Scan using nation_pkey on nation nation_1  (cost=0.14..0.16 rows=1 width=8) (actual time=0.001..0.001 rows=1 loops=25592)
                                         Index Cond: (n_nationkey = supplier_1.s_nationkey)
 Settings: jit = 'off', max_parallel_workers_per_gather = '0', work_mem = '128MB'
 Planning Time: 2.478 ms
 Execution Time: 4677.196 ms
(49 rows)

===== 3.sql =====
                                                                                     QUERY PLAN                                                                                      
-------------------------------------------------------------------------------------------------------------------------------------------------------------------------------------
 Limit  (cost=2947779.40..2947779.42 rows=10 width=44) (actual time=40146.578..40146.583 rows=10 loops=1)
   ->  Sort  (cost=2947779.40..2955476.68 rows=3078912 width=44) (actual time=40146.576..40146.580 rows=10 loops=1)
         Sort Key: (sum((lineitem.l_extendedprice * ('1'::numeric - lineitem.l_discount)))) DESC, orders.o_orderdate
         Sort Method: top-N heapsort  Memory: 26kB
         ->  HashAggregate  (cost=2806677.81..2881245.21 rows=3078912 width=44) (actual time=40078.728..40129.304 rows=113934 loops=1)
               Group Key: lineitem.l_orderkey, orders.o_orderdate, orders.o_shippriority
               Planned Partitions: 8  Batches: 1  Memory Usage: 61457kB
               ->  Hash Join  (cost=526444.39..2554591.89 rows=3078912 width=24) (actual time=25508.733..39826.269 rows=301530 loops=1)
                     Hash Cond: (lineitem.l_orderkey = orders.o_orderkey)
                     ->  Seq Scan on lineitem  (cost=0.00..1874440.00 rows=32778237 width=16) (actual time=0.279..10838.689 rows=32534229 loops=1)
                           Filter: (l_shipdate > '1995-03-07'::date)
                           Rows Removed by Filter: 27451823
                     ->  Hash  (cost=508831.25..508831.25 rows=1409051 width=12) (actual time=25503.667..25503.669 rows=1451805 loops=1)
                           Buckets: 2097152  Batches: 1  Memory Usage: 78767kB
                           ->  Hash Join  (cost=138813.81..508831.25 rows=1409051 width=12) (actual time=890.991..24981.855 rows=1451805 loops=1)
                                 Hash Cond: (orders.o_custkey = customer.c_custkey)
                                 ->  Bitmap Heap Scan on orders  (cost=80573.67..431655.41 rows=7213579 width=16) (actual time=554.053..22335.559 rows=7239437 loops=1)
                                       Recheck Cond: (o_orderdate < '1995-03-07'::date)
                                       Heap Blocks: exact=260912
                                       ->  Bitmap Index Scan on idx_orders_orderdate  (cost=0.00..78770.28 rows=7213579 width=0) (actual time=491.064..491.064 rows=7239437 loops=1)
                                             Index Cond: (o_orderdate < '1995-03-07'::date)
                                 ->  Hash  (cost=54577.54..54577.54 rows=293008 width=4) (actual time=335.747..335.748 rows=300276 loops=1)
                                       Buckets: 524288  Batches: 1  Memory Usage: 14653kB
                                       ->  Seq Scan on customer  (cost=0.00..54577.54 rows=293008 width=4) (actual time=0.033..283.314 rows=300276 loops=1)
                                             Filter: (c_mktsegment = 'BUILDING'::bpchar)
                                             Rows Removed by Filter: 1199724
 Settings: jit = 'off', max_parallel_workers_per_gather = '0', work_mem = '128MB'
 Planning Time: 5.907 ms
 Execution Time: 40153.428 ms
(29 rows)

===== 4.sql =====
                                                                             QUERY PLAN                                                                             
--------------------------------------------------------------------------------------------------------------------------------------------------------------------
 Limit  (cost=2585247.66..2585247.66 rows=1 width=24) (actual time=41611.359..41611.363 rows=1 loops=1)
   ->  Sort  (cost=2585247.66..2585247.67 rows=5 width=24) (actual time=41611.358..41611.360 rows=1 loops=1)
         Sort Key: orders.o_orderpriority
         Sort Method: top-N heapsort  Memory: 25kB
         ->  HashAggregate  (cost=2585247.59..2585247.64 rows=5 width=24) (actual time=41611.312..41611.315 rows=5 loops=1)
               Group Key: orders.o_orderpriority
               Batches: 1  Memory Usage: 24kB
               ->  Hash Semi Join  (cost=2210073.19..2582487.26 rows=552066 width=16) (actual time=16731.576..41492.221 rows=513822 loops=1)
                     Hash Cond: (orders.o_orderkey = lineitem.l_orderkey)
                     ->  Bitmap Heap Scan on orders  (cost=7552.19..276746.75 rows=552171 width=20) (actual time=127.588..21244.348 rows=560424 loops=1)
                           Recheck Cond: ((o_orderdate >= '1993-12-01'::date) AND (o_orderdate < '1994-03-01'::date))
                           Heap Blocks: exact=231732
                           ->  Bitmap Index Scan on idx_orders_orderdate  (cost=0.00..7414.15 rows=552171 width=0) (actual time=71.494..71.494 rows=560424 loops=1)
                                 Index Cond: ((o_orderdate >= '1993-12-01'::date) AND (o_orderdate < '1994-03-01'::date))
                     ->  Hash  (cost=1874440.00..1874440.00 rows=19997280 width=4) (actual time=16593.715..16593.716 rows=37929348 loops=1)
                           Buckets: 4194304  Batches: 16  Memory Usage: 116042kB
                           ->  Seq Scan on lineitem  (cost=0.00..1874440.00 rows=19997280 width=4) (actual time=0.448..12158.547 rows=37929348 loops=1)
                                 Filter: (l_commitdate < l_receiptdate)
                                 Rows Removed by Filter: 22056704
 Settings: jit = 'off', max_parallel_workers_per_gather = '0', work_mem = '128MB'
 Planning Time: 6.958 ms
 Execution Time: 41613.061 ms
(22 rows)

===== 5.sql =====
                                                                                           QUERY PLAN                                                                                            
-------------------------------------------------------------------------------------------------------------------------------------------------------------------------------------------------
 Limit  (cost=2397946.65..2397946.65 rows=1 width=58) (actual time=36353.802..36353.810 rows=1 loops=1)
   ->  Sort  (cost=2397946.65..2397946.71 rows=25 width=58) (actual time=36353.801..36353.808 rows=1 loops=1)
         Sort Key: (sum((lineitem.l_extendedprice * ('1'::numeric - lineitem.l_discount)))) DESC
         Sort Method: top-N heapsort  Memory: 25kB
         ->  GroupAggregate  (cost=2397027.54..2397946.53 rows=25 width=58) (actual time=36329.210..36353.781 rows=5 loops=1)
               Group Key: nation.n_name
               ->  Sort  (cost=2397027.54..2397211.27 rows=73494 width=38) (actual time=36323.124..36326.288 rows=72033 loops=1)
                     Sort Key: nation.n_name
                     Sort Method: quicksort  Memory: 8700kB
                     ->  Hash Join  (cost=413639.35..2391087.26 rows=73494 width=38) (actual time=21897.348..36284.573 rows=72033 loops=1)
                           Hash Cond: ((lineitem.l_suppkey = supplier.s_suppkey) AND (customer.c_nationkey = supplier.s_nationkey))
                           ->  Hash Join  (cost=408923.35..2376725.68 rows=1837252 width=50) (actual time=21856.712..35815.916 rows=1815327 loops=1)
                                 Hash Cond: (lineitem.l_orderkey = orders.o_orderkey)
                                 ->  Seq Scan on lineitem  (cost=0.00..1724460.40 rows=59991840 width=20) (actual time=0.486..6839.188 rows=59986052 loops=1)
                                 ->  Hash  (cost=403180.83..403180.83 rows=459401 width=38) (actual time=21854.973..21854.977 rows=453399 loops=1)
                                       Buckets: 524288  Batches: 1  Memory Usage: 35976kB
                                       ->  Hash Join  (cost=94606.02..403180.83 rows=459401 width=38) (actual time=672.815..21630.106 rows=453399 loops=1)
                                             Hash Cond: (orders.o_custkey = customer.c_custkey)
                                             ->  Bitmap Heap Scan on orders  (cost=31400.72..326767.76 rows=2297003 width=8) (actual time=240.665..20361.231 rows=2276638 loops=1)
                                                   Recheck Cond: ((o_orderdate >= '1993-01-01'::date) AND (o_orderdate < '1994-01-01'::date))
                                                   Heap Blocks: exact=260897
                                                   ->  Bitmap Index Scan on idx_orders_orderdate  (cost=0.00..30826.47 rows=2297003 width=0) (actual time=177.903..177.903 rows=2276638 loops=1)
                                                         Index Cond: ((o_orderdate >= '1993-01-01'::date) AND (o_orderdate < '1994-01-01'::date))
                                             ->  Hash  (cost=59455.19..59455.19 rows=300009 width=38) (actual time=430.994..430.997 rows=299436 loops=1)
                                                   Buckets: 524288  Batches: 1  Memory Usage: 25151kB
                                                   ->  Hash Join  (cost=2.51..59455.19 rows=300009 width=38) (actual time=0.772..366.988 rows=299436 loops=1)
                                                         Hash Cond: (customer.c_nationkey = nation.n_nationkey)
                                                         ->  Seq Scan on customer  (cost=0.00..50827.43 rows=1500043 width=8) (actual time=0.020..200.478 rows=1500000 loops=1)
                                                         ->  Hash  (cost=2.45..2.45 rows=5 width=30) (actual time=0.739..0.741 rows=5 loops=1)
                                                               Buckets: 1024  Batches: 1  Memory Usage: 9kB
                                                               ->  Hash Join  (cost=1.07..2.45 rows=5 width=30) (actual time=0.732..0.737 rows=5 loops=1)
                                                                     Hash Cond: (nation.n_regionkey = region.r_regionkey)
                                                                     ->  Seq Scan on nation  (cost=0.00..1.25 rows=25 width=34) (actual time=0.400..0.402 rows=25 loops=1)
                                                                     ->  Hash  (cost=1.06..1.06 rows=1 width=4) (actual time=0.316..0.317 rows=1 loops=1)
                                                                           Buckets: 1024  Batches: 1  Memory Usage: 9kB
                                                                           ->  Seq Scan on region  (cost=0.00..1.06 rows=1 width=4) (actual time=0.308..0.310 rows=1 loops=1)
                                                                                 Filter: (r_name = 'AMERICA'::bpchar)
                                                                                 Rows Removed by Filter: 4
                           ->  Hash  (cost=3216.00..3216.00 rows=100000 width=8) (actual time=38.583..38.583 rows=100000 loops=1)
                                 Buckets: 131072  Batches: 1  Memory Usage: 4931kB
                                 ->  Seq Scan on supplier  (cost=0.00..3216.00 rows=100000 width=8) (actual time=0.222..23.135 rows=100000 loops=1)
 Settings: jit = 'off', max_parallel_workers_per_gather = '0', work_mem = '128MB'
 Planning Time: 10.127 ms
 Execution Time: 36355.449 ms
(44 rows)

===== 6.sql =====
                                                                                          QUERY PLAN                                                                                           
-----------------------------------------------------------------------------------------------------------------------------------------------------------------------------------------------
 Limit  (cost=1511189.89..1511189.90 rows=1 width=32) (actual time=4184.293..4184.295 rows=1 loops=1)
   ->  Aggregate  (cost=1511189.89..1511189.90 rows=1 width=32) (actual time=4184.292..4184.293 rows=1 loops=1)
         ->  Bitmap Heap Scan on lineitem  (cost=304303.26..1505107.97 rows=1216382 width=12) (actual time=1268.977..3806.569 rows=1194558 loops=1)
               Recheck Cond: ((l_shipdate >= '1993-01-01'::date) AND (l_shipdate < '1994-01-01'::date) AND (l_discount >= 0.06) AND (l_discount <= 0.08) AND (l_quantity < '25'::numeric))
               Heap Blocks: exact=662932
               ->  Bitmap Index Scan on idx_lineitem_shipdate  (cost=0.00..303999.16 rows=1216382 width=0) (actual time=1090.169..1090.169 rows=1194558 loops=1)
                     Index Cond: ((l_shipdate >= '1993-01-01'::date) AND (l_shipdate < '1994-01-01'::date) AND (l_discount >= 0.06) AND (l_discount <= 0.08) AND (l_quantity < '25'::numeric))
 Settings: jit = 'off', max_parallel_workers_per_gather = '0', work_mem = '128MB'
 Planning Time: 0.750 ms
 Execution Time: 4186.877 ms
(10 rows)

===== 7.sql =====
                                                                                     QUERY PLAN                                                                                      
-------------------------------------------------------------------------------------------------------------------------------------------------------------------------------------
 Limit  (cost=2525156.96..2525157.09 rows=1 width=116) (actual time=85292.938..85292.946 rows=1 loops=1)
   ->  GroupAggregate  (cost=2525156.96..2526380.37 rows=10016 width=116) (actual time=85292.937..85292.944 rows=1 loops=1)
         Group Key: n1.n_name, n2.n_name, (EXTRACT(year FROM lineitem.l_shipdate))
         ->  Sort  (cost=2525156.96..2525310.27 rows=61324 width=96) (actual time=85284.117..85284.965 rows=14421 loops=1)
               Sort Key: n1.n_name, n2.n_name, (EXTRACT(year FROM lineitem.l_shipdate))
               Sort Method: quicksort  Memory: 9664kB
               ->  Hash Join  (cost=1027595.88..2520280.43 rows=61324 width=96) (actual time=7768.476..85212.584 rows=57794 loops=1)
                     Hash Cond: (lineitem.l_suppkey = supplier.s_suppkey)
                     Join Filter: (((n1.n_name = 'PERU'::bpchar) AND (n2.n_name = 'MOROCCO'::bpchar)) OR ((n1.n_name = 'MOROCCO'::bpchar) AND (n2.n_name = 'PERU'::bpchar)))
                     Rows Removed by Join Filter: 58158
                     ->  Hash Join  (cost=1023971.48..2508619.08 rows=1473578 width=46) (actual time=7736.026..84690.175 rows=1448126 loops=1)
                           Hash Cond: (lineitem.l_orderkey = orders.o_orderkey)
                           ->  Bitmap Heap Scan on lineitem  (cost=472862.74..1873700.60 rows=18419724 width=24) (actual time=2523.851..75913.475 rows=18230325 loops=1)
                                 Recheck Cond: ((l_shipdate >= '1995-01-01'::date) AND (l_shipdate <= '1996-12-31'::date))
                                 Heap Blocks: exact=1119491
                                 ->  Bitmap Index Scan on idx_lineitem_shipdate  (cost=0.00..468257.80 rows=18419724 width=0) (actual time=2179.888..2179.888 rows=18230325 loops=1)
                                       Index Cond: ((l_shipdate >= '1995-01-01'::date) AND (l_shipdate <= '1996-12-31'::date))
                           ->  Hash  (cost=536107.92..536107.92 rows=1200066 width=30) (actual time=5207.645..5207.648 rows=1191175 loops=1)
                                 Buckets: 2097152  Batches: 1  Memory Usage: 88506kB
                                 ->  Hash Join  (cost=56934.00..536107.92 rows=1200066 width=30) (actual time=367.709..4940.531 rows=1191175 loops=1)
                                       Hash Cond: (orders.o_custkey = customer.c_custkey)
                                       ->  Seq Scan on orders  (cost=0.00..410920.22 rows=15000822 width=8) (actual time=0.035..1864.658 rows=15000000 loops=1)
                                       ->  Hash  (cost=55433.97..55433.97 rows=120003 width=30) (actual time=367.382..367.384 rows=119622 loops=1)
                                             Buckets: 131072  Batches: 1  Memory Usage: 8267kB
                                             ->  Hash Join  (cost=1.40..55433.97 rows=120003 width=30) (actual time=0.039..342.191 rows=119622 loops=1)
                                                   Hash Cond: (customer.c_nationkey = n2.n_nationkey)
                                                   ->  Seq Scan on customer  (cost=0.00..50827.43 rows=1500043 width=8) (actual time=0.008..196.038 rows=1500000 loops=1)
                                                   ->  Hash  (cost=1.38..1.38 rows=2 width=30) (actual time=0.020..0.021 rows=2 loops=1)
                                                         Buckets: 1024  Batches: 1  Memory Usage: 9kB
                                                         ->  Seq Scan on nation n2  (cost=0.00..1.38 rows=2 width=30) (actual time=0.013..0.016 rows=2 loops=1)
                                                               Filter: ((n_name = 'MOROCCO'::bpchar) OR (n_name = 'PERU'::bpchar))
                                                               Rows Removed by Filter: 23
                     ->  Hash  (cost=3524.40..3524.40 rows=8000 width=30) (actual time=30.659..30.661 rows=7981 loops=1)
                           Buckets: 8192  Batches: 1  Memory Usage: 548kB
                           ->  Hash Join  (cost=1.40..3524.40 rows=8000 width=30) (actual time=0.432..29.215 rows=7981 loops=1)
                                 Hash Cond: (supplier.s_nationkey = n1.n_nationkey)
                                 ->  Seq Scan on supplier  (cost=0.00..3216.00 rows=100000 width=8) (actual time=0.217..19.184 rows=100000 loops=1)
                                 ->  Hash  (cost=1.38..1.38 rows=2 width=30) (actual time=0.198..0.199 rows=2 loops=1)
                                       Buckets: 1024  Batches: 1  Memory Usage: 9kB
                                       ->  Seq Scan on nation n1  (cost=0.00..1.38 rows=2 width=30) (actual time=0.190..0.193 rows=2 loops=1)
                                             Filter: ((n_name = 'PERU'::bpchar) OR (n_name = 'MOROCCO'::bpchar))
                                             Rows Removed by Filter: 23
 Settings: jit = 'off', max_parallel_workers_per_gather = '0', work_mem = '128MB'
 Planning Time: 8.177 ms
 Execution Time: 85298.217 ms
(45 rows)

===== 8.sql =====
                                                                                           QUERY PLAN                                                                                            
-------------------------------------------------------------------------------------------------------------------------------------------------------------------------------------------------
 Limit  (cost=1907659.93..1907660.17 rows=1 width=64) (actual time=41142.921..41142.930 rows=1 loops=1)
   ->  GroupAggregate  (cost=1907659.93..1908215.83 rows=2406 width=64) (actual time=41142.920..41142.927 rows=1 loops=1)
         Group Key: (EXTRACT(year FROM orders.o_orderdate))
         ->  Sort  (cost=1907659.93..1907716.35 rows=22568 width=70) (actual time=41137.030..41137.463 rows=11818 loops=1)
               Sort Key: (EXTRACT(year FROM orders.o_orderdate))
               Sort Method: quicksort  Memory: 2631kB
               ->  Nested Loop  (cost=498306.12..1906028.04 rows=22568 width=70) (actual time=9996.219..41103.288 rows=23842 loops=1)
                     ->  Hash Join  (cost=498305.97..1905365.76 rows=22568 width=20) (actual time=9996.173..41033.829 rows=23842 loops=1)
                           Hash Cond: (lineitem.l_suppkey = supplier.s_suppkey)
                           ->  Hash Join  (cost=493839.97..1900840.52 rows=22568 width=20) (actual time=9961.684..40979.354 rows=23842 loops=1)
                                 Hash Cond: (lineitem.l_orderkey = orders.o_orderkey)
                                 ->  Nested Loop  (cost=0.44..1405394.54 rows=368206 width=20) (actual time=0.373..30758.204 rows=389521 loops=1)
                                       ->  Seq Scan on part  (cost=0.00..65963.48 rows=13260 width=4) (actual time=0.337..462.936 rows=13011 loops=1)
                                             Filter: ((p_type)::text = 'LARGE POLISHED BRASS'::text)
                                             Rows Removed by Filter: 1986989
                                       ->  Index Scan using idx_lineitem_part_supp on lineitem  (cost=0.44..100.73 rows=28 width=24) (actual time=0.106..2.313 rows=30 loops=13011)
                                             Index Cond: (l_partkey = part.p_partkey)
                                 ->  Hash  (cost=482346.86..482346.86 rows=919414 width=8) (actual time=9953.157..9953.161 rows=910360 loops=1)
                                       Buckets: 1048576  Batches: 1  Memory Usage: 43753kB
                                       ->  Hash Join  (cost=126045.68..482346.86 rows=919414 width=8) (actual time=946.331..9713.700 rows=910360 loops=1)
                                             Hash Cond: (orders.o_custkey = customer.c_custkey)
                                             ->  Bitmap Heap Scan on orders  (cost=62840.38..392708.40 rows=4597068 width=12) (actual time=376.395..7967.373 rows=4557513 loops=1)
                                                   Recheck Cond: ((o_orderdate >= '1995-01-01'::date) AND (o_orderdate <= '1996-12-31'::date))
                                                   Heap Blocks: exact=260912
                                                   ->  Bitmap Index Scan on idx_orders_orderdate  (cost=0.00..61691.11 rows=4597068 width=0) (actual time=314.398..314.398 rows=4557513 loops=1)
                                                         Index Cond: ((o_orderdate >= '1995-01-01'::date) AND (o_orderdate <= '1996-12-31'::date))
                                             ->  Hash  (cost=59455.19..59455.19 rows=300009 width=4) (actual time=568.788..568.791 rows=299436 loops=1)
                                                   Buckets: 524288  Batches: 1  Memory Usage: 14624kB
                                                   ->  Hash Join  (cost=2.51..59455.19 rows=300009 width=4) (actual time=0.439..512.068 rows=299436 loops=1)
                                                         Hash Cond: (customer.c_nationkey = n1.n_nationkey)
                                                         ->  Seq Scan on customer  (cost=0.00..50827.43 rows=1500043 width=8) (actual time=0.367..339.700 rows=1500000 loops=1)
                                                         ->  Hash  (cost=2.45..2.45 rows=5 width=4) (actual time=0.056..0.058 rows=5 loops=1)
                                                               Buckets: 1024  Batches: 1  Memory Usage: 9kB
                                                               ->  Hash Join  (cost=1.07..2.45 rows=5 width=4) (actual time=0.048..0.055 rows=5 loops=1)
                                                                     Hash Cond: (n1.n_regionkey = region.r_regionkey)
                                                                     ->  Seq Scan on nation n1  (cost=0.00..1.25 rows=25 width=8) (actual time=0.012..0.013 rows=25 loops=1)
                                                                     ->  Hash  (cost=1.06..1.06 rows=1 width=4) (actual time=0.024..0.024 rows=1 loops=1)
                                                                           Buckets: 1024  Batches: 1  Memory Usage: 9kB
                                                                           ->  Seq Scan on region  (cost=0.00..1.06 rows=1 width=4) (actual time=0.014..0.015 rows=1 loops=1)
                                                                                 Filter: (r_name = 'AMERICA'::bpchar)
                                                                                 Rows Removed by Filter: 4
                           ->  Hash  (cost=3216.00..3216.00 rows=100000 width=8) (actual time=34.207..34.207 rows=100000 loops=1)
                                 Buckets: 131072  Batches: 1  Memory Usage: 4931kB
                                 ->  Seq Scan on supplier  (cost=0.00..3216.00 rows=100000 width=8) (actual time=0.013..20.343 rows=100000 loops=1)
                     ->  Memoize  (cost=0.15..2.17 rows=1 width=30) (actual time=0.001..0.001 rows=1 loops=23842)
                           Cache Key: supplier.s_nationkey
                           Hits: 23817  Misses: 25  Evictions: 0  Overflows: 0  Memory Usage: 4kB
                           ->  Index Scan using nation_pkey on nation n2  (cost=0.14..2.16 rows=1 width=30) (actual time=0.006..0.006 rows=1 loops=25)
                                 Index Cond: (n_nationkey = supplier.s_nationkey)
 Settings: jit = 'off', max_parallel_workers_per_gather = '0', work_mem = '128MB'
 Planning Time: 9.184 ms
 Execution Time: 41145.321 ms
(52 rows)

===== 9.sql =====
                                                                                   QUERY PLAN                                                                                   
--------------------------------------------------------------------------------------------------------------------------------------------------------------------------------
 Limit  (cost=3266729.58..3266729.59 rows=1 width=90) (actual time=36483.875..36483.881 rows=1 loops=1)
   ->  Sort  (cost=3266729.58..3266879.96 rows=60150 width=90) (actual time=36483.873..36483.879 rows=1 loops=1)
         Sort Key: nation.n_name, (EXTRACT(year FROM orders.o_orderdate)) DESC
         Sort Method: top-N heapsort  Memory: 25kB
         ->  HashAggregate  (cost=3265526.58..3266428.83 rows=60150 width=90) (actual time=36482.587..36482.992 rows=175 loops=1)
               Group Key: nation.n_name, EXTRACT(year FROM orders.o_orderdate)
               Batches: 1  Memory Usage: 3217kB
               ->  Hash Join  (cost=2424005.84..3216438.51 rows=2805033 width=81) (actual time=21040.863..33572.440 rows=3248192 loops=1)
                     Hash Cond: (supplier.s_nationkey = nation.n_nationkey)
                     ->  Hash Join  (cost=2424004.28..3200812.91 rows=2805033 width=31) (actual time=21040.817..32529.879 rows=3248192 loops=1)
                           Hash Cond: (lineitem.l_suppkey = supplier.s_suppkey)
                           ->  Hash Join  (cost=2419538.28..3188983.39 rows=2805033 width=35) (actual time=21012.883..31455.907 rows=3248192 loops=1)
                                 Hash Cond: ((lineitem.l_suppkey = partsupp.ps_suppkey) AND (lineitem.l_partkey = partsupp.ps_partkey))
                                 ->  Hash Join  (cost=2006143.38..2677978.07 rows=2805033 width=33) (actual time=18385.656..25809.335 rows=3248192 loops=1)
                                       Hash Cond: (orders.o_orderkey = lineitem.l_orderkey)
                                       ->  Seq Scan on orders  (cost=0.00..410920.22 rows=15000822 width=8) (actual time=0.273..2386.334 rows=15000000 loops=1)
                                       ->  Hash  (cost=1949165.47..1949165.47 rows=2805033 width=33) (actual time=18380.880..18380.882 rows=3248192 loops=1)
                                             Buckets: 2097152  Batches: 2  Memory Usage: 124062kB
                                             ->  Hash Join  (cost=67226.18..1949165.47 rows=2805033 width=33) (actual time=456.400..17521.568 rows=3248192 loops=1)
                                                   Hash Cond: (lineitem.l_partkey = part.p_partkey)
                                                   ->  Seq Scan on lineitem  (cost=0.00..1724460.40 rows=59991840 width=29) (actual time=0.033..6989.639 rows=59986052 loops=1)
                                                   ->  Hash  (cost=65963.48..65963.48 rows=101016 width=4) (actual time=456.076..456.077 rows=108312 loops=1)
                                                         Buckets: 131072  Batches: 1  Memory Usage: 4832kB
                                                         ->  Seq Scan on part  (cost=0.00..65963.48 rows=101016 width=4) (actual time=0.369..435.423 rows=108312 loops=1)
                                                               Filter: ((p_name)::text ~~ '%navy%'::text)
                                                               Rows Removed by Filter: 1891688
                                 ->  Hash  (cost=254367.96..254367.96 rows=7998196 width=14) (actual time=2618.313..2618.313 rows=8000000 loops=1)
                                       Buckets: 4194304  Batches: 4  Memory Usage: 126558kB
                                       ->  Seq Scan on partsupp  (cost=0.00..254367.96 rows=7998196 width=14) (actual time=0.523..1297.101 rows=8000000 loops=1)
                           ->  Hash  (cost=3216.00..3216.00 rows=100000 width=8) (actual time=27.633..27.633 rows=100000 loops=1)
                                 Buckets: 131072  Batches: 1  Memory Usage: 4931kB
                                 ->  Seq Scan on supplier  (cost=0.00..3216.00 rows=100000 width=8) (actual time=0.004..14.418 rows=100000 loops=1)
                     ->  Hash  (cost=1.25..1.25 rows=25 width=30) (actual time=0.031..0.031 rows=25 loops=1)
                           Buckets: 1024  Batches: 1  Memory Usage: 10kB
                           ->  Seq Scan on nation  (cost=0.00..1.25 rows=25 width=30) (actual time=0.016..0.019 rows=25 loops=1)
 Settings: jit = 'off', max_parallel_workers_per_gather = '0', work_mem = '128MB'
 Planning Time: 7.280 ms
 Execution Time: 36487.486 ms
(38 rows)

