===== 10.sql jit=on =====
                                                                                            QUERY PLAN                                                                                            
--------------------------------------------------------------------------------------------------------------------------------------------------------------------------------------------------
 Limit  (cost=2408765.43..2408765.48 rows=20 width=201) (actual time=19663.513..19663.519 rows=20 loops=1)
   ->  Sort  (cost=2408765.43..2410192.45 rows=570806 width=201) (actual time=19164.465..19164.470 rows=20 loops=1)
         Sort Key: (sum((lineitem.l_extendedprice * ('1'::numeric - lineitem.l_discount)))) DESC
         Sort Method: top-N heapsort  Memory: 33kB
         ->  GroupAggregate  (cost=2252510.84..2393576.49 rows=570806 width=201) (actual time=16458.975..19032.267 rows=381205 loops=1)
               Group Key: customer.c_custkey, nation.n_name
               ->  Incremental Sort  (cost=2252510.84..2379306.34 rows=570806 width=181) (actual time=16458.948..18259.289 rows=1145402 loops=1)
                     Sort Key: customer.c_custkey, nation.n_name
                     Presorted Key: customer.c_custkey
                     Full-sort Groups: 34068  Sort Method: quicksort  Average Memory: 33kB  Peak Memory: 33kB
                     ->  Nested Loop  (cost=2252510.66..2353620.07 rows=570806 width=181) (actual time=16458.841..17846.152 rows=1145402 loops=1)
                           ->  Merge Join  (cost=2252510.51..2339611.89 rows=570806 width=159) (actual time=16458.807..17476.438 rows=1145402 loops=1)
                                 Merge Cond: (customer.c_custkey = orders.o_custkey)
                                 ->  Index Scan using customer_pkey on customer  (cost=0.43..74796.39 rows=1500131 width=147) (actual time=0.016..549.430 rows=1499997 loops=1)
                                 ->  Sort  (cost=2252509.89..2253936.91 rows=570806 width=16) (actual time=16458.727..16619.691 rows=1145402 loops=1)
                                       Sort Key: orders.o_custkey
                                       Sort Method: quicksort  Memory: 113386kB
                                       ->  Hash Join  (cost=284718.58..2197933.30 rows=570806 width=16) (actual time=5714.863..16060.060 rows=1145402 loops=1)
                                             Hash Cond: (lineitem.l_orderkey = orders.o_orderkey)
                                             ->  Seq Scan on lineitem  (cost=0.00..1874343.50 rows=14808080 width=16) (actual time=0.493..8493.677 rows=14808183 loops=1)
                                                   Filter: (l_returnflag = 'R'::bpchar)
                                                   Rows Removed by Filter: 45177869
                                             ->  Hash  (cost=277491.38..277491.38 rows=578176 width=8) (actual time=5711.988..5711.989 rows=573160 loops=1)
                                                   Buckets: 1048576  Batches: 1  Memory Usage: 30582kB
                                                   ->  Bitmap Heap Scan on orders  (cost=7906.74..277491.38 rows=578176 width=8) (actual time=135.432..5522.871 rows=573160 loops=1)
                                                         Recheck Cond: ((o_orderdate >= '1994-08-01'::date) AND (o_orderdate < '1994-11-01'::date))
                                                         Heap Blocks: exact=233137
                                                         ->  Bitmap Index Scan on idx_orders_orderdate  (cost=0.00..7762.20 rows=578176 width=0) (actual time=79.844..79.844 rows=573160 loops=1)
                                                               Index Cond: ((o_orderdate >= '1994-08-01'::date) AND (o_orderdate < '1994-11-01'::date))
                           ->  Memoize  (cost=0.15..2.17 rows=1 width=30) (actual time=0.000..0.000 rows=1 loops=1145402)
                                 Cache Key: customer.c_nationkey
                                 Hits: 1145377  Misses: 25  Evictions: 0  Overflows: 0  Memory Usage: 4kB
                                 ->  Index Scan using nation_pkey on nation  (cost=0.14..2.16 rows=1 width=30) (actual time=0.002..0.002 rows=1 loops=25)
                                       Index Cond: (n_nationkey = customer.c_nationkey)
 Settings: max_parallel_workers_per_gather = '0', work_mem = '128MB'
 Planning Time: 8.649 ms
 JIT:
   Functions: 38
   Options: Inlining true, Optimization true, Expressions true, Deforming true
   Timing: Generation 4.276 ms, Inlining 72.092 ms, Optimization 261.642 ms, Emission 165.452 ms, Total 503.462 ms
 Execution Time: 19704.714 ms
(41 rows)

===== 11.sql jit=on =====
                                                                             QUERY PLAN                                                                              
---------------------------------------------------------------------------------------------------------------------------------------------------------------------
 Limit  (cost=94398.91..94398.91 rows=1 width=36) (actual time=1512.976..1512.981 rows=0 loops=1)
   InitPlan 1 (returns $2)
     ->  Aggregate  (cost=44168.88..44168.90 rows=1 width=32) (actual time=555.033..555.035 rows=1 loops=1)
           ->  Nested Loop  (cost=47.72..41797.13 rows=316233 width=10) (actual time=0.647..454.510 rows=320800 loops=1)
                 ->  Nested Loop  (cost=47.29..2404.57 rows=4000 width=4) (actual time=0.636..9.332 rows=4010 loops=1)
                       ->  Seq Scan on nation nation_1  (cost=0.00..1.31 rows=1 width=4) (actual time=0.007..0.010 rows=1 loops=1)
                             Filter: (n_name = 'SAUDI ARABIA'::bpchar)
                             Rows Removed by Filter: 24
                       ->  Bitmap Heap Scan on supplier supplier_1  (cost=47.29..2363.25 rows=4000 width=8) (actual time=0.626..8.595 rows=4010 loops=1)
                             Recheck Cond: (s_nationkey = nation_1.n_nationkey)
                             Heap Blocks: exact=1857
                             ->  Bitmap Index Scan on idx_supplier_nation_key  (cost=0.00..46.29 rows=4000 width=0) (actual time=0.402..0.402 rows=4010 loops=1)
                                   Index Cond: (s_nationkey = nation_1.n_nationkey)
                 ->  Index Scan using idx_partsupp_suppkey on partsupp partsupp_1  (cost=0.43..9.06 rows=79 width=14) (actual time=0.005..0.099 rows=80 loops=4010)
                       Index Cond: (ps_suppkey = supplier_1.s_suppkey)
   ->  Sort  (cost=50230.01..50493.54 rows=105411 width=36) (actual time=1512.974..1512.976 rows=0 loops=1)
         Sort Key: (sum((partsupp.ps_supplycost * (partsupp.ps_availqty)::numeric))) DESC
         Sort Method: quicksort  Memory: 25kB
         ->  HashAggregate  (cost=44959.46..49702.96 rows=105411 width=36) (actual time=1512.928..1512.930 rows=0 loops=1)
               Group Key: partsupp.ps_partkey
               Filter: (sum((partsupp.ps_supplycost * (partsupp.ps_availqty)::numeric)) > $2)
               Batches: 5  Memory Usage: 135217kB  Disk Usage: 752kB
               Rows Removed by Filter: 301833
               ->  Nested Loop  (cost=47.72..41797.13 rows=316233 width=14) (actual time=0.724..563.646 rows=320800 loops=1)
                     ->  Nested Loop  (cost=47.29..2404.57 rows=4000 width=4) (actual time=0.701..10.851 rows=4010 loops=1)
                           ->  Seq Scan on nation  (cost=0.00..1.31 rows=1 width=4) (actual time=0.020..0.024 rows=1 loops=1)
                                 Filter: (n_name = 'SAUDI ARABIA'::bpchar)
                                 Rows Removed by Filter: 24
                           ->  Bitmap Heap Scan on supplier  (cost=47.29..2363.25 rows=4000 width=8) (actual time=0.676..10.068 rows=4010 loops=1)
                                 Recheck Cond: (s_nationkey = nation.n_nationkey)
                                 Heap Blocks: exact=1857
                                 ->  Bitmap Index Scan on idx_supplier_nation_key  (cost=0.00..46.29 rows=4000 width=0) (actual time=0.445..0.445 rows=4010 loops=1)
                                       Index Cond: (s_nationkey = nation.n_nationkey)
                     ->  Index Scan using idx_partsupp_suppkey on partsupp  (cost=0.43..9.06 rows=79 width=18) (actual time=0.006..0.125 rows=80 loops=4010)
                           Index Cond: (ps_suppkey = supplier.s_suppkey)
 Settings: max_parallel_workers_per_gather = '0', work_mem = '128MB'
 Planning Time: 1.314 ms
 Execution Time: 1517.365 ms
(38 rows)

===== 12.sql jit=on =====
                                                                                                                    QUERY PLAN                                                                                                                     
---------------------------------------------------------------------------------------------------------------------------------------------------------------------------------------------------------------------------------------------------
 Limit  (cost=3029778.51..3030591.86 rows=1 width=27) (actual time=17373.132..17373.135 rows=1 loops=1)
   ->  GroupAggregate  (cost=3029778.51..3035471.98 rows=7 width=27) (actual time=17011.922..17011.924 rows=1 loops=1)
         Group Key: lineitem.l_shipmode
         ->  Sort  (cost=3029778.51..3030490.19 rows=284670 width=27) (actual time=16972.209..16979.264 rows=155572 loops=1)
               Sort Key: lineitem.l_shipmode
               Sort Method: quicksort  Memory: 36606kB
               ->  Hash Join  (cost=2477743.08..3003988.93 rows=284670 width=27) (actual time=12675.537..16892.980 rows=311258 loops=1)
                     Hash Cond: (orders.o_orderkey = lineitem.l_orderkey)
                     ->  Seq Scan on orders  (cost=0.00..410904.66 rows=14999266 width=20) (actual time=0.042..1780.270 rows=15000000 loops=1)
                     ->  Hash  (cost=2474184.70..2474184.70 rows=284670 width=15) (actual time=12674.269..12674.269 rows=311258 loops=1)
                           Buckets: 524288  Batches: 1  Memory Usage: 18687kB
                           ->  Seq Scan on lineitem  (cost=0.00..2474184.70 rows=284670 width=15) (actual time=1.136..12560.684 rows=311258 loops=1)
                                 Filter: ((l_shipmode = ANY ('{SHIP,"REG AIR"}'::bpchar[])) AND (l_commitdate < l_receiptdate) AND (l_shipdate < l_commitdate) AND (l_receiptdate >= '1994-01-01'::date) AND (l_receiptdate < '1995-01-01'::date))
                                 Rows Removed by Filter: 59674794
 Settings: max_parallel_workers_per_gather = '0', work_mem = '128MB'
 Planning Time: 0.820 ms
 JIT:
   Functions: 19
   Options: Inlining true, Optimization true, Expressions true, Deforming true
   Timing: Generation 2.588 ms, Inlining 66.303 ms, Optimization 182.807 ms, Emission 112.222 ms, Total 363.920 ms
 Execution Time: 17407.140 ms
(21 rows)

===== 13.sql jit=on =====
                                                                                    QUERY PLAN                                                                                     
-----------------------------------------------------------------------------------------------------------------------------------------------------------------------------------
 Limit  (cost=1533787.10..1533787.11 rows=1 width=16) (actual time=14966.470..14966.473 rows=1 loops=1)
   ->  Sort  (cost=1533787.10..1533787.60 rows=200 width=16) (actual time=14744.041..14744.044 rows=1 loops=1)
         Sort Key: (count(*)) DESC, (count(orders.o_orderkey)) DESC
         Sort Method: top-N heapsort  Memory: 25kB
         ->  HashAggregate  (cost=1533784.10..1533786.10 rows=200 width=16) (actual time=14743.986..14743.994 rows=46 loops=1)
               Group Key: count(orders.o_orderkey)
               Batches: 1  Memory Usage: 40kB
               ->  HashAggregate  (cost=1380282.72..1511282.14 rows=1500131 width=12) (actual time=14046.331..14568.687 rows=1500000 loops=1)
                     Group Key: customer.c_custkey
                     Batches: 5  Memory Usage: 131121kB  Disk Usage: 27424kB
                     ->  Hash Right Join  (cost=57718.03..545096.33 rows=14847758 width=8) (actual time=380.485..9886.679 rows=15337604 loops=1)
                           Hash Cond: (orders.o_custkey = customer.c_custkey)
                           ->  Seq Scan on orders  (cost=0.00..448402.83 rows=14847758 width=8) (actual time=0.078..4801.484 rows=14837583 loops=1)
                                 Filter: ((o_comment)::text !~~ '%special%requests%'::text)
                                 Rows Removed by Filter: 162417
                           ->  Hash  (cost=38966.39..38966.39 rows=1500131 width=4) (actual time=375.948..375.949 rows=1500000 loops=1)
                                 Buckets: 2097152  Batches: 1  Memory Usage: 69119kB
                                 ->  Index Only Scan using customer_pkey on customer  (cost=0.43..38966.39 rows=1500131 width=4) (actual time=0.021..132.006 rows=1500000 loops=1)
                                       Heap Fetches: 0
 Settings: max_parallel_workers_per_gather = '0', work_mem = '128MB'
 Planning Time: 0.720 ms
 JIT:
   Functions: 25
   Options: Inlining true, Optimization true, Expressions true, Deforming true
   Timing: Generation 3.065 ms, Inlining 68.962 ms, Optimization 124.271 ms, Emission 70.008 ms, Total 266.306 ms
 Execution Time: 15002.141 ms
(26 rows)

===== 14.sql jit=on =====
                                                                            QUERY PLAN                                                                            
------------------------------------------------------------------------------------------------------------------------------------------------------------------
 Limit  (cost=1226649.97..1226649.99 rows=1 width=32) (actual time=3828.664..3828.667 rows=1 loops=1)
   ->  Aggregate  (cost=1226649.97..1226649.99 rows=1 width=32) (actual time=3577.102..3577.104 rows=1 loops=1)
         ->  Hash Join  (cost=119103.88..1213710.08 rows=739422 width=33) (actual time=901.253..3206.673 rows=772942 loops=1)
               Hash Cond: (lineitem.l_partkey = part.p_partkey)
               ->  Bitmap Heap Scan on lineitem  (cost=19467.42..1091006.52 rows=758132 width=16) (actual time=274.994..2021.195 rows=772942 loops=1)
                     Recheck Cond: ((l_shipdate >= '1994-05-01'::date) AND (l_shipdate < '1994-06-01'::date))
                     Heap Blocks: exact=416660
                     ->  Bitmap Index Scan on idx_lineitem_shipdate  (cost=0.00..19277.88 rows=758132 width=0) (actual time=161.392..161.392 rows=772942 loops=1)
                           Index Cond: ((l_shipdate >= '1994-05-01'::date) AND (l_shipdate < '1994-06-01'::date))
               ->  Hash  (cost=60962.65..60962.65 rows=2000065 width=25) (actual time=621.678..621.679 rows=2000000 loops=1)
                     Buckets: 2097152  Batches: 2  Memory Usage: 74141kB
                     ->  Seq Scan on part  (cost=0.00..60962.65 rows=2000065 width=25) (actual time=0.065..264.705 rows=2000000 loops=1)
 Settings: max_parallel_workers_per_gather = '0', work_mem = '128MB'
 Planning Time: 1.067 ms
 JIT:
   Functions: 15
   Options: Inlining true, Optimization true, Expressions true, Deforming true
   Timing: Generation 1.952 ms, Inlining 64.150 ms, Optimization 115.573 ms, Emission 71.946 ms, Total 253.621 ms
 Execution Time: 3851.044 ms
(19 rows)

===== 15.sql jit=on =====
                                                                       QUERY PLAN                                                                       
--------------------------------------------------------------------------------------------------------------------------------------------------------
 HashAggregate  (cost=1244363.90..1245618.90 rows=100400 width=36) (actual time=5238.029..5280.347 rows=100000 loops=1)
   Group Key: l_suppkey
   Batches: 1  Memory Usage: 47121kB
   ->  Bitmap Heap Scan on lineitem  (cost=60708.89..1220718.70 rows=2364520 width=16) (actual time=563.165..3336.513 rows=2265714 loops=1)
         Recheck Cond: ((l_shipdate >= '1996-01-01'::date) AND (l_shipdate < '1996-04-01'::date))
         Heap Blocks: exact=668609
         ->  Bitmap Index Scan on idx_lineitem_shipdate  (cost=0.00..60117.76 rows=2364520 width=0) (actual time=381.700..381.700 rows=2265714 loops=1)
               Index Cond: ((l_shipdate >= '1996-01-01'::date) AND (l_shipdate < '1996-04-01'::date))
 Settings: max_parallel_workers_per_gather = '0', work_mem = '128MB'
 Planning Time: 0.601 ms
 JIT:
   Functions: 9
   Options: Inlining true, Optimization true, Expressions true, Deforming true
   Timing: Generation 1.395 ms, Inlining 64.586 ms, Optimization 91.146 ms, Emission 54.900 ms, Total 212.027 ms
 Execution Time: 5303.646 ms
(15 rows)

CREATE VIEW
                                                                                   QUERY PLAN                                                                                   
--------------------------------------------------------------------------------------------------------------------------------------------------------------------------------
 Limit  (cost=2492771.63..2492781.75 rows=1 width=103) (actual time=10093.907..10093.912 rows=1 loops=1)
   InitPlan 1 (returns $0)
     ->  Aggregate  (cost=1246873.90..1246873.91 rows=1 width=32) (actual time=4853.712..4853.713 rows=1 loops=1)
           ->  HashAggregate  (cost=1244363.90..1245618.90 rows=100400 width=36) (actual time=4804.424..4847.178 rows=100000 loops=1)
                 Group Key: lineitem_1.l_suppkey
                 Batches: 1  Memory Usage: 47121kB
                 ->  Bitmap Heap Scan on lineitem lineitem_1  (cost=60708.89..1220718.70 rows=2364520 width=16) (actual time=542.636..3138.315 rows=2265714 loops=1)
                       Recheck Cond: ((l_shipdate >= '1996-01-01'::date) AND (l_shipdate < '1996-04-01'::date))
                       Heap Blocks: exact=668609
                       ->  Bitmap Index Scan on idx_lineitem_shipdate  (cost=0.00..60117.76 rows=2364520 width=0) (actual time=362.544..362.545 rows=2265714 loops=1)
                             Index Cond: ((l_shipdate >= '1996-01-01'::date) AND (l_shipdate < '1996-04-01'::date))
   ->  Merge Join  (cost=1245897.73..1250979.62 rows=502 width=103) (actual time=9689.499..9689.501 rows=1 loops=1)
         Merge Cond: (supplier.s_suppkey = revenue0.supplier_no)
         ->  Index Scan using supplier_pkey on supplier  (cost=0.29..4824.65 rows=100000 width=71) (actual time=0.348..13.466 rows=69998 loops=1)
         ->  Sort  (cost=1245897.43..1245898.69 rows=502 width=36) (actual time=9672.478..9672.479 rows=1 loops=1)
               Sort Key: revenue0.supplier_no
               Sort Method: quicksort  Memory: 25kB
               ->  Subquery Scan on revenue0  (cost=1244363.90..1245874.92 rows=502 width=36) (actual time=9642.716..9672.469 rows=1 loops=1)
                     ->  HashAggregate  (cost=1244363.90..1245869.90 rows=502 width=36) (actual time=9642.713..9672.463 rows=1 loops=1)
                           Group Key: lineitem.l_suppkey
                           Filter: (sum((lineitem.l_extendedprice * ('1'::numeric - lineitem.l_discount))) = $0)
                           Batches: 1  Memory Usage: 47121kB
                           Rows Removed by Filter: 99999
                           ->  Bitmap Heap Scan on lineitem  (cost=60708.89..1220718.70 rows=2364520 width=16) (actual time=544.709..3121.367 rows=2265714 loops=1)
                                 Recheck Cond: ((l_shipdate >= '1996-01-01'::date) AND (l_shipdate < '1996-04-01'::date))
                                 Heap Blocks: exact=668609
                                 ->  Bitmap Index Scan on idx_lineitem_shipdate  (cost=0.00..60117.76 rows=2364520 width=0) (actual time=364.837..364.838 rows=2265714 loops=1)
                                       Index Cond: ((l_shipdate >= '1996-01-01'::date) AND (l_shipdate < '1996-04-01'::date))
 Settings: max_parallel_workers_per_gather = '0', work_mem = '128MB'
 Planning Time: 0.470 ms
 JIT:
   Functions: 30
   Options: Inlining true, Optimization true, Expressions true, Deforming true
   Timing: Generation 3.746 ms, Inlining 16.806 ms, Optimization 240.662 ms, Emission 147.161 ms, Total 408.375 ms
 Execution Time: 10106.126 ms
(35 rows)

DROP VIEW
===== 16.sql jit=on =====
                                                                                         QUERY PLAN                                                                                         
--------------------------------------------------------------------------------------------------------------------------------------------------------------------------------------------
 Limit  (cost=401350.68..401350.68 rows=1 width=44) (actual time=6292.602..6292.606 rows=1 loops=1)
   ->  Sort  (cost=401350.68..401731.17 rows=152198 width=44) (actual time=6274.120..6274.123 rows=1 loops=1)
         Sort Key: (count(DISTINCT partsupp.ps_suppkey)) DESC, part.p_brand, part.p_type, part.p_size
         Sort Method: top-N heapsort  Memory: 25kB
         ->  GroupAggregate  (cost=391821.17..400589.69 rows=152198 width=44) (actual time=5850.485..6268.068 rows=27838 loops=1)
               Group Key: part.p_brand, part.p_type, part.p_size
               ->  Sort  (cost=391821.17..393270.48 rows=579723 width=40) (actual time=5850.409..5948.228 rows=1186319 loops=1)
                     Sort Key: part.p_brand, part.p_type, part.p_size
                     Sort Method: quicksort  Memory: 122929kB
                     ->  Hash Join  (cost=98052.83..336327.17 rows=579723 width=40) (actual time=604.069..2858.266 rows=1186319 loops=1)
                           Hash Cond: (partsupp.ps_partkey = part.p_partkey)
                           ->  Index Only Scan using partsupp_pkey on partsupp  (cost=3466.46..231238.94 rows=4000700 width=8) (actual time=27.440..1440.530 rows=7995520 loops=1)
                                 Filter: (NOT (hashed SubPlan 1))
                                 Rows Removed by Filter: 4480
                                 Heap Fetches: 0
                                 SubPlan 1
                                   ->  Seq Scan on supplier  (cost=0.00..3466.00 rows=10 width=4) (actual time=0.351..26.696 rows=56 loops=1)
                                         Filter: ((s_comment)::text ~~ '%Customer%Complaints%'::text)
                                         Rows Removed by Filter: 99944
                           ->  Hash  (cost=90963.62..90963.62 rows=289820 width=40) (actual time=575.460..575.461 rows=296733 loops=1)
                                 Buckets: 524288  Batches: 1  Memory Usage: 25593kB
                                 ->  Seq Scan on part  (cost=0.00..90963.62 rows=289820 width=40) (actual time=0.064..500.466 rows=296733 loops=1)
                                       Filter: ((p_brand <> 'Brand#12'::bpchar) AND ((p_type)::text !~~ 'SMALL BRUSHED%'::text) AND (p_size = ANY ('{12,32,36,26,40,34,49,9}'::integer[])))
                                       Rows Removed by Filter: 1703267
 Settings: max_parallel_workers_per_gather = '0', work_mem = '128MB'
 Planning Time: 0.888 ms
 JIT:
   Functions: 32
   Options: Inlining false, Optimization false, Expressions true, Deforming true
   Timing: Generation 3.721 ms, Inlining 0.000 ms, Optimization 0.965 ms, Emission 17.846 ms, Total 22.532 ms
 Execution Time: 6316.603 ms
(31 rows)

===== 17-flattened.sql jit=on =====
                                                          QUERY PLAN                                                           
-------------------------------------------------------------------------------------------------------------------------------
 HashAggregate  (cost=5567115.89..6183658.40 rows=2050673 width=36) (actual time=36245.590..58647.367 rows=2000000 loops=1)
   Group Key: l_partkey
   Planned Partitions: 8  Batches: 9  Memory Usage: 135249kB  Disk Usage: 1846896kB
   ->  Seq Scan on lineitem  (cost=0.00..1724383.20 rows=59984120 width=9) (actual time=0.371..8456.146 rows=59986052 loops=1)
 Settings: max_parallel_workers_per_gather = '0', work_mem = '128MB'
 Planning Time: 0.444 ms
 JIT:
   Functions: 11
   Options: Inlining true, Optimization true, Expressions true, Deforming true
   Timing: Generation 2.103 ms, Inlining 82.911 ms, Optimization 94.150 ms, Emission 55.739 ms, Total 234.904 ms
 Execution Time: 58839.292 ms
(11 rows)

SELECT 2000000
CREATE INDEX
ANALYZE
                                                                                 QUERY PLAN                                                                                 
----------------------------------------------------------------------------------------------------------------------------------------------------------------------------
 Limit  (cost=238543.07..238543.08 rows=1 width=32) (actual time=419.245..419.247 rows=1 loops=1)
   ->  Aggregate  (cost=238543.07..238543.08 rows=1 width=32) (actual time=400.855..400.856 rows=1 loops=1)
         ->  Nested Loop  (cost=0.87..238491.14 rows=20768 width=8) (actual time=1.357..399.990 rows=5319 loops=1)
               Join Filter: (part.p_partkey = lineitem.l_partkey)
               ->  Nested Loop  (cost=0.43..86912.13 rows=2130 width=21) (actual time=1.329..350.563 rows=1996 loops=1)
                     ->  Seq Scan on part  (cost=0.00..70962.98 rows=2130 width=4) (actual time=1.294..336.582 rows=1996 loops=1)
                           Filter: ((p_brand = 'Brand#22'::bpchar) AND (p_container = 'LG BOX'::bpchar))
                           Rows Removed by Filter: 1998004
                     ->  Index Scan using idx_tmp_avg_quantity on tmp_avg_quantity part_agg  (cost=0.43..7.48 rows=1 width=17) (actual time=0.006..0.006 rows=1 loops=1996)
                           Index Cond: (agg_partkey = part.p_partkey)
               ->  Index Scan using idx_lineitem_part_supp on lineitem  (cost=0.44..71.04 rows=10 width=17) (actual time=0.010..0.024 rows=3 loops=1996)
                     Index Cond: (l_partkey = part_agg.agg_partkey)
                     Filter: (l_quantity < part_agg.avg_quantity)
                     Rows Removed by Filter: 27
 Settings: max_parallel_workers_per_gather = '0', work_mem = '128MB'
 Planning Time: 0.644 ms
 JIT:
   Functions: 20
   Options: Inlining false, Optimization false, Expressions true, Deforming true
   Timing: Generation 2.458 ms, Inlining 0.000 ms, Optimization 4.106 ms, Emission 14.349 ms, Total 20.913 ms
 Execution Time: 421.796 ms
(21 rows)

DROP TABLE
===== 17.sql jit=on =====
                                                                            QUERY PLAN                                                                            
------------------------------------------------------------------------------------------------------------------------------------------------------------------
 Limit  (cost=6434921.58..6434921.59 rows=1 width=32) (actual time=59032.998..59033.001 rows=1 loops=1)
   ->  Aggregate  (cost=6434921.58..6434921.59 rows=1 width=32) (actual time=58694.324..58694.326 rows=1 loops=1)
         ->  Nested Loop  (cost=5638105.93..6434868.34 rows=21294 width=8) (actual time=35822.993..58693.451 rows=5319 loops=1)
               Join Filter: (part.p_partkey = lineitem.l_partkey)
               ->  Hash Join  (cost=5638105.49..6280537.76 rows=2184 width=40) (actual time=35822.952..58643.394 rows=1996 loops=1)
                     Hash Cond: (lineitem_1.l_partkey = part.p_partkey)
                     ->  HashAggregate  (cost=5567115.89..6183658.40 rows=2050673 width=36) (actual time=35531.413..58185.759 rows=2000000 loops=1)
                           Group Key: lineitem_1.l_partkey
                           Planned Partitions: 8  Batches: 9  Memory Usage: 135249kB  Disk Usage: 1846896kB
                           ->  Seq Scan on lineitem lineitem_1  (cost=0.00..1724383.20 rows=59984120 width=9) (actual time=0.459..7968.255 rows=59986052 loops=1)
                     ->  Hash  (cost=70962.98..70962.98 rows=2130 width=4) (actual time=289.757..289.758 rows=1996 loops=1)
                           Buckets: 4096  Batches: 1  Memory Usage: 103kB
                           ->  Seq Scan on part  (cost=0.00..70962.98 rows=2130 width=4) (actual time=0.393..288.994 rows=1996 loops=1)
                                 Filter: ((p_brand = 'Brand#22'::bpchar) AND (p_container = 'LG BOX'::bpchar))
                                 Rows Removed by Filter: 1998004
               ->  Index Scan using idx_lineitem_part_supp on lineitem  (cost=0.44..70.54 rows=10 width=17) (actual time=0.011..0.024 rows=3 loops=1996)
                     Index Cond: (l_partkey = lineitem_1.l_partkey)
                     Filter: (l_quantity < ((0.2 * avg(lineitem_1.l_quantity))))
                     Rows Removed by Filter: 27
 Settings: max_parallel_workers_per_gather = '0', work_mem = '128MB'
 Planning Time: 1.632 ms
 JIT:
   Functions: 33
   Options: Inlining true, Optimization true, Expressions true, Deforming true
   Timing: Generation 4.221 ms, Inlining 87.228 ms, Optimization 203.390 ms, Emission 137.511 ms, Total 432.351 ms
 Execution Time: 59181.314 ms
(26 rows)

===== 18.sql jit=on =====
                                                                                                 QUERY PLAN                                                                                                  
-------------------------------------------------------------------------------------------------------------------------------------------------------------------------------------------------------------
 Limit  (cost=9938971.95..9938972.20 rows=100 width=71) (actual time=40201.433..40201.447 rows=99 loops=1)
   ->  Sort  (cost=9938971.95..9988947.93 rows=19990394 width=71) (actual time=39884.680..39884.688 rows=99 loops=1)
         Sort Key: orders.o_totalprice DESC, orders.o_orderdate
         Sort Method: quicksort  Memory: 32kB
         ->  HashAggregate  (cost=8573679.89..9174953.46 rows=19990394 width=71) (actual time=39883.190..39884.567 rows=99 loops=1)
               Group Key: customer.c_custkey, orders.o_orderkey
               Planned Partitions: 64  Batches: 1  Memory Usage: 12369kB
               ->  Hash Join  (cost=69692.40..6618369.48 rows=19990394 width=44) (actual time=1409.765..39882.316 rows=693 loops=1)
                     Hash Cond: (orders.o_custkey = customer.c_custkey)
                     ->  Merge Join  (cost=112.45..6496314.60 rows=19990394 width=25) (actual time=889.415..39361.595 rows=693 loops=1)
                           Merge Cond: (orders.o_orderkey = lineitem.l_orderkey)
                           ->  Merge Join  (cost=1.00..3729661.24 rows=4998677 width=24) (actual time=644.760..27751.820 rows=99 loops=1)
                                 Merge Cond: (orders.o_orderkey = lineitem_1.l_orderkey)
                                 ->  Index Scan using orders_pkey on orders  (cost=0.43..650428.43 rows=14999266 width=20) (actual time=0.511..2896.261 rows=14982724 loops=1)
                                 ->  GroupAggregate  (cost=0.56..2929264.42 rows=4998677 width=4) (actual time=554.046..24115.089 rows=99 loops=1)
                                       Group Key: lineitem_1.l_orderkey
                                       Filter: (sum(lineitem_1.l_quantity) > '313'::numeric)
                                       Rows Removed by Filter: 14999901
                                       ->  Index Scan using idx_lineitem_orderkey on lineitem lineitem_1  (cost=0.56..2404403.37 rows=59984120 width=9) (actual time=0.882..12073.709 rows=59986052 loops=1)
                           ->  Index Scan using idx_lineitem_orderkey on lineitem  (cost=0.56..2404403.37 rows=59984120 width=9) (actual time=0.016..8614.870 rows=59916431 loops=1)
                     ->  Hash  (cost=50828.31..50828.31 rows=1500131 width=23) (actual time=515.991..515.991 rows=1500000 loops=1)
                           Buckets: 2097152  Batches: 1  Memory Usage: 98416kB
                           ->  Seq Scan on customer  (cost=0.00..50828.31 rows=1500131 width=23) (actual time=0.535..224.829 rows=1500000 loops=1)
 Settings: max_parallel_workers_per_gather = '0', work_mem = '128MB'
 Planning Time: 8.627 ms
 JIT:
   Functions: 30
   Options: Inlining true, Optimization true, Expressions true, Deforming true
   Timing: Generation 3.179 ms, Inlining 63.946 ms, Optimization 150.417 ms, Emission 102.610 ms, Total 320.152 ms
 Execution Time: 40243.332 ms
(30 rows)

===== 19.sql jit=on =====
                                                                                                                                                                                                                                                                                                                                                                                                                                                                                                            QUERY PLAN                                                                                                                                                                                                                                                                                                                                                                                                                                                                                                            
----------------------------------------------------------------------------------------------------------------------------------------------------------------------------------------------------------------------------------------------------------------------------------------------------------------------------------------------------------------------------------------------------------------------------------------------------------------------------------------------------------------------------------------------------------------------------------------------------------------------------------------------------------------------------------------------------------------------------------------------------------------------------------------------------------------------------------------------------------------------------------------------------------------------------------------------------------------------------------------------------------------------------------
 Limit  (cost=674126.89..674126.90 rows=1 width=32) (actual time=1346.055..1346.057 rows=1 loops=1)
   ->  Aggregate  (cost=674126.89..674126.90 rows=1 width=32) (actual time=1010.056..1010.056 rows=1 loops=1)
         ->  Nested Loop  (cost=0.44..674118.86 rows=1070 width=12) (actual time=2.856..1008.862 rows=1063 loops=1)
               ->  Seq Scan on part  (cost=0.00..125964.76 rows=4723 width=30) (actual time=0.288..404.321 rows=4781 loops=1)
                     Filter: ((p_size >= 1) AND (((p_brand = 'Brand#24'::bpchar) AND (p_container = ANY ('{"SM CASE","SM BOX","SM PACK","SM PKG"}'::bpchar[])) AND (p_size <= 5)) OR ((p_brand = 'Brand#43'::bpchar) AND (p_container = ANY ('{"MED BAG","MED BOX","MED PKG","MED PACK"}'::bpchar[])) AND (p_size <= 10)) OR ((p_brand = 'Brand#44'::bpchar) AND (p_container = ANY ('{"LG CASE","LG BOX","LG PACK","LG PKG"}'::bpchar[])) AND (p_size <= 15))))
                     Rows Removed by Filter: 1995219
               ->  Index Scan using idx_lineitem_part_supp on lineitem  (cost=0.44..116.05 rows=1 width=21) (actual time=0.113..0.126 rows=0 loops=4781)
                     Index Cond: (l_partkey = part.p_partkey)
                     Filter: ((l_shipmode = ANY ('{AIR,"AIR REG"}'::bpchar[])) AND (l_shipinstruct = 'DELIVER IN PERSON'::bpchar) AND (((l_quantity >= '10'::numeric) AND (l_quantity <= '20'::numeric)) OR ((l_quantity >= '10'::numeric) AND (l_quantity <= '20'::numeric)) OR ((l_quantity >= '20'::numeric) AND (l_quantity <= '30'::numeric))) AND (((part.p_brand = 'Brand#24'::bpchar) AND (part.p_container = ANY ('{"SM CASE","SM BOX","SM PACK","SM PKG"}'::bpchar[])) AND (l_quantity >= '10'::numeric) AND (l_quantity <= '20'::numeric) AND (part.p_size <= 5)) OR ((part.p_brand = 'Brand#43'::bpchar) AND (part.p_container = ANY ('{"MED BAG","MED BOX","MED PKG","MED PACK"}'::bpchar[])) AND (l_quantity >= '10'::numeric) AND (l_quantity <= '20'::numeric) AND (part.p_size <= 10)) OR ((part.p_brand = 'Brand#44'::bpchar) AND (part.p_container = ANY ('{"LG CASE","LG BOX","LG PACK","LG PKG"}'::bpchar[])) AND (l_quantity >= '20'::numeric) AND (l_quantity <= '30'::numeric) AND (part.p_size <= 15))))
                     Rows Removed by Filter: 30
 Settings: max_parallel_workers_per_gather = '0', work_mem = '128MB'
 Planning Time: 1.275 ms
 JIT:
   Functions: 12
   Options: Inlining true, Optimization true, Expressions true, Deforming true
   Timing: Generation 2.511 ms, Inlining 63.683 ms, Optimization 164.038 ms, Emission 108.338 ms, Total 338.571 ms
 Execution Time: 1364.414 ms
(17 rows)

===== 1.sql jit=on =====
ERROR:  syntax error at or near "analyze"
LINE 1: explain (settings, analyze) analyze select
                                    ^
===== 20-flattened.sql jit=on =====
                                                                        QUERY PLAN                                                                         
-----------------------------------------------------------------------------------------------------------------------------------------------------------
 HashAggregate  (cost=2131742.53..2297051.57 rows=4905786 width=40) (actual time=105081.802..112382.907 rows=5448842 loops=1)
   Group Key: l_partkey, l_suppkey
   Planned Partitions: 16  Batches: 81  Memory Usage: 135313kB  Disk Usage: 342848kB
   ->  Bitmap Heap Scan on lineitem  (cost=241136.24..1506563.63 rows=9392359 width=13) (actual time=1824.423..96986.110 rows=9123688 loops=1)
         Recheck Cond: ((l_shipdate >= '1996-01-01'::date) AND (l_shipdate < '1997-01-01'::date))
         Heap Blocks: exact=1048319
         ->  Bitmap Index Scan on idx_lineitem_shipdate  (cost=0.00..238788.15 rows=9392359 width=0) (actual time=1497.598..1497.598 rows=9123688 loops=1)
               Index Cond: ((l_shipdate >= '1996-01-01'::date) AND (l_shipdate < '1997-01-01'::date))
 Settings: max_parallel_workers_per_gather = '0', work_mem = '128MB'
 Planning Time: 3.661 ms
 JIT:
   Functions: 13
   Options: Inlining true, Optimization true, Expressions true, Deforming true
   Timing: Generation 2.800 ms, Inlining 84.416 ms, Optimization 140.105 ms, Emission 84.270 ms, Total 311.590 ms
 Execution Time: 112616.061 ms
(15 rows)

SELECT 5448842
CREATE INDEX
ANALYZE
                                                                                   QUERY PLAN                                                                                   
--------------------------------------------------------------------------------------------------------------------------------------------------------------------------------
 Limit  (cost=58222.88..58222.89 rows=1 width=51) (actual time=6088.351..6088.353 rows=1 loops=1)
   ->  Sort  (cost=58222.88..58222.89 rows=1 width=51) (actual time=6088.349..6088.351 rows=1 loops=1)
         Sort Key: supplier.s_name
         Sort Method: top-N heapsort  Memory: 25kB
         ->  Nested Loop Semi Join  (cost=48.59..58222.87 rows=1 width=51) (actual time=9.925..6083.674 rows=1821 loops=1)
               ->  Nested Loop  (cost=47.29..2404.57 rows=4000 width=55) (actual time=3.231..17.171 rows=4095 loops=1)
                     ->  Seq Scan on nation  (cost=0.00..1.31 rows=1 width=4) (actual time=0.222..0.226 rows=1 loops=1)
                           Filter: (n_name = 'IRAQ'::bpchar)
                           Rows Removed by Filter: 24
                     ->  Bitmap Heap Scan on supplier  (cost=47.29..2363.25 rows=4000 width=59) (actual time=3.004..15.771 rows=4095 loops=1)
                           Recheck Cond: (s_nationkey = nation.n_nationkey)
                           Heap Blocks: exact=1867
                           ->  Bitmap Index Scan on idx_supplier_nation_key  (cost=0.00..46.29 rows=4000 width=0) (actual time=2.346..2.346 rows=4095 loops=1)
                                 Index Cond: (s_nationkey = nation.n_nationkey)
               ->  Nested Loop  (cost=1.30..13.94 rows=1 width=8) (actual time=1.481..1.481 rows=0 loops=4095)
                     Join Filter: (supplier.s_suppkey = agg_lineitem.agg_suppkey)
                     ->  Nested Loop  (cost=0.87..13.45 rows=1 width=16) (actual time=1.269..1.474 rows=1 loops=4095)
                           ->  Index Scan using idx_partsupp_suppkey on partsupp  (cost=0.43..9.06 rows=79 width=12) (actual time=0.021..0.911 rows=61 loops=4095)
                                 Index Cond: (ps_suppkey = supplier.s_suppkey)
                           ->  Memoize  (cost=0.44..0.48 rows=1 width=4) (actual time=0.009..0.009 rows=0 loops=248000)
                                 Cache Key: partsupp.ps_partkey
                                 Hits: 11702  Misses: 236298  Evictions: 0  Overflows: 0  Memory Usage: 15783kB
                                 ->  Index Scan using part_pkey on part  (cost=0.43..0.47 rows=1 width=4) (actual time=0.009..0.009 rows=0 loops=236298)
                                       Index Cond: (p_partkey = partsupp.ps_partkey)
                                       Filter: ((p_name)::text ~~ 'olive%'::text)
                                       Rows Removed by Filter: 1
                     ->  Index Scan using idx_tmp_agg_lineitem on tmp_agg_lineitem agg_lineitem  (cost=0.43..0.48 rows=1 width=13) (actual time=0.009..0.009 rows=1 loops=2732)
                           Index Cond: ((agg_partkey = partsupp.ps_partkey) AND (agg_suppkey = partsupp.ps_suppkey))
                           Filter: ((partsupp.ps_availqty)::numeric > agg_quantity)
                           Rows Removed by Filter: 0
 Settings: max_parallel_workers_per_gather = '0', work_mem = '128MB'
 Planning Time: 7.516 ms
 Execution Time: 6089.688 ms
(33 rows)

DROP TABLE
===== 20.sql jit=on =====
                                                                                          QUERY PLAN                                                                                           
-----------------------------------------------------------------------------------------------------------------------------------------------------------------------------------------------
 Limit  (cost=2460948.66..2460948.66 rows=1 width=51) (actual time=127784.777..127784.782 rows=1 loops=1)
   ->  Sort  (cost=2460948.66..2460948.66 rows=1 width=51) (actual time=127335.166..127335.170 rows=1 loops=1)
         Sort Key: supplier.s_name
         Sort Method: top-N heapsort  Memory: 25kB
         ->  Nested Loop Semi Join  (cost=2197958.31..2460948.65 rows=1 width=51) (actual time=104635.965..127332.157 rows=1821 loops=1)
               Join Filter: (supplier.s_suppkey = lineitem.l_suppkey)
               Rows Removed by Join Filter: 183310388
               ->  Nested Loop  (cost=0.00..4467.31 rows=4000 width=55) (actual time=0.047..23.690 rows=4095 loops=1)
                     Join Filter: (supplier.s_nationkey = nation.n_nationkey)
                     Rows Removed by Join Filter: 95905
                     ->  Seq Scan on nation  (cost=0.00..1.31 rows=1 width=4) (actual time=0.028..0.031 rows=1 loops=1)
                           Filter: (n_name = 'IRAQ'::bpchar)
                           Rows Removed by Filter: 24
                     ->  Seq Scan on supplier  (cost=0.00..3216.00 rows=100000 width=59) (actual time=0.009..17.604 rows=100000 loops=1)
               ->  Materialize  (cost=2197958.31..2456301.34 rows=3 width=8) (actual time=24.351..29.267 rows=44765 loops=4095)
                     ->  Nested Loop  (cost=2197958.31..2456301.33 rows=3 width=8) (actual time=99717.940..112487.779 rows=59002 loops=1)
                           ->  Hash Join  (cost=2197957.88..2425202.49 rows=49554 width=44) (actual time=99717.302..108171.434 rows=59125 loops=1)
                                 Hash Cond: (lineitem.l_partkey = part.p_partkey)
                                 ->  HashAggregate  (cost=2131742.53..2297051.57 rows=4905786 width=40) (actual time=99403.860..107074.667 rows=5448842 loops=1)
                                       Group Key: lineitem.l_partkey, lineitem.l_suppkey
                                       Planned Partitions: 16  Batches: 81  Memory Usage: 135313kB  Disk Usage: 342848kB
                                       ->  Bitmap Heap Scan on lineitem  (cost=241136.24..1506563.63 rows=9392359 width=13) (actual time=1781.515..91886.291 rows=9123688 loops=1)
                                             Recheck Cond: ((l_shipdate >= '1996-01-01'::date) AND (l_shipdate < '1997-01-01'::date))
                                             Heap Blocks: exact=1048319
                                             ->  Bitmap Index Scan on idx_lineitem_shipdate  (cost=0.00..238788.15 rows=9392359 width=0) (actual time=1454.919..1454.919 rows=9123688 loops=1)
                                                   Index Cond: ((l_shipdate >= '1996-01-01'::date) AND (l_shipdate < '1997-01-01'::date))
                                 ->  Hash  (cost=65962.81..65962.81 rows=20203 width=4) (actual time=313.321..313.322 rows=21718 loops=1)
                                       Buckets: 32768  Batches: 1  Memory Usage: 1020kB
                                       ->  Seq Scan on part  (cost=0.00..65962.81 rows=20203 width=4) (actual time=0.054..307.693 rows=21718 loops=1)
                                             Filter: ((p_name)::text ~~ 'olive%'::text)
                                             Rows Removed by Filter: 1978282
                           ->  Index Scan using partsupp_pkey on partsupp  (cost=0.43..0.62 rows=1 width=12) (actual time=0.072..0.072 rows=1 loops=59125)
                                 Index Cond: ((ps_partkey = lineitem.l_partkey) AND (ps_suppkey = lineitem.l_suppkey))
                                 Filter: ((ps_availqty)::numeric > ((0.5 * sum(lineitem.l_quantity))))
                                 Rows Removed by Filter: 0
 Settings: max_parallel_workers_per_gather = '0', work_mem = '128MB'
 Planning Time: 5.800 ms
 JIT:
   Functions: 42
   Options: Inlining true, Optimization true, Expressions true, Deforming true
   Timing: Generation 5.157 ms, Inlining 86.789 ms, Optimization 294.030 ms, Emission 158.351 ms, Total 544.327 ms
 Execution Time: 127847.727 ms
(42 rows)

===== 21.sql jit=on =====
                                                                                            QUERY PLAN                                                                                             
---------------------------------------------------------------------------------------------------------------------------------------------------------------------------------------------------
 Limit  (cost=4271613.77..4271613.77 rows=1 width=34) (actual time=52268.315..52268.331 rows=100 loops=1)
   ->  Sort  (cost=4271613.77..4271613.77 rows=1 width=34) (actual time=51789.885..51789.894 rows=100 loops=1)
         Sort Key: (count(*)) DESC, supplier.s_name
         Sort Method: top-N heapsort  Memory: 38kB
         ->  GroupAggregate  (cost=4271613.74..4271613.76 rows=1 width=34) (actual time=51782.122..51788.628 rows=3991 loops=1)
               Group Key: supplier.s_name
               ->  Sort  (cost=4271613.74..4271613.74 rows=1 width=26) (actual time=51782.072..51784.695 rows=39281 loops=1)
                     Sort Key: supplier.s_name
                     Sort Method: quicksort  Memory: 3378kB
                     ->  Nested Loop Semi Join  (cost=2204837.90..4271613.73 rows=1 width=26) (actual time=15625.348..51614.039 rows=39281 loops=1)
                           Join Filter: (l2.l_suppkey <> l1.l_suppkey)
                           Rows Removed by Join Filter: 42023
                           ->  Nested Loop  (cost=2204837.34..4271606.19 rows=1 width=38) (actual time=15615.845..45420.411 rows=65960 loops=1)
                                 ->  Hash Anti Join  (cost=2204836.90..4271598.87 rows=1 width=34) (actual time=15614.358..32835.839 rows=134155 loops=1)
                                       Hash Cond: (l1.l_orderkey = l3.l_orderkey)
                                       Join Filter: (l3.l_suppkey <> l1.l_suppkey)
                                       Rows Removed by Join Filter: 547662
                                       ->  Hash Join  (cost=2454.57..1959744.24 rows=796602 width=34) (actual time=21.278..12844.998 rows=1514267 loops=1)
                                             Hash Cond: (l1.l_suppkey = supplier.s_suppkey)
                                             ->  Seq Scan on lineitem l1  (cost=0.00..1874343.50 rows=19994707 width=8) (actual time=0.350..9577.432 rows=37929348 loops=1)
                                                   Filter: (l_receiptdate > l_commitdate)
                                                   Rows Removed by Filter: 22056704
                                             ->  Hash  (cost=2404.57..2404.57 rows=4000 width=30) (actual time=20.856..20.858 rows=3991 loops=1)
                                                   Buckets: 4096  Batches: 1  Memory Usage: 282kB
                                                   ->  Nested Loop  (cost=47.29..2404.57 rows=4000 width=30) (actual time=3.425..20.044 rows=3991 loops=1)
                                                         ->  Seq Scan on nation  (cost=0.00..1.31 rows=1 width=4) (actual time=0.352..0.356 rows=1 loops=1)
                                                               Filter: (n_name = 'PERU'::bpchar)
                                                               Rows Removed by Filter: 24
                                                         ->  Bitmap Heap Scan on supplier  (cost=47.29..2363.25 rows=4000 width=34) (actual time=3.057..19.245 rows=3991 loops=1)
                                                               Recheck Cond: (s_nationkey = nation.n_nationkey)
                                                               Heap Blocks: exact=1873
                                                               ->  Bitmap Index Scan on idx_supplier_nation_key  (cost=0.00..46.29 rows=4000 width=0) (actual time=2.391..2.391 rows=3991 loops=1)
                                                                     Index Cond: (s_nationkey = nation.n_nationkey)
                                       ->  Hash  (cost=1874343.50..1874343.50 rows=19994707 width=8) (actual time=15580.906..15580.906 rows=37929348 loops=1)
                                             Buckets: 4194304  Batches: 16  Memory Usage: 125295kB
                                             ->  Seq Scan on lineitem l3  (cost=0.00..1874343.50 rows=19994707 width=8) (actual time=0.046..10338.180 rows=37929348 loops=1)
                                                   Filter: (l_receiptdate > l_commitdate)
                                                   Rows Removed by Filter: 22056704
                                 ->  Index Scan using orders_pkey on orders  (cost=0.43..7.32 rows=1 width=4) (actual time=0.093..0.093 rows=0 loops=134155)
                                       Index Cond: (o_orderkey = l1.l_orderkey)
                                       Filter: (o_orderstatus = 'F'::bpchar)
                                       Rows Removed by Filter: 1
                           ->  Index Scan using idx_lineitem_orderkey on lineitem l2  (cost=0.56..7.52 rows=4 width=8) (actual time=0.092..0.093 rows=1 loops=65960)
                                 Index Cond: (l_orderkey = orders.o_orderkey)
 Settings: max_parallel_workers_per_gather = '0', work_mem = '128MB'
 Planning Time: 9.553 ms
 JIT:
   Functions: 47
   Options: Inlining true, Optimization true, Expressions true, Deforming true
   Timing: Generation 5.600 ms, Inlining 65.211 ms, Optimization 252.858 ms, Emission 160.598 ms, Total 484.266 ms
 Execution Time: 52361.981 ms
(51 rows)

===== 22.sql jit=on =====
                                                                          QUERY PLAN                                                                          
--------------------------------------------------------------------------------------------------------------------------------------------------------------
 Limit  (cost=162872.75..162872.77 rows=1 width=72) (actual time=1896.571..1896.574 rows=1 loops=1)
   InitPlan 1 (returns $0)
     ->  Aggregate  (cost=75324.62..75324.63 rows=1 width=32) (actual time=872.347..872.347 rows=1 loops=1)
           ->  Seq Scan on customer customer_1  (cost=0.00..75205.44 rows=47670 width=6) (actual time=0.013..834.191 rows=382426 loops=1)
                 Filter: ((c_acctbal > 0.00) AND (SUBSTRING(c_phone FROM 1 FOR 2) = ANY ('{21,29,26,34,14,15,17}'::text[])))
                 Rows Removed by Filter: 1117574
   ->  GroupAggregate  (cost=87548.12..87771.72 rows=8131 width=72) (actual time=1881.028..1881.029 rows=1 loops=1)
         Group Key: (SUBSTRING(customer.c_phone FROM 1 FOR 2))
         ->  Sort  (cost=87548.12..87568.45 rows=8131 width=38) (actual time=1879.138..1879.520 rows=9006 loops=1)
               Sort Key: (SUBSTRING(customer.c_phone FROM 1 FOR 2))
               Sort Method: quicksort  Memory: 4513kB
               ->  Nested Loop Anti Join  (cost=0.43..87020.04 rows=8131 width=38) (actual time=872.435..1855.351 rows=63509 loops=1)
                     ->  Seq Scan on customer  (cost=0.00..75205.44 rows=17502 width=26) (actual time=872.410..1492.225 rows=191129 loops=1)
                           Filter: ((c_acctbal > $0) AND (SUBSTRING(c_phone FROM 1 FOR 2) = ANY ('{21,29,26,34,14,15,17}'::text[])))
                           Rows Removed by Filter: 1308871
                     ->  Index Only Scan using idx_orders_custkey on orders  (cost=0.43..3.32 rows=19 width=4) (actual time=0.002..0.002 rows=1 loops=191129)
                           Index Cond: (o_custkey = customer.c_custkey)
                           Heap Fetches: 0
 Settings: max_parallel_workers_per_gather = '0', work_mem = '128MB'
 Planning Time: 0.844 ms
 JIT:
   Functions: 17
   Options: Inlining false, Optimization false, Expressions true, Deforming true
   Timing: Generation 2.316 ms, Inlining 0.000 ms, Optimization 0.645 ms, Emission 14.973 ms, Total 17.935 ms
 Execution Time: 1913.612 ms
(25 rows)

===== 2-flattened.sql jit=on =====
                                                                       QUERY PLAN                                                                        
---------------------------------------------------------------------------------------------------------------------------------------------------------
 HashAggregate  (cost=207052.73..211309.95 rows=425722 width=36) (actual time=3290.920..3758.321 rows=1182884 loops=1)
   Group Key: partsupp.ps_partkey
   Batches: 5  Memory Usage: 139313kB  Disk Usage: 15632kB
   ->  Nested Loop  (cost=42.10..199146.91 rows=1581164 width=10) (actual time=15.469..2581.390 rows=1604080 loops=1)
         ->  Nested Loop  (cost=41.67..2184.07 rows=20000 width=4) (actual time=15.444..65.444 rows=20051 loops=1)
               ->  Nested Loop  (cost=0.14..13.95 rows=5 width=4) (actual time=14.784..14.809 rows=5 loops=1)
                     Join Filter: (nation.n_regionkey = region.r_regionkey)
                     Rows Removed by Join Filter: 20
                     ->  Index Scan using nation_pkey on nation  (cost=0.14..12.51 rows=25 width=8) (actual time=0.036..0.047 rows=25 loops=1)
                     ->  Materialize  (cost=0.00..1.07 rows=1 width=4) (actual time=0.589..0.590 rows=1 loops=25)
                           ->  Seq Scan on region  (cost=0.00..1.06 rows=1 width=4) (actual time=14.728..14.730 rows=1 loops=1)
                                 Filter: (r_name = 'AMERICA'::bpchar)
                                 Rows Removed by Filter: 4
               ->  Bitmap Heap Scan on supplier  (cost=41.53..394.02 rows=4000 width=8) (actual time=0.579..9.341 rows=4010 loops=5)
                     Recheck Cond: (s_nationkey = nation.n_nationkey)
                     Heap Blocks: exact=9388
                     ->  Bitmap Index Scan on idx_supplier_nation_key  (cost=0.00..40.53 rows=4000 width=0) (actual time=0.352..0.352 rows=4010 loops=5)
                           Index Cond: (s_nationkey = nation.n_nationkey)
         ->  Index Scan using idx_partsupp_suppkey on partsupp  (cost=0.43..9.06 rows=79 width=14) (actual time=0.006..0.115 rows=80 loops=20051)
               Index Cond: (ps_suppkey = supplier.s_suppkey)
 Settings: max_parallel_workers_per_gather = '0', work_mem = '128MB'
 Planning Time: 1.137 ms
 JIT:
   Functions: 27
   Options: Inlining false, Optimization false, Expressions true, Deforming true
   Timing: Generation 3.430 ms, Inlining 0.000 ms, Optimization 1.066 ms, Emission 18.663 ms, Total 23.159 ms
 Execution Time: 3817.964 ms
(27 rows)

SELECT 1182884
CREATE INDEX
ANALYZE
                                                                             QUERY PLAN                                                                             
--------------------------------------------------------------------------------------------------------------------------------------------------------------------
 Limit  (cost=490280.90..490280.90 rows=1 width=192) (actual time=3518.723..3518.739 rows=100 loops=1)
   ->  Sort  (cost=490280.90..490280.90 rows=1 width=192) (actual time=3492.197..3492.206 rows=100 loops=1)
         Sort Key: supplier.s_acctbal DESC, nation.n_name, supplier.s_name, part.p_partkey
         Sort Method: top-N heapsort  Memory: 71kB
         ->  Hash Join  (cost=264058.93..490280.89 rows=1 width=192) (actual time=2789.577..3489.659 rows=4737 loops=1)
               Hash Cond: ((part.p_partkey = partsupp.ps_partkey) AND ((SubPlan 1) = partsupp.ps_supplycost))
               ->  Seq Scan on part  (cost=0.00..70962.98 rows=6895 width=30) (actual time=0.041..408.304 rows=8046 loops=1)
                     Filter: (((p_type)::text ~~ '%NICKEL'::text) AND (p_size = 16))
                     Rows Removed by Filter: 1991954
               ->  Hash  (cost=201738.47..201738.47 rows=1581164 width=172) (actual time=2788.523..2788.526 rows=1604080 loops=1)
                     Buckets: 1048576  Batches: 4  Memory Usage: 90233kB
                     ->  Nested Loop  (cost=2.00..201738.47 rows=1581164 width=172) (actual time=0.129..2095.954 rows=1604080 loops=1)
                           ->  Nested Loop  (cost=1.56..4775.62 rows=20000 width=166) (actual time=0.106..58.592 rows=20051 loops=1)
                                 Join Filter: (nation.n_regionkey = region.r_regionkey)
                                 Rows Removed by Join Filter: 79949
                                 ->  Seq Scan on region  (cost=0.00..1.06 rows=1 width=4) (actual time=0.050..0.052 rows=1 loops=1)
                                       Filter: (r_name = 'AMERICA'::bpchar)
                                       Rows Removed by Filter: 4
                                 ->  Hash Join  (cost=1.56..3524.56 rows=100000 width=170) (actual time=0.048..50.963 rows=100000 loops=1)
                                       Hash Cond: (supplier.s_nationkey = nation.n_nationkey)
                                       ->  Seq Scan on supplier  (cost=0.00..3216.00 rows=100000 width=144) (actual time=0.008..16.975 rows=100000 loops=1)
                                       ->  Hash  (cost=1.25..1.25 rows=25 width=34) (actual time=0.021..0.021 rows=25 loops=1)
                                             Buckets: 1024  Batches: 1  Memory Usage: 10kB
                                             ->  Seq Scan on nation  (cost=0.00..1.25 rows=25 width=34) (actual time=0.007..0.012 rows=25 loops=1)
                           ->  Index Scan using idx_partsupp_suppkey on partsupp  (cost=0.43..9.06 rows=79 width=14) (actual time=0.004..0.091 rows=80 loops=20051)
                                 Index Cond: (ps_suppkey = supplier.s_suppkey)
               SubPlan 1
                 ->  Index Scan using tmp_supplycost_idx on tmp_supplycost  (cost=0.43..8.45 rows=1 width=6) (actual time=0.004..0.004 rows=1 loops=12783)
                       Index Cond: (ps_partkey = part.p_partkey)
 Settings: max_parallel_workers_per_gather = '0', work_mem = '128MB'
 Planning Time: 1.255 ms
 JIT:
   Functions: 41
   Options: Inlining false, Optimization false, Expressions true, Deforming true
   Timing: Generation 4.248 ms, Inlining 0.000 ms, Optimization 1.009 ms, Emission 25.625 ms, Total 30.882 ms
 Execution Time: 3523.397 ms
(36 rows)

DROP TABLE
===== 2.sql jit=on =====
                                                                                        QUERY PLAN                                                                                         
-------------------------------------------------------------------------------------------------------------------------------------------------------------------------------------------
 Limit  (cost=1546107.72..1546107.73 rows=1 width=192) (actual time=5489.470..5489.486 rows=100 loops=1)
   ->  Sort  (cost=1546107.72..1546107.73 rows=1 width=192) (actual time=4800.423..4800.433 rows=100 loops=1)
         Sort Key: supplier.s_acctbal DESC, nation.n_name, supplier.s_name, part.p_partkey
         Sort Method: top-N heapsort  Memory: 71kB
         ->  Merge Join  (cost=499650.43..1546107.71 rows=1 width=192) (actual time=3422.522..4797.440 rows=4737 loops=1)
               Merge Cond: (part.p_partkey = partsupp.ps_partkey)
               Join Filter: (partsupp.ps_supplycost = (SubPlan 1))
               Rows Removed by Join Filter: 1661
               ->  Index Scan using part_pkey on part  (cost=0.43..102914.73 rows=6895 width=30) (actual time=0.055..535.858 rows=8046 loops=1)
                     Filter: (((p_type)::text ~~ '%NICKEL'::text) AND (p_size = 16))
                     Rows Removed by Filter: 1991954
               ->  Materialize  (cost=499650.00..507555.82 rows=1581164 width=172) (actual time=3422.239..3927.907 rows=1603828 loops=1)
                     ->  Sort  (cost=499650.00..503602.91 rows=1581164 width=172) (actual time=3422.235..3728.268 rows=1603828 loops=1)
                           Sort Key: partsupp.ps_partkey
                           Sort Method: external merge  Disk: 293456kB
                           ->  Nested Loop  (cost=2.00..201738.47 rows=1581164 width=172) (actual time=0.087..2274.038 rows=1604080 loops=1)
                                 ->  Nested Loop  (cost=1.56..4775.62 rows=20000 width=166) (actual time=0.066..49.928 rows=20051 loops=1)
                                       Join Filter: (nation.n_regionkey = region.r_regionkey)
                                       Rows Removed by Join Filter: 79949
                                       ->  Seq Scan on region  (cost=0.00..1.06 rows=1 width=4) (actual time=0.017..0.020 rows=1 loops=1)
                                             Filter: (r_name = 'AMERICA'::bpchar)
                                             Rows Removed by Filter: 4
                                       ->  Hash Join  (cost=1.56..3524.56 rows=100000 width=170) (actual time=0.042..43.358 rows=100000 loops=1)
                                             Hash Cond: (supplier.s_nationkey = nation.n_nationkey)
                                             ->  Seq Scan on supplier  (cost=0.00..3216.00 rows=100000 width=144) (actual time=0.007..14.860 rows=100000 loops=1)
                                             ->  Hash  (cost=1.25..1.25 rows=25 width=34) (actual time=0.019..0.020 rows=25 loops=1)
                                                   Buckets: 1024  Batches: 1  Memory Usage: 10kB
                                                   ->  Seq Scan on nation  (cost=0.00..1.25 rows=25 width=34) (actual time=0.006..0.010 rows=25 loops=1)
                                 ->  Index Scan using idx_partsupp_suppkey on partsupp  (cost=0.43..9.06 rows=79 width=14) (actual time=0.004..0.102 rows=80 loops=20051)
                                       Index Cond: (ps_suppkey = supplier.s_suppkey)
               SubPlan 1
                 ->  Aggregate  (cost=170.90..170.91 rows=1 width=32) (actual time=0.025..0.026 rows=1 loops=6398)
                       ->  Nested Loop  (cost=0.86..170.89 rows=4 width=6) (actual time=0.015..0.024 rows=2 loops=6398)
                             Join Filter: (nation_1.n_regionkey = region_1.r_regionkey)
                             Rows Removed by Join Filter: 2
                             ->  Seq Scan on region region_1  (cost=0.00..1.06 rows=1 width=4) (actual time=0.001..0.001 rows=1 loops=6398)
                                   Filter: (r_name = 'AMERICA'::bpchar)
                                   Rows Removed by Filter: 4
                             ->  Nested Loop  (cost=0.86..169.59 rows=19 width=10) (actual time=0.010..0.022 rows=4 loops=6398)
                                   ->  Nested Loop  (cost=0.72..166.66 rows=19 width=10) (actual time=0.008..0.017 rows=4 loops=6398)
                                         ->  Index Scan using idx_partsupp_partkey on partsupp partsupp_1  (cost=0.43..8.77 rows=19 width=10) (actual time=0.005..0.006 rows=4 loops=6398)
                                               Index Cond: (ps_partkey = part.p_partkey)
                                         ->  Index Scan using supplier_pkey on supplier supplier_1  (cost=0.29..8.31 rows=1 width=8) (actual time=0.002..0.002 rows=1 loops=25592)
                                               Index Cond: (s_suppkey = partsupp_1.ps_suppkey)
                                   ->  Index Scan using nation_pkey on nation nation_1  (cost=0.14..0.16 rows=1 width=8) (actual time=0.001..0.001 rows=1 loops=25592)
                                         Index Cond: (n_nationkey = supplier_1.s_nationkey)
 Settings: max_parallel_workers_per_gather = '0', work_mem = '128MB'
 Planning Time: 2.366 ms
 JIT:
   Functions: 57
   Options: Inlining true, Optimization true, Expressions true, Deforming true
   Timing: Generation 6.087 ms, Inlining 66.907 ms, Optimization 380.014 ms, Emission 242.227 ms, Total 695.234 ms
 Execution Time: 5535.795 ms
(53 rows)

===== 3.sql jit=on =====
                                                                                     QUERY PLAN                                                                                      
-------------------------------------------------------------------------------------------------------------------------------------------------------------------------------------
 Limit  (cost=2959593.06..2959593.08 rows=10 width=44) (actual time=36258.746..36258.758 rows=10 loops=1)
   ->  Sort  (cost=2959593.06..2967484.46 rows=3156561 width=44) (actual time=35818.933..35818.944 rows=10 loops=1)
         Sort Key: (sum((lineitem.l_extendedprice * ('1'::numeric - lineitem.l_discount)))) DESC, orders.o_orderdate
         Sort Method: top-N heapsort  Memory: 26kB
         ->  HashAggregate  (cost=2814932.95..2891380.91 rows=3156561 width=44) (actual time=35747.799..35799.213 rows=113934 loops=1)
               Group Key: lineitem.l_orderkey, orders.o_orderdate, orders.o_shippriority
               Planned Partitions: 8  Batches: 1  Memory Usage: 61457kB
               ->  Hash Join  (cost=528532.98..2556489.52 rows=3156561 width=24) (actual time=23665.749..35514.028 rows=301530 loops=1)
                     Hash Cond: (lineitem.l_orderkey = orders.o_orderkey)
                     ->  Seq Scan on lineitem  (cost=0.00..1874343.50 rows=32545981 width=16) (actual time=0.382..8558.908 rows=32534229 loops=1)
                           Filter: (l_shipdate > '1995-03-07'::date)
                           Rows Removed by Filter: 27451823
                     ->  Hash  (cost=510348.67..510348.67 rows=1454745 width=12) (actual time=23659.637..23659.646 rows=1451805 loops=1)
                           Buckets: 2097152  Batches: 1  Memory Usage: 78767kB
                           ->  Hash Join  (cost=139513.01..510348.67 rows=1454745 width=12) (actual time=1039.141..23154.110 rows=1451805 loops=1)
                                 Hash Cond: (orders.o_custkey = customer.c_custkey)
                                 ->  Bitmap Heap Scan on orders  (cost=81180.92..432938.87 rows=7267676 width=16) (actual time=739.399..20813.487 rows=7239437 loops=1)
                                       Recheck Cond: (o_orderdate < '1995-03-07'::date)
                                       Heap Blocks: exact=260912
                                       ->  Bitmap Index Scan on idx_orders_orderdate  (cost=0.00..79364.01 rows=7267676 width=0) (actual time=675.624..675.624 rows=7239437 loops=1)
                                             Index Cond: (o_orderdate < '1995-03-07'::date)
                                 ->  Hash  (cost=54578.64..54578.64 rows=300276 width=4) (actual time=298.543..298.544 rows=300276 loops=1)
                                       Buckets: 524288  Batches: 1  Memory Usage: 14653kB
                                       ->  Seq Scan on customer  (cost=0.00..54578.64 rows=300276 width=4) (actual time=0.394..242.954 rows=300276 loops=1)
                                             Filter: (c_mktsegment = 'BUILDING'::bpchar)
                                             Rows Removed by Filter: 1199724
 Settings: max_parallel_workers_per_gather = '0', work_mem = '128MB'
 Planning Time: 4.726 ms
 JIT:
   Functions: 31
   Options: Inlining true, Optimization true, Expressions true, Deforming true
   Timing: Generation 3.647 ms, Inlining 67.030 ms, Optimization 229.856 ms, Emission 143.093 ms, Total 443.626 ms
 Execution Time: 36307.395 ms
(33 rows)

===== 4.sql jit=on =====
                                                                             QUERY PLAN                                                                             
--------------------------------------------------------------------------------------------------------------------------------------------------------------------
 Limit  (cost=2586894.52..2586894.52 rows=1 width=24) (actual time=38500.662..38500.665 rows=1 loops=1)
   ->  Sort  (cost=2586894.52..2586894.53 rows=5 width=24) (actual time=38262.867..38262.869 rows=1 loops=1)
         Sort Key: orders.o_orderpriority
         Sort Method: top-N heapsort  Memory: 25kB
         ->  HashAggregate  (cost=2586894.44..2586894.49 rows=5 width=24) (actual time=38262.813..38262.816 rows=5 loops=1)
               Group Key: orders.o_orderpriority
               Batches: 1  Memory Usage: 24kB
               ->  Hash Semi Join  (cost=2210243.43..2584020.60 rows=574769 width=16) (actual time=14710.265..38142.045 rows=513822 loops=1)
                     Hash Cond: (orders.o_orderkey = lineitem.l_orderkey)
                     ->  Bitmap Heap Scan on orders  (cost=7861.09..277396.48 rows=574893 width=20) (actual time=135.478..19529.837 rows=560424 loops=1)
                           Recheck Cond: ((o_orderdate >= '1993-12-01'::date) AND (o_orderdate < '1994-03-01'::date))
                           Heap Blocks: exact=231732
                           ->  Bitmap Index Scan on idx_orders_orderdate  (cost=0.00..7717.37 rows=574893 width=0) (actual time=79.412..79.413 rows=560424 loops=1)
                                 Index Cond: ((o_orderdate >= '1993-12-01'::date) AND (o_orderdate < '1994-03-01'::date))
                     ->  Hash  (cost=1874343.50..1874343.50 rows=19994707 width=4) (actual time=14564.570..14564.571 rows=37929348 loops=1)
                           Buckets: 4194304  Batches: 16  Memory Usage: 116042kB
                           ->  Seq Scan on lineitem  (cost=0.00..1874343.50 rows=19994707 width=4) (actual time=0.393..9874.551 rows=37929348 loops=1)
                                 Filter: (l_commitdate < l_receiptdate)
                                 Rows Removed by Filter: 22056704
 Settings: max_parallel_workers_per_gather = '0', work_mem = '128MB'
 Planning Time: 3.938 ms
 JIT:
   Functions: 19
   Options: Inlining true, Optimization true, Expressions true, Deforming true
   Timing: Generation 2.111 ms, Inlining 64.677 ms, Optimization 108.109 ms, Emission 65.142 ms, Total 240.038 ms
 Execution Time: 38539.733 ms
(26 rows)

===== 5.sql jit=on =====
                                                                                           QUERY PLAN                                                                                            
-------------------------------------------------------------------------------------------------------------------------------------------------------------------------------------------------
 Limit  (cost=2373535.86..2373535.86 rows=1 width=58) (actual time=36177.172..36177.186 rows=1 loops=1)
   ->  Sort  (cost=2373535.86..2373535.92 rows=25 width=58) (actual time=35612.246..35612.259 rows=1 loops=1)
         Sort Key: (sum((lineitem.l_extendedprice * ('1'::numeric - lineitem.l_discount)))) DESC
         Sort Method: top-N heapsort  Memory: 25kB
         ->  GroupAggregate  (cost=2372625.91..2373535.74 rows=25 width=58) (actual time=35586.772..35612.208 rows=5 loops=1)
               Group Key: nation.n_name
               ->  Sort  (cost=2372625.91..2372807.81 rows=72761 width=38) (actual time=35580.416..35583.937 rows=72033 loops=1)
                     Sort Key: nation.n_name
                     Sort Method: quicksort  Memory: 8700kB
                     ->  Hash Join  (cost=422825.30..2366750.14 rows=72761 width=38) (actual time=19848.704..35539.512 rows=72033 loops=1)
                           Hash Cond: ((lineitem.l_suppkey = supplier.s_suppkey) AND (customer.c_nationkey = supplier.s_nationkey))
                           ->  Hash Join  (cost=418109.30..2352447.74 rows=1825979 width=50) (actual time=19808.809..35077.090 rows=1815327 loops=1)
                                 Hash Cond: (orders.o_custkey = customer.c_custkey)
                                 ->  Hash Join  (cost=354902.40..2236743.96 rows=9129894 width=20) (actual time=19386.062..33362.493 rows=9108027 loops=1)
                                       Hash Cond: (lineitem.l_orderkey = orders.o_orderkey)
                                       ->  Seq Scan on lineitem  (cost=0.00..1724383.20 rows=59984120 width=20) (actual time=0.209..7033.840 rows=59986052 loops=1)
                                       ->  Hash  (cost=326365.33..326365.33 rows=2282966 width=8) (actual time=19376.885..19376.885 rows=2276638 loops=1)
                                             Buckets: 4194304  Batches: 1  Memory Usage: 121700kB
                                             ->  Bitmap Heap Scan on orders  (cost=31208.84..326365.33 rows=2282966 width=8) (actual time=296.762..18704.611 rows=2276638 loops=1)
                                                   Recheck Cond: ((o_orderdate >= '1993-01-01'::date) AND (o_orderdate < '1994-01-01'::date))
                                                   Heap Blocks: exact=260897
                                                   ->  Bitmap Index Scan on idx_orders_orderdate  (cost=0.00..30638.10 rows=2282966 width=0) (actual time=233.069..233.070 rows=2276638 loops=1)
                                                         Index Cond: ((o_orderdate >= '1993-01-01'::date) AND (o_orderdate < '1994-01-01'::date))
                                 ->  Hash  (cost=59456.57..59456.57 rows=300026 width=38) (actual time=420.475..420.477 rows=299436 loops=1)
                                       Buckets: 524288  Batches: 1  Memory Usage: 25151kB
                                       ->  Hash Join  (cost=2.51..59456.57 rows=300026 width=38) (actual time=1.176..350.960 rows=299436 loops=1)
                                             Hash Cond: (customer.c_nationkey = nation.n_nationkey)
                                             ->  Seq Scan on customer  (cost=0.00..50828.31 rows=1500131 width=8) (actual time=0.495..199.059 rows=1500000 loops=1)
                                             ->  Hash  (cost=2.45..2.45 rows=5 width=30) (actual time=0.660..0.661 rows=5 loops=1)
                                                   Buckets: 1024  Batches: 1  Memory Usage: 9kB
                                                   ->  Hash Join  (cost=1.07..2.45 rows=5 width=30) (actual time=0.650..0.655 rows=5 loops=1)
                                                         Hash Cond: (nation.n_regionkey = region.r_regionkey)
                                                         ->  Seq Scan on nation  (cost=0.00..1.25 rows=25 width=34) (actual time=0.329..0.331 rows=25 loops=1)
                                                         ->  Hash  (cost=1.06..1.06 rows=1 width=4) (actual time=0.301..0.301 rows=1 loops=1)
                                                               Buckets: 1024  Batches: 1  Memory Usage: 9kB
                                                               ->  Seq Scan on region  (cost=0.00..1.06 rows=1 width=4) (actual time=0.291..0.292 rows=1 loops=1)
                                                                     Filter: (r_name = 'AMERICA'::bpchar)
                                                                     Rows Removed by Filter: 4
                           ->  Hash  (cost=3216.00..3216.00 rows=100000 width=8) (actual time=38.876..38.883 rows=100000 loops=1)
                                 Buckets: 131072  Batches: 1  Memory Usage: 4931kB
                                 ->  Seq Scan on supplier  (cost=0.00..3216.00 rows=100000 width=8) (actual time=0.496..22.499 rows=100000 loops=1)
 Settings: max_parallel_workers_per_gather = '0', work_mem = '128MB'
 Planning Time: 8.201 ms
 JIT:
   Functions: 55
   Options: Inlining true, Optimization true, Expressions true, Deforming true
   Timing: Generation 5.532 ms, Inlining 67.593 ms, Optimization 306.806 ms, Emission 190.775 ms, Total 570.706 ms
 Execution Time: 36221.204 ms
(48 rows)

===== 6.sql jit=on =====
                                                                                          QUERY PLAN                                                                                           
-----------------------------------------------------------------------------------------------------------------------------------------------------------------------------------------------
 Limit  (cost=1505043.87..1505043.88 rows=1 width=32) (actual time=4465.507..4465.508 rows=1 loops=1)
   ->  Aggregate  (cost=1505043.87..1505043.88 rows=1 width=32) (actual time=4291.534..4291.535 rows=1 loops=1)
         ->  Bitmap Heap Scan on lineitem  (cost=301287.38..1499082.26 rows=1192320 width=12) (actual time=1407.261..3929.313 rows=1194558 loops=1)
               Recheck Cond: ((l_shipdate >= '1993-01-01'::date) AND (l_shipdate < '1994-01-01'::date) AND (l_discount >= 0.06) AND (l_discount <= 0.08) AND (l_quantity < '25'::numeric))
               Heap Blocks: exact=662932
               ->  Bitmap Index Scan on idx_lineitem_shipdate  (cost=0.00..300989.30 rows=1192320 width=0) (actual time=1226.165..1226.165 rows=1194558 loops=1)
                     Index Cond: ((l_shipdate >= '1993-01-01'::date) AND (l_shipdate < '1994-01-01'::date) AND (l_discount >= 0.06) AND (l_discount <= 0.08) AND (l_quantity < '25'::numeric))
 Settings: max_parallel_workers_per_gather = '0', work_mem = '128MB'
 Planning Time: 0.697 ms
 JIT:
   Functions: 6
   Options: Inlining true, Optimization true, Expressions true, Deforming true
   Timing: Generation 1.065 ms, Inlining 59.950 ms, Optimization 70.565 ms, Emission 43.504 ms, Total 175.084 ms
 Execution Time: 4484.601 ms
(14 rows)

===== 7.sql jit=on =====
                                                                                     QUERY PLAN                                                                                      
-------------------------------------------------------------------------------------------------------------------------------------------------------------------------------------
 Limit  (cost=2520948.24..2520948.36 rows=1 width=116) (actual time=84596.449..84596.457 rows=1 loops=1)
   ->  GroupAggregate  (cost=2520948.24..2522162.55 rows=10040 width=116) (actual time=83880.040..83880.047 rows=1 loops=1)
         Group Key: n1.n_name, n2.n_name, (EXTRACT(year FROM lineitem.l_shipdate))
         ->  Sort  (cost=2520948.24..2521100.20 rows=60783 width=96) (actual time=83871.230..83872.133 rows=14421 loops=1)
               Sort Key: n1.n_name, n2.n_name, (EXTRACT(year FROM lineitem.l_shipdate))
               Sort Method: quicksort  Memory: 9664kB
               ->  Hash Join  (cost=1025312.07..2516118.61 rows=60783 width=96) (actual time=8245.118..83802.754 rows=57794 loops=1)
                     Hash Cond: (lineitem.l_orderkey = orders.o_orderkey)
                     Join Filter: (((n1.n_name = 'PERU'::bpchar) AND (n2.n_name = 'MOROCCO'::bpchar)) OR ((n1.n_name = 'MOROCCO'::bpchar) AND (n2.n_name = 'PERU'::bpchar)))
                     Rows Removed by Join Filter: 58158
                     ->  Hash Join  (cost=474226.30..1957066.80 rows=1460580 width=46) (actual time=3168.678..78142.246 rows=1455694 loops=1)
                           Hash Cond: (lineitem.l_suppkey = supplier.s_suppkey)
                           ->  Bitmap Heap Scan on lineitem  (cost=470601.90..1870098.06 rows=18330277 width=24) (actual time=3138.399..74505.867 rows=18230325 loops=1)
                                 Recheck Cond: ((l_shipdate >= '1995-01-01'::date) AND (l_shipdate <= '1996-12-31'::date))
                                 Heap Blocks: exact=1119491
                                 ->  Bitmap Index Scan on idx_lineitem_shipdate  (cost=0.00..466019.34 rows=18330277 width=0) (actual time=2789.724..2789.725 rows=18230325 loops=1)
                                       Index Cond: ((l_shipdate >= '1995-01-01'::date) AND (l_shipdate <= '1996-12-31'::date))
                           ->  Hash  (cost=3524.40..3524.40 rows=8000 width=30) (actual time=30.215..30.217 rows=7981 loops=1)
                                 Buckets: 8192  Batches: 1  Memory Usage: 548kB
                                 ->  Hash Join  (cost=1.40..3524.40 rows=8000 width=30) (actual time=0.862..28.822 rows=7981 loops=1)
                                       Hash Cond: (supplier.s_nationkey = n1.n_nationkey)
                                       ->  Seq Scan on supplier  (cost=0.00..3216.00 rows=100000 width=8) (actual time=0.481..20.227 rows=100000 loops=1)
                                       ->  Hash  (cost=1.38..1.38 rows=2 width=30) (actual time=0.365..0.366 rows=2 loops=1)
                                             Buckets: 1024  Batches: 1  Memory Usage: 9kB
                                             ->  Seq Scan on nation n1  (cost=0.00..1.38 rows=2 width=30) (actual time=0.356..0.358 rows=2 loops=1)
                                                   Filter: ((n_name = 'PERU'::bpchar) OR (n_name = 'MOROCCO'::bpchar))
                                                   Rows Removed by Filter: 23
                     ->  Hash  (cost=536086.50..536086.50 rows=1199941 width=30) (actual time=5070.386..5070.388 rows=1191175 loops=1)
                           Buckets: 2097152  Batches: 1  Memory Usage: 88506kB
                           ->  Hash Join  (cost=56935.23..536086.50 rows=1199941 width=30) (actual time=343.992..4787.243 rows=1191175 loops=1)
                                 Hash Cond: (orders.o_custkey = customer.c_custkey)
                                 ->  Seq Scan on orders  (cost=0.00..410904.66 rows=14999266 width=8) (actual time=0.034..1897.757 rows=15000000 loops=1)
                                 ->  Hash  (cost=55435.11..55435.11 rows=120010 width=30) (actual time=343.612..343.614 rows=119622 loops=1)
                                       Buckets: 131072  Batches: 1  Memory Usage: 8267kB
                                       ->  Hash Join  (cost=1.40..55435.11 rows=120010 width=30) (actual time=0.440..317.394 rows=119622 loops=1)
                                             Hash Cond: (customer.c_nationkey = n2.n_nationkey)
                                             ->  Seq Scan on customer  (cost=0.00..50828.31 rows=1500131 width=8) (actual time=0.362..198.416 rows=1500000 loops=1)
                                             ->  Hash  (cost=1.38..1.38 rows=2 width=30) (actual time=0.059..0.060 rows=2 loops=1)
                                                   Buckets: 1024  Batches: 1  Memory Usage: 9kB
                                                   ->  Seq Scan on nation n2  (cost=0.00..1.38 rows=2 width=30) (actual time=0.047..0.049 rows=2 loops=1)
                                                         Filter: ((n_name = 'MOROCCO'::bpchar) OR (n_name = 'PERU'::bpchar))
                                                         Rows Removed by Filter: 23
 Settings: max_parallel_workers_per_gather = '0', work_mem = '128MB'
 Planning Time: 7.101 ms
 JIT:
   Functions: 60
   Options: Inlining true, Optimization true, Expressions true, Deforming true
   Timing: Generation 6.431 ms, Inlining 62.276 ms, Optimization 404.986 ms, Emission 249.376 ms, Total 723.069 ms
 Execution Time: 84643.524 ms
(49 rows)

===== 8.sql jit=on =====
                                                                                           QUERY PLAN                                                                                            
-------------------------------------------------------------------------------------------------------------------------------------------------------------------------------------------------
 Limit  (cost=1949059.98..1949060.22 rows=1 width=64) (actual time=41609.888..41609.896 rows=1 loops=1)
   ->  GroupAggregate  (cost=1949059.98..1949632.96 rows=2406 width=64) (actual time=40970.448..40970.455 rows=1 loops=1)
         Group Key: (EXTRACT(year FROM orders.o_orderdate))
         ->  Sort  (cost=1949059.98..1949118.30 rows=23327 width=70) (actual time=40964.143..40964.641 rows=11818 loops=1)
               Sort Key: (EXTRACT(year FROM orders.o_orderdate))
               Sort Method: quicksort  Memory: 2631kB
               ->  Nested Loop  (cost=495035.47..1947367.64 rows=23327 width=70) (actual time=10763.190..40932.768 rows=23842 loops=1)
                     ->  Hash Join  (cost=495035.32..1946684.91 rows=23327 width=20) (actual time=10763.153..40870.269 rows=23842 loops=1)
                           Hash Cond: (lineitem.l_suppkey = supplier.s_suppkey)
                           ->  Hash Join  (cost=490569.32..1942157.43 rows=23420 width=20) (actual time=10728.565..40818.966 rows=23842 loops=1)
                                 Hash Cond: (lineitem.l_orderkey = orders.o_orderkey)
                                 ->  Nested Loop  (cost=0.44..1449893.38 rows=389593 width=20) (actual time=0.753..29850.364 rows=389521 loops=1)
                                       ->  Seq Scan on part  (cost=0.00..65962.81 rows=13319 width=4) (actual time=0.407..395.057 rows=13011 loops=1)
                                             Filter: ((p_type)::text = 'LARGE POLISHED BRASS'::text)
                                             Rows Removed by Filter: 1986989
                                       ->  Index Scan using idx_lineitem_part_supp on lineitem  (cost=0.44..103.62 rows=29 width=24) (actual time=0.106..2.252 rows=30 loops=13011)
                                             Index Cond: (l_partkey = part.p_partkey)
                                 ->  Hash  (cost=479298.02..479298.02 rows=901669 width=8) (actual time=10721.468..10721.472 rows=910360 loops=1)
                                       Buckets: 1048576  Batches: 1  Memory Usage: 43753kB
                                       ->  Hash Join  (cost=124837.87..479298.02 rows=901669 width=8) (actual time=925.457..10489.831 rows=910360 loops=1)
                                             Hash Cond: (orders.o_custkey = customer.c_custkey)
                                             ->  Bitmap Heap Scan on orders  (cost=61630.97..390168.15 rows=4508345 width=12) (actual time=492.240..8957.438 rows=4557513 loops=1)
                                                   Recheck Cond: ((o_orderdate >= '1995-01-01'::date) AND (o_orderdate <= '1996-12-31'::date))
                                                   Heap Blocks: exact=260912
                                                   ->  Bitmap Index Scan on idx_orders_orderdate  (cost=0.00..60503.89 rows=4508345 width=0) (actual time=429.411..429.411 rows=4557513 loops=1)
                                                         Index Cond: ((o_orderdate >= '1995-01-01'::date) AND (o_orderdate <= '1996-12-31'::date))
                                             ->  Hash  (cost=59456.57..59456.57 rows=300026 width=4) (actual time=432.023..432.026 rows=299436 loops=1)
                                                   Buckets: 524288  Batches: 1  Memory Usage: 14624kB
                                                   ->  Hash Join  (cost=2.51..59456.57 rows=300026 width=4) (actual time=0.128..377.194 rows=299436 loops=1)
                                                         Hash Cond: (customer.c_nationkey = n1.n_nationkey)
                                                         ->  Seq Scan on customer  (cost=0.00..50828.31 rows=1500131 width=8) (actual time=0.028..231.792 rows=1500000 loops=1)
                                                         ->  Hash  (cost=2.45..2.45 rows=5 width=4) (actual time=0.085..0.087 rows=5 loops=1)
                                                               Buckets: 1024  Batches: 1  Memory Usage: 9kB
                                                               ->  Hash Join  (cost=1.07..2.45 rows=5 width=4) (actual time=0.075..0.081 rows=5 loops=1)
                                                                     Hash Cond: (n1.n_regionkey = region.r_regionkey)
                                                                     ->  Seq Scan on nation n1  (cost=0.00..1.25 rows=25 width=8) (actual time=0.010..0.012 rows=25 loops=1)
                                                                     ->  Hash  (cost=1.06..1.06 rows=1 width=4) (actual time=0.048..0.049 rows=1 loops=1)
                                                                           Buckets: 1024  Batches: 1  Memory Usage: 9kB
                                                                           ->  Seq Scan on region  (cost=0.00..1.06 rows=1 width=4) (actual time=0.040..0.041 rows=1 loops=1)
                                                                                 Filter: (r_name = 'AMERICA'::bpchar)
                                                                                 Rows Removed by Filter: 4
                           ->  Hash  (cost=3216.00..3216.00 rows=100000 width=8) (actual time=34.280..34.280 rows=100000 loops=1)
                                 Buckets: 131072  Batches: 1  Memory Usage: 4931kB
                                 ->  Seq Scan on supplier  (cost=0.00..3216.00 rows=100000 width=8) (actual time=0.036..19.206 rows=100000 loops=1)
                     ->  Memoize  (cost=0.15..2.17 rows=1 width=30) (actual time=0.000..0.000 rows=1 loops=23842)
                           Cache Key: supplier.s_nationkey
                           Hits: 23817  Misses: 25  Evictions: 0  Overflows: 0  Memory Usage: 4kB
                           ->  Index Scan using nation_pkey on nation n2  (cost=0.14..2.16 rows=1 width=30) (actual time=0.005..0.005 rows=1 loops=25)
                                 Index Cond: (n_nationkey = supplier.s_nationkey)
 Settings: max_parallel_workers_per_gather = '0', work_mem = '128MB'
 Planning Time: 4.837 ms
 JIT:
   Functions: 67
   Options: Inlining true, Optimization true, Expressions true, Deforming true
   Timing: Generation 6.707 ms, Inlining 68.707 ms, Optimization 352.469 ms, Emission 218.545 ms, Total 646.428 ms
 Execution Time: 41635.825 ms
(56 rows)

===== 9.sql jit=on =====
                                                                                QUERY PLAN                                                                                
--------------------------------------------------------------------------------------------------------------------------------------------------------------------------
 Limit  (cost=2464669.50..2464669.53 rows=1 width=90) (actual time=53049.075..53049.081 rows=1 loops=1)
   ->  GroupAggregate  (cost=2464669.50..2464673.45 rows=113 width=90) (actual time=52545.140..52545.145 rows=1 loops=1)
         Group Key: nation.n_name, (EXTRACT(year FROM orders.o_orderdate))
         ->  Sort  (cost=2464669.50..2464669.78 rows=113 width=81) (actual time=52533.072..52537.007 rows=11401 loops=1)
               Sort Key: nation.n_name, (EXTRACT(year FROM orders.o_orderdate)) DESC
               Sort Method: external merge  Disk: 211208kB
               ->  Nested Loop  (cost=480717.18..2464665.64 rows=113 width=81) (actual time=3096.038..47790.478 rows=3248192 loops=1)
                     Join Filter: (supplier.s_nationkey = nation.n_nationkey)
                     Rows Removed by Join Filter: 39009119
                     ->  Nested Loop  (cost=480717.18..2464623.41 rows=113 width=31) (actual time=3096.000..42529.024 rows=3248192 loops=1)
                           ->  Nested Loop  (cost=480716.74..2463956.40 rows=113 width=31) (actual time=3095.978..32699.170 rows=3248192 loops=1)
                                 ->  Hash Join  (cost=480716.45..2463308.60 rows=114 width=35) (actual time=3095.948..24167.713 rows=3248192 loops=1)
                                       Hash Cond: ((lineitem.l_suppkey = partsupp.ps_suppkey) AND (lineitem.l_partkey = partsupp.ps_partkey))
                                       ->  Hash Join  (cost=67225.48..1949067.31 rows=2954726 width=33) (actual time=462.845..18044.338 rows=3248192 loops=1)
                                             Hash Cond: (lineitem.l_partkey = part.p_partkey)
                                             ->  Seq Scan on lineitem  (cost=0.00..1724383.20 rows=59984120 width=29) (actual time=0.486..7497.453 rows=59986052 loops=1)
                                             ->  Hash  (cost=65962.81..65962.81 rows=101013 width=4) (actual time=462.019..462.020 rows=108312 loops=1)
                                                   Buckets: 131072  Batches: 1  Memory Usage: 4832kB
                                                   ->  Seq Scan on part  (cost=0.00..65962.81 rows=101013 width=4) (actual time=0.458..438.670 rows=108312 loops=1)
                                                         Filter: ((p_name)::text ~~ '%navy%'::text)
                                                         Rows Removed by Filter: 1891688
                                       ->  Hash  (cost=254399.99..254399.99 rows=8001399 width=14) (actual time=2624.063..2624.064 rows=8000000 loops=1)
                                             Buckets: 4194304  Batches: 4  Memory Usage: 126558kB
                                             ->  Seq Scan on partsupp  (cost=0.00..254399.99 rows=8001399 width=14) (actual time=0.510..1196.279 rows=8000000 loops=1)
                                 ->  Index Scan using supplier_pkey on supplier  (cost=0.29..5.68 rows=1 width=8) (actual time=0.002..0.002 rows=1 loops=3248192)
                                       Index Cond: (s_suppkey = lineitem.l_suppkey)
                           ->  Index Scan using orders_pkey on orders  (cost=0.43..5.90 rows=1 width=8) (actual time=0.003..0.003 rows=1 loops=3248192)
                                 Index Cond: (o_orderkey = lineitem.l_orderkey)
                     ->  Materialize  (cost=0.00..1.38 rows=25 width=30) (actual time=0.000..0.001 rows=13 loops=3248192)
                           ->  Seq Scan on nation  (cost=0.00..1.25 rows=25 width=30) (actual time=0.015..0.019 rows=25 loops=1)
 Settings: max_parallel_workers_per_gather = '0', work_mem = '128MB'
 Planning Time: 19.515 ms
 JIT:
   Functions: 45
   Options: Inlining true, Optimization true, Expressions true, Deforming true
   Timing: Generation 5.489 ms, Inlining 76.308 ms, Optimization 260.078 ms, Emission 167.727 ms, Total 509.603 ms
 Execution Time: 53173.604 ms
(37 rows)

===== 10.sql jit=off =====
                                                                                            QUERY PLAN                                                                                            
--------------------------------------------------------------------------------------------------------------------------------------------------------------------------------------------------
 Limit  (cost=2408765.43..2408765.48 rows=20 width=201) (actual time=18990.877..18990.882 rows=20 loops=1)
   ->  Sort  (cost=2408765.43..2410192.45 rows=570806 width=201) (actual time=18990.875..18990.879 rows=20 loops=1)
         Sort Key: (sum((lineitem.l_extendedprice * ('1'::numeric - lineitem.l_discount)))) DESC
         Sort Method: top-N heapsort  Memory: 33kB
         ->  GroupAggregate  (cost=2252510.84..2393576.49 rows=570806 width=201) (actual time=16256.792..18855.625 rows=381205 loops=1)
               Group Key: customer.c_custkey, nation.n_name
               ->  Incremental Sort  (cost=2252510.84..2379306.34 rows=570806 width=181) (actual time=16256.778..18033.114 rows=1145402 loops=1)
                     Sort Key: customer.c_custkey, nation.n_name
                     Presorted Key: customer.c_custkey
                     Full-sort Groups: 34068  Sort Method: quicksort  Average Memory: 33kB  Peak Memory: 33kB
                     ->  Nested Loop  (cost=2252510.66..2353620.07 rows=570806 width=181) (actual time=16256.416..17627.213 rows=1145402 loops=1)
                           ->  Merge Join  (cost=2252510.51..2339611.89 rows=570806 width=159) (actual time=16256.385..17189.130 rows=1145402 loops=1)
                                 Merge Cond: (customer.c_custkey = orders.o_custkey)
                                 ->  Index Scan using customer_pkey on customer  (cost=0.43..74796.39 rows=1500131 width=147) (actual time=0.011..381.484 rows=1499997 loops=1)
                                 ->  Sort  (cost=2252509.89..2253936.91 rows=570806 width=16) (actual time=16256.358..16411.095 rows=1145402 loops=1)
                                       Sort Key: orders.o_custkey
                                       Sort Method: quicksort  Memory: 113386kB
                                       ->  Hash Join  (cost=284718.58..2197933.30 rows=570806 width=16) (actual time=1846.829..15843.280 rows=1145402 loops=1)
                                             Hash Cond: (lineitem.l_orderkey = orders.o_orderkey)
                                             ->  Seq Scan on lineitem  (cost=0.00..1874343.50 rows=14808080 width=16) (actual time=0.287..12019.535 rows=14808183 loops=1)
                                                   Filter: (l_returnflag = 'R'::bpchar)
                                                   Rows Removed by Filter: 45177869
                                             ->  Hash  (cost=277491.38..277491.38 rows=578176 width=8) (actual time=1844.167..1844.167 rows=573160 loops=1)
                                                   Buckets: 1048576  Batches: 1  Memory Usage: 30582kB
                                                   ->  Bitmap Heap Scan on orders  (cost=7906.74..277491.38 rows=578176 width=8) (actual time=135.827..1696.982 rows=573160 loops=1)
                                                         Recheck Cond: ((o_orderdate >= '1994-08-01'::date) AND (o_orderdate < '1994-11-01'::date))
                                                         Heap Blocks: exact=233137
                                                         ->  Bitmap Index Scan on idx_orders_orderdate  (cost=0.00..7762.20 rows=578176 width=0) (actual time=79.894..79.894 rows=573160 loops=1)
                                                               Index Cond: ((o_orderdate >= '1994-08-01'::date) AND (o_orderdate < '1994-11-01'::date))
                           ->  Memoize  (cost=0.15..2.17 rows=1 width=30) (actual time=0.000..0.000 rows=1 loops=1145402)
                                 Cache Key: customer.c_nationkey
                                 Hits: 1145377  Misses: 25  Evictions: 0  Overflows: 0  Memory Usage: 4kB
                                 ->  Index Scan using nation_pkey on nation  (cost=0.14..2.16 rows=1 width=30) (actual time=0.003..0.003 rows=1 loops=25)
                                       Index Cond: (n_nationkey = customer.c_nationkey)
 Settings: jit = 'off', max_parallel_workers_per_gather = '0', work_mem = '128MB'
 Planning Time: 9.527 ms
 Execution Time: 18998.601 ms
(37 rows)

===== 11.sql jit=off =====
                                                                             QUERY PLAN                                                                              
---------------------------------------------------------------------------------------------------------------------------------------------------------------------
 Limit  (cost=94398.91..94398.91 rows=1 width=36) (actual time=1533.060..1533.065 rows=0 loops=1)
   InitPlan 1 (returns $2)
     ->  Aggregate  (cost=44168.88..44168.90 rows=1 width=32) (actual time=557.563..557.565 rows=1 loops=1)
           ->  Nested Loop  (cost=47.72..41797.13 rows=316233 width=10) (actual time=0.646..457.158 rows=320800 loops=1)
                 ->  Nested Loop  (cost=47.29..2404.57 rows=4000 width=4) (actual time=0.636..9.517 rows=4010 loops=1)
                       ->  Seq Scan on nation nation_1  (cost=0.00..1.31 rows=1 width=4) (actual time=0.007..0.011 rows=1 loops=1)
                             Filter: (n_name = 'SAUDI ARABIA'::bpchar)
                             Rows Removed by Filter: 24
                       ->  Bitmap Heap Scan on supplier supplier_1  (cost=47.29..2363.25 rows=4000 width=8) (actual time=0.626..8.788 rows=4010 loops=1)
                             Recheck Cond: (s_nationkey = nation_1.n_nationkey)
                             Heap Blocks: exact=1857
                             ->  Bitmap Index Scan on idx_supplier_nation_key  (cost=0.00..46.29 rows=4000 width=0) (actual time=0.402..0.403 rows=4010 loops=1)
                                   Index Cond: (s_nationkey = nation_1.n_nationkey)
                 ->  Index Scan using idx_partsupp_suppkey on partsupp partsupp_1  (cost=0.43..9.06 rows=79 width=14) (actual time=0.005..0.100 rows=80 loops=4010)
                       Index Cond: (ps_suppkey = supplier_1.s_suppkey)
   ->  Sort  (cost=50230.01..50493.54 rows=105411 width=36) (actual time=1533.058..1533.060 rows=0 loops=1)
         Sort Key: (sum((partsupp.ps_supplycost * (partsupp.ps_availqty)::numeric))) DESC
         Sort Method: quicksort  Memory: 25kB
         ->  HashAggregate  (cost=44959.46..49702.96 rows=105411 width=36) (actual time=1533.010..1533.012 rows=0 loops=1)
               Group Key: partsupp.ps_partkey
               Filter: (sum((partsupp.ps_supplycost * (partsupp.ps_availqty)::numeric)) > $2)
               Batches: 5  Memory Usage: 135217kB  Disk Usage: 752kB
               Rows Removed by Filter: 301833
               ->  Nested Loop  (cost=47.72..41797.13 rows=316233 width=14) (actual time=0.720..581.349 rows=320800 loops=1)
                     ->  Nested Loop  (cost=47.29..2404.57 rows=4000 width=4) (actual time=0.697..11.434 rows=4010 loops=1)
                           ->  Seq Scan on nation  (cost=0.00..1.31 rows=1 width=4) (actual time=0.022..0.025 rows=1 loops=1)
                                 Filter: (n_name = 'SAUDI ARABIA'::bpchar)
                                 Rows Removed by Filter: 24
                           ->  Bitmap Heap Scan on supplier  (cost=47.29..2363.25 rows=4000 width=8) (actual time=0.671..10.587 rows=4010 loops=1)
                                 Recheck Cond: (s_nationkey = nation.n_nationkey)
                                 Heap Blocks: exact=1857
                                 ->  Bitmap Index Scan on idx_supplier_nation_key  (cost=0.00..46.29 rows=4000 width=0) (actual time=0.441..0.441 rows=4010 loops=1)
                                       Index Cond: (s_nationkey = nation.n_nationkey)
                     ->  Index Scan using idx_partsupp_suppkey on partsupp  (cost=0.43..9.06 rows=79 width=18) (actual time=0.006..0.130 rows=80 loops=4010)
                           Index Cond: (ps_suppkey = supplier.s_suppkey)
 Settings: jit = 'off', max_parallel_workers_per_gather = '0', work_mem = '128MB'
 Planning Time: 1.323 ms
 Execution Time: 1537.524 ms
(38 rows)

===== 12.sql jit=off =====
                                                                                                                    QUERY PLAN                                                                                                                     
---------------------------------------------------------------------------------------------------------------------------------------------------------------------------------------------------------------------------------------------------
 Limit  (cost=3029778.51..3030591.86 rows=1 width=27) (actual time=21917.531..21917.534 rows=1 loops=1)
   ->  GroupAggregate  (cost=3029778.51..3035471.98 rows=7 width=27) (actual time=21917.530..21917.532 rows=1 loops=1)
         Group Key: lineitem.l_shipmode
         ->  Sort  (cost=3029778.51..3030490.19 rows=284670 width=27) (actual time=21866.600..21874.045 rows=155572 loops=1)
               Sort Key: lineitem.l_shipmode
               Sort Method: quicksort  Memory: 36606kB
               ->  Hash Join  (cost=2477743.08..3003988.93 rows=284670 width=27) (actual time=17090.495..21787.255 rows=311258 loops=1)
                     Hash Cond: (orders.o_orderkey = lineitem.l_orderkey)
                     ->  Seq Scan on orders  (cost=0.00..410904.66 rows=14999266 width=20) (actual time=0.035..2139.433 rows=15000000 loops=1)
                     ->  Hash  (cost=2474184.70..2474184.70 rows=284670 width=15) (actual time=17089.304..17089.304 rows=311258 loops=1)
                           Buckets: 524288  Batches: 1  Memory Usage: 18687kB
                           ->  Seq Scan on lineitem  (cost=0.00..2474184.70 rows=284670 width=15) (actual time=1.015..16974.581 rows=311258 loops=1)
                                 Filter: ((l_shipmode = ANY ('{SHIP,"REG AIR"}'::bpchar[])) AND (l_commitdate < l_receiptdate) AND (l_shipdate < l_commitdate) AND (l_receiptdate >= '1994-01-01'::date) AND (l_receiptdate < '1995-01-01'::date))
                                 Rows Removed by Filter: 59674794
 Settings: jit = 'off', max_parallel_workers_per_gather = '0', work_mem = '128MB'
 Planning Time: 0.799 ms
 Execution Time: 21919.433 ms
(17 rows)

===== 13.sql jit=off =====
                                                                                    QUERY PLAN                                                                                     
-----------------------------------------------------------------------------------------------------------------------------------------------------------------------------------
 Limit  (cost=1533787.10..1533787.11 rows=1 width=16) (actual time=16487.231..16487.234 rows=1 loops=1)
   ->  Sort  (cost=1533787.10..1533787.60 rows=200 width=16) (actual time=16487.229..16487.232 rows=1 loops=1)
         Sort Key: (count(*)) DESC, (count(orders.o_orderkey)) DESC
         Sort Method: top-N heapsort  Memory: 25kB
         ->  HashAggregate  (cost=1533784.10..1533786.10 rows=200 width=16) (actual time=16487.195..16487.204 rows=46 loops=1)
               Group Key: count(orders.o_orderkey)
               Batches: 1  Memory Usage: 40kB
               ->  HashAggregate  (cost=1380282.72..1511282.14 rows=1500131 width=12) (actual time=15753.396..16294.869 rows=1500000 loops=1)
                     Group Key: customer.c_custkey
                     Batches: 5  Memory Usage: 131121kB  Disk Usage: 27424kB
                     ->  Hash Right Join  (cost=57718.03..545096.33 rows=14847758 width=8) (actual time=382.319..11205.831 rows=15337604 loops=1)
                           Hash Cond: (orders.o_custkey = customer.c_custkey)
                           ->  Seq Scan on orders  (cost=0.00..448402.83 rows=14847758 width=8) (actual time=0.049..5492.476 rows=14837583 loops=1)
                                 Filter: ((o_comment)::text !~~ '%special%requests%'::text)
                                 Rows Removed by Filter: 162417
                           ->  Hash  (cost=38966.39..38966.39 rows=1500131 width=4) (actual time=377.762..377.763 rows=1500000 loops=1)
                                 Buckets: 2097152  Batches: 1  Memory Usage: 69119kB
                                 ->  Index Only Scan using customer_pkey on customer  (cost=0.43..38966.39 rows=1500131 width=4) (actual time=0.026..132.192 rows=1500000 loops=1)
                                       Heap Fetches: 0
 Settings: jit = 'off', max_parallel_workers_per_gather = '0', work_mem = '128MB'
 Planning Time: 0.705 ms
 Execution Time: 16506.143 ms
(22 rows)

===== 14.sql jit=off =====
                                                                            QUERY PLAN                                                                            
------------------------------------------------------------------------------------------------------------------------------------------------------------------
 Limit  (cost=1226649.97..1226649.99 rows=1 width=32) (actual time=3795.901..3795.903 rows=1 loops=1)
   ->  Aggregate  (cost=1226649.97..1226649.99 rows=1 width=32) (actual time=3795.899..3795.901 rows=1 loops=1)
         ->  Hash Join  (cost=119103.88..1213710.08 rows=739422 width=33) (actual time=964.581..3406.912 rows=772942 loops=1)
               Hash Cond: (lineitem.l_partkey = part.p_partkey)
               ->  Bitmap Heap Scan on lineitem  (cost=19467.42..1091006.52 rows=758132 width=16) (actual time=277.774..2118.359 rows=772942 loops=1)
                     Recheck Cond: ((l_shipdate >= '1994-05-01'::date) AND (l_shipdate < '1994-06-01'::date))
                     Heap Blocks: exact=416660
                     ->  Bitmap Index Scan on idx_lineitem_shipdate  (cost=0.00..19277.88 rows=758132 width=0) (actual time=163.110..163.110 rows=772942 loops=1)
                           Index Cond: ((l_shipdate >= '1994-05-01'::date) AND (l_shipdate < '1994-06-01'::date))
               ->  Hash  (cost=60962.65..60962.65 rows=2000065 width=25) (actual time=682.244..682.244 rows=2000000 loops=1)
                     Buckets: 2097152  Batches: 2  Memory Usage: 74141kB
                     ->  Seq Scan on part  (cost=0.00..60962.65 rows=2000065 width=25) (actual time=0.033..322.646 rows=2000000 loops=1)
 Settings: jit = 'off', max_parallel_workers_per_gather = '0', work_mem = '128MB'
 Planning Time: 1.064 ms
 Execution Time: 3798.756 ms
(15 rows)

===== 15.sql jit=off =====
                                                                       QUERY PLAN                                                                       
--------------------------------------------------------------------------------------------------------------------------------------------------------
 HashAggregate  (cost=1244363.90..1245618.90 rows=100400 width=36) (actual time=5146.302..5189.785 rows=100000 loops=1)
   Group Key: l_suppkey
   Batches: 1  Memory Usage: 47121kB
   ->  Bitmap Heap Scan on lineitem  (cost=60708.89..1220718.70 rows=2364520 width=16) (actual time=566.186..3346.966 rows=2265714 loops=1)
         Recheck Cond: ((l_shipdate >= '1996-01-01'::date) AND (l_shipdate < '1996-04-01'::date))
         Heap Blocks: exact=668609
         ->  Bitmap Index Scan on idx_lineitem_shipdate  (cost=0.00..60117.76 rows=2364520 width=0) (actual time=384.676..384.676 rows=2265714 loops=1)
               Index Cond: ((l_shipdate >= '1996-01-01'::date) AND (l_shipdate < '1996-04-01'::date))
 Settings: jit = 'off', max_parallel_workers_per_gather = '0', work_mem = '128MB'
 Planning Time: 0.609 ms
 Execution Time: 5196.262 ms
(11 rows)

CREATE VIEW
                                                                                   QUERY PLAN                                                                                   
--------------------------------------------------------------------------------------------------------------------------------------------------------------------------------
 Limit  (cost=2492771.63..2492781.75 rows=1 width=103) (actual time=9938.668..9938.672 rows=1 loops=1)
   InitPlan 1 (returns $0)
     ->  Aggregate  (cost=1246873.90..1246873.91 rows=1 width=32) (actual time=4970.541..4970.542 rows=1 loops=1)
           ->  HashAggregate  (cost=1244363.90..1245618.90 rows=100400 width=36) (actual time=4920.985..4964.158 rows=100000 loops=1)
                 Group Key: lineitem_1.l_suppkey
                 Batches: 1  Memory Usage: 47121kB
                 ->  Bitmap Heap Scan on lineitem lineitem_1  (cost=60708.89..1220718.70 rows=2364520 width=16) (actual time=543.546..3140.880 rows=2265714 loops=1)
                       Recheck Cond: ((l_shipdate >= '1996-01-01'::date) AND (l_shipdate < '1996-04-01'::date))
                       Heap Blocks: exact=668609
                       ->  Bitmap Index Scan on idx_lineitem_shipdate  (cost=0.00..60117.76 rows=2364520 width=0) (actual time=363.284..363.284 rows=2265714 loops=1)
                             Index Cond: ((l_shipdate >= '1996-01-01'::date) AND (l_shipdate < '1996-04-01'::date))
   ->  Merge Join  (cost=1245897.73..1250979.62 rows=502 width=103) (actual time=9938.667..9938.669 rows=1 loops=1)
         Merge Cond: (supplier.s_suppkey = revenue0.supplier_no)
         ->  Index Scan using supplier_pkey on supplier  (cost=0.29..4824.65 rows=100000 width=71) (actual time=0.338..13.598 rows=69998 loops=1)
         ->  Sort  (cost=1245897.43..1245898.69 rows=502 width=36) (actual time=9920.762..9920.763 rows=1 loops=1)
               Sort Key: revenue0.supplier_no
               Sort Method: quicksort  Memory: 25kB
               ->  Subquery Scan on revenue0  (cost=1244363.90..1245874.92 rows=502 width=36) (actual time=9890.248..9920.754 rows=1 loops=1)
                     ->  HashAggregate  (cost=1244363.90..1245869.90 rows=502 width=36) (actual time=9890.247..9920.752 rows=1 loops=1)
                           Group Key: lineitem.l_suppkey
                           Filter: (sum((lineitem.l_extendedprice * ('1'::numeric - lineitem.l_discount))) = $0)
                           Batches: 1  Memory Usage: 47121kB
                           Rows Removed by Filter: 99999
                           ->  Bitmap Heap Scan on lineitem  (cost=60708.89..1220718.70 rows=2364520 width=16) (actual time=542.444..3133.395 rows=2265714 loops=1)
                                 Recheck Cond: ((l_shipdate >= '1996-01-01'::date) AND (l_shipdate < '1996-04-01'::date))
                                 Heap Blocks: exact=668609
                                 ->  Bitmap Index Scan on idx_lineitem_shipdate  (cost=0.00..60117.76 rows=2364520 width=0) (actual time=362.222..362.223 rows=2265714 loops=1)
                                       Index Cond: ((l_shipdate >= '1996-01-01'::date) AND (l_shipdate < '1996-04-01'::date))
 Settings: jit = 'off', max_parallel_workers_per_gather = '0', work_mem = '128MB'
 Planning Time: 0.472 ms
 Execution Time: 9947.300 ms
(31 rows)

DROP VIEW
===== 16.sql jit=off =====
                                                                                         QUERY PLAN                                                                                         
--------------------------------------------------------------------------------------------------------------------------------------------------------------------------------------------
 Limit  (cost=401350.68..401350.68 rows=1 width=44) (actual time=6365.943..6365.946 rows=1 loops=1)
   ->  Sort  (cost=401350.68..401731.17 rows=152198 width=44) (actual time=6365.941..6365.944 rows=1 loops=1)
         Sort Key: (count(DISTINCT partsupp.ps_suppkey)) DESC, part.p_brand, part.p_type, part.p_size
         Sort Method: top-N heapsort  Memory: 25kB
         ->  GroupAggregate  (cost=391821.17..400589.69 rows=152198 width=44) (actual time=5887.776..6359.849 rows=27838 loops=1)
               Group Key: part.p_brand, part.p_type, part.p_size
               ->  Sort  (cost=391821.17..393270.48 rows=579723 width=40) (actual time=5887.732..5986.719 rows=1186319 loops=1)
                     Sort Key: part.p_brand, part.p_type, part.p_size
                     Sort Method: quicksort  Memory: 122929kB
                     ->  Hash Join  (cost=98052.83..336327.17 rows=579723 width=40) (actual time=639.010..2897.380 rows=1186319 loops=1)
                           Hash Cond: (partsupp.ps_partkey = part.p_partkey)
                           ->  Index Only Scan using partsupp_pkey on partsupp  (cost=3466.46..231238.94 rows=4000700 width=8) (actual time=28.010..1441.859 rows=7995520 loops=1)
                                 Filter: (NOT (hashed SubPlan 1))
                                 Rows Removed by Filter: 4480
                                 Heap Fetches: 0
                                 SubPlan 1
                                   ->  Seq Scan on supplier  (cost=0.00..3466.00 rows=10 width=4) (actual time=0.132..27.955 rows=56 loops=1)
                                         Filter: ((s_comment)::text ~~ '%Customer%Complaints%'::text)
                                         Rows Removed by Filter: 99944
                           ->  Hash  (cost=90963.62..90963.62 rows=289820 width=40) (actual time=609.847..609.848 rows=296733 loops=1)
                                 Buckets: 524288  Batches: 1  Memory Usage: 25593kB
                                 ->  Seq Scan on part  (cost=0.00..90963.62 rows=289820 width=40) (actual time=0.045..535.226 rows=296733 loops=1)
                                       Filter: ((p_brand <> 'Brand#12'::bpchar) AND ((p_type)::text !~~ 'SMALL BRUSHED%'::text) AND (p_size = ANY ('{12,32,36,26,40,34,49,9}'::integer[])))
                                       Rows Removed by Filter: 1703267
 Settings: jit = 'off', max_parallel_workers_per_gather = '0', work_mem = '128MB'
 Planning Time: 0.921 ms
 Execution Time: 6371.692 ms
(27 rows)

===== 17-flattened.sql jit=off =====
                                                          QUERY PLAN                                                           
-------------------------------------------------------------------------------------------------------------------------------
 HashAggregate  (cost=5567115.89..6183658.40 rows=2050673 width=36) (actual time=36780.192..61444.524 rows=2000000 loops=1)
   Group Key: l_partkey
   Planned Partitions: 8  Batches: 9  Memory Usage: 135249kB  Disk Usage: 1846896kB
   ->  Seq Scan on lineitem  (cost=0.00..1724383.20 rows=59984120 width=9) (actual time=0.250..8516.908 rows=59986052 loops=1)
 Settings: jit = 'off', max_parallel_workers_per_gather = '0', work_mem = '128MB'
 Planning Time: 0.453 ms
 Execution Time: 61612.253 ms
(7 rows)

SELECT 2000000
CREATE INDEX
ANALYZE
                                                                                 QUERY PLAN                                                                                 
----------------------------------------------------------------------------------------------------------------------------------------------------------------------------
 Limit  (cost=238543.07..238543.08 rows=1 width=32) (actual time=444.074..444.075 rows=1 loops=1)
   ->  Aggregate  (cost=238543.07..238543.08 rows=1 width=32) (actual time=444.072..444.073 rows=1 loops=1)
         ->  Nested Loop  (cost=0.87..238491.14 rows=20768 width=8) (actual time=1.128..443.292 rows=5319 loops=1)
               Join Filter: (part.p_partkey = lineitem.l_partkey)
               ->  Nested Loop  (cost=0.43..86912.13 rows=2130 width=20) (actual time=1.116..393.798 rows=1996 loops=1)
                     ->  Seq Scan on part  (cost=0.00..70962.98 rows=2130 width=4) (actual time=1.104..379.938 rows=1996 loops=1)
                           Filter: ((p_brand = 'Brand#22'::bpchar) AND (p_container = 'LG BOX'::bpchar))
                           Rows Removed by Filter: 1998004
                     ->  Index Scan using idx_tmp_avg_quantity on tmp_avg_quantity part_agg  (cost=0.43..7.48 rows=1 width=16) (actual time=0.006..0.006 rows=1 loops=1996)
                           Index Cond: (agg_partkey = part.p_partkey)
               ->  Index Scan using idx_lineitem_part_supp on lineitem  (cost=0.44..71.04 rows=10 width=17) (actual time=0.010..0.024 rows=3 loops=1996)
                     Index Cond: (l_partkey = part_agg.agg_partkey)
                     Filter: (l_quantity < part_agg.avg_quantity)
                     Rows Removed by Filter: 27
 Settings: jit = 'off', max_parallel_workers_per_gather = '0', work_mem = '128MB'
 Planning Time: 0.649 ms
 Execution Time: 444.106 ms
(17 rows)

DROP TABLE
===== 17.sql jit=off =====
                                                                            QUERY PLAN                                                                            
------------------------------------------------------------------------------------------------------------------------------------------------------------------
 Limit  (cost=6434921.58..6434921.59 rows=1 width=32) (actual time=61778.591..61778.594 rows=1 loops=1)
   ->  Aggregate  (cost=6434921.58..6434921.59 rows=1 width=32) (actual time=61778.590..61778.592 rows=1 loops=1)
         ->  Nested Loop  (cost=5638105.93..6434868.34 rows=21294 width=8) (actual time=36903.767..61777.754 rows=5319 loops=1)
               Join Filter: (part.p_partkey = lineitem.l_partkey)
               ->  Hash Join  (cost=5638105.49..6280537.76 rows=2184 width=40) (actual time=36903.734..61724.581 rows=1996 loops=1)
                     Hash Cond: (lineitem_1.l_partkey = part.p_partkey)
                     ->  HashAggregate  (cost=5567115.89..6183658.40 rows=2050673 width=36) (actual time=36546.914..61230.913 rows=2000000 loops=1)
                           Group Key: lineitem_1.l_partkey
                           Planned Partitions: 8  Batches: 9  Memory Usage: 135249kB  Disk Usage: 1846896kB
                           ->  Seq Scan on lineitem lineitem_1  (cost=0.00..1724383.20 rows=59984120 width=9) (actual time=0.220..8339.286 rows=59986052 loops=1)
                     ->  Hash  (cost=70962.98..70962.98 rows=2130 width=4) (actual time=355.182..355.182 rows=1996 loops=1)
                           Buckets: 4096  Batches: 1  Memory Usage: 103kB
                           ->  Seq Scan on part  (cost=0.00..70962.98 rows=2130 width=4) (actual time=0.424..353.721 rows=1996 loops=1)
                                 Filter: ((p_brand = 'Brand#22'::bpchar) AND (p_container = 'LG BOX'::bpchar))
                                 Rows Removed by Filter: 1998004
               ->  Index Scan using idx_lineitem_part_supp on lineitem  (cost=0.44..70.54 rows=10 width=17) (actual time=0.012..0.026 rows=3 loops=1996)
                     Index Cond: (l_partkey = lineitem_1.l_partkey)
                     Filter: (l_quantity < ((0.2 * avg(lineitem_1.l_quantity))))
                     Rows Removed by Filter: 27
 Settings: jit = 'off', max_parallel_workers_per_gather = '0', work_mem = '128MB'
 Planning Time: 1.008 ms
 Execution Time: 61881.006 ms
(22 rows)

===== 18.sql jit=off =====
                                                                                                 QUERY PLAN                                                                                                  
-------------------------------------------------------------------------------------------------------------------------------------------------------------------------------------------------------------
 Limit  (cost=9938971.95..9938972.20 rows=100 width=71) (actual time=43211.084..43211.108 rows=99 loops=1)
   ->  Sort  (cost=9938971.95..9988947.93 rows=19990394 width=71) (actual time=43211.082..43211.100 rows=99 loops=1)
         Sort Key: orders.o_totalprice DESC, orders.o_orderdate
         Sort Method: quicksort  Memory: 32kB
         ->  HashAggregate  (cost=8573679.89..9174953.46 rows=19990394 width=71) (actual time=43209.586..43210.963 rows=99 loops=1)
               Group Key: customer.c_custkey, orders.o_orderkey
               Planned Partitions: 64  Batches: 1  Memory Usage: 12369kB
               ->  Hash Join  (cost=69692.40..6618369.48 rows=19990394 width=44) (actual time=1519.207..43208.696 rows=693 loops=1)
                     Hash Cond: (orders.o_custkey = customer.c_custkey)
                     ->  Merge Join  (cost=112.45..6496314.60 rows=19990394 width=25) (actual time=965.579..42654.611 rows=693 loops=1)
                           Merge Cond: (orders.o_orderkey = lineitem.l_orderkey)
                           ->  Merge Join  (cost=1.00..3729661.24 rows=4998677 width=24) (actual time=707.024..30371.605 rows=99 loops=1)
                                 Merge Cond: (orders.o_orderkey = lineitem_1.l_orderkey)
                                 ->  Index Scan using orders_pkey on orders  (cost=0.43..650428.43 rows=14999266 width=20) (actual time=0.350..2894.639 rows=14982724 loops=1)
                                 ->  GroupAggregate  (cost=0.56..2929264.42 rows=4998677 width=4) (actual time=612.631..26561.411 rows=99 loops=1)
                                       Group Key: lineitem_1.l_orderkey
                                       Filter: (sum(lineitem_1.l_quantity) > '313'::numeric)
                                       Rows Removed by Filter: 14999901
                                       ->  Index Scan using idx_lineitem_orderkey on lineitem lineitem_1  (cost=0.56..2404403.37 rows=59984120 width=9) (actual time=0.600..12140.103 rows=59986052 loops=1)
                           ->  Index Scan using idx_lineitem_orderkey on lineitem  (cost=0.56..2404403.37 rows=59984120 width=9) (actual time=0.031..8589.287 rows=59916431 loops=1)
                     ->  Hash  (cost=50828.31..50828.31 rows=1500131 width=23) (actual time=549.113..549.113 rows=1500000 loops=1)
                           Buckets: 2097152  Batches: 1  Memory Usage: 98416kB
                           ->  Seq Scan on customer  (cost=0.00..50828.31 rows=1500131 width=23) (actual time=0.506..255.060 rows=1500000 loops=1)
 Settings: jit = 'off', max_parallel_workers_per_gather = '0', work_mem = '128MB'
 Planning Time: 8.435 ms
 Execution Time: 43216.357 ms
(26 rows)

===== 19.sql jit=off =====
                                                                                                                                                                                                                                                                                                                                                                                                                                                                                                            QUERY PLAN                                                                                                                                                                                                                                                                                                                                                                                                                                                                                                            
----------------------------------------------------------------------------------------------------------------------------------------------------------------------------------------------------------------------------------------------------------------------------------------------------------------------------------------------------------------------------------------------------------------------------------------------------------------------------------------------------------------------------------------------------------------------------------------------------------------------------------------------------------------------------------------------------------------------------------------------------------------------------------------------------------------------------------------------------------------------------------------------------------------------------------------------------------------------------------------------------------------------------------
 Limit  (cost=674126.89..674126.90 rows=1 width=32) (actual time=1196.129..1196.130 rows=1 loops=1)
   ->  Aggregate  (cost=674126.89..674126.90 rows=1 width=32) (actual time=1196.128..1196.128 rows=1 loops=1)
         ->  Nested Loop  (cost=0.44..674118.86 rows=1070 width=12) (actual time=3.233..1194.901 rows=1063 loops=1)
               ->  Seq Scan on part  (cost=0.00..125964.76 rows=4723 width=30) (actual time=0.314..570.786 rows=4781 loops=1)
                     Filter: ((p_size >= 1) AND (((p_brand = 'Brand#24'::bpchar) AND (p_container = ANY ('{"SM CASE","SM BOX","SM PACK","SM PKG"}'::bpchar[])) AND (p_size <= 5)) OR ((p_brand = 'Brand#43'::bpchar) AND (p_container = ANY ('{"MED BAG","MED BOX","MED PKG","MED PACK"}'::bpchar[])) AND (p_size <= 10)) OR ((p_brand = 'Brand#44'::bpchar) AND (p_container = ANY ('{"LG CASE","LG BOX","LG PACK","LG PKG"}'::bpchar[])) AND (p_size <= 15))))
                     Rows Removed by Filter: 1995219
               ->  Index Scan using idx_lineitem_part_supp on lineitem  (cost=0.44..116.05 rows=1 width=21) (actual time=0.117..0.130 rows=0 loops=4781)
                     Index Cond: (l_partkey = part.p_partkey)
                     Filter: ((l_shipmode = ANY ('{AIR,"AIR REG"}'::bpchar[])) AND (l_shipinstruct = 'DELIVER IN PERSON'::bpchar) AND (((l_quantity >= '10'::numeric) AND (l_quantity <= '20'::numeric)) OR ((l_quantity >= '10'::numeric) AND (l_quantity <= '20'::numeric)) OR ((l_quantity >= '20'::numeric) AND (l_quantity <= '30'::numeric))) AND (((part.p_brand = 'Brand#24'::bpchar) AND (part.p_container = ANY ('{"SM CASE","SM BOX","SM PACK","SM PKG"}'::bpchar[])) AND (l_quantity >= '10'::numeric) AND (l_quantity <= '20'::numeric) AND (part.p_size <= 5)) OR ((part.p_brand = 'Brand#43'::bpchar) AND (part.p_container = ANY ('{"MED BAG","MED BOX","MED PKG","MED PACK"}'::bpchar[])) AND (l_quantity >= '10'::numeric) AND (l_quantity <= '20'::numeric) AND (part.p_size <= 10)) OR ((part.p_brand = 'Brand#44'::bpchar) AND (part.p_container = ANY ('{"LG CASE","LG BOX","LG PACK","LG PKG"}'::bpchar[])) AND (l_quantity >= '20'::numeric) AND (l_quantity <= '30'::numeric) AND (part.p_size <= 15))))
                     Rows Removed by Filter: 30
 Settings: jit = 'off', max_parallel_workers_per_gather = '0', work_mem = '128MB'
 Planning Time: 1.277 ms
 Execution Time: 1196.201 ms
(13 rows)

===== 1.sql jit=off =====
ERROR:  syntax error at or near "analyze"
LINE 1: explain (settings, analyze) analyze select
                                    ^
===== 20-flattened.sql jit=off =====
                                                                        QUERY PLAN                                                                         
-----------------------------------------------------------------------------------------------------------------------------------------------------------
 HashAggregate  (cost=2131742.53..2297051.57 rows=4905786 width=40) (actual time=109838.739..117385.270 rows=5448842 loops=1)
   Group Key: l_partkey, l_suppkey
   Planned Partitions: 16  Batches: 81  Memory Usage: 135313kB  Disk Usage: 342848kB
   ->  Bitmap Heap Scan on lineitem  (cost=241136.24..1506563.63 rows=9392359 width=13) (actual time=1797.494..101631.979 rows=9123688 loops=1)
         Recheck Cond: ((l_shipdate >= '1996-01-01'::date) AND (l_shipdate < '1997-01-01'::date))
         Heap Blocks: exact=1048319
         ->  Bitmap Index Scan on idx_lineitem_shipdate  (cost=0.00..238788.15 rows=9392359 width=0) (actual time=1470.839..1470.839 rows=9123688 loops=1)
               Index Cond: ((l_shipdate >= '1996-01-01'::date) AND (l_shipdate < '1997-01-01'::date))
 Settings: jit = 'off', max_parallel_workers_per_gather = '0', work_mem = '128MB'
 Planning Time: 2.836 ms
 Execution Time: 117572.820 ms
(11 rows)

SELECT 5448842
CREATE INDEX
ANALYZE
                                                                                   QUERY PLAN                                                                                   
--------------------------------------------------------------------------------------------------------------------------------------------------------------------------------
 Limit  (cost=58222.88..58222.89 rows=1 width=51) (actual time=7564.535..7564.537 rows=1 loops=1)
   ->  Sort  (cost=58222.88..58222.89 rows=1 width=51) (actual time=7564.533..7564.535 rows=1 loops=1)
         Sort Key: supplier.s_name
         Sort Method: top-N heapsort  Memory: 25kB
         ->  Nested Loop Semi Join  (cost=48.59..58222.87 rows=1 width=51) (actual time=10.729..7559.739 rows=1821 loops=1)
               ->  Nested Loop  (cost=47.29..2404.57 rows=4000 width=55) (actual time=2.983..17.219 rows=4095 loops=1)
                     ->  Seq Scan on nation  (cost=0.00..1.31 rows=1 width=4) (actual time=0.218..0.222 rows=1 loops=1)
                           Filter: (n_name = 'IRAQ'::bpchar)
                           Rows Removed by Filter: 24
                     ->  Bitmap Heap Scan on supplier  (cost=47.29..2363.25 rows=4000 width=59) (actual time=2.759..15.781 rows=4095 loops=1)
                           Recheck Cond: (s_nationkey = nation.n_nationkey)
                           Heap Blocks: exact=1867
                           ->  Bitmap Index Scan on idx_supplier_nation_key  (cost=0.00..46.29 rows=4000 width=0) (actual time=2.230..2.231 rows=4095 loops=1)
                                 Index Cond: (s_nationkey = nation.n_nationkey)
               ->  Nested Loop  (cost=1.30..13.94 rows=1 width=8) (actual time=1.841..1.841 rows=0 loops=4095)
                     Join Filter: (supplier.s_suppkey = agg_lineitem.agg_suppkey)
                     ->  Nested Loop  (cost=0.87..13.45 rows=1 width=16) (actual time=1.614..1.834 rows=1 loops=4095)
                           ->  Index Scan using idx_partsupp_suppkey on partsupp  (cost=0.43..9.06 rows=79 width=12) (actual time=0.021..0.993 rows=61 loops=4095)
                                 Index Cond: (ps_suppkey = supplier.s_suppkey)
                           ->  Memoize  (cost=0.44..0.48 rows=1 width=4) (actual time=0.014..0.014 rows=0 loops=248000)
                                 Cache Key: partsupp.ps_partkey
                                 Hits: 11702  Misses: 236298  Evictions: 0  Overflows: 0  Memory Usage: 15783kB
                                 ->  Index Scan using part_pkey on part  (cost=0.43..0.47 rows=1 width=4) (actual time=0.013..0.013 rows=0 loops=236298)
                                       Index Cond: (p_partkey = partsupp.ps_partkey)
                                       Filter: ((p_name)::text ~~ 'olive%'::text)
                                       Rows Removed by Filter: 1
                     ->  Index Scan using idx_tmp_agg_lineitem on tmp_agg_lineitem agg_lineitem  (cost=0.43..0.48 rows=1 width=13) (actual time=0.009..0.009 rows=1 loops=2732)
                           Index Cond: ((agg_partkey = partsupp.ps_partkey) AND (agg_suppkey = partsupp.ps_suppkey))
                           Filter: ((partsupp.ps_availqty)::numeric > agg_quantity)
                           Rows Removed by Filter: 0
 Settings: jit = 'off', max_parallel_workers_per_gather = '0', work_mem = '128MB'
 Planning Time: 6.307 ms
 Execution Time: 7565.845 ms
(33 rows)

DROP TABLE
===== 20.sql jit=off =====
                                                                                          QUERY PLAN                                                                                           
-----------------------------------------------------------------------------------------------------------------------------------------------------------------------------------------------
 Limit  (cost=2460948.66..2460948.66 rows=1 width=51) (actual time=140751.894..140751.898 rows=1 loops=1)
   ->  Sort  (cost=2460948.66..2460948.66 rows=1 width=51) (actual time=140751.892..140751.896 rows=1 loops=1)
         Sort Key: supplier.s_name
         Sort Method: top-N heapsort  Memory: 25kB
         ->  Nested Loop Semi Join  (cost=2197958.31..2460948.65 rows=1 width=51) (actual time=114135.034..140748.564 rows=1821 loops=1)
               Join Filter: (supplier.s_suppkey = lineitem.l_suppkey)
               Rows Removed by Join Filter: 183310388
               ->  Nested Loop  (cost=0.00..4467.31 rows=4000 width=55) (actual time=0.040..26.798 rows=4095 loops=1)
                     Join Filter: (supplier.s_nationkey = nation.n_nationkey)
                     Rows Removed by Join Filter: 95905
                     ->  Seq Scan on nation  (cost=0.00..1.31 rows=1 width=4) (actual time=0.023..0.026 rows=1 loops=1)
                           Filter: (n_name = 'IRAQ'::bpchar)
                           Rows Removed by Filter: 24
                     ->  Seq Scan on supplier  (cost=0.00..3216.00 rows=100000 width=59) (actual time=0.013..17.653 rows=100000 loops=1)
               ->  Materialize  (cost=2197958.31..2456301.34 rows=3 width=8) (actual time=26.733..31.607 rows=44765 loops=4095)
                     ->  Nested Loop  (cost=2197958.31..2456301.33 rows=3 width=8) (actual time=109472.427..121829.426 rows=59002 loops=1)
                           ->  Hash Join  (cost=2197957.88..2425202.49 rows=49554 width=44) (actual time=109471.808..118180.985 rows=59125 loops=1)
                                 Hash Cond: (lineitem.l_partkey = part.p_partkey)
                                 ->  HashAggregate  (cost=2131742.53..2297051.57 rows=4905786 width=40) (actual time=109089.163..117060.630 rows=5448842 loops=1)
                                       Group Key: lineitem.l_partkey, lineitem.l_suppkey
                                       Planned Partitions: 16  Batches: 81  Memory Usage: 135313kB  Disk Usage: 342848kB
                                       ->  Bitmap Heap Scan on lineitem  (cost=241136.24..1506563.63 rows=9392359 width=13) (actual time=1794.397..100937.664 rows=9123688 loops=1)
                                             Recheck Cond: ((l_shipdate >= '1996-01-01'::date) AND (l_shipdate < '1997-01-01'::date))
                                             Heap Blocks: exact=1048319
                                             ->  Bitmap Index Scan on idx_lineitem_shipdate  (cost=0.00..238788.15 rows=9392359 width=0) (actual time=1467.608..1467.608 rows=9123688 loops=1)
                                                   Index Cond: ((l_shipdate >= '1996-01-01'::date) AND (l_shipdate < '1997-01-01'::date))
                                 ->  Hash  (cost=65962.81..65962.81 rows=20203 width=4) (actual time=382.513..382.513 rows=21718 loops=1)
                                       Buckets: 32768  Batches: 1  Memory Usage: 1020kB
                                       ->  Seq Scan on part  (cost=0.00..65962.81 rows=20203 width=4) (actual time=0.273..376.583 rows=21718 loops=1)
                                             Filter: ((p_name)::text ~~ 'olive%'::text)
                                             Rows Removed by Filter: 1978282
                           ->  Index Scan using partsupp_pkey on partsupp  (cost=0.43..0.62 rows=1 width=12) (actual time=0.061..0.061 rows=1 loops=59125)
                                 Index Cond: ((ps_partkey = lineitem.l_partkey) AND (ps_suppkey = lineitem.l_suppkey))
                                 Filter: ((ps_availqty)::numeric > ((0.5 * sum(lineitem.l_quantity))))
                                 Rows Removed by Filter: 0
 Settings: jit = 'off', max_parallel_workers_per_gather = '0', work_mem = '128MB'
 Planning Time: 4.740 ms
 Execution Time: 140781.737 ms
(38 rows)

===== 21.sql jit=off =====
                                                                                            QUERY PLAN                                                                                             
---------------------------------------------------------------------------------------------------------------------------------------------------------------------------------------------------
 Limit  (cost=4271613.77..4271613.77 rows=1 width=34) (actual time=57983.385..57983.401 rows=100 loops=1)
   ->  Sort  (cost=4271613.77..4271613.77 rows=1 width=34) (actual time=57983.384..57983.393 rows=100 loops=1)
         Sort Key: (count(*)) DESC, supplier.s_name
         Sort Method: top-N heapsort  Memory: 38kB
         ->  GroupAggregate  (cost=4271613.74..4271613.76 rows=1 width=34) (actual time=57974.547..57982.107 rows=3991 loops=1)
               Group Key: supplier.s_name
               ->  Sort  (cost=4271613.74..4271613.74 rows=1 width=26) (actual time=57974.535..57977.441 rows=39281 loops=1)
                     Sort Key: supplier.s_name
                     Sort Method: quicksort  Memory: 3378kB
                     ->  Nested Loop Semi Join  (cost=2204837.90..4271613.73 rows=1 width=26) (actual time=19666.184..57808.101 rows=39281 loops=1)
                           Join Filter: (l2.l_suppkey <> l1.l_suppkey)
                           Rows Removed by Join Filter: 42023
                           ->  Nested Loop  (cost=2204837.34..4271606.19 rows=1 width=38) (actual time=19655.918..52724.055 rows=65960 loops=1)
                                 ->  Hash Anti Join  (cost=2204836.90..4271598.87 rows=1 width=34) (actual time=19654.205..40991.950 rows=134155 loops=1)
                                       Hash Cond: (l1.l_orderkey = l3.l_orderkey)
                                       Join Filter: (l3.l_suppkey <> l1.l_suppkey)
                                       Rows Removed by Join Filter: 547662
                                       ->  Hash Join  (cost=2454.57..1959744.24 rows=796602 width=34) (actual time=20.612..16821.345 rows=1514267 loops=1)
                                             Hash Cond: (l1.l_suppkey = supplier.s_suppkey)
                                             ->  Seq Scan on lineitem l1  (cost=0.00..1874343.50 rows=19994707 width=8) (actual time=0.183..13333.207 rows=37929348 loops=1)
                                                   Filter: (l_receiptdate > l_commitdate)
                                                   Rows Removed by Filter: 22056704
                                             ->  Hash  (cost=2404.57..2404.57 rows=4000 width=30) (actual time=20.387..20.388 rows=3991 loops=1)
                                                   Buckets: 4096  Batches: 1  Memory Usage: 282kB
                                                   ->  Nested Loop  (cost=47.29..2404.57 rows=4000 width=30) (actual time=3.014..19.542 rows=3991 loops=1)
                                                         ->  Seq Scan on nation  (cost=0.00..1.31 rows=1 width=4) (actual time=0.190..0.194 rows=1 loops=1)
                                                               Filter: (n_name = 'PERU'::bpchar)
                                                               Rows Removed by Filter: 24
                                                         ->  Bitmap Heap Scan on supplier  (cost=47.29..2363.25 rows=4000 width=34) (actual time=2.822..18.806 rows=3991 loops=1)
                                                               Recheck Cond: (s_nationkey = nation.n_nationkey)
                                                               Heap Blocks: exact=1873
                                                               ->  Bitmap Index Scan on idx_supplier_nation_key  (cost=0.00..46.29 rows=4000 width=0) (actual time=2.290..2.290 rows=3991 loops=1)
                                                                     Index Cond: (s_nationkey = nation.n_nationkey)
                                       ->  Hash  (cost=1874343.50..1874343.50 rows=19994707 width=8) (actual time=19619.810..19619.810 rows=37929348 loops=1)
                                             Buckets: 4194304  Batches: 16  Memory Usage: 125295kB
                                             ->  Seq Scan on lineitem l3  (cost=0.00..1874343.50 rows=19994707 width=8) (actual time=0.016..14369.257 rows=37929348 loops=1)
                                                   Filter: (l_receiptdate > l_commitdate)
                                                   Rows Removed by Filter: 22056704
                                 ->  Index Scan using orders_pkey on orders  (cost=0.43..7.32 rows=1 width=4) (actual time=0.087..0.087 rows=0 loops=134155)
                                       Index Cond: (o_orderkey = l1.l_orderkey)
                                       Filter: (o_orderstatus = 'F'::bpchar)
                                       Rows Removed by Filter: 1
                           ->  Index Scan using idx_lineitem_orderkey on lineitem l2  (cost=0.56..7.52 rows=4 width=8) (actual time=0.075..0.076 rows=1 loops=65960)
                                 Index Cond: (l_orderkey = orders.o_orderkey)
 Settings: jit = 'off', max_parallel_workers_per_gather = '0', work_mem = '128MB'
 Planning Time: 10.132 ms
 Execution Time: 57984.070 ms
(47 rows)

===== 22.sql jit=off =====
                                                                          QUERY PLAN                                                                          
--------------------------------------------------------------------------------------------------------------------------------------------------------------
 Limit  (cost=162872.75..162872.77 rows=1 width=72) (actual time=1906.650..1906.653 rows=1 loops=1)
   InitPlan 1 (returns $0)
     ->  Aggregate  (cost=75324.62..75324.63 rows=1 width=32) (actual time=870.814..870.814 rows=1 loops=1)
           ->  Seq Scan on customer customer_1  (cost=0.00..75205.44 rows=47670 width=6) (actual time=0.009..833.507 rows=382426 loops=1)
                 Filter: ((c_acctbal > 0.00) AND (SUBSTRING(c_phone FROM 1 FOR 2) = ANY ('{21,29,26,34,14,15,17}'::text[])))
                 Rows Removed by Filter: 1117574
   ->  GroupAggregate  (cost=87548.12..87771.72 rows=8131 width=72) (actual time=1906.649..1906.650 rows=1 loops=1)
         Group Key: (SUBSTRING(customer.c_phone FROM 1 FOR 2))
         ->  Sort  (cost=87548.12..87568.45 rows=8131 width=38) (actual time=1904.623..1905.040 rows=9006 loops=1)
               Sort Key: (SUBSTRING(customer.c_phone FROM 1 FOR 2))
               Sort Method: quicksort  Memory: 4513kB
               ->  Nested Loop Anti Join  (cost=0.43..87020.04 rows=8131 width=38) (actual time=870.878..1880.572 rows=63509 loops=1)
                     ->  Seq Scan on customer  (cost=0.00..75205.44 rows=17502 width=26) (actual time=870.860..1515.125 rows=191129 loops=1)
                           Filter: ((c_acctbal > $0) AND (SUBSTRING(c_phone FROM 1 FOR 2) = ANY ('{21,29,26,34,14,15,17}'::text[])))
                           Rows Removed by Filter: 1308871
                     ->  Index Only Scan using idx_orders_custkey on orders  (cost=0.43..3.32 rows=19 width=4) (actual time=0.002..0.002 rows=1 loops=191129)
                           Index Cond: (o_custkey = customer.c_custkey)
                           Heap Fetches: 0
 Settings: jit = 'off', max_parallel_workers_per_gather = '0', work_mem = '128MB'
 Planning Time: 0.804 ms
 Execution Time: 1906.917 ms
(21 rows)

===== 2-flattened.sql jit=off =====
                                                                       QUERY PLAN                                                                        
---------------------------------------------------------------------------------------------------------------------------------------------------------
 HashAggregate  (cost=207052.73..211309.95 rows=425722 width=36) (actual time=3268.347..3737.332 rows=1182884 loops=1)
   Group Key: partsupp.ps_partkey
   Batches: 5  Memory Usage: 139313kB  Disk Usage: 15632kB
   ->  Nested Loop  (cost=42.10..199146.91 rows=1581164 width=10) (actual time=0.737..2559.270 rows=1604080 loops=1)
         ->  Nested Loop  (cost=41.67..2184.07 rows=20000 width=4) (actual time=0.719..49.771 rows=20051 loops=1)
               ->  Nested Loop  (cost=0.14..13.95 rows=5 width=4) (actual time=0.059..0.084 rows=5 loops=1)
                     Join Filter: (nation.n_regionkey = region.r_regionkey)
                     Rows Removed by Join Filter: 20
                     ->  Index Scan using nation_pkey on nation  (cost=0.14..12.51 rows=25 width=8) (actual time=0.032..0.040 rows=25 loops=1)
                     ->  Materialize  (cost=0.00..1.07 rows=1 width=4) (actual time=0.001..0.001 rows=1 loops=25)
                           ->  Seq Scan on region  (cost=0.00..1.06 rows=1 width=4) (actual time=0.017..0.018 rows=1 loops=1)
                                 Filter: (r_name = 'AMERICA'::bpchar)
                                 Rows Removed by Filter: 4
               ->  Bitmap Heap Scan on supplier  (cost=41.53..394.02 rows=4000 width=8) (actual time=0.581..9.272 rows=4010 loops=5)
                     Recheck Cond: (s_nationkey = nation.n_nationkey)
                     Heap Blocks: exact=9388
                     ->  Bitmap Index Scan on idx_supplier_nation_key  (cost=0.00..40.53 rows=4000 width=0) (actual time=0.352..0.352 rows=4010 loops=5)
                           Index Cond: (s_nationkey = nation.n_nationkey)
         ->  Index Scan using idx_partsupp_suppkey on partsupp  (cost=0.43..9.06 rows=79 width=14) (actual time=0.006..0.115 rows=80 loops=20051)
               Index Cond: (ps_suppkey = supplier.s_suppkey)
 Settings: jit = 'off', max_parallel_workers_per_gather = '0', work_mem = '128MB'
 Planning Time: 1.140 ms
 Execution Time: 3778.532 ms
(23 rows)

SELECT 1182884
CREATE INDEX
ANALYZE
                                                                             QUERY PLAN                                                                             
--------------------------------------------------------------------------------------------------------------------------------------------------------------------
 Limit  (cost=490280.90..490280.90 rows=1 width=192) (actual time=3662.022..3662.038 rows=100 loops=1)
   ->  Sort  (cost=490280.90..490280.90 rows=1 width=192) (actual time=3662.021..3662.030 rows=100 loops=1)
         Sort Key: supplier.s_acctbal DESC, nation.n_name, supplier.s_name, part.p_partkey
         Sort Method: top-N heapsort  Memory: 71kB
         ->  Hash Join  (cost=264058.93..490280.89 rows=1 width=192) (actual time=2789.217..3659.269 rows=4737 loops=1)
               Hash Cond: ((part.p_partkey = partsupp.ps_partkey) AND ((SubPlan 1) = partsupp.ps_supplycost))
               ->  Seq Scan on part  (cost=0.00..70962.98 rows=6895 width=30) (actual time=0.020..439.019 rows=8046 loops=1)
                     Filter: (((p_type)::text ~~ '%NICKEL'::text) AND (p_size = 16))
                     Rows Removed by Filter: 1991954
               ->  Hash  (cost=201738.47..201738.47 rows=1581164 width=172) (actual time=2788.229..2788.232 rows=1604080 loops=1)
                     Buckets: 1048576  Batches: 4  Memory Usage: 90233kB
                     ->  Nested Loop  (cost=2.00..201738.47 rows=1581164 width=172) (actual time=0.069..2119.807 rows=1604080 loops=1)
                           ->  Nested Loop  (cost=1.56..4775.62 rows=20000 width=166) (actual time=0.055..58.499 rows=20051 loops=1)
                                 Join Filter: (nation.n_regionkey = region.r_regionkey)
                                 Rows Removed by Join Filter: 79949
                                 ->  Seq Scan on region  (cost=0.00..1.06 rows=1 width=4) (actual time=0.021..0.024 rows=1 loops=1)
                                       Filter: (r_name = 'AMERICA'::bpchar)
                                       Rows Removed by Filter: 4
                                 ->  Hash Join  (cost=1.56..3524.56 rows=100000 width=170) (actual time=0.032..49.972 rows=100000 loops=1)
                                       Hash Cond: (supplier.s_nationkey = nation.n_nationkey)
                                       ->  Seq Scan on supplier  (cost=0.00..3216.00 rows=100000 width=144) (actual time=0.007..17.015 rows=100000 loops=1)
                                       ->  Hash  (cost=1.25..1.25 rows=25 width=34) (actual time=0.014..0.014 rows=25 loops=1)
                                             Buckets: 1024  Batches: 1  Memory Usage: 10kB
                                             ->  Seq Scan on nation  (cost=0.00..1.25 rows=25 width=34) (actual time=0.003..0.008 rows=25 loops=1)
                           ->  Index Scan using idx_partsupp_suppkey on partsupp  (cost=0.43..9.06 rows=79 width=14) (actual time=0.004..0.091 rows=80 loops=20051)
                                 Index Cond: (ps_suppkey = supplier.s_suppkey)
               SubPlan 1
                 ->  Index Scan using tmp_supplycost_idx on tmp_supplycost  (cost=0.43..8.45 rows=1 width=6) (actual time=0.004..0.004 rows=1 loops=12783)
                       Index Cond: (ps_partkey = part.p_partkey)
 Settings: jit = 'off', max_parallel_workers_per_gather = '0', work_mem = '128MB'
 Planning Time: 1.232 ms
 Execution Time: 3662.365 ms
(32 rows)

DROP TABLE
===== 2.sql jit=off =====
                                                                                        QUERY PLAN                                                                                         
-------------------------------------------------------------------------------------------------------------------------------------------------------------------------------------------
 Limit  (cost=1546107.72..1546107.73 rows=1 width=192) (actual time=4950.311..4950.327 rows=100 loops=1)
   ->  Sort  (cost=1546107.72..1546107.73 rows=1 width=192) (actual time=4950.309..4950.319 rows=100 loops=1)
         Sort Key: supplier.s_acctbal DESC, nation.n_name, supplier.s_name, part.p_partkey
         Sort Method: top-N heapsort  Memory: 71kB
         ->  Merge Join  (cost=499650.43..1546107.71 rows=1 width=192) (actual time=3449.237..4947.355 rows=4737 loops=1)
               Merge Cond: (part.p_partkey = partsupp.ps_partkey)
               Join Filter: (partsupp.ps_supplycost = (SubPlan 1))
               Rows Removed by Join Filter: 1661
               ->  Index Scan using part_pkey on part  (cost=0.43..102914.73 rows=6895 width=30) (actual time=0.030..613.681 rows=8046 loops=1)
                     Filter: (((p_type)::text ~~ '%NICKEL'::text) AND (p_size = 16))
                     Rows Removed by Filter: 1991954
               ->  Materialize  (cost=499650.00..507555.82 rows=1581164 width=172) (actual time=3449.064..3957.717 rows=1603828 loops=1)
                     ->  Sort  (cost=499650.00..503602.91 rows=1581164 width=172) (actual time=3449.056..3757.134 rows=1603828 loops=1)
                           Sort Key: partsupp.ps_partkey
                           Sort Method: external merge  Disk: 293456kB
                           ->  Nested Loop  (cost=2.00..201738.47 rows=1581164 width=172) (actual time=0.057..2358.440 rows=1604080 loops=1)
                                 ->  Nested Loop  (cost=1.56..4775.62 rows=20000 width=166) (actual time=0.045..59.390 rows=20051 loops=1)
                                       Join Filter: (nation.n_regionkey = region.r_regionkey)
                                       Rows Removed by Join Filter: 79949
                                       ->  Seq Scan on region  (cost=0.00..1.06 rows=1 width=4) (actual time=0.010..0.013 rows=1 loops=1)
                                             Filter: (r_name = 'AMERICA'::bpchar)
                                             Rows Removed by Filter: 4
                                       ->  Hash Join  (cost=1.56..3524.56 rows=100000 width=170) (actual time=0.032..51.185 rows=100000 loops=1)
                                             Hash Cond: (supplier.s_nationkey = nation.n_nationkey)
                                             ->  Seq Scan on supplier  (cost=0.00..3216.00 rows=100000 width=144) (actual time=0.002..14.789 rows=100000 loops=1)
                                             ->  Hash  (cost=1.25..1.25 rows=25 width=34) (actual time=0.020..0.021 rows=25 loops=1)
                                                   Buckets: 1024  Batches: 1  Memory Usage: 10kB
                                                   ->  Seq Scan on nation  (cost=0.00..1.25 rows=25 width=34) (actual time=0.008..0.012 rows=25 loops=1)
                                 ->  Index Scan using idx_partsupp_suppkey on partsupp  (cost=0.43..9.06 rows=79 width=14) (actual time=0.004..0.103 rows=80 loops=20051)
                                       Index Cond: (ps_suppkey = supplier.s_suppkey)
               SubPlan 1
                 ->  Aggregate  (cost=170.90..170.91 rows=1 width=32) (actual time=0.026..0.026 rows=1 loops=6398)
                       ->  Nested Loop  (cost=0.86..170.89 rows=4 width=6) (actual time=0.015..0.024 rows=2 loops=6398)
                             Join Filter: (nation_1.n_regionkey = region_1.r_regionkey)
                             Rows Removed by Join Filter: 2
                             ->  Seq Scan on region region_1  (cost=0.00..1.06 rows=1 width=4) (actual time=0.001..0.001 rows=1 loops=6398)
                                   Filter: (r_name = 'AMERICA'::bpchar)
                                   Rows Removed by Filter: 4
                             ->  Nested Loop  (cost=0.86..169.59 rows=19 width=10) (actual time=0.010..0.022 rows=4 loops=6398)
                                   ->  Nested Loop  (cost=0.72..166.66 rows=19 width=10) (actual time=0.008..0.017 rows=4 loops=6398)
                                         ->  Index Scan using idx_partsupp_partkey on partsupp partsupp_1  (cost=0.43..8.77 rows=19 width=10) (actual time=0.005..0.006 rows=4 loops=6398)
                                               Index Cond: (ps_partkey = part.p_partkey)
                                         ->  Index Scan using supplier_pkey on supplier supplier_1  (cost=0.29..8.31 rows=1 width=8) (actual time=0.002..0.002 rows=1 loops=25592)
                                               Index Cond: (s_suppkey = partsupp_1.ps_suppkey)
                                   ->  Index Scan using nation_pkey on nation nation_1  (cost=0.14..0.16 rows=1 width=8) (actual time=0.001..0.001 rows=1 loops=25592)
                                         Index Cond: (n_nationkey = supplier_1.s_nationkey)
 Settings: jit = 'off', max_parallel_workers_per_gather = '0', work_mem = '128MB'
 Planning Time: 2.394 ms
 Execution Time: 4970.638 ms
(49 rows)

===== 3.sql jit=off =====
                                                                                     QUERY PLAN                                                                                      
-------------------------------------------------------------------------------------------------------------------------------------------------------------------------------------
 Limit  (cost=2959593.06..2959593.08 rows=10 width=44) (actual time=39906.994..39906.999 rows=10 loops=1)
   ->  Sort  (cost=2959593.06..2967484.46 rows=3156561 width=44) (actual time=39906.992..39906.996 rows=10 loops=1)
         Sort Key: (sum((lineitem.l_extendedprice * ('1'::numeric - lineitem.l_discount)))) DESC, orders.o_orderdate
         Sort Method: top-N heapsort  Memory: 26kB
         ->  HashAggregate  (cost=2814932.95..2891380.91 rows=3156561 width=44) (actual time=39836.153..39887.281 rows=113934 loops=1)
               Group Key: lineitem.l_orderkey, orders.o_orderdate, orders.o_shippriority
               Planned Partitions: 8  Batches: 1  Memory Usage: 61457kB
               ->  Hash Join  (cost=528532.98..2556489.52 rows=3156561 width=24) (actual time=24258.811..39591.726 rows=301530 loops=1)
                     Hash Cond: (lineitem.l_orderkey = orders.o_orderkey)
                     ->  Seq Scan on lineitem  (cost=0.00..1874343.50 rows=32545981 width=16) (actual time=0.330..11923.546 rows=32534229 loops=1)
                           Filter: (l_shipdate > '1995-03-07'::date)
                           Rows Removed by Filter: 27451823
                     ->  Hash  (cost=510348.67..510348.67 rows=1454745 width=12) (actual time=24253.795..24253.797 rows=1451805 loops=1)
                           Buckets: 2097152  Batches: 1  Memory Usage: 78767kB
                           ->  Hash Join  (cost=139513.01..510348.67 rows=1454745 width=12) (actual time=1108.594..23714.473 rows=1451805 loops=1)
                                 Hash Cond: (orders.o_custkey = customer.c_custkey)
                                 ->  Bitmap Heap Scan on orders  (cost=81180.92..432938.87 rows=7267676 width=16) (actual time=738.410..20985.012 rows=7239437 loops=1)
                                       Recheck Cond: (o_orderdate < '1995-03-07'::date)
                                       Heap Blocks: exact=260912
                                       ->  Bitmap Index Scan on idx_orders_orderdate  (cost=0.00..79364.01 rows=7267676 width=0) (actual time=674.599..674.599 rows=7239437 loops=1)
                                             Index Cond: (o_orderdate < '1995-03-07'::date)
                                 ->  Hash  (cost=54578.64..54578.64 rows=300276 width=4) (actual time=369.036..369.037 rows=300276 loops=1)
                                       Buckets: 524288  Batches: 1  Memory Usage: 14653kB
                                       ->  Seq Scan on customer  (cost=0.00..54578.64 rows=300276 width=4) (actual time=0.343..310.620 rows=300276 loops=1)
                                             Filter: (c_mktsegment = 'BUILDING'::bpchar)
                                             Rows Removed by Filter: 1199724
 Settings: jit = 'off', max_parallel_workers_per_gather = '0', work_mem = '128MB'
 Planning Time: 5.357 ms
 Execution Time: 39913.788 ms
(29 rows)

===== 4.sql jit=off =====
                                                                             QUERY PLAN                                                                             
--------------------------------------------------------------------------------------------------------------------------------------------------------------------
 Limit  (cost=2586894.52..2586894.52 rows=1 width=24) (actual time=42798.852..42798.855 rows=1 loops=1)
   ->  Sort  (cost=2586894.52..2586894.53 rows=5 width=24) (actual time=42798.851..42798.853 rows=1 loops=1)
         Sort Key: orders.o_orderpriority
         Sort Method: top-N heapsort  Memory: 25kB
         ->  HashAggregate  (cost=2586894.44..2586894.49 rows=5 width=24) (actual time=42798.814..42798.817 rows=5 loops=1)
               Group Key: orders.o_orderpriority
               Batches: 1  Memory Usage: 24kB
               ->  Hash Semi Join  (cost=2210243.43..2584020.60 rows=574769 width=16) (actual time=18661.981..42668.282 rows=513822 loops=1)
                     Hash Cond: (orders.o_orderkey = lineitem.l_orderkey)
                     ->  Bitmap Heap Scan on orders  (cost=7861.09..277396.48 rows=574893 width=20) (actual time=136.461..20330.229 rows=560424 loops=1)
                           Recheck Cond: ((o_orderdate >= '1993-12-01'::date) AND (o_orderdate < '1994-03-01'::date))
                           Heap Blocks: exact=231732
                           ->  Bitmap Index Scan on idx_orders_orderdate  (cost=0.00..7717.37 rows=574893 width=0) (actual time=79.765..79.765 rows=560424 loops=1)
                                 Index Cond: ((o_orderdate >= '1993-12-01'::date) AND (o_orderdate < '1994-03-01'::date))
                     ->  Hash  (cost=1874343.50..1874343.50 rows=19994707 width=4) (actual time=18513.120..18513.121 rows=37929348 loops=1)
                           Buckets: 4194304  Batches: 16  Memory Usage: 116042kB
                           ->  Seq Scan on lineitem  (cost=0.00..1874343.50 rows=19994707 width=4) (actual time=0.506..13789.401 rows=37929348 loops=1)
                                 Filter: (l_commitdate < l_receiptdate)
                                 Rows Removed by Filter: 22056704
 Settings: jit = 'off', max_parallel_workers_per_gather = '0', work_mem = '128MB'
 Planning Time: 4.310 ms
 Execution Time: 42801.805 ms
(22 rows)

===== 5.sql jit=off =====
                                                                                           QUERY PLAN                                                                                            
-------------------------------------------------------------------------------------------------------------------------------------------------------------------------------------------------
 Limit  (cost=2373535.86..2373535.86 rows=1 width=58) (actual time=38390.281..38390.288 rows=1 loops=1)
   ->  Sort  (cost=2373535.86..2373535.92 rows=25 width=58) (actual time=38390.280..38390.286 rows=1 loops=1)
         Sort Key: (sum((lineitem.l_extendedprice * ('1'::numeric - lineitem.l_discount)))) DESC
         Sort Method: top-N heapsort  Memory: 25kB
         ->  GroupAggregate  (cost=2372625.91..2373535.74 rows=25 width=58) (actual time=38364.039..38390.257 rows=5 loops=1)
               Group Key: nation.n_name
               ->  Sort  (cost=2372625.91..2372807.81 rows=72761 width=38) (actual time=38357.535..38361.129 rows=72033 loops=1)
                     Sort Key: nation.n_name
                     Sort Method: quicksort  Memory: 8700kB
                     ->  Hash Join  (cost=422825.30..2366750.14 rows=72761 width=38) (actual time=21260.276..38316.232 rows=72033 loops=1)
                           Hash Cond: ((lineitem.l_suppkey = supplier.s_suppkey) AND (customer.c_nationkey = supplier.s_nationkey))
                           ->  Hash Join  (cost=418109.30..2352447.74 rows=1825979 width=50) (actual time=21218.029..37863.318 rows=1815327 loops=1)
                                 Hash Cond: (orders.o_custkey = customer.c_custkey)
                                 ->  Hash Join  (cost=354902.40..2236743.96 rows=9129894 width=20) (actual time=20769.020..36020.434 rows=9108027 loops=1)
                                       Hash Cond: (lineitem.l_orderkey = orders.o_orderkey)
                                       ->  Seq Scan on lineitem  (cost=0.00..1724383.20 rows=59984120 width=20) (actual time=0.482..7171.125 rows=59986052 loops=1)
                                       ->  Hash  (cost=326365.33..326365.33 rows=2282966 width=8) (actual time=20759.791..20759.792 rows=2276638 loops=1)
                                             Buckets: 4194304  Batches: 1  Memory Usage: 121700kB
                                             ->  Bitmap Heap Scan on orders  (cost=31208.84..326365.33 rows=2282966 width=8) (actual time=295.856..20063.270 rows=2276638 loops=1)
                                                   Recheck Cond: ((o_orderdate >= '1993-01-01'::date) AND (o_orderdate < '1994-01-01'::date))
                                                   Heap Blocks: exact=260897
                                                   ->  Bitmap Index Scan on idx_orders_orderdate  (cost=0.00..30638.10 rows=2282966 width=0) (actual time=232.124..232.125 rows=2276638 loops=1)
                                                         Index Cond: ((o_orderdate >= '1993-01-01'::date) AND (o_orderdate < '1994-01-01'::date))
                                 ->  Hash  (cost=59456.57..59456.57 rows=300026 width=38) (actual time=447.748..447.750 rows=299436 loops=1)
                                       Buckets: 524288  Batches: 1  Memory Usage: 25151kB
                                       ->  Hash Join  (cost=2.51..59456.57 rows=300026 width=38) (actual time=1.026..377.759 rows=299436 loops=1)
                                             Hash Cond: (customer.c_nationkey = nation.n_nationkey)
                                             ->  Seq Scan on customer  (cost=0.00..50828.31 rows=1500131 width=8) (actual time=0.408..201.406 rows=1500000 loops=1)
                                             ->  Hash  (cost=2.45..2.45 rows=5 width=30) (actual time=0.601..0.602 rows=5 loops=1)
                                                   Buckets: 1024  Batches: 1  Memory Usage: 9kB
                                                   ->  Hash Join  (cost=1.07..2.45 rows=5 width=30) (actual time=0.593..0.599 rows=5 loops=1)
                                                         Hash Cond: (nation.n_regionkey = region.r_regionkey)
                                                         ->  Seq Scan on nation  (cost=0.00..1.25 rows=25 width=34) (actual time=0.336..0.338 rows=25 loops=1)
                                                         ->  Hash  (cost=1.06..1.06 rows=1 width=4) (actual time=0.239..0.239 rows=1 loops=1)
                                                               Buckets: 1024  Batches: 1  Memory Usage: 9kB
                                                               ->  Seq Scan on region  (cost=0.00..1.06 rows=1 width=4) (actual time=0.232..0.233 rows=1 loops=1)
                                                                     Filter: (r_name = 'AMERICA'::bpchar)
                                                                     Rows Removed by Filter: 4
                           ->  Hash  (cost=3216.00..3216.00 rows=100000 width=8) (actual time=41.149..41.150 rows=100000 loops=1)
                                 Buckets: 131072  Batches: 1  Memory Usage: 4931kB
                                 ->  Seq Scan on supplier  (cost=0.00..3216.00 rows=100000 width=8) (actual time=0.320..24.690 rows=100000 loops=1)
 Settings: jit = 'off', max_parallel_workers_per_gather = '0', work_mem = '128MB'
 Planning Time: 9.987 ms
 Execution Time: 38393.876 ms
(44 rows)

===== 6.sql jit=off =====
                                                                                          QUERY PLAN                                                                                           
-----------------------------------------------------------------------------------------------------------------------------------------------------------------------------------------------
 Limit  (cost=1505043.87..1505043.88 rows=1 width=32) (actual time=4342.353..4342.354 rows=1 loops=1)
   ->  Aggregate  (cost=1505043.87..1505043.88 rows=1 width=32) (actual time=4342.352..4342.352 rows=1 loops=1)
         ->  Bitmap Heap Scan on lineitem  (cost=301287.38..1499082.26 rows=1192320 width=12) (actual time=1406.388..3931.388 rows=1194558 loops=1)
               Recheck Cond: ((l_shipdate >= '1993-01-01'::date) AND (l_shipdate < '1994-01-01'::date) AND (l_discount >= 0.06) AND (l_discount <= 0.08) AND (l_quantity < '25'::numeric))
               Heap Blocks: exact=662932
               ->  Bitmap Index Scan on idx_lineitem_shipdate  (cost=0.00..300989.30 rows=1192320 width=0) (actual time=1225.791..1225.791 rows=1194558 loops=1)
                     Index Cond: ((l_shipdate >= '1993-01-01'::date) AND (l_shipdate < '1994-01-01'::date) AND (l_discount >= 0.06) AND (l_discount <= 0.08) AND (l_quantity < '25'::numeric))
 Settings: jit = 'off', max_parallel_workers_per_gather = '0', work_mem = '128MB'
 Planning Time: 0.696 ms
 Execution Time: 4345.068 ms
(10 rows)

===== 7.sql jit=off =====
                                                                                     QUERY PLAN                                                                                      
-------------------------------------------------------------------------------------------------------------------------------------------------------------------------------------
 Limit  (cost=2520948.24..2520948.36 rows=1 width=116) (actual time=85942.955..85942.962 rows=1 loops=1)
   ->  GroupAggregate  (cost=2520948.24..2522162.55 rows=10040 width=116) (actual time=85942.953..85942.960 rows=1 loops=1)
         Group Key: n1.n_name, n2.n_name, (EXTRACT(year FROM lineitem.l_shipdate))
         ->  Sort  (cost=2520948.24..2521100.20 rows=60783 width=96) (actual time=85934.193..85935.108 rows=14421 loops=1)
               Sort Key: n1.n_name, n2.n_name, (EXTRACT(year FROM lineitem.l_shipdate))
               Sort Method: quicksort  Memory: 9664kB
               ->  Hash Join  (cost=1025312.07..2516118.61 rows=60783 width=96) (actual time=8448.750..85865.569 rows=57794 loops=1)
                     Hash Cond: (lineitem.l_orderkey = orders.o_orderkey)
                     Join Filter: (((n1.n_name = 'PERU'::bpchar) AND (n2.n_name = 'MOROCCO'::bpchar)) OR ((n1.n_name = 'MOROCCO'::bpchar) AND (n2.n_name = 'PERU'::bpchar)))
                     Rows Removed by Join Filter: 58158
                     ->  Hash Join  (cost=474226.30..1957066.80 rows=1460580 width=46) (actual time=3181.325..80033.833 rows=1455694 loops=1)
                           Hash Cond: (lineitem.l_suppkey = supplier.s_suppkey)
                           ->  Bitmap Heap Scan on lineitem  (cost=470601.90..1870098.06 rows=18330277 width=24) (actual time=3149.321..75792.229 rows=18230325 loops=1)
                                 Recheck Cond: ((l_shipdate >= '1995-01-01'::date) AND (l_shipdate <= '1996-12-31'::date))
                                 Heap Blocks: exact=1119491
                                 ->  Bitmap Index Scan on idx_lineitem_shipdate  (cost=0.00..466019.34 rows=18330277 width=0) (actual time=2800.383..2800.383 rows=18230325 loops=1)
                                       Index Cond: ((l_shipdate >= '1995-01-01'::date) AND (l_shipdate <= '1996-12-31'::date))
                           ->  Hash  (cost=3524.40..3524.40 rows=8000 width=30) (actual time=31.966..31.968 rows=7981 loops=1)
                                 Buckets: 8192  Batches: 1  Memory Usage: 548kB
                                 ->  Hash Join  (cost=1.40..3524.40 rows=8000 width=30) (actual time=0.491..30.402 rows=7981 loops=1)
                                       Hash Cond: (supplier.s_nationkey = n1.n_nationkey)
                                       ->  Seq Scan on supplier  (cost=0.00..3216.00 rows=100000 width=8) (actual time=0.298..19.914 rows=100000 loops=1)
                                       ->  Hash  (cost=1.38..1.38 rows=2 width=30) (actual time=0.183..0.183 rows=2 loops=1)
                                             Buckets: 1024  Batches: 1  Memory Usage: 9kB
                                             ->  Seq Scan on nation n1  (cost=0.00..1.38 rows=2 width=30) (actual time=0.175..0.177 rows=2 loops=1)
                                                   Filter: ((n_name = 'PERU'::bpchar) OR (n_name = 'MOROCCO'::bpchar))
                                                   Rows Removed by Filter: 23
                     ->  Hash  (cost=536086.50..536086.50 rows=1199941 width=30) (actual time=5260.853..5260.855 rows=1191175 loops=1)
                           Buckets: 2097152  Batches: 1  Memory Usage: 88506kB
                           ->  Hash Join  (cost=56935.23..536086.50 rows=1199941 width=30) (actual time=377.814..4974.137 rows=1191175 loops=1)
                                 Hash Cond: (orders.o_custkey = customer.c_custkey)
                                 ->  Seq Scan on orders  (cost=0.00..410904.66 rows=14999266 width=8) (actual time=0.374..1888.763 rows=15000000 loops=1)
                                 ->  Hash  (cost=55435.11..55435.11 rows=120010 width=30) (actual time=377.147..377.148 rows=119622 loops=1)
                                       Buckets: 131072  Batches: 1  Memory Usage: 8267kB
                                       ->  Hash Join  (cost=1.40..55435.11 rows=120010 width=30) (actual time=0.499..350.330 rows=119622 loops=1)
                                             Hash Cond: (customer.c_nationkey = n2.n_nationkey)
                                             ->  Seq Scan on customer  (cost=0.00..50828.31 rows=1500131 width=8) (actual time=0.461..198.092 rows=1500000 loops=1)
                                             ->  Hash  (cost=1.38..1.38 rows=2 width=30) (actual time=0.023..0.023 rows=2 loops=1)
                                                   Buckets: 1024  Batches: 1  Memory Usage: 9kB
                                                   ->  Seq Scan on nation n2  (cost=0.00..1.38 rows=2 width=30) (actual time=0.016..0.018 rows=2 loops=1)
                                                         Filter: ((n_name = 'MOROCCO'::bpchar) OR (n_name = 'PERU'::bpchar))
                                                         Rows Removed by Filter: 23
 Settings: jit = 'off', max_parallel_workers_per_gather = '0', work_mem = '128MB'
 Planning Time: 8.914 ms
 Execution Time: 85948.168 ms
(45 rows)

===== 8.sql jit=off =====
                                                                                           QUERY PLAN                                                                                            
-------------------------------------------------------------------------------------------------------------------------------------------------------------------------------------------------
 Limit  (cost=1949059.98..1949060.22 rows=1 width=64) (actual time=55466.169..55466.176 rows=1 loops=1)
   ->  GroupAggregate  (cost=1949059.98..1949632.96 rows=2406 width=64) (actual time=55466.167..55466.174 rows=1 loops=1)
         Group Key: (EXTRACT(year FROM orders.o_orderdate))
         ->  Sort  (cost=1949059.98..1949118.30 rows=23327 width=70) (actual time=55459.686..55460.196 rows=11818 loops=1)
               Sort Key: (EXTRACT(year FROM orders.o_orderdate))
               Sort Method: quicksort  Memory: 2631kB
               ->  Nested Loop  (cost=495035.47..1947367.64 rows=23327 width=70) (actual time=17504.639..55426.694 rows=23842 loops=1)
                     ->  Hash Join  (cost=495035.32..1946684.91 rows=23327 width=20) (actual time=17504.594..55354.394 rows=23842 loops=1)
                           Hash Cond: (lineitem.l_suppkey = supplier.s_suppkey)
                           ->  Hash Join  (cost=490569.32..1942157.43 rows=23420 width=20) (actual time=17464.121..55293.348 rows=23842 loops=1)
                                 Hash Cond: (lineitem.l_orderkey = orders.o_orderkey)
                                 ->  Nested Loop  (cost=0.44..1449893.38 rows=389593 width=20) (actual time=1.760..37560.549 rows=389521 loops=1)
                                       ->  Seq Scan on part  (cost=0.00..65962.81 rows=13319 width=4) (actual time=1.309..531.988 rows=13011 loops=1)
                                             Filter: ((p_type)::text = 'LARGE POLISHED BRASS'::text)
                                             Rows Removed by Filter: 1986989
                                       ->  Index Scan using idx_lineitem_part_supp on lineitem  (cost=0.44..103.62 rows=29 width=24) (actual time=0.154..2.827 rows=30 loops=13011)
                                             Index Cond: (l_partkey = part.p_partkey)
                                 ->  Hash  (cost=479298.02..479298.02 rows=901669 width=8) (actual time=17455.776..17455.780 rows=910360 loops=1)
                                       Buckets: 1048576  Batches: 1  Memory Usage: 43753kB
                                       ->  Hash Join  (cost=124837.87..479298.02 rows=901669 width=8) (actual time=899.509..17187.598 rows=910360 loops=1)
                                             Hash Cond: (orders.o_custkey = customer.c_custkey)
                                             ->  Bitmap Heap Scan on orders  (cost=61630.97..390168.15 rows=4508345 width=12) (actual time=494.727..15484.764 rows=4557513 loops=1)
                                                   Recheck Cond: ((o_orderdate >= '1995-01-01'::date) AND (o_orderdate <= '1996-12-31'::date))
                                                   Heap Blocks: exact=260912
                                                   ->  Bitmap Index Scan on idx_orders_orderdate  (cost=0.00..60503.89 rows=4508345 width=0) (actual time=432.194..432.194 rows=4557513 loops=1)
                                                         Index Cond: ((o_orderdate >= '1995-01-01'::date) AND (o_orderdate <= '1996-12-31'::date))
                                             ->  Hash  (cost=59456.57..59456.57 rows=300026 width=4) (actual time=403.627..403.630 rows=299436 loops=1)
                                                   Buckets: 524288  Batches: 1  Memory Usage: 14624kB
                                                   ->  Hash Join  (cost=2.51..59456.57 rows=300026 width=4) (actual time=0.091..349.181 rows=299436 loops=1)
                                                         Hash Cond: (customer.c_nationkey = n1.n_nationkey)
                                                         ->  Seq Scan on customer  (cost=0.00..50828.31 rows=1500131 width=8) (actual time=0.028..179.444 rows=1500000 loops=1)
                                                         ->  Hash  (cost=2.45..2.45 rows=5 width=4) (actual time=0.052..0.054 rows=5 loops=1)
                                                               Buckets: 1024  Batches: 1  Memory Usage: 9kB
                                                               ->  Hash Join  (cost=1.07..2.45 rows=5 width=4) (actual time=0.045..0.052 rows=5 loops=1)
                                                                     Hash Cond: (n1.n_regionkey = region.r_regionkey)
                                                                     ->  Seq Scan on nation n1  (cost=0.00..1.25 rows=25 width=8) (actual time=0.010..0.012 rows=25 loops=1)
                                                                     ->  Hash  (cost=1.06..1.06 rows=1 width=4) (actual time=0.020..0.021 rows=1 loops=1)
                                                                           Buckets: 1024  Batches: 1  Memory Usage: 9kB
                                                                           ->  Seq Scan on region  (cost=0.00..1.06 rows=1 width=4) (actual time=0.011..0.012 rows=1 loops=1)
                                                                                 Filter: (r_name = 'AMERICA'::bpchar)
                                                                                 Rows Removed by Filter: 4
                           ->  Hash  (cost=3216.00..3216.00 rows=100000 width=8) (actual time=40.180..40.180 rows=100000 loops=1)
                                 Buckets: 131072  Batches: 1  Memory Usage: 4931kB
                                 ->  Seq Scan on supplier  (cost=0.00..3216.00 rows=100000 width=8) (actual time=0.313..24.873 rows=100000 loops=1)
                     ->  Memoize  (cost=0.15..2.17 rows=1 width=30) (actual time=0.001..0.001 rows=1 loops=23842)
                           Cache Key: supplier.s_nationkey
                           Hits: 23817  Misses: 25  Evictions: 0  Overflows: 0  Memory Usage: 4kB
                           ->  Index Scan using nation_pkey on nation n2  (cost=0.14..2.16 rows=1 width=30) (actual time=0.005..0.005 rows=1 loops=25)
                                 Index Cond: (n_nationkey = supplier.s_nationkey)
 Settings: jit = 'off', max_parallel_workers_per_gather = '0', work_mem = '128MB'
 Planning Time: 14.288 ms
 Execution Time: 55468.463 ms
(52 rows)

===== 9.sql jit=off =====
                                                                                QUERY PLAN                                                                                
--------------------------------------------------------------------------------------------------------------------------------------------------------------------------
 Limit  (cost=2464669.50..2464669.53 rows=1 width=90) (actual time=56018.404..56018.410 rows=1 loops=1)
   ->  GroupAggregate  (cost=2464669.50..2464673.45 rows=113 width=90) (actual time=56018.402..56018.407 rows=1 loops=1)
         Group Key: nation.n_name, (EXTRACT(year FROM orders.o_orderdate))
         ->  Sort  (cost=2464669.50..2464669.78 rows=113 width=81) (actual time=56006.127..56010.012 rows=11401 loops=1)
               Sort Key: nation.n_name, (EXTRACT(year FROM orders.o_orderdate)) DESC
               Sort Method: external merge  Disk: 211208kB
               ->  Nested Loop  (cost=480717.18..2464665.64 rows=113 width=81) (actual time=3329.299..51291.235 rows=3248192 loops=1)
                     Join Filter: (supplier.s_nationkey = nation.n_nationkey)
                     Rows Removed by Join Filter: 39009119
                     ->  Nested Loop  (cost=480717.18..2464623.41 rows=113 width=31) (actual time=3329.265..44987.113 rows=3248192 loops=1)
                           ->  Nested Loop  (cost=480716.74..2463956.40 rows=113 width=31) (actual time=3329.250..34318.874 rows=3248192 loops=1)
                                 ->  Hash Join  (cost=480716.45..2463308.60 rows=114 width=35) (actual time=3329.228..25611.076 rows=3248192 loops=1)
                                       Hash Cond: ((lineitem.l_suppkey = partsupp.ps_suppkey) AND (lineitem.l_partkey = partsupp.ps_partkey))
                                       ->  Hash Join  (cost=67225.48..1949067.31 rows=2954726 width=33) (actual time=502.980..18985.995 rows=3248192 loops=1)
                                             Hash Cond: (lineitem.l_partkey = part.p_partkey)
                                             ->  Seq Scan on lineitem  (cost=0.00..1724383.20 rows=59984120 width=29) (actual time=0.365..7607.904 rows=59986052 loops=1)
                                             ->  Hash  (cost=65962.81..65962.81 rows=101013 width=4) (actual time=502.324..502.324 rows=108312 loops=1)
                                                   Buckets: 131072  Batches: 1  Memory Usage: 4832kB
                                                   ->  Seq Scan on part  (cost=0.00..65962.81 rows=101013 width=4) (actual time=0.290..479.668 rows=108312 loops=1)
                                                         Filter: ((p_name)::text ~~ '%navy%'::text)
                                                         Rows Removed by Filter: 1891688
                                       ->  Hash  (cost=254399.99..254399.99 rows=8001399 width=14) (actual time=2817.259..2817.260 rows=8000000 loops=1)
                                             Buckets: 4194304  Batches: 4  Memory Usage: 126558kB
                                             ->  Seq Scan on partsupp  (cost=0.00..254399.99 rows=8001399 width=14) (actual time=0.383..1383.776 rows=8000000 loops=1)
                                 ->  Index Scan using supplier_pkey on supplier  (cost=0.29..5.68 rows=1 width=8) (actual time=0.002..0.002 rows=1 loops=3248192)
                                       Index Cond: (s_suppkey = lineitem.l_suppkey)
                           ->  Index Scan using orders_pkey on orders  (cost=0.43..5.90 rows=1 width=8) (actual time=0.003..0.003 rows=1 loops=3248192)
                                 Index Cond: (o_orderkey = lineitem.l_orderkey)
                     ->  Materialize  (cost=0.00..1.38 rows=25 width=30) (actual time=0.000..0.001 rows=13 loops=3248192)
                           ->  Seq Scan on nation  (cost=0.00..1.25 rows=25 width=30) (actual time=0.014..0.017 rows=25 loops=1)
 Settings: jit = 'off', max_parallel_workers_per_gather = '0', work_mem = '128MB'
 Planning Time: 17.954 ms
 Execution Time: 56040.884 ms
(33 rows)

