===== 10.sql =====
                                                                                             QUERY PLAN                                                                                             
----------------------------------------------------------------------------------------------------------------------------------------------------------------------------------------------------
 Limit  (cost=2407901.84..2407901.89 rows=20 width=201) (actual time=37740.944..37740.951 rows=20 loops=1)
   ->  Sort  (cost=2407901.84..2409320.35 rows=567403 width=201) (actual time=37740.942..37740.947 rows=20 loops=1)
         Sort Key: (sum((lineitem.l_extendedprice * ('1'::numeric - lineitem.l_discount)))) DESC
         Sort Method: top-N heapsort  Memory: 33kB
         ->  GroupAggregate  (cost=2252104.22..2392803.45 rows=567403 width=201) (actual time=31723.400..37470.755 rows=381205 loops=1)
               Group Key: customer.c_custkey, nation.n_name
               ->  Incremental Sort  (cost=2252104.22..2378618.38 rows=567403 width=181) (actual time=31723.372..35445.866 rows=1145402 loops=1)
                     Sort Key: customer.c_custkey, nation.n_name
                     Presorted Key: customer.c_custkey
                     Full-sort Groups: 34068  Sort Method: quicksort  Average Memory: 33kB  Peak Memory: 33kB
                     ->  Nested Loop  (cost=2252104.03..2353085.24 rows=567403 width=181) (actual time=31722.844..34665.835 rows=1145402 loops=1)
                           ->  Merge Join  (cost=2252103.88..2339160.25 rows=567403 width=159) (actual time=31722.811..33508.434 rows=1145402 loops=1)
                                 Merge Cond: (customer.c_custkey = orders.o_custkey)
                                 ->  Index Scan using customer_pkey on customer  (cost=0.43..74795.75 rows=1500088 width=147) (actual time=0.020..726.857 rows=1499997 loops=1)
                                 ->  Sort  (cost=2252103.33..2253521.83 rows=567403 width=16) (actual time=31722.769..31888.454 rows=1145402 loops=1)
                                       Sort Key: orders.o_custkey
                                       Sort Method: quicksort  Memory: 113386kB
                                       ->  Hash Join  (cost=284540.90..2197876.58 rows=567403 width=16) (actual time=8319.087..30967.386 rows=1145402 loops=1)
                                             Hash Cond: (lineitem.l_orderkey = orders.o_orderkey)
                                             ->  Seq Scan on lineitem  (cost=0.00..1874408.60 rows=14829362 width=16) (actual time=0.019..19219.064 rows=14808183 loops=1)
                                                   Filter: (l_returnflag = 'R'::bpchar)
                                                   Rows Removed by Filter: 45177869
                                             ->  Hash  (cost=277367.23..277367.23 rows=573893 width=8) (actual time=8316.587..8316.588 rows=573160 loops=1)
                                                   Buckets: 1048576  Batches: 1  Memory Usage: 30582kB
                                                   ->  Bitmap Heap Scan on orders  (cost=7846.84..277367.23 rows=573893 width=8) (actual time=263.789..7986.704 rows=573160 loops=1)
                                                         Recheck Cond: ((o_orderdate >= '1994-08-01'::date) AND (o_orderdate < '1994-11-01'::date))
                                                         Heap Blocks: exact=233137
                                                         ->  Bitmap Index Scan on idx_orders_orderdate  (cost=0.00..7703.37 rows=573893 width=0) (actual time=136.302..136.302 rows=573160 loops=1)
                                                               Index Cond: ((o_orderdate >= '1994-08-01'::date) AND (o_orderdate < '1994-11-01'::date))
                           ->  Memoize  (cost=0.15..2.17 rows=1 width=30) (actual time=0.000..0.000 rows=1 loops=1145402)
                                 Cache Key: customer.c_nationkey
                                 Hits: 1145377  Misses: 25  Evictions: 0  Overflows: 0  Memory Usage: 4kB
                                 ->  Index Scan using nation_pkey on nation  (cost=0.14..2.16 rows=1 width=30) (actual time=0.004..0.004 rows=1 loops=25)
                                       Index Cond: (n_nationkey = customer.c_nationkey)
 Settings: jit = 'off', max_parallel_workers_per_gather = '0', work_mem = '128MB'
 Planning Time: 11.179 ms
 Execution Time: 37747.531 ms
(37 rows)

===== 11.sql =====
                                                                             QUERY PLAN                                                                              
---------------------------------------------------------------------------------------------------------------------------------------------------------------------
 Limit  (cost=94748.51..94748.51 rows=1 width=36) (actual time=2710.937..2710.942 rows=0 loops=1)
   InitPlan 1 (returns $2)
     ->  Aggregate  (cost=44307.35..44307.36 rows=1 width=32) (actual time=977.854..977.857 rows=1 loops=1)
           ->  Nested Loop  (cost=47.72..41907.17 rows=320024 width=10) (actual time=1.644..727.260 rows=320800 loops=1)
                 ->  Nested Loop  (cost=47.29..2404.57 rows=4000 width=4) (actual time=1.624..14.016 rows=4010 loops=1)
                       ->  Seq Scan on nation nation_1  (cost=0.00..1.31 rows=1 width=4) (actual time=0.012..0.017 rows=1 loops=1)
                             Filter: (n_name = 'SAUDI ARABIA'::bpchar)
                             Rows Removed by Filter: 24
                       ->  Bitmap Heap Scan on supplier supplier_1  (cost=47.29..2363.25 rows=4000 width=8) (actual time=1.608..12.754 rows=4010 loops=1)
                             Recheck Cond: (s_nationkey = nation_1.n_nationkey)
                             Heap Blocks: exact=1857
                             ->  Bitmap Index Scan on idx_supplier_nation_key  (cost=0.00..46.29 rows=4000 width=0) (actual time=1.025..1.025 rows=4010 loops=1)
                                   Index Cond: (s_nationkey = nation_1.n_nationkey)
                 ->  Index Scan using idx_partsupp_suppkey on partsupp partsupp_1  (cost=0.43..9.08 rows=80 width=14) (actual time=0.009..0.154 rows=80 loops=4010)
                       Index Cond: (ps_suppkey = supplier_1.s_suppkey)
   ->  Sort  (cost=50441.14..50707.83 rows=106675 width=36) (actual time=2710.934..2710.937 rows=0 loops=1)
         Sort Key: (sum((partsupp.ps_supplycost * (partsupp.ps_availqty)::numeric))) DESC
         Sort Method: quicksort  Memory: 25kB
         ->  HashAggregate  (cost=45107.41..49907.77 rows=106675 width=36) (actual time=2710.873..2710.875 rows=0 loops=1)
               Group Key: partsupp.ps_partkey
               Filter: (sum((partsupp.ps_supplycost * (partsupp.ps_availqty)::numeric)) > $2)
               Batches: 5  Memory Usage: 135217kB  Disk Usage: 752kB
               Rows Removed by Filter: 301833
               ->  Nested Loop  (cost=47.72..41907.17 rows=320024 width=14) (actual time=1.697..886.764 rows=320800 loops=1)
                     ->  Nested Loop  (cost=47.29..2404.57 rows=4000 width=4) (actual time=1.667..16.100 rows=4010 loops=1)
                           ->  Seq Scan on nation  (cost=0.00..1.31 rows=1 width=4) (actual time=0.032..0.036 rows=1 loops=1)
                                 Filter: (n_name = 'SAUDI ARABIA'::bpchar)
                                 Rows Removed by Filter: 24
                           ->  Bitmap Heap Scan on supplier  (cost=47.29..2363.25 rows=4000 width=8) (actual time=1.630..14.758 rows=4010 loops=1)
                                 Recheck Cond: (s_nationkey = nation.n_nationkey)
                                 Heap Blocks: exact=1857
                                 ->  Bitmap Index Scan on idx_supplier_nation_key  (cost=0.00..46.29 rows=4000 width=0) (actual time=1.048..1.048 rows=4010 loops=1)
                                       Index Cond: (s_nationkey = nation.n_nationkey)
                     ->  Index Scan using idx_partsupp_suppkey on partsupp  (cost=0.43..9.08 rows=80 width=18) (actual time=0.011..0.190 rows=80 loops=4010)
                           Index Cond: (ps_suppkey = supplier.s_suppkey)
 Settings: jit = 'off', max_parallel_workers_per_gather = '0', work_mem = '128MB'
 Planning Time: 2.491 ms
 Execution Time: 2715.422 ms
(38 rows)

===== 12.sql =====
                                                                                                                    QUERY PLAN                                                                                                                     
---------------------------------------------------------------------------------------------------------------------------------------------------------------------------------------------------------------------------------------------------
 Limit  (cost=3030812.02..3031647.23 rows=1 width=27) (actual time=35570.078..35570.081 rows=1 loops=1)
   ->  GroupAggregate  (cost=3030812.02..3036658.51 rows=7 width=27) (actual time=35570.076..35570.079 rows=1 loops=1)
         Group Key: lineitem.l_shipmode
         ->  Sort  (cost=3030812.02..3031542.82 rows=292321 width=27) (actual time=35465.558..35476.143 rows=155572 loops=1)
               Sort Key: lineitem.l_shipmode
               Sort Method: quicksort  Memory: 36606kB
               ->  Hash Join  (cost=2477955.89..3004273.38 rows=292321 width=27) (actual time=28631.013..35332.692 rows=311258 loops=1)
                     Hash Cond: (orders.o_orderkey = lineitem.l_orderkey)
                     ->  Seq Scan on orders  (cost=0.00..410901.87 rows=14998987 width=20) (actual time=0.189..2590.212 rows=15000000 loops=1)
                     ->  Hash  (cost=2474301.88..2474301.88 rows=292321 width=15) (actual time=28629.640..28629.641 rows=311258 loops=1)
                           Buckets: 524288  Batches: 1  Memory Usage: 18687kB
                           ->  Seq Scan on lineitem  (cost=0.00..2474301.88 rows=292321 width=15) (actual time=0.304..28437.070 rows=311258 loops=1)
                                 Filter: ((l_shipmode = ANY ('{SHIP,"REG AIR"}'::bpchar[])) AND (l_commitdate < l_receiptdate) AND (l_shipdate < l_commitdate) AND (l_receiptdate >= '1994-01-01'::date) AND (l_receiptdate < '1995-01-01'::date))
                                 Rows Removed by Filter: 59674794
 Settings: jit = 'off', max_parallel_workers_per_gather = '0', work_mem = '128MB'
 Planning Time: 1.612 ms
 Execution Time: 35571.859 ms
(17 rows)

===== 13.sql =====
                                                                                    QUERY PLAN                                                                                     
-----------------------------------------------------------------------------------------------------------------------------------------------------------------------------------
 Limit  (cost=1533762.95..1533762.95 rows=1 width=16) (actual time=30029.380..30029.383 rows=1 loops=1)
   ->  Sort  (cost=1533762.95..1533763.45 rows=200 width=16) (actual time=30029.378..30029.380 rows=1 loops=1)
         Sort Key: (count(*)) DESC, (count(orders.o_orderkey)) DESC
         Sort Method: top-N heapsort  Memory: 25kB
         ->  HashAggregate  (cost=1533759.95..1533761.95 rows=200 width=16) (actual time=30029.321..30029.337 rows=46 loops=1)
               Group Key: count(orders.o_orderkey)
               Batches: 1  Memory Usage: 40kB
               ->  HashAggregate  (cost=1380261.80..1511258.63 rows=1500088 width=12) (actual time=28435.305..29489.463 rows=1500000 loops=1)
                     Group Key: customer.c_custkey
                     Batches: 5  Memory Usage: 131121kB  Disk Usage: 27424kB
                     ->  Hash Right Join  (cost=57716.85..545090.94 rows=14847482 width=8) (actual time=686.372..18519.064 rows=15337604 loops=1)
                           Hash Cond: (orders.o_custkey = customer.c_custkey)
                           ->  Seq Scan on orders  (cost=0.00..448399.34 rows=14847482 width=8) (actual time=0.057..8823.694 rows=14837583 loops=1)
                                 Filter: ((o_comment)::text !~~ '%special%requests%'::text)
                                 Rows Removed by Filter: 162417
                           ->  Hash  (cost=38965.75..38965.75 rows=1500088 width=4) (actual time=681.942..681.943 rows=1500000 loops=1)
                                 Buckets: 2097152  Batches: 1  Memory Usage: 69119kB
                                 ->  Index Only Scan using customer_pkey on customer  (cost=0.43..38965.75 rows=1500088 width=4) (actual time=0.041..243.144 rows=1500000 loops=1)
                                       Heap Fetches: 0
 Settings: jit = 'off', max_parallel_workers_per_gather = '0', work_mem = '128MB'
 Planning Time: 1.334 ms
 Execution Time: 30048.097 ms
(22 rows)

===== 14.sql =====
                                                                            QUERY PLAN                                                                            
------------------------------------------------------------------------------------------------------------------------------------------------------------------
 Limit  (cost=1224756.60..1224756.62 rows=1 width=32) (actual time=6425.680..6425.682 rows=1 loops=1)
   ->  Aggregate  (cost=1224756.60..1224756.62 rows=1 width=32) (actual time=6425.678..6425.680 rows=1 loops=1)
         ->  Hash Join  (cost=118992.78..1211563.56 rows=753888 width=33) (actual time=1793.319..5437.781 rows=772942 loops=1)
               Hash Cond: (lineitem.l_partkey = part.p_partkey)
               ->  Bitmap Heap Scan on lineitem  (cost=19355.92..1088910.73 rows=753888 width=16) (actual time=538.153..3137.203 rows=772942 loops=1)
                     Recheck Cond: ((l_shipdate >= '1994-05-01'::date) AND (l_shipdate < '1994-06-01'::date))
                     Heap Blocks: exact=416660
                     ->  Bitmap Index Scan on idx_lineitem_shipdate  (cost=0.00..19167.44 rows=753888 width=0) (actual time=288.678..288.679 rows=772942 loops=1)
                           Index Cond: ((l_shipdate >= '1994-05-01'::date) AND (l_shipdate < '1994-06-01'::date))
               ->  Hash  (cost=60962.83..60962.83 rows=2000083 width=25) (actual time=1250.732..1250.733 rows=2000000 loops=1)
                     Buckets: 2097152  Batches: 2  Memory Usage: 74141kB
                     ->  Seq Scan on part  (cost=0.00..60962.83 rows=2000083 width=25) (actual time=0.038..575.942 rows=2000000 loops=1)
 Settings: jit = 'off', max_parallel_workers_per_gather = '0', work_mem = '128MB'
 Planning Time: 1.918 ms
 Execution Time: 6428.163 ms
(15 rows)

===== 15.sql =====
                                                                       QUERY PLAN                                                                       
--------------------------------------------------------------------------------------------------------------------------------------------------------
 HashAggregate  (cost=1243184.29..1244415.27 rows=98479 width=36) (actual time=8868.754..8952.571 rows=100000 loops=1)
   Group Key: l_suppkey
   Batches: 1  Memory Usage: 47121kB
   ->  Bitmap Heap Scan on lineitem  (cost=56071.75..1221343.13 rows=2184116 width=16) (actual time=1099.251..5016.949 rows=2265714 loops=1)
         Recheck Cond: ((l_shipdate >= '1996-01-01'::date) AND (l_shipdate < '1996-04-01'::date))
         Heap Blocks: exact=668609
         ->  Bitmap Index Scan on idx_lineitem_shipdate  (cost=0.00..55525.73 rows=2184116 width=0) (actual time=680.745..680.745 rows=2265714 loops=1)
               Index Cond: ((l_shipdate >= '1996-01-01'::date) AND (l_shipdate < '1996-04-01'::date))
 Settings: jit = 'off', max_parallel_workers_per_gather = '0', work_mem = '128MB'
 Planning Time: 0.978 ms
 Execution Time: 8960.907 ms
(11 rows)

CREATE VIEW
                                                                                   QUERY PLAN                                                                                   
--------------------------------------------------------------------------------------------------------------------------------------------------------------------------------
 Limit  (cost=2490334.95..2490345.28 rows=1 width=103) (actual time=17300.586..17300.590 rows=1 loops=1)
   InitPlan 1 (returns $0)
     ->  Aggregate  (cost=1245646.26..1245646.27 rows=1 width=32) (actual time=8651.333..8651.335 rows=1 loops=1)
           ->  HashAggregate  (cost=1243184.29..1244415.27 rows=98479 width=36) (actual time=8552.354..8637.617 rows=100000 loops=1)
                 Group Key: lineitem_1.l_suppkey
                 Batches: 1  Memory Usage: 47121kB
                 ->  Bitmap Heap Scan on lineitem lineitem_1  (cost=56071.75..1221343.13 rows=2184116 width=16) (actual time=1056.431..4754.425 rows=2265714 loops=1)
                       Recheck Cond: ((l_shipdate >= '1996-01-01'::date) AND (l_shipdate < '1996-04-01'::date))
                       Heap Blocks: exact=668609
                       ->  Bitmap Index Scan on idx_lineitem_shipdate  (cost=0.00..55525.73 rows=2184116 width=0) (actual time=655.067..655.068 rows=2265714 loops=1)
                             Index Cond: ((l_shipdate >= '1996-01-01'::date) AND (l_shipdate < '1996-04-01'::date))
   ->  Merge Join  (cost=1244688.68..1249772.16 rows=492 width=103) (actual time=17300.584..17300.585 rows=1 loops=1)
         Merge Cond: (supplier.s_suppkey = revenue0.supplier_no)
         ->  Index Scan using supplier_pkey on supplier  (cost=0.29..4826.39 rows=100000 width=71) (actual time=0.358..25.597 rows=69998 loops=1)
         ->  Sort  (cost=1244688.39..1244689.62 rows=492 width=36) (actual time=17265.540..17265.541 rows=1 loops=1)
               Sort Key: revenue0.supplier_no
               Sort Method: quicksort  Memory: 25kB
               ->  Subquery Scan on revenue0  (cost=1243184.29..1244666.39 rows=492 width=36) (actual time=17205.272..17265.530 rows=1 loops=1)
                     ->  HashAggregate  (cost=1243184.29..1244661.47 rows=492 width=36) (actual time=17205.269..17265.526 rows=1 loops=1)
                           Group Key: lineitem.l_suppkey
                           Filter: (sum((lineitem.l_extendedprice * ('1'::numeric - lineitem.l_discount))) = $0)
                           Batches: 1  Memory Usage: 47121kB
                           Rows Removed by Filter: 99999
                           ->  Bitmap Heap Scan on lineitem  (cost=56071.75..1221343.13 rows=2184116 width=16) (actual time=1056.841..4751.258 rows=2265714 loops=1)
                                 Recheck Cond: ((l_shipdate >= '1996-01-01'::date) AND (l_shipdate < '1996-04-01'::date))
                                 Heap Blocks: exact=668609
                                 ->  Bitmap Index Scan on idx_lineitem_shipdate  (cost=0.00..55525.73 rows=2184116 width=0) (actual time=654.965..654.965 rows=2265714 loops=1)
                                       Index Cond: ((l_shipdate >= '1996-01-01'::date) AND (l_shipdate < '1996-04-01'::date))
 Settings: jit = 'off', max_parallel_workers_per_gather = '0', work_mem = '128MB'
 Planning Time: 0.944 ms
 Execution Time: 17306.958 ms
(31 rows)

DROP VIEW
===== 16.sql =====
                                                                                         QUERY PLAN                                                                                         
--------------------------------------------------------------------------------------------------------------------------------------------------------------------------------------------
 Limit  (cost=403059.11..403059.11 rows=1 width=44) (actual time=11974.828..11974.832 rows=1 loops=1)
   ->  Sort  (cost=403059.11..403443.39 rows=153712 width=44) (actual time=11974.826..11974.830 rows=1 loops=1)
         Sort Key: (count(DISTINCT partsupp.ps_suppkey)) DESC, part.p_brand, part.p_type, part.p_size
         Sort Method: top-N heapsort  Memory: 25kB
         ->  GroupAggregate  (cost=393332.40..402290.55 rows=153712 width=44) (actual time=11086.866..11962.119 rows=27838 loops=1)
               Group Key: part.p_brand, part.p_type, part.p_size
               ->  Sort  (cost=393332.40..394816.61 rows=593682 width=40) (actual time=11086.795..11214.067 rows=1186319 loops=1)
                     Sort Key: part.p_brand, part.p_type, part.p_size
                     Sort Method: quicksort  Memory: 122929kB
                     ->  Hash Join  (cost=98140.92..336400.29 rows=593682 width=40) (actual time=1212.887..7004.816 rows=1186319 loops=1)
                           Hash Cond: (partsupp.ps_partkey = part.p_partkey)
                           ->  Index Only Scan using partsupp_pkey on partsupp  (cost=3466.46..231225.01 rows=4000302 width=8) (actual time=43.492..3915.006 rows=7995520 loops=1)
                                 Filter: (NOT (hashed SubPlan 1))
                                 Rows Removed by Filter: 4480
                                 Heap Fetches: 0
                                 SubPlan 1
                                   ->  Seq Scan on supplier  (cost=0.00..3466.00 rows=10 width=4) (actual time=0.174..43.401 rows=56 loops=1)
                                         Filter: ((s_comment)::text ~~ '%Customer%Complaints%'::text)
                                         Rows Removed by Filter: 99944
                           ->  Hash  (cost=90964.08..90964.08 rows=296831 width=40) (actual time=1168.249..1168.250 rows=296733 loops=1)
                                 Buckets: 524288  Batches: 1  Memory Usage: 25593kB
                                 ->  Seq Scan on part  (cost=0.00..90964.08 rows=296831 width=40) (actual time=0.052..1026.888 rows=296733 loops=1)
                                       Filter: ((p_brand <> 'Brand#12'::bpchar) AND ((p_type)::text !~~ 'SMALL BRUSHED%'::text) AND (p_size = ANY ('{12,32,36,26,40,34,49,9}'::integer[])))
                                       Rows Removed by Filter: 1703267
 Settings: jit = 'off', max_parallel_workers_per_gather = '0', work_mem = '128MB'
 Planning Time: 1.566 ms
 Execution Time: 11979.189 ms
(27 rows)

===== 17-flattened.sql =====
                                                           QUERY PLAN                                                           
--------------------------------------------------------------------------------------------------------------------------------
 HashAggregate  (cost=5567501.61..6180680.44 rows=1823037 width=36) (actual time=71052.913..117132.335 rows=2000000 loops=1)
   Group Key: l_partkey
   Planned Partitions: 8  Batches: 9  Memory Usage: 135249kB  Disk Usage: 1846896kB
   ->  Seq Scan on lineitem  (cost=0.00..1724435.28 rows=59989328 width=9) (actual time=0.426..12148.185 rows=59986052 loops=1)
 Settings: jit = 'off', max_parallel_workers_per_gather = '0', work_mem = '128MB'
 Planning Time: 0.748 ms
 Execution Time: 117334.383 ms
(7 rows)

SELECT 2000000
CREATE INDEX
ANALYZE
                                                                                 QUERY PLAN                                                                                 
----------------------------------------------------------------------------------------------------------------------------------------------------------------------------
 Limit  (cost=238558.14..238558.15 rows=1 width=32) (actual time=738.480..738.482 rows=1 loops=1)
   ->  Aggregate  (cost=238558.14..238558.15 rows=1 width=32) (actual time=738.478..738.479 rows=1 loops=1)
         ->  Nested Loop  (cost=0.87..238510.62 rows=19005 width=8) (actual time=1.154..736.436 rows=5319 loops=1)
               Join Filter: (part.p_partkey = lineitem.l_partkey)
               ->  Nested Loop  (cost=0.43..85372.20 rows=1901 width=21) (actual time=1.133..637.377 rows=1996 loops=1)
                     ->  Seq Scan on part  (cost=0.00..70963.24 rows=1901 width=4) (actual time=1.115..616.124 rows=1996 loops=1)
                           Filter: ((p_brand = 'Brand#22'::bpchar) AND (p_container = 'LG BOX'::bpchar))
                           Rows Removed by Filter: 1998004
                     ->  Index Scan using idx_tmp_avg_quantity on tmp_avg_quantity part_agg  (cost=0.43..7.57 rows=1 width=17) (actual time=0.009..0.009 rows=1 loops=1996)
                           Index Cond: (agg_partkey = part.p_partkey)
               ->  Index Scan using idx_lineitem_part_supp on lineitem  (cost=0.44..80.42 rows=11 width=17) (actual time=0.020..0.048 rows=3 loops=1996)
                     Index Cond: (l_partkey = part_agg.agg_partkey)
                     Filter: (l_quantity < part_agg.avg_quantity)
                     Rows Removed by Filter: 27
 Settings: jit = 'off', max_parallel_workers_per_gather = '0', work_mem = '128MB'
 Planning Time: 1.954 ms
 Execution Time: 738.531 ms
(17 rows)

DROP TABLE
===== 17.sql =====
                                                                            QUERY PLAN                                                                             
-------------------------------------------------------------------------------------------------------------------------------------------------------------------
 Limit  (cost=6413407.65..6413407.66 rows=1 width=32) (actual time=118440.219..118440.223 rows=1 loops=1)
   ->  Aggregate  (cost=6413407.65..6413407.66 rows=1 width=32) (actual time=118440.217..118440.219 rows=1 loops=1)
         ->  Nested Loop  (cost=5638489.05..6413364.34 rows=17323 width=8) (actual time=72260.593..118438.157 rows=5319 loops=1)
               Join Filter: (part.p_partkey = lineitem.l_partkey)
               ->  Hash Join  (cost=5638488.61..6274683.30 rows=1733 width=40) (actual time=72260.549..118335.937 rows=1996 loops=1)
                     Hash Cond: (lineitem_1.l_partkey = part.p_partkey)
                     ->  HashAggregate  (cost=5567501.61..6180680.44 rows=1823037 width=36) (actual time=71549.380..117268.691 rows=2000000 loops=1)
                           Group Key: lineitem_1.l_partkey
                           Planned Partitions: 8  Batches: 9  Memory Usage: 135249kB  Disk Usage: 1846896kB
                           ->  Seq Scan on lineitem lineitem_1  (cost=0.00..1724435.28 rows=59989328 width=9) (actual time=0.457..12300.700 rows=59986052 loops=1)
                     ->  Hash  (cost=70963.24..70963.24 rows=1901 width=4) (actual time=707.724..707.725 rows=1996 loops=1)
                           Buckets: 2048  Batches: 1  Memory Usage: 87kB
                           ->  Seq Scan on part  (cost=0.00..70963.24 rows=1901 width=4) (actual time=0.464..705.463 rows=1996 loops=1)
                                 Filter: ((p_brand = 'Brand#22'::bpchar) AND (p_container = 'LG BOX'::bpchar))
                                 Rows Removed by Filter: 1998004
               ->  Index Scan using idx_lineitem_part_supp on lineitem  (cost=0.44..79.89 rows=11 width=17) (actual time=0.022..0.049 rows=3 loops=1996)
                     Index Cond: (l_partkey = lineitem_1.l_partkey)
                     Filter: (l_quantity < ((0.2 * avg(lineitem_1.l_quantity))))
                     Rows Removed by Filter: 27
 Settings: jit = 'off', max_parallel_workers_per_gather = '0', work_mem = '128MB'
 Planning Time: 2.130 ms
 Execution Time: 118537.833 ms
(22 rows)

===== 18.sql =====
                                                                                                 QUERY PLAN                                                                                                  
-------------------------------------------------------------------------------------------------------------------------------------------------------------------------------------------------------------
 Limit  (cost=9939911.16..9939911.41 rows=100 width=71) (actual time=98164.469..98164.488 rows=99 loops=1)
   ->  Sort  (cost=9939911.16..9989896.76 rows=19994238 width=71) (actual time=98164.467..98164.478 rows=99 loops=1)
         Sort Key: orders.o_totalprice DESC, orders.o_orderdate
         Sort Method: quicksort  Memory: 32kB
         ->  HashAggregate  (cost=8574356.57..9175745.76 rows=19994238 width=71) (actual time=98161.614..98164.246 rows=99 loops=1)
               Group Key: customer.c_custkey, orders.o_orderkey
               Planned Partitions: 64  Batches: 1  Memory Usage: 12369kB
               ->  Hash Join  (cost=69994.52..6618670.17 rows=19994238 width=44) (actual time=3085.766..98160.021 rows=693 loops=1)
                     Hash Cond: (orders.o_custkey = customer.c_custkey)
                     ->  Merge Join  (cost=415.54..6496606.17 rows=19994238 width=25) (actual time=2127.813..97201.226 rows=693 loops=1)
                           Merge Cond: (orders.o_orderkey = lineitem.l_orderkey)
                           ->  Merge Join  (cost=1.00..3729789.81 rows=4999111 width=24) (actual time=1564.588..70442.932 rows=99 loops=1)
                                 Merge Cond: (orders.o_orderkey = lineitem_1.l_orderkey)
                                 ->  Index Scan using orders_pkey on orders  (cost=0.43..650424.24 rows=14998987 width=20) (actual time=0.285..5460.820 rows=14982724 loops=1)
                                 ->  GroupAggregate  (cost=0.56..2929388.10 rows=4999111 width=4) (actual time=1391.147..62940.829 rows=99 loops=1)
                                       Group Key: lineitem_1.l_orderkey
                                       Filter: (sum(lineitem_1.l_quantity) > '313'::numeric)
                                       Rows Removed by Filter: 14999901
                                       ->  Index Scan using idx_lineitem_orderkey on lineitem lineitem_1  (cost=0.56..2404481.48 rows=59989328 width=9) (actual time=0.719..24994.143 rows=59986052 loops=1)
                           ->  Index Scan using idx_lineitem_orderkey on lineitem  (cost=0.56..2404481.48 rows=59989328 width=9) (actual time=0.035..19087.780 rows=59916431 loops=1)
                     ->  Hash  (cost=50827.88..50827.88 rows=1500088 width=23) (actual time=953.625..953.626 rows=1500000 loops=1)
                           Buckets: 2097152  Batches: 1  Memory Usage: 98416kB
                           ->  Seq Scan on customer  (cost=0.00..50827.88 rows=1500088 width=23) (actual time=0.462..434.715 rows=1500000 loops=1)
 Settings: jit = 'off', max_parallel_workers_per_gather = '0', work_mem = '128MB'
 Planning Time: 11.022 ms
 Execution Time: 98169.464 ms
(26 rows)

===== 19.sql =====
                                                                                                                                                                                                                                                                                                                                                                                                                                                                                                            QUERY PLAN                                                                                                                                                                                                                                                                                                                                                                                                                                                                                                            
----------------------------------------------------------------------------------------------------------------------------------------------------------------------------------------------------------------------------------------------------------------------------------------------------------------------------------------------------------------------------------------------------------------------------------------------------------------------------------------------------------------------------------------------------------------------------------------------------------------------------------------------------------------------------------------------------------------------------------------------------------------------------------------------------------------------------------------------------------------------------------------------------------------------------------------------------------------------------------------------------------------------------------
 Limit  (cost=739727.75..739727.76 rows=1 width=32) (actual time=1875.939..1875.940 rows=1 loops=1)
   ->  Aggregate  (cost=739727.75..739727.76 rows=1 width=32) (actual time=1875.937..1875.938 rows=1 loops=1)
         ->  Nested Loop  (cost=0.44..739719.33 rows=1122 width=12) (actual time=4.690..1873.635 rows=1063 loops=1)
               ->  Seq Scan on part  (cost=0.00..125965.53 rows=4702 width=30) (actual time=0.512..1057.039 rows=4781 loops=1)
                     Filter: ((p_size >= 1) AND (((p_brand = 'Brand#24'::bpchar) AND (p_container = ANY ('{"SM CASE","SM BOX","SM PACK","SM PKG"}'::bpchar[])) AND (p_size <= 5)) OR ((p_brand = 'Brand#43'::bpchar) AND (p_container = ANY ('{"MED BAG","MED BOX","MED PKG","MED PACK"}'::bpchar[])) AND (p_size <= 10)) OR ((p_brand = 'Brand#44'::bpchar) AND (p_container = ANY ('{"LG CASE","LG BOX","LG PACK","LG PKG"}'::bpchar[])) AND (p_size <= 15))))
                     Rows Removed by Filter: 1995219
               ->  Index Scan using idx_lineitem_part_supp on lineitem  (cost=0.44..130.52 rows=1 width=21) (actual time=0.153..0.170 rows=0 loops=4781)
                     Index Cond: (l_partkey = part.p_partkey)
                     Filter: ((l_shipmode = ANY ('{AIR,"AIR REG"}'::bpchar[])) AND (l_shipinstruct = 'DELIVER IN PERSON'::bpchar) AND (((l_quantity >= '10'::numeric) AND (l_quantity <= '20'::numeric)) OR ((l_quantity >= '10'::numeric) AND (l_quantity <= '20'::numeric)) OR ((l_quantity >= '20'::numeric) AND (l_quantity <= '30'::numeric))) AND (((part.p_brand = 'Brand#24'::bpchar) AND (part.p_container = ANY ('{"SM CASE","SM BOX","SM PACK","SM PKG"}'::bpchar[])) AND (l_quantity >= '10'::numeric) AND (l_quantity <= '20'::numeric) AND (part.p_size <= 5)) OR ((part.p_brand = 'Brand#43'::bpchar) AND (part.p_container = ANY ('{"MED BAG","MED BOX","MED PKG","MED PACK"}'::bpchar[])) AND (l_quantity >= '10'::numeric) AND (l_quantity <= '20'::numeric) AND (part.p_size <= 10)) OR ((part.p_brand = 'Brand#44'::bpchar) AND (part.p_container = ANY ('{"LG CASE","LG BOX","LG PACK","LG PKG"}'::bpchar[])) AND (l_quantity >= '20'::numeric) AND (l_quantity <= '30'::numeric) AND (part.p_size <= 15))))
                     Rows Removed by Filter: 30
 Settings: jit = 'off', max_parallel_workers_per_gather = '0', work_mem = '128MB'
 Planning Time: 2.394 ms
 Execution Time: 1876.049 ms
(13 rows)

===== 1.sql =====
                                                                 QUERY PLAN                                                                  
---------------------------------------------------------------------------------------------------------------------------------------------
 Limit  (cost=3946549.77..3946549.78 rows=1 width=236) (actual time=206958.298..206958.300 rows=1 loops=1)
   ->  Sort  (cost=3946549.77..3946549.79 rows=6 width=236) (actual time=206958.296..206958.297 rows=1 loops=1)
         Sort Key: l_returnflag, l_linestatus
         Sort Method: top-N heapsort  Memory: 25kB
         ->  HashAggregate  (cost=3946549.58..3946549.75 rows=6 width=236) (actual time=206958.239..206958.258 rows=4 loops=1)
               Group Key: l_returnflag, l_linestatus
               Batches: 1  Memory Usage: 32kB
               ->  Seq Scan on lineitem  (cost=0.00..1874408.60 rows=59204028 width=25) (actual time=0.373..25410.904 rows=59284448 loops=1)
                     Filter: (l_shipdate <= '1998-09-10 00:00:00'::timestamp without time zone)
                     Rows Removed by Filter: 701604
 Settings: jit = 'off', max_parallel_workers_per_gather = '0', work_mem = '128MB'
 Planning Time: 1.061 ms
 Execution Time: 206958.422 ms
(13 rows)

===== 20-flattened.sql =====
                                                                        QUERY PLAN                                                                         
-----------------------------------------------------------------------------------------------------------------------------------------------------------
 HashAggregate  (cost=2090087.14..2250304.84 rows=4819195 width=40) (actual time=106677.553..122409.673 rows=5448842 loops=1)
   Group Key: l_partkey, l_suppkey
   Planned Partitions: 16  Batches: 81  Memory Usage: 135313kB  Disk Usage: 342848kB
   ->  Bitmap Heap Scan on lineitem  (cost=231155.66..1490757.79 rows=9004009 width=13) (actual time=3252.069..91485.257 rows=9123688 loops=1)
         Recheck Cond: ((l_shipdate >= '1996-01-01'::date) AND (l_shipdate < '1997-01-01'::date))
         Heap Blocks: exact=1048319
         ->  Bitmap Index Scan on idx_lineitem_shipdate  (cost=0.00..228904.65 rows=9004009 width=0) (actual time=2556.593..2556.594 rows=9123688 loops=1)
               Index Cond: ((l_shipdate >= '1996-01-01'::date) AND (l_shipdate < '1997-01-01'::date))
 Settings: jit = 'off', max_parallel_workers_per_gather = '0', work_mem = '128MB'
 Planning Time: 3.260 ms
 Execution Time: 122714.785 ms
(11 rows)

SELECT 5448842
CREATE INDEX
ANALYZE
                                                                                   QUERY PLAN                                                                                   
--------------------------------------------------------------------------------------------------------------------------------------------------------------------------------
 Limit  (cost=58406.75..58406.75 rows=1 width=51) (actual time=9145.994..9145.997 rows=1 loops=1)
   ->  Sort  (cost=58406.75..58406.75 rows=1 width=51) (actual time=9145.992..9145.994 rows=1 loops=1)
         Sort Key: supplier.s_name
         Sort Method: top-N heapsort  Memory: 25kB
         ->  Nested Loop Semi Join  (cost=48.59..58406.74 rows=1 width=51) (actual time=10.951..9140.485 rows=1821 loops=1)
               ->  Nested Loop  (cost=47.29..2404.57 rows=4000 width=55) (actual time=3.872..22.554 rows=4095 loops=1)
                     ->  Seq Scan on nation  (cost=0.00..1.31 rows=1 width=4) (actual time=0.275..0.282 rows=1 loops=1)
                           Filter: (n_name = 'IRAQ'::bpchar)
                           Rows Removed by Filter: 24
                     ->  Bitmap Heap Scan on supplier  (cost=47.29..2363.25 rows=4000 width=59) (actual time=3.591..20.165 rows=4095 loops=1)
                           Recheck Cond: (s_nationkey = nation.n_nationkey)
                           Heap Blocks: exact=1867
                           ->  Bitmap Index Scan on idx_supplier_nation_key  (cost=0.00..46.29 rows=4000 width=0) (actual time=2.602..2.602 rows=4095 loops=1)
                                 Index Cond: (s_nationkey = nation.n_nationkey)
               ->  Nested Loop  (cost=1.30..13.99 rows=1 width=8) (actual time=2.226..2.226 rows=0 loops=4095)
                     Join Filter: (supplier.s_suppkey = agg_lineitem.agg_suppkey)
                     ->  Nested Loop  (cost=0.87..13.50 rows=1 width=16) (actual time=1.956..2.216 rows=1 loops=4095)
                           ->  Index Scan using idx_partsupp_suppkey on partsupp  (cost=0.43..9.08 rows=80 width=12) (actual time=0.027..1.111 rows=61 loops=4095)
                                 Index Cond: (ps_suppkey = supplier.s_suppkey)
                           ->  Memoize  (cost=0.44..0.48 rows=1 width=4) (actual time=0.018..0.018 rows=0 loops=248000)
                                 Cache Key: partsupp.ps_partkey
                                 Hits: 11702  Misses: 236298  Evictions: 0  Overflows: 0  Memory Usage: 15783kB
                                 ->  Index Scan using part_pkey on part  (cost=0.43..0.47 rows=1 width=4) (actual time=0.017..0.017 rows=0 loops=236298)
                                       Index Cond: (p_partkey = partsupp.ps_partkey)
                                       Filter: ((p_name)::text ~~ 'olive%'::text)
                                       Rows Removed by Filter: 1
                     ->  Index Scan using idx_tmp_agg_lineitem on tmp_agg_lineitem agg_lineitem  (cost=0.43..0.48 rows=1 width=13) (actual time=0.013..0.013 rows=1 loops=2732)
                           Index Cond: ((agg_partkey = partsupp.ps_partkey) AND (agg_suppkey = partsupp.ps_suppkey))
                           Filter: ((partsupp.ps_availqty)::numeric > agg_quantity)
                           Rows Removed by Filter: 0
 Settings: jit = 'off', max_parallel_workers_per_gather = '0', work_mem = '128MB'
 Planning Time: 11.593 ms
 Execution Time: 9147.374 ms
(33 rows)

DROP TABLE
===== 20.sql =====
                                                                                          QUERY PLAN                                                                                           
-----------------------------------------------------------------------------------------------------------------------------------------------------------------------------------------------
 Limit  (cost=2412699.82..2412699.83 rows=1 width=51) (actual time=155887.010..155887.016 rows=1 loops=1)
   ->  Sort  (cost=2412699.82..2412699.83 rows=1 width=51) (actual time=155887.008..155887.013 rows=1 loops=1)
         Sort Key: supplier.s_name
         Sort Method: top-N heapsort  Memory: 25kB
         ->  Nested Loop Semi Join  (cost=2156303.15..2412699.81 rows=1 width=51) (actual time=106734.468..155883.358 rows=1821 loops=1)
               Join Filter: (supplier.s_suppkey = lineitem.l_suppkey)
               Rows Removed by Join Filter: 183310388
               ->  Nested Loop  (cost=0.00..4467.31 rows=4000 width=55) (actual time=0.039..41.528 rows=4095 loops=1)
                     Join Filter: (supplier.s_nationkey = nation.n_nationkey)
                     Rows Removed by Join Filter: 95905
                     ->  Seq Scan on nation  (cost=0.00..1.31 rows=1 width=4) (actual time=0.023..0.029 rows=1 loops=1)
                           Filter: (n_name = 'IRAQ'::bpchar)
                           Rows Removed by Filter: 24
                     ->  Seq Scan on supplier  (cost=0.00..3216.00 rows=100000 width=59) (actual time=0.010..24.512 rows=100000 loops=1)
               ->  Materialize  (cost=2156303.15..2408052.51 rows=3 width=8) (actual time=24.343..32.425 rows=44765 loops=4095)
                     ->  Nested Loop  (cost=2156303.15..2408052.49 rows=3 width=8) (actual time=99684.919..121174.113 rows=59002 loops=1)
                           ->  Hash Join  (cost=2156302.72..2377362.78 rows=48679 width=44) (actual time=99684.191..117112.842 rows=59125 loops=1)
                                 Hash Cond: (lineitem.l_partkey = part.p_partkey)
                                 ->  HashAggregate  (cost=2090087.14..2250304.84 rows=4819195 width=40) (actual time=99021.765..115124.984 rows=5448842 loops=1)
                                       Group Key: lineitem.l_partkey, lineitem.l_suppkey
                                       Planned Partitions: 16  Batches: 81  Memory Usage: 135313kB  Disk Usage: 342848kB
                                       ->  Bitmap Heap Scan on lineitem  (cost=231155.66..1490757.79 rows=9004009 width=13) (actual time=3232.145..84302.174 rows=9123688 loops=1)
                                             Recheck Cond: ((l_shipdate >= '1996-01-01'::date) AND (l_shipdate < '1997-01-01'::date))
                                             Heap Blocks: exact=1048319
                                             ->  Bitmap Index Scan on idx_lineitem_shipdate  (cost=0.00..228904.65 rows=9004009 width=0) (actual time=2538.056..2538.056 rows=9123688 loops=1)
                                                   Index Cond: ((l_shipdate >= '1996-01-01'::date) AND (l_shipdate < '1997-01-01'::date))
                                 ->  Hash  (cost=65963.04..65963.04 rows=20203 width=4) (actual time=662.278..662.279 rows=21718 loops=1)
                                       Buckets: 32768  Batches: 1  Memory Usage: 1020kB
                                       ->  Seq Scan on part  (cost=0.00..65963.04 rows=20203 width=4) (actual time=0.237..650.331 rows=21718 loops=1)
                                             Filter: ((p_name)::text ~~ 'olive%'::text)
                                             Rows Removed by Filter: 1978282
                           ->  Index Scan using partsupp_pkey on partsupp  (cost=0.43..0.62 rows=1 width=12) (actual time=0.067..0.067 rows=1 loops=59125)
                                 Index Cond: ((ps_partkey = lineitem.l_partkey) AND (ps_suppkey = lineitem.l_suppkey))
                                 Filter: ((ps_availqty)::numeric > ((0.5 * sum(lineitem.l_quantity))))
                                 Rows Removed by Filter: 0
 Settings: jit = 'off', max_parallel_workers_per_gather = '0', work_mem = '128MB'
 Planning Time: 8.550 ms
 Execution Time: 155915.432 ms
(38 rows)

===== 21.sql =====
                                                                                            QUERY PLAN                                                                                             
---------------------------------------------------------------------------------------------------------------------------------------------------------------------------------------------------
 Limit  (cost=4271946.07..4271946.07 rows=1 width=34) (actual time=92058.158..92058.180 rows=100 loops=1)
   ->  Sort  (cost=4271946.07..4271946.07 rows=1 width=34) (actual time=92058.157..92058.170 rows=100 loops=1)
         Sort Key: (count(*)) DESC, supplier.s_name
         Sort Method: top-N heapsort  Memory: 38kB
         ->  GroupAggregate  (cost=4271946.04..4271946.06 rows=1 width=34) (actual time=92040.105..92056.065 rows=3991 loops=1)
               Group Key: supplier.s_name
               ->  Sort  (cost=4271946.04..4271946.04 rows=1 width=26) (actual time=92040.090..92045.120 rows=39281 loops=1)
                     Sort Key: supplier.s_name
                     Sort Method: quicksort  Memory: 3378kB
                     ->  Nested Loop Semi Join  (cost=2204931.70..4271946.03 rows=1 width=26) (actual time=35183.525..91841.112 rows=39281 loops=1)
                           Join Filter: (l2.l_suppkey <> l1.l_suppkey)
                           Rows Removed by Join Filter: 42023
                           ->  Nested Loop  (cost=2204931.14..4271938.49 rows=1 width=38) (actual time=35166.161..83520.084 rows=65960 loops=1)
                                 ->  Hash Anti Join  (cost=2204930.70..4271931.17 rows=1 width=34) (actual time=35163.812..71656.157 rows=134155 loops=1)
                                       Hash Cond: (l1.l_orderkey = l3.l_orderkey)
                                       Join Filter: (l3.l_suppkey <> l1.l_suppkey)
                                       Rows Removed by Join Filter: 547662
                                       ->  Hash Join  (cost=2454.57..1959848.41 rows=799858 width=34) (actual time=25.759..28336.997 rows=1514267 loops=1)
                                             Hash Cond: (l1.l_suppkey = supplier.s_suppkey)
                                             ->  Seq Scan on lineitem l1  (cost=0.00..1874408.60 rows=19996443 width=8) (actual time=0.237..21368.121 rows=37929348 loops=1)
                                                   Filter: (l_receiptdate > l_commitdate)
                                                   Rows Removed by Filter: 22056704
                                             ->  Hash  (cost=2404.57..2404.57 rows=4000 width=30) (actual time=25.442..25.444 rows=3991 loops=1)
                                                   Buckets: 4096  Batches: 1  Memory Usage: 282kB
                                                   ->  Nested Loop  (cost=47.29..2404.57 rows=4000 width=30) (actual time=3.924..23.616 rows=3991 loops=1)
                                                         ->  Seq Scan on nation  (cost=0.00..1.31 rows=1 width=4) (actual time=0.224..0.231 rows=1 loops=1)
                                                               Filter: (n_name = 'PERU'::bpchar)
                                                               Rows Removed by Filter: 24
                                                         ->  Bitmap Heap Scan on supplier  (cost=47.29..2363.25 rows=4000 width=34) (actual time=3.689..22.275 rows=3991 loops=1)
                                                               Recheck Cond: (s_nationkey = nation.n_nationkey)
                                                               Heap Blocks: exact=1873
                                                               ->  Bitmap Index Scan on idx_supplier_nation_key  (cost=0.00..46.29 rows=4000 width=0) (actual time=2.732..2.732 rows=3991 loops=1)
                                                                     Index Cond: (s_nationkey = nation.n_nationkey)
                                       ->  Hash  (cost=1874408.60..1874408.60 rows=19996443 width=8) (actual time=35122.865..35122.865 rows=37929348 loops=1)
                                             Buckets: 4194304  Batches: 16  Memory Usage: 125295kB
                                             ->  Seq Scan on lineitem l3  (cost=0.00..1874408.60 rows=19996443 width=8) (actual time=0.021..23678.415 rows=37929348 loops=1)
                                                   Filter: (l_receiptdate > l_commitdate)
                                                   Rows Removed by Filter: 22056704
                                 ->  Index Scan using orders_pkey on orders  (cost=0.43..7.32 rows=1 width=4) (actual time=0.087..0.087 rows=0 loops=134155)
                                       Index Cond: (o_orderkey = l1.l_orderkey)
                                       Filter: (o_orderstatus = 'F'::bpchar)
                                       Rows Removed by Filter: 1
                           ->  Index Scan using idx_lineitem_orderkey on lineitem l2  (cost=0.56..7.52 rows=4 width=8) (actual time=0.123..0.124 rows=1 loops=65960)
                                 Index Cond: (l_orderkey = orders.o_orderkey)
 Settings: jit = 'off', max_parallel_workers_per_gather = '0', work_mem = '128MB'
 Planning Time: 15.271 ms
 Execution Time: 92060.627 ms
(47 rows)

===== 22.sql =====
                                                                          QUERY PLAN                                                                          
--------------------------------------------------------------------------------------------------------------------------------------------------------------
 Limit  (cost=162956.61..162956.64 rows=1 width=72) (actual time=4295.834..4295.837 rows=1 loops=1)
   InitPlan 1 (returns $0)
     ->  Aggregate  (cost=75323.46..75323.47 rows=1 width=32) (actual time=1894.610..1894.611 rows=1 loops=1)
           ->  Seq Scan on customer customer_1  (cost=0.00..75204.31 rows=47660 width=6) (actual time=0.014..1788.366 rows=382426 loops=1)
                 Filter: ((c_acctbal > 0.00) AND (SUBSTRING(c_phone FROM 1 FOR 2) = ANY ('{21,29,26,34,14,15,17}'::text[])))
                 Rows Removed by Filter: 1117574
   ->  GroupAggregate  (cost=87633.14..87852.86 rows=7990 width=72) (actual time=4295.832..4295.833 rows=1 loops=1)
         Group Key: (SUBSTRING(customer.c_phone FROM 1 FOR 2))
         ->  Sort  (cost=87633.14..87653.11 rows=7990 width=38) (actual time=4291.557..4292.148 rows=9006 loops=1)
               Sort Key: (SUBSTRING(customer.c_phone FROM 1 FOR 2))
               Sort Method: quicksort  Memory: 4513kB
               ->  Nested Loop Anti Join  (cost=0.43..87115.22 rows=7990 width=38) (actual time=1894.704..4255.365 rows=63509 loops=1)
                     ->  Seq Scan on customer  (cost=0.00..75204.31 rows=17501 width=26) (actual time=1894.679..3327.202 rows=191129 loops=1)
                           Filter: ((c_acctbal > $0) AND (SUBSTRING(c_phone FROM 1 FOR 2) = ANY ('{21,29,26,34,14,15,17}'::text[])))
                           Rows Removed by Filter: 1308871
                     ->  Index Only Scan using idx_orders_custkey on orders  (cost=0.43..3.30 rows=18 width=4) (actual time=0.004..0.004 rows=1 loops=191129)
                           Index Cond: (o_custkey = customer.c_custkey)
                           Heap Fetches: 0
 Settings: jit = 'off', max_parallel_workers_per_gather = '0', work_mem = '128MB'
 Planning Time: 1.568 ms
 Execution Time: 4296.136 ms
(21 rows)

===== 2-flattened.sql =====
                                                                       QUERY PLAN                                                                        
---------------------------------------------------------------------------------------------------------------------------------------------------------
 HashAggregate  (cost=207697.69..211908.01 rows=421032 width=36) (actual time=5544.580..6416.970 rows=1182884 loops=1)
   Group Key: partsupp.ps_partkey
   Batches: 5  Memory Usage: 139313kB  Disk Usage: 15632kB
   ->  Nested Loop  (cost=42.10..199697.08 rows=1600121 width=10) (actual time=1.725..4062.028 rows=1604080 loops=1)
         ->  Nested Loop  (cost=41.67..2184.07 rows=20000 width=4) (actual time=1.700..74.031 rows=20051 loops=1)
               ->  Nested Loop  (cost=0.14..13.95 rows=5 width=4) (actual time=0.075..0.112 rows=5 loops=1)
                     Join Filter: (nation.n_regionkey = region.r_regionkey)
                     Rows Removed by Join Filter: 20
                     ->  Index Scan using nation_pkey on nation  (cost=0.14..12.51 rows=25 width=8) (actual time=0.042..0.055 rows=25 loops=1)
                     ->  Materialize  (cost=0.00..1.07 rows=1 width=4) (actual time=0.001..0.001 rows=1 loops=25)
                           ->  Seq Scan on region  (cost=0.00..1.06 rows=1 width=4) (actual time=0.021..0.023 rows=1 loops=1)
                                 Filter: (r_name = 'AMERICA'::bpchar)
                                 Rows Removed by Filter: 4
               ->  Bitmap Heap Scan on supplier  (cost=41.53..394.02 rows=4000 width=8) (actual time=1.529..13.515 rows=4010 loops=5)
                     Recheck Cond: (s_nationkey = nation.n_nationkey)
                     Heap Blocks: exact=9388
                     ->  Bitmap Index Scan on idx_supplier_nation_key  (cost=0.00..40.53 rows=4000 width=0) (actual time=0.944..0.944 rows=4010 loops=5)
                           Index Cond: (s_nationkey = nation.n_nationkey)
         ->  Index Scan using idx_partsupp_suppkey on partsupp  (cost=0.43..9.08 rows=80 width=14) (actual time=0.010..0.175 rows=80 loops=20051)
               Index Cond: (ps_suppkey = supplier.s_suppkey)
 Settings: jit = 'off', max_parallel_workers_per_gather = '0', work_mem = '128MB'
 Planning Time: 2.072 ms
 Execution Time: 6477.793 ms
(23 rows)

SELECT 1182884
CREATE INDEX
ANALYZE
                                                                             QUERY PLAN                                                                             
--------------------------------------------------------------------------------------------------------------------------------------------------------------------
 Limit  (cost=517791.10..517791.10 rows=1 width=192) (actual time=6393.591..6393.612 rows=100 loops=1)
   ->  Sort  (cost=517791.10..517791.10 rows=1 width=192) (actual time=6393.589..6393.602 rows=100 loops=1)
         Sort Key: supplier.s_acctbal DESC, nation.n_name, supplier.s_name, part.p_partkey
         Sort Method: top-N heapsort  Memory: 71kB
         ->  Hash Join  (cost=265356.45..517791.09 rows=1 width=192) (actual time=5235.695..6388.620 rows=4737 loops=1)
               Hash Cond: ((part.p_partkey = partsupp.ps_partkey) AND ((SubPlan 1) = partsupp.ps_supplycost))
               ->  Seq Scan on part  (cost=0.00..70963.24 rows=8417 width=30) (actual time=0.029..737.757 rows=8046 loops=1)
                     Filter: (((p_type)::text ~~ '%NICKEL'::text) AND (p_size = 16))
                     Rows Removed by Filter: 1991954
               ->  Hash  (cost=202288.63..202288.63 rows=1600121 width=172) (actual time=5234.597..5234.600 rows=1604080 loops=1)
                     Buckets: 1048576  Batches: 4  Memory Usage: 90233kB
                     ->  Nested Loop  (cost=2.00..202288.63 rows=1600121 width=172) (actual time=0.103..3754.179 rows=1604080 loops=1)
                           ->  Nested Loop  (cost=1.56..4775.62 rows=20000 width=166) (actual time=0.079..116.613 rows=20051 loops=1)
                                 Join Filter: (nation.n_regionkey = region.r_regionkey)
                                 Rows Removed by Join Filter: 79949
                                 ->  Seq Scan on region  (cost=0.00..1.06 rows=1 width=4) (actual time=0.028..0.031 rows=1 loops=1)
                                       Filter: (r_name = 'AMERICA'::bpchar)
                                       Rows Removed by Filter: 4
                                 ->  Hash Join  (cost=1.56..3524.56 rows=100000 width=170) (actual time=0.046..99.142 rows=100000 loops=1)
                                       Hash Cond: (supplier.s_nationkey = nation.n_nationkey)
                                       ->  Seq Scan on supplier  (cost=0.00..3216.00 rows=100000 width=144) (actual time=0.007..25.970 rows=100000 loops=1)
                                       ->  Hash  (cost=1.25..1.25 rows=25 width=34) (actual time=0.025..0.025 rows=25 loops=1)
                                             Buckets: 1024  Batches: 1  Memory Usage: 10kB
                                             ->  Seq Scan on nation  (cost=0.00..1.25 rows=25 width=34) (actual time=0.004..0.012 rows=25 loops=1)
                           ->  Index Scan using idx_partsupp_suppkey on partsupp  (cost=0.43..9.08 rows=80 width=14) (actual time=0.008..0.152 rows=80 loops=20051)
                                 Index Cond: (ps_suppkey = supplier.s_suppkey)
               SubPlan 1
                 ->  Index Scan using tmp_supplycost_idx on tmp_supplycost  (cost=0.43..8.45 rows=1 width=6) (actual time=0.007..0.007 rows=1 loops=12783)
                       Index Cond: (ps_partkey = part.p_partkey)
 Settings: jit = 'off', max_parallel_workers_per_gather = '0', work_mem = '128MB'
 Planning Time: 2.376 ms
 Execution Time: 6393.986 ms
(32 rows)

DROP TABLE
===== 2.sql =====
                                                                                        QUERY PLAN                                                                                         
-------------------------------------------------------------------------------------------------------------------------------------------------------------------------------------------
 Limit  (cost=1769818.80..1769818.81 rows=1 width=192) (actual time=8641.510..8641.531 rows=100 loops=1)
   ->  Sort  (cost=1769818.80..1769818.81 rows=1 width=192) (actual time=8641.509..8641.521 rows=100 loops=1)
         Sort Key: supplier.s_acctbal DESC, nation.n_name, supplier.s_name, part.p_partkey
         Sort Method: top-N heapsort  Memory: 71kB
         ->  Merge Join  (cost=503910.78..1769818.79 rows=1 width=192) (actual time=5841.456..8636.151 rows=4737 loops=1)
               Merge Cond: (part.p_partkey = partsupp.ps_partkey)
               Join Filter: (partsupp.ps_supplycost = (SubPlan 1))
               Rows Removed by Join Filter: 1661
               ->  Index Scan using part_pkey on part  (cost=0.43..102915.09 rows=8417 width=30) (actual time=0.048..1154.666 rows=8046 loops=1)
                     Filter: (((p_type)::text ~~ '%NICKEL'::text) AND (p_size = 16))
                     Rows Removed by Filter: 1991954
               ->  Materialize  (cost=503910.10..511910.70 rows=1600121 width=172) (actual time=5841.197..6729.333 rows=1603828 loops=1)
                     ->  Sort  (cost=503910.10..507910.40 rows=1600121 width=172) (actual time=5841.191..6327.679 rows=1603828 loops=1)
                           Sort Key: partsupp.ps_partkey
                           Sort Method: external merge  Disk: 293456kB
                           ->  Nested Loop  (cost=2.00..202288.63 rows=1600121 width=172) (actual time=0.084..3987.725 rows=1604080 loops=1)
                                 ->  Nested Loop  (cost=1.56..4775.62 rows=20000 width=166) (actual time=0.064..119.285 rows=20051 loops=1)
                                       Join Filter: (nation.n_regionkey = region.r_regionkey)
                                       Rows Removed by Join Filter: 79949
                                       ->  Seq Scan on region  (cost=0.00..1.06 rows=1 width=4) (actual time=0.013..0.017 rows=1 loops=1)
                                             Filter: (r_name = 'AMERICA'::bpchar)
                                             Rows Removed by Filter: 4
                                       ->  Hash Join  (cost=1.56..3524.56 rows=100000 width=170) (actual time=0.048..101.998 rows=100000 loops=1)
                                             Hash Cond: (supplier.s_nationkey = nation.n_nationkey)
                                             ->  Seq Scan on supplier  (cost=0.00..3216.00 rows=100000 width=144) (actual time=0.003..23.593 rows=100000 loops=1)
                                             ->  Hash  (cost=1.25..1.25 rows=25 width=34) (actual time=0.027..0.028 rows=25 loops=1)
                                                   Buckets: 1024  Batches: 1  Memory Usage: 10kB
                                                   ->  Seq Scan on nation  (cost=0.00..1.25 rows=25 width=34) (actual time=0.008..0.015 rows=25 loops=1)
                                 ->  Index Scan using idx_partsupp_suppkey on partsupp  (cost=0.43..9.08 rows=80 width=14) (actual time=0.009..0.164 rows=80 loops=20051)
                                       Index Cond: (ps_suppkey = supplier.s_suppkey)
               SubPlan 1
                 ->  Aggregate  (cost=170.90..170.91 rows=1 width=32) (actual time=0.052..0.052 rows=1 loops=6398)
                       ->  Nested Loop  (cost=0.86..170.89 rows=4 width=6) (actual time=0.030..0.049 rows=2 loops=6398)
                             Join Filter: (nation_1.n_regionkey = region_1.r_regionkey)
                             Rows Removed by Join Filter: 2
                             ->  Seq Scan on region region_1  (cost=0.00..1.06 rows=1 width=4) (actual time=0.002..0.003 rows=1 loops=6398)
                                   Filter: (r_name = 'AMERICA'::bpchar)
                                   Rows Removed by Filter: 4
                             ->  Nested Loop  (cost=0.86..169.59 rows=19 width=10) (actual time=0.018..0.044 rows=4 loops=6398)
                                   ->  Nested Loop  (cost=0.72..166.66 rows=19 width=10) (actual time=0.015..0.032 rows=4 loops=6398)
                                         ->  Index Scan using idx_partsupp_partkey on partsupp partsupp_1  (cost=0.43..8.77 rows=19 width=10) (actual time=0.009..0.010 rows=4 loops=6398)
                                               Index Cond: (ps_partkey = part.p_partkey)
                                         ->  Index Scan using supplier_pkey on supplier supplier_1  (cost=0.29..8.31 rows=1 width=8) (actual time=0.004..0.004 rows=1 loops=25592)
                                               Index Cond: (s_suppkey = partsupp_1.ps_suppkey)
                                   ->  Index Scan using nation_pkey on nation nation_1  (cost=0.14..0.16 rows=1 width=8) (actual time=0.002..0.002 rows=1 loops=25592)
                                         Index Cond: (n_nationkey = supplier_1.s_nationkey)
 Settings: jit = 'off', max_parallel_workers_per_gather = '0', work_mem = '128MB'
 Planning Time: 4.506 ms
 Execution Time: 8660.519 ms
(49 rows)

===== 3.sql =====
                                                                                      QUERY PLAN                                                                                       
---------------------------------------------------------------------------------------------------------------------------------------------------------------------------------------
 Limit  (cost=2956981.13..2956981.15 rows=10 width=44) (actual time=52795.297..52795.304 rows=10 loops=1)
   ->  Sort  (cost=2956981.13..2964837.34 rows=3142486 width=44) (actual time=52795.294..52795.299 rows=10 loops=1)
         Sort Key: (sum((lineitem.l_extendedprice * ('1'::numeric - lineitem.l_discount)))) DESC, orders.o_orderdate
         Sort Method: top-N heapsort  Memory: 26kB
         ->  HashAggregate  (cost=2812966.05..2889073.14 rows=3142486 width=44) (actual time=52642.676..52745.941 rows=113934 loops=1)
               Group Key: lineitem.l_orderkey, orders.o_orderdate, orders.o_shippriority
               Planned Partitions: 8  Batches: 1  Memory Usage: 61457kB
               ->  Hash Join  (cost=528204.49..2555675.01 rows=3142486 width=24) (actual time=26298.264..52069.298 rows=301530 loops=1)
                     Hash Cond: (lineitem.l_orderkey = orders.o_orderkey)
                     ->  Seq Scan on lineitem  (cost=0.00..1874408.60 rows=32436550 width=16) (actual time=0.204..19612.121 rows=32534229 loops=1)
                           Filter: (l_shipdate > '1995-03-07'::date)
                           Rows Removed by Filter: 27451823
                     ->  Hash  (cost=510040.53..510040.53 rows=1453117 width=12) (actual time=26292.923..26292.925 rows=1451805 loops=1)
                           Buckets: 2097152  Batches: 1  Memory Usage: 78767kB
                           ->  Hash Join  (cost=139382.99..510040.53 rows=1453117 width=12) (actual time=1873.085..25436.504 rows=1451805 loops=1)
                                 Hash Cond: (orders.o_custkey = customer.c_custkey)
                                 ->  Bitmap Heap Scan on orders  (cost=81049.66..432660.41 rows=7255900 width=16) (actual time=1247.894..21162.615 rows=7239437 loops=1)
                                       Recheck Cond: (o_orderdate < '1995-03-07'::date)
                                       Heap Blocks: exact=260912
                                       ->  Bitmap Index Scan on idx_orders_orderdate  (cost=0.00..79235.68 rows=7255900 width=0) (actual time=1103.630..1103.630 rows=7239437 loops=1)
                                             Index Cond: (o_orderdate < '1995-03-07'::date)
                                 ->  Hash  (cost=54578.10..54578.10 rows=300418 width=4) (actual time=624.007..624.008 rows=300276 loops=1)
                                       Buckets: 524288  Batches: 1  Memory Usage: 14653kB
                                       ->  Seq Scan on customer  (cost=0.00..54578.10 rows=300418 width=4) (actual time=0.305..521.475 rows=300276 loops=1)
                                             Filter: (c_mktsegment = 'BUILDING'::bpchar)
                                             Rows Removed by Filter: 1199724
 Settings: jit = 'off', max_parallel_workers_per_gather = '0', work_mem = '128MB'
 Planning Time: 7.664 ms
 Execution Time: 52802.120 ms
(29 rows)

===== 4.sql =====
                                                                              QUERY PLAN                                                                              
----------------------------------------------------------------------------------------------------------------------------------------------------------------------
 Limit  (cost=2587164.02..2587164.02 rows=1 width=24) (actual time=62234.628..62234.632 rows=1 loops=1)
   ->  Sort  (cost=2587164.02..2587164.03 rows=5 width=24) (actual time=62234.626..62234.629 rows=1 loops=1)
         Sort Key: orders.o_orderpriority
         Sort Method: top-N heapsort  Memory: 25kB
         ->  HashAggregate  (cost=2587163.94..2587163.99 rows=5 width=24) (actual time=62234.567..62234.572 rows=5 loops=1)
               Group Key: orders.o_orderpriority
               Batches: 1  Memory Usage: 24kB
               ->  Hash Semi Join  (cost=2210366.77..2584279.29 rows=576931 width=16) (actual time=33933.696..61907.936 rows=513822 loops=1)
                     Hash Cond: (orders.o_orderkey = lineitem.l_orderkey)
                     ->  Bitmap Heap Scan on orders  (cost=7890.63..277457.56 rows=576995 width=20) (actual time=262.836..21506.677 rows=560424 loops=1)
                           Recheck Cond: ((o_orderdate >= '1993-12-01'::date) AND (o_orderdate < '1994-03-01'::date))
                           Heap Blocks: exact=231732
                           ->  Bitmap Index Scan on idx_orders_orderdate  (cost=0.00..7746.39 rows=576995 width=0) (actual time=134.834..134.834 rows=560424 loops=1)
                                 Index Cond: ((o_orderdate >= '1993-12-01'::date) AND (o_orderdate < '1994-03-01'::date))
                     ->  Hash  (cost=1874408.60..1874408.60 rows=19996443 width=4) (actual time=33660.662..33660.663 rows=37929348 loops=1)
                           Buckets: 4194304  Batches: 16  Memory Usage: 116042kB
                           ->  Seq Scan on lineitem  (cost=0.00..1874408.60 rows=19996443 width=4) (actual time=0.218..23131.896 rows=37929348 loops=1)
                                 Filter: (l_commitdate < l_receiptdate)
                                 Rows Removed by Filter: 22056704
 Settings: jit = 'off', max_parallel_workers_per_gather = '0', work_mem = '128MB'
 Planning Time: 6.146 ms
 Execution Time: 62236.388 ms
(22 rows)

===== 5.sql =====
                                                                                           QUERY PLAN                                                                                            
-------------------------------------------------------------------------------------------------------------------------------------------------------------------------------------------------
 Limit  (cost=2372004.19..2372004.19 rows=1 width=58) (actual time=52438.429..52438.437 rows=1 loops=1)
   ->  Sort  (cost=2372004.19..2372004.25 rows=25 width=58) (actual time=52438.427..52438.434 rows=1 loops=1)
         Sort Key: (sum((lineitem.l_extendedprice * ('1'::numeric - lineitem.l_discount)))) DESC
         Sort Method: top-N heapsort  Memory: 25kB
         ->  GroupAggregate  (cost=2371099.59..2372004.06 rows=25 width=58) (actual time=52374.442..52438.395 rows=5 loops=1)
               Group Key: nation.n_name
               ->  Sort  (cost=2371099.59..2371280.42 rows=72333 width=38) (actual time=52358.651..52364.388 rows=72033 loops=1)
                     Sort Key: nation.n_name
                     Sort Method: quicksort  Memory: 8700kB
                     ->  Hash Join  (cost=421885.82..2365261.46 rows=72333 width=38) (actual time=22243.335..52291.276 rows=72033 loops=1)
                           Hash Cond: ((lineitem.l_suppkey = supplier.s_suppkey) AND (customer.c_nationkey = supplier.s_nationkey))
                           ->  Hash Join  (cost=417169.82..2351054.02 rows=1807891 width=50) (actual time=22167.341..51534.871 rows=1815327 loops=1)
                                 Hash Cond: (orders.o_custkey = customer.c_custkey)
                                 ->  Hash Join  (cost=353963.70..2235871.01 rows=9039454 width=20) (actual time=21342.764..48217.765 rows=9108027 loops=1)
                                       Hash Cond: (lineitem.l_orderkey = orders.o_orderkey)
                                       ->  Seq Scan on lineitem  (cost=0.00..1724435.28 rows=59989328 width=20) (actual time=0.339..11092.479 rows=59986052 loops=1)
                                       ->  Hash  (cost=325712.29..325712.29 rows=2260113 width=8) (actual time=21333.472..21333.473 rows=2276638 loops=1)
                                             Buckets: 4194304  Batches: 1  Memory Usage: 121700kB
                                             ->  Bitmap Heap Scan on orders  (cost=30898.59..325712.29 rows=2260113 width=8) (actual time=527.427..20188.373 rows=2276638 loops=1)
                                                   Recheck Cond: ((o_orderdate >= '1993-01-01'::date) AND (o_orderdate < '1994-01-01'::date))
                                                   Heap Blocks: exact=260897
                                                   ->  Bitmap Index Scan on idx_orders_orderdate  (cost=0.00..30333.57 rows=2260113 width=0) (actual time=383.694..383.695 rows=2276638 loops=1)
                                                         Index Cond: ((o_orderdate >= '1993-01-01'::date) AND (o_orderdate < '1994-01-01'::date))
                                 ->  Hash  (cost=59455.90..59455.90 rows=300018 width=38) (actual time=822.989..822.991 rows=299436 loops=1)
                                       Buckets: 524288  Batches: 1  Memory Usage: 25151kB
                                       ->  Hash Join  (cost=2.51..59455.90 rows=300018 width=38) (actual time=0.693..694.959 rows=299436 loops=1)
                                             Hash Cond: (customer.c_nationkey = nation.n_nationkey)
                                             ->  Seq Scan on customer  (cost=0.00..50827.88 rows=1500088 width=8) (actual time=0.297..302.100 rows=1500000 loops=1)
                                             ->  Hash  (cost=2.45..2.45 rows=5 width=30) (actual time=0.380..0.382 rows=5 loops=1)
                                                   Buckets: 1024  Batches: 1  Memory Usage: 9kB
                                                   ->  Hash Join  (cost=1.07..2.45 rows=5 width=30) (actual time=0.368..0.377 rows=5 loops=1)
                                                         Hash Cond: (nation.n_regionkey = region.r_regionkey)
                                                         ->  Seq Scan on nation  (cost=0.00..1.25 rows=25 width=34) (actual time=0.149..0.152 rows=25 loops=1)
                                                         ->  Hash  (cost=1.06..1.06 rows=1 width=4) (actual time=0.202..0.202 rows=1 loops=1)
                                                               Buckets: 1024  Batches: 1  Memory Usage: 9kB
                                                               ->  Seq Scan on region  (cost=0.00..1.06 rows=1 width=4) (actual time=0.196..0.198 rows=1 loops=1)
                                                                     Filter: (r_name = 'AMERICA'::bpchar)
                                                                     Rows Removed by Filter: 4
                           ->  Hash  (cost=3216.00..3216.00 rows=100000 width=8) (actual time=74.064..74.064 rows=100000 loops=1)
                                 Buckets: 131072  Batches: 1  Memory Usage: 4931kB
                                 ->  Seq Scan on supplier  (cost=0.00..3216.00 rows=100000 width=8) (actual time=0.310..38.159 rows=100000 loops=1)
 Settings: jit = 'off', max_parallel_workers_per_gather = '0', work_mem = '128MB'
 Planning Time: 14.248 ms
 Execution Time: 52442.173 ms
(44 rows)

===== 6.sql =====
                                                                                          QUERY PLAN                                                                                           
-----------------------------------------------------------------------------------------------------------------------------------------------------------------------------------------------
 Limit  (cost=1494736.93..1494736.94 rows=1 width=32) (actual time=7787.209..7787.210 rows=1 loops=1)
   ->  Aggregate  (cost=1494736.93..1494736.94 rows=1 width=32) (actual time=7787.207..7787.207 rows=1 loops=1)
         ->  Bitmap Heap Scan on lineitem  (cost=296128.60..1488952.70 rows=1156846 width=12) (actual time=3404.715..6870.827 rows=1194558 loops=1)
               Recheck Cond: ((l_shipdate >= '1993-01-01'::date) AND (l_shipdate < '1994-01-01'::date) AND (l_discount >= 0.06) AND (l_discount <= 0.08) AND (l_quantity < '25'::numeric))
               Heap Blocks: exact=662932
               ->  Bitmap Index Scan on idx_lineitem_shipdate  (cost=0.00..295839.39 rows=1156846 width=0) (actual time=3003.874..3003.875 rows=1194558 loops=1)
                     Index Cond: ((l_shipdate >= '1993-01-01'::date) AND (l_shipdate < '1994-01-01'::date) AND (l_discount >= 0.06) AND (l_discount <= 0.08) AND (l_quantity < '25'::numeric))
 Settings: jit = 'off', max_parallel_workers_per_gather = '0', work_mem = '128MB'
 Planning Time: 1.066 ms
 Execution Time: 7789.739 ms
(10 rows)

===== 7.sql =====
                                                                                     QUERY PLAN                                                                                      
-------------------------------------------------------------------------------------------------------------------------------------------------------------------------------------
 Limit  (cost=2513167.57..2513167.69 rows=1 width=116) (actual time=87895.837..87895.845 rows=1 loops=1)
   ->  GroupAggregate  (cost=2513167.57..2514375.80 rows=10016 width=116) (actual time=87895.835..87895.843 rows=1 loops=1)
         Group Key: n1.n_name, n2.n_name, (EXTRACT(year FROM lineitem.l_shipdate))
         ->  Sort  (cost=2513167.57..2513318.71 rows=60457 width=96) (actual time=87874.012..87875.374 rows=14421 loops=1)
               Sort Key: n1.n_name, n2.n_name, (EXTRACT(year FROM lineitem.l_shipdate))
               Sort Method: quicksort  Memory: 9664kB
               ->  Hash Join  (cost=1020889.28..2508366.19 rows=60457 width=96) (actual time=14156.530..87771.715 rows=57794 loops=1)
                     Hash Cond: (lineitem.l_suppkey = supplier.s_suppkey)
                     Join Filter: (((n1.n_name = 'PERU'::bpchar) AND (n2.n_name = 'MOROCCO'::bpchar)) OR ((n1.n_name = 'MOROCCO'::bpchar) AND (n2.n_name = 'PERU'::bpchar)))
                     Rows Removed by Join Filter: 58158
                     ->  Hash Join  (cost=1017264.88..2496818.51 rows=1452733 width=46) (actual time=14102.061..86992.671 rows=1448126 loops=1)
                           Hash Cond: (lineitem.l_orderkey = orders.o_orderkey)
                           ->  Bitmap Heap Scan on lineitem  (cost=466183.99..1863113.43 rows=18159163 width=24) (actual time=5539.627..72093.502 rows=18230325 loops=1)
                                 Recheck Cond: ((l_shipdate >= '1995-01-01'::date) AND (l_shipdate <= '1996-12-31'::date))
                                 Heap Blocks: exact=1119491
                                 ->  Bitmap Index Scan on idx_lineitem_shipdate  (cost=0.00..461644.20 rows=18159163 width=0) (actual time=4797.031..4797.032 rows=18230325 loops=1)
                                       Index Cond: ((l_shipdate >= '1995-01-01'::date) AND (l_shipdate <= '1996-12-31'::date))
                           ->  Hash  (cost=536081.90..536081.90 rows=1199919 width=30) (actual time=8557.919..8557.923 rows=1191175 loops=1)
                                 Buckets: 2097152  Batches: 1  Memory Usage: 88506kB
                                 ->  Hash Join  (cost=56934.64..536081.90 rows=1199919 width=30) (actual time=677.558..8045.385 rows=1191175 loops=1)
                                       Hash Cond: (orders.o_custkey = customer.c_custkey)
                                       ->  Seq Scan on orders  (cost=0.00..410901.87 rows=14998987 width=8) (actual time=0.037..2792.518 rows=15000000 loops=1)
                                       ->  Hash  (cost=55434.56..55434.56 rows=120007 width=30) (actual time=677.216..677.219 rows=119622 loops=1)
                                             Buckets: 131072  Batches: 1  Memory Usage: 8267kB
                                             ->  Hash Join  (cost=1.40..55434.56 rows=120007 width=30) (actual time=0.391..629.569 rows=119622 loops=1)
                                                   Hash Cond: (customer.c_nationkey = n2.n_nationkey)
                                                   ->  Seq Scan on customer  (cost=0.00..50827.88 rows=1500088 width=8) (actual time=0.341..298.311 rows=1500000 loops=1)
                                                   ->  Hash  (cost=1.38..1.38 rows=2 width=30) (actual time=0.034..0.035 rows=2 loops=1)
                                                         Buckets: 1024  Batches: 1  Memory Usage: 9kB
                                                         ->  Seq Scan on nation n2  (cost=0.00..1.38 rows=2 width=30) (actual time=0.023..0.027 rows=2 loops=1)
                                                               Filter: ((n_name = 'MOROCCO'::bpchar) OR (n_name = 'PERU'::bpchar))
                                                               Rows Removed by Filter: 23
                     ->  Hash  (cost=3524.40..3524.40 rows=8000 width=30) (actual time=52.619..52.621 rows=7981 loops=1)
                           Buckets: 8192  Batches: 1  Memory Usage: 548kB
                           ->  Hash Join  (cost=1.40..3524.40 rows=8000 width=30) (actual time=0.451..49.520 rows=7981 loops=1)
                                 Hash Cond: (supplier.s_nationkey = n1.n_nationkey)
                                 ->  Seq Scan on supplier  (cost=0.00..3216.00 rows=100000 width=8) (actual time=0.288..26.643 rows=100000 loops=1)
                                 ->  Hash  (cost=1.38..1.38 rows=2 width=30) (actual time=0.150..0.150 rows=2 loops=1)
                                       Buckets: 1024  Batches: 1  Memory Usage: 9kB
                                       ->  Seq Scan on nation n1  (cost=0.00..1.38 rows=2 width=30) (actual time=0.139..0.143 rows=2 loops=1)
                                             Filter: ((n_name = 'PERU'::bpchar) OR (n_name = 'MOROCCO'::bpchar))
                                             Rows Removed by Filter: 23
 Settings: jit = 'off', max_parallel_workers_per_gather = '0', work_mem = '128MB'
 Planning Time: 12.271 ms
 Execution Time: 87901.101 ms
(45 rows)

===== 8.sql =====
                                                                                           QUERY PLAN                                                                                            
-------------------------------------------------------------------------------------------------------------------------------------------------------------------------------------------------
 Limit  (cost=2095794.96..2095795.20 rows=1 width=64) (actual time=52988.691..52989.337 rows=1 loops=1)
   ->  GroupAggregate  (cost=2095794.96..2096376.29 rows=2406 width=64) (actual time=52988.689..52989.334 rows=1 loops=1)
         Group Key: (EXTRACT(year FROM orders.o_orderdate))
         ->  Sort  (cost=2095794.96..2095854.21 rows=23698 width=70) (actual time=52972.299..52973.805 rows=11818 loops=1)
               Sort Key: (EXTRACT(year FROM orders.o_orderdate))
               Sort Method: quicksort  Memory: 2631kB
               ->  Nested Loop  (cost=493531.26..2094073.01 rows=23698 width=70) (actual time=14798.692..52922.907 rows=23842 loops=1)
                     ->  Hash Join  (cost=493531.12..2093380.28 rows=23698 width=20) (actual time=14798.659..52808.652 rows=23842 loops=1)
                           Hash Cond: (lineitem.l_suppkey = supplier.s_suppkey)
                           ->  Hash Join  (cost=489065.12..2088852.07 rows=23698 width=20) (actual time=14730.733..52708.312 rows=23842 loops=1)
                                 Hash Cond: (lineitem.l_orderkey = orders.o_orderkey)
                                 ->  Nested Loop  (cost=0.44..1598058.65 rows=397803 width=20) (actual time=0.648..37562.251 rows=389521 loops=1)
                                       ->  Seq Scan on part  (cost=0.00..65963.04 rows=13263 width=4) (actual time=0.351..794.926 rows=13011 loops=1)
                                             Filter: ((p_type)::text = 'LARGE POLISHED BRASS'::text)
                                             Rows Removed by Filter: 1986989
                                       ->  Index Scan using idx_lineitem_part_supp on lineitem  (cost=0.44..115.19 rows=33 width=24) (actual time=0.142..2.798 rows=30 loops=13011)
                                             Index Cond: (l_partkey = part.p_partkey)
                                 ->  Hash  (cost=477895.56..477895.56 rows=893529 width=8) (actual time=14724.508..14724.513 rows=910360 loops=1)
                                       Buckets: 1048576  Batches: 1  Memory Usage: 43753kB
                                       ->  Hash Join  (cost=124279.92..477895.56 rows=893529 width=8) (actual time=1725.363..14287.515 rows=910360 loops=1)
                                             Hash Cond: (orders.o_custkey = customer.c_custkey)
                                             ->  Bitmap Heap Scan on orders  (cost=61073.80..389000.47 rows=4467645 width=12) (actual time=856.024..11403.119 rows=4557513 loops=1)
                                                   Recheck Cond: ((o_orderdate >= '1995-01-01'::date) AND (o_orderdate <= '1996-12-31'::date))
                                                   Heap Blocks: exact=260912
                                                   ->  Bitmap Index Scan on idx_orders_orderdate  (cost=0.00..59956.89 rows=4467645 width=0) (actual time=713.357..713.357 rows=4557513 loops=1)
                                                         Index Cond: ((o_orderdate >= '1995-01-01'::date) AND (o_orderdate <= '1996-12-31'::date))
                                             ->  Hash  (cost=59455.90..59455.90 rows=300018 width=4) (actual time=868.184..868.188 rows=299436 loops=1)
                                                   Buckets: 524288  Batches: 1  Memory Usage: 14624kB
                                                   ->  Hash Join  (cost=2.51..59455.90 rows=300018 width=4) (actual time=0.414..766.208 rows=299436 loops=1)
                                                         Hash Cond: (customer.c_nationkey = n1.n_nationkey)
                                                         ->  Seq Scan on customer  (cost=0.00..50827.88 rows=1500088 width=8) (actual time=0.317..379.926 rows=1500000 loops=1)
                                                         ->  Hash  (cost=2.45..2.45 rows=5 width=4) (actual time=0.068..0.071 rows=5 loops=1)
                                                               Buckets: 1024  Batches: 1  Memory Usage: 9kB
                                                               ->  Hash Join  (cost=1.07..2.45 rows=5 width=4) (actual time=0.050..0.062 rows=5 loops=1)
                                                                     Hash Cond: (n1.n_regionkey = region.r_regionkey)
                                                                     ->  Seq Scan on nation n1  (cost=0.00..1.25 rows=25 width=8) (actual time=0.012..0.015 rows=25 loops=1)
                                                                     ->  Hash  (cost=1.06..1.06 rows=1 width=4) (actual time=0.024..0.025 rows=1 loops=1)
                                                                           Buckets: 1024  Batches: 1  Memory Usage: 9kB
                                                                           ->  Seq Scan on region  (cost=0.00..1.06 rows=1 width=4) (actual time=0.017..0.019 rows=1 loops=1)
                                                                                 Filter: (r_name = 'AMERICA'::bpchar)
                                                                                 Rows Removed by Filter: 4
                           ->  Hash  (cost=3216.00..3216.00 rows=100000 width=8) (actual time=67.634..67.634 rows=100000 loops=1)
                                 Buckets: 131072  Batches: 1  Memory Usage: 4931kB
                                 ->  Seq Scan on supplier  (cost=0.00..3216.00 rows=100000 width=8) (actual time=0.289..37.211 rows=100000 loops=1)
                     ->  Memoize  (cost=0.15..2.17 rows=1 width=30) (actual time=0.001..0.001 rows=1 loops=23842)
                           Cache Key: supplier.s_nationkey
                           Hits: 23817  Misses: 25  Evictions: 0  Overflows: 0  Memory Usage: 4kB
                           ->  Index Scan using nation_pkey on nation n2  (cost=0.14..2.16 rows=1 width=30) (actual time=0.006..0.006 rows=1 loops=25)
                                 Index Cond: (n_nationkey = supplier.s_nationkey)
 Settings: jit = 'off', max_parallel_workers_per_gather = '0', work_mem = '128MB'
 Planning Time: 20.350 ms
 Execution Time: 52991.685 ms
(52 rows)

===== 9.sql =====
                                                                                QUERY PLAN                                                                                 
---------------------------------------------------------------------------------------------------------------------------------------------------------------------------
 Limit  (cost=3390074.53..3390074.53 rows=1 width=90) (actual time=69258.701..69258.708 rows=1 loops=1)
   ->  Sort  (cost=3390074.53..3390224.91 rows=60150 width=90) (actual time=69258.700..69258.706 rows=1 loops=1)
         Sort Key: nation.n_name, (EXTRACT(year FROM orders.o_orderdate)) DESC
         Sort Method: top-N heapsort  Memory: 25kB
         ->  HashAggregate  (cost=3388871.53..3389773.78 rows=60150 width=90) (actual time=69256.969..69257.751 rows=175 loops=1)
               Group Key: nation.n_name, EXTRACT(year FROM orders.o_orderdate)
               Batches: 1  Memory Usage: 3217kB
               ->  Hash Join  (cost=1142644.63..3314642.32 rows=4241669 width=81) (actual time=15744.528..61012.167 rows=3248192 loops=1)
                     Hash Cond: (supplier.s_nationkey = nation.n_nationkey)
                     ->  Hash Join  (cost=1142643.07..3291014.66 rows=4241669 width=31) (actual time=15744.474..58069.467 rows=3248192 loops=1)
                           Hash Cond: (lineitem.l_orderkey = orders.o_orderkey)
                           ->  Hash Join  (cost=485663.86..2506319.07 rows=4241669 width=31) (actual time=6641.160..41996.839 rows=3248192 loops=1)
                                 Hash Cond: (lineitem.l_suppkey = supplier.s_suppkey)
                                 ->  Hash Join  (cost=481197.86..2490718.22 rows=4241669 width=35) (actual time=6584.801..39940.749 rows=3248192 loops=1)
                                       Hash Cond: ((lineitem.l_suppkey = partsupp.ps_suppkey) AND (lineitem.l_partkey = partsupp.ps_partkey))
                                       ->  Hash Join  (cost=67730.79..1949638.39 rows=4241669 width=33) (actual time=949.537..28574.418 rows=3248192 loops=1)
                                             Hash Cond: (lineitem.l_partkey = part.p_partkey)
                                             ->  Seq Scan on lineitem  (cost=0.00..1724435.28 rows=59989328 width=29) (actual time=0.500..10832.946 rows=59986052 loops=1)
                                             ->  Hash  (cost=65963.04..65963.04 rows=141420 width=4) (actual time=948.460..948.461 rows=108312 loops=1)
                                                   Buckets: 262144  Batches: 1  Memory Usage: 5856kB
                                                   ->  Seq Scan on part  (cost=0.00..65963.04 rows=141420 width=4) (actual time=0.376..904.005 rows=108312 loops=1)
                                                         Filter: ((p_name)::text ~~ '%navy%'::text)
                                                         Rows Removed by Filter: 1891688
                                       ->  Hash  (cost=254392.03..254392.03 rows=8000603 width=14) (actual time=5626.215..5626.216 rows=8000000 loops=1)
                                             Buckets: 4194304  Batches: 4  Memory Usage: 126558kB
                                             ->  Seq Scan on partsupp  (cost=0.00..254392.03 rows=8000603 width=14) (actual time=0.436..2462.907 rows=8000000 loops=1)
                                 ->  Hash  (cost=3216.00..3216.00 rows=100000 width=8) (actual time=56.079..56.080 rows=100000 loops=1)
                                       Buckets: 131072  Batches: 1  Memory Usage: 4931kB
                                       ->  Seq Scan on supplier  (cost=0.00..3216.00 rows=100000 width=8) (actual time=0.011..27.672 rows=100000 loops=1)
                           ->  Hash  (cost=410901.87..410901.87 rows=14998987 width=8) (actual time=9093.765..9093.766 rows=15000000 loops=1)
                                 Buckets: 4194304  Batches: 8  Memory Usage: 106038kB
                                 ->  Seq Scan on orders  (cost=0.00..410901.87 rows=14998987 width=8) (actual time=0.423..4566.519 rows=15000000 loops=1)
                     ->  Hash  (cost=1.25..1.25 rows=25 width=30) (actual time=0.036..0.037 rows=25 loops=1)
                           Buckets: 1024  Batches: 1  Memory Usage: 10kB
                           ->  Seq Scan on nation  (cost=0.00..1.25 rows=25 width=30) (actual time=0.016..0.023 rows=25 loops=1)
 Settings: jit = 'off', max_parallel_workers_per_gather = '0', work_mem = '128MB'
 Planning Time: 14.734 ms
 Execution Time: 69263.752 ms
(38 rows)

