===== 10.sql jit=on =====
                                                                                      QUERY PLAN                                                                                      
--------------------------------------------------------------------------------------------------------------------------------------------------------------------------------------
 Limit  (cost=2382400.93..2382400.98 rows=20 width=201) (actual time=15368.976..15368.984 rows=20 loops=1)
   ->  Sort  (cost=2382400.93..2383822.31 rows=568551 width=201) (actual time=14943.047..14943.054 rows=20 loops=1)
         Sort Key: (sum((lineitem.l_extendedprice * ('1'::numeric - lineitem.l_discount)))) DESC
         Sort Method: top-N heapsort  Memory: 34kB
         ->  HashAggregate  (cost=2360165.10..2367271.99 rows=568551 width=201) (actual time=14498.012..14825.582 rows=381205 loops=1)
               Group Key: customer.c_custkey, nation.n_name
               Batches: 5  Memory Usage: 262193kB  Disk Usage: 3376kB
               ->  Nested Loop  (cost=386185.06..2353058.22 rows=568551 width=181) (actual time=1781.871..13546.874 rows=1145402 loops=1)
                     ->  Hash Join  (cost=386184.92..2339105.17 rows=568551 width=159) (actual time=1781.836..13160.933 rows=1145402 loops=1)
                           Hash Cond: (orders.o_custkey = customer.c_custkey)
                           ->  Hash Join  (cost=284380.92..2198027.72 rows=568551 width=16) (actual time=811.188..11508.842 rows=1145402 loops=1)
                                 Hash Cond: (lineitem.l_orderkey = orders.o_orderkey)
                                 ->  Seq Scan on lineitem  (cost=0.00..1874370.05 rows=14962569 width=16) (actual time=0.079..8680.284 rows=14808183 loops=1)
                                       Filter: (l_returnflag = 'R'::bpchar)
                                       Rows Removed by Filter: 45177869
                                 ->  Hash  (cost=277256.25..277256.25 rows=569973 width=8) (actual time=807.248..807.249 rows=573160 loops=1)
                                       Buckets: 1048576  Batches: 1  Memory Usage: 30582kB
                                       ->  Bitmap Heap Scan on orders  (cost=7794.66..277256.25 rows=569973 width=8) (actual time=142.953..693.993 rows=573160 loops=1)
                                             Recheck Cond: ((o_orderdate >= '1994-08-01'::date) AND (o_orderdate < '1994-11-01'::date))
                                             Heap Blocks: exact=233137
                                             ->  Bitmap Index Scan on idx_orders_orderdate  (cost=0.00..7652.17 rows=569973 width=0) (actual time=77.390..77.390 rows=573160 loops=1)
                                                   Index Cond: ((o_orderdate >= '1994-08-01'::date) AND (o_orderdate < '1994-11-01'::date))
                           ->  Hash  (cost=50827.00..50827.00 rows=1500000 width=147) (actual time=962.670..962.671 rows=1500000 loops=1)
                                 Buckets: 2097152  Batches: 2  Memory Usage: 150358kB
                                 ->  Seq Scan on customer  (cost=0.00..50827.00 rows=1500000 width=147) (actual time=0.042..430.028 rows=1500000 loops=1)
                     ->  Memoize  (cost=0.15..2.17 rows=1 width=30) (actual time=0.000..0.000 rows=1 loops=1145402)
                           Cache Key: customer.c_nationkey
                           Hits: 1145377  Misses: 25  Evictions: 0  Overflows: 0  Memory Usage: 4kB
                           ->  Index Scan using nation_pkey on nation  (cost=0.14..2.16 rows=1 width=30) (actual time=0.002..0.002 rows=1 loops=25)
                                 Index Cond: (n_nationkey = customer.c_nationkey)
 Settings: effective_io_concurrency = '64', maintenance_io_concurrency = '64', max_parallel_workers_per_gather = '0', work_mem = '256MB'
 Planning Time: 2.478 ms
 JIT:
   Functions: 42
   Options: Inlining true, Optimization true, Expressions true, Deforming true
   Timing: Generation 5.259 ms, Inlining 82.960 ms, Optimization 270.272 ms, Emission 151.691 ms, Total 510.183 ms
 Execution Time: 15421.127 ms
(37 rows)

===== 11.sql jit=on =====
                                                                             QUERY PLAN                                                                              
---------------------------------------------------------------------------------------------------------------------------------------------------------------------
 Limit  (cost=94747.69..94747.69 rows=1 width=36) (actual time=1191.288..1191.294 rows=0 loops=1)
   InitPlan 1 (returns $2)
     ->  Aggregate  (cost=44307.17..44307.18 rows=1 width=32) (actual time=400.663..400.666 rows=1 loops=1)
           ->  Nested Loop  (cost=47.72..41907.17 rows=320000 width=10) (actual time=0.843..312.726 rows=320800 loops=1)
                 ->  Nested Loop  (cost=47.29..2404.57 rows=4000 width=4) (actual time=0.832..4.588 rows=4010 loops=1)
                       ->  Seq Scan on nation nation_1  (cost=0.00..1.31 rows=1 width=4) (actual time=0.011..0.016 rows=1 loops=1)
                             Filter: (n_name = 'SAUDI ARABIA'::bpchar)
                             Rows Removed by Filter: 24
                       ->  Bitmap Heap Scan on supplier supplier_1  (cost=47.29..2363.25 rows=4000 width=8) (actual time=0.817..4.103 rows=4010 loops=1)
                             Recheck Cond: (s_nationkey = nation_1.n_nationkey)
                             Heap Blocks: exact=1857
                             ->  Bitmap Index Scan on idx_supplier_nation_key  (cost=0.00..46.29 rows=4000 width=0) (actual time=0.532..0.532 rows=4010 loops=1)
                                   Index Cond: (s_nationkey = nation_1.n_nationkey)
                 ->  Index Scan using idx_partsupp_suppkey on partsupp partsupp_1  (cost=0.43..9.08 rows=80 width=14) (actual time=0.004..0.068 rows=80 loops=4010)
                       Index Cond: (ps_suppkey = supplier_1.s_suppkey)
   ->  Sort  (cost=50440.50..50707.17 rows=106667 width=36) (actual time=1191.287..1191.289 rows=0 loops=1)
         Sort Key: (sum((partsupp.ps_supplycost * (partsupp.ps_availqty)::numeric))) DESC
         Sort Method: quicksort  Memory: 25kB
         ->  HashAggregate  (cost=45107.17..49907.17 rows=106667 width=36) (actual time=1191.237..1191.240 rows=0 loops=1)
               Group Key: partsupp.ps_partkey
               Filter: (sum((partsupp.ps_supplycost * (partsupp.ps_availqty)::numeric)) > $2)
               Batches: 1  Memory Usage: 135185kB
               Rows Removed by Filter: 301833
               ->  Nested Loop  (cost=47.72..41907.17 rows=320000 width=14) (actual time=1.029..401.454 rows=320800 loops=1)
                     ->  Nested Loop  (cost=47.29..2404.57 rows=4000 width=4) (actual time=0.986..6.630 rows=4010 loops=1)
                           ->  Seq Scan on nation  (cost=0.00..1.31 rows=1 width=4) (actual time=0.030..0.035 rows=1 loops=1)
                                 Filter: (n_name = 'SAUDI ARABIA'::bpchar)
                                 Rows Removed by Filter: 24
                           ->  Bitmap Heap Scan on supplier  (cost=47.29..2363.25 rows=4000 width=8) (actual time=0.950..6.005 rows=4010 loops=1)
                                 Recheck Cond: (s_nationkey = nation.n_nationkey)
                                 Heap Blocks: exact=1857
                                 ->  Bitmap Index Scan on idx_supplier_nation_key  (cost=0.00..46.29 rows=4000 width=0) (actual time=0.598..0.599 rows=4010 loops=1)
                                       Index Cond: (s_nationkey = nation.n_nationkey)
                     ->  Index Scan using idx_partsupp_suppkey on partsupp  (cost=0.43..9.08 rows=80 width=18) (actual time=0.005..0.090 rows=80 loops=4010)
                           Index Cond: (ps_suppkey = supplier.s_suppkey)
 Settings: effective_io_concurrency = '64', maintenance_io_concurrency = '64', max_parallel_workers_per_gather = '0', work_mem = '256MB'
 Planning Time: 1.872 ms
 Execution Time: 1204.111 ms
(38 rows)

===== 12.sql jit=on =====
                                                                                                                    QUERY PLAN                                                                                                                     
---------------------------------------------------------------------------------------------------------------------------------------------------------------------------------------------------------------------------------------------------
 Limit  (cost=3030260.86..3031084.22 rows=1 width=27) (actual time=17006.114..17006.118 rows=1 loops=1)
   ->  GroupAggregate  (cost=3030260.86..3036024.41 rows=7 width=27) (actual time=16667.227..16667.230 rows=1 loops=1)
         Group Key: lineitem.l_shipmode
         ->  Sort  (cost=3030260.86..3030981.29 rows=288174 width=27) (actual time=16629.491..16637.056 rows=155572 loops=1)
               Sort Key: lineitem.l_shipmode
               Sort Method: quicksort  Memory: 36606kB
               ->  Hash Join  (cost=2477834.67..3004128.41 rows=288174 width=27) (actual time=12426.400..16563.089 rows=311258 loops=1)
                     Hash Cond: (orders.o_orderkey = lineitem.l_orderkey)
                     ->  Seq Scan on orders  (cost=0.00..410912.00 rows=15000000 width=20) (actual time=0.027..1049.580 rows=15000000 loops=1)
                     ->  Hash  (cost=2474232.49..2474232.49 rows=288174 width=15) (actual time=12424.387..12424.388 rows=311258 loops=1)
                           Buckets: 524288  Batches: 1  Memory Usage: 18687kB
                           ->  Seq Scan on lineitem  (cost=0.00..2474232.49 rows=288174 width=15) (actual time=0.157..12344.010 rows=311258 loops=1)
                                 Filter: ((l_shipmode = ANY ('{SHIP,"REG AIR"}'::bpchar[])) AND (l_commitdate < l_receiptdate) AND (l_shipdate < l_commitdate) AND (l_receiptdate >= '1994-01-01'::date) AND (l_receiptdate < '1995-01-01'::date))
                                 Rows Removed by Filter: 59674794
 Settings: effective_io_concurrency = '64', maintenance_io_concurrency = '64', max_parallel_workers_per_gather = '0', work_mem = '256MB'
 Planning Time: 1.499 ms
 JIT:
   Functions: 19
   Options: Inlining true, Optimization true, Expressions true, Deforming true
   Timing: Generation 2.601 ms, Inlining 57.337 ms, Optimization 179.933 ms, Emission 101.299 ms, Total 341.170 ms
 Execution Time: 17042.683 ms
(21 rows)

===== 13.sql jit=on =====
                                                                                    QUERY PLAN                                                                                     
-----------------------------------------------------------------------------------------------------------------------------------------------------------------------------------
 Limit  (cost=656630.67..656630.67 rows=1 width=16) (actual time=17012.230..17012.233 rows=1 loops=1)
   ->  Sort  (cost=656630.67..656631.17 rows=200 width=16) (actual time=16799.704..16799.707 rows=1 loops=1)
         Sort Key: (count(*)) DESC, (count(orders.o_orderkey)) DESC
         Sort Method: top-N heapsort  Memory: 25kB
         ->  HashAggregate  (cost=656627.67..656629.67 rows=200 width=16) (actual time=16799.646..16799.655 rows=46 loops=1)
               Group Key: count(orders.o_orderkey)
               Batches: 1  Memory Usage: 40kB
               ->  HashAggregate  (cost=619127.67..634127.67 rows=1500000 width=12) (actual time=16298.090..16620.579 rows=1500000 loops=1)
                     Group Key: customer.c_custkey
                     Batches: 1  Memory Usage: 172049kB
                     ->  Hash Right Join  (cost=57714.43..545028.57 rows=14819820 width=8) (actual time=389.178..11500.893 rows=15337604 loops=1)
                           Hash Cond: (orders.o_custkey = customer.c_custkey)
                           ->  Seq Scan on orders  (cost=0.00..448412.00 rows=14819820 width=8) (actual time=0.032..5838.087 rows=14837583 loops=1)
                                 Filter: ((o_comment)::text !~~ '%special%requests%'::text)
                                 Rows Removed by Filter: 162417
                           ->  Hash  (cost=38964.43..38964.43 rows=1500000 width=4) (actual time=381.304..381.305 rows=1500000 loops=1)
                                 Buckets: 2097152  Batches: 1  Memory Usage: 69119kB
                                 ->  Index Only Scan using customer_pkey on customer  (cost=0.43..38964.43 rows=1500000 width=4) (actual time=0.021..134.499 rows=1500000 loops=1)
                                       Heap Fetches: 0
 Settings: effective_io_concurrency = '64', maintenance_io_concurrency = '64', max_parallel_workers_per_gather = '0', work_mem = '256MB'
 Planning Time: 1.469 ms
 JIT:
   Functions: 22
   Options: Inlining true, Optimization true, Expressions true, Deforming true
   Timing: Generation 2.455 ms, Inlining 57.013 ms, Optimization 102.983 ms, Emission 52.288 ms, Total 214.738 ms
 Execution Time: 17080.247 ms
(26 rows)

===== 14.sql jit=on =====
                                                                            QUERY PLAN                                                                            
------------------------------------------------------------------------------------------------------------------------------------------------------------------
 Limit  (cost=1209219.62..1209219.63 rows=1 width=32) (actual time=2713.915..2713.919 rows=1 loops=1)
   ->  Aggregate  (cost=1209219.62..1209219.63 rows=1 width=32) (actual time=2430.702..2430.704 rows=1 loops=1)
         ->  Hash Join  (cost=106316.26..1195346.47 rows=792751 width=33) (actual time=1120.425..2114.983 rows=772942 loops=1)
               Hash Cond: (lineitem.l_partkey = part.p_partkey)
               ->  Bitmap Heap Scan on lineitem  (cost=20354.26..1107303.50 rows=792751 width=16) (actual time=296.607..983.834 rows=772942 loops=1)
                     Recheck Cond: ((l_shipdate >= '1994-05-01'::date) AND (l_shipdate < '1994-06-01'::date))
                     Heap Blocks: exact=416660
                     ->  Bitmap Index Scan on idx_lineitem_shipdate  (cost=0.00..20156.08 rows=792751 width=0) (actual time=165.495..165.496 rows=772942 loops=1)
                           Index Cond: ((l_shipdate >= '1994-05-01'::date) AND (l_shipdate < '1994-06-01'::date))
               ->  Hash  (cost=60962.00..60962.00 rows=2000000 width=25) (actual time=816.216..816.217 rows=2000000 loops=1)
                     Buckets: 2097152  Batches: 1  Memory Usage: 131903kB
                     ->  Seq Scan on part  (cost=0.00..60962.00 rows=2000000 width=25) (actual time=0.034..393.782 rows=2000000 loops=1)
 Settings: effective_io_concurrency = '64', maintenance_io_concurrency = '64', max_parallel_workers_per_gather = '0', work_mem = '256MB'
 Planning Time: 1.376 ms
 JIT:
   Functions: 16
   Options: Inlining true, Optimization true, Expressions true, Deforming true
   Timing: Generation 2.087 ms, Inlining 68.943 ms, Optimization 137.011 ms, Emission 76.983 ms, Total 285.023 ms
 Execution Time: 2754.367 ms
(19 rows)

===== 15.sql jit=on =====
                                                                       QUERY PLAN                                                                       
--------------------------------------------------------------------------------------------------------------------------------------------------------
 HashAggregate  (cost=1239139.70..1240391.94 rows=100179 width=36) (actual time=3686.511..3732.480 rows=100000 loops=1)
   Group Key: l_suppkey
   Batches: 1  Memory Usage: 47121kB
   ->  Bitmap Heap Scan on lineitem  (cost=58060.72..1216524.91 rows=2261479 width=16) (actual time=591.662..1981.314 rows=2265714 loops=1)
         Recheck Cond: ((l_shipdate >= '1996-01-01'::date) AND (l_shipdate < '1996-04-01'::date))
         Heap Blocks: exact=668609
         ->  Bitmap Index Scan on idx_lineitem_shipdate  (cost=0.00..57495.36 rows=2261479 width=0) (actual time=382.526..382.527 rows=2265714 loops=1)
               Index Cond: ((l_shipdate >= '1996-01-01'::date) AND (l_shipdate < '1996-04-01'::date))
 Settings: effective_io_concurrency = '64', maintenance_io_concurrency = '64', max_parallel_workers_per_gather = '0', work_mem = '256MB'
 Planning Time: 0.781 ms
 JIT:
   Functions: 9
   Options: Inlining true, Optimization true, Expressions true, Deforming true
   Timing: Generation 1.322 ms, Inlining 58.146 ms, Optimization 90.734 ms, Emission 49.330 ms, Total 199.531 ms
 Execution Time: 3772.427 ms
(15 rows)

CREATE VIEW
                                                                                   QUERY PLAN                                                                                   
--------------------------------------------------------------------------------------------------------------------------------------------------------------------------------
 Limit  (cost=2482314.34..2482324.49 rows=1 width=103) (actual time=6980.065..6980.070 rows=1 loops=1)
   InitPlan 1 (returns $0)
     ->  Aggregate  (cost=1241644.17..1241644.18 rows=1 width=32) (actual time=3254.620..3254.622 rows=1 loops=1)
           ->  HashAggregate  (cost=1239139.70..1240391.94 rows=100179 width=36) (actual time=3202.757..3248.526 rows=100000 loops=1)
                 Group Key: lineitem_1.l_suppkey
                 Batches: 1  Memory Usage: 47121kB
                 ->  Bitmap Heap Scan on lineitem lineitem_1  (cost=58060.72..1216524.91 rows=2261479 width=16) (actual time=540.751..1728.249 rows=2265714 loops=1)
                       Recheck Cond: ((l_shipdate >= '1996-01-01'::date) AND (l_shipdate < '1996-04-01'::date))
                       Heap Blocks: exact=668609
                       ->  Bitmap Index Scan on idx_lineitem_shipdate  (cost=0.00..57495.36 rows=2261479 width=0) (actual time=333.591..333.591 rows=2265714 loops=1)
                             Index Cond: ((l_shipdate >= '1996-01-01'::date) AND (l_shipdate < '1996-04-01'::date))
   ->  Merge Join  (cost=1240670.15..1245753.83 rows=501 width=103) (actual time=6587.711..6587.713 rows=1 loops=1)
         Merge Cond: (supplier.s_suppkey = revenue0.supplier_no)
         ->  Index Scan using supplier_pkey on supplier  (cost=0.29..4826.45 rows=100000 width=71) (actual time=0.021..14.589 rows=69998 loops=1)
         ->  Sort  (cost=1240669.86..1240671.11 rows=501 width=36) (actual time=6569.379..6569.380 rows=1 loops=1)
               Sort Key: revenue0.supplier_no
               Sort Method: quicksort  Memory: 25kB
               ->  Subquery Scan on revenue0  (cost=1239139.70..1240647.39 rows=501 width=36) (actual time=6536.713..6569.372 rows=1 loops=1)
                     ->  HashAggregate  (cost=1239139.70..1240642.38 rows=501 width=36) (actual time=6536.711..6569.368 rows=1 loops=1)
                           Group Key: lineitem.l_suppkey
                           Filter: (sum((lineitem.l_extendedprice * ('1'::numeric - lineitem.l_discount))) = $0)
                           Batches: 1  Memory Usage: 47121kB
                           Rows Removed by Filter: 99999
                           ->  Bitmap Heap Scan on lineitem  (cost=58060.72..1216524.91 rows=2261479 width=16) (actual time=584.057..1778.941 rows=2265714 loops=1)
                                 Recheck Cond: ((l_shipdate >= '1996-01-01'::date) AND (l_shipdate < '1996-04-01'::date))
                                 Heap Blocks: exact=668609
                                 ->  Bitmap Index Scan on idx_lineitem_shipdate  (cost=0.00..57495.36 rows=2261479 width=0) (actual time=371.737..371.737 rows=2265714 loops=1)
                                       Index Cond: ((l_shipdate >= '1996-01-01'::date) AND (l_shipdate < '1996-04-01'::date))
 Settings: effective_io_concurrency = '64', maintenance_io_concurrency = '64', max_parallel_workers_per_gather = '0', work_mem = '256MB'
 Planning Time: 0.573 ms
 JIT:
   Functions: 30
   Options: Inlining true, Optimization true, Expressions true, Deforming true
   Timing: Generation 3.625 ms, Inlining 15.395 ms, Optimization 239.160 ms, Emission 137.392 ms, Total 395.572 ms
 Execution Time: 6992.812 ms
(35 rows)

DROP VIEW
===== 16.sql jit=on =====
                                                                                         QUERY PLAN                                                                                         
--------------------------------------------------------------------------------------------------------------------------------------------------------------------------------------------
 Limit  (cost=403708.37..403708.37 rows=1 width=44) (actual time=6643.753..6643.757 rows=1 loops=1)
   ->  Sort  (cost=403708.37..404094.06 rows=154277 width=44) (actual time=6623.465..6623.469 rows=1 loops=1)
         Sort Key: (count(DISTINCT partsupp.ps_suppkey)) DESC, part.p_brand, part.p_type, part.p_size
         Sort Method: top-N heapsort  Memory: 25kB
         ->  GroupAggregate  (cost=393906.11..402936.98 rows=154277 width=44) (actual time=6185.751..6618.719 rows=27838 loops=1)
               Group Key: part.p_brand, part.p_type, part.p_size
               ->  Sort  (cost=393906.11..395403.73 rows=599048 width=40) (actual time=6185.689..6280.440 rows=1186319 loops=1)
                     Sort Key: part.p_brand, part.p_type, part.p_size
                     Sort Method: quicksort  Memory: 141834kB
                     ->  Hash Join  (cost=98172.51..336420.53 rows=599048 width=40) (actual time=816.231..3292.615 rows=1186319 loops=1)
                           Hash Cond: (partsupp.ps_partkey = part.p_partkey)
                           ->  Index Only Scan using partsupp_pkey on partsupp  (cost=3466.46..231214.46 rows=4000000 width=8) (actual time=38.397..1657.977 rows=7995520 loops=1)
                                 Filter: (NOT (hashed SubPlan 1))
                                 Rows Removed by Filter: 4480
                                 Heap Fetches: 0
                                 SubPlan 1
                                   ->  Seq Scan on supplier  (cost=0.00..3466.00 rows=10 width=4) (actual time=4.150..37.742 rows=56 loops=1)
                                         Filter: ((s_comment)::text ~~ '%Customer%Complaints%'::text)
                                         Rows Removed by Filter: 99944
                           ->  Hash  (cost=90962.00..90962.00 rows=299524 width=40) (actual time=775.858..775.859 rows=296733 loops=1)
                                 Buckets: 524288  Batches: 1  Memory Usage: 25593kB
                                 ->  Seq Scan on part  (cost=0.00..90962.00 rows=299524 width=40) (actual time=0.023..702.891 rows=296733 loops=1)
                                       Filter: ((p_brand <> 'Brand#12'::bpchar) AND ((p_type)::text !~~ 'SMALL BRUSHED%'::text) AND (p_size = ANY ('{12,32,36,26,40,34,49,9}'::integer[])))
                                       Rows Removed by Filter: 1703267
 Settings: effective_io_concurrency = '64', maintenance_io_concurrency = '64', max_parallel_workers_per_gather = '0', work_mem = '256MB'
 Planning Time: 1.683 ms
 JIT:
   Functions: 32
   Options: Inlining false, Optimization false, Expressions true, Deforming true
   Timing: Generation 3.514 ms, Inlining 0.000 ms, Optimization 0.994 ms, Emission 22.946 ms, Total 27.454 ms
 Execution Time: 6684.374 ms
(31 rows)

===== 17-flattened.sql jit=on =====
                                                               QUERY PLAN                                                                
-----------------------------------------------------------------------------------------------------------------------------------------
 HashAggregate  (cost=5567273.20..6182127.66 rows=1936753 width=36) (actual time=37496.815..58922.682 rows=2000000 loops=1)
   Group Key: l_partkey
   Planned Partitions: 4  Batches: 5  Memory Usage: 262193kB  Disk Usage: 1517688kB
   ->  Seq Scan on lineitem  (cost=0.00..1724404.44 rows=59986244 width=9) (actual time=0.061..5796.341 rows=59986052 loops=1)
 Settings: effective_io_concurrency = '64', maintenance_io_concurrency = '64', max_parallel_workers_per_gather = '0', work_mem = '256MB'
 Planning Time: 0.716 ms
 JIT:
   Functions: 11
   Options: Inlining true, Optimization true, Expressions true, Deforming true
   Timing: Generation 2.010 ms, Inlining 83.085 ms, Optimization 94.962 ms, Emission 51.470 ms, Total 231.526 ms
 Execution Time: 59154.892 ms
(11 rows)

SELECT 2000000
CREATE INDEX
ANALYZE
                                                                                 QUERY PLAN                                                                                 
----------------------------------------------------------------------------------------------------------------------------------------------------------------------------
 Limit  (cost=237966.23..237966.24 rows=1 width=32) (actual time=482.887..482.889 rows=1 loops=1)
   ->  Aggregate  (cost=237966.23..237966.24 rows=1 width=32) (actual time=468.202..468.204 rows=1 loops=1)
         ->  Nested Loop  (cost=0.87..237916.19 rows=20015 width=8) (actual time=0.186..467.391 rows=5319 loops=1)
               Join Filter: (part.p_partkey = lineitem.l_partkey)
               ->  Nested Loop  (cost=0.43..86056.91 rows=2002 width=20) (actual time=0.166..390.255 rows=1996 loops=1)
                     ->  Seq Scan on part  (cost=0.00..70962.00 rows=2002 width=4) (actual time=0.147..374.706 rows=1996 loops=1)
                           Filter: ((p_brand = 'Brand#22'::bpchar) AND (p_container = 'LG BOX'::bpchar))
                           Rows Removed by Filter: 1998004
                     ->  Index Scan using idx_tmp_avg_quantity on tmp_avg_quantity part_agg  (cost=0.43..7.53 rows=1 width=16) (actual time=0.007..0.007 rows=1 loops=1996)
                           Index Cond: (agg_partkey = part.p_partkey)
               ->  Index Scan using idx_lineitem_part_supp on lineitem  (cost=0.44..75.73 rows=10 width=17) (actual time=0.015..0.038 rows=3 loops=1996)
                     Index Cond: (l_partkey = part_agg.agg_partkey)
                     Filter: (l_quantity < part_agg.avg_quantity)
                     Rows Removed by Filter: 27
 Settings: effective_io_concurrency = '64', maintenance_io_concurrency = '64', max_parallel_workers_per_gather = '0', work_mem = '256MB'
 Planning Time: 0.895 ms
 JIT:
   Functions: 20
   Options: Inlining false, Optimization false, Expressions true, Deforming true
   Timing: Generation 2.309 ms, Inlining 0.000 ms, Optimization 0.672 ms, Emission 13.756 ms, Total 16.737 ms
 Execution Time: 485.289 ms
(21 rows)

DROP TABLE
===== 17.sql jit=on =====
                                                                            QUERY PLAN                                                                            
------------------------------------------------------------------------------------------------------------------------------------------------------------------
 Limit  (cost=6423692.23..6423692.24 rows=1 width=32) (actual time=59695.536..59695.539 rows=1 loops=1)
   ->  Aggregate  (cost=6423692.23..6423692.24 rows=1 width=32) (actual time=59388.495..59388.497 rows=1 loops=1)
         ->  Nested Loop  (cost=5638260.66..6423643.77 rows=19382 width=8) (actual time=37784.062..59387.700 rows=5319 loops=1)
               Join Filter: (part.p_partkey = lineitem.l_partkey)
               ->  Hash Join  (cost=5638260.22..6277566.20 rows=1939 width=40) (actual time=37782.081..59302.886 rows=1996 loops=1)
                     Hash Cond: (lineitem_1.l_partkey = part.p_partkey)
                     ->  HashAggregate  (cost=5567273.20..6182127.66 rows=1936753 width=36) (actual time=37463.992..58811.400 rows=2000000 loops=1)
                           Group Key: lineitem_1.l_partkey
                           Planned Partitions: 4  Batches: 5  Memory Usage: 262193kB  Disk Usage: 1517688kB
                           ->  Seq Scan on lineitem lineitem_1  (cost=0.00..1724404.44 rows=59986244 width=9) (actual time=0.021..5824.311 rows=59986052 loops=1)
                     ->  Hash  (cost=70962.00..70962.00 rows=2002 width=4) (actual time=318.006..318.007 rows=1996 loops=1)
                           Buckets: 2048  Batches: 1  Memory Usage: 87kB
                           ->  Seq Scan on part  (cost=0.00..70962.00 rows=2002 width=4) (actual time=0.218..317.600 rows=1996 loops=1)
                                 Filter: ((p_brand = 'Brand#22'::bpchar) AND (p_container = 'LG BOX'::bpchar))
                                 Rows Removed by Filter: 1998004
               ->  Index Scan using idx_lineitem_part_supp on lineitem  (cost=0.44..75.21 rows=10 width=17) (actual time=0.018..0.042 rows=3 loops=1996)
                     Index Cond: (l_partkey = lineitem_1.l_partkey)
                     Filter: (l_quantity < ((0.2 * avg(lineitem_1.l_quantity))))
                     Rows Removed by Filter: 27
 Settings: effective_io_concurrency = '64', maintenance_io_concurrency = '64', max_parallel_workers_per_gather = '0', work_mem = '256MB'
 Planning Time: 1.622 ms
 JIT:
   Functions: 33
   Options: Inlining true, Optimization true, Expressions true, Deforming true
   Timing: Generation 4.168 ms, Inlining 85.317 ms, Optimization 199.989 ms, Emission 111.660 ms, Total 401.134 ms
 Execution Time: 59874.529 ms
(26 rows)

===== 18.sql jit=on =====
                                                                                                 QUERY PLAN                                                                                                  
-------------------------------------------------------------------------------------------------------------------------------------------------------------------------------------------------------------
 Limit  (cost=9939237.59..9939237.84 rows=100 width=71) (actual time=47207.067..47207.081 rows=99 loops=1)
   ->  Sort  (cost=9939237.59..9989214.67 rows=19990832 width=71) (actual time=46900.330..46900.339 rows=99 loops=1)
         Sort Key: orders.o_totalprice DESC, orders.o_orderdate
         Sort Method: quicksort  Memory: 32kB
         ->  HashAggregate  (cost=8573915.63..9175202.37 rows=19990832 width=71) (actual time=46897.272..46900.212 rows=99 loops=1)
               Group Key: customer.c_custkey, orders.o_orderkey
               Planned Partitions: 32  Batches: 1  Memory Usage: 24657kB
               ->  Hash Join  (cost=69581.12..6618562.37 rows=19990832 width=44) (actual time=1734.065..46896.577 rows=693 loops=1)
                     Hash Cond: (orders.o_custkey = customer.c_custkey)
                     ->  Merge Join  (cost=4.12..6496509.29 rows=19990832 width=25) (actual time=1029.508..46191.684 rows=693 loops=1)
                           Merge Cond: (orders.o_orderkey = lineitem.l_orderkey)
                           ->  Merge Join  (cost=1.00..3729728.51 rows=4998854 width=24) (actual time=717.661..31912.619 rows=99 loops=1)
                                 Merge Cond: (orders.o_orderkey = lineitem_1.l_orderkey)
                                 ->  Index Scan using orders_pkey on orders  (cost=0.43..650439.44 rows=15000000 width=20) (actual time=0.042..3541.596 rows=14982724 loops=1)
                                 ->  GroupAggregate  (cost=0.56..2929314.86 rows=4998854 width=4) (actual time=618.735..27570.675 rows=99 loops=1)
                                       Group Key: lineitem_1.l_orderkey
                                       Filter: (sum(lineitem_1.l_quantity) > '313'::numeric)
                                       Rows Removed by Filter: 14999901
                                       ->  Index Scan using idx_lineitem_orderkey on lineitem lineitem_1  (cost=0.56..2404435.23 rows=59986244 width=9) (actual time=0.074..14756.328 rows=59986052 loops=1)
                           ->  Index Scan using idx_lineitem_orderkey on lineitem  (cost=0.56..2404435.23 rows=59986244 width=9) (actual time=0.022..11067.256 rows=59916431 loops=1)
                     ->  Hash  (cost=50827.00..50827.00 rows=1500000 width=23) (actual time=696.967..696.968 rows=1500000 loops=1)
                           Buckets: 2097152  Batches: 1  Memory Usage: 98416kB
                           ->  Seq Scan on customer  (cost=0.00..50827.00 rows=1500000 width=23) (actual time=0.031..374.705 rows=1500000 loops=1)
 Settings: effective_io_concurrency = '64', maintenance_io_concurrency = '64', max_parallel_workers_per_gather = '0', work_mem = '256MB'
 Planning Time: 2.629 ms
 JIT:
   Functions: 30
   Options: Inlining true, Optimization true, Expressions true, Deforming true
   Timing: Generation 3.272 ms, Inlining 65.756 ms, Optimization 153.675 ms, Emission 86.997 ms, Total 309.700 ms
 Execution Time: 47258.720 ms
(30 rows)

===== 19.sql jit=on =====
                                                                                                                                                                                                                                                                                                                                                                                                                                                                                                            QUERY PLAN                                                                                                                                                                                                                                                                                                                                                                                                                                                                                                            
----------------------------------------------------------------------------------------------------------------------------------------------------------------------------------------------------------------------------------------------------------------------------------------------------------------------------------------------------------------------------------------------------------------------------------------------------------------------------------------------------------------------------------------------------------------------------------------------------------------------------------------------------------------------------------------------------------------------------------------------------------------------------------------------------------------------------------------------------------------------------------------------------------------------------------------------------------------------------------------------------------------------------------
 Limit  (cost=716345.89..716345.90 rows=1 width=32) (actual time=1138.839..1138.840 rows=1 loops=1)
   ->  Aggregate  (cost=716345.89..716345.90 rows=1 width=32) (actual time=816.316..816.318 rows=1 loops=1)
         ->  Nested Loop  (cost=0.44..716337.41 rows=1131 width=12) (actual time=3.964..815.735 rows=1063 loops=1)
               ->  Seq Scan on part  (cost=0.00..125962.00 rows=4792 width=30) (actual time=0.268..419.758 rows=4781 loops=1)
                     Filter: ((p_size >= 1) AND (((p_brand = 'Brand#24'::bpchar) AND (p_container = ANY ('{"SM CASE","SM BOX","SM PACK","SM PKG"}'::bpchar[])) AND (p_size <= 5)) OR ((p_brand = 'Brand#43'::bpchar) AND (p_container = ANY ('{"MED BAG","MED BOX","MED PKG","MED PACK"}'::bpchar[])) AND (p_size <= 10)) OR ((p_brand = 'Brand#44'::bpchar) AND (p_container = ANY ('{"LG CASE","LG BOX","LG PACK","LG PKG"}'::bpchar[])) AND (p_size <= 15))))
                     Rows Removed by Filter: 1995219
               ->  Index Scan using idx_lineitem_part_supp on lineitem  (cost=0.44..123.19 rows=1 width=21) (actual time=0.074..0.082 rows=0 loops=4781)
                     Index Cond: (l_partkey = part.p_partkey)
                     Filter: ((l_shipmode = ANY ('{AIR,"AIR REG"}'::bpchar[])) AND (l_shipinstruct = 'DELIVER IN PERSON'::bpchar) AND (((l_quantity >= '10'::numeric) AND (l_quantity <= '20'::numeric)) OR ((l_quantity >= '10'::numeric) AND (l_quantity <= '20'::numeric)) OR ((l_quantity >= '20'::numeric) AND (l_quantity <= '30'::numeric))) AND (((part.p_brand = 'Brand#24'::bpchar) AND (part.p_container = ANY ('{"SM CASE","SM BOX","SM PACK","SM PKG"}'::bpchar[])) AND (l_quantity >= '10'::numeric) AND (l_quantity <= '20'::numeric) AND (part.p_size <= 5)) OR ((part.p_brand = 'Brand#43'::bpchar) AND (part.p_container = ANY ('{"MED BAG","MED BOX","MED PKG","MED PACK"}'::bpchar[])) AND (l_quantity >= '10'::numeric) AND (l_quantity <= '20'::numeric) AND (part.p_size <= 10)) OR ((part.p_brand = 'Brand#44'::bpchar) AND (part.p_container = ANY ('{"LG CASE","LG BOX","LG PACK","LG PKG"}'::bpchar[])) AND (l_quantity >= '20'::numeric) AND (l_quantity <= '30'::numeric) AND (part.p_size <= 15))))
                     Rows Removed by Filter: 30
 Settings: effective_io_concurrency = '64', maintenance_io_concurrency = '64', max_parallel_workers_per_gather = '0', work_mem = '256MB'
 Planning Time: 1.694 ms
 JIT:
   Functions: 12
   Options: Inlining true, Optimization true, Expressions true, Deforming true
   Timing: Generation 2.414 ms, Inlining 70.626 ms, Optimization 151.958 ms, Emission 99.621 ms, Total 324.619 ms
 Execution Time: 1172.971 ms
(17 rows)

===== 1.sql jit=on =====
                                                                 QUERY PLAN                                                                  
---------------------------------------------------------------------------------------------------------------------------------------------
 Limit  (cost=3948596.49..3948596.49 rows=1 width=236) (actual time=71941.755..71941.757 rows=1 loops=1)
   ->  Sort  (cost=3948596.49..3948596.50 rows=6 width=236) (actual time=71639.783..71639.784 rows=1 loops=1)
         Sort Key: l_returnflag, l_linestatus
         Sort Method: top-N heapsort  Memory: 25kB
         ->  HashAggregate  (cost=3948596.29..3948596.46 rows=6 width=236) (actual time=71639.710..71639.719 rows=4 loops=1)
               Group Key: l_returnflag, l_linestatus
               Batches: 1  Memory Usage: 32kB
               ->  Seq Scan on lineitem  (cost=0.00..1874370.05 rows=59263607 width=25) (actual time=0.065..10723.545 rows=59284448 loops=1)
                     Filter: (l_shipdate <= '1998-09-10 00:00:00'::timestamp without time zone)
                     Rows Removed by Filter: 701604
 Settings: effective_io_concurrency = '64', maintenance_io_concurrency = '64', max_parallel_workers_per_gather = '0', work_mem = '256MB'
 Planning Time: 0.921 ms
 JIT:
   Functions: 10
   Options: Inlining true, Optimization true, Expressions true, Deforming true
   Timing: Generation 1.823 ms, Inlining 70.227 ms, Optimization 144.006 ms, Emission 87.429 ms, Total 303.484 ms
 Execution Time: 71975.494 ms
(17 rows)

===== 20-flattened.sql jit=on =====
                                                                        QUERY PLAN                                                                         
-----------------------------------------------------------------------------------------------------------------------------------------------------------
 HashAggregate  (cost=2108932.39..2271463.90 rows=4859076 width=40) (actual time=15404.435..22866.246 rows=5448842 loops=1)
   Group Key: l_partkey, l_suppkey
   Planned Partitions: 8  Batches: 41  Memory Usage: 262225kB  Disk Usage: 318560kB
   ->  Bitmap Heap Scan on lineitem  (cost=235672.34..1497909.61 rows=9179685 width=13) (actual time=1993.157..10162.947 rows=9123688 loops=1)
         Recheck Cond: ((l_shipdate >= '1996-01-01'::date) AND (l_shipdate < '1997-01-01'::date))
         Heap Blocks: exact=1048319
         ->  Bitmap Index Scan on idx_lineitem_shipdate  (cost=0.00..233377.42 rows=9179685 width=0) (actual time=1606.239..1606.239 rows=9123688 loops=1)
               Index Cond: ((l_shipdate >= '1996-01-01'::date) AND (l_shipdate < '1997-01-01'::date))
 Settings: effective_io_concurrency = '64', maintenance_io_concurrency = '64', max_parallel_workers_per_gather = '0', work_mem = '256MB'
 Planning Time: 1.126 ms
 JIT:
   Functions: 13
   Options: Inlining true, Optimization true, Expressions true, Deforming true
   Timing: Generation 2.482 ms, Inlining 73.899 ms, Optimization 140.209 ms, Emission 79.330 ms, Total 295.920 ms
 Execution Time: 23103.501 ms
(15 rows)

SELECT 5448842
CREATE INDEX
ANALYZE
                                                                                   QUERY PLAN                                                                                   
--------------------------------------------------------------------------------------------------------------------------------------------------------------------------------
 Limit  (cost=87750.60..87750.60 rows=1 width=51) (actual time=1532.660..1532.663 rows=1 loops=1)
   ->  Sort  (cost=87750.60..87750.60 rows=1 width=51) (actual time=1532.658..1532.660 rows=1 loops=1)
         Sort Key: supplier.s_name
         Sort Method: top-N heapsort  Memory: 25kB
         ->  Nested Loop Semi Join  (cost=48.59..87750.59 rows=1 width=51) (actual time=1.024..1530.926 rows=1821 loops=1)
               ->  Nested Loop  (cost=47.29..2404.57 rows=4000 width=55) (actual time=0.739..14.599 rows=4095 loops=1)
                     ->  Seq Scan on nation  (cost=0.00..1.31 rows=1 width=4) (actual time=0.026..0.032 rows=1 loops=1)
                           Filter: (n_name = 'IRAQ'::bpchar)
                           Rows Removed by Filter: 24
                     ->  Bitmap Heap Scan on supplier  (cost=47.29..2363.25 rows=4000 width=59) (actual time=0.707..13.659 rows=4095 loops=1)
                           Recheck Cond: (s_nationkey = nation.n_nationkey)
                           Heap Blocks: exact=1867
                           ->  Bitmap Index Scan on idx_supplier_nation_key  (cost=0.00..46.29 rows=4000 width=0) (actual time=0.409..0.409 rows=4095 loops=1)
                                 Index Cond: (s_nationkey = nation.n_nationkey)
               ->  Nested Loop  (cost=1.30..21.33 rows=1 width=8) (actual time=0.370..0.370 rows=0 loops=4095)
                     Join Filter: (supplier.s_suppkey = agg_lineitem.agg_suppkey)
                     ->  Nested Loop  (cost=0.87..20.83 rows=1 width=16) (actual time=0.318..0.364 rows=1 loops=4095)
                           ->  Index Scan using idx_partsupp_suppkey on partsupp  (cost=0.43..9.08 rows=80 width=12) (actual time=0.008..0.164 rows=61 loops=4095)
                                 Index Cond: (ps_suppkey = supplier.s_suppkey)
                           ->  Memoize  (cost=0.44..0.48 rows=1 width=4) (actual time=0.003..0.003 rows=0 loops=248000)
                                 Cache Key: partsupp.ps_partkey
                                 Hits: 11702  Misses: 236298  Evictions: 0  Overflows: 0  Memory Usage: 15783kB
                                 ->  Index Scan using part_pkey on part  (cost=0.43..0.47 rows=1 width=4) (actual time=0.003..0.003 rows=0 loops=236298)
                                       Index Cond: (p_partkey = partsupp.ps_partkey)
                                       Filter: ((p_name)::text ~~ 'olive%'::text)
                                       Rows Removed by Filter: 1
                     ->  Index Scan using idx_tmp_agg_lineitem on tmp_agg_lineitem agg_lineitem  (cost=0.43..0.48 rows=1 width=13) (actual time=0.009..0.009 rows=1 loops=2732)
                           Index Cond: ((agg_partkey = partsupp.ps_partkey) AND (agg_suppkey = partsupp.ps_suppkey))
                           Filter: ((partsupp.ps_availqty)::numeric > agg_quantity)
                           Rows Removed by Filter: 0
 Settings: effective_io_concurrency = '64', maintenance_io_concurrency = '64', max_parallel_workers_per_gather = '0', work_mem = '256MB'
 Planning Time: 1.978 ms
 Execution Time: 1547.669 ms
(33 rows)

DROP TABLE
===== 20.sql jit=on =====
                                                                                          QUERY PLAN                                                                                           
-----------------------------------------------------------------------------------------------------------------------------------------------------------------------------------------------
 Limit  (cost=2437233.81..2437233.81 rows=1 width=51) (actual time=39771.177..39771.182 rows=1 loops=1)
   ->  Sort  (cost=2437233.81..2437233.81 rows=1 width=51) (actual time=39354.637..39354.642 rows=1 loops=1)
         Sort Key: supplier.s_name
         Sort Method: top-N heapsort  Memory: 25kB
         ->  Nested Loop Semi Join  (cost=2175170.10..2437233.80 rows=1 width=51) (actual time=17775.591..39352.824 rows=1821 loops=1)
               Join Filter: (supplier.s_suppkey = lineitem.l_suppkey)
               Rows Removed by Join Filter: 182645835
               ->  Nested Loop  (cost=0.00..4467.31 rows=4000 width=55) (actual time=0.047..24.500 rows=4095 loops=1)
                     Join Filter: (supplier.s_nationkey = nation.n_nationkey)
                     Rows Removed by Join Filter: 95905
                     ->  Seq Scan on nation  (cost=0.00..1.31 rows=1 width=4) (actual time=0.028..0.033 rows=1 loops=1)
                           Filter: (n_name = 'IRAQ'::bpchar)
                           Rows Removed by Filter: 24
                     ->  Seq Scan on supplier  (cost=0.00..3216.00 rows=100000 width=59) (actual time=0.009..17.905 rows=100000 loops=1)
               ->  Materialize  (cost=2175170.10..2432706.49 rows=1 width=8) (actual time=3.774..7.646 rows=44603 loops=4095)
                     ->  Nested Loop  (cost=2175170.10..2432706.48 rows=1 width=8) (actual time=15456.217..23990.381 rows=59002 loops=1)
                           ->  Hash Join  (cost=2175169.67..2399047.03 rows=53503 width=44) (actual time=15456.179..23612.206 rows=59125 loops=1)
                                 Hash Cond: (lineitem.l_partkey = part.p_partkey)
                                 ->  HashAggregate  (cost=2108932.39..2271463.90 rows=4859076 width=40) (actual time=15100.632..22709.272 rows=5448842 loops=1)
                                       Group Key: lineitem.l_partkey, lineitem.l_suppkey
                                       Planned Partitions: 8  Batches: 41  Memory Usage: 262225kB  Disk Usage: 318560kB
                                       ->  Bitmap Heap Scan on lineitem  (cost=235672.34..1497909.61 rows=9179685 width=13) (actual time=1953.494..10070.270 rows=9123688 loops=1)
                                             Recheck Cond: ((l_shipdate >= '1996-01-01'::date) AND (l_shipdate < '1997-01-01'::date))
                                             Heap Blocks: exact=1048319
                                             ->  Bitmap Index Scan on idx_lineitem_shipdate  (cost=0.00..233377.42 rows=9179685 width=0) (actual time=1585.453..1585.454 rows=9123688 loops=1)
                                                   Index Cond: ((l_shipdate >= '1996-01-01'::date) AND (l_shipdate < '1997-01-01'::date))
                                 ->  Hash  (cost=65962.00..65962.00 rows=22022 width=4) (actual time=355.402..355.403 rows=21718 loops=1)
                                       Buckets: 32768  Batches: 1  Memory Usage: 1020kB
                                       ->  Seq Scan on part  (cost=0.00..65962.00 rows=22022 width=4) (actual time=0.035..351.297 rows=21718 loops=1)
                                             Filter: ((p_name)::text ~~ 'olive%'::text)
                                             Rows Removed by Filter: 1978282
                           ->  Index Scan using partsupp_pkey on partsupp  (cost=0.43..0.62 rows=1 width=12) (actual time=0.006..0.006 rows=1 loops=59125)
                                 Index Cond: ((ps_partkey = lineitem.l_partkey) AND (ps_suppkey = lineitem.l_suppkey))
                                 Filter: ((ps_availqty)::numeric > ((0.5 * sum(lineitem.l_quantity))))
                                 Rows Removed by Filter: 0
 Settings: effective_io_concurrency = '64', maintenance_io_concurrency = '64', max_parallel_workers_per_gather = '0', work_mem = '256MB'
 Planning Time: 3.006 ms
 JIT:
   Functions: 42
   Options: Inlining true, Optimization true, Expressions true, Deforming true
   Timing: Generation 5.240 ms, Inlining 90.647 ms, Optimization 267.586 ms, Emission 146.897 ms, Total 510.370 ms
 Execution Time: 39852.048 ms
(42 rows)

===== 21.sql jit=on =====
                                                                                            QUERY PLAN                                                                                             
---------------------------------------------------------------------------------------------------------------------------------------------------------------------------------------------------
 Limit  (cost=4271772.61..4271772.62 rows=1 width=34) (actual time=35736.890..35736.905 rows=100 loops=1)
   ->  Sort  (cost=4271772.61..4271772.62 rows=1 width=34) (actual time=35268.825..35268.834 rows=100 loops=1)
         Sort Key: (count(*)) DESC, supplier.s_name
         Sort Method: top-N heapsort  Memory: 38kB
         ->  GroupAggregate  (cost=4271772.58..4271772.60 rows=1 width=34) (actual time=35260.244..35267.553 rows=3991 loops=1)
               Group Key: supplier.s_name
               ->  Sort  (cost=4271772.58..4271772.59 rows=1 width=26) (actual time=35260.215..35263.159 rows=39281 loops=1)
                     Sort Key: supplier.s_name
                     Sort Method: quicksort  Memory: 3378kB
                     ->  Nested Loop Semi Join  (cost=2204876.30..4271772.57 rows=1 width=26) (actual time=16539.416..35110.135 rows=39281 loops=1)
                           Join Filter: (l2.l_suppkey <> l1.l_suppkey)
                           Rows Removed by Join Filter: 42023
                           ->  Nested Loop  (cost=2204875.74..4271765.04 rows=1 width=38) (actual time=16539.391..34803.833 rows=65960 loops=1)
                                 ->  Hash Anti Join  (cost=2204875.30..4271757.72 rows=1 width=34) (actual time=16537.965..34254.363 rows=134155 loops=1)
                                       Hash Cond: (l1.l_orderkey = l3.l_orderkey)
                                       Join Filter: (l3.l_suppkey <> l1.l_suppkey)
                                       Rows Removed by Join Filter: 547662
                                       ->  Hash Join  (cost=2454.57..1959791.29 rows=798387 width=34) (actual time=7.453..13665.879 rows=1514267 loops=1)
                                             Hash Cond: (l1.l_suppkey = supplier.s_suppkey)
                                             ->  Seq Scan on lineitem l1  (cost=0.00..1874370.05 rows=19995415 width=8) (actual time=0.108..10082.159 rows=37929348 loops=1)
                                                   Filter: (l_receiptdate > l_commitdate)
                                                   Rows Removed by Filter: 22056704
                                             ->  Hash  (cost=2404.57..2404.57 rows=4000 width=30) (actual time=7.305..7.307 rows=3991 loops=1)
                                                   Buckets: 4096  Batches: 1  Memory Usage: 282kB
                                                   ->  Nested Loop  (cost=47.29..2404.57 rows=4000 width=30) (actual time=0.695..6.610 rows=3991 loops=1)
                                                         ->  Seq Scan on nation  (cost=0.00..1.31 rows=1 width=4) (actual time=0.020..0.022 rows=1 loops=1)
                                                               Filter: (n_name = 'PERU'::bpchar)
                                                               Rows Removed by Filter: 24
                                                         ->  Bitmap Heap Scan on supplier  (cost=47.29..2363.25 rows=4000 width=34) (actual time=0.670..6.215 rows=3991 loops=1)
                                                               Recheck Cond: (s_nationkey = nation.n_nationkey)
                                                               Heap Blocks: exact=1873
                                                               ->  Bitmap Index Scan on idx_supplier_nation_key  (cost=0.00..46.29 rows=4000 width=0) (actual time=0.369..0.369 rows=3991 loops=1)
                                                                     Index Cond: (s_nationkey = nation.n_nationkey)
                                       ->  Hash  (cost=1874370.05..1874370.05 rows=19995415 width=8) (actual time=16500.320..16500.321 rows=37929348 loops=1)
                                             Buckets: 8388608  Batches: 8  Memory Usage: 250561kB
                                             ->  Seq Scan on lineitem l3  (cost=0.00..1874370.05 rows=19995415 width=8) (actual time=0.021..10863.281 rows=37929348 loops=1)
                                                   Filter: (l_receiptdate > l_commitdate)
                                                   Rows Removed by Filter: 22056704
                                 ->  Index Scan using orders_pkey on orders  (cost=0.43..7.32 rows=1 width=4) (actual time=0.004..0.004 rows=0 loops=134155)
                                       Index Cond: (o_orderkey = l1.l_orderkey)
                                       Filter: (o_orderstatus = 'F'::bpchar)
                                       Rows Removed by Filter: 1
                           ->  Index Scan using idx_lineitem_orderkey on lineitem l2  (cost=0.56..7.52 rows=4 width=8) (actual time=0.004..0.004 rows=1 loops=65960)
                                 Index Cond: (l_orderkey = orders.o_orderkey)
 Settings: effective_io_concurrency = '64', maintenance_io_concurrency = '64', max_parallel_workers_per_gather = '0', work_mem = '256MB'
 Planning Time: 3.312 ms
 JIT:
   Functions: 47
   Options: Inlining true, Optimization true, Expressions true, Deforming true
   Timing: Generation 5.017 ms, Inlining 66.139 ms, Optimization 257.734 ms, Emission 143.764 ms, Total 472.655 ms
 Execution Time: 35787.703 ms
(51 rows)

===== 22.sql jit=on =====
                                                                          QUERY PLAN                                                                          
--------------------------------------------------------------------------------------------------------------------------------------------------------------
 Limit  (cost=163242.82..163242.85 rows=1 width=72) (actual time=2010.929..2010.932 rows=1 loops=1)
   InitPlan 1 (returns $0)
     ->  Aggregate  (cost=75321.31..75321.32 rows=1 width=32) (actual time=933.135..933.136 rows=1 loops=1)
           ->  Seq Scan on customer customer_1  (cost=0.00..75202.00 rows=47724 width=6) (actual time=0.010..896.024 rows=382426 loops=1)
                 Filter: ((c_acctbal > 0.00) AND (SUBSTRING(c_phone FROM 1 FOR 2) = ANY ('{21,29,26,34,14,15,17}'::text[])))
                 Rows Removed by Filter: 1117574
   ->  GroupAggregate  (cost=87921.50..88123.05 rows=7329 width=72) (actual time=1994.040..1994.041 rows=1 loops=1)
         Group Key: (SUBSTRING(customer.c_phone FROM 1 FOR 2))
         ->  Sort  (cost=87921.50..87939.82 rows=7329 width=38) (actual time=1992.115..1992.545 rows=9006 loops=1)
               Sort Key: (SUBSTRING(customer.c_phone FROM 1 FOR 2))
               Sort Method: quicksort  Memory: 4513kB
               ->  Nested Loop Anti Join  (cost=0.43..87451.00 rows=7329 width=38) (actual time=933.206..1975.676 rows=63509 loops=1)
                     ->  Seq Scan on customer  (cost=0.00..75202.00 rows=17500 width=26) (actual time=933.181..1607.894 rows=191129 loops=1)
                           Filter: ((c_acctbal > $0) AND (SUBSTRING(c_phone FROM 1 FOR 2) = ANY ('{21,29,26,34,14,15,17}'::text[])))
                           Rows Removed by Filter: 1308871
                     ->  Index Only Scan using idx_orders_custkey on orders  (cost=0.43..3.28 rows=17 width=4) (actual time=0.002..0.002 rows=1 loops=191129)
                           Index Cond: (o_custkey = customer.c_custkey)
                           Heap Fetches: 0
 Settings: effective_io_concurrency = '64', maintenance_io_concurrency = '64', max_parallel_workers_per_gather = '0', work_mem = '256MB'
 Planning Time: 1.648 ms
 JIT:
   Functions: 17
   Options: Inlining false, Optimization false, Expressions true, Deforming true
   Timing: Generation 2.287 ms, Inlining 0.000 ms, Optimization 0.714 ms, Emission 15.916 ms, Total 18.917 ms
 Execution Time: 2044.202 ms
(25 rows)

===== 2-flattened.sql jit=on =====
                                                                       QUERY PLAN                                                                        
---------------------------------------------------------------------------------------------------------------------------------------------------------
 HashAggregate  (cost=207697.09..223697.09 rows=1600000 width=36) (actual time=2479.983..2828.709 rows=1182884 loops=1)
   Group Key: partsupp.ps_partkey
   Batches: 1  Memory Usage: 180241kB
   ->  Nested Loop  (cost=42.10..199697.09 rows=1600000 width=10) (actual time=19.104..1838.927 rows=1604080 loops=1)
         ->  Nested Loop  (cost=41.67..2184.07 rows=20000 width=4) (actual time=19.073..45.622 rows=20051 loops=1)
               ->  Nested Loop  (cost=0.14..13.95 rows=5 width=4) (actual time=18.247..18.280 rows=5 loops=1)
                     Join Filter: (nation.n_regionkey = region.r_regionkey)
                     Rows Removed by Join Filter: 20
                     ->  Index Scan using nation_pkey on nation  (cost=0.14..12.51 rows=25 width=8) (actual time=0.040..0.056 rows=25 loops=1)
                     ->  Materialize  (cost=0.00..1.07 rows=1 width=4) (actual time=0.728..0.728 rows=1 loops=25)
                           ->  Seq Scan on region  (cost=0.00..1.06 rows=1 width=4) (actual time=18.190..18.192 rows=1 loops=1)
                                 Filter: (r_name = 'AMERICA'::bpchar)
                                 Rows Removed by Filter: 4
               ->  Bitmap Heap Scan on supplier  (cost=41.53..394.02 rows=4000 width=8) (actual time=0.754..4.850 rows=4010 loops=5)
                     Recheck Cond: (s_nationkey = nation.n_nationkey)
                     Heap Blocks: exact=9388
                     ->  Bitmap Index Scan on idx_supplier_nation_key  (cost=0.00..40.53 rows=4000 width=0) (actual time=0.462..0.462 rows=4010 loops=5)
                           Index Cond: (s_nationkey = nation.n_nationkey)
         ->  Index Scan using idx_partsupp_suppkey on partsupp  (cost=0.43..9.08 rows=80 width=14) (actual time=0.004..0.081 rows=80 loops=20051)
               Index Cond: (ps_suppkey = supplier.s_suppkey)
 Settings: effective_io_concurrency = '64', maintenance_io_concurrency = '64', max_parallel_workers_per_gather = '0', work_mem = '256MB'
 Planning Time: 1.621 ms
 JIT:
   Functions: 24
   Options: Inlining false, Optimization false, Expressions true, Deforming true
   Timing: Generation 2.811 ms, Inlining 0.000 ms, Optimization 0.882 ms, Emission 17.019 ms, Total 20.712 ms
 Execution Time: 2927.319 ms
(27 rows)

SELECT 1182884
CREATE INDEX
ANALYZE
                                                                                    QUERY PLAN                                                                                     
-----------------------------------------------------------------------------------------------------------------------------------------------------------------------------------
 Limit  (cost=400396.86..400396.87 rows=1 width=192) (actual time=661.841..661.854 rows=100 loops=1)
   ->  Sort  (cost=400396.86..400396.87 rows=1 width=192) (actual time=640.269..640.276 rows=100 loops=1)
         Sort Key: supplier.s_acctbal DESC, nation.n_name, supplier.s_name, part.p_partkey
         Sort Method: top-N heapsort  Memory: 71kB
         ->  Nested Loop  (cost=0.72..400396.85 rows=1 width=192) (actual time=0.095..637.724 rows=4737 loops=1)
               Join Filter: (nation.n_regionkey = region.r_regionkey)
               ->  Nested Loop  (cost=0.72..400395.78 rows=1 width=196) (actual time=0.090..632.419 rows=4737 loops=1)
                     Join Filter: (supplier.s_nationkey = nation.n_nationkey)
                     Rows Removed by Join Filter: 43913
                     ->  Nested Loop  (cost=0.72..400394.21 rows=1 width=170) (actual time=0.082..622.032 rows=4737 loops=1)
                           ->  Nested Loop  (cost=0.43..400393.90 rows=1 width=34) (actual time=0.073..601.913 rows=4737 loops=1)
                                 ->  Seq Scan on part  (cost=0.00..70962.00 rows=7993 width=30) (actual time=0.025..486.277 rows=8046 loops=1)
                                       Filter: (((p_type)::text ~~ '%NICKEL'::text) AND (p_size = 16))
                                       Rows Removed by Filter: 1991954
                                 ->  Index Scan using idx_partsupp_partkey on partsupp  (cost=0.43..41.21 rows=1 width=14) (actual time=0.012..0.014 rows=1 loops=8046)
                                       Index Cond: (ps_partkey = part.p_partkey)
                                       Filter: ((SubPlan 1) = ps_supplycost)
                                       Rows Removed by Filter: 3
                                       SubPlan 1
                                         ->  Index Scan using tmp_supplycost_idx on tmp_supplycost  (cost=0.43..8.45 rows=1 width=6) (actual time=0.002..0.002 rows=1 loops=32184)
                                               Index Cond: (ps_partkey = part.p_partkey)
                           ->  Index Scan using supplier_pkey on supplier  (cost=0.29..0.31 rows=1 width=144) (actual time=0.004..0.004 rows=1 loops=4737)
                                 Index Cond: (s_suppkey = partsupp.ps_suppkey)
                     ->  Seq Scan on nation  (cost=0.00..1.25 rows=25 width=34) (actual time=0.000..0.001 rows=10 loops=4737)
               ->  Seq Scan on region  (cost=0.00..1.06 rows=1 width=4) (actual time=0.001..0.001 rows=1 loops=4737)
                     Filter: (r_name = 'AMERICA'::bpchar)
                     Rows Removed by Filter: 1
 Settings: effective_io_concurrency = '64', maintenance_io_concurrency = '64', max_parallel_workers_per_gather = '0', work_mem = '256MB'
 Planning Time: 1.387 ms
 JIT:
   Functions: 31
   Options: Inlining false, Optimization false, Expressions true, Deforming true
   Timing: Generation 3.117 ms, Inlining 0.000 ms, Optimization 0.784 ms, Emission 20.483 ms, Total 24.384 ms
 Execution Time: 665.099 ms
(34 rows)

DROP TABLE
===== 2.sql jit=on =====
                                                                                        QUERY PLAN                                                                                         
-------------------------------------------------------------------------------------------------------------------------------------------------------------------------------------------
 Limit  (cost=723178.15..723178.16 rows=1 width=192) (actual time=3702.015..3702.032 rows=100 loops=1)
   ->  Sort  (cost=723178.15..723178.16 rows=1 width=192) (actual time=3080.471..3080.482 rows=100 loops=1)
         Sort Key: supplier.s_acctbal DESC, nation.n_name, supplier.s_name, part.p_partkey
         Sort Method: top-N heapsort  Memory: 70kB
         ->  Hash Join  (cost=265351.64..723178.14 rows=1 width=192) (actual time=2209.382..3078.192 rows=4737 loops=1)
               Hash Cond: ((part.p_partkey = partsupp.ps_partkey) AND ((SubPlan 1) = partsupp.ps_supplycost))
               ->  Seq Scan on part  (cost=0.00..70962.00 rows=7993 width=30) (actual time=0.036..424.658 rows=8046 loops=1)
                     Filter: (((p_type)::text ~~ '%NICKEL'::text) AND (p_size = 16))
                     Rows Removed by Filter: 1991954
               ->  Hash  (cost=202288.64..202288.64 rows=1600000 width=172) (actual time=2201.669..2201.672 rows=1604080 loops=1)
                     Buckets: 2097152  Batches: 2  Memory Usage: 180174kB
                     ->  Nested Loop  (cost=2.00..202288.64 rows=1600000 width=172) (actual time=0.122..1508.271 rows=1604080 loops=1)
                           ->  Nested Loop  (cost=1.56..4775.62 rows=20000 width=166) (actual time=0.087..52.110 rows=20051 loops=1)
                                 Join Filter: (nation.n_regionkey = region.r_regionkey)
                                 Rows Removed by Join Filter: 79949
                                 ->  Seq Scan on region  (cost=0.00..1.06 rows=1 width=4) (actual time=0.019..0.023 rows=1 loops=1)
                                       Filter: (r_name = 'AMERICA'::bpchar)
                                       Rows Removed by Filter: 4
                                 ->  Hash Join  (cost=1.56..3524.56 rows=100000 width=170) (actual time=0.064..45.774 rows=100000 loops=1)
                                       Hash Cond: (supplier.s_nationkey = nation.n_nationkey)
                                       ->  Seq Scan on supplier  (cost=0.00..3216.00 rows=100000 width=144) (actual time=0.019..9.232 rows=100000 loops=1)
                                       ->  Hash  (cost=1.25..1.25 rows=25 width=34) (actual time=0.027..0.028 rows=25 loops=1)
                                             Buckets: 1024  Batches: 1  Memory Usage: 10kB
                                             ->  Seq Scan on nation  (cost=0.00..1.25 rows=25 width=34) (actual time=0.013..0.020 rows=25 loops=1)
                           ->  Index Scan using idx_partsupp_suppkey on partsupp  (cost=0.43..9.08 rows=80 width=14) (actual time=0.004..0.065 rows=80 loops=20051)
                                 Index Cond: (ps_suppkey = supplier.s_suppkey)
               SubPlan 1
                 ->  Aggregate  (cost=43.48..43.49 rows=1 width=32) (actual time=0.020..0.020 rows=1 loops=12783)
                       ->  Nested Loop  (cost=0.86..43.48 rows=1 width=6) (actual time=0.014..0.019 rows=1 loops=12783)
                             Join Filter: (nation_1.n_regionkey = region_1.r_regionkey)
                             Rows Removed by Join Filter: 3
                             ->  Seq Scan on region region_1  (cost=0.00..1.06 rows=1 width=4) (actual time=0.000..0.001 rows=1 loops=12783)
                                   Filter: (r_name = 'AMERICA'::bpchar)
                                   Rows Removed by Filter: 4
                             ->  Nested Loop  (cost=0.86..42.36 rows=4 width=10) (actual time=0.007..0.018 rows=4 loops=12783)
                                   ->  Nested Loop  (cost=0.72..41.74 rows=4 width=10) (actual time=0.006..0.014 rows=4 loops=12783)
                                         ->  Index Scan using idx_partsupp_partkey on partsupp partsupp_1  (cost=0.43..8.50 rows=4 width=10) (actual time=0.004..0.005 rows=4 loops=12783)
                                               Index Cond: (ps_partkey = part.p_partkey)
                                         ->  Index Scan using supplier_pkey on supplier supplier_1  (cost=0.29..8.31 rows=1 width=8) (actual time=0.002..0.002 rows=1 loops=51132)
                                               Index Cond: (s_suppkey = partsupp_1.ps_suppkey)
                                   ->  Index Scan using nation_pkey on nation nation_1  (cost=0.14..0.16 rows=1 width=8) (actual time=0.001..0.001 rows=1 loops=51132)
                                         Index Cond: (n_nationkey = supplier_1.s_nationkey)
 Settings: effective_io_concurrency = '64', maintenance_io_concurrency = '64', max_parallel_workers_per_gather = '0', work_mem = '256MB'
 Planning Time: 3.207 ms
 JIT:
   Functions: 57
   Options: Inlining true, Optimization true, Expressions true, Deforming true
   Timing: Generation 6.143 ms, Inlining 66.649 ms, Optimization 347.307 ms, Emission 207.033 ms, Total 627.133 ms
 Execution Time: 3747.709 ms
(49 rows)

===== 3.sql jit=on =====
                                                                                     QUERY PLAN                                                                                      
-------------------------------------------------------------------------------------------------------------------------------------------------------------------------------------
 Limit  (cost=2959368.20..2959368.23 rows=10 width=44) (actual time=17764.253..17764.260 rows=10 loops=1)
   ->  Sort  (cost=2959368.20..2967268.44 rows=3160094 width=44) (actual time=17310.681..17310.686 rows=10 loops=1)
         Sort Key: (sum((lineitem.l_extendedprice * ('1'::numeric - lineitem.l_discount)))) DESC, orders.o_orderdate
         Sort Method: top-N heapsort  Memory: 26kB
         ->  HashAggregate  (cost=2814546.18..2891079.71 rows=3160094 width=44) (actual time=17231.260..17289.784 rows=113934 loops=1)
               Group Key: lineitem.l_orderkey, orders.o_orderdate, orders.o_shippriority
               Planned Partitions: 4  Batches: 1  Memory Usage: 73745kB
               ->  Hash Join  (cost=527885.72..2555813.48 rows=3160094 width=24) (actual time=4304.794..17016.123 rows=301530 loops=1)
                     Hash Cond: (lineitem.l_orderkey = orders.o_orderkey)
                     ->  Seq Scan on lineitem  (cost=0.00..1874370.05 rows=32521806 width=16) (actual time=0.066..9275.442 rows=32534229 loops=1)
                           Filter: (l_shipdate > '1995-03-07'::date)
                           Rows Removed by Filter: 27451823
                     ->  Hash  (cost=509666.63..509666.63 rows=1457527 width=12) (actual time=4297.043..4297.045 rows=1451805 loops=1)
                           Buckets: 2097152  Batches: 1  Memory Usage: 78767kB
                           ->  Hash Join  (cost=139233.70..509666.63 rows=1457527 width=12) (actual time=935.503..3959.543 rows=1451805 loops=1)
                                 Hash Cond: (orders.o_custkey = customer.c_custkey)
                                 ->  Bitmap Heap Scan on orders  (cost=80882.57..432307.70 rows=7241050 width=16) (actual time=553.593..2246.839 rows=7239437 loops=1)
                                       Recheck Cond: (o_orderdate < '1995-03-07'::date)
                                       Heap Blocks: exact=260912
                                       ->  Bitmap Index Scan on idx_orders_orderdate  (cost=0.00..79072.31 rows=7241050 width=0) (actual time=481.995..481.995 rows=7239437 loops=1)
                                             Index Cond: (o_orderdate < '1995-03-07'::date)
                                 ->  Hash  (cost=54577.00..54577.00 rows=301930 width=4) (actual time=379.981..379.982 rows=300276 loops=1)
                                       Buckets: 524288  Batches: 1  Memory Usage: 14653kB
                                       ->  Seq Scan on customer  (cost=0.00..54577.00 rows=301930 width=4) (actual time=0.029..325.648 rows=300276 loops=1)
                                             Filter: (c_mktsegment = 'BUILDING'::bpchar)
                                             Rows Removed by Filter: 1199724
 Settings: effective_io_concurrency = '64', maintenance_io_concurrency = '64', max_parallel_workers_per_gather = '0', work_mem = '256MB'
 Planning Time: 2.044 ms
 JIT:
   Functions: 31
   Options: Inlining true, Optimization true, Expressions true, Deforming true
   Timing: Generation 3.884 ms, Inlining 70.236 ms, Optimization 245.758 ms, Emission 137.198 ms, Total 457.075 ms
 Execution Time: 17820.353 ms
(33 rows)

===== 4.sql jit=on =====
                                                                             QUERY PLAN                                                                             
--------------------------------------------------------------------------------------------------------------------------------------------------------------------
 Limit  (cost=2586299.21..2586299.21 rows=1 width=24) (actual time=20689.506..20689.509 rows=1 loops=1)
   ->  Sort  (cost=2586299.21..2586299.22 rows=5 width=24) (actual time=20457.078..20457.081 rows=1 loops=1)
         Sort Key: orders.o_orderpriority
         Sort Method: top-N heapsort  Memory: 25kB
         ->  HashAggregate  (cost=2586299.13..2586299.18 rows=5 width=24) (actual time=20457.014..20457.018 rows=5 loops=1)
               Group Key: orders.o_orderpriority
               Batches: 1  Memory Usage: 24kB
               ->  Hash Semi Join  (cost=2210171.43..2583465.51 rows=566724 width=16) (actual time=15803.980..20360.601 rows=513822 loops=1)
                     Hash Cond: (orders.o_orderkey = lineitem.l_orderkey)
                     ->  Bitmap Heap Scan on orders  (cost=7750.69..277165.50 rows=566854 width=20) (actual time=143.447..641.422 rows=560424 loops=1)
                           Recheck Cond: ((o_orderdate >= '1993-12-01'::date) AND (o_orderdate < '1994-03-01'::date))
                           Heap Blocks: exact=231732
                           ->  Bitmap Index Scan on idx_orders_orderdate  (cost=0.00..7608.98 rows=566854 width=0) (actual time=78.683..78.684 rows=560424 loops=1)
                                 Index Cond: ((o_orderdate >= '1993-12-01'::date) AND (o_orderdate < '1994-03-01'::date))
                     ->  Hash  (cost=1874370.05..1874370.05 rows=19995415 width=4) (actual time=15630.273..15630.273 rows=37929348 loops=1)
                           Buckets: 8388608  Batches: 8  Memory Usage: 232058kB
                           ->  Seq Scan on lineitem  (cost=0.00..1874370.05 rows=19995415 width=4) (actual time=0.094..10415.216 rows=37929348 loops=1)
                                 Filter: (l_commitdate < l_receiptdate)
                                 Rows Removed by Filter: 22056704
 Settings: effective_io_concurrency = '64', maintenance_io_concurrency = '64', max_parallel_workers_per_gather = '0', work_mem = '256MB'
 Planning Time: 1.511 ms
 JIT:
   Functions: 19
   Options: Inlining true, Optimization true, Expressions true, Deforming true
   Timing: Generation 2.182 ms, Inlining 63.173 ms, Optimization 108.905 ms, Emission 60.096 ms, Total 234.356 ms
 Execution Time: 20737.690 ms
(26 rows)

===== 5.sql jit=on =====
                                                                                           QUERY PLAN                                                                                            
-------------------------------------------------------------------------------------------------------------------------------------------------------------------------------------------------
 Limit  (cost=2373265.50..2373265.50 rows=1 width=58) (actual time=18780.183..18780.191 rows=1 loops=1)
   ->  Sort  (cost=2373265.50..2373265.56 rows=25 width=58) (actual time=18223.271..18223.278 rows=1 loops=1)
         Sort Key: (sum((lineitem.l_extendedprice * ('1'::numeric - lineitem.l_discount)))) DESC
         Sort Method: top-N heapsort  Memory: 25kB
         ->  GroupAggregate  (cost=2372355.43..2373265.37 rows=25 width=58) (actual time=18198.686..18223.221 rows=5 loops=1)
               Group Key: nation.n_name
               ->  Sort  (cost=2372355.43..2372537.36 rows=72770 width=38) (actual time=18192.488..18196.057 rows=72033 loops=1)
                     Sort Key: nation.n_name
                     Sort Method: quicksort  Memory: 8700kB
                     ->  Hash Join  (cost=422644.81..2366478.87 rows=72770 width=38) (actual time=2377.275..18164.427 rows=72033 loops=1)
                           Hash Cond: ((lineitem.l_suppkey = supplier.s_suppkey) AND (customer.c_nationkey = supplier.s_nationkey))
                           ->  Hash Join  (cost=417928.81..2352194.63 rows=1822520 width=50) (actual time=2331.629..17686.893 rows=1815327 loops=1)
                                 Hash Cond: (orders.o_custkey = customer.c_custkey)
                                 ->  Hash Join  (cost=354724.30..2236592.68 rows=9112598 width=20) (actual time=1775.391..15950.942 rows=9108027 loops=1)
                                       Hash Cond: (lineitem.l_orderkey = orders.o_orderkey)
                                       ->  Seq Scan on lineitem  (cost=0.00..1724404.44 rows=59986244 width=20) (actual time=0.062..5971.588 rows=59986052 loops=1)
                                       ->  Hash  (cost=326240.90..326240.90 rows=2278672 width=8) (actual time=1760.260..1760.261 rows=2276638 loops=1)
                                             Buckets: 4194304  Batches: 1  Memory Usage: 121700kB
                                             ->  Bitmap Heap Scan on orders  (cost=31148.82..326240.90 rows=2278672 width=8) (actual time=265.110..1288.828 rows=2276638 loops=1)
                                                   Recheck Cond: ((o_orderdate >= '1993-01-01'::date) AND (o_orderdate < '1994-01-01'::date))
                                                   Heap Blocks: exact=260897
                                                   ->  Bitmap Index Scan on idx_orders_orderdate  (cost=0.00..30579.16 rows=2278672 width=0) (actual time=189.641..189.642 rows=2276638 loops=1)
                                                         Index Cond: ((o_orderdate >= '1993-01-01'::date) AND (o_orderdate < '1994-01-01'::date))
                                 ->  Hash  (cost=59454.51..59454.51 rows=300000 width=38) (actual time=554.235..554.238 rows=299436 loops=1)
                                       Buckets: 524288  Batches: 1  Memory Usage: 25151kB
                                       ->  Hash Join  (cost=2.51..59454.51 rows=300000 width=38) (actual time=0.074..486.559 rows=299436 loops=1)
                                             Hash Cond: (customer.c_nationkey = nation.n_nationkey)
                                             ->  Seq Scan on customer  (cost=0.00..50827.00 rows=1500000 width=8) (actual time=0.011..139.658 rows=1500000 loops=1)
                                             ->  Hash  (cost=2.45..2.45 rows=5 width=30) (actual time=0.050..0.051 rows=5 loops=1)
                                                   Buckets: 1024  Batches: 1  Memory Usage: 9kB
                                                   ->  Hash Join  (cost=1.07..2.45 rows=5 width=30) (actual time=0.039..0.047 rows=5 loops=1)
                                                         Hash Cond: (nation.n_regionkey = region.r_regionkey)
                                                         ->  Seq Scan on nation  (cost=0.00..1.25 rows=25 width=34) (actual time=0.008..0.010 rows=25 loops=1)
                                                         ->  Hash  (cost=1.06..1.06 rows=1 width=4) (actual time=0.021..0.021 rows=1 loops=1)
                                                               Buckets: 1024  Batches: 1  Memory Usage: 9kB
                                                               ->  Seq Scan on region  (cost=0.00..1.06 rows=1 width=4) (actual time=0.015..0.016 rows=1 loops=1)
                                                                     Filter: (r_name = 'AMERICA'::bpchar)
                                                                     Rows Removed by Filter: 4
                           ->  Hash  (cost=3216.00..3216.00 rows=100000 width=8) (actual time=44.474..44.474 rows=100000 loops=1)
                                 Buckets: 131072  Batches: 1  Memory Usage: 4931kB
                                 ->  Seq Scan on supplier  (cost=0.00..3216.00 rows=100000 width=8) (actual time=0.025..29.836 rows=100000 loops=1)
 Settings: effective_io_concurrency = '64', maintenance_io_concurrency = '64', max_parallel_workers_per_gather = '0', work_mem = '256MB'
 Planning Time: 5.076 ms
 JIT:
   Functions: 55
   Options: Inlining true, Optimization true, Expressions true, Deforming true
   Timing: Generation 5.680 ms, Inlining 69.910 ms, Optimization 312.122 ms, Emission 174.406 ms, Total 562.118 ms
 Execution Time: 18824.637 ms
(48 rows)

===== 6.sql jit=on =====
                                                                                          QUERY PLAN                                                                                           
-----------------------------------------------------------------------------------------------------------------------------------------------------------------------------------------------
 Limit  (cost=1503707.38..1503707.39 rows=1 width=32) (actual time=2984.258..2984.260 rows=1 loops=1)
   ->  Aggregate  (cost=1503707.38..1503707.39 rows=1 width=32) (actual time=2806.462..2806.463 rows=1 loops=1)
         ->  Bitmap Heap Scan on lineitem  (cost=300117.19..1497751.88 rows=1191099 width=12) (actual time=1295.377..2510.000 rows=1194558 loops=1)
               Recheck Cond: ((l_shipdate >= '1993-01-01'::date) AND (l_shipdate < '1994-01-01'::date) AND (l_discount >= 0.06) AND (l_discount <= 0.08) AND (l_quantity < '25'::numeric))
               Heap Blocks: exact=662932
               ->  Bitmap Index Scan on idx_lineitem_shipdate  (cost=0.00..299819.41 rows=1191099 width=0) (actual time=1088.439..1088.439 rows=1194558 loops=1)
                     Index Cond: ((l_shipdate >= '1993-01-01'::date) AND (l_shipdate < '1994-01-01'::date) AND (l_discount >= 0.06) AND (l_discount <= 0.08) AND (l_quantity < '25'::numeric))
 Settings: effective_io_concurrency = '64', maintenance_io_concurrency = '64', max_parallel_workers_per_gather = '0', work_mem = '256MB'
 Planning Time: 0.846 ms
 JIT:
   Functions: 6
   Options: Inlining true, Optimization true, Expressions true, Deforming true
   Timing: Generation 1.060 ms, Inlining 67.223 ms, Optimization 70.407 ms, Emission 39.957 ms, Total 178.647 ms
 Execution Time: 3019.379 ms
(14 rows)

===== 7.sql jit=on =====
                                                                                     QUERY PLAN                                                                                      
-------------------------------------------------------------------------------------------------------------------------------------------------------------------------------------
 Limit  (cost=2516201.26..2516201.38 rows=1 width=116) (actual time=20816.975..20816.987 rows=1 loops=1)
   ->  GroupAggregate  (cost=2516201.26..2517412.68 rows=10096 width=116) (actual time=20104.303..20104.314 rows=1 loops=1)
         Group Key: n1.n_name, n2.n_name, (EXTRACT(year FROM lineitem.l_shipdate))
         ->  Sort  (cost=2516201.26..2516352.69 rows=60570 width=96) (actual time=20096.480..20097.210 rows=14421 loops=1)
               Sort Key: n1.n_name, n2.n_name, (EXTRACT(year FROM lineitem.l_shipdate))
               Sort Method: quicksort  Memory: 9664kB
               ->  Hash Join  (cost=1022625.05..2511390.09 rows=60570 width=96) (actual time=9009.177..20059.160 rows=57794 loops=1)
                     Hash Cond: (lineitem.l_orderkey = orders.o_orderkey)
                     Join Filter: (((n1.n_name = 'PERU'::bpchar) AND (n2.n_name = 'MOROCCO'::bpchar)) OR ((n1.n_name = 'MOROCCO'::bpchar) AND (n2.n_name = 'PERU'::bpchar)))
                     Rows Removed by Join Filter: 58158
                     ->  Hash Join  (cost=471529.65..1952356.63 rows=1455445 width=46) (actual time=3400.276..14063.280 rows=1455694 loops=1)
                           Hash Cond: (lineitem.l_suppkey = supplier.s_suppkey)
                           ->  Bitmap Heap Scan on lineitem  (cost=467905.25..1865831.67 rows=18225628 width=24) (actual time=3365.303..11882.810 rows=18230325 loops=1)
                                 Recheck Cond: ((l_shipdate >= '1995-01-01'::date) AND (l_shipdate <= '1996-12-31'::date))
                                 Heap Blocks: exact=1119491
                                 ->  Bitmap Index Scan on idx_lineitem_shipdate  (cost=0.00..463348.85 rows=18225628 width=0) (actual time=2971.199..2971.200 rows=18230325 loops=1)
                                       Index Cond: ((l_shipdate >= '1995-01-01'::date) AND (l_shipdate <= '1996-12-31'::date))
                           ->  Hash  (cost=3524.40..3524.40 rows=8000 width=30) (actual time=34.927..34.933 rows=7981 loops=1)
                                 Buckets: 8192  Batches: 1  Memory Usage: 548kB
                                 ->  Hash Join  (cost=1.40..3524.40 rows=8000 width=30) (actual time=0.069..33.768 rows=7981 loops=1)
                                       Hash Cond: (supplier.s_nationkey = n1.n_nationkey)
                                       ->  Seq Scan on supplier  (cost=0.00..3216.00 rows=100000 width=8) (actual time=0.036..25.214 rows=100000 loops=1)
                                       ->  Hash  (cost=1.38..1.38 rows=2 width=30) (actual time=0.028..0.032 rows=2 loops=1)
                                             Buckets: 1024  Batches: 1  Memory Usage: 9kB
                                             ->  Seq Scan on nation n1  (cost=0.00..1.38 rows=2 width=30) (actual time=0.022..0.024 rows=2 loops=1)
                                                   Filter: ((n_name = 'PERU'::bpchar) OR (n_name = 'MOROCCO'::bpchar))
                                                   Rows Removed by Filter: 23
                     ->  Hash  (cost=536095.40..536095.40 rows=1200000 width=30) (actual time=5600.931..5600.934 rows=1191175 loops=1)
                           Buckets: 2097152  Batches: 1  Memory Usage: 88506kB
                           ->  Hash Join  (cost=56933.40..536095.40 rows=1200000 width=30) (actual time=492.989..5309.162 rows=1191175 loops=1)
                                 Hash Cond: (orders.o_custkey = customer.c_custkey)
                                 ->  Seq Scan on orders  (cost=0.00..410912.00 rows=15000000 width=8) (actual time=0.030..2437.605 rows=15000000 loops=1)
                                 ->  Hash  (cost=55433.40..55433.40 rows=120000 width=30) (actual time=492.458..492.460 rows=119622 loops=1)
                                       Buckets: 131072  Batches: 1  Memory Usage: 8267kB
                                       ->  Hash Join  (cost=1.40..55433.40 rows=120000 width=30) (actual time=0.047..466.791 rows=119622 loops=1)
                                             Hash Cond: (customer.c_nationkey = n2.n_nationkey)
                                             ->  Seq Scan on customer  (cost=0.00..50827.00 rows=1500000 width=8) (actual time=0.013..343.501 rows=1500000 loops=1)
                                             ->  Hash  (cost=1.38..1.38 rows=2 width=30) (actual time=0.024..0.025 rows=2 loops=1)
                                                   Buckets: 1024  Batches: 1  Memory Usage: 9kB
                                                   ->  Seq Scan on nation n2  (cost=0.00..1.38 rows=2 width=30) (actual time=0.015..0.018 rows=2 loops=1)
                                                         Filter: ((n_name = 'MOROCCO'::bpchar) OR (n_name = 'PERU'::bpchar))
                                                         Rows Removed by Filter: 23
 Settings: effective_io_concurrency = '64', maintenance_io_concurrency = '64', max_parallel_workers_per_gather = '0', work_mem = '256MB'
 Planning Time: 4.549 ms
 JIT:
   Functions: 60
   Options: Inlining true, Optimization true, Expressions true, Deforming true
   Timing: Generation 6.489 ms, Inlining 68.486 ms, Optimization 412.949 ms, Emission 230.646 ms, Total 718.570 ms
 Execution Time: 20864.119 ms
(49 rows)

===== 8.sql jit=on =====
                                                                                           QUERY PLAN                                                                                            
-------------------------------------------------------------------------------------------------------------------------------------------------------------------------------------------------
 Limit  (cost=2022054.29..2022054.54 rows=1 width=64) (actual time=5021.052..5021.061 rows=1 loops=1)
   ->  GroupAggregate  (cost=2022054.29..2022643.83 rows=2406 width=64) (actual time=4387.219..4387.227 rows=1 loops=1)
         Group Key: (EXTRACT(year FROM orders.o_orderdate))
         ->  Sort  (cost=2022054.29..2022114.45 rows=24063 width=70) (actual time=4381.218..4381.777 rows=11818 loops=1)
               Sort Key: (EXTRACT(year FROM orders.o_orderdate))
               Sort Method: quicksort  Memory: 2631kB
               ->  Nested Loop  (cost=496509.98..2020303.16 rows=24063 width=70) (actual time=3213.035..4372.479 rows=23842 loops=1)
                     ->  Hash Join  (cost=496509.84..2019600.60 rows=24063 width=20) (actual time=3213.012..4357.886 rows=23842 loops=1)
                           Hash Cond: (lineitem.l_suppkey = supplier.s_suppkey)
                           ->  Hash Join  (cost=492043.84..2015071.32 rows=24106 width=20) (actual time=3180.273..4316.731 rows=23842 loops=1)
                                 Hash Cond: (lineitem.l_orderkey = orders.o_orderkey)
                                 ->  Nested Loop  (cost=0.44..1521296.25 rows=397499 width=20) (actual time=0.078..1034.800 rows=389521 loops=1)
                                       ->  Seq Scan on part  (cost=0.00..65962.00 rows=13253 width=4) (actual time=0.046..324.151 rows=13011 loops=1)
                                             Filter: ((p_type)::text = 'LARGE POLISHED BRASS'::text)
                                             Rows Removed by Filter: 1986989
                                       ->  Index Scan using idx_lineitem_part_supp on lineitem  (cost=0.44..109.50 rows=31 width=24) (actual time=0.004..0.052 rows=30 loops=13011)
                                             Index Cond: (l_partkey = part.p_partkey)
                                 ->  Hash  (cost=480672.47..480672.47 rows=909674 width=8) (actual time=3176.169..3176.173 rows=910360 loops=1)
                                       Buckets: 1048576  Batches: 1  Memory Usage: 43753kB
                                       ->  Hash Join  (cost=125381.76..480672.47 rows=909674 width=8) (actual time=779.130..2981.900 rows=910360 loops=1)
                                             Hash Cond: (orders.o_custkey = customer.c_custkey)
                                             ->  Bitmap Heap Scan on orders  (cost=62177.25..391314.83 rows=4548372 width=12) (actual time=390.506..1736.200 rows=4557513 loops=1)
                                                   Recheck Cond: ((o_orderdate >= '1995-01-01'::date) AND (o_orderdate <= '1996-12-31'::date))
                                                   Heap Blocks: exact=260912
                                                   ->  Bitmap Index Scan on idx_orders_orderdate  (cost=0.00..61040.15 rows=4548372 width=0) (actual time=319.089..319.089 rows=4557513 loops=1)
                                                         Index Cond: ((o_orderdate >= '1995-01-01'::date) AND (o_orderdate <= '1996-12-31'::date))
                                             ->  Hash  (cost=59454.51..59454.51 rows=300000 width=4) (actual time=386.727..386.730 rows=299436 loops=1)
                                                   Buckets: 524288  Batches: 1  Memory Usage: 14624kB
                                                   ->  Hash Join  (cost=2.51..59454.51 rows=300000 width=4) (actual time=0.055..333.534 rows=299436 loops=1)
                                                         Hash Cond: (customer.c_nationkey = n1.n_nationkey)
                                                         ->  Seq Scan on customer  (cost=0.00..50827.00 rows=1500000 width=8) (actual time=0.005..120.591 rows=1500000 loops=1)
                                                         ->  Hash  (cost=2.45..2.45 rows=5 width=4) (actual time=0.041..0.043 rows=5 loops=1)
                                                               Buckets: 1024  Batches: 1  Memory Usage: 9kB
                                                               ->  Hash Join  (cost=1.07..2.45 rows=5 width=4) (actual time=0.032..0.040 rows=5 loops=1)
                                                                     Hash Cond: (n1.n_regionkey = region.r_regionkey)
                                                                     ->  Seq Scan on nation n1  (cost=0.00..1.25 rows=25 width=8) (actual time=0.007..0.008 rows=25 loops=1)
                                                                     ->  Hash  (cost=1.06..1.06 rows=1 width=4) (actual time=0.013..0.014 rows=1 loops=1)
                                                                           Buckets: 1024  Batches: 1  Memory Usage: 9kB
                                                                           ->  Seq Scan on region  (cost=0.00..1.06 rows=1 width=4) (actual time=0.008..0.009 rows=1 loops=1)
                                                                                 Filter: (r_name = 'AMERICA'::bpchar)
                                                                                 Rows Removed by Filter: 4
                           ->  Hash  (cost=3216.00..3216.00 rows=100000 width=8) (actual time=32.251..32.252 rows=100000 loops=1)
                                 Buckets: 131072  Batches: 1  Memory Usage: 4931kB
                                 ->  Seq Scan on supplier  (cost=0.00..3216.00 rows=100000 width=8) (actual time=0.012..18.803 rows=100000 loops=1)
                     ->  Memoize  (cost=0.15..2.17 rows=1 width=30) (actual time=0.000..0.000 rows=1 loops=23842)
                           Cache Key: supplier.s_nationkey
                           Hits: 23817  Misses: 25  Evictions: 0  Overflows: 0  Memory Usage: 4kB
                           ->  Index Scan using nation_pkey on nation n2  (cost=0.14..2.16 rows=1 width=30) (actual time=0.002..0.002 rows=1 loops=25)
                                 Index Cond: (n_nationkey = supplier.s_nationkey)
 Settings: effective_io_concurrency = '64', maintenance_io_concurrency = '64', max_parallel_workers_per_gather = '0', work_mem = '256MB'
 Planning Time: 5.812 ms
 JIT:
   Functions: 67
   Options: Inlining true, Optimization true, Expressions true, Deforming true
   Timing: Generation 6.801 ms, Inlining 76.495 ms, Optimization 356.579 ms, Emission 200.184 ms, Total 640.060 ms
 Execution Time: 5062.742 ms
(56 rows)

===== 9.sql jit=on =====
                                                                                      QUERY PLAN                                                                                      
--------------------------------------------------------------------------------------------------------------------------------------------------------------------------------------
 Limit  (cost=3003288.64..3003288.64 rows=1 width=90) (actual time=32219.307..32219.322 rows=1 loops=1)
   ->  Sort  (cost=3003288.64..3003439.01 rows=60150 width=90) (actual time=31628.303..31628.317 rows=1 loops=1)
         Sort Key: nation.n_name, (EXTRACT(year FROM orders.o_orderdate)) DESC
         Sort Method: top-N heapsort  Memory: 25kB
         ->  HashAggregate  (cost=3002085.64..3002987.89 rows=60150 width=90) (actual time=31627.770..31628.196 rows=175 loops=1)
               Group Key: nation.n_name, EXTRACT(year FROM orders.o_orderdate)
               Batches: 1  Memory Usage: 3217kB
               ->  Hash Join  (cost=2398314.60..2949639.06 rows=2996947 width=81) (actual time=21216.159..28964.800 rows=3248192 loops=1)
                     Hash Cond: (supplier.s_nationkey = nation.n_nationkey)
                     ->  Hash Join  (cost=2398313.03..2932944.50 rows=2996947 width=31) (actual time=21216.116..28169.188 rows=3248192 loops=1)
                           Hash Cond: (orders.o_orderkey = lineitem.l_orderkey)
                           ->  Seq Scan on orders  (cost=0.00..410912.00 rows=15000000 width=8) (actual time=0.017..1113.008 rows=15000000 loops=1)
                           ->  Hash  (cost=2360851.20..2360851.20 rows=2996947 width=31) (actual time=21201.006..21201.018 rows=3248192 loops=1)
                                 Buckets: 4194304  Batches: 1  Memory Usage: 244992kB
                                 ->  Hash Join  (cost=1998582.59..2360851.20 rows=2996947 width=31) (actual time=16000.231..20248.777 rows=3248192 loops=1)
                                       Hash Cond: (lineitem.l_suppkey = supplier.s_suppkey)
                                       ->  Hash Join  (cost=1994116.59..2348503.79 rows=3002312 width=35) (actual time=15967.020..19718.577 rows=3248192 loops=1)
                                             Hash Cond: ((partsupp.ps_suppkey = lineitem.l_suppkey) AND (partsupp.ps_partkey = lineitem.l_partkey))
                                             ->  Seq Scan on partsupp  (cost=0.00..254386.00 rows=8000000 width=14) (actual time=0.010..610.471 rows=8000000 loops=1)
                                             ->  Hash  (cost=1949081.91..1949081.91 rows=3002312 width=33) (actual time=15952.041..15952.051 rows=3248192 loops=1)
                                                   Buckets: 4194304  Batches: 1  Memory Usage: 248226kB
                                                   ->  Hash Join  (cost=67213.25..1949081.91 rows=3002312 width=33) (actual time=498.514..14902.752 rows=3248192 loops=1)
                                                         Hash Cond: (lineitem.l_partkey = part.p_partkey)
                                                         ->  Seq Scan on lineitem  (cost=0.00..1724404.44 rows=59986244 width=29) (actual time=0.025..5926.973 rows=59986052 loops=1)
                                                         ->  Hash  (cost=65962.00..65962.00 rows=100100 width=4) (actual time=497.998..497.999 rows=108312 loops=1)
                                                               Buckets: 131072  Batches: 1  Memory Usage: 4832kB
                                                               ->  Seq Scan on part  (cost=0.00..65962.00 rows=100100 width=4) (actual time=0.020..478.919 rows=108312 loops=1)
                                                                     Filter: ((p_name)::text ~~ '%navy%'::text)
                                                                     Rows Removed by Filter: 1891688
                                       ->  Hash  (cost=3216.00..3216.00 rows=100000 width=8) (actual time=32.724..32.724 rows=100000 loops=1)
                                             Buckets: 131072  Batches: 1  Memory Usage: 4931kB
                                             ->  Seq Scan on supplier  (cost=0.00..3216.00 rows=100000 width=8) (actual time=0.024..19.303 rows=100000 loops=1)
                     ->  Hash  (cost=1.25..1.25 rows=25 width=30) (actual time=0.027..0.027 rows=25 loops=1)
                           Buckets: 1024  Batches: 1  Memory Usage: 10kB
                           ->  Seq Scan on nation  (cost=0.00..1.25 rows=25 width=30) (actual time=0.015..0.020 rows=25 loops=1)
 Settings: effective_io_concurrency = '64', maintenance_io_concurrency = '64', max_parallel_workers_per_gather = '0', work_mem = '256MB'
 Planning Time: 8.832 ms
 JIT:
   Functions: 56
   Options: Inlining true, Optimization true, Expressions true, Deforming true
   Timing: Generation 5.963 ms, Inlining 69.546 ms, Optimization 337.863 ms, Emission 183.079 ms, Total 596.452 ms
 Execution Time: 32279.819 ms
(42 rows)

===== 10.sql jit=off =====
                                                                                      QUERY PLAN                                                                                      
--------------------------------------------------------------------------------------------------------------------------------------------------------------------------------------
 Limit  (cost=2382400.93..2382400.98 rows=20 width=201) (actual time=18105.048..18105.056 rows=20 loops=1)
   ->  Sort  (cost=2382400.93..2383822.31 rows=568551 width=201) (actual time=18105.046..18105.052 rows=20 loops=1)
         Sort Key: (sum((lineitem.l_extendedprice * ('1'::numeric - lineitem.l_discount)))) DESC
         Sort Method: top-N heapsort  Memory: 34kB
         ->  HashAggregate  (cost=2360165.10..2367271.99 rows=568551 width=201) (actual time=17712.792..17987.562 rows=381205 loops=1)
               Group Key: customer.c_custkey, nation.n_name
               Batches: 5  Memory Usage: 262193kB  Disk Usage: 3376kB
               ->  Nested Loop  (cost=386185.06..2353058.22 rows=568551 width=181) (actual time=1749.838..16731.084 rows=1145402 loops=1)
                     ->  Hash Join  (cost=386184.92..2339105.17 rows=568551 width=159) (actual time=1749.810..16271.509 rows=1145402 loops=1)
                           Hash Cond: (orders.o_custkey = customer.c_custkey)
                           ->  Hash Join  (cost=284380.92..2198027.72 rows=568551 width=16) (actual time=826.486..14560.817 rows=1145402 loops=1)
                                 Hash Cond: (lineitem.l_orderkey = orders.o_orderkey)
                                 ->  Seq Scan on lineitem  (cost=0.00..1874370.05 rows=14962569 width=16) (actual time=0.031..11665.059 rows=14808183 loops=1)
                                       Filter: (l_returnflag = 'R'::bpchar)
                                       Rows Removed by Filter: 45177869
                                 ->  Hash  (cost=277256.25..277256.25 rows=569973 width=8) (actual time=822.648..822.649 rows=573160 loops=1)
                                       Buckets: 1048576  Batches: 1  Memory Usage: 30582kB
                                       ->  Bitmap Heap Scan on orders  (cost=7794.66..277256.25 rows=569973 width=8) (actual time=142.830..710.470 rows=573160 loops=1)
                                             Recheck Cond: ((o_orderdate >= '1994-08-01'::date) AND (o_orderdate < '1994-11-01'::date))
                                             Heap Blocks: exact=233137
                                             ->  Bitmap Index Scan on idx_orders_orderdate  (cost=0.00..7652.17 rows=569973 width=0) (actual time=76.338..76.338 rows=573160 loops=1)
                                                   Index Cond: ((o_orderdate >= '1994-08-01'::date) AND (o_orderdate < '1994-11-01'::date))
                           ->  Hash  (cost=50827.00..50827.00 rows=1500000 width=147) (actual time=914.880..914.881 rows=1500000 loops=1)
                                 Buckets: 2097152  Batches: 2  Memory Usage: 150358kB
                                 ->  Seq Scan on customer  (cost=0.00..50827.00 rows=1500000 width=147) (actual time=0.033..387.184 rows=1500000 loops=1)
                     ->  Memoize  (cost=0.15..2.17 rows=1 width=30) (actual time=0.000..0.000 rows=1 loops=1145402)
                           Cache Key: customer.c_nationkey
                           Hits: 1145377  Misses: 25  Evictions: 0  Overflows: 0  Memory Usage: 4kB
                           ->  Index Scan using nation_pkey on nation  (cost=0.14..2.16 rows=1 width=30) (actual time=0.002..0.002 rows=1 loops=25)
                                 Index Cond: (n_nationkey = customer.c_nationkey)
 Settings: effective_io_concurrency = '64', jit = 'off', maintenance_io_concurrency = '64', max_parallel_workers_per_gather = '0', work_mem = '256MB'
 Planning Time: 2.425 ms
 Execution Time: 18119.325 ms
(33 rows)

===== 11.sql jit=off =====
                                                                             QUERY PLAN                                                                              
---------------------------------------------------------------------------------------------------------------------------------------------------------------------
 Limit  (cost=94747.69..94747.69 rows=1 width=36) (actual time=1192.501..1192.507 rows=0 loops=1)
   InitPlan 1 (returns $2)
     ->  Aggregate  (cost=44307.17..44307.18 rows=1 width=32) (actual time=400.285..400.288 rows=1 loops=1)
           ->  Nested Loop  (cost=47.72..41907.17 rows=320000 width=10) (actual time=0.831..312.680 rows=320800 loops=1)
                 ->  Nested Loop  (cost=47.29..2404.57 rows=4000 width=4) (actual time=0.822..4.375 rows=4010 loops=1)
                       ->  Seq Scan on nation nation_1  (cost=0.00..1.31 rows=1 width=4) (actual time=0.010..0.014 rows=1 loops=1)
                             Filter: (n_name = 'SAUDI ARABIA'::bpchar)
                             Rows Removed by Filter: 24
                       ->  Bitmap Heap Scan on supplier supplier_1  (cost=47.29..2363.25 rows=4000 width=8) (actual time=0.807..3.866 rows=4010 loops=1)
                             Recheck Cond: (s_nationkey = nation_1.n_nationkey)
                             Heap Blocks: exact=1857
                             ->  Bitmap Index Scan on idx_supplier_nation_key  (cost=0.00..46.29 rows=4000 width=0) (actual time=0.525..0.525 rows=4010 loops=1)
                                   Index Cond: (s_nationkey = nation_1.n_nationkey)
                 ->  Index Scan using idx_partsupp_suppkey on partsupp partsupp_1  (cost=0.43..9.08 rows=80 width=14) (actual time=0.003..0.068 rows=80 loops=4010)
                       Index Cond: (ps_suppkey = supplier_1.s_suppkey)
   ->  Sort  (cost=50440.50..50707.17 rows=106667 width=36) (actual time=1192.499..1192.502 rows=0 loops=1)
         Sort Key: (sum((partsupp.ps_supplycost * (partsupp.ps_availqty)::numeric))) DESC
         Sort Method: quicksort  Memory: 25kB
         ->  HashAggregate  (cost=45107.17..49907.17 rows=106667 width=36) (actual time=1192.462..1192.465 rows=0 loops=1)
               Group Key: partsupp.ps_partkey
               Filter: (sum((partsupp.ps_supplycost * (partsupp.ps_availqty)::numeric)) > $2)
               Batches: 1  Memory Usage: 135185kB
               Rows Removed by Filter: 301833
               ->  Nested Loop  (cost=47.72..41907.17 rows=320000 width=14) (actual time=0.990..403.604 rows=320800 loops=1)
                     ->  Nested Loop  (cost=47.29..2404.57 rows=4000 width=4) (actual time=0.959..6.112 rows=4010 loops=1)
                           ->  Seq Scan on nation  (cost=0.00..1.31 rows=1 width=4) (actual time=0.021..0.026 rows=1 loops=1)
                                 Filter: (n_name = 'SAUDI ARABIA'::bpchar)
                                 Rows Removed by Filter: 24
                           ->  Bitmap Heap Scan on supplier  (cost=47.29..2363.25 rows=4000 width=8) (actual time=0.934..5.440 rows=4010 loops=1)
                                 Recheck Cond: (s_nationkey = nation.n_nationkey)
                                 Heap Blocks: exact=1857
                                 ->  Bitmap Index Scan on idx_supplier_nation_key  (cost=0.00..46.29 rows=4000 width=0) (actual time=0.636..0.636 rows=4010 loops=1)
                                       Index Cond: (s_nationkey = nation.n_nationkey)
                     ->  Index Scan using idx_partsupp_suppkey on partsupp  (cost=0.43..9.08 rows=80 width=18) (actual time=0.004..0.090 rows=80 loops=4010)
                           Index Cond: (ps_suppkey = supplier.s_suppkey)
 Settings: effective_io_concurrency = '64', jit = 'off', maintenance_io_concurrency = '64', max_parallel_workers_per_gather = '0', work_mem = '256MB'
 Planning Time: 1.866 ms
 Execution Time: 1204.864 ms
(38 rows)

===== 12.sql jit=off =====
                                                                                                                    QUERY PLAN                                                                                                                     
---------------------------------------------------------------------------------------------------------------------------------------------------------------------------------------------------------------------------------------------------
 Limit  (cost=3030260.86..3031084.22 rows=1 width=27) (actual time=20366.254..20366.257 rows=1 loops=1)
   ->  GroupAggregate  (cost=3030260.86..3036024.41 rows=7 width=27) (actual time=20366.252..20366.254 rows=1 loops=1)
         Group Key: lineitem.l_shipmode
         ->  Sort  (cost=3030260.86..3030981.29 rows=288174 width=27) (actual time=20321.289..20328.718 rows=155572 loops=1)
               Sort Key: lineitem.l_shipmode
               Sort Method: quicksort  Memory: 36606kB
               ->  Hash Join  (cost=2477834.67..3004128.41 rows=288174 width=27) (actual time=15999.571..20255.250 rows=311258 loops=1)
                     Hash Cond: (orders.o_orderkey = lineitem.l_orderkey)
                     ->  Seq Scan on orders  (cost=0.00..410912.00 rows=15000000 width=20) (actual time=0.014..1080.917 rows=15000000 loops=1)
                     ->  Hash  (cost=2474232.49..2474232.49 rows=288174 width=15) (actual time=15997.467..15997.467 rows=311258 loops=1)
                           Buckets: 524288  Batches: 1  Memory Usage: 18687kB
                           ->  Seq Scan on lineitem  (cost=0.00..2474232.49 rows=288174 width=15) (actual time=0.216..15914.937 rows=311258 loops=1)
                                 Filter: ((l_shipmode = ANY ('{SHIP,"REG AIR"}'::bpchar[])) AND (l_commitdate < l_receiptdate) AND (l_shipdate < l_commitdate) AND (l_receiptdate >= '1994-01-01'::date) AND (l_receiptdate < '1995-01-01'::date))
                                 Rows Removed by Filter: 59674794
 Settings: effective_io_concurrency = '64', jit = 'off', maintenance_io_concurrency = '64', max_parallel_workers_per_gather = '0', work_mem = '256MB'
 Planning Time: 1.600 ms
 Execution Time: 20368.288 ms
(17 rows)

===== 13.sql jit=off =====
                                                                                    QUERY PLAN                                                                                     
-----------------------------------------------------------------------------------------------------------------------------------------------------------------------------------
 Limit  (cost=656630.67..656630.67 rows=1 width=16) (actual time=19563.814..19563.818 rows=1 loops=1)
   ->  Sort  (cost=656630.67..656631.17 rows=200 width=16) (actual time=19563.812..19563.815 rows=1 loops=1)
         Sort Key: (count(*)) DESC, (count(orders.o_orderkey)) DESC
         Sort Method: top-N heapsort  Memory: 25kB
         ->  HashAggregate  (cost=656627.67..656629.67 rows=200 width=16) (actual time=19563.767..19563.776 rows=46 loops=1)
               Group Key: count(orders.o_orderkey)
               Batches: 1  Memory Usage: 40kB
               ->  HashAggregate  (cost=619127.67..634127.67 rows=1500000 width=12) (actual time=19021.542..19348.078 rows=1500000 loops=1)
                     Group Key: customer.c_custkey
                     Batches: 1  Memory Usage: 172049kB
                     ->  Hash Right Join  (cost=57714.43..545028.57 rows=14819820 width=8) (actual time=403.633..12847.876 rows=15337604 loops=1)
                           Hash Cond: (orders.o_custkey = customer.c_custkey)
                           ->  Seq Scan on orders  (cost=0.00..448412.00 rows=14819820 width=8) (actual time=0.016..6686.551 rows=14837583 loops=1)
                                 Filter: ((o_comment)::text !~~ '%special%requests%'::text)
                                 Rows Removed by Filter: 162417
                           ->  Hash  (cost=38964.43..38964.43 rows=1500000 width=4) (actual time=395.458..395.459 rows=1500000 loops=1)
                                 Buckets: 2097152  Batches: 1  Memory Usage: 69119kB
                                 ->  Index Only Scan using customer_pkey on customer  (cost=0.43..38964.43 rows=1500000 width=4) (actual time=0.036..144.201 rows=1500000 loops=1)
                                       Heap Fetches: 0
 Settings: effective_io_concurrency = '64', jit = 'off', maintenance_io_concurrency = '64', max_parallel_workers_per_gather = '0', work_mem = '256MB'
 Planning Time: 1.551 ms
 Execution Time: 19596.223 ms
(22 rows)

===== 14.sql jit=off =====
                                                                            QUERY PLAN                                                                            
------------------------------------------------------------------------------------------------------------------------------------------------------------------
 Limit  (cost=1209219.62..1209219.63 rows=1 width=32) (actual time=2865.034..2865.038 rows=1 loops=1)
   ->  Aggregate  (cost=1209219.62..1209219.63 rows=1 width=32) (actual time=2865.033..2865.035 rows=1 loops=1)
         ->  Hash Join  (cost=106316.26..1195346.47 rows=792751 width=33) (actual time=1227.853..2521.784 rows=772942 loops=1)
               Hash Cond: (lineitem.l_partkey = part.p_partkey)
               ->  Bitmap Heap Scan on lineitem  (cost=20354.26..1107303.50 rows=792751 width=16) (actual time=323.548..1228.447 rows=772942 loops=1)
                     Recheck Cond: ((l_shipdate >= '1994-05-01'::date) AND (l_shipdate < '1994-06-01'::date))
                     Heap Blocks: exact=416660
                     ->  Bitmap Index Scan on idx_lineitem_shipdate  (cost=0.00..20156.08 rows=792751 width=0) (actual time=193.952..193.952 rows=772942 loops=1)
                           Index Cond: ((l_shipdate >= '1994-05-01'::date) AND (l_shipdate < '1994-06-01'::date))
               ->  Hash  (cost=60962.00..60962.00 rows=2000000 width=25) (actual time=896.659..896.660 rows=2000000 loops=1)
                     Buckets: 2097152  Batches: 1  Memory Usage: 131903kB
                     ->  Seq Scan on part  (cost=0.00..60962.00 rows=2000000 width=25) (actual time=0.024..464.006 rows=2000000 loops=1)
 Settings: effective_io_concurrency = '64', jit = 'off', maintenance_io_concurrency = '64', max_parallel_workers_per_gather = '0', work_mem = '256MB'
 Planning Time: 1.426 ms
 Execution Time: 2867.941 ms
(15 rows)

===== 15.sql jit=off =====
                                                                       QUERY PLAN                                                                       
--------------------------------------------------------------------------------------------------------------------------------------------------------
 HashAggregate  (cost=1239139.70..1240391.94 rows=100179 width=36) (actual time=3966.432..4013.156 rows=100000 loops=1)
   Group Key: l_suppkey
   Batches: 1  Memory Usage: 47121kB
   ->  Bitmap Heap Scan on lineitem  (cost=58060.72..1216524.91 rows=2261479 width=16) (actual time=617.963..2197.703 rows=2265714 loops=1)
         Recheck Cond: ((l_shipdate >= '1996-01-01'::date) AND (l_shipdate < '1996-04-01'::date))
         Heap Blocks: exact=668609
         ->  Bitmap Index Scan on idx_lineitem_shipdate  (cost=0.00..57495.36 rows=2261479 width=0) (actual time=401.252..401.252 rows=2265714 loops=1)
               Index Cond: ((l_shipdate >= '1996-01-01'::date) AND (l_shipdate < '1996-04-01'::date))
 Settings: effective_io_concurrency = '64', jit = 'off', maintenance_io_concurrency = '64', max_parallel_workers_per_gather = '0', work_mem = '256MB'
 Planning Time: 0.872 ms
 Execution Time: 4020.030 ms
(11 rows)

CREATE VIEW
                                                                                   QUERY PLAN                                                                                   
--------------------------------------------------------------------------------------------------------------------------------------------------------------------------------
 Limit  (cost=2482314.34..2482324.49 rows=1 width=103) (actual time=7051.567..7051.572 rows=1 loops=1)
   InitPlan 1 (returns $0)
     ->  Aggregate  (cost=1241644.17..1241644.18 rows=1 width=32) (actual time=3524.948..3524.950 rows=1 loops=1)
           ->  HashAggregate  (cost=1239139.70..1240391.94 rows=100179 width=36) (actual time=3471.245..3518.064 rows=100000 loops=1)
                 Group Key: lineitem_1.l_suppkey
                 Batches: 1  Memory Usage: 47121kB
                 ->  Bitmap Heap Scan on lineitem lineitem_1  (cost=58060.72..1216524.91 rows=2261479 width=16) (actual time=532.179..1764.503 rows=2265714 loops=1)
                       Recheck Cond: ((l_shipdate >= '1996-01-01'::date) AND (l_shipdate < '1996-04-01'::date))
                       Heap Blocks: exact=668609
                       ->  Bitmap Index Scan on idx_lineitem_shipdate  (cost=0.00..57495.36 rows=2261479 width=0) (actual time=325.983..325.983 rows=2265714 loops=1)
                             Index Cond: ((l_shipdate >= '1996-01-01'::date) AND (l_shipdate < '1996-04-01'::date))
   ->  Merge Join  (cost=1240670.15..1245753.83 rows=501 width=103) (actual time=7051.566..7051.568 rows=1 loops=1)
         Merge Cond: (supplier.s_suppkey = revenue0.supplier_no)
         ->  Index Scan using supplier_pkey on supplier  (cost=0.29..4826.45 rows=100000 width=71) (actual time=0.010..14.741 rows=69998 loops=1)
         ->  Sort  (cost=1240669.86..1240671.11 rows=501 width=36) (actual time=7032.178..7032.180 rows=1 loops=1)
               Sort Key: revenue0.supplier_no
               Sort Method: quicksort  Memory: 25kB
               ->  Subquery Scan on revenue0  (cost=1239139.70..1240647.39 rows=501 width=36) (actual time=6999.056..7032.172 rows=1 loops=1)
                     ->  HashAggregate  (cost=1239139.70..1240642.38 rows=501 width=36) (actual time=6999.055..7032.169 rows=1 loops=1)
                           Group Key: lineitem.l_suppkey
                           Filter: (sum((lineitem.l_extendedprice * ('1'::numeric - lineitem.l_discount))) = $0)
                           Batches: 1  Memory Usage: 47121kB
                           Rows Removed by Filter: 99999
                           ->  Bitmap Heap Scan on lineitem  (cost=58060.72..1216524.91 rows=2261479 width=16) (actual time=530.960..1764.294 rows=2265714 loops=1)
                                 Recheck Cond: ((l_shipdate >= '1996-01-01'::date) AND (l_shipdate < '1996-04-01'::date))
                                 Heap Blocks: exact=668609
                                 ->  Bitmap Index Scan on idx_lineitem_shipdate  (cost=0.00..57495.36 rows=2261479 width=0) (actual time=324.682..324.682 rows=2265714 loops=1)
                                       Index Cond: ((l_shipdate >= '1996-01-01'::date) AND (l_shipdate < '1996-04-01'::date))
 Settings: effective_io_concurrency = '64', jit = 'off', maintenance_io_concurrency = '64', max_parallel_workers_per_gather = '0', work_mem = '256MB'
 Planning Time: 0.551 ms
 Execution Time: 7059.015 ms
(31 rows)

DROP VIEW
===== 16.sql jit=off =====
                                                                                         QUERY PLAN                                                                                         
--------------------------------------------------------------------------------------------------------------------------------------------------------------------------------------------
 Limit  (cost=403708.37..403708.37 rows=1 width=44) (actual time=6604.533..6604.537 rows=1 loops=1)
   ->  Sort  (cost=403708.37..404094.06 rows=154277 width=44) (actual time=6604.531..6604.535 rows=1 loops=1)
         Sort Key: (count(DISTINCT partsupp.ps_suppkey)) DESC, part.p_brand, part.p_type, part.p_size
         Sort Method: top-N heapsort  Memory: 25kB
         ->  GroupAggregate  (cost=393906.11..402936.98 rows=154277 width=44) (actual time=6149.659..6599.707 rows=27838 loops=1)
               Group Key: part.p_brand, part.p_type, part.p_size
               ->  Sort  (cost=393906.11..395403.73 rows=599048 width=40) (actual time=6149.603..6253.667 rows=1186319 loops=1)
                     Sort Key: part.p_brand, part.p_type, part.p_size
                     Sort Method: quicksort  Memory: 141834kB
                     ->  Hash Join  (cost=98172.51..336420.53 rows=599048 width=40) (actual time=775.880..3258.274 rows=1186319 loops=1)
                           Hash Cond: (partsupp.ps_partkey = part.p_partkey)
                           ->  Index Only Scan using partsupp_pkey on partsupp  (cost=3466.46..231214.46 rows=4000000 width=8) (actual time=35.606..1663.452 rows=7995520 loops=1)
                                 Filter: (NOT (hashed SubPlan 1))
                                 Rows Removed by Filter: 4480
                                 Heap Fetches: 0
                                 SubPlan 1
                                   ->  Seq Scan on supplier  (cost=0.00..3466.00 rows=10 width=4) (actual time=0.177..35.529 rows=56 loops=1)
                                         Filter: ((s_comment)::text ~~ '%Customer%Complaints%'::text)
                                         Rows Removed by Filter: 99944
                           ->  Hash  (cost=90962.00..90962.00 rows=299524 width=40) (actual time=738.236..738.237 rows=296733 loops=1)
                                 Buckets: 524288  Batches: 1  Memory Usage: 25593kB
                                 ->  Seq Scan on part  (cost=0.00..90962.00 rows=299524 width=40) (actual time=0.028..665.135 rows=296733 loops=1)
                                       Filter: ((p_brand <> 'Brand#12'::bpchar) AND ((p_type)::text !~~ 'SMALL BRUSHED%'::text) AND (p_size = ANY ('{12,32,36,26,40,34,49,9}'::integer[])))
                                       Rows Removed by Filter: 1703267
 Settings: effective_io_concurrency = '64', jit = 'off', maintenance_io_concurrency = '64', max_parallel_workers_per_gather = '0', work_mem = '256MB'
 Planning Time: 1.753 ms
 Execution Time: 6610.566 ms
(27 rows)

===== 17-flattened.sql jit=off =====
                                                                      QUERY PLAN                                                                      
------------------------------------------------------------------------------------------------------------------------------------------------------
 HashAggregate  (cost=5567273.20..6182127.66 rows=1936753 width=36) (actual time=39385.329..64329.568 rows=2000000 loops=1)
   Group Key: l_partkey
   Planned Partitions: 4  Batches: 5  Memory Usage: 262193kB  Disk Usage: 1517688kB
   ->  Seq Scan on lineitem  (cost=0.00..1724404.44 rows=59986244 width=9) (actual time=0.047..5731.609 rows=59986052 loops=1)
 Settings: effective_io_concurrency = '64', jit = 'off', maintenance_io_concurrency = '64', max_parallel_workers_per_gather = '0', work_mem = '256MB'
 Planning Time: 0.747 ms
 Execution Time: 64523.397 ms
(7 rows)

SELECT 2000000
CREATE INDEX
ANALYZE
                                                                                 QUERY PLAN                                                                                 
----------------------------------------------------------------------------------------------------------------------------------------------------------------------------
 Limit  (cost=237966.23..237966.24 rows=1 width=32) (actual time=479.193..479.195 rows=1 loops=1)
   ->  Aggregate  (cost=237966.23..237966.24 rows=1 width=32) (actual time=479.191..479.193 rows=1 loops=1)
         ->  Nested Loop  (cost=0.87..237916.19 rows=20015 width=8) (actual time=0.153..478.397 rows=5319 loops=1)
               Join Filter: (part.p_partkey = lineitem.l_partkey)
               ->  Nested Loop  (cost=0.43..86056.91 rows=2002 width=21) (actual time=0.136..397.281 rows=1996 loops=1)
                     ->  Seq Scan on part  (cost=0.00..70962.00 rows=2002 width=4) (actual time=0.121..381.586 rows=1996 loops=1)
                           Filter: ((p_brand = 'Brand#22'::bpchar) AND (p_container = 'LG BOX'::bpchar))
                           Rows Removed by Filter: 1998004
                     ->  Index Scan using idx_tmp_avg_quantity on tmp_avg_quantity part_agg  (cost=0.43..7.53 rows=1 width=17) (actual time=0.007..0.007 rows=1 loops=1996)
                           Index Cond: (agg_partkey = part.p_partkey)
               ->  Index Scan using idx_lineitem_part_supp on lineitem  (cost=0.44..75.73 rows=10 width=17) (actual time=0.016..0.040 rows=3 loops=1996)
                     Index Cond: (l_partkey = part_agg.agg_partkey)
                     Filter: (l_quantity < part_agg.avg_quantity)
                     Rows Removed by Filter: 27
 Settings: effective_io_concurrency = '64', jit = 'off', maintenance_io_concurrency = '64', max_parallel_workers_per_gather = '0', work_mem = '256MB'
 Planning Time: 0.877 ms
 Execution Time: 479.232 ms
(17 rows)

DROP TABLE
===== 17.sql jit=off =====
                                                                            QUERY PLAN                                                                            
------------------------------------------------------------------------------------------------------------------------------------------------------------------
 Limit  (cost=6423692.23..6423692.24 rows=1 width=32) (actual time=64875.343..64875.347 rows=1 loops=1)
   ->  Aggregate  (cost=6423692.23..6423692.24 rows=1 width=32) (actual time=64875.342..64875.344 rows=1 loops=1)
         ->  Nested Loop  (cost=5638260.66..6423643.77 rows=19382 width=8) (actual time=39819.667..64874.490 rows=5319 loops=1)
               Join Filter: (part.p_partkey = lineitem.l_partkey)
               ->  Hash Join  (cost=5638260.22..6277566.20 rows=1939 width=40) (actual time=39817.664..64785.647 rows=1996 loops=1)
                     Hash Cond: (lineitem_1.l_partkey = part.p_partkey)
                     ->  HashAggregate  (cost=5567273.20..6182127.66 rows=1936753 width=36) (actual time=39374.954..64169.080 rows=2000000 loops=1)
                           Group Key: lineitem_1.l_partkey
                           Planned Partitions: 4  Batches: 5  Memory Usage: 262193kB  Disk Usage: 1517688kB
                           ->  Seq Scan on lineitem lineitem_1  (cost=0.00..1724404.44 rows=59986244 width=9) (actual time=0.020..5671.781 rows=59986052 loops=1)
                     ->  Hash  (cost=70962.00..70962.00 rows=2002 width=4) (actual time=442.628..442.629 rows=1996 loops=1)
                           Buckets: 2048  Batches: 1  Memory Usage: 87kB
                           ->  Seq Scan on part  (cost=0.00..70962.00 rows=2002 width=4) (actual time=0.293..442.090 rows=1996 loops=1)
                                 Filter: ((p_brand = 'Brand#22'::bpchar) AND (p_container = 'LG BOX'::bpchar))
                                 Rows Removed by Filter: 1998004
               ->  Index Scan using idx_lineitem_part_supp on lineitem  (cost=0.44..75.21 rows=10 width=17) (actual time=0.019..0.044 rows=3 loops=1996)
                     Index Cond: (l_partkey = lineitem_1.l_partkey)
                     Filter: (l_quantity < ((0.2 * avg(lineitem_1.l_quantity))))
                     Rows Removed by Filter: 27
 Settings: effective_io_concurrency = '64', jit = 'off', maintenance_io_concurrency = '64', max_parallel_workers_per_gather = '0', work_mem = '256MB'
 Planning Time: 1.591 ms
 Execution Time: 65014.637 ms
(22 rows)

===== 18.sql jit=off =====
                                                                                                 QUERY PLAN                                                                                                  
-------------------------------------------------------------------------------------------------------------------------------------------------------------------------------------------------------------
 Limit  (cost=9939237.59..9939237.84 rows=100 width=71) (actual time=49618.836..49618.849 rows=99 loops=1)
   ->  Sort  (cost=9939237.59..9989214.67 rows=19990832 width=71) (actual time=49618.834..49618.842 rows=99 loops=1)
         Sort Key: orders.o_totalprice DESC, orders.o_orderdate
         Sort Method: quicksort  Memory: 32kB
         ->  HashAggregate  (cost=8573915.63..9175202.37 rows=19990832 width=71) (actual time=49615.767..49618.699 rows=99 loops=1)
               Group Key: customer.c_custkey, orders.o_orderkey
               Planned Partitions: 32  Batches: 1  Memory Usage: 24657kB
               ->  Hash Join  (cost=69581.12..6618562.37 rows=19990832 width=44) (actual time=1871.826..49614.992 rows=693 loops=1)
                     Hash Cond: (orders.o_custkey = customer.c_custkey)
                     ->  Merge Join  (cost=4.12..6496509.29 rows=19990832 width=25) (actual time=1156.154..48898.909 rows=693 loops=1)
                           Merge Cond: (orders.o_orderkey = lineitem.l_orderkey)
                           ->  Merge Join  (cost=1.00..3729728.51 rows=4998854 width=24) (actual time=793.065..33785.745 rows=99 loops=1)
                                 Merge Cond: (orders.o_orderkey = lineitem_1.l_orderkey)
                                 ->  Index Scan using orders_pkey on orders  (cost=0.43..650439.44 rows=15000000 width=20) (actual time=0.045..3595.899 rows=14982724 loops=1)
                                 ->  GroupAggregate  (cost=0.56..2929314.86 rows=4998854 width=4) (actual time=689.989..29198.565 rows=99 loops=1)
                                       Group Key: lineitem_1.l_orderkey
                                       Filter: (sum(lineitem_1.l_quantity) > '313'::numeric)
                                       Rows Removed by Filter: 14999901
                                       ->  Index Scan using idx_lineitem_orderkey on lineitem lineitem_1  (cost=0.56..2404435.23 rows=59986244 width=9) (actual time=0.134..14840.487 rows=59986052 loops=1)
                           ->  Index Scan using idx_lineitem_orderkey on lineitem  (cost=0.56..2404435.23 rows=59986244 width=9) (actual time=0.039..11154.792 rows=59916431 loops=1)
                     ->  Hash  (cost=50827.00..50827.00 rows=1500000 width=23) (actual time=708.072..708.072 rows=1500000 loops=1)
                           Buckets: 2097152  Batches: 1  Memory Usage: 98416kB
                           ->  Seq Scan on customer  (cost=0.00..50827.00 rows=1500000 width=23) (actual time=0.027..385.693 rows=1500000 loops=1)
 Settings: effective_io_concurrency = '64', jit = 'off', maintenance_io_concurrency = '64', max_parallel_workers_per_gather = '0', work_mem = '256MB'
 Planning Time: 3.046 ms
 Execution Time: 49634.195 ms
(26 rows)

===== 19.sql jit=off =====
                                                                                                                                                                                                                                                                                                                                                                                                                                                                                                            QUERY PLAN                                                                                                                                                                                                                                                                                                                                                                                                                                                                                                            
----------------------------------------------------------------------------------------------------------------------------------------------------------------------------------------------------------------------------------------------------------------------------------------------------------------------------------------------------------------------------------------------------------------------------------------------------------------------------------------------------------------------------------------------------------------------------------------------------------------------------------------------------------------------------------------------------------------------------------------------------------------------------------------------------------------------------------------------------------------------------------------------------------------------------------------------------------------------------------------------------------------------------------
 Limit  (cost=716345.89..716345.90 rows=1 width=32) (actual time=1146.087..1146.089 rows=1 loops=1)
   ->  Aggregate  (cost=716345.89..716345.90 rows=1 width=32) (actual time=1146.086..1146.087 rows=1 loops=1)
         ->  Nested Loop  (cost=0.44..716337.41 rows=1131 width=12) (actual time=5.210..1145.420 rows=1063 loops=1)
               ->  Seq Scan on part  (cost=0.00..125962.00 rows=4792 width=30) (actual time=0.468..656.100 rows=4781 loops=1)
                     Filter: ((p_size >= 1) AND (((p_brand = 'Brand#24'::bpchar) AND (p_container = ANY ('{"SM CASE","SM BOX","SM PACK","SM PKG"}'::bpchar[])) AND (p_size <= 5)) OR ((p_brand = 'Brand#43'::bpchar) AND (p_container = ANY ('{"MED BAG","MED BOX","MED PKG","MED PACK"}'::bpchar[])) AND (p_size <= 10)) OR ((p_brand = 'Brand#44'::bpchar) AND (p_container = ANY ('{"LG CASE","LG BOX","LG PACK","LG PKG"}'::bpchar[])) AND (p_size <= 15))))
                     Rows Removed by Filter: 1995219
               ->  Index Scan using idx_lineitem_part_supp on lineitem  (cost=0.44..123.19 rows=1 width=21) (actual time=0.091..0.102 rows=0 loops=4781)
                     Index Cond: (l_partkey = part.p_partkey)
                     Filter: ((l_shipmode = ANY ('{AIR,"AIR REG"}'::bpchar[])) AND (l_shipinstruct = 'DELIVER IN PERSON'::bpchar) AND (((l_quantity >= '10'::numeric) AND (l_quantity <= '20'::numeric)) OR ((l_quantity >= '10'::numeric) AND (l_quantity <= '20'::numeric)) OR ((l_quantity >= '20'::numeric) AND (l_quantity <= '30'::numeric))) AND (((part.p_brand = 'Brand#24'::bpchar) AND (part.p_container = ANY ('{"SM CASE","SM BOX","SM PACK","SM PKG"}'::bpchar[])) AND (l_quantity >= '10'::numeric) AND (l_quantity <= '20'::numeric) AND (part.p_size <= 5)) OR ((part.p_brand = 'Brand#43'::bpchar) AND (part.p_container = ANY ('{"MED BAG","MED BOX","MED PKG","MED PACK"}'::bpchar[])) AND (l_quantity >= '10'::numeric) AND (l_quantity <= '20'::numeric) AND (part.p_size <= 10)) OR ((part.p_brand = 'Brand#44'::bpchar) AND (part.p_container = ANY ('{"LG CASE","LG BOX","LG PACK","LG PKG"}'::bpchar[])) AND (l_quantity >= '20'::numeric) AND (l_quantity <= '30'::numeric) AND (part.p_size <= 15))))
                     Rows Removed by Filter: 30
 Settings: effective_io_concurrency = '64', jit = 'off', maintenance_io_concurrency = '64', max_parallel_workers_per_gather = '0', work_mem = '256MB'
 Planning Time: 1.716 ms
 Execution Time: 1146.178 ms
(13 rows)

===== 1.sql jit=off =====
                                                                      QUERY PLAN                                                                      
------------------------------------------------------------------------------------------------------------------------------------------------------
 Limit  (cost=3948596.49..3948596.49 rows=1 width=236) (actual time=83128.452..83128.454 rows=1 loops=1)
   ->  Sort  (cost=3948596.49..3948596.50 rows=6 width=236) (actual time=83128.451..83128.452 rows=1 loops=1)
         Sort Key: l_returnflag, l_linestatus
         Sort Method: top-N heapsort  Memory: 25kB
         ->  HashAggregate  (cost=3948596.29..3948596.46 rows=6 width=236) (actual time=83128.409..83128.418 rows=4 loops=1)
               Group Key: l_returnflag, l_linestatus
               Batches: 1  Memory Usage: 32kB
               ->  Seq Scan on lineitem  (cost=0.00..1874370.05 rows=59263607 width=25) (actual time=0.061..12894.502 rows=59284448 loops=1)
                     Filter: (l_shipdate <= '1998-09-10 00:00:00'::timestamp without time zone)
                     Rows Removed by Filter: 701604
 Settings: effective_io_concurrency = '64', jit = 'off', maintenance_io_concurrency = '64', max_parallel_workers_per_gather = '0', work_mem = '256MB'
 Planning Time: 0.988 ms
 Execution Time: 83128.537 ms
(13 rows)

===== 20-flattened.sql jit=off =====
                                                                        QUERY PLAN                                                                         
-----------------------------------------------------------------------------------------------------------------------------------------------------------
 HashAggregate  (cost=2108932.39..2271463.90 rows=4859076 width=40) (actual time=15111.580..22938.748 rows=5448842 loops=1)
   Group Key: l_partkey, l_suppkey
   Planned Partitions: 8  Batches: 41  Memory Usage: 262225kB  Disk Usage: 318560kB
   ->  Bitmap Heap Scan on lineitem  (cost=235672.34..1497909.61 rows=9179685 width=13) (actual time=1915.165..10027.898 rows=9123688 loops=1)
         Recheck Cond: ((l_shipdate >= '1996-01-01'::date) AND (l_shipdate < '1997-01-01'::date))
         Heap Blocks: exact=1048319
         ->  Bitmap Index Scan on idx_lineitem_shipdate  (cost=0.00..233377.42 rows=9179685 width=0) (actual time=1548.660..1548.660 rows=9123688 loops=1)
               Index Cond: ((l_shipdate >= '1996-01-01'::date) AND (l_shipdate < '1997-01-01'::date))
 Settings: effective_io_concurrency = '64', jit = 'off', maintenance_io_concurrency = '64', max_parallel_workers_per_gather = '0', work_mem = '256MB'
 Planning Time: 1.099 ms
 Execution Time: 23135.467 ms
(11 rows)

SELECT 5448842
CREATE INDEX
ANALYZE
                                                                                   QUERY PLAN                                                                                   
--------------------------------------------------------------------------------------------------------------------------------------------------------------------------------
 Limit  (cost=87750.60..87750.60 rows=1 width=51) (actual time=1529.437..1529.440 rows=1 loops=1)
   ->  Sort  (cost=87750.60..87750.60 rows=1 width=51) (actual time=1529.435..1529.437 rows=1 loops=1)
         Sort Key: supplier.s_name
         Sort Method: top-N heapsort  Memory: 25kB
         ->  Nested Loop Semi Join  (cost=48.59..87750.59 rows=1 width=51) (actual time=1.010..1527.664 rows=1821 loops=1)
               ->  Nested Loop  (cost=47.29..2404.57 rows=4000 width=55) (actual time=0.733..14.071 rows=4095 loops=1)
                     ->  Seq Scan on nation  (cost=0.00..1.31 rows=1 width=4) (actual time=0.026..0.031 rows=1 loops=1)
                           Filter: (n_name = 'IRAQ'::bpchar)
                           Rows Removed by Filter: 24
                     ->  Bitmap Heap Scan on supplier  (cost=47.29..2363.25 rows=4000 width=59) (actual time=0.702..13.087 rows=4095 loops=1)
                           Recheck Cond: (s_nationkey = nation.n_nationkey)
                           Heap Blocks: exact=1867
                           ->  Bitmap Index Scan on idx_supplier_nation_key  (cost=0.00..46.29 rows=4000 width=0) (actual time=0.410..0.411 rows=4095 loops=1)
                                 Index Cond: (s_nationkey = nation.n_nationkey)
               ->  Nested Loop  (cost=1.30..21.33 rows=1 width=8) (actual time=0.369..0.369 rows=0 loops=4095)
                     Join Filter: (supplier.s_suppkey = agg_lineitem.agg_suppkey)
                     ->  Nested Loop  (cost=0.87..20.83 rows=1 width=16) (actual time=0.318..0.363 rows=1 loops=4095)
                           ->  Index Scan using idx_partsupp_suppkey on partsupp  (cost=0.43..9.08 rows=80 width=12) (actual time=0.008..0.160 rows=61 loops=4095)
                                 Index Cond: (ps_suppkey = supplier.s_suppkey)
                           ->  Memoize  (cost=0.44..0.48 rows=1 width=4) (actual time=0.003..0.003 rows=0 loops=248000)
                                 Cache Key: partsupp.ps_partkey
                                 Hits: 11702  Misses: 236298  Evictions: 0  Overflows: 0  Memory Usage: 15783kB
                                 ->  Index Scan using part_pkey on part  (cost=0.43..0.47 rows=1 width=4) (actual time=0.003..0.003 rows=0 loops=236298)
                                       Index Cond: (p_partkey = partsupp.ps_partkey)
                                       Filter: ((p_name)::text ~~ 'olive%'::text)
                                       Rows Removed by Filter: 1
                     ->  Index Scan using idx_tmp_agg_lineitem on tmp_agg_lineitem agg_lineitem  (cost=0.43..0.48 rows=1 width=13) (actual time=0.009..0.009 rows=1 loops=2732)
                           Index Cond: ((agg_partkey = partsupp.ps_partkey) AND (agg_suppkey = partsupp.ps_suppkey))
                           Filter: ((partsupp.ps_availqty)::numeric > agg_quantity)
                           Rows Removed by Filter: 0
 Settings: effective_io_concurrency = '64', jit = 'off', maintenance_io_concurrency = '64', max_parallel_workers_per_gather = '0', work_mem = '256MB'
 Planning Time: 1.932 ms
 Execution Time: 1545.371 ms
(33 rows)

DROP TABLE
===== 20.sql jit=off =====
                                                                                          QUERY PLAN                                                                                           
-----------------------------------------------------------------------------------------------------------------------------------------------------------------------------------------------
 Limit  (cost=2437233.81..2437233.81 rows=1 width=51) (actual time=43216.954..43216.959 rows=1 loops=1)
   ->  Sort  (cost=2437233.81..2437233.81 rows=1 width=51) (actual time=43216.952..43216.957 rows=1 loops=1)
         Sort Key: supplier.s_name
         Sort Method: top-N heapsort  Memory: 25kB
         ->  Nested Loop Semi Join  (cost=2175170.10..2437233.80 rows=1 width=51) (actual time=17670.112..43215.244 rows=1821 loops=1)
               Join Filter: (supplier.s_suppkey = lineitem.l_suppkey)
               Rows Removed by Join Filter: 182645835
               ->  Nested Loop  (cost=0.00..4467.31 rows=4000 width=55) (actual time=0.045..25.655 rows=4095 loops=1)
                     Join Filter: (supplier.s_nationkey = nation.n_nationkey)
                     Rows Removed by Join Filter: 95905
                     ->  Seq Scan on nation  (cost=0.00..1.31 rows=1 width=4) (actual time=0.028..0.033 rows=1 loops=1)
                           Filter: (n_name = 'IRAQ'::bpchar)
                           Rows Removed by Filter: 24
                     ->  Seq Scan on supplier  (cost=0.00..3216.00 rows=100000 width=59) (actual time=0.011..17.022 rows=100000 loops=1)
               ->  Materialize  (cost=2175170.10..2432706.49 rows=1 width=8) (actual time=3.756..7.882 rows=44603 loops=4095)
                     ->  Nested Loop  (cost=2175170.10..2432706.48 rows=1 width=8) (actual time=15380.331..24223.890 rows=59002 loops=1)
                           ->  Hash Join  (cost=2175169.67..2399047.03 rows=53503 width=44) (actual time=15380.294..23845.216 rows=59125 loops=1)
                                 Hash Cond: (lineitem.l_partkey = part.p_partkey)
                                 ->  HashAggregate  (cost=2108932.39..2271463.90 rows=4859076 width=40) (actual time=15032.301..22939.774 rows=5448842 loops=1)
                                       Group Key: lineitem.l_partkey, lineitem.l_suppkey
                                       Planned Partitions: 8  Batches: 41  Memory Usage: 262225kB  Disk Usage: 318560kB
                                       ->  Bitmap Heap Scan on lineitem  (cost=235672.34..1497909.61 rows=9179685 width=13) (actual time=1853.627..9936.781 rows=9123688 loops=1)
                                             Recheck Cond: ((l_shipdate >= '1996-01-01'::date) AND (l_shipdate < '1997-01-01'::date))
                                             Heap Blocks: exact=1048319
                                             ->  Bitmap Index Scan on idx_lineitem_shipdate  (cost=0.00..233377.42 rows=9179685 width=0) (actual time=1484.000..1484.001 rows=9123688 loops=1)
                                                   Index Cond: ((l_shipdate >= '1996-01-01'::date) AND (l_shipdate < '1997-01-01'::date))
                                 ->  Hash  (cost=65962.00..65962.00 rows=22022 width=4) (actual time=347.837..347.838 rows=21718 loops=1)
                                       Buckets: 32768  Batches: 1  Memory Usage: 1020kB
                                       ->  Seq Scan on part  (cost=0.00..65962.00 rows=22022 width=4) (actual time=0.044..343.263 rows=21718 loops=1)
                                             Filter: ((p_name)::text ~~ 'olive%'::text)
                                             Rows Removed by Filter: 1978282
                           ->  Index Scan using partsupp_pkey on partsupp  (cost=0.43..0.62 rows=1 width=12) (actual time=0.006..0.006 rows=1 loops=59125)
                                 Index Cond: ((ps_partkey = lineitem.l_partkey) AND (ps_suppkey = lineitem.l_suppkey))
                                 Filter: ((ps_availqty)::numeric > ((0.5 * sum(lineitem.l_quantity))))
                                 Rows Removed by Filter: 0
 Settings: effective_io_concurrency = '64', jit = 'off', maintenance_io_concurrency = '64', max_parallel_workers_per_gather = '0', work_mem = '256MB'
 Planning Time: 2.972 ms
 Execution Time: 43261.947 ms
(38 rows)

===== 21.sql jit=off =====
                                                                                            QUERY PLAN                                                                                             
---------------------------------------------------------------------------------------------------------------------------------------------------------------------------------------------------
 Limit  (cost=4271772.61..4271772.62 rows=1 width=34) (actual time=40823.268..40823.283 rows=100 loops=1)
   ->  Sort  (cost=4271772.61..4271772.62 rows=1 width=34) (actual time=40823.267..40823.276 rows=100 loops=1)
         Sort Key: (count(*)) DESC, supplier.s_name
         Sort Method: top-N heapsort  Memory: 38kB
         ->  GroupAggregate  (cost=4271772.58..4271772.60 rows=1 width=34) (actual time=40813.955..40822.039 rows=3991 loops=1)
               Group Key: supplier.s_name
               ->  Sort  (cost=4271772.58..4271772.59 rows=1 width=26) (actual time=40813.943..40817.191 rows=39281 loops=1)
                     Sort Key: supplier.s_name
                     Sort Method: quicksort  Memory: 3378kB
                     ->  Nested Loop Semi Join  (cost=2204876.30..4271772.57 rows=1 width=26) (actual time=19471.626..40664.583 rows=39281 loops=1)
                           Join Filter: (l2.l_suppkey <> l1.l_suppkey)
                           Rows Removed by Join Filter: 42023
                           ->  Nested Loop  (cost=2204875.74..4271765.04 rows=1 width=38) (actual time=19471.609..40361.797 rows=65960 loops=1)
                                 ->  Hash Anti Join  (cost=2204875.30..4271757.72 rows=1 width=34) (actual time=19469.424..39828.578 rows=134155 loops=1)
                                       Hash Cond: (l1.l_orderkey = l3.l_orderkey)
                                       Join Filter: (l3.l_suppkey <> l1.l_suppkey)
                                       Rows Removed by Join Filter: 547662
                                       ->  Hash Join  (cost=2454.57..1959791.29 rows=798387 width=34) (actual time=8.545..15998.714 rows=1514267 loops=1)
                                             Hash Cond: (l1.l_suppkey = supplier.s_suppkey)
                                             ->  Seq Scan on lineitem l1  (cost=0.00..1874370.05 rows=19995415 width=8) (actual time=0.079..12344.023 rows=37929348 loops=1)
                                                   Filter: (l_receiptdate > l_commitdate)
                                                   Rows Removed by Filter: 22056704
                                             ->  Hash  (cost=2404.57..2404.57 rows=4000 width=30) (actual time=8.409..8.411 rows=3991 loops=1)
                                                   Buckets: 4096  Batches: 1  Memory Usage: 282kB
                                                   ->  Nested Loop  (cost=47.29..2404.57 rows=4000 width=30) (actual time=0.998..7.636 rows=3991 loops=1)
                                                         ->  Seq Scan on nation  (cost=0.00..1.31 rows=1 width=4) (actual time=0.015..0.019 rows=1 loops=1)
                                                               Filter: (n_name = 'PERU'::bpchar)
                                                               Rows Removed by Filter: 24
                                                         ->  Bitmap Heap Scan on supplier  (cost=47.29..2363.25 rows=4000 width=34) (actual time=0.980..7.134 rows=3991 loops=1)
                                                               Recheck Cond: (s_nationkey = nation.n_nationkey)
                                                               Heap Blocks: exact=1873
                                                               ->  Bitmap Index Scan on idx_supplier_nation_key  (cost=0.00..46.29 rows=4000 width=0) (actual time=0.678..0.678 rows=3991 loops=1)
                                                                     Index Cond: (s_nationkey = nation.n_nationkey)
                                       ->  Hash  (cost=1874370.05..1874370.05 rows=19995415 width=8) (actual time=19427.360..19427.360 rows=37929348 loops=1)
                                             Buckets: 8388608  Batches: 8  Memory Usage: 250561kB
                                             ->  Seq Scan on lineitem l3  (cost=0.00..1874370.05 rows=19995415 width=8) (actual time=0.016..13748.485 rows=37929348 loops=1)
                                                   Filter: (l_receiptdate > l_commitdate)
                                                   Rows Removed by Filter: 22056704
                                 ->  Index Scan using orders_pkey on orders  (cost=0.43..7.32 rows=1 width=4) (actual time=0.004..0.004 rows=0 loops=134155)
                                       Index Cond: (o_orderkey = l1.l_orderkey)
                                       Filter: (o_orderstatus = 'F'::bpchar)
                                       Rows Removed by Filter: 1
                           ->  Index Scan using idx_lineitem_orderkey on lineitem l2  (cost=0.56..7.52 rows=4 width=8) (actual time=0.004..0.004 rows=1 loops=65960)
                                 Index Cond: (l_orderkey = orders.o_orderkey)
 Settings: effective_io_concurrency = '64', jit = 'off', maintenance_io_concurrency = '64', max_parallel_workers_per_gather = '0', work_mem = '256MB'
 Planning Time: 3.516 ms
 Execution Time: 40828.176 ms
(47 rows)

===== 22.sql jit=off =====
                                                                          QUERY PLAN                                                                          
--------------------------------------------------------------------------------------------------------------------------------------------------------------
 Limit  (cost=163242.82..163242.85 rows=1 width=72) (actual time=2001.315..2001.318 rows=1 loops=1)
   InitPlan 1 (returns $0)
     ->  Aggregate  (cost=75321.31..75321.32 rows=1 width=32) (actual time=942.282..942.283 rows=1 loops=1)
           ->  Seq Scan on customer customer_1  (cost=0.00..75202.00 rows=47724 width=6) (actual time=0.010..903.235 rows=382426 loops=1)
                 Filter: ((c_acctbal > 0.00) AND (SUBSTRING(c_phone FROM 1 FOR 2) = ANY ('{21,29,26,34,14,15,17}'::text[])))
                 Rows Removed by Filter: 1117574
   ->  GroupAggregate  (cost=87921.50..88123.05 rows=7329 width=72) (actual time=2001.314..2001.315 rows=1 loops=1)
         Group Key: (SUBSTRING(customer.c_phone FROM 1 FOR 2))
         ->  Sort  (cost=87921.50..87939.82 rows=7329 width=38) (actual time=1999.328..1999.758 rows=9006 loops=1)
               Sort Key: (SUBSTRING(customer.c_phone FROM 1 FOR 2))
               Sort Method: quicksort  Memory: 4513kB
               ->  Nested Loop Anti Join  (cost=0.43..87451.00 rows=7329 width=38) (actual time=942.349..1982.872 rows=63509 loops=1)
                     ->  Seq Scan on customer  (cost=0.00..75202.00 rows=17500 width=26) (actual time=942.324..1615.072 rows=191129 loops=1)
                           Filter: ((c_acctbal > $0) AND (SUBSTRING(c_phone FROM 1 FOR 2) = ANY ('{21,29,26,34,14,15,17}'::text[])))
                           Rows Removed by Filter: 1308871
                     ->  Index Only Scan using idx_orders_custkey on orders  (cost=0.43..3.28 rows=17 width=4) (actual time=0.002..0.002 rows=1 loops=191129)
                           Index Cond: (o_custkey = customer.c_custkey)
                           Heap Fetches: 0
 Settings: effective_io_concurrency = '64', jit = 'off', maintenance_io_concurrency = '64', max_parallel_workers_per_gather = '0', work_mem = '256MB'
 Planning Time: 1.676 ms
 Execution Time: 2001.681 ms
(21 rows)

===== 2-flattened.sql jit=off =====
                                                                       QUERY PLAN                                                                        
---------------------------------------------------------------------------------------------------------------------------------------------------------
 HashAggregate  (cost=207697.09..223697.09 rows=1600000 width=36) (actual time=2563.091..2915.327 rows=1182884 loops=1)
   Group Key: partsupp.ps_partkey
   Batches: 1  Memory Usage: 180241kB
   ->  Nested Loop  (cost=42.10..199697.09 rows=1600000 width=10) (actual time=1.071..1889.334 rows=1604080 loops=1)
         ->  Nested Loop  (cost=41.67..2184.07 rows=20000 width=4) (actual time=1.037..25.699 rows=20051 loops=1)
               ->  Nested Loop  (cost=0.14..13.95 rows=5 width=4) (actual time=0.071..0.102 rows=5 loops=1)
                     Join Filter: (nation.n_regionkey = region.r_regionkey)
                     Rows Removed by Join Filter: 20
                     ->  Index Scan using nation_pkey on nation  (cost=0.14..12.51 rows=25 width=8) (actual time=0.032..0.044 rows=25 loops=1)
                     ->  Materialize  (cost=0.00..1.07 rows=1 width=4) (actual time=0.001..0.002 rows=1 loops=25)
                           ->  Seq Scan on region  (cost=0.00..1.06 rows=1 width=4) (actual time=0.028..0.029 rows=1 loops=1)
                                 Filter: (r_name = 'AMERICA'::bpchar)
                                 Rows Removed by Filter: 4
               ->  Bitmap Heap Scan on supplier  (cost=41.53..394.02 rows=4000 width=8) (actual time=0.790..4.532 rows=4010 loops=5)
                     Recheck Cond: (s_nationkey = nation.n_nationkey)
                     Heap Blocks: exact=9388
                     ->  Bitmap Index Scan on idx_supplier_nation_key  (cost=0.00..40.53 rows=4000 width=0) (actual time=0.497..0.497 rows=4010 loops=5)
                           Index Cond: (s_nationkey = nation.n_nationkey)
         ->  Index Scan using idx_partsupp_suppkey on partsupp  (cost=0.43..9.08 rows=80 width=14) (actual time=0.004..0.084 rows=80 loops=20051)
               Index Cond: (ps_suppkey = supplier.s_suppkey)
 Settings: effective_io_concurrency = '64', jit = 'off', maintenance_io_concurrency = '64', max_parallel_workers_per_gather = '0', work_mem = '256MB'
 Planning Time: 1.556 ms
 Execution Time: 2980.489 ms
(23 rows)

SELECT 1182884
CREATE INDEX
ANALYZE
                                                                                    QUERY PLAN                                                                                     
-----------------------------------------------------------------------------------------------------------------------------------------------------------------------------------
 Limit  (cost=400396.86..400396.87 rows=1 width=192) (actual time=637.038..637.051 rows=100 loops=1)
   ->  Sort  (cost=400396.86..400396.87 rows=1 width=192) (actual time=637.036..637.043 rows=100 loops=1)
         Sort Key: supplier.s_acctbal DESC, nation.n_name, supplier.s_name, part.p_partkey
         Sort Method: top-N heapsort  Memory: 71kB
         ->  Nested Loop  (cost=0.72..400396.85 rows=1 width=192) (actual time=0.084..634.566 rows=4737 loops=1)
               Join Filter: (nation.n_regionkey = region.r_regionkey)
               ->  Nested Loop  (cost=0.72..400395.78 rows=1 width=196) (actual time=0.080..628.920 rows=4737 loops=1)
                     Join Filter: (supplier.s_nationkey = nation.n_nationkey)
                     Rows Removed by Join Filter: 43913
                     ->  Nested Loop  (cost=0.72..400394.21 rows=1 width=170) (actual time=0.067..617.941 rows=4737 loops=1)
                           ->  Nested Loop  (cost=0.43..400393.90 rows=1 width=34) (actual time=0.059..599.165 rows=4737 loops=1)
                                 ->  Seq Scan on part  (cost=0.00..70962.00 rows=7993 width=30) (actual time=0.014..485.807 rows=8046 loops=1)
                                       Filter: (((p_type)::text ~~ '%NICKEL'::text) AND (p_size = 16))
                                       Rows Removed by Filter: 1991954
                                 ->  Index Scan using idx_partsupp_partkey on partsupp  (cost=0.43..41.21 rows=1 width=14) (actual time=0.012..0.014 rows=1 loops=8046)
                                       Index Cond: (ps_partkey = part.p_partkey)
                                       Filter: ((SubPlan 1) = ps_supplycost)
                                       Rows Removed by Filter: 3
                                       SubPlan 1
                                         ->  Index Scan using tmp_supplycost_idx on tmp_supplycost  (cost=0.43..8.45 rows=1 width=6) (actual time=0.002..0.002 rows=1 loops=32184)
                                               Index Cond: (ps_partkey = part.p_partkey)
                           ->  Index Scan using supplier_pkey on supplier  (cost=0.29..0.31 rows=1 width=144) (actual time=0.003..0.003 rows=1 loops=4737)
                                 Index Cond: (s_suppkey = partsupp.ps_suppkey)
                     ->  Seq Scan on nation  (cost=0.00..1.25 rows=25 width=34) (actual time=0.000..0.001 rows=10 loops=4737)
               ->  Seq Scan on region  (cost=0.00..1.06 rows=1 width=4) (actual time=0.001..0.001 rows=1 loops=4737)
                     Filter: (r_name = 'AMERICA'::bpchar)
                     Rows Removed by Filter: 1
 Settings: effective_io_concurrency = '64', jit = 'off', maintenance_io_concurrency = '64', max_parallel_workers_per_gather = '0', work_mem = '256MB'
 Planning Time: 1.325 ms
 Execution Time: 637.101 ms
(30 rows)

DROP TABLE
===== 2.sql jit=off =====
                                                                                        QUERY PLAN                                                                                         
-------------------------------------------------------------------------------------------------------------------------------------------------------------------------------------------
 Limit  (cost=723178.15..723178.16 rows=1 width=192) (actual time=3270.207..3270.224 rows=100 loops=1)
   ->  Sort  (cost=723178.15..723178.16 rows=1 width=192) (actual time=3270.205..3270.216 rows=100 loops=1)
         Sort Key: supplier.s_acctbal DESC, nation.n_name, supplier.s_name, part.p_partkey
         Sort Method: top-N heapsort  Memory: 70kB
         ->  Hash Join  (cost=265351.64..723178.14 rows=1 width=192) (actual time=2332.833..3267.993 rows=4737 loops=1)
               Hash Cond: ((part.p_partkey = partsupp.ps_partkey) AND ((SubPlan 1) = partsupp.ps_supplycost))
               ->  Seq Scan on part  (cost=0.00..70962.00 rows=7993 width=30) (actual time=0.060..483.991 rows=8046 loops=1)
                     Filter: (((p_type)::text ~~ '%NICKEL'::text) AND (p_size = 16))
                     Rows Removed by Filter: 1991954
               ->  Hash  (cost=202288.64..202288.64 rows=1600000 width=172) (actual time=2324.251..2324.255 rows=1604080 loops=1)
                     Buckets: 2097152  Batches: 2  Memory Usage: 180174kB
                     ->  Nested Loop  (cost=2.00..202288.64 rows=1600000 width=172) (actual time=0.135..1621.551 rows=1604080 loops=1)
                           ->  Nested Loop  (cost=1.56..4775.62 rows=20000 width=166) (actual time=0.104..58.885 rows=20051 loops=1)
                                 Join Filter: (nation.n_regionkey = region.r_regionkey)
                                 Rows Removed by Join Filter: 79949
                                 ->  Seq Scan on region  (cost=0.00..1.06 rows=1 width=4) (actual time=0.030..0.032 rows=1 loops=1)
                                       Filter: (r_name = 'AMERICA'::bpchar)
                                       Rows Removed by Filter: 4
                                 ->  Hash Join  (cost=1.56..3524.56 rows=100000 width=170) (actual time=0.070..50.822 rows=100000 loops=1)
                                       Hash Cond: (supplier.s_nationkey = nation.n_nationkey)
                                       ->  Seq Scan on supplier  (cost=0.00..3216.00 rows=100000 width=144) (actual time=0.020..9.532 rows=100000 loops=1)
                                       ->  Hash  (cost=1.25..1.25 rows=25 width=34) (actual time=0.030..0.031 rows=25 loops=1)
                                             Buckets: 1024  Batches: 1  Memory Usage: 10kB
                                             ->  Seq Scan on nation  (cost=0.00..1.25 rows=25 width=34) (actual time=0.013..0.020 rows=25 loops=1)
                           ->  Index Scan using idx_partsupp_suppkey on partsupp  (cost=0.43..9.08 rows=80 width=14) (actual time=0.004..0.067 rows=80 loops=20051)
                                 Index Cond: (ps_suppkey = supplier.s_suppkey)
               SubPlan 1
                 ->  Aggregate  (cost=43.48..43.49 rows=1 width=32) (actual time=0.021..0.021 rows=1 loops=12783)
                       ->  Nested Loop  (cost=0.86..43.48 rows=1 width=6) (actual time=0.015..0.020 rows=1 loops=12783)
                             Join Filter: (nation_1.n_regionkey = region_1.r_regionkey)
                             Rows Removed by Join Filter: 3
                             ->  Seq Scan on region region_1  (cost=0.00..1.06 rows=1 width=4) (actual time=0.001..0.001 rows=1 loops=12783)
                                   Filter: (r_name = 'AMERICA'::bpchar)
                                   Rows Removed by Filter: 4
                             ->  Nested Loop  (cost=0.86..42.36 rows=4 width=10) (actual time=0.007..0.018 rows=4 loops=12783)
                                   ->  Nested Loop  (cost=0.72..41.74 rows=4 width=10) (actual time=0.006..0.014 rows=4 loops=12783)
                                         ->  Index Scan using idx_partsupp_partkey on partsupp partsupp_1  (cost=0.43..8.50 rows=4 width=10) (actual time=0.004..0.005 rows=4 loops=12783)
                                               Index Cond: (ps_partkey = part.p_partkey)
                                         ->  Index Scan using supplier_pkey on supplier supplier_1  (cost=0.29..8.31 rows=1 width=8) (actual time=0.002..0.002 rows=1 loops=51132)
                                               Index Cond: (s_suppkey = partsupp_1.ps_suppkey)
                                   ->  Index Scan using nation_pkey on nation nation_1  (cost=0.14..0.16 rows=1 width=8) (actual time=0.001..0.001 rows=1 loops=51132)
                                         Index Cond: (n_nationkey = supplier_1.s_nationkey)
 Settings: effective_io_concurrency = '64', jit = 'off', maintenance_io_concurrency = '64', max_parallel_workers_per_gather = '0', work_mem = '256MB'
 Planning Time: 3.292 ms
 Execution Time: 3271.057 ms
(45 rows)

===== 3.sql jit=off =====
                                                                                     QUERY PLAN                                                                                      
-------------------------------------------------------------------------------------------------------------------------------------------------------------------------------------
 Limit  (cost=2959368.20..2959368.23 rows=10 width=44) (actual time=19419.929..19419.935 rows=10 loops=1)
   ->  Sort  (cost=2959368.20..2967268.44 rows=3160094 width=44) (actual time=19419.926..19419.932 rows=10 loops=1)
         Sort Key: (sum((lineitem.l_extendedprice * ('1'::numeric - lineitem.l_discount)))) DESC, orders.o_orderdate
         Sort Method: top-N heapsort  Memory: 26kB
         ->  HashAggregate  (cost=2814546.18..2891079.71 rows=3160094 width=44) (actual time=19339.361..19398.791 rows=113934 loops=1)
               Group Key: lineitem.l_orderkey, orders.o_orderdate, orders.o_shippriority
               Planned Partitions: 4  Batches: 1  Memory Usage: 73745kB
               ->  Hash Join  (cost=527885.72..2555813.48 rows=3160094 width=24) (actual time=4587.067..19109.184 rows=301530 loops=1)
                     Hash Cond: (lineitem.l_orderkey = orders.o_orderkey)
                     ->  Seq Scan on lineitem  (cost=0.00..1874370.05 rows=32521806 width=16) (actual time=0.104..11006.601 rows=32534229 loops=1)
                           Filter: (l_shipdate > '1995-03-07'::date)
                           Rows Removed by Filter: 27451823
                     ->  Hash  (cost=509666.63..509666.63 rows=1457527 width=12) (actual time=4578.485..4578.488 rows=1451805 loops=1)
                           Buckets: 2097152  Batches: 1  Memory Usage: 78767kB
                           ->  Hash Join  (cost=139233.70..509666.63 rows=1457527 width=12) (actual time=1082.401..4239.578 rows=1451805 loops=1)
                                 Hash Cond: (orders.o_custkey = customer.c_custkey)
                                 ->  Bitmap Heap Scan on orders  (cost=80882.57..432307.70 rows=7241050 width=16) (actual time=565.420..2238.114 rows=7239437 loops=1)
                                       Recheck Cond: (o_orderdate < '1995-03-07'::date)
                                       Heap Blocks: exact=260912
                                       ->  Bitmap Index Scan on idx_orders_orderdate  (cost=0.00..79072.31 rows=7241050 width=0) (actual time=493.664..493.664 rows=7239437 loops=1)
                                             Index Cond: (o_orderdate < '1995-03-07'::date)
                                 ->  Hash  (cost=54577.00..54577.00 rows=301930 width=4) (actual time=514.900..514.901 rows=300276 loops=1)
                                       Buckets: 524288  Batches: 1  Memory Usage: 14653kB
                                       ->  Seq Scan on customer  (cost=0.00..54577.00 rows=301930 width=4) (actual time=0.022..457.976 rows=300276 loops=1)
                                             Filter: (c_mktsegment = 'BUILDING'::bpchar)
                                             Rows Removed by Filter: 1199724
 Settings: effective_io_concurrency = '64', jit = 'off', maintenance_io_concurrency = '64', max_parallel_workers_per_gather = '0', work_mem = '256MB'
 Planning Time: 2.054 ms
 Execution Time: 19436.345 ms
(29 rows)

===== 4.sql jit=off =====
                                                                              QUERY PLAN                                                                              
----------------------------------------------------------------------------------------------------------------------------------------------------------------------
 Limit  (cost=2586299.21..2586299.21 rows=1 width=24) (actual time=22383.183..22383.186 rows=1 loops=1)
   ->  Sort  (cost=2586299.21..2586299.22 rows=5 width=24) (actual time=22383.181..22383.184 rows=1 loops=1)
         Sort Key: orders.o_orderpriority
         Sort Method: top-N heapsort  Memory: 25kB
         ->  HashAggregate  (cost=2586299.13..2586299.18 rows=5 width=24) (actual time=22383.143..22383.147 rows=5 loops=1)
               Group Key: orders.o_orderpriority
               Batches: 1  Memory Usage: 24kB
               ->  Hash Semi Join  (cost=2210171.43..2583465.51 rows=566724 width=16) (actual time=18180.454..22275.526 rows=513822 loops=1)
                     Hash Cond: (orders.o_orderkey = lineitem.l_orderkey)
                     ->  Bitmap Heap Scan on orders  (cost=7750.69..277165.50 rows=566854 width=20) (actual time=172.177..683.313 rows=560424 loops=1)
                           Recheck Cond: ((o_orderdate >= '1993-12-01'::date) AND (o_orderdate < '1994-03-01'::date))
                           Heap Blocks: exact=231732
                           ->  Bitmap Index Scan on idx_orders_orderdate  (cost=0.00..7608.98 rows=566854 width=0) (actual time=101.271..101.272 rows=560424 loops=1)
                                 Index Cond: ((o_orderdate >= '1993-12-01'::date) AND (o_orderdate < '1994-03-01'::date))
                     ->  Hash  (cost=1874370.05..1874370.05 rows=19995415 width=4) (actual time=17977.934..17977.935 rows=37929348 loops=1)
                           Buckets: 8388608  Batches: 8  Memory Usage: 232058kB
                           ->  Seq Scan on lineitem  (cost=0.00..1874370.05 rows=19995415 width=4) (actual time=0.079..12749.496 rows=37929348 loops=1)
                                 Filter: (l_commitdate < l_receiptdate)
                                 Rows Removed by Filter: 22056704
 Settings: effective_io_concurrency = '64', jit = 'off', maintenance_io_concurrency = '64', max_parallel_workers_per_gather = '0', work_mem = '256MB'
 Planning Time: 1.522 ms
 Execution Time: 22387.865 ms
(22 rows)

===== 5.sql jit=off =====
                                                                                           QUERY PLAN                                                                                            
-------------------------------------------------------------------------------------------------------------------------------------------------------------------------------------------------
 Limit  (cost=2373265.50..2373265.50 rows=1 width=58) (actual time=19467.699..19467.707 rows=1 loops=1)
   ->  Sort  (cost=2373265.50..2373265.56 rows=25 width=58) (actual time=19467.698..19467.705 rows=1 loops=1)
         Sort Key: (sum((lineitem.l_extendedprice * ('1'::numeric - lineitem.l_discount)))) DESC
         Sort Method: top-N heapsort  Memory: 25kB
         ->  GroupAggregate  (cost=2372355.43..2373265.37 rows=25 width=58) (actual time=19440.989..19467.670 rows=5 loops=1)
               Group Key: nation.n_name
               ->  Sort  (cost=2372355.43..2372537.36 rows=72770 width=38) (actual time=19434.400..19437.891 rows=72033 loops=1)
                     Sort Key: nation.n_name
                     Sort Method: quicksort  Memory: 8700kB
                     ->  Hash Join  (cost=422644.81..2366478.87 rows=72770 width=38) (actual time=2517.434..19406.506 rows=72033 loops=1)
                           Hash Cond: ((lineitem.l_suppkey = supplier.s_suppkey) AND (customer.c_nationkey = supplier.s_nationkey))
                           ->  Hash Join  (cost=417928.81..2352194.63 rows=1822520 width=50) (actual time=2469.027..18938.014 rows=1815327 loops=1)
                                 Hash Cond: (orders.o_custkey = customer.c_custkey)
                                 ->  Hash Join  (cost=354724.30..2236592.68 rows=9112598 width=20) (actual time=1881.960..17059.895 rows=9108027 loops=1)
                                       Hash Cond: (lineitem.l_orderkey = orders.o_orderkey)
                                       ->  Seq Scan on lineitem  (cost=0.00..1724404.44 rows=59986244 width=20) (actual time=0.058..6019.350 rows=59986052 loops=1)
                                       ->  Hash  (cost=326240.90..326240.90 rows=2278672 width=8) (actual time=1866.865..1866.867 rows=2276638 loops=1)
                                             Buckets: 4194304  Batches: 1  Memory Usage: 121700kB
                                             ->  Bitmap Heap Scan on orders  (cost=31148.82..326240.90 rows=2278672 width=8) (actual time=267.071..1391.542 rows=2276638 loops=1)
                                                   Recheck Cond: ((o_orderdate >= '1993-01-01'::date) AND (o_orderdate < '1994-01-01'::date))
                                                   Heap Blocks: exact=260897
                                                   ->  Bitmap Index Scan on idx_orders_orderdate  (cost=0.00..30579.16 rows=2278672 width=0) (actual time=193.205..193.205 rows=2276638 loops=1)
                                                         Index Cond: ((o_orderdate >= '1993-01-01'::date) AND (o_orderdate < '1994-01-01'::date))
                                 ->  Hash  (cost=59454.51..59454.51 rows=300000 width=38) (actual time=584.832..584.835 rows=299436 loops=1)
                                       Buckets: 524288  Batches: 1  Memory Usage: 25151kB
                                       ->  Hash Join  (cost=2.51..59454.51 rows=300000 width=38) (actual time=0.077..514.364 rows=299436 loops=1)
                                             Hash Cond: (customer.c_nationkey = nation.n_nationkey)
                                             ->  Seq Scan on customer  (cost=0.00..50827.00 rows=1500000 width=8) (actual time=0.007..139.378 rows=1500000 loops=1)
                                             ->  Hash  (cost=2.45..2.45 rows=5 width=30) (actual time=0.053..0.055 rows=5 loops=1)
                                                   Buckets: 1024  Batches: 1  Memory Usage: 9kB
                                                   ->  Hash Join  (cost=1.07..2.45 rows=5 width=30) (actual time=0.042..0.051 rows=5 loops=1)
                                                         Hash Cond: (nation.n_regionkey = region.r_regionkey)
                                                         ->  Seq Scan on nation  (cost=0.00..1.25 rows=25 width=34) (actual time=0.009..0.010 rows=25 loops=1)
                                                         ->  Hash  (cost=1.06..1.06 rows=1 width=4) (actual time=0.016..0.017 rows=1 loops=1)
                                                               Buckets: 1024  Batches: 1  Memory Usage: 9kB
                                                               ->  Seq Scan on region  (cost=0.00..1.06 rows=1 width=4) (actual time=0.012..0.014 rows=1 loops=1)
                                                                     Filter: (r_name = 'AMERICA'::bpchar)
                                                                     Rows Removed by Filter: 4
                           ->  Hash  (cost=3216.00..3216.00 rows=100000 width=8) (actual time=47.056..47.057 rows=100000 loops=1)
                                 Buckets: 131072  Batches: 1  Memory Usage: 4931kB
                                 ->  Seq Scan on supplier  (cost=0.00..3216.00 rows=100000 width=8) (actual time=0.011..28.854 rows=100000 loops=1)
 Settings: effective_io_concurrency = '64', jit = 'off', maintenance_io_concurrency = '64', max_parallel_workers_per_gather = '0', work_mem = '256MB'
 Planning Time: 5.154 ms
 Execution Time: 19471.139 ms
(44 rows)

===== 6.sql jit=off =====
                                                                                          QUERY PLAN                                                                                           
-----------------------------------------------------------------------------------------------------------------------------------------------------------------------------------------------
 Limit  (cost=1503707.38..1503707.39 rows=1 width=32) (actual time=2950.868..2950.870 rows=1 loops=1)
   ->  Aggregate  (cost=1503707.38..1503707.39 rows=1 width=32) (actual time=2950.864..2950.865 rows=1 loops=1)
         ->  Bitmap Heap Scan on lineitem  (cost=300117.19..1497751.88 rows=1191099 width=12) (actual time=1321.106..2606.837 rows=1194558 loops=1)
               Recheck Cond: ((l_shipdate >= '1993-01-01'::date) AND (l_shipdate < '1994-01-01'::date) AND (l_discount >= 0.06) AND (l_discount <= 0.08) AND (l_quantity < '25'::numeric))
               Heap Blocks: exact=662932
               ->  Bitmap Index Scan on idx_lineitem_shipdate  (cost=0.00..299819.41 rows=1191099 width=0) (actual time=1103.668..1103.668 rows=1194558 loops=1)
                     Index Cond: ((l_shipdate >= '1993-01-01'::date) AND (l_shipdate < '1994-01-01'::date) AND (l_discount >= 0.06) AND (l_discount <= 0.08) AND (l_quantity < '25'::numeric))
 Settings: effective_io_concurrency = '64', jit = 'off', maintenance_io_concurrency = '64', max_parallel_workers_per_gather = '0', work_mem = '256MB'
 Planning Time: 0.913 ms
 Execution Time: 2953.364 ms
(10 rows)

===== 7.sql jit=off =====
                                                                                     QUERY PLAN                                                                                      
-------------------------------------------------------------------------------------------------------------------------------------------------------------------------------------
 Limit  (cost=2516201.26..2516201.38 rows=1 width=116) (actual time=20588.617..20588.625 rows=1 loops=1)
   ->  GroupAggregate  (cost=2516201.26..2517412.68 rows=10096 width=116) (actual time=20588.615..20588.623 rows=1 loops=1)
         Group Key: n1.n_name, n2.n_name, (EXTRACT(year FROM lineitem.l_shipdate))
         ->  Sort  (cost=2516201.26..2516352.69 rows=60570 width=96) (actual time=20579.816..20580.546 rows=14421 loops=1)
               Sort Key: n1.n_name, n2.n_name, (EXTRACT(year FROM lineitem.l_shipdate))
               Sort Method: quicksort  Memory: 9664kB
               ->  Hash Join  (cost=1022625.05..2511390.09 rows=60570 width=96) (actual time=9067.252..20540.628 rows=57794 loops=1)
                     Hash Cond: (lineitem.l_orderkey = orders.o_orderkey)
                     Join Filter: (((n1.n_name = 'PERU'::bpchar) AND (n2.n_name = 'MOROCCO'::bpchar)) OR ((n1.n_name = 'MOROCCO'::bpchar) AND (n2.n_name = 'PERU'::bpchar)))
                     Rows Removed by Join Filter: 58158
                     ->  Hash Join  (cost=471529.65..1952356.63 rows=1455445 width=46) (actual time=3356.772..14411.246 rows=1455694 loops=1)
                           Hash Cond: (lineitem.l_suppkey = supplier.s_suppkey)
                           ->  Bitmap Heap Scan on lineitem  (cost=467905.25..1865831.67 rows=18225628 width=24) (actual time=3315.236..11870.018 rows=18230325 loops=1)
                                 Recheck Cond: ((l_shipdate >= '1995-01-01'::date) AND (l_shipdate <= '1996-12-31'::date))
                                 Heap Blocks: exact=1119491
                                 ->  Bitmap Index Scan on idx_lineitem_shipdate  (cost=0.00..463348.85 rows=18225628 width=0) (actual time=2925.615..2925.616 rows=18230325 loops=1)
                                       Index Cond: ((l_shipdate >= '1995-01-01'::date) AND (l_shipdate <= '1996-12-31'::date))
                           ->  Hash  (cost=3524.40..3524.40 rows=8000 width=30) (actual time=41.454..41.456 rows=7981 loops=1)
                                 Buckets: 8192  Batches: 1  Memory Usage: 548kB
                                 ->  Hash Join  (cost=1.40..3524.40 rows=8000 width=30) (actual time=0.083..39.888 rows=7981 loops=1)
                                       Hash Cond: (supplier.s_nationkey = n1.n_nationkey)
                                       ->  Seq Scan on supplier  (cost=0.00..3216.00 rows=100000 width=8) (actual time=0.041..28.609 rows=100000 loops=1)
                                       ->  Hash  (cost=1.38..1.38 rows=2 width=30) (actual time=0.028..0.029 rows=2 loops=1)
                                             Buckets: 1024  Batches: 1  Memory Usage: 9kB
                                             ->  Seq Scan on nation n1  (cost=0.00..1.38 rows=2 width=30) (actual time=0.020..0.022 rows=2 loops=1)
                                                   Filter: ((n_name = 'PERU'::bpchar) OR (n_name = 'MOROCCO'::bpchar))
                                                   Rows Removed by Filter: 23
                     ->  Hash  (cost=536095.40..536095.40 rows=1200000 width=30) (actual time=5702.498..5702.500 rows=1191175 loops=1)
                           Buckets: 2097152  Batches: 1  Memory Usage: 88506kB
                           ->  Hash Join  (cost=56933.40..536095.40 rows=1200000 width=30) (actual time=488.767..5393.781 rows=1191175 loops=1)
                                 Hash Cond: (orders.o_custkey = customer.c_custkey)
                                 ->  Seq Scan on orders  (cost=0.00..410912.00 rows=15000000 width=8) (actual time=0.024..2377.021 rows=15000000 loops=1)
                                 ->  Hash  (cost=55433.40..55433.40 rows=120000 width=30) (actual time=488.254..488.256 rows=119622 loops=1)
                                       Buckets: 131072  Batches: 1  Memory Usage: 8267kB
                                       ->  Hash Join  (cost=1.40..55433.40 rows=120000 width=30) (actual time=0.055..462.535 rows=119622 loops=1)
                                             Hash Cond: (customer.c_nationkey = n2.n_nationkey)
                                             ->  Seq Scan on customer  (cost=0.00..50827.00 rows=1500000 width=8) (actual time=0.020..315.581 rows=1500000 loops=1)
                                             ->  Hash  (cost=1.38..1.38 rows=2 width=30) (actual time=0.021..0.021 rows=2 loops=1)
                                                   Buckets: 1024  Batches: 1  Memory Usage: 9kB
                                                   ->  Seq Scan on nation n2  (cost=0.00..1.38 rows=2 width=30) (actual time=0.013..0.016 rows=2 loops=1)
                                                         Filter: ((n_name = 'MOROCCO'::bpchar) OR (n_name = 'PERU'::bpchar))
                                                         Rows Removed by Filter: 23
 Settings: effective_io_concurrency = '64', jit = 'off', maintenance_io_concurrency = '64', max_parallel_workers_per_gather = '0', work_mem = '256MB'
 Planning Time: 4.768 ms
 Execution Time: 20593.410 ms
(45 rows)

===== 8.sql jit=off =====
                                                                                           QUERY PLAN                                                                                            
-------------------------------------------------------------------------------------------------------------------------------------------------------------------------------------------------
 Limit  (cost=2022054.29..2022054.54 rows=1 width=64) (actual time=5002.862..5002.870 rows=1 loops=1)
   ->  GroupAggregate  (cost=2022054.29..2022643.83 rows=2406 width=64) (actual time=5002.861..5002.868 rows=1 loops=1)
         Group Key: (EXTRACT(year FROM orders.o_orderdate))
         ->  Sort  (cost=2022054.29..2022114.45 rows=24063 width=70) (actual time=4996.239..4996.793 rows=11818 loops=1)
               Sort Key: (EXTRACT(year FROM orders.o_orderdate))
               Sort Method: quicksort  Memory: 2631kB
               ->  Nested Loop  (cost=496509.98..2020303.16 rows=24063 width=70) (actual time=3671.133..4987.396 rows=23842 loops=1)
                     ->  Hash Join  (cost=496509.84..2019600.60 rows=24063 width=20) (actual time=3671.107..4971.364 rows=23842 loops=1)
                           Hash Cond: (lineitem.l_suppkey = supplier.s_suppkey)
                           ->  Hash Join  (cost=492043.84..2015071.32 rows=24106 width=20) (actual time=3628.398..4918.665 rows=23842 loops=1)
                                 Hash Cond: (lineitem.l_orderkey = orders.o_orderkey)
                                 ->  Nested Loop  (cost=0.44..1521296.25 rows=397499 width=20) (actual time=0.095..1188.203 rows=389521 loops=1)
                                       ->  Seq Scan on part  (cost=0.00..65962.00 rows=13253 width=4) (actual time=0.059..412.195 rows=13011 loops=1)
                                             Filter: ((p_type)::text = 'LARGE POLISHED BRASS'::text)
                                             Rows Removed by Filter: 1986989
                                       ->  Index Scan using idx_lineitem_part_supp on lineitem  (cost=0.44..109.50 rows=31 width=24) (actual time=0.005..0.055 rows=30 loops=13011)
                                             Index Cond: (l_partkey = part.p_partkey)
                                 ->  Hash  (cost=480672.47..480672.47 rows=909674 width=8) (actual time=3623.833..3623.837 rows=910360 loops=1)
                                       Buckets: 1048576  Batches: 1  Memory Usage: 43753kB
                                       ->  Hash Join  (cost=125381.76..480672.47 rows=909674 width=8) (actual time=898.711..3431.465 rows=910360 loops=1)
                                             Hash Cond: (orders.o_custkey = customer.c_custkey)
                                             ->  Bitmap Heap Scan on orders  (cost=62177.25..391314.83 rows=4548372 width=12) (actual time=414.105..1958.538 rows=4557513 loops=1)
                                                   Recheck Cond: ((o_orderdate >= '1995-01-01'::date) AND (o_orderdate <= '1996-12-31'::date))
                                                   Heap Blocks: exact=260912
                                                   ->  Bitmap Index Scan on idx_orders_orderdate  (cost=0.00..61040.15 rows=4548372 width=0) (actual time=339.369..339.369 rows=4557513 loops=1)
                                                         Index Cond: ((o_orderdate >= '1995-01-01'::date) AND (o_orderdate <= '1996-12-31'::date))
                                             ->  Hash  (cost=59454.51..59454.51 rows=300000 width=4) (actual time=482.486..482.489 rows=299436 loops=1)
                                                   Buckets: 524288  Batches: 1  Memory Usage: 14624kB
                                                   ->  Hash Join  (cost=2.51..59454.51 rows=300000 width=4) (actual time=0.098..427.227 rows=299436 loops=1)
                                                         Hash Cond: (customer.c_nationkey = n1.n_nationkey)
                                                         ->  Seq Scan on customer  (cost=0.00..50827.00 rows=1500000 width=8) (actual time=0.007..124.004 rows=1500000 loops=1)
                                                         ->  Hash  (cost=2.45..2.45 rows=5 width=4) (actual time=0.074..0.076 rows=5 loops=1)
                                                               Buckets: 1024  Batches: 1  Memory Usage: 9kB
                                                               ->  Hash Join  (cost=1.07..2.45 rows=5 width=4) (actual time=0.058..0.068 rows=5 loops=1)
                                                                     Hash Cond: (n1.n_regionkey = region.r_regionkey)
                                                                     ->  Seq Scan on nation n1  (cost=0.00..1.25 rows=25 width=8) (actual time=0.009..0.011 rows=25 loops=1)
                                                                     ->  Hash  (cost=1.06..1.06 rows=1 width=4) (actual time=0.027..0.028 rows=1 loops=1)
                                                                           Buckets: 1024  Batches: 1  Memory Usage: 9kB
                                                                           ->  Seq Scan on region  (cost=0.00..1.06 rows=1 width=4) (actual time=0.005..0.007 rows=1 loops=1)
                                                                                 Filter: (r_name = 'AMERICA'::bpchar)
                                                                                 Rows Removed by Filter: 4
                           ->  Hash  (cost=3216.00..3216.00 rows=100000 width=8) (actual time=42.102..42.102 rows=100000 loops=1)
                                 Buckets: 131072  Batches: 1  Memory Usage: 4931kB
                                 ->  Seq Scan on supplier  (cost=0.00..3216.00 rows=100000 width=8) (actual time=0.010..25.375 rows=100000 loops=1)
                     ->  Memoize  (cost=0.15..2.17 rows=1 width=30) (actual time=0.000..0.000 rows=1 loops=23842)
                           Cache Key: supplier.s_nationkey
                           Hits: 23817  Misses: 25  Evictions: 0  Overflows: 0  Memory Usage: 4kB
                           ->  Index Scan using nation_pkey on nation n2  (cost=0.14..2.16 rows=1 width=30) (actual time=0.002..0.002 rows=1 loops=25)
                                 Index Cond: (n_nationkey = supplier.s_nationkey)
 Settings: effective_io_concurrency = '64', jit = 'off', maintenance_io_concurrency = '64', max_parallel_workers_per_gather = '0', work_mem = '256MB'
 Planning Time: 5.995 ms
 Execution Time: 5005.171 ms
(52 rows)

===== 9.sql jit=off =====
                                                                                      QUERY PLAN                                                                                      
--------------------------------------------------------------------------------------------------------------------------------------------------------------------------------------
 Limit  (cost=3003288.64..3003288.64 rows=1 width=90) (actual time=33851.141..33851.148 rows=1 loops=1)
   ->  Sort  (cost=3003288.64..3003439.01 rows=60150 width=90) (actual time=33851.139..33851.145 rows=1 loops=1)
         Sort Key: nation.n_name, (EXTRACT(year FROM orders.o_orderdate)) DESC
         Sort Method: top-N heapsort  Memory: 25kB
         ->  HashAggregate  (cost=3002085.64..3002987.89 rows=60150 width=90) (actual time=33850.634..33851.052 rows=175 loops=1)
               Group Key: nation.n_name, EXTRACT(year FROM orders.o_orderdate)
               Batches: 1  Memory Usage: 3217kB
               ->  Hash Join  (cost=2398314.60..2949639.06 rows=2996947 width=81) (actual time=22654.336..30950.112 rows=3248192 loops=1)
                     Hash Cond: (supplier.s_nationkey = nation.n_nationkey)
                     ->  Hash Join  (cost=2398313.03..2932944.50 rows=2996947 width=31) (actual time=22654.286..29973.531 rows=3248192 loops=1)
                           Hash Cond: (orders.o_orderkey = lineitem.l_orderkey)
                           ->  Seq Scan on orders  (cost=0.00..410912.00 rows=15000000 width=8) (actual time=0.023..1122.337 rows=15000000 loops=1)
                           ->  Hash  (cost=2360851.20..2360851.20 rows=2996947 width=31) (actual time=22637.563..22637.567 rows=3248192 loops=1)
                                 Buckets: 4194304  Batches: 1  Memory Usage: 244992kB
                                 ->  Hash Join  (cost=1998582.59..2360851.20 rows=2996947 width=31) (actual time=17017.127..21688.464 rows=3248192 loops=1)
                                       Hash Cond: (lineitem.l_suppkey = supplier.s_suppkey)
                                       ->  Hash Join  (cost=1994116.59..2348503.79 rows=3002312 width=35) (actual time=16974.760..20991.553 rows=3248192 loops=1)
                                             Hash Cond: ((partsupp.ps_suppkey = lineitem.l_suppkey) AND (partsupp.ps_partkey = lineitem.l_partkey))
                                             ->  Seq Scan on partsupp  (cost=0.00..254386.00 rows=8000000 width=14) (actual time=0.007..612.852 rows=8000000 loops=1)
                                             ->  Hash  (cost=1949081.91..1949081.91 rows=3002312 width=33) (actual time=16958.195..16958.197 rows=3248192 loops=1)
                                                   Buckets: 4194304  Batches: 1  Memory Usage: 248226kB
                                                   ->  Hash Join  (cost=67213.25..1949081.91 rows=3002312 width=33) (actual time=692.867..15903.735 rows=3248192 loops=1)
                                                         Hash Cond: (lineitem.l_partkey = part.p_partkey)
                                                         ->  Seq Scan on lineitem  (cost=0.00..1724404.44 rows=59986244 width=29) (actual time=0.034..5997.145 rows=59986052 loops=1)
                                                         ->  Hash  (cost=65962.00..65962.00 rows=100100 width=4) (actual time=692.245..692.246 rows=108312 loops=1)
                                                               Buckets: 131072  Batches: 1  Memory Usage: 4832kB
                                                               ->  Seq Scan on part  (cost=0.00..65962.00 rows=100100 width=4) (actual time=0.013..672.541 rows=108312 loops=1)
                                                                     Filter: ((p_name)::text ~~ '%navy%'::text)
                                                                     Rows Removed by Filter: 1891688
                                       ->  Hash  (cost=3216.00..3216.00 rows=100000 width=8) (actual time=41.801..41.802 rows=100000 loops=1)
                                             Buckets: 131072  Batches: 1  Memory Usage: 4931kB
                                             ->  Seq Scan on supplier  (cost=0.00..3216.00 rows=100000 width=8) (actual time=0.024..25.137 rows=100000 loops=1)
                     ->  Hash  (cost=1.25..1.25 rows=25 width=30) (actual time=0.029..0.029 rows=25 loops=1)
                           Buckets: 1024  Batches: 1  Memory Usage: 10kB
                           ->  Seq Scan on nation  (cost=0.00..1.25 rows=25 width=30) (actual time=0.012..0.018 rows=25 loops=1)
 Settings: effective_io_concurrency = '64', jit = 'off', maintenance_io_concurrency = '64', max_parallel_workers_per_gather = '0', work_mem = '256MB'
 Planning Time: 8.888 ms
 Execution Time: 33858.084 ms
(38 rows)

