                                                                                       QUERY PLAN                                                                                       
----------------------------------------------------------------------------------------------------------------------------------------------------------------------------------------
 Limit  (cost=2329507.23..2329507.28 rows=20 width=201) (actual time=26400.219..26400.228 rows=20 loops=1)
   ->  Sort  (cost=2329507.23..2330895.91 rows=555471 width=201) (actual time=26400.216..26400.224 rows=20 loops=1)
         Sort Key: (sum((lineitem.l_extendedprice * ('1'::numeric - lineitem.l_discount)))) DESC
         Sort Method: top-N heapsort  Memory: 34kB
         ->  HashAggregate  (cost=2307782.96..2314726.35 rows=555471 width=201) (actual time=25794.747..26185.148 rows=381205 loops=1)
               Group Key: customer.c_custkey, nation.n_name
               Batches: 1  Memory Usage: 258065kB
               ->  Hash Join  (cost=2204226.13..2300839.57 rows=555471 width=181) (actual time=22135.418..24004.724 rows=1145402 loops=1)
                     Hash Cond: (customer.c_custkey = orders.o_custkey)
                     ->  Hash Join  (cost=1.56..55434.18 rows=1500047 width=169) (actual time=0.083..1026.354 rows=1500000 loops=1)
                           Hash Cond: (customer.c_nationkey = nation.n_nationkey)
                           ->  Seq Scan on customer  (cost=0.00..50827.47 rows=1500047 width=147) (actual time=0.024..174.756 rows=1500000 loops=1)
                           ->  Hash  (cost=1.25..1.25 rows=25 width=30) (actual time=0.039..0.040 rows=25 loops=1)
                                 Buckets: 1024  Batches: 1  Memory Usage: 10kB
                                 ->  Seq Scan on nation  (cost=0.00..1.25 rows=25 width=30) (actual time=0.020..0.026 rows=25 loops=1)
                     ->  Hash  (cost=2197281.18..2197281.18 rows=555471 width=16) (actual time=22131.214..22131.217 rows=1145402 loops=1)
                           Buckets: 2097152 (originally 1048576)  Batches: 1 (originally 1)  Memory Usage: 71717kB
                           ->  Hash Join  (cost=284097.95..2197281.18 rows=555471 width=16) (actual time=1050.838..21617.849 rows=1145402 loops=1)
                                 Hash Cond: (lineitem.l_orderkey = orders.o_orderkey)
                                 ->  Seq Scan on lineitem  (cost=0.00..1874343.50 rows=14796083 width=16) (actual time=0.079..17256.702 rows=14808183 loops=1)
                                       Filter: (l_returnflag = 'R'::bpchar)
                                       Rows Removed by Filter: 45177869
                                 ->  Hash  (cost=277059.04..277059.04 rows=563113 width=8) (actual time=1046.518..1046.518 rows=573160 loops=1)
                                       Buckets: 1048576  Batches: 1  Memory Usage: 30582kB
                                       ->  Bitmap Heap Scan on orders  (cost=7700.34..277059.04 rows=563113 width=8) (actual time=245.822..838.485 rows=573160 loops=1)
                                             Recheck Cond: ((o_orderdate >= '1994-08-01'::date) AND (o_orderdate < '1994-11-01'::date))
                                             Heap Blocks: exact=233137
                                             ->  Bitmap Index Scan on idx_orders_orderdate  (cost=0.00..7559.57 rows=563113 width=0) (actual time=131.194..131.195 rows=573160 loops=1)
                                                   Index Cond: ((o_orderdate >= '1994-08-01'::date) AND (o_orderdate < '1994-11-01'::date))
 Settings: effective_io_concurrency = '64', jit = 'off', maintenance_io_concurrency = '64', max_parallel_workers_per_gather = '0', work_mem = '256MB'
 Planning Time: 3.007 ms
 Execution Time: 26409.395 ms
(32 rows)

                                                                             QUERY PLAN                                                                              
---------------------------------------------------------------------------------------------------------------------------------------------------------------------
 Limit  (cost=95183.27..95183.27 rows=1 width=36) (actual time=1778.429..1778.435 rows=0 loops=1)
   InitPlan 1 (returns $2)
     ->  Aggregate  (cost=44525.11..44525.12 rows=1 width=32) (actual time=605.337..605.340 rows=1 loops=1)
           ->  Nested Loop  (cost=47.72..42125.22 rows=319985 width=10) (actual time=1.567..421.358 rows=320800 loops=1)
                 ->  Nested Loop  (cost=47.29..2404.57 rows=4000 width=4) (actual time=1.555..6.539 rows=4010 loops=1)
                       ->  Seq Scan on nation nation_1  (cost=0.00..1.31 rows=1 width=4) (actual time=0.012..0.016 rows=1 loops=1)
                             Filter: (n_name = 'SAUDI ARABIA'::bpchar)
                             Rows Removed by Filter: 24
                       ->  Bitmap Heap Scan on supplier supplier_1  (cost=47.29..2363.25 rows=4000 width=8) (actual time=1.539..5.649 rows=4010 loops=1)
                             Recheck Cond: (s_nationkey = nation_1.n_nationkey)
                             Heap Blocks: exact=1857
                             ->  Bitmap Index Scan on idx_supplier_nation_key  (cost=0.00..46.29 rows=4000 width=0) (actual time=1.015..1.016 rows=4010 loops=1)
                                   Index Cond: (s_nationkey = nation_1.n_nationkey)
                 ->  Index Scan using idx_partsupp_suppkey on partsupp partsupp_1  (cost=0.43..9.11 rows=82 width=14) (actual time=0.005..0.087 rows=80 loops=4010)
                       Index Cond: (ps_suppkey = supplier_1.s_suppkey)
   ->  Sort  (cost=50658.15..50924.81 rows=106662 width=36) (actual time=1778.427..1778.429 rows=0 loops=1)
         Sort Key: (sum((partsupp.ps_supplycost * (partsupp.ps_availqty)::numeric))) DESC
         Sort Method: quicksort  Memory: 25kB
         ->  HashAggregate  (cost=45325.07..50124.84 rows=106662 width=36) (actual time=1778.375..1778.377 rows=0 loops=1)
               Group Key: partsupp.ps_partkey
               Filter: (sum((partsupp.ps_supplycost * (partsupp.ps_availqty)::numeric)) > $2)
               Batches: 1  Memory Usage: 135185kB
               Rows Removed by Filter: 301833
               ->  Nested Loop  (cost=47.72..42125.22 rows=319985 width=14) (actual time=1.873..500.500 rows=320800 loops=1)
                     ->  Nested Loop  (cost=47.29..2404.57 rows=4000 width=4) (actual time=1.805..8.094 rows=4010 loops=1)
                           ->  Seq Scan on nation  (cost=0.00..1.31 rows=1 width=4) (actual time=0.032..0.036 rows=1 loops=1)
                                 Filter: (n_name = 'SAUDI ARABIA'::bpchar)
                                 Rows Removed by Filter: 24
                           ->  Bitmap Heap Scan on supplier  (cost=47.29..2363.25 rows=4000 width=8) (actual time=1.768..7.051 rows=4010 loops=1)
                                 Recheck Cond: (s_nationkey = nation.n_nationkey)
                                 Heap Blocks: exact=1857
                                 ->  Bitmap Index Scan on idx_supplier_nation_key  (cost=0.00..46.29 rows=4000 width=0) (actual time=1.151..1.152 rows=4010 loops=1)
                                       Index Cond: (s_nationkey = nation.n_nationkey)
                     ->  Index Scan using idx_partsupp_suppkey on partsupp  (cost=0.43..9.11 rows=82 width=18) (actual time=0.006..0.105 rows=80 loops=4010)
                           Index Cond: (ps_suppkey = supplier.s_suppkey)
 Settings: effective_io_concurrency = '64', jit = 'off', maintenance_io_concurrency = '64', max_parallel_workers_per_gather = '0', work_mem = '256MB'
 Planning Time: 2.158 ms
 Execution Time: 1790.002 ms
(38 rows)

                                                                                                                    QUERY PLAN                                                                                                                     
---------------------------------------------------------------------------------------------------------------------------------------------------------------------------------------------------------------------------------------------------
 Limit  (cost=3030666.83..3031501.11 rows=1 width=27) (actual time=32039.805..32039.809 rows=1 loops=1)
   ->  GroupAggregate  (cost=3030666.83..3036506.80 rows=7 width=27) (actual time=32039.804..32039.806 rows=1 loops=1)
         Group Key: lineitem.l_shipmode
         ->  Sort  (cost=3030666.83..3031396.82 rows=291995 width=27) (actual time=31951.121..31961.394 rows=155572 loops=1)
               Sort Key: lineitem.l_shipmode
               Sort Method: quicksort  Memory: 36606kB
               ->  Hash Join  (cost=2477834.64..3004160.13 rows=291995 width=27) (actual time=26070.444..31837.641 rows=311258 loops=1)
                     Hash Cond: (orders.o_orderkey = lineitem.l_orderkey)
                     ->  Seq Scan on orders  (cost=0.00..410908.31 rows=14999631 width=20) (actual time=0.019..1504.251 rows=15000000 loops=1)
                     ->  Hash  (cost=2474184.70..2474184.70 rows=291995 width=15) (actual time=26068.300..26068.301 rows=311258 loops=1)
                           Buckets: 524288  Batches: 1  Memory Usage: 18687kB
                           ->  Seq Scan on lineitem  (cost=0.00..2474184.70 rows=291995 width=15) (actual time=0.239..25901.627 rows=311258 loops=1)
                                 Filter: ((l_shipmode = ANY ('{SHIP,"REG AIR"}'::bpchar[])) AND (l_commitdate < l_receiptdate) AND (l_shipdate < l_commitdate) AND (l_receiptdate >= '1994-01-01'::date) AND (l_receiptdate < '1995-01-01'::date))
                                 Rows Removed by Filter: 59674794
 Settings: effective_io_concurrency = '64', jit = 'off', maintenance_io_concurrency = '64', max_parallel_workers_per_gather = '0', work_mem = '256MB'
 Planning Time: 1.670 ms
 Execution Time: 32041.790 ms
(17 rows)

                                                                                    QUERY PLAN                                                                                     
-----------------------------------------------------------------------------------------------------------------------------------------------------------------------------------
 Limit  (cost=655689.03..655689.03 rows=1 width=16) (actual time=28497.681..28497.685 rows=1 loops=1)
   ->  Sort  (cost=655689.03..655689.53 rows=200 width=16) (actual time=28497.679..28497.682 rows=1 loops=1)
         Sort Key: (count(*)) DESC, (count(orders.o_orderkey)) DESC
         Sort Method: top-N heapsort  Memory: 25kB
         ->  HashAggregate  (cost=655686.03..655688.03 rows=200 width=16) (actual time=28497.616..28497.631 rows=46 loops=1)
               Group Key: count(orders.o_orderkey)
               Batches: 1  Memory Usage: 40kB
               ->  HashAggregate  (cost=618184.85..633185.32 rows=1500047 width=12) (actual time=27545.146..28027.369 rows=1500000 loops=1)
                     Group Key: customer.c_custkey
                     Batches: 1  Memory Usage: 172049kB
                     ->  Hash Right Join  (cost=57715.72..544701.81 rows=14696608 width=8) (actual time=656.634..18313.322 rows=15337604 loops=1)
                           Hash Cond: (orders.o_custkey = customer.c_custkey)
                           ->  Seq Scan on orders  (cost=0.00..448407.39 rows=14696608 width=8) (actual time=0.026..9421.696 rows=14837583 loops=1)
                                 Filter: ((o_comment)::text !~~ '%special%requests%'::text)
                                 Rows Removed by Filter: 162417
                           ->  Hash  (cost=38965.13..38965.13 rows=1500047 width=4) (actual time=648.494..648.496 rows=1500000 loops=1)
                                 Buckets: 2097152  Batches: 1  Memory Usage: 69119kB
                                 ->  Index Only Scan using customer_pkey on customer  (cost=0.43..38965.13 rows=1500047 width=4) (actual time=0.052..210.074 rows=1500000 loops=1)
                                       Heap Fetches: 0
 Settings: effective_io_concurrency = '64', jit = 'off', maintenance_io_concurrency = '64', max_parallel_workers_per_gather = '0', work_mem = '256MB'
 Planning Time: 1.448 ms
 Execution Time: 28530.073 ms
(22 rows)

                                                                            QUERY PLAN                                                                            
------------------------------------------------------------------------------------------------------------------------------------------------------------------
 Limit  (cost=1192463.95..1192463.97 rows=1 width=32) (actual time=4052.106..4052.110 rows=1 loops=1)
   ->  Aggregate  (cost=1192463.95..1192463.97 rows=1 width=32) (actual time=4052.105..4052.107 rows=1 loops=1)
         ->  Hash Join  (cost=105442.86..1179188.54 rows=758595 width=33) (actual time=1776.746..3317.996 rows=772942 loops=1)
               Hash Cond: (lineitem.l_partkey = part.p_partkey)
               ->  Bitmap Heap Scan on lineitem  (cost=19480.16..1091234.53 rows=758595 width=16) (actual time=505.395..1446.176 rows=772942 loops=1)
                     Recheck Cond: ((l_shipdate >= '1994-05-01'::date) AND (l_shipdate < '1994-06-01'::date))
                     Heap Blocks: exact=416660
                     ->  Bitmap Index Scan on idx_lineitem_shipdate  (cost=0.00..19290.51 rows=758595 width=0) (actual time=282.197..282.198 rows=772942 loops=1)
                           Index Cond: ((l_shipdate >= '1994-05-01'::date) AND (l_shipdate < '1994-06-01'::date))
               ->  Hash  (cost=60962.31..60962.31 rows=2000031 width=25) (actual time=1263.709..1263.710 rows=2000000 loops=1)
                     Buckets: 2097152  Batches: 1  Memory Usage: 131903kB
                     ->  Seq Scan on part  (cost=0.00..60962.31 rows=2000031 width=25) (actual time=0.029..525.490 rows=2000000 loops=1)
 Settings: effective_io_concurrency = '64', jit = 'off', maintenance_io_concurrency = '64', max_parallel_workers_per_gather = '0', work_mem = '256MB'
 Planning Time: 1.549 ms
 Execution Time: 4054.947 ms
(15 rows)

                                                                       QUERY PLAN                                                                       
--------------------------------------------------------------------------------------------------------------------------------------------------------
 HashAggregate  (cost=1238614.44..1239842.20 rows=98221 width=36) (actual time=5713.308..5788.594 rows=100000 loops=1)
   Group Key: l_suppkey
   Batches: 1  Memory Usage: 47121kB
   ->  Bitmap Heap Scan on lineitem  (cost=57794.51..1216103.27 rows=2251117 width=16) (actual time=982.309..2772.533 rows=2265714 loops=1)
         Recheck Cond: ((l_shipdate >= '1996-01-01'::date) AND (l_shipdate < '1996-04-01'::date))
         Heap Blocks: exact=668609
         ->  Bitmap Index Scan on idx_lineitem_shipdate  (cost=0.00..57231.74 rows=2251117 width=0) (actual time=618.882..618.883 rows=2265714 loops=1)
               Index Cond: ((l_shipdate >= '1996-01-01'::date) AND (l_shipdate < '1996-04-01'::date))
 Settings: effective_io_concurrency = '64', jit = 'off', maintenance_io_concurrency = '64', max_parallel_workers_per_gather = '0', work_mem = '256MB'
 Planning Time: 0.857 ms
 Execution Time: 5796.138 ms
(11 rows)

CREATE VIEW
                                                                                   QUERY PLAN                                                                                   
--------------------------------------------------------------------------------------------------------------------------------------------------------------------------------
 Limit  (cost=2481184.88..2481195.23 rows=1 width=103) (actual time=11057.383..11057.387 rows=1 loops=1)
   InitPlan 1 (returns $0)
     ->  Aggregate  (cost=1241069.96..1241069.97 rows=1 width=32) (actual time=5534.862..5534.863 rows=1 loops=1)
           ->  HashAggregate  (cost=1238614.44..1239842.20 rows=98221 width=36) (actual time=5447.668..5523.475 rows=100000 loops=1)
                 Group Key: lineitem_1.l_suppkey
                 Batches: 1  Memory Usage: 47121kB
                 ->  Bitmap Heap Scan on lineitem lineitem_1  (cost=57794.51..1216103.27 rows=2251117 width=16) (actual time=941.298..2514.514 rows=2265714 loops=1)
                       Recheck Cond: ((l_shipdate >= '1996-01-01'::date) AND (l_shipdate < '1996-04-01'::date))
                       Heap Blocks: exact=668609
                       ->  Bitmap Index Scan on idx_lineitem_shipdate  (cost=0.00..57231.74 rows=2251117 width=0) (actual time=581.642..581.642 rows=2265714 loops=1)
                             Index Cond: ((l_shipdate >= '1996-01-01'::date) AND (l_shipdate < '1996-04-01'::date))
   ->  Merge Join  (cost=1240114.90..1245198.35 rows=491 width=103) (actual time=11057.381..11057.383 rows=1 loops=1)
         Merge Cond: (supplier.s_suppkey = revenue0.supplier_no)
         ->  Index Scan using supplier_pkey on supplier  (cost=0.29..4826.38 rows=100000 width=71) (actual time=0.017..18.561 rows=69998 loops=1)
         ->  Sort  (cost=1240114.61..1240115.84 rows=491 width=36) (actual time=11030.728..11030.729 rows=1 loops=1)
               Sort Key: revenue0.supplier_no
               Sort Method: quicksort  Memory: 25kB
               ->  Subquery Scan on revenue0  (cost=1238614.44..1240092.66 rows=491 width=36) (actual time=10976.205..11030.721 rows=1 loops=1)
                     ->  HashAggregate  (cost=1238614.44..1240087.75 rows=491 width=36) (actual time=10976.203..11030.717 rows=1 loops=1)
                           Group Key: lineitem.l_suppkey
                           Filter: (sum((lineitem.l_extendedprice * ('1'::numeric - lineitem.l_discount))) = $0)
                           Batches: 1  Memory Usage: 47121kB
                           Rows Removed by Filter: 99999
                           ->  Bitmap Heap Scan on lineitem  (cost=57794.51..1216103.27 rows=2251117 width=16) (actual time=940.661..2501.345 rows=2265714 loops=1)
                                 Recheck Cond: ((l_shipdate >= '1996-01-01'::date) AND (l_shipdate < '1996-04-01'::date))
                                 Heap Blocks: exact=668609
                                 ->  Bitmap Index Scan on idx_lineitem_shipdate  (cost=0.00..57231.74 rows=2251117 width=0) (actual time=579.830..579.830 rows=2265714 loops=1)
                                       Index Cond: ((l_shipdate >= '1996-01-01'::date) AND (l_shipdate < '1996-04-01'::date))
 Settings: effective_io_concurrency = '64', jit = 'off', maintenance_io_concurrency = '64', max_parallel_workers_per_gather = '0', work_mem = '256MB'
 Planning Time: 0.708 ms
 Execution Time: 11064.081 ms
(31 rows)

DROP VIEW
                                                                                         QUERY PLAN                                                                                         
--------------------------------------------------------------------------------------------------------------------------------------------------------------------------------------------
 Limit  (cost=405332.97..405332.98 rows=1 width=44) (actual time=10907.502..10907.507 rows=1 loops=1)
   ->  Sort  (cost=405332.97..405722.05 rows=155631 width=44) (actual time=10907.501..10907.504 rows=1 loops=1)
         Sort Key: (count(DISTINCT partsupp.ps_suppkey)) DESC, part.p_brand, part.p_type, part.p_size
         Sort Method: top-N heapsort  Memory: 25kB
         ->  GroupAggregate  (cost=395345.43..404554.82 rows=155631 width=44) (actual time=10134.585..10898.272 rows=27838 loops=1)
               Group Key: part.p_brand, part.p_type, part.p_size
               ->  Sort  (cost=395345.43..396876.05 rows=612246 width=40) (actual time=10134.519..10257.501 rows=1186319 loops=1)
                     Sort Key: part.p_brand, part.p_type, part.p_size
                     Sort Method: quicksort  Memory: 141834kB
                     ->  Hash Join  (cost=98256.01..336497.11 rows=612246 width=40) (actual time=1047.756..6156.056 rows=1186319 loops=1)
                           Hash Cond: (partsupp.ps_partkey = part.p_partkey)
                           ->  Index Only Scan using partsupp_pkey on partsupp  (cost=3466.46..231208.02 rows=3999816 width=8) (actual time=50.881..3593.947 rows=7995520 loops=1)
                                 Filter: (NOT (hashed SubPlan 1))
                                 Rows Removed by Filter: 4480
                                 Heap Fetches: 0
                                 SubPlan 1
                                   ->  Seq Scan on supplier  (cost=0.00..3466.00 rows=10 width=4) (actual time=0.237..50.796 rows=56 loops=1)
                                         Filter: ((s_comment)::text ~~ '%Customer%Complaints%'::text)
                                         Rows Removed by Filter: 99944
                           ->  Hash  (cost=90962.77..90962.77 rows=306142 width=40) (actual time=994.895..994.897 rows=296733 loops=1)
                                 Buckets: 524288  Batches: 1  Memory Usage: 25593kB
                                 ->  Seq Scan on part  (cost=0.00..90962.77 rows=306142 width=40) (actual time=0.020..864.354 rows=296733 loops=1)
                                       Filter: ((p_brand <> 'Brand#12'::bpchar) AND ((p_type)::text !~~ 'SMALL BRUSHED%'::text) AND (p_size = ANY ('{12,32,36,26,40,34,49,9}'::integer[])))
                                       Rows Removed by Filter: 1703267
 Settings: effective_io_concurrency = '64', jit = 'off', maintenance_io_concurrency = '64', max_parallel_workers_per_gather = '0', work_mem = '256MB'
 Planning Time: 1.724 ms
 Execution Time: 10912.499 ms
(27 rows)

                                                                      QUERY PLAN                                                                      
------------------------------------------------------------------------------------------------------------------------------------------------------
 HashAggregate  (cost=5567115.89..6182234.12 rows=1955721 width=36) (actual time=64777.518..100694.448 rows=2000000 loops=1)
   Group Key: l_partkey
   Planned Partitions: 4  Batches: 5  Memory Usage: 262193kB  Disk Usage: 1517688kB
   ->  Seq Scan on lineitem  (cost=0.00..1724383.20 rows=59984120 width=9) (actual time=0.033..7411.567 rows=59986052 loops=1)
 Settings: effective_io_concurrency = '64', jit = 'off', maintenance_io_concurrency = '64', max_parallel_workers_per_gather = '0', work_mem = '256MB'
 Planning Time: 0.798 ms
 Execution Time: 100906.689 ms
(7 rows)

SELECT 2000000
CREATE INDEX
ANALYZE
                                                                                 QUERY PLAN                                                                                 
----------------------------------------------------------------------------------------------------------------------------------------------------------------------------
 Limit  (cost=235232.63..235232.64 rows=1 width=32) (actual time=655.603..655.605 rows=1 loops=1)
   ->  Aggregate  (cost=235232.63..235232.64 rows=1 width=32) (actual time=655.602..655.603 rows=1 loops=1)
         ->  Nested Loop  (cost=0.87..235183.41 rows=19684 width=8) (actual time=0.221..653.953 rows=5319 loops=1)
               Join Filter: (part.p_partkey = lineitem.l_partkey)
               ->  Nested Loop  (cost=0.43..85834.36 rows=1969 width=21) (actual time=0.199..554.946 rows=1996 loops=1)
                     ->  Seq Scan on part  (cost=0.00..70962.46 rows=1969 width=4) (actual time=0.181..533.356 rows=1996 loops=1)
                           Filter: ((p_brand = 'Brand#22'::bpchar) AND (p_container = 'LG BOX'::bpchar))
                           Rows Removed by Filter: 1998004
                     ->  Index Scan using idx_tmp_avg_quantity on tmp_avg_quantity part_agg  (cost=0.43..7.54 rows=1 width=17) (actual time=0.010..0.010 rows=1 loops=1996)
                           Index Cond: (agg_partkey = part.p_partkey)
               ->  Index Scan using idx_lineitem_part_supp on lineitem  (cost=0.44..75.73 rows=10 width=17) (actual time=0.020..0.048 rows=3 loops=1996)
                     Index Cond: (l_partkey = part_agg.agg_partkey)
                     Filter: (l_quantity < part_agg.avg_quantity)
                     Rows Removed by Filter: 27
 Settings: effective_io_concurrency = '64', jit = 'off', maintenance_io_concurrency = '64', max_parallel_workers_per_gather = '0', work_mem = '256MB'
 Planning Time: 1.135 ms
 Execution Time: 655.655 ms
(17 rows)

DROP TABLE
                                                                            QUERY PLAN                                                                            
------------------------------------------------------------------------------------------------------------------------------------------------------------------
 Limit  (cost=6422971.10..6422971.11 rows=1 width=32) (actual time=101568.416..101568.419 rows=1 loops=1)
   ->  Aggregate  (cost=6422971.10..6422971.11 rows=1 width=32) (actual time=101568.414..101568.416 rows=1 loops=1)
         ->  Nested Loop  (cost=5638103.41..6422922.97 rows=19248 width=8) (actual time=64851.374..101566.830 rows=5319 loops=1)
               Join Filter: (part.p_partkey = lineitem.l_partkey)
               ->  Hash Join  (cost=5638102.97..6277912.19 rows=1925 width=40) (actual time=64847.892..101462.653 rows=1996 loops=1)
                     Hash Cond: (lineitem_1.l_partkey = part.p_partkey)
                     ->  HashAggregate  (cost=5567115.89..6182234.12 rows=1955721 width=36) (actual time=64286.208..100511.823 rows=2000000 loops=1)
                           Group Key: lineitem_1.l_partkey
                           Planned Partitions: 4  Batches: 5  Memory Usage: 262193kB  Disk Usage: 1517688kB
                           ->  Seq Scan on lineitem lineitem_1  (cost=0.00..1724383.20 rows=59984120 width=9) (actual time=0.016..7393.736 rows=59986052 loops=1)
                     ->  Hash  (cost=70962.46..70962.46 rows=1969 width=4) (actual time=561.559..561.560 rows=1996 loops=1)
                           Buckets: 2048  Batches: 1  Memory Usage: 87kB
                           ->  Seq Scan on part  (cost=0.00..70962.46 rows=1969 width=4) (actual time=0.343..560.631 rows=1996 loops=1)
                                 Filter: ((p_brand = 'Brand#22'::bpchar) AND (p_container = 'LG BOX'::bpchar))
                                 Rows Removed by Filter: 1998004
               ->  Index Scan using idx_lineitem_part_supp on lineitem  (cost=0.44..75.21 rows=10 width=17) (actual time=0.022..0.051 rows=3 loops=1996)
                     Index Cond: (l_partkey = lineitem_1.l_partkey)
                     Filter: (l_quantity < ((0.2 * avg(lineitem_1.l_quantity))))
                     Rows Removed by Filter: 27
 Settings: effective_io_concurrency = '64', jit = 'off', maintenance_io_concurrency = '64', max_parallel_workers_per_gather = '0', work_mem = '256MB'
 Planning Time: 2.032 ms
 Execution Time: 101711.455 ms
(22 rows)

                                                                                                 QUERY PLAN                                                                                                  
-------------------------------------------------------------------------------------------------------------------------------------------------------------------------------------------------------------
 Limit  (cost=9938644.81..9938645.06 rows=100 width=71) (actual time=80339.489..80339.506 rows=99 loops=1)
   ->  Sort  (cost=9938644.81..9988619.58 rows=19989908 width=71) (actual time=80339.486..80339.496 rows=99 loops=1)
         Sort Key: orders.o_totalprice DESC, orders.o_orderdate
         Sort Method: quicksort  Memory: 32kB
         ->  HashAggregate  (cost=8573385.95..9174644.90 rows=19989908 width=71) (actual time=80334.194..80339.284 rows=99 loops=1)
               Group Key: customer.c_custkey, orders.o_orderkey
               Planned Partitions: 32  Batches: 1  Memory Usage: 24657kB
               ->  Hash Join  (cost=69820.68..6618123.07 rows=19989908 width=44) (actual time=2771.124..80332.917 rows=693 loops=1)
                     Hash Cond: (orders.o_custkey = customer.c_custkey)
                     ->  Merge Join  (cost=242.62..6496071.36 rows=19989908 width=25) (actual time=1723.302..79284.452 rows=693 loops=1)
                           Merge Cond: (orders.o_orderkey = lineitem.l_orderkey)
                           ->  Merge Join  (cost=1.00..3729667.62 rows=4998677 width=24) (actual time=1260.101..57333.141 rows=99 loops=1)
                                 Merge Cond: (orders.o_orderkey = lineitem_1.l_orderkey)
                                 ->  Index Scan using orders_pkey on orders  (cost=0.43..650433.90 rows=14999631 width=20) (actual time=0.040..4609.036 rows=14982724 loops=1)
                                 ->  GroupAggregate  (cost=0.56..2929264.42 rows=4998677 width=4) (actual time=1120.707..50924.659 rows=99 loops=1)
                                       Group Key: lineitem_1.l_orderkey
                                       Filter: (sum(lineitem_1.l_quantity) > '313'::numeric)
                                       Rows Removed by Filter: 14999901
                                       ->  Index Scan using idx_lineitem_orderkey on lineitem lineitem_1  (cost=0.56..2404403.37 rows=59984120 width=9) (actual time=0.081..20355.639 rows=59986052 loops=1)
                           ->  Index Scan using idx_lineitem_orderkey on lineitem  (cost=0.56..2404403.37 rows=59984120 width=9) (actual time=0.035..15043.981 rows=59916431 loops=1)
                     ->  Hash  (cost=50827.47..50827.47 rows=1500047 width=23) (actual time=1040.321..1040.322 rows=1500000 loops=1)
                           Buckets: 2097152  Batches: 1  Memory Usage: 98416kB
                           ->  Seq Scan on customer  (cost=0.00..50827.47 rows=1500047 width=23) (actual time=0.026..485.144 rows=1500000 loops=1)
 Settings: effective_io_concurrency = '64', jit = 'off', maintenance_io_concurrency = '64', max_parallel_workers_per_gather = '0', work_mem = '256MB'
 Planning Time: 3.141 ms
 Execution Time: 80354.519 ms
(26 rows)

                                                                                                                                                                                                                                                                                                                                                                                                                                                                                                            QUERY PLAN                                                                                                                                                                                                                                                                                                                                                                                                                                                                                                            
----------------------------------------------------------------------------------------------------------------------------------------------------------------------------------------------------------------------------------------------------------------------------------------------------------------------------------------------------------------------------------------------------------------------------------------------------------------------------------------------------------------------------------------------------------------------------------------------------------------------------------------------------------------------------------------------------------------------------------------------------------------------------------------------------------------------------------------------------------------------------------------------------------------------------------------------------------------------------------------------------------------------------------
 Limit  (cost=717473.84..717473.85 rows=1 width=32) (actual time=1422.264..1422.266 rows=1 loops=1)
   ->  Aggregate  (cost=717473.84..717473.85 rows=1 width=32) (actual time=1422.263..1422.264 rows=1 loops=1)
         ->  Nested Loop  (cost=0.44..717465.11 rows=1164 width=12) (actual time=6.120..1421.078 rows=1063 loops=1)
               ->  Seq Scan on part  (cost=0.00..125963.32 rows=4802 width=30) (actual time=0.586..956.494 rows=4781 loops=1)
                     Filter: ((p_size >= 1) AND (((p_brand = 'Brand#24'::bpchar) AND (p_container = ANY ('{"SM CASE","SM BOX","SM PACK","SM PKG"}'::bpchar[])) AND (p_size <= 5)) OR ((p_brand = 'Brand#43'::bpchar) AND (p_container = ANY ('{"MED BAG","MED BOX","MED PKG","MED PACK"}'::bpchar[])) AND (p_size <= 10)) OR ((p_brand = 'Brand#44'::bpchar) AND (p_container = ANY ('{"LG CASE","LG BOX","LG PACK","LG PKG"}'::bpchar[])) AND (p_size <= 15))))
                     Rows Removed by Filter: 1995219
               ->  Index Scan using idx_lineitem_part_supp on lineitem  (cost=0.44..123.17 rows=1 width=21) (actual time=0.087..0.096 rows=0 loops=4781)
                     Index Cond: (l_partkey = part.p_partkey)
                     Filter: ((l_shipmode = ANY ('{AIR,"AIR REG"}'::bpchar[])) AND (l_shipinstruct = 'DELIVER IN PERSON'::bpchar) AND (((l_quantity >= '10'::numeric) AND (l_quantity <= '20'::numeric)) OR ((l_quantity >= '10'::numeric) AND (l_quantity <= '20'::numeric)) OR ((l_quantity >= '20'::numeric) AND (l_quantity <= '30'::numeric))) AND (((part.p_brand = 'Brand#24'::bpchar) AND (part.p_container = ANY ('{"SM CASE","SM BOX","SM PACK","SM PKG"}'::bpchar[])) AND (l_quantity >= '10'::numeric) AND (l_quantity <= '20'::numeric) AND (part.p_size <= 5)) OR ((part.p_brand = 'Brand#43'::bpchar) AND (part.p_container = ANY ('{"MED BAG","MED BOX","MED PKG","MED PACK"}'::bpchar[])) AND (l_quantity >= '10'::numeric) AND (l_quantity <= '20'::numeric) AND (part.p_size <= 10)) OR ((part.p_brand = 'Brand#44'::bpchar) AND (part.p_container = ANY ('{"LG CASE","LG BOX","LG PACK","LG PKG"}'::bpchar[])) AND (l_quantity >= '20'::numeric) AND (l_quantity <= '30'::numeric) AND (part.p_size <= 15))))
                     Rows Removed by Filter: 30
 Settings: effective_io_concurrency = '64', jit = 'off', maintenance_io_concurrency = '64', max_parallel_workers_per_gather = '0', work_mem = '256MB'
 Planning Time: 2.246 ms
 Execution Time: 1422.388 ms
(13 rows)

                                                                      QUERY PLAN                                                                      
------------------------------------------------------------------------------------------------------------------------------------------------------
 Limit  (cost=3948876.29..3948876.30 rows=1 width=236) (actual time=160148.140..160148.141 rows=1 loops=1)
   ->  Sort  (cost=3948876.29..3948876.31 rows=6 width=236) (actual time=160148.138..160148.139 rows=1 loops=1)
         Sort Key: l_returnflag, l_linestatus
         Sort Method: top-N heapsort  Memory: 25kB
         ->  HashAggregate  (cost=3948876.10..3948876.26 rows=6 width=236) (actual time=160148.083..160148.101 rows=4 loops=1)
               Group Key: l_returnflag, l_linestatus
               Batches: 1  Memory Usage: 32kB
               ->  Seq Scan on lineitem  (cost=0.00..1874343.50 rows=59272360 width=25) (actual time=0.093..19336.171 rows=59284448 loops=1)
                     Filter: (l_shipdate <= '1998-09-10 00:00:00'::timestamp without time zone)
                     Rows Removed by Filter: 701604
 Settings: effective_io_concurrency = '64', jit = 'off', maintenance_io_concurrency = '64', max_parallel_workers_per_gather = '0', work_mem = '256MB'
 Planning Time: 1.191 ms
 Execution Time: 160148.263 ms
(13 rows)

                                                                        QUERY PLAN                                                                         
-----------------------------------------------------------------------------------------------------------------------------------------------------------
 HashAggregate  (cost=2080289.60..2239290.55 rows=4797625 width=40) (actual time=21251.787..34069.890 rows=5448842 loops=1)
   Group Key: l_partkey, l_suppkey
   Planned Partitions: 8  Batches: 41  Memory Usage: 262225kB  Disk Usage: 318560kB
   ->  Bitmap Heap Scan on lineitem  (cost=228818.15..1487048.33 rows=8912545 width=13) (actual time=3167.009..11684.432 rows=9123688 loops=1)
         Recheck Cond: ((l_shipdate >= '1996-01-01'::date) AND (l_shipdate < '1997-01-01'::date))
         Heap Blocks: exact=1048319
         ->  Bitmap Index Scan on idx_lineitem_shipdate  (cost=0.00..226590.02 rows=8912545 width=0) (actual time=2530.618..2530.618 rows=9123688 loops=1)
               Index Cond: ((l_shipdate >= '1996-01-01'::date) AND (l_shipdate < '1997-01-01'::date))
 Settings: effective_io_concurrency = '64', jit = 'off', maintenance_io_concurrency = '64', max_parallel_workers_per_gather = '0', work_mem = '256MB'
 Planning Time: 1.171 ms
 Execution Time: 34303.929 ms
(11 rows)

SELECT 5448842
CREATE INDEX
ANALYZE
                                                                                   QUERY PLAN                                                                                   
--------------------------------------------------------------------------------------------------------------------------------------------------------------------------------
 Limit  (cost=59522.39..59522.40 rows=1 width=51) (actual time=2169.105..2169.109 rows=1 loops=1)
   ->  Sort  (cost=59522.39..59522.40 rows=1 width=51) (actual time=2169.103..2169.106 rows=1 loops=1)
         Sort Key: supplier.s_name
         Sort Method: top-N heapsort  Memory: 25kB
         ->  Nested Loop Semi Join  (cost=48.59..59522.38 rows=1 width=51) (actual time=1.730..2167.027 rows=1821 loops=1)
               ->  Nested Loop  (cost=47.29..2404.57 rows=4000 width=55) (actual time=1.417..16.353 rows=4095 loops=1)
                     ->  Seq Scan on nation  (cost=0.00..1.31 rows=1 width=4) (actual time=0.017..0.025 rows=1 loops=1)
                           Filter: (n_name = 'IRAQ'::bpchar)
                           Rows Removed by Filter: 24
                     ->  Bitmap Heap Scan on supplier  (cost=47.29..2363.25 rows=4000 width=59) (actual time=1.395..14.698 rows=4095 loops=1)
                           Recheck Cond: (s_nationkey = nation.n_nationkey)
                           Heap Blocks: exact=1867
                           ->  Bitmap Index Scan on idx_supplier_nation_key  (cost=0.00..46.29 rows=4000 width=0) (actual time=0.859..0.859 rows=4095 loops=1)
                                 Index Cond: (s_nationkey = nation.n_nationkey)
               ->  Nested Loop  (cost=1.30..14.27 rows=1 width=8) (actual time=0.525..0.525 rows=0 loops=4095)
                     Join Filter: (supplier.s_suppkey = agg_lineitem.agg_suppkey)
                     ->  Nested Loop  (cost=0.87..13.78 rows=1 width=16) (actual time=0.452..0.516 rows=1 loops=4095)
                           ->  Index Scan using idx_partsupp_suppkey on partsupp  (cost=0.43..9.11 rows=82 width=12) (actual time=0.010..0.170 rows=61 loops=4095)
                                 Index Cond: (ps_suppkey = supplier.s_suppkey)
                           ->  Memoize  (cost=0.44..0.48 rows=1 width=4) (actual time=0.005..0.005 rows=0 loops=248000)
                                 Cache Key: partsupp.ps_partkey
                                 Hits: 11702  Misses: 236298  Evictions: 0  Overflows: 0  Memory Usage: 15783kB
                                 ->  Index Scan using part_pkey on part  (cost=0.43..0.47 rows=1 width=4) (actual time=0.005..0.005 rows=0 loops=236298)
                                       Index Cond: (p_partkey = partsupp.ps_partkey)
                                       Filter: ((p_name)::text ~~ 'olive%'::text)
                                       Rows Removed by Filter: 1
                     ->  Index Scan using idx_tmp_agg_lineitem on tmp_agg_lineitem agg_lineitem  (cost=0.43..0.48 rows=1 width=13) (actual time=0.011..0.011 rows=1 loops=2732)
                           Index Cond: ((agg_partkey = partsupp.ps_partkey) AND (agg_suppkey = partsupp.ps_suppkey))
                           Filter: ((partsupp.ps_availqty)::numeric > agg_quantity)
                           Rows Removed by Filter: 0
 Settings: effective_io_concurrency = '64', jit = 'off', maintenance_io_concurrency = '64', max_parallel_workers_per_gather = '0', work_mem = '256MB'
 Planning Time: 2.663 ms
 Execution Time: 2171.068 ms
(33 rows)

DROP TABLE
                                                                                          QUERY PLAN                                                                                           
-----------------------------------------------------------------------------------------------------------------------------------------------------------------------------------------------
 Limit  (cost=2401309.98..2401309.99 rows=1 width=51) (actual time=67927.984..67927.990 rows=1 loops=1)
   ->  Sort  (cost=2401309.98..2401309.99 rows=1 width=51) (actual time=67927.982..67927.988 rows=1 loops=1)
         Sort Key: supplier.s_name
         Sort Method: top-N heapsort  Memory: 25kB
         ->  Nested Loop Semi Join  (cost=2146504.95..2401309.97 rows=1 width=51) (actual time=25448.114..67925.716 rows=1821 loops=1)
               Join Filter: (supplier.s_suppkey = lineitem.l_suppkey)
               Rows Removed by Join Filter: 182645835
               ->  Nested Loop  (cost=0.00..4467.31 rows=4000 width=55) (actual time=0.044..35.976 rows=4095 loops=1)
                     Join Filter: (supplier.s_nationkey = nation.n_nationkey)
                     Rows Removed by Join Filter: 95905
                     ->  Seq Scan on nation  (cost=0.00..1.31 rows=1 width=4) (actual time=0.029..0.036 rows=1 loops=1)
                           Filter: (n_name = 'IRAQ'::bpchar)
                           Rows Removed by Filter: 24
                     ->  Seq Scan on supplier  (cost=0.00..3216.00 rows=100000 width=59) (actual time=0.007..20.081 rows=100000 loops=1)
               ->  Materialize  (cost=2146504.95..2396662.67 rows=3 width=8) (actual time=5.265..11.572 rows=44603 loops=4095)
                     ->  Nested Loop  (cost=2146504.95..2396662.65 rows=3 width=8) (actual time=21559.503..36537.766 rows=59002 loops=1)
                           ->  Hash Join  (cost=2146504.52..2366075.50 rows=48460 width=44) (actual time=21559.462..36036.319 rows=59125 loops=1)
                                 Hash Cond: (lineitem.l_partkey = part.p_partkey)
                                 ->  HashAggregate  (cost=2080289.60..2239290.55 rows=4797625 width=40) (actual time=21045.207..34391.232 rows=5448842 loops=1)
                                       Group Key: lineitem.l_partkey, lineitem.l_suppkey
                                       Planned Partitions: 8  Batches: 41  Memory Usage: 262225kB  Disk Usage: 318560kB
                                       ->  Bitmap Heap Scan on lineitem  (cost=228818.15..1487048.33 rows=8912545 width=13) (actual time=3017.854..11496.221 rows=9123688 loops=1)
                                             Recheck Cond: ((l_shipdate >= '1996-01-01'::date) AND (l_shipdate < '1997-01-01'::date))
                                             Heap Blocks: exact=1048319
                                             ->  Bitmap Index Scan on idx_lineitem_shipdate  (cost=0.00..226590.02 rows=8912545 width=0) (actual time=2393.131..2393.131 rows=9123688 loops=1)
                                                   Index Cond: ((l_shipdate >= '1996-01-01'::date) AND (l_shipdate < '1997-01-01'::date))
                                 ->  Hash  (cost=65962.39..65962.39 rows=20202 width=4) (actual time=514.051..514.052 rows=21718 loops=1)
                                       Buckets: 32768  Batches: 1  Memory Usage: 1020kB
                                       ->  Seq Scan on part  (cost=0.00..65962.39 rows=20202 width=4) (actual time=0.053..505.013 rows=21718 loops=1)
                                             Filter: ((p_name)::text ~~ 'olive%'::text)
                                             Rows Removed by Filter: 1978282
                           ->  Index Scan using partsupp_pkey on partsupp  (cost=0.43..0.62 rows=1 width=12) (actual time=0.008..0.008 rows=1 loops=59125)
                                 Index Cond: ((ps_partkey = lineitem.l_partkey) AND (ps_suppkey = lineitem.l_suppkey))
                                 Filter: ((ps_availqty)::numeric > ((0.5 * sum(lineitem.l_quantity))))
                                 Rows Removed by Filter: 0
 Settings: effective_io_concurrency = '64', jit = 'off', maintenance_io_concurrency = '64', max_parallel_workers_per_gather = '0', work_mem = '256MB'
 Planning Time: 3.730 ms
 Execution Time: 67974.768 ms
(38 rows)

                                                                                            QUERY PLAN                                                                                             
---------------------------------------------------------------------------------------------------------------------------------------------------------------------------------------------------
 Limit  (cost=4271771.29..4271771.30 rows=1 width=34) (actual time=67326.723..67326.741 rows=100 loops=1)
   ->  Sort  (cost=4271771.29..4271771.30 rows=1 width=34) (actual time=67326.721..67326.732 rows=100 loops=1)
         Sort Key: (count(*)) DESC, supplier.s_name
         Sort Method: top-N heapsort  Memory: 38kB
         ->  GroupAggregate  (cost=4271771.26..4271771.28 rows=1 width=34) (actual time=67311.113..67324.928 rows=3991 loops=1)
               Group Key: supplier.s_name
               ->  Sort  (cost=4271771.26..4271771.27 rows=1 width=26) (actual time=67311.098..67315.965 rows=39281 loops=1)
                     Sort Key: supplier.s_name
                     Sort Method: quicksort  Memory: 3378kB
                     ->  Nested Loop Semi Join  (cost=2204837.90..4271771.25 rows=1 width=26) (actual time=33336.316..67137.323 rows=39281 loops=1)
                           Join Filter: (l2.l_suppkey <> l1.l_suppkey)
                           Rows Removed by Join Filter: 42023
                           ->  Nested Loop  (cost=2204837.34..4271763.72 rows=1 width=38) (actual time=33336.295..66686.952 rows=65960 loops=1)
                                 ->  Hash Anti Join  (cost=2204836.90..4271756.40 rows=1 width=34) (actual time=33330.316..65877.985 rows=134155 loops=1)
                                       Hash Cond: (l1.l_orderkey = l3.l_orderkey)
                                       Join Filter: (l3.l_suppkey <> l1.l_suppkey)
                                       Rows Removed by Join Filter: 547662
                                       ->  Hash Join  (cost=2454.57..1959776.10 rows=799788 width=34) (actual time=11.219..25728.595 rows=1514267 loops=1)
                                             Hash Cond: (l1.l_suppkey = supplier.s_suppkey)
                                             ->  Seq Scan on lineitem l1  (cost=0.00..1874343.50 rows=19994707 width=8) (actual time=0.088..18776.470 rows=37929348 loops=1)
                                                   Filter: (l_receiptdate > l_commitdate)
                                                   Rows Removed by Filter: 22056704
                                             ->  Hash  (cost=2404.57..2404.57 rows=4000 width=30) (actual time=11.044..11.046 rows=3991 loops=1)
                                                   Buckets: 4096  Batches: 1  Memory Usage: 282kB
                                                   ->  Nested Loop  (cost=47.29..2404.57 rows=4000 width=30) (actual time=1.831..9.518 rows=3991 loops=1)
                                                         ->  Seq Scan on nation  (cost=0.00..1.31 rows=1 width=4) (actual time=0.020..0.025 rows=1 loops=1)
                                                               Filter: (n_name = 'PERU'::bpchar)
                                                               Rows Removed by Filter: 24
                                                         ->  Bitmap Heap Scan on supplier  (cost=47.29..2363.25 rows=4000 width=34) (actual time=1.807..8.776 rows=3991 loops=1)
                                                               Recheck Cond: (s_nationkey = nation.n_nationkey)
                                                               Heap Blocks: exact=1873
                                                               ->  Bitmap Index Scan on idx_supplier_nation_key  (cost=0.00..46.29 rows=4000 width=0) (actual time=1.205..1.205 rows=3991 loops=1)
                                                                     Index Cond: (s_nationkey = nation.n_nationkey)
                                       ->  Hash  (cost=1874343.50..1874343.50 rows=19994707 width=8) (actual time=33286.469..33286.469 rows=37929348 loops=1)
                                             Buckets: 8388608  Batches: 8  Memory Usage: 250561kB
                                             ->  Seq Scan on lineitem l3  (cost=0.00..1874343.50 rows=19994707 width=8) (actual time=0.016..21575.566 rows=37929348 loops=1)
                                                   Filter: (l_receiptdate > l_commitdate)
                                                   Rows Removed by Filter: 22056704
                                 ->  Index Scan using orders_pkey on orders  (cost=0.43..7.32 rows=1 width=4) (actual time=0.006..0.006 rows=0 loops=134155)
                                       Index Cond: (o_orderkey = l1.l_orderkey)
                                       Filter: (o_orderstatus = 'F'::bpchar)
                                       Rows Removed by Filter: 1
                           ->  Index Scan using idx_lineitem_orderkey on lineitem l2  (cost=0.56..7.52 rows=4 width=8) (actual time=0.006..0.006 rows=1 loops=65960)
                                 Index Cond: (l_orderkey = orders.o_orderkey)
 Settings: effective_io_concurrency = '64', jit = 'off', maintenance_io_concurrency = '64', max_parallel_workers_per_gather = '0', work_mem = '256MB'
 Planning Time: 4.607 ms
 Execution Time: 67331.659 ms
(47 rows)

                                                                          QUERY PLAN                                                                          
--------------------------------------------------------------------------------------------------------------------------------------------------------------
 Limit  (cost=163232.48..163232.51 rows=1 width=72) (actual time=3502.495..3502.498 rows=1 loops=1)
   InitPlan 1 (returns $0)
     ->  Aggregate  (cost=75322.62..75322.63 rows=1 width=32) (actual time=1604.378..1604.379 rows=1 loops=1)
           ->  Seq Scan on customer customer_1  (cost=0.00..75203.23 rows=47752 width=6) (actual time=0.012..1530.751 rows=382426 loops=1)
                 Filter: ((c_acctbal > 0.00) AND (SUBSTRING(c_phone FROM 1 FOR 2) = ANY ('{21,29,26,34,14,15,17}'::text[])))
                 Rows Removed by Filter: 1117574
   ->  GroupAggregate  (cost=87909.86..88112.34 rows=7363 width=72) (actual time=3502.494..3502.495 rows=1 loops=1)
         Group Key: (SUBSTRING(customer.c_phone FROM 1 FOR 2))
         ->  Sort  (cost=87909.86..87928.27 rows=7363 width=38) (actual time=3498.866..3499.436 rows=9006 loops=1)
               Sort Key: (SUBSTRING(customer.c_phone FROM 1 FOR 2))
               Sort Method: quicksort  Memory: 4513kB
               ->  Nested Loop Anti Join  (cost=0.43..87436.93 rows=7363 width=38) (actual time=1604.460..3473.817 rows=63509 loops=1)
                     ->  Seq Scan on customer  (cost=0.00..75203.23 rows=17501 width=26) (actual time=1604.430..2776.774 rows=191129 loops=1)
                           Filter: ((c_acctbal > $0) AND (SUBSTRING(c_phone FROM 1 FOR 2) = ANY ('{21,29,26,34,14,15,17}'::text[])))
                           Rows Removed by Filter: 1308871
                     ->  Index Only Scan using idx_orders_custkey on orders  (cost=0.43..3.28 rows=17 width=4) (actual time=0.003..0.003 rows=1 loops=191129)
                           Index Cond: (o_custkey = customer.c_custkey)
                           Heap Fetches: 0
 Settings: effective_io_concurrency = '64', jit = 'off', maintenance_io_concurrency = '64', max_parallel_workers_per_gather = '0', work_mem = '256MB'
 Planning Time: 1.759 ms
 Execution Time: 3502.833 ms
(21 rows)

                                                                       QUERY PLAN                                                                        
---------------------------------------------------------------------------------------------------------------------------------------------------------
 HashAggregate  (cost=208786.95..213300.64 rows=451369 width=36) (actual time=3423.560..3936.406 rows=1182884 loops=1)
   Group Key: partsupp.ps_partkey
   Batches: 1  Memory Usage: 180241kB
   ->  Nested Loop  (cost=42.10..200787.32 rows=1599926 width=10) (actual time=1.853..2246.026 rows=1604080 loops=1)
         ->  Nested Loop  (cost=41.67..2184.07 rows=20000 width=4) (actual time=1.830..36.385 rows=20051 loops=1)
               ->  Nested Loop  (cost=0.14..13.95 rows=5 width=4) (actual time=0.060..0.095 rows=5 loops=1)
                     Join Filter: (nation.n_regionkey = region.r_regionkey)
                     Rows Removed by Join Filter: 20
                     ->  Index Scan using nation_pkey on nation  (cost=0.14..12.51 rows=25 width=8) (actual time=0.024..0.037 rows=25 loops=1)
                     ->  Materialize  (cost=0.00..1.07 rows=1 width=4) (actual time=0.001..0.001 rows=1 loops=25)
                           ->  Seq Scan on region  (cost=0.00..1.06 rows=1 width=4) (actual time=0.021..0.023 rows=1 loops=1)
                                 Filter: (r_name = 'AMERICA'::bpchar)
                                 Rows Removed by Filter: 4
               ->  Bitmap Heap Scan on supplier  (cost=41.53..394.02 rows=4000 width=8) (actual time=1.477..6.352 rows=4010 loops=5)
                     Recheck Cond: (s_nationkey = nation.n_nationkey)
                     Heap Blocks: exact=9388
                     ->  Bitmap Index Scan on idx_supplier_nation_key  (cost=0.00..40.53 rows=4000 width=0) (actual time=0.934..0.934 rows=4010 loops=5)
                           Index Cond: (s_nationkey = nation.n_nationkey)
         ->  Index Scan using idx_partsupp_suppkey on partsupp  (cost=0.43..9.11 rows=82 width=14) (actual time=0.006..0.094 rows=80 loops=20051)
               Index Cond: (ps_suppkey = supplier.s_suppkey)
 Settings: effective_io_concurrency = '64', jit = 'off', maintenance_io_concurrency = '64', max_parallel_workers_per_gather = '0', work_mem = '256MB'
 Planning Time: 1.883 ms
 Execution Time: 3988.048 ms
(23 rows)

SELECT 1182884
CREATE INDEX
ANALYZE
                                                                             QUERY PLAN                                                                             
--------------------------------------------------------------------------------------------------------------------------------------------------------------------
 Limit  (cost=501762.68..501762.68 rows=1 width=192) (actual time=4473.772..4473.791 rows=100 loops=1)
   ->  Sort  (cost=501762.68..501762.68 rows=1 width=192) (actual time=4473.770..4473.782 rows=100 loops=1)
         Sort Key: supplier.s_acctbal DESC, nation.n_name, supplier.s_name, part.p_partkey
         Sort Method: top-N heapsort  Memory: 70kB
         ->  Hash Join  (cost=266438.76..501762.67 rows=1 width=192) (actual time=3460.215..4469.575 rows=4737 loops=1)
               Hash Cond: ((part.p_partkey = partsupp.ps_partkey) AND ((SubPlan 1) = partsupp.ps_supplycost))
               ->  Seq Scan on part  (cost=0.00..70962.46 rows=7406 width=30) (actual time=0.019..708.367 rows=8046 loops=1)
                     Filter: (((p_type)::text ~~ '%NICKEL'::text) AND (p_size = 16))
                     Rows Removed by Filter: 1991954
               ->  Hash  (cost=203378.87..203378.87 rows=1599926 width=172) (actual time=3457.529..3457.533 rows=1604080 loops=1)
                     Buckets: 2097152  Batches: 2  Memory Usage: 180174kB
                     ->  Nested Loop  (cost=2.00..203378.87 rows=1599926 width=172) (actual time=0.062..2078.637 rows=1604080 loops=1)
                           ->  Nested Loop  (cost=1.56..4775.62 rows=20000 width=166) (actual time=0.046..92.659 rows=20051 loops=1)
                                 Join Filter: (nation.n_regionkey = region.r_regionkey)
                                 Rows Removed by Join Filter: 79949
                                 ->  Seq Scan on region  (cost=0.00..1.06 rows=1 width=4) (actual time=0.007..0.010 rows=1 loops=1)
                                       Filter: (r_name = 'AMERICA'::bpchar)
                                       Rows Removed by Filter: 4
                                 ->  Hash Join  (cost=1.56..3524.56 rows=100000 width=170) (actual time=0.036..79.766 rows=100000 loops=1)
                                       Hash Cond: (supplier.s_nationkey = nation.n_nationkey)
                                       ->  Seq Scan on supplier  (cost=0.00..3216.00 rows=100000 width=144) (actual time=0.003..13.084 rows=100000 loops=1)
                                       ->  Hash  (cost=1.25..1.25 rows=25 width=34) (actual time=0.022..0.023 rows=25 loops=1)
                                             Buckets: 1024  Batches: 1  Memory Usage: 10kB
                                             ->  Seq Scan on nation  (cost=0.00..1.25 rows=25 width=34) (actual time=0.004..0.011 rows=25 loops=1)
                           ->  Index Scan using idx_partsupp_suppkey on partsupp  (cost=0.43..9.11 rows=82 width=14) (actual time=0.005..0.080 rows=80 loops=20051)
                                 Index Cond: (ps_suppkey = supplier.s_suppkey)
               SubPlan 1
                 ->  Index Scan using tmp_supplycost_idx on tmp_supplycost  (cost=0.43..8.45 rows=1 width=6) (actual time=0.006..0.006 rows=1 loops=12783)
                       Index Cond: (ps_partkey = part.p_partkey)
 Settings: effective_io_concurrency = '64', jit = 'off', maintenance_io_concurrency = '64', max_parallel_workers_per_gather = '0', work_mem = '256MB'
 Planning Time: 2.010 ms
 Execution Time: 4476.459 ms
(32 rows)

DROP TABLE
                                                                                        QUERY PLAN                                                                                         
-------------------------------------------------------------------------------------------------------------------------------------------------------------------------------------------
 Limit  (cost=1582095.20..1582095.20 rows=1 width=192) (actual time=6453.558..6453.577 rows=100 loops=1)
   ->  Sort  (cost=1582095.20..1582095.20 rows=1 width=192) (actual time=6453.557..6453.569 rows=100 loops=1)
         Sort Key: supplier.s_acctbal DESC, nation.n_name, supplier.s_name, part.p_partkey
         Sort Method: top-N heapsort  Memory: 71kB
         ->  Merge Join  (cost=504961.76..1582095.19 rows=1 width=192) (actual time=4075.251..6448.636 rows=4737 loops=1)
               Merge Cond: (part.p_partkey = partsupp.ps_partkey)
               Join Filter: (partsupp.ps_supplycost = (SubPlan 1))
               Rows Removed by Join Filter: 1661
               ->  Index Scan using part_pkey on part  (cost=0.43..102914.05 rows=7406 width=30) (actual time=0.046..975.552 rows=8046 loops=1)
                     Filter: (((p_type)::text ~~ '%NICKEL'::text) AND (p_size = 16))
                     Rows Removed by Filter: 1991954
               ->  Materialize  (cost=504961.34..512960.97 rows=1599926 width=172) (actual time=4075.051..4846.386 rows=1603828 loops=1)
                     ->  Sort  (cost=504961.34..508961.15 rows=1599926 width=172) (actual time=4075.043..4493.646 rows=1603828 loops=1)
                           Sort Key: partsupp.ps_partkey
                           Sort Method: external merge  Disk: 293448kB
                           ->  Nested Loop  (cost=2.00..203378.87 rows=1599926 width=172) (actual time=0.126..2065.056 rows=1604080 loops=1)
                                 ->  Nested Loop  (cost=1.56..4775.62 rows=20000 width=166) (actual time=0.086..90.809 rows=20051 loops=1)
                                       Join Filter: (nation.n_regionkey = region.r_regionkey)
                                       Rows Removed by Join Filter: 79949
                                       ->  Seq Scan on region  (cost=0.00..1.06 rows=1 width=4) (actual time=0.016..0.019 rows=1 loops=1)
                                             Filter: (r_name = 'AMERICA'::bpchar)
                                             Rows Removed by Filter: 4
                                       ->  Hash Join  (cost=1.56..3524.56 rows=100000 width=170) (actual time=0.068..78.301 rows=100000 loops=1)
                                             Hash Cond: (supplier.s_nationkey = nation.n_nationkey)
                                             ->  Seq Scan on supplier  (cost=0.00..3216.00 rows=100000 width=144) (actual time=0.009..12.956 rows=100000 loops=1)
                                             ->  Hash  (cost=1.25..1.25 rows=25 width=34) (actual time=0.040..0.041 rows=25 loops=1)
                                                   Buckets: 1024  Batches: 1  Memory Usage: 10kB
                                                   ->  Seq Scan on nation  (cost=0.00..1.25 rows=25 width=34) (actual time=0.018..0.026 rows=25 loops=1)
                                 ->  Index Scan using idx_partsupp_suppkey on partsupp  (cost=0.43..9.11 rows=82 width=14) (actual time=0.005..0.080 rows=80 loops=20051)
                                       Index Cond: (ps_suppkey = supplier.s_suppkey)
               SubPlan 1
                 ->  Aggregate  (cost=162.40..162.41 rows=1 width=32) (actual time=0.038..0.038 rows=1 loops=6398)
                       ->  Nested Loop  (cost=0.86..162.39 rows=4 width=6) (actual time=0.022..0.036 rows=2 loops=6398)
                             Join Filter: (nation_1.n_regionkey = region_1.r_regionkey)
                             Rows Removed by Join Filter: 2
                             ->  Seq Scan on region region_1  (cost=0.00..1.06 rows=1 width=4) (actual time=0.001..0.002 rows=1 loops=6398)
                                   Filter: (r_name = 'AMERICA'::bpchar)
                                   Rows Removed by Filter: 4
                             ->  Nested Loop  (cost=0.86..161.10 rows=18 width=10) (actual time=0.013..0.033 rows=4 loops=6398)
                                   ->  Nested Loop  (cost=0.72..158.33 rows=18 width=10) (actual time=0.010..0.024 rows=4 loops=6398)
                                         ->  Index Scan using idx_partsupp_partkey on partsupp partsupp_1  (cost=0.43..8.75 rows=18 width=10) (actual time=0.005..0.007 rows=4 loops=6398)
                                               Index Cond: (ps_partkey = part.p_partkey)
                                         ->  Index Scan using supplier_pkey on supplier supplier_1  (cost=0.29..8.31 rows=1 width=8) (actual time=0.003..0.003 rows=1 loops=25592)
                                               Index Cond: (s_suppkey = partsupp_1.ps_suppkey)
                                   ->  Index Scan using nation_pkey on nation nation_1  (cost=0.14..0.16 rows=1 width=8) (actual time=0.002..0.002 rows=1 loops=25592)
                                         Index Cond: (n_nationkey = supplier_1.s_nationkey)
 Settings: effective_io_concurrency = '64', jit = 'off', maintenance_io_concurrency = '64', max_parallel_workers_per_gather = '0', work_mem = '256MB'
 Planning Time: 4.277 ms
 Execution Time: 6491.202 ms
(49 rows)

                                                                                     QUERY PLAN                                                                                      
-------------------------------------------------------------------------------------------------------------------------------------------------------------------------------------
 Limit  (cost=2957216.03..2957216.05 rows=10 width=44) (actual time=30872.772..30872.779 rows=10 loops=1)
   ->  Sort  (cost=2957216.03..2965079.27 rows=3145298 width=44) (actual time=30872.770..30872.776 rows=10 loops=1)
         Sort Key: (sum((lineitem.l_extendedprice * ('1'::numeric - lineitem.l_discount)))) DESC, orders.o_orderdate
         Sort Method: top-N heapsort  Memory: 26kB
         ->  HashAggregate  (cost=2813072.08..2889247.27 rows=3145298 width=44) (actual time=30729.703..30830.871 rows=113934 loops=1)
               Group Key: lineitem.l_orderkey, orders.o_orderdate, orders.o_shippriority
               Planned Partitions: 4  Batches: 1  Memory Usage: 73745kB
               ->  Hash Join  (cost=528285.98..2555550.81 rows=3145298 width=24) (actual time=6741.498..30256.999 rows=301530 loops=1)
                     Hash Cond: (lineitem.l_orderkey = orders.o_orderkey)
                     ->  Seq Scan on lineitem  (cost=0.00..1874343.50 rows=32391560 width=16) (actual time=0.064..17455.270 rows=32534229 loops=1)
                           Filter: (l_shipdate > '1995-03-07'::date)
                           Rows Removed by Filter: 27451823
                     ->  Hash  (cost=510079.73..510079.73 rows=1456500 width=12) (actual time=6733.050..6733.053 rows=1451805 loops=1)
                           Buckets: 2097152  Batches: 1  Memory Usage: 78767kB
                           ->  Hash Join  (cost=139403.87..510079.73 rows=1456500 width=12) (actual time=1617.126..6151.783 rows=1451805 loops=1)
                                 Hash Cond: (orders.o_custkey = customer.c_custkey)
                                 ->  Bitmap Heap Scan on orders  (cost=81063.05..432688.93 rows=7257111 width=16) (actual time=986.684..3065.001 rows=7239437 loops=1)
                                       Recheck Cond: (o_orderdate < '1995-03-07'::date)
                                       Heap Blocks: exact=260912
                                       ->  Bitmap Index Scan on idx_orders_orderdate  (cost=0.00..79248.77 rows=7257111 width=0) (actual time=857.572..857.573 rows=7239437 loops=1)
                                             Index Cond: (o_orderdate < '1995-03-07'::date)
                                 ->  Hash  (cost=54577.59..54577.59 rows=301059 width=4) (actual time=628.355..628.356 rows=300276 loops=1)
                                       Buckets: 524288  Batches: 1  Memory Usage: 14653kB
                                       ->  Seq Scan on customer  (cost=0.00..54577.59 rows=301059 width=4) (actual time=0.026..528.723 rows=300276 loops=1)
                                             Filter: (c_mktsegment = 'BUILDING'::bpchar)
                                             Rows Removed by Filter: 1199724
 Settings: effective_io_concurrency = '64', jit = 'off', maintenance_io_concurrency = '64', max_parallel_workers_per_gather = '0', work_mem = '256MB'
 Planning Time: 2.318 ms
 Execution Time: 30888.165 ms
(29 rows)

                                                                              QUERY PLAN                                                                              
----------------------------------------------------------------------------------------------------------------------------------------------------------------------
 Limit  (cost=2586382.31..2586382.31 rows=1 width=24) (actual time=37911.676..37911.679 rows=1 loops=1)
   ->  Sort  (cost=2586382.31..2586382.32 rows=5 width=24) (actual time=37911.674..37911.676 rows=1 loops=1)
         Sort Key: orders.o_orderpriority
         Sort Method: top-N heapsort  Memory: 25kB
         ->  HashAggregate  (cost=2586382.24..2586382.29 rows=5 width=24) (actual time=37911.635..37911.639 rows=5 loops=1)
               Group Key: orders.o_orderpriority
               Batches: 1  Memory Usage: 24kB
               ->  Hash Semi Join  (cost=2210153.48..2583540.62 rows=568323 width=16) (actual time=31561.835..37664.919 rows=513822 loops=1)
                     Hash Cond: (orders.o_orderkey = lineitem.l_orderkey)
                     ->  Bitmap Heap Scan on orders  (cost=7771.14..277210.02 rows=568459 width=20) (actual time=265.858..889.047 rows=560424 loops=1)
                           Recheck Cond: ((o_orderdate >= '1993-12-01'::date) AND (o_orderdate < '1994-03-01'::date))
                           Heap Blocks: exact=231732
                           ->  Bitmap Index Scan on idx_orders_orderdate  (cost=0.00..7629.03 rows=568459 width=0) (actual time=150.895..150.895 rows=560424 loops=1)
                                 Index Cond: ((o_orderdate >= '1993-12-01'::date) AND (o_orderdate < '1994-03-01'::date))
                     ->  Hash  (cost=1874343.50..1874343.50 rows=19994707 width=4) (actual time=31265.492..31265.493 rows=37929348 loops=1)
                           Buckets: 8388608  Batches: 8  Memory Usage: 232058kB
                           ->  Seq Scan on lineitem  (cost=0.00..1874343.50 rows=19994707 width=4) (actual time=0.065..20526.992 rows=37929348 loops=1)
                                 Filter: (l_commitdate < l_receiptdate)
                                 Rows Removed by Filter: 22056704
 Settings: effective_io_concurrency = '64', jit = 'off', maintenance_io_concurrency = '64', max_parallel_workers_per_gather = '0', work_mem = '256MB'
 Planning Time: 1.766 ms
 Execution Time: 37916.468 ms
(22 rows)

                                                                                           QUERY PLAN                                                                                            
-------------------------------------------------------------------------------------------------------------------------------------------------------------------------------------------------
 Limit  (cost=2371102.80..2371102.80 rows=1 width=58) (actual time=29853.086..29853.094 rows=1 loops=1)
   ->  Sort  (cost=2371102.80..2371102.86 rows=25 width=58) (actual time=29853.084..29853.091 rows=1 loops=1)
         Sort Key: (sum((lineitem.l_extendedprice * ('1'::numeric - lineitem.l_discount)))) DESC
         Sort Method: top-N heapsort  Memory: 25kB
         ->  GroupAggregate  (cost=2370203.21..2371102.67 rows=25 width=58) (actual time=29801.162..29853.039 rows=5 loops=1)
               Group Key: nation.n_name
               ->  Sort  (cost=2370203.21..2370383.04 rows=71932 width=38) (actual time=29788.479..29793.213 rows=72033 loops=1)
                     Sort Key: nation.n_name
                     Sort Method: quicksort  Memory: 8700kB
                     ->  Hash Join  (cost=421411.08..2364400.33 rows=71932 width=38) (actual time=3314.779..29732.780 rows=72033 loops=1)
                           Hash Cond: ((lineitem.l_suppkey = supplier.s_suppkey) AND (customer.c_nationkey = supplier.s_nationkey))
                           ->  Hash Join  (cost=416695.08..2350242.39 rows=1798462 width=50) (actual time=3240.101..28999.158 rows=1815327 loops=1)
                                 Hash Cond: (orders.o_custkey = customer.c_custkey)
                                 ->  Hash Join  (cost=353489.73..2235331.29 rows=8992309 width=20) (actual time=2483.846..25924.139 rows=9108027 loops=1)
                                       Hash Cond: (lineitem.l_orderkey = orders.o_orderkey)
                                       ->  Seq Scan on lineitem  (cost=0.00..1724383.20 rows=59984120 width=20) (actual time=0.043..7788.060 rows=59986052 loops=1)
                                       ->  Hash  (cost=325382.01..325382.01 rows=2248617 width=8) (actual time=2468.689..2468.690 rows=2276638 loops=1)
                                             Buckets: 4194304  Batches: 1  Memory Usage: 121700kB
                                             ->  Bitmap Heap Scan on orders  (cost=30740.76..325382.01 rows=2248617 width=8) (actual time=441.037..1645.670 rows=2276638 loops=1)
                                                   Recheck Cond: ((o_orderdate >= '1993-01-01'::date) AND (o_orderdate < '1994-01-01'::date))
                                                   Heap Blocks: exact=260897
                                                   ->  Bitmap Index Scan on idx_orders_orderdate  (cost=0.00..30178.61 rows=2248617 width=0) (actual time=313.709..313.709 rows=2276638 loops=1)
                                                         Index Cond: ((o_orderdate >= '1993-01-01'::date) AND (o_orderdate < '1994-01-01'::date))
                                 ->  Hash  (cost=59455.25..59455.25 rows=300009 width=38) (actual time=753.914..753.917 rows=299436 loops=1)
                                       Buckets: 524288  Batches: 1  Memory Usage: 25151kB
                                       ->  Hash Join  (cost=2.51..59455.25 rows=300009 width=38) (actual time=0.103..626.311 rows=299436 loops=1)
                                             Hash Cond: (customer.c_nationkey = nation.n_nationkey)
                                             ->  Seq Scan on customer  (cost=0.00..50827.47 rows=1500047 width=8) (actual time=0.014..182.817 rows=1500000 loops=1)
                                             ->  Hash  (cost=2.45..2.45 rows=5 width=30) (actual time=0.068..0.070 rows=5 loops=1)
                                                   Buckets: 1024  Batches: 1  Memory Usage: 9kB
                                                   ->  Hash Join  (cost=1.07..2.45 rows=5 width=30) (actual time=0.052..0.065 rows=5 loops=1)
                                                         Hash Cond: (nation.n_regionkey = region.r_regionkey)
                                                         ->  Seq Scan on nation  (cost=0.00..1.25 rows=25 width=34) (actual time=0.007..0.010 rows=25 loops=1)
                                                         ->  Hash  (cost=1.06..1.06 rows=1 width=4) (actual time=0.024..0.024 rows=1 loops=1)
                                                               Buckets: 1024  Batches: 1  Memory Usage: 9kB
                                                               ->  Seq Scan on region  (cost=0.00..1.06 rows=1 width=4) (actual time=0.018..0.020 rows=1 loops=1)
                                                                     Filter: (r_name = 'AMERICA'::bpchar)
                                                                     Rows Removed by Filter: 4
                           ->  Hash  (cost=3216.00..3216.00 rows=100000 width=8) (actual time=73.131..73.132 rows=100000 loops=1)
                                 Buckets: 131072  Batches: 1  Memory Usage: 4931kB
                                 ->  Seq Scan on supplier  (cost=0.00..3216.00 rows=100000 width=8) (actual time=0.013..32.633 rows=100000 loops=1)
 Settings: effective_io_concurrency = '64', jit = 'off', maintenance_io_concurrency = '64', max_parallel_workers_per_gather = '0', work_mem = '256MB'
 Planning Time: 7.508 ms
 Execution Time: 29856.571 ms
(44 rows)

                                                                                          QUERY PLAN                                                                                           
-----------------------------------------------------------------------------------------------------------------------------------------------------------------------------------------------
 Limit  (cost=1495123.65..1495123.66 rows=1 width=32) (actual time=4862.783..4862.785 rows=1 loops=1)
   ->  Aggregate  (cost=1495123.65..1495123.66 rows=1 width=32) (actual time=4862.781..4862.782 rows=1 loops=1)
         ->  Bitmap Heap Scan on lineitem  (cost=297204.25..1489361.55 rows=1152419 width=12) (actual time=2682.317..4175.816 rows=1194558 loops=1)
               Recheck Cond: ((l_shipdate >= '1993-01-01'::date) AND (l_shipdate < '1994-01-01'::date) AND (l_discount >= 0.06) AND (l_discount <= 0.08) AND (l_quantity < '25'::numeric))
               Heap Blocks: exact=662932
               ->  Bitmap Index Scan on idx_lineitem_shipdate  (cost=0.00..296916.15 rows=1152419 width=0) (actual time=2321.774..2321.774 rows=1194558 loops=1)
                     Index Cond: ((l_shipdate >= '1993-01-01'::date) AND (l_shipdate < '1994-01-01'::date) AND (l_discount >= 0.06) AND (l_discount <= 0.08) AND (l_quantity < '25'::numeric))
 Settings: effective_io_concurrency = '64', jit = 'off', maintenance_io_concurrency = '64', max_parallel_workers_per_gather = '0', work_mem = '256MB'
 Planning Time: 0.956 ms
 Execution Time: 4864.614 ms
(10 rows)

                                                                                     QUERY PLAN                                                                                      
-------------------------------------------------------------------------------------------------------------------------------------------------------------------------------------
 Limit  (cost=2502475.43..2502475.55 rows=1 width=116) (actual time=28109.315..28109.323 rows=1 loops=1)
   ->  GroupAggregate  (cost=2502475.43..2503670.37 rows=10036 width=116) (actual time=28109.314..28109.320 rows=1 loops=1)
         Group Key: n1.n_name, n2.n_name, (EXTRACT(year FROM lineitem.l_shipdate))
         ->  Sort  (cost=2502475.43..2502624.63 rows=59680 width=96) (actual time=28091.482..28092.419 rows=14421 loops=1)
               Sort Key: n1.n_name, n2.n_name, (EXTRACT(year FROM lineitem.l_shipdate))
               Sort Method: quicksort  Memory: 9664kB
               ->  Hash Join  (cost=1014929.99..2497741.32 rows=59680 width=96) (actual time=13659.781..28029.628 rows=57794 loops=1)
                     Hash Cond: (lineitem.l_suppkey = supplier.s_suppkey)
                     Join Filter: (((n1.n_name = 'PERU'::bpchar) AND (n2.n_name = 'MOROCCO'::bpchar)) OR ((n1.n_name = 'MOROCCO'::bpchar) AND (n2.n_name = 'PERU'::bpchar)))
                     Rows Removed by Join Filter: 58158
                     ->  Hash Join  (cost=1011305.59..2486295.51 rows=1434058 width=46) (actual time=13602.755..27452.758 rows=1448126 loops=1)
                           Hash Cond: (lineitem.l_orderkey = orders.o_orderkey)
                           ->  Bitmap Heap Scan on lineitem  (cost=460215.25..1853643.12 rows=17925725 width=24) (actual time=5237.968..14521.826 rows=18230325 loops=1)
                                 Recheck Cond: ((l_shipdate >= '1995-01-01'::date) AND (l_shipdate <= '1996-12-31'::date))
                                 Heap Blocks: exact=1119491
                                 ->  Bitmap Index Scan on idx_lineitem_shipdate  (cost=0.00..455733.82 rows=17925725 width=0) (actual time=4576.200..4576.200 rows=18230325 loops=1)
                                       Index Cond: ((l_shipdate >= '1995-01-01'::date) AND (l_shipdate <= '1996-12-31'::date))
                           ->  Hash  (cost=536090.72..536090.72 rows=1199970 width=30) (actual time=8357.287..8357.291 rows=1191175 loops=1)
                                 Buckets: 2097152  Batches: 1  Memory Usage: 88506kB
                                 ->  Hash Join  (cost=56934.07..536090.72 rows=1199970 width=30) (actual time=733.141..7838.979 rows=1191175 loops=1)
                                       Hash Cond: (orders.o_custkey = customer.c_custkey)
                                       ->  Seq Scan on orders  (cost=0.00..410908.31 rows=14999631 width=8) (actual time=0.017..2858.565 rows=15000000 loops=1)
                                       ->  Hash  (cost=55434.02..55434.02 rows=120004 width=30) (actual time=732.636..732.638 rows=119622 loops=1)
                                             Buckets: 131072  Batches: 1  Memory Usage: 8267kB
                                             ->  Hash Join  (cost=1.40..55434.02 rows=120004 width=30) (actual time=0.057..685.456 rows=119622 loops=1)
                                                   Hash Cond: (customer.c_nationkey = n2.n_nationkey)
                                                   ->  Seq Scan on customer  (cost=0.00..50827.47 rows=1500047 width=8) (actual time=0.011..364.485 rows=1500000 loops=1)
                                                   ->  Hash  (cost=1.38..1.38 rows=2 width=30) (actual time=0.030..0.031 rows=2 loops=1)
                                                         Buckets: 1024  Batches: 1  Memory Usage: 9kB
                                                         ->  Seq Scan on nation n2  (cost=0.00..1.38 rows=2 width=30) (actual time=0.019..0.024 rows=2 loops=1)
                                                               Filter: ((n_name = 'MOROCCO'::bpchar) OR (n_name = 'PERU'::bpchar))
                                                               Rows Removed by Filter: 23
                     ->  Hash  (cost=3524.40..3524.40 rows=8000 width=30) (actual time=56.614..56.616 rows=7981 loops=1)
                           Buckets: 8192  Batches: 1  Memory Usage: 548kB
                           ->  Hash Join  (cost=1.40..3524.40 rows=8000 width=30) (actual time=0.071..53.514 rows=7981 loops=1)
                                 Hash Cond: (supplier.s_nationkey = n1.n_nationkey)
                                 ->  Seq Scan on supplier  (cost=0.00..3216.00 rows=100000 width=8) (actual time=0.021..29.302 rows=100000 loops=1)
                                 ->  Hash  (cost=1.38..1.38 rows=2 width=30) (actual time=0.034..0.035 rows=2 loops=1)
                                       Buckets: 1024  Batches: 1  Memory Usage: 9kB
                                       ->  Seq Scan on nation n1  (cost=0.00..1.38 rows=2 width=30) (actual time=0.025..0.029 rows=2 loops=1)
                                             Filter: ((n_name = 'PERU'::bpchar) OR (n_name = 'MOROCCO'::bpchar))
                                             Rows Removed by Filter: 23
 Settings: effective_io_concurrency = '64', jit = 'off', maintenance_io_concurrency = '64', max_parallel_workers_per_gather = '0', work_mem = '256MB'
 Planning Time: 6.039 ms
 Execution Time: 28113.108 ms
(45 rows)

                                                                                           QUERY PLAN                                                                                            
-------------------------------------------------------------------------------------------------------------------------------------------------------------------------------------------------
 Limit  (cost=2030358.12..2030358.37 rows=1 width=64) (actual time=6605.986..6605.994 rows=1 loops=1)
   ->  GroupAggregate  (cost=2030358.12..2030954.43 rows=2406 width=64) (actual time=6605.984..6605.992 rows=1 loops=1)
         Group Key: (EXTRACT(year FROM orders.o_orderdate))
         ->  Sort  (cost=2030358.12..2030419.03 rows=24364 width=70) (actual time=6592.872..6593.589 rows=11818 loops=1)
               Sort Key: (EXTRACT(year FROM orders.o_orderdate))
               Sort Method: quicksort  Memory: 2631kB
               ->  Nested Loop  (cost=497281.27..2028582.91 rows=24364 width=70) (actual time=4945.777..6576.414 rows=23842 loops=1)
                     ->  Hash Join  (cost=497281.12..2027872.24 rows=24364 width=20) (actual time=4945.749..6544.472 rows=23842 loops=1)
                           Hash Cond: (lineitem.l_suppkey = supplier.s_suppkey)
                           ->  Hash Join  (cost=492815.12..2023342.28 rows=24364 width=20) (actual time=4876.383..6459.803 rows=23842 loops=1)
                                 Hash Cond: (lineitem.l_orderkey = orders.o_orderkey)
                                 ->  Nested Loop  (cost=0.44..1528784.30 rows=399908 width=20) (actual time=0.130..1444.340 rows=389521 loops=1)
                                       ->  Seq Scan on part  (cost=0.00..65962.39 rows=13334 width=4) (actual time=0.089..553.145 rows=13011 loops=1)
                                             Filter: ((p_type)::text = 'LARGE POLISHED BRASS'::text)
                                             Rows Removed by Filter: 1986989
                                       ->  Index Scan using idx_lineitem_part_supp on lineitem  (cost=0.44..109.40 rows=31 width=24) (actual time=0.006..0.060 rows=30 loops=13011)
                                             Index Cond: (l_partkey = part.p_partkey)
                                 ->  Hash  (cost=481391.63..481391.63 rows=913844 width=8) (actual time=4871.886..4871.891 rows=910360 loops=1)
                                       Buckets: 1048576  Batches: 1  Memory Usage: 43753kB
                                       ->  Hash Join  (cost=125668.31..481391.63 rows=913844 width=8) (actual time=1457.118..4535.128 rows=910360 loops=1)
                                             Hash Cond: (orders.o_custkey = customer.c_custkey)
                                             ->  Bitmap Heap Scan on orders  (cost=62462.95..391913.27 rows=4569221 width=12) (actual time=710.203..2244.483 rows=4557513 loops=1)
                                                   Recheck Cond: ((o_orderdate >= '1995-01-01'::date) AND (o_orderdate <= '1996-12-31'::date))
                                                   Heap Blocks: exact=260912
                                                   ->  Bitmap Index Scan on idx_orders_orderdate  (cost=0.00..61320.64 rows=4569221 width=0) (actual time=581.270..581.270 rows=4557513 loops=1)
                                                         Index Cond: ((o_orderdate >= '1995-01-01'::date) AND (o_orderdate <= '1996-12-31'::date))
                                             ->  Hash  (cost=59455.25..59455.25 rows=300009 width=4) (actual time=744.804..744.807 rows=299436 loops=1)
                                                   Buckets: 524288  Batches: 1  Memory Usage: 14624kB
                                                   ->  Hash Join  (cost=2.51..59455.25 rows=300009 width=4) (actual time=0.088..647.895 rows=299436 loops=1)
                                                         Hash Cond: (customer.c_nationkey = n1.n_nationkey)
                                                         ->  Seq Scan on customer  (cost=0.00..50827.47 rows=1500047 width=8) (actual time=0.008..179.092 rows=1500000 loops=1)
                                                         ->  Hash  (cost=2.45..2.45 rows=5 width=4) (actual time=0.061..0.064 rows=5 loops=1)
                                                               Buckets: 1024  Batches: 1  Memory Usage: 9kB
                                                               ->  Hash Join  (cost=1.07..2.45 rows=5 width=4) (actual time=0.043..0.057 rows=5 loops=1)
                                                                     Hash Cond: (n1.n_regionkey = region.r_regionkey)
                                                                     ->  Seq Scan on nation n1  (cost=0.00..1.25 rows=25 width=8) (actual time=0.004..0.007 rows=25 loops=1)
                                                                     ->  Hash  (cost=1.06..1.06 rows=1 width=4) (actual time=0.014..0.015 rows=1 loops=1)
                                                                           Buckets: 1024  Batches: 1  Memory Usage: 9kB
                                                                           ->  Seq Scan on region  (cost=0.00..1.06 rows=1 width=4) (actual time=0.007..0.010 rows=1 loops=1)
                                                                                 Filter: (r_name = 'AMERICA'::bpchar)
                                                                                 Rows Removed by Filter: 4
                           ->  Hash  (cost=3216.00..3216.00 rows=100000 width=8) (actual time=68.873..68.873 rows=100000 loops=1)
                                 Buckets: 131072  Batches: 1  Memory Usage: 4931kB
                                 ->  Seq Scan on supplier  (cost=0.00..3216.00 rows=100000 width=8) (actual time=0.010..33.990 rows=100000 loops=1)
                     ->  Memoize  (cost=0.15..2.17 rows=1 width=30) (actual time=0.000..0.000 rows=1 loops=23842)
                           Cache Key: supplier.s_nationkey
                           Hits: 23817  Misses: 25  Evictions: 0  Overflows: 0  Memory Usage: 4kB
                           ->  Index Scan using nation_pkey on nation n2  (cost=0.14..2.16 rows=1 width=30) (actual time=0.003..0.003 rows=1 loops=25)
                                 Index Cond: (n_nationkey = supplier.s_nationkey)
 Settings: effective_io_concurrency = '64', jit = 'off', maintenance_io_concurrency = '64', max_parallel_workers_per_gather = '0', work_mem = '256MB'
 Planning Time: 9.039 ms
 Execution Time: 6608.363 ms
(52 rows)

                                                                                   QUERY PLAN                                                                                    
---------------------------------------------------------------------------------------------------------------------------------------------------------------------------------
 Limit  (cost=1798473.67..1798473.70 rows=1 width=90) (actual time=66729.410..66729.417 rows=1 loops=1)
   ->  GroupAggregate  (cost=1798473.67..1798476.26 rows=74 width=90) (actual time=66729.409..66729.414 rows=1 loops=1)
         Group Key: nation.n_name, (EXTRACT(year FROM orders.o_orderdate))
         ->  Sort  (cost=1798473.67..1798473.85 rows=74 width=81) (actual time=66706.623..66712.779 rows=11401 loops=1)
               Sort Key: nation.n_name, (EXTRACT(year FROM orders.o_orderdate)) DESC
               Sort Method: external merge  Disk: 211200kB
               ->  Nested Loop  (cost=66721.14..1798471.37 rows=74 width=81) (actual time=1013.751..59955.113 rows=3248192 loops=1)
                     Join Filter: (supplier.s_nationkey = nation.n_nationkey)
                     Rows Removed by Join Filter: 39009119
                     ->  Nested Loop  (cost=66721.14..1798443.16 rows=74 width=31) (actual time=1013.711..49992.062 rows=3248192 loops=1)
                           ->  Nested Loop  (cost=66720.71..1798006.37 rows=74 width=31) (actual time=1013.676..29787.653 rows=3248192 loops=1)
                                 ->  Nested Loop  (cost=66720.41..1797574.50 rows=76 width=35) (actual time=1013.657..18617.983 rows=3248192 loops=1)
                                       ->  Hash Join  (cost=66719.97..342101.37 rows=242413 width=18) (actual time=1013.614..4610.412 rows=433248 loops=1)
                                             Hash Cond: (partsupp.ps_partkey = part.p_partkey)
                                             ->  Seq Scan on partsupp  (cost=0.00..254382.32 rows=7999632 width=14) (actual time=0.025..1616.590 rows=8000000 loops=1)
                                             ->  Hash  (cost=65962.39..65962.39 rows=60607 width=4) (actual time=1013.250..1013.251 rows=108312 loops=1)
                                                   Buckets: 131072 (originally 65536)  Batches: 1 (originally 1)  Memory Usage: 4832kB
                                                   ->  Seq Scan on part  (cost=0.00..65962.39 rows=60607 width=4) (actual time=0.029..967.780 rows=108312 loops=1)
                                                         Filter: ((p_name)::text ~~ '%navy%'::text)
                                                         Rows Removed by Filter: 1891688
                                       ->  Index Scan using idx_lineitem_part_supp on lineitem  (cost=0.44..5.99 rows=1 width=29) (actual time=0.008..0.029 rows=7 loops=433248)
                                             Index Cond: ((l_partkey = partsupp.ps_partkey) AND (l_suppkey = partsupp.ps_suppkey))
                                 ->  Index Scan using supplier_pkey on supplier  (cost=0.29..5.68 rows=1 width=8) (actual time=0.003..0.003 rows=1 loops=3248192)
                                       Index Cond: (s_suppkey = lineitem.l_suppkey)
                           ->  Index Scan using orders_pkey on orders  (cost=0.43..5.90 rows=1 width=8) (actual time=0.006..0.006 rows=1 loops=3248192)
                                 Index Cond: (o_orderkey = lineitem.l_orderkey)
                     ->  Materialize  (cost=0.00..1.38 rows=25 width=30) (actual time=0.000..0.001 rows=13 loops=3248192)
                           ->  Seq Scan on nation  (cost=0.00..1.25 rows=25 width=30) (actual time=0.012..0.018 rows=25 loops=1)
 Settings: effective_io_concurrency = '64', jit = 'off', maintenance_io_concurrency = '64', max_parallel_workers_per_gather = '0', work_mem = '256MB'
 Planning Time: 13.486 ms
 Execution Time: 66759.603 ms
(31 rows)

