===== 10.sql jit=on =====
                                                                                            QUERY PLAN                                                                                            
--------------------------------------------------------------------------------------------------------------------------------------------------------------------------------------------------
 Limit  (cost=2418846.15..2418846.20 rows=20 width=202) (actual time=19851.296..19851.302 rows=20 loops=1)
   ->  Sort  (cost=2418846.15..2420362.80 rows=606660 width=202) (actual time=19365.713..19365.717 rows=20 loops=1)
         Sort Key: (sum((lineitem.l_extendedprice * ('1'::numeric - lineitem.l_discount)))) DESC
         Sort Method: top-N heapsort  Memory: 33kB
         ->  GroupAggregate  (cost=2257709.55..2402703.15 rows=606660 width=202) (actual time=16688.758..19239.338 rows=381205 loops=1)
               Group Key: customer.c_custkey, nation.n_name
               ->  Incremental Sort  (cost=2257709.55..2387536.65 rows=606660 width=182) (actual time=16688.736..18463.160 rows=1145402 loops=1)
                     Sort Key: customer.c_custkey, nation.n_name
                     Presorted Key: customer.c_custkey
                     Full-sort Groups: 34068  Sort Method: quicksort  Average Memory: 33kB  Peak Memory: 33kB
                     ->  Nested Loop  (cost=2257709.37..2360236.95 rows=606660 width=182) (actual time=16688.296..18064.373 rows=1145402 loops=1)
                           ->  Merge Join  (cost=2257709.22..2345352.27 rows=606660 width=160) (actual time=16688.268..17626.042 rows=1145402 loops=1)
                                 Merge Cond: (customer.c_custkey = orders.o_custkey)
                                 ->  Index Scan using customer_pkey on customer  (cost=0.43..74795.49 rows=1500071 width=148) (actual time=0.014..456.917 rows=1499997 loops=1)
                                 ->  Sort  (cost=2257708.75..2259225.40 rows=606660 width=16) (actual time=16688.221..16825.309 rows=1145402 loops=1)
                                       Sort Key: orders.o_custkey
                                       Sort Method: quicksort  Memory: 113386kB
                                       ->  Hash Join  (cost=286314.98..2199437.45 rows=606660 width=16) (actual time=5079.746..16286.436 rows=1145402 loops=1)
                                             Hash Cond: (lineitem.l_orderkey = orders.o_orderkey)
                                             ->  Seq Scan on lineitem  (cost=0.00..1874410.50 rows=14747414 width=16) (actual time=0.500..9248.879 rows=14808183 loops=1)
                                                   Filter: (l_returnflag = 'R'::bpchar)
                                                   Rows Removed by Filter: 45177869
                                             ->  Hash  (cost=278602.88..278602.88 rows=616968 width=8) (actual time=5076.862..5076.863 rows=573160 loops=1)
                                                   Buckets: 1048576  Batches: 1  Memory Usage: 30582kB
                                                   ->  Bitmap Heap Scan on orders  (cost=8436.36..278602.88 rows=616968 width=8) (actual time=145.888..4892.955 rows=573160 loops=1)
                                                         Recheck Cond: ((o_orderdate >= '1994-08-01'::date) AND (o_orderdate < '1994-11-01'::date))
                                                         Heap Blocks: exact=233137
                                                         ->  Bitmap Index Scan on idx_orders_orderdate  (cost=0.00..8282.11 rows=616968 width=0) (actual time=83.933..83.933 rows=573160 loops=1)
                                                               Index Cond: ((o_orderdate >= '1994-08-01'::date) AND (o_orderdate < '1994-11-01'::date))
                           ->  Memoize  (cost=0.15..2.17 rows=1 width=30) (actual time=0.000..0.000 rows=1 loops=1145402)
                                 Cache Key: customer.c_nationkey
                                 Hits: 1145377  Misses: 25  Evictions: 0  Overflows: 0  Memory Usage: 4kB
                                 ->  Index Scan using nation_pkey on nation  (cost=0.14..2.16 rows=1 width=30) (actual time=0.003..0.003 rows=1 loops=25)
                                       Index Cond: (n_nationkey = customer.c_nationkey)
 Settings: max_parallel_workers_per_gather = '0', work_mem = '128MB'
 Planning Time: 13.151 ms
 JIT:
   Functions: 38
   Options: Inlining true, Optimization true, Expressions true, Deforming true
   Timing: Generation 4.150 ms, Inlining 70.929 ms, Optimization 250.129 ms, Emission 164.143 ms, Total 489.350 ms
 Execution Time: 19889.987 ms
(41 rows)

===== 11.sql jit=on =====
                                                                             QUERY PLAN                                                                              
---------------------------------------------------------------------------------------------------------------------------------------------------------------------
 Limit  (cost=94449.49..94449.49 rows=1 width=36) (actual time=1652.616..1652.621 rows=0 loops=1)
   InitPlan 1 (returns $2)
     ->  Aggregate  (cost=44180.03..44180.04 rows=1 width=32) (actual time=613.167..613.169 rows=1 loops=1)
           ->  Nested Loop  (cost=47.72..41797.21 rows=317709 width=10) (actual time=0.753..501.637 rows=320800 loops=1)
                 ->  Nested Loop  (cost=47.29..2404.57 rows=4000 width=4) (actual time=0.740..10.287 rows=4010 loops=1)
                       ->  Seq Scan on nation nation_1  (cost=0.00..1.31 rows=1 width=4) (actual time=0.008..0.011 rows=1 loops=1)
                             Filter: (n_name = 'SAUDI ARABIA'::bpchar)
                             Rows Removed by Filter: 24
                       ->  Bitmap Heap Scan on supplier supplier_1  (cost=47.29..2363.25 rows=4000 width=8) (actual time=0.730..9.502 rows=4010 loops=1)
                             Recheck Cond: (s_nationkey = nation_1.n_nationkey)
                             Heap Blocks: exact=1857
                             ->  Bitmap Index Scan on idx_supplier_nation_key  (cost=0.00..46.29 rows=4000 width=0) (actual time=0.478..0.478 rows=4010 loops=1)
                                   Index Cond: (s_nationkey = nation_1.n_nationkey)
                 ->  Index Scan using idx_partsupp_suppkey on partsupp partsupp_1  (cost=0.43..9.06 rows=79 width=14) (actual time=0.006..0.110 rows=80 loops=4010)
                       Index Cond: (ps_suppkey = supplier_1.s_suppkey)
   ->  Sort  (cost=50269.45..50534.20 rows=105903 width=36) (actual time=1652.615..1652.617 rows=0 loops=1)
         Sort Key: (sum((partsupp.ps_supplycost * (partsupp.ps_availqty)::numeric))) DESC
         Sort Method: quicksort  Memory: 25kB
         ->  HashAggregate  (cost=44974.30..49739.93 rows=105903 width=36) (actual time=1652.565..1652.567 rows=0 loops=1)
               Group Key: partsupp.ps_partkey
               Filter: (sum((partsupp.ps_supplycost * (partsupp.ps_availqty)::numeric)) > $2)
               Batches: 5  Memory Usage: 135217kB  Disk Usage: 752kB
               Rows Removed by Filter: 301833
               ->  Nested Loop  (cost=47.72..41797.21 rows=317709 width=14) (actual time=0.822..614.826 rows=320800 loops=1)
                     ->  Nested Loop  (cost=47.29..2404.57 rows=4000 width=4) (actual time=0.796..11.921 rows=4010 loops=1)
                           ->  Seq Scan on nation  (cost=0.00..1.31 rows=1 width=4) (actual time=0.021..0.025 rows=1 loops=1)
                                 Filter: (n_name = 'SAUDI ARABIA'::bpchar)
                                 Rows Removed by Filter: 24
                           ->  Bitmap Heap Scan on supplier  (cost=47.29..2363.25 rows=4000 width=8) (actual time=0.770..11.103 rows=4010 loops=1)
                                 Recheck Cond: (s_nationkey = nation.n_nationkey)
                                 Heap Blocks: exact=1857
                                 ->  Bitmap Index Scan on idx_supplier_nation_key  (cost=0.00..46.29 rows=4000 width=0) (actual time=0.505..0.505 rows=4010 loops=1)
                                       Index Cond: (s_nationkey = nation.n_nationkey)
                     ->  Index Scan using idx_partsupp_suppkey on partsupp  (cost=0.43..9.06 rows=79 width=18) (actual time=0.007..0.136 rows=80 loops=4010)
                           Index Cond: (ps_suppkey = supplier.s_suppkey)
 Settings: max_parallel_workers_per_gather = '0', work_mem = '128MB'
 Planning Time: 1.447 ms
 Execution Time: 1657.009 ms
(38 rows)

===== 12.sql jit=on =====
                                                                                                                    QUERY PLAN                                                                                                                     
---------------------------------------------------------------------------------------------------------------------------------------------------------------------------------------------------------------------------------------------------
 Limit  (cost=3029361.50..3030162.60 rows=1 width=27) (actual time=17936.249..17936.253 rows=1 loops=1)
   ->  GroupAggregate  (cost=3029361.50..3034969.23 rows=7 width=27) (actual time=17591.597..17591.600 rows=1 loops=1)
         Group Key: lineitem.l_shipmode
         ->  Sort  (cost=3029361.50..3030062.46 rows=280383 width=27) (actual time=17549.474..17556.718 rows=155572 loops=1)
               Sort Key: lineitem.l_shipmode
               Sort Method: quicksort  Memory: 36606kB
               ->  Hash Join  (cost=2477810.09..3003990.99 rows=280383 width=27) (actual time=13187.816..17465.771 rows=311258 loops=1)
                     Hash Cond: (orders.o_orderkey = lineitem.l_orderkey)
                     ->  Seq Scan on orders  (cost=0.00..410892.04 rows=14998004 width=20) (actual time=0.044..1806.461 rows=15000000 loops=1)
                     ->  Hash  (cost=2474305.30..2474305.30 rows=280383 width=15) (actual time=13186.570..13186.571 rows=311258 loops=1)
                           Buckets: 524288  Batches: 1  Memory Usage: 18687kB
                           ->  Seq Scan on lineitem  (cost=0.00..2474305.30 rows=280383 width=15) (actual time=0.930..13080.064 rows=311258 loops=1)
                                 Filter: ((l_shipmode = ANY ('{SHIP,"REG AIR"}'::bpchar[])) AND (l_commitdate < l_receiptdate) AND (l_shipdate < l_commitdate) AND (l_receiptdate >= '1994-01-01'::date) AND (l_receiptdate < '1995-01-01'::date))
                                 Rows Removed by Filter: 59674794
 Settings: max_parallel_workers_per_gather = '0', work_mem = '128MB'
 Planning Time: 0.909 ms
 JIT:
   Functions: 19
   Options: Inlining true, Optimization true, Expressions true, Deforming true
   Timing: Generation 2.577 ms, Inlining 62.259 ms, Optimization 173.428 ms, Emission 108.685 ms, Total 346.950 ms
 Execution Time: 17968.756 ms
(21 rows)

===== 13.sql jit=on =====
                                                                                    QUERY PLAN                                                                                     
-----------------------------------------------------------------------------------------------------------------------------------------------------------------------------------
 Limit  (cost=1533684.89..1533684.89 rows=1 width=16) (actual time=16126.284..16126.288 rows=1 loops=1)
   ->  Sort  (cost=1533684.89..1533685.39 rows=200 width=16) (actual time=15913.830..15913.833 rows=1 loops=1)
         Sort Key: (count(*)) DESC, (count(orders.o_orderkey)) DESC
         Sort Method: top-N heapsort  Memory: 25kB
         ->  HashAggregate  (cost=1533681.89..1533683.89 rows=200 width=16) (actual time=15913.775..15913.784 rows=46 loops=1)
               Group Key: count(orders.o_orderkey)
               Batches: 1  Memory Usage: 40kB
               ->  HashAggregate  (cost=1380191.76..1511180.82 rows=1500071 width=12) (actual time=15165.603..15733.818 rows=1500000 loops=1)
                     Group Key: customer.c_custkey
                     Batches: 5  Memory Usage: 131121kB  Disk Usage: 27424kB
                     ->  Hash Right Join  (cost=57716.38..545075.63 rows=14846509 width=8) (actual time=387.118..10588.353 rows=15337604 loops=1)
                           Hash Cond: (orders.o_custkey = customer.c_custkey)
                           ->  Seq Scan on orders  (cost=0.00..448387.05 rows=14846509 width=8) (actual time=0.064..5151.001 rows=14837583 loops=1)
                                 Filter: ((o_comment)::text !~~ '%special%requests%'::text)
                                 Rows Removed by Filter: 162417
                           ->  Hash  (cost=38965.49..38965.49 rows=1500071 width=4) (actual time=382.670..382.671 rows=1500000 loops=1)
                                 Buckets: 2097152  Batches: 1  Memory Usage: 69119kB
                                 ->  Index Only Scan using customer_pkey on customer  (cost=0.43..38965.49 rows=1500071 width=4) (actual time=0.024..128.262 rows=1500000 loops=1)
                                       Heap Fetches: 0
 Settings: max_parallel_workers_per_gather = '0', work_mem = '128MB'
 Planning Time: 0.789 ms
 JIT:
   Functions: 25
   Options: Inlining true, Optimization true, Expressions true, Deforming true
   Timing: Generation 3.050 ms, Inlining 63.426 ms, Optimization 120.469 ms, Emission 68.166 ms, Total 255.111 ms
 Execution Time: 16160.891 ms
(26 rows)

===== 14.sql jit=on =====
                                                                            QUERY PLAN                                                                            
------------------------------------------------------------------------------------------------------------------------------------------------------------------
 Limit  (cost=1226042.90..1226042.92 rows=1 width=32) (actual time=4139.509..4139.512 rows=1 loops=1)
   ->  Aggregate  (cost=1226042.90..1226042.92 rows=1 width=32) (actual time=3894.078..3894.080 rows=1 loops=1)
         ->  Hash Join  (cost=119073.94..1213151.19 rows=736669 width=33) (actual time=941.592..3479.399 rows=772942 loops=1)
               Hash Cond: (lineitem.l_partkey = part.p_partkey)
               ->  Bitmap Heap Scan on lineitem  (cost=19436.06..1090459.12 rows=757024 width=16) (actual time=288.372..2194.238 rows=772942 loops=1)
                     Recheck Cond: ((l_shipdate >= '1994-05-01'::date) AND (l_shipdate < '1994-06-01'::date))
                     Heap Blocks: exact=416660
                     ->  Bitmap Index Scan on idx_lineitem_shipdate  (cost=0.00..19246.80 rows=757024 width=0) (actual time=161.911..161.911 rows=772942 loops=1)
                           Index Cond: ((l_shipdate >= '1994-05-01'::date) AND (l_shipdate < '1994-06-01'::date))
               ->  Hash  (cost=60963.28..60963.28 rows=2000128 width=25) (actual time=648.659..648.660 rows=2000000 loops=1)
                     Buckets: 2097152  Batches: 2  Memory Usage: 74141kB
                     ->  Seq Scan on part  (cost=0.00..60963.28 rows=2000128 width=25) (actual time=0.041..281.970 rows=2000000 loops=1)
 Settings: max_parallel_workers_per_gather = '0', work_mem = '128MB'
 Planning Time: 1.158 ms
 JIT:
   Functions: 15
   Options: Inlining true, Optimization true, Expressions true, Deforming true
   Timing: Generation 1.893 ms, Inlining 62.870 ms, Optimization 111.512 ms, Emission 70.802 ms, Total 247.077 ms
 Execution Time: 4160.649 ms
(19 rows)

===== 15.sql jit=on =====
                                                                       QUERY PLAN                                                                       
--------------------------------------------------------------------------------------------------------------------------------------------------------
 HashAggregate  (cost=1241890.62..1243133.35 rows=99418 width=36) (actual time=5632.805..5676.319 rows=100000 loops=1)
   Group Key: l_suppkey
   Batches: 1  Memory Usage: 47121kB
   ->  Bitmap Heap Scan on lineitem  (cost=59453.55..1218732.59 rows=2315803 width=16) (actual time=579.652..3592.363 rows=2265714 loops=1)
         Recheck Cond: ((l_shipdate >= '1996-01-01'::date) AND (l_shipdate < '1996-04-01'::date))
         Heap Blocks: exact=668609
         ->  Bitmap Index Scan on idx_lineitem_shipdate  (cost=0.00..58874.60 rows=2315803 width=0) (actual time=377.975..377.975 rows=2265714 loops=1)
               Index Cond: ((l_shipdate >= '1996-01-01'::date) AND (l_shipdate < '1996-04-01'::date))
 Settings: max_parallel_workers_per_gather = '0', work_mem = '128MB'
 Planning Time: 0.639 ms
 JIT:
   Functions: 9
   Options: Inlining true, Optimization true, Expressions true, Deforming true
   Timing: Generation 1.437 ms, Inlining 59.476 ms, Optimization 87.402 ms, Emission 54.206 ms, Total 202.521 ms
 Execution Time: 5698.446 ms
(15 rows)

CREATE VIEW
                                                                                   QUERY PLAN                                                                                   
--------------------------------------------------------------------------------------------------------------------------------------------------------------------------------
 Limit  (cost=2487785.49..2487795.72 rows=1 width=103) (actual time=10853.594..10853.598 rows=1 loops=1)
   InitPlan 1 (returns $0)
     ->  Aggregate  (cost=1244376.07..1244376.08 rows=1 width=32) (actual time=5220.300..5220.302 rows=1 loops=1)
           ->  HashAggregate  (cost=1241890.62..1243133.35 rows=99418 width=36) (actual time=5170.697..5214.243 rows=100000 loops=1)
                 Group Key: lineitem_1.l_suppkey
                 Batches: 1  Memory Usage: 47121kB
                 ->  Bitmap Heap Scan on lineitem lineitem_1  (cost=59453.55..1218732.59 rows=2315803 width=16) (actual time=559.873..3375.692 rows=2265714 loops=1)
                       Recheck Cond: ((l_shipdate >= '1996-01-01'::date) AND (l_shipdate < '1996-04-01'::date))
                       Heap Blocks: exact=668609
                       ->  Bitmap Index Scan on idx_lineitem_shipdate  (cost=0.00..58874.60 rows=2315803 width=0) (actual time=359.615..359.615 rows=2265714 loops=1)
                             Index Cond: ((l_shipdate >= '1996-01-01'::date) AND (l_shipdate < '1996-04-01'::date))
   ->  Merge Join  (cost=1243409.41..1248493.93 rows=497 width=103) (actual time=10462.366..10462.368 rows=1 loops=1)
         Merge Cond: (supplier.s_suppkey = revenue0.supplier_no)
         ->  Index Scan using supplier_pkey on supplier  (cost=0.29..4827.36 rows=100000 width=71) (actual time=0.265..14.470 rows=69998 loops=1)
         ->  Sort  (cost=1243409.12..1243410.36 rows=497 width=36) (actual time=10444.032..10444.033 rows=1 loops=1)
               Sort Key: revenue0.supplier_no
               Sort Method: quicksort  Memory: 25kB
               ->  Subquery Scan on revenue0  (cost=1241890.62..1243386.86 rows=497 width=36) (actual time=10413.208..10444.018 rows=1 loops=1)
                     ->  HashAggregate  (cost=1241890.62..1243381.89 rows=497 width=36) (actual time=10413.205..10444.014 rows=1 loops=1)
                           Group Key: lineitem.l_suppkey
                           Filter: (sum((lineitem.l_extendedprice * ('1'::numeric - lineitem.l_discount))) = $0)
                           Batches: 1  Memory Usage: 47121kB
                           Rows Removed by Filter: 99999
                           ->  Bitmap Heap Scan on lineitem  (cost=59453.55..1218732.59 rows=2315803 width=16) (actual time=553.067..3378.374 rows=2265714 loops=1)
                                 Recheck Cond: ((l_shipdate >= '1996-01-01'::date) AND (l_shipdate < '1996-04-01'::date))
                                 Heap Blocks: exact=668609
                                 ->  Bitmap Index Scan on idx_lineitem_shipdate  (cost=0.00..58874.60 rows=2315803 width=0) (actual time=352.913..352.913 rows=2265714 loops=1)
                                       Index Cond: ((l_shipdate >= '1996-01-01'::date) AND (l_shipdate < '1996-04-01'::date))
 Settings: max_parallel_workers_per_gather = '0', work_mem = '128MB'
 Planning Time: 0.505 ms
 JIT:
   Functions: 30
   Options: Inlining true, Optimization true, Expressions true, Deforming true
   Timing: Generation 3.837 ms, Inlining 15.426 ms, Optimization 230.255 ms, Emission 145.195 ms, Total 394.713 ms
 Execution Time: 10866.784 ms
(35 rows)

DROP VIEW
===== 16.sql jit=on =====
                                                                                         QUERY PLAN                                                                                         
--------------------------------------------------------------------------------------------------------------------------------------------------------------------------------------------
 Limit  (cost=400927.38..400927.39 rows=1 width=44) (actual time=6909.765..6909.769 rows=1 loops=1)
   ->  Sort  (cost=400927.38..401307.14 rows=151904 width=44) (actual time=6891.913..6891.916 rows=1 loops=1)
         Sort Key: (count(DISTINCT partsupp.ps_suppkey)) DESC, part.p_brand, part.p_type, part.p_size
         Sort Method: top-N heapsort  Memory: 25kB
         ->  GroupAggregate  (cost=391438.95..400167.86 rows=151904 width=44) (actual time=6446.384..6884.839 rows=27838 loops=1)
               Group Key: part.p_brand, part.p_type, part.p_size
               ->  Sort  (cost=391438.95..392880.92 rows=576790 width=40) (actual time=6446.328..6546.965 rows=1186319 loops=1)
                     Sort Key: part.p_brand, part.p_type, part.p_size
                     Sort Method: quicksort  Memory: 122929kB
                     ->  Hash Join  (cost=98037.76..336246.82 rows=576790 width=40) (actual time=657.689..3319.950 rows=1186319 loops=1)
                           Hash Cond: (partsupp.ps_partkey = part.p_partkey)
                           ->  Index Only Scan using partsupp_pkey on partsupp  (cost=3466.46..231178.21 rows=3998964 width=8) (actual time=32.653..1617.115 rows=7995520 loops=1)
                                 Filter: (NOT (hashed SubPlan 1))
                                 Rows Removed by Filter: 4480
                                 Heap Fetches: 0
                                 SubPlan 1
                                   ->  Seq Scan on supplier  (cost=0.00..3466.00 rows=10 width=4) (actual time=3.796..31.952 rows=56 loops=1)
                                         Filter: ((s_comment)::text ~~ '%Customer%Complaints%'::text)
                                         Rows Removed by Filter: 99944
                           ->  Hash  (cost=90965.20..90965.20 rows=288488 width=40) (actual time=623.828..623.829 rows=296733 loops=1)
                                 Buckets: 524288  Batches: 1  Memory Usage: 25593kB
                                 ->  Seq Scan on part  (cost=0.00..90965.20 rows=288488 width=40) (actual time=0.051..549.211 rows=296733 loops=1)
                                       Filter: ((p_brand <> 'Brand#12'::bpchar) AND ((p_type)::text !~~ 'SMALL BRUSHED%'::text) AND (p_size = ANY ('{12,32,36,26,40,34,49,9}'::integer[])))
                                       Rows Removed by Filter: 1703267
 Settings: max_parallel_workers_per_gather = '0', work_mem = '128MB'
 Planning Time: 0.957 ms
 JIT:
   Functions: 32
   Options: Inlining false, Optimization false, Expressions true, Deforming true
   Timing: Generation 3.615 ms, Inlining 0.000 ms, Optimization 0.923 ms, Emission 20.291 ms, Total 24.829 ms
 Execution Time: 6932.355 ms
(31 rows)

===== 17-flattened.sql jit=on =====
                                                          QUERY PLAN                                                           
-------------------------------------------------------------------------------------------------------------------------------
 HashAggregate  (cost=5567512.86..6184178.54 rows=2055394 width=36) (actual time=36801.140..60972.526 rows=2000000 loops=1)
   Group Key: l_partkey
   Planned Partitions: 8  Batches: 9  Memory Usage: 135249kB  Disk Usage: 1846896kB
   ->  Seq Scan on lineitem  (cost=0.00..1724436.80 rows=59989480 width=9) (actual time=0.251..8850.130 rows=59986052 loops=1)
 Settings: max_parallel_workers_per_gather = '0', work_mem = '128MB'
 Planning Time: 0.474 ms
 JIT:
   Functions: 11
   Options: Inlining true, Optimization true, Expressions true, Deforming true
   Timing: Generation 2.064 ms, Inlining 76.834 ms, Optimization 91.340 ms, Emission 54.603 ms, Total 224.840 ms
 Execution Time: 61209.542 ms
(11 rows)

SELECT 2000000
CREATE INDEX
ANALYZE
                                                                                 QUERY PLAN                                                                                 
----------------------------------------------------------------------------------------------------------------------------------------------------------------------------
 Limit  (cost=227016.93..227016.95 rows=1 width=32) (actual time=468.264..468.266 rows=1 loops=1)
   ->  Aggregate  (cost=227016.93..227016.95 rows=1 width=32) (actual time=453.452..453.453 rows=1 loops=1)
         ->  Nested Loop  (cost=0.87..226968.73 rows=19281 width=8) (actual time=1.380..452.300 rows=5319 loops=1)
               Join Filter: (part.p_partkey = lineitem.l_partkey)
               ->  Nested Loop  (cost=0.43..85921.73 rows=1982 width=20) (actual time=1.358..394.593 rows=1996 loops=1)
                     ->  Seq Scan on part  (cost=0.00..70963.92 rows=1982 width=4) (actual time=1.329..379.123 rows=1996 loops=1)
                           Filter: ((p_brand = 'Brand#22'::bpchar) AND (p_container = 'LG BOX'::bpchar))
                           Rows Removed by Filter: 1998004
                     ->  Index Scan using idx_tmp_avg_quantity on tmp_avg_quantity part_agg  (cost=0.43..7.54 rows=1 width=16) (actual time=0.007..0.007 rows=1 loops=1996)
                           Index Cond: (agg_partkey = part.p_partkey)
               ->  Index Scan using idx_lineitem_part_supp on lineitem  (cost=0.44..71.04 rows=10 width=17) (actual time=0.011..0.028 rows=3 loops=1996)
                     Index Cond: (l_partkey = part_agg.agg_partkey)
                     Filter: (l_quantity < part_agg.avg_quantity)
                     Rows Removed by Filter: 27
 Settings: max_parallel_workers_per_gather = '0', work_mem = '128MB'
 Planning Time: 0.722 ms
 JIT:
   Functions: 20
   Options: Inlining false, Optimization false, Expressions true, Deforming true
   Timing: Generation 2.410 ms, Inlining 0.000 ms, Optimization 1.185 ms, Emission 13.376 ms, Total 16.971 ms
 Execution Time: 470.758 ms
(21 rows)

DROP TABLE
===== 17.sql jit=on =====
                                                                            QUERY PLAN                                                                            
------------------------------------------------------------------------------------------------------------------------------------------------------------------
 Limit  (cost=6425108.07..6425108.09 rows=1 width=32) (actual time=61724.945..61724.948 rows=1 loops=1)
   ->  Aggregate  (cost=6425108.07..6425108.09 rows=1 width=32) (actual time=61423.276..61423.278 rows=1 loops=1)
         ->  Nested Loop  (cost=5638502.00..6425058.53 rows=19815 width=8) (actual time=36941.517..61422.275 rows=5319 loops=1)
               Join Filter: (part.p_partkey = lineitem.l_partkey)
               ->  Hash Join  (cost=5638501.56..6281116.59 rows=2037 width=40) (actual time=36941.488..61364.261 rows=1996 loops=1)
                     Hash Cond: (lineitem_1.l_partkey = part.p_partkey)
                     ->  HashAggregate  (cost=5567512.86..6184178.54 rows=2055394 width=36) (actual time=36665.240..60902.262 rows=2000000 loops=1)
                           Group Key: lineitem_1.l_partkey
                           Planned Partitions: 8  Batches: 9  Memory Usage: 135249kB  Disk Usage: 1846896kB
                           ->  Seq Scan on lineitem lineitem_1  (cost=0.00..1724436.80 rows=59989480 width=9) (actual time=0.470..8875.246 rows=59986052 loops=1)
                     ->  Hash  (cost=70963.92..70963.92 rows=1982 width=4) (actual time=274.558..274.559 rows=1996 loops=1)
                           Buckets: 2048  Batches: 1  Memory Usage: 87kB
                           ->  Seq Scan on part  (cost=0.00..70963.92 rows=1982 width=4) (actual time=0.410..273.863 rows=1996 loops=1)
                                 Filter: ((p_brand = 'Brand#22'::bpchar) AND (p_container = 'LG BOX'::bpchar))
                                 Rows Removed by Filter: 1998004
               ->  Index Scan using idx_lineitem_part_supp on lineitem  (cost=0.44..70.54 rows=10 width=17) (actual time=0.013..0.028 rows=3 loops=1996)
                     Index Cond: (l_partkey = lineitem_1.l_partkey)
                     Filter: (l_quantity < ((0.2 * avg(lineitem_1.l_quantity))))
                     Rows Removed by Filter: 27
 Settings: max_parallel_workers_per_gather = '0', work_mem = '128MB'
 Planning Time: 1.942 ms
 JIT:
   Functions: 33
   Options: Inlining true, Optimization true, Expressions true, Deforming true
   Timing: Generation 4.225 ms, Inlining 81.871 ms, Optimization 188.963 ms, Emission 117.825 ms, Total 392.885 ms
 Execution Time: 61905.035 ms
(26 rows)

===== 18.sql jit=on =====
                                                                                                 QUERY PLAN                                                                                                  
-------------------------------------------------------------------------------------------------------------------------------------------------------------------------------------------------------------
 Limit  (cost=9939337.53..9939337.78 rows=100 width=71) (actual time=44772.793..44772.807 rows=99 loops=1)
   ->  Sort  (cost=9939337.53..9989326.64 rows=19995647 width=71) (actual time=44465.741..44465.750 rows=99 loops=1)
         Sort Key: orders.o_totalprice DESC, orders.o_orderdate
         Sort Method: quicksort  Memory: 32kB
         ->  HashAggregate  (cost=8573686.70..9175118.27 rows=19995647 width=71) (actual time=44464.154..44465.626 rows=99 loops=1)
               Group Key: customer.c_custkey, orders.o_orderkey
               Planned Partitions: 64  Batches: 1  Memory Usage: 12369kB
               ->  Hash Join  (cost=70012.85..6617862.48 rows=19995647 width=44) (actual time=1526.349..44463.178 rows=693 loops=1)
                     Hash Cond: (orders.o_custkey = customer.c_custkey)
                     ->  Merge Join  (cost=434.25..6495795.17 rows=19995647 width=25) (actual time=990.780..43927.170 rows=693 loops=1)
                           Merge Cond: (orders.o_orderkey = lineitem.l_orderkey)
                           ->  Merge Join  (cost=1.00..3729776.49 rows=4999123 width=24) (actual time=719.695..31053.185 rows=99 loops=1)
                                 Merge Cond: (orders.o_orderkey = lineitem_1.l_orderkey)
                                 ->  Index Scan using orders_pkey on orders  (cost=0.43..650409.50 rows=14998004 width=20) (actual time=0.432..3114.083 rows=14982724 loops=1)
                                 ->  GroupAggregate  (cost=0.56..2929391.72 rows=4999123 width=4) (actual time=622.961..27124.558 rows=99 loops=1)
                                       Group Key: lineitem_1.l_orderkey
                                       Filter: (sum(lineitem_1.l_quantity) > '313'::numeric)
                                       Rows Removed by Filter: 14999901
                                       ->  Index Scan using idx_lineitem_orderkey on lineitem lineitem_1  (cost=0.56..2404483.77 rows=59989480 width=9) (actual time=0.840..13453.377 rows=59986052 loops=1)
                           ->  Index Scan using idx_lineitem_orderkey on lineitem  (cost=0.56..2404483.77 rows=59989480 width=9) (actual time=0.019..9625.623 rows=59916431 loops=1)
                     ->  Hash  (cost=50827.71..50827.71 rows=1500071 width=23) (actual time=531.253..531.254 rows=1500000 loops=1)
                           Buckets: 2097152  Batches: 1  Memory Usage: 98416kB
                           ->  Seq Scan on customer  (cost=0.00..50827.71 rows=1500071 width=23) (actual time=0.440..236.461 rows=1500000 loops=1)
 Settings: max_parallel_workers_per_gather = '0', work_mem = '128MB'
 Planning Time: 10.397 ms
 JIT:
   Functions: 30
   Options: Inlining true, Optimization true, Expressions true, Deforming true
   Timing: Generation 3.736 ms, Inlining 64.043 ms, Optimization 146.139 ms, Emission 96.604 ms, Total 310.521 ms
 Execution Time: 44861.156 ms
(30 rows)

===== 19.sql jit=on =====
                                                                                                                                                                                                                                                                                                                                                                                                                                                                                                            QUERY PLAN                                                                                                                                                                                                                                                                                                                                                                                                                                                                                                            
----------------------------------------------------------------------------------------------------------------------------------------------------------------------------------------------------------------------------------------------------------------------------------------------------------------------------------------------------------------------------------------------------------------------------------------------------------------------------------------------------------------------------------------------------------------------------------------------------------------------------------------------------------------------------------------------------------------------------------------------------------------------------------------------------------------------------------------------------------------------------------------------------------------------------------------------------------------------------------------------------------------------------------
 Limit  (cost=675995.04..675995.05 rows=1 width=32) (actual time=1403.793..1403.794 rows=1 loops=1)
   ->  Aggregate  (cost=675995.04..675995.05 rows=1 width=32) (actual time=1079.665..1079.665 rows=1 loops=1)
         ->  Nested Loop  (cost=0.44..675986.75 rows=1105 width=12) (actual time=2.924..1078.268 rows=1063 loops=1)
               ->  Seq Scan on part  (cost=0.00..125967.44 rows=4740 width=30) (actual time=0.278..436.865 rows=4781 loops=1)
                     Filter: ((p_size >= 1) AND (((p_brand = 'Brand#24'::bpchar) AND (p_container = ANY ('{"SM CASE","SM BOX","SM PACK","SM PKG"}'::bpchar[])) AND (p_size <= 5)) OR ((p_brand = 'Brand#43'::bpchar) AND (p_container = ANY ('{"MED BAG","MED BOX","MED PKG","MED PACK"}'::bpchar[])) AND (p_size <= 10)) OR ((p_brand = 'Brand#44'::bpchar) AND (p_container = ANY ('{"LG CASE","LG BOX","LG PACK","LG PKG"}'::bpchar[])) AND (p_size <= 15))))
                     Rows Removed by Filter: 1995219
               ->  Index Scan using idx_lineitem_part_supp on lineitem  (cost=0.44..116.03 rows=1 width=21) (actual time=0.120..0.133 rows=0 loops=4781)
                     Index Cond: (l_partkey = part.p_partkey)
                     Filter: ((l_shipmode = ANY ('{AIR,"AIR REG"}'::bpchar[])) AND (l_shipinstruct = 'DELIVER IN PERSON'::bpchar) AND (((l_quantity >= '10'::numeric) AND (l_quantity <= '20'::numeric)) OR ((l_quantity >= '10'::numeric) AND (l_quantity <= '20'::numeric)) OR ((l_quantity >= '20'::numeric) AND (l_quantity <= '30'::numeric))) AND (((part.p_brand = 'Brand#24'::bpchar) AND (part.p_container = ANY ('{"SM CASE","SM BOX","SM PACK","SM PKG"}'::bpchar[])) AND (l_quantity >= '10'::numeric) AND (l_quantity <= '20'::numeric) AND (part.p_size <= 5)) OR ((part.p_brand = 'Brand#43'::bpchar) AND (part.p_container = ANY ('{"MED BAG","MED BOX","MED PKG","MED PACK"}'::bpchar[])) AND (l_quantity >= '10'::numeric) AND (l_quantity <= '20'::numeric) AND (part.p_size <= 10)) OR ((part.p_brand = 'Brand#44'::bpchar) AND (part.p_container = ANY ('{"LG CASE","LG BOX","LG PACK","LG PKG"}'::bpchar[])) AND (l_quantity >= '20'::numeric) AND (l_quantity <= '30'::numeric) AND (part.p_size <= 15))))
                     Rows Removed by Filter: 30
 Settings: max_parallel_workers_per_gather = '0', work_mem = '128MB'
 Planning Time: 1.385 ms
 JIT:
   Functions: 12
   Options: Inlining true, Optimization true, Expressions true, Deforming true
   Timing: Generation 2.409 ms, Inlining 61.817 ms, Optimization 155.994 ms, Emission 106.031 ms, Total 326.251 ms
 Execution Time: 1420.756 ms
(17 rows)

===== 1.sql jit=on =====
ERROR:  syntax error at or near "analyze"
LINE 1: explain (settings, analyze) analyze select
                                    ^
===== 20-flattened.sql jit=on =====
                                                                        QUERY PLAN                                                                         
-----------------------------------------------------------------------------------------------------------------------------------------------------------
 HashAggregate  (cost=2106506.94..2268744.60 rows=4854161 width=40) (actual time=110676.212..118125.183 rows=5448842 loops=1)
   Group Key: l_partkey, l_suppkey
   Planned Partitions: 16  Batches: 81  Memory Usage: 135313kB  Disk Usage: 342848kB
   ->  Bitmap Heap Scan on lineitem  (cost=235085.30..1496984.48 rows=9157145 width=13) (actual time=1836.634..102189.186 rows=9123688 loops=1)
         Recheck Cond: ((l_shipdate >= '1996-01-01'::date) AND (l_shipdate < '1997-01-01'::date))
         Heap Blocks: exact=1048319
         ->  Bitmap Index Scan on idx_lineitem_shipdate  (cost=0.00..232796.02 rows=9157145 width=0) (actual time=1477.040..1477.040 rows=9123688 loops=1)
               Index Cond: ((l_shipdate >= '1996-01-01'::date) AND (l_shipdate < '1997-01-01'::date))
 Settings: max_parallel_workers_per_gather = '0', work_mem = '128MB'
 Planning Time: 3.954 ms
 JIT:
   Functions: 13
   Options: Inlining true, Optimization true, Expressions true, Deforming true
   Timing: Generation 3.006 ms, Inlining 74.606 ms, Optimization 134.617 ms, Emission 83.229 ms, Total 295.458 ms
 Execution Time: 118360.736 ms
(15 rows)

SELECT 5448842
CREATE INDEX
ANALYZE
                                                                                   QUERY PLAN                                                                                   
--------------------------------------------------------------------------------------------------------------------------------------------------------------------------------
 Limit  (cost=58851.70..58851.70 rows=1 width=51) (actual time=7639.246..7639.249 rows=1 loops=1)
   ->  Sort  (cost=58851.70..58851.70 rows=1 width=51) (actual time=7639.244..7639.246 rows=1 loops=1)
         Sort Key: supplier.s_name
         Sort Method: top-N heapsort  Memory: 25kB
         ->  Nested Loop Semi Join  (cost=48.59..58851.69 rows=1 width=51) (actual time=10.320..7634.390 rows=1821 loops=1)
               ->  Nested Loop  (cost=47.29..2404.57 rows=4000 width=55) (actual time=2.712..17.957 rows=4095 loops=1)
                     ->  Seq Scan on nation  (cost=0.00..1.31 rows=1 width=4) (actual time=0.265..0.269 rows=1 loops=1)
                           Filter: (n_name = 'IRAQ'::bpchar)
                           Rows Removed by Filter: 24
                     ->  Bitmap Heap Scan on supplier  (cost=47.29..2363.25 rows=4000 width=59) (actual time=2.438..16.373 rows=4095 loops=1)
                           Recheck Cond: (s_nationkey = nation.n_nationkey)
                           Heap Blocks: exact=1867
                           ->  Bitmap Index Scan on idx_supplier_nation_key  (cost=0.00..46.29 rows=4000 width=0) (actual time=1.871..1.872 rows=4095 loops=1)
                                 Index Cond: (s_nationkey = nation.n_nationkey)
               ->  Nested Loop  (cost=1.30..14.10 rows=1 width=8) (actual time=1.859..1.859 rows=0 loops=4095)
                     Join Filter: (supplier.s_suppkey = agg_lineitem.agg_suppkey)
                     ->  Nested Loop  (cost=0.87..13.61 rows=1 width=16) (actual time=1.629..1.852 rows=1 loops=4095)
                           ->  Index Scan using idx_partsupp_suppkey on partsupp  (cost=0.43..9.06 rows=79 width=12) (actual time=0.023..0.993 rows=61 loops=4095)
                                 Index Cond: (ps_suppkey = supplier.s_suppkey)
                           ->  Memoize  (cost=0.44..0.48 rows=1 width=4) (actual time=0.014..0.014 rows=0 loops=248000)
                                 Cache Key: partsupp.ps_partkey
                                 Hits: 11702  Misses: 236298  Evictions: 0  Overflows: 0  Memory Usage: 15783kB
                                 ->  Index Scan using part_pkey on part  (cost=0.43..0.47 rows=1 width=4) (actual time=0.014..0.014 rows=0 loops=236298)
                                       Index Cond: (p_partkey = partsupp.ps_partkey)
                                       Filter: ((p_name)::text ~~ 'olive%'::text)
                                       Rows Removed by Filter: 1
                     ->  Index Scan using idx_tmp_agg_lineitem on tmp_agg_lineitem agg_lineitem  (cost=0.43..0.48 rows=1 width=13) (actual time=0.010..0.010 rows=1 loops=2732)
                           Index Cond: ((agg_partkey = partsupp.ps_partkey) AND (agg_suppkey = partsupp.ps_suppkey))
                           Filter: ((partsupp.ps_availqty)::numeric > agg_quantity)
                           Rows Removed by Filter: 0
 Settings: max_parallel_workers_per_gather = '0', work_mem = '128MB'
 Planning Time: 7.998 ms
 Execution Time: 7640.555 ms
(33 rows)

DROP TABLE
===== 20.sql jit=on =====
                                                                                          QUERY PLAN                                                                                           
-----------------------------------------------------------------------------------------------------------------------------------------------------------------------------------------------
 Limit  (cost=2431745.96..2431745.96 rows=1 width=51) (actual time=137031.993..137031.998 rows=1 loops=1)
   ->  Sort  (cost=2431745.96..2431745.96 rows=1 width=51) (actual time=136626.924..136626.929 rows=1 loops=1)
         Sort Key: supplier.s_name
         Sort Method: top-N heapsort  Memory: 25kB
         ->  Nested Loop Semi Join  (cost=2172723.51..2431745.95 rows=1 width=51) (actual time=111872.888..136623.999 rows=1821 loops=1)
               Join Filter: (supplier.s_suppkey = lineitem.l_suppkey)
               Rows Removed by Join Filter: 183310388
               ->  Nested Loop  (cost=0.00..4467.31 rows=4000 width=55) (actual time=0.033..25.928 rows=4095 loops=1)
                     Join Filter: (supplier.s_nationkey = nation.n_nationkey)
                     Rows Removed by Join Filter: 95905
                     ->  Seq Scan on nation  (cost=0.00..1.31 rows=1 width=4) (actual time=0.019..0.023 rows=1 loops=1)
                           Filter: (n_name = 'IRAQ'::bpchar)
                           Rows Removed by Filter: 24
                     ->  Seq Scan on supplier  (cost=0.00..3216.00 rows=100000 width=59) (actual time=0.009..19.460 rows=100000 loops=1)
               ->  Materialize  (cost=2172723.51..2427098.64 rows=3 width=8) (actual time=26.140..31.206 rows=44765 loops=4095)
                     ->  Nested Loop  (cost=2172723.51..2427098.63 rows=3 width=8) (actual time=107044.609..119677.043 rows=59002 loops=1)
                           ->  Hash Join  (cost=2172723.08..2396244.54 rows=49031 width=44) (actual time=107043.880..115748.978 rows=59125 loops=1)
                                 Hash Cond: (lineitem.l_partkey = part.p_partkey)
                                 ->  HashAggregate  (cost=2106506.94..2268744.60 rows=4854161 width=40) (actual time=106708.854..114626.443 rows=5448842 loops=1)
                                       Group Key: lineitem.l_partkey, lineitem.l_suppkey
                                       Planned Partitions: 16  Batches: 81  Memory Usage: 135313kB  Disk Usage: 342848kB
                                       ->  Bitmap Heap Scan on lineitem  (cost=235085.30..1496984.48 rows=9157145 width=13) (actual time=1824.865..98671.144 rows=9123688 loops=1)
                                             Recheck Cond: ((l_shipdate >= '1996-01-01'::date) AND (l_shipdate < '1997-01-01'::date))
                                             Heap Blocks: exact=1048319
                                             ->  Bitmap Index Scan on idx_lineitem_shipdate  (cost=0.00..232796.02 rows=9157145 width=0) (actual time=1465.118..1465.118 rows=9123688 loops=1)
                                                   Index Cond: ((l_shipdate >= '1996-01-01'::date) AND (l_shipdate < '1997-01-01'::date))
                                 ->  Hash  (cost=65963.60..65963.60 rows=20203 width=4) (actual time=334.907..334.908 rows=21718 loops=1)
                                       Buckets: 32768  Batches: 1  Memory Usage: 1020kB
                                       ->  Seq Scan on part  (cost=0.00..65963.60 rows=20203 width=4) (actual time=0.459..327.369 rows=21718 loops=1)
                                             Filter: ((p_name)::text ~~ 'olive%'::text)
                                             Rows Removed by Filter: 1978282
                           ->  Index Scan using partsupp_pkey on partsupp  (cost=0.43..0.62 rows=1 width=12) (actual time=0.065..0.065 rows=1 loops=59125)
                                 Index Cond: ((ps_partkey = lineitem.l_partkey) AND (ps_suppkey = lineitem.l_suppkey))
                                 Filter: ((ps_availqty)::numeric > ((0.5 * sum(lineitem.l_quantity))))
                                 Rows Removed by Filter: 0
 Settings: max_parallel_workers_per_gather = '0', work_mem = '128MB'
 Planning Time: 7.003 ms
 JIT:
   Functions: 42
   Options: Inlining true, Optimization true, Expressions true, Deforming true
   Timing: Generation 5.035 ms, Inlining 82.903 ms, Optimization 252.721 ms, Emission 156.304 ms, Total 496.962 ms
 Execution Time: 137093.939 ms
(42 rows)

===== 21.sql jit=on =====
                                                                                            QUERY PLAN                                                                                             
---------------------------------------------------------------------------------------------------------------------------------------------------------------------------------------------------
 Limit  (cost=4271950.75..4271950.75 rows=1 width=34) (actual time=51934.243..51934.260 rows=100 loops=1)
   ->  Sort  (cost=4271950.75..4271950.75 rows=1 width=34) (actual time=51466.087..51466.097 rows=100 loops=1)
         Sort Key: (count(*)) DESC, supplier.s_name
         Sort Method: top-N heapsort  Memory: 38kB
         ->  GroupAggregate  (cost=4271950.72..4271950.74 rows=1 width=34) (actual time=51457.342..51464.805 rows=3991 loops=1)
               Group Key: supplier.s_name
               ->  Sort  (cost=4271950.72..4271950.72 rows=1 width=26) (actual time=51457.319..51460.267 rows=39281 loops=1)
                     Sort Key: supplier.s_name
                     Sort Method: quicksort  Memory: 3378kB
                     ->  Nested Loop Semi Join  (cost=2204934.23..4271950.71 rows=1 width=26) (actual time=16251.190..51282.754 rows=39281 loops=1)
                           Join Filter: (l2.l_suppkey <> l1.l_suppkey)
                           Rows Removed by Join Filter: 42023
                           ->  Nested Loop  (cost=2204933.66..4271943.17 rows=1 width=38) (actual time=16241.563..46019.185 rows=65960 loops=1)
                                 ->  Hash Anti Join  (cost=2204933.23..4271935.85 rows=1 width=34) (actual time=16239.575..34333.633 rows=134155 loops=1)
                                       Hash Cond: (l1.l_orderkey = l3.l_orderkey)
                                       Join Filter: (l3.l_suppkey <> l1.l_suppkey)
                                       Rows Removed by Join Filter: 547662
                                       ->  Hash Join  (cost=2454.57..1959850.52 rows=799860 width=34) (actual time=21.333..13404.604 rows=1514267 loops=1)
                                             Hash Cond: (l1.l_suppkey = supplier.s_suppkey)
                                             ->  Seq Scan on lineitem l1  (cost=0.00..1874410.50 rows=19996493 width=8) (actual time=0.342..9949.786 rows=37929348 loops=1)
                                                   Filter: (l_receiptdate > l_commitdate)
                                                   Rows Removed by Filter: 22056704
                                             ->  Hash  (cost=2404.57..2404.57 rows=4000 width=30) (actual time=20.944..20.945 rows=3991 loops=1)
                                                   Buckets: 4096  Batches: 1  Memory Usage: 282kB
                                                   ->  Nested Loop  (cost=47.29..2404.57 rows=4000 width=30) (actual time=3.114..20.044 rows=3991 loops=1)
                                                         ->  Seq Scan on nation  (cost=0.00..1.31 rows=1 width=4) (actual time=0.375..0.378 rows=1 loops=1)
                                                               Filter: (n_name = 'PERU'::bpchar)
                                                               Rows Removed by Filter: 24
                                                         ->  Bitmap Heap Scan on supplier  (cost=47.29..2363.25 rows=4000 width=34) (actual time=2.731..19.176 rows=3991 loops=1)
                                                               Recheck Cond: (s_nationkey = nation.n_nationkey)
                                                               Heap Blocks: exact=1873
                                                               ->  Bitmap Index Scan on idx_supplier_nation_key  (cost=0.00..46.29 rows=4000 width=0) (actual time=1.960..1.960 rows=3991 loops=1)
                                                                     Index Cond: (s_nationkey = nation.n_nationkey)
                                       ->  Hash  (cost=1874410.50..1874410.50 rows=19996493 width=8) (actual time=16205.640..16205.641 rows=37929348 loops=1)
                                             Buckets: 4194304  Batches: 16  Memory Usage: 125295kB
                                             ->  Seq Scan on lineitem l3  (cost=0.00..1874410.50 rows=19996493 width=8) (actual time=0.024..10830.433 rows=37929348 loops=1)
                                                   Filter: (l_receiptdate > l_commitdate)
                                                   Rows Removed by Filter: 22056704
                                 ->  Index Scan using orders_pkey on orders  (cost=0.43..7.32 rows=1 width=4) (actual time=0.086..0.086 rows=0 loops=134155)
                                       Index Cond: (o_orderkey = l1.l_orderkey)
                                       Filter: (o_orderstatus = 'F'::bpchar)
                                       Rows Removed by Filter: 1
                           ->  Index Scan using idx_lineitem_orderkey on lineitem l2  (cost=0.56..7.52 rows=4 width=8) (actual time=0.078..0.079 rows=1 loops=65960)
                                 Index Cond: (l_orderkey = orders.o_orderkey)
 Settings: max_parallel_workers_per_gather = '0', work_mem = '128MB'
 Planning Time: 11.309 ms
 JIT:
   Functions: 47
   Options: Inlining true, Optimization true, Expressions true, Deforming true
   Timing: Generation 5.621 ms, Inlining 64.536 ms, Optimization 243.367 ms, Emission 159.882 ms, Total 473.407 ms
 Execution Time: 52036.706 ms
(51 rows)

===== 22.sql jit=on =====
                                                                          QUERY PLAN                                                                          
--------------------------------------------------------------------------------------------------------------------------------------------------------------
 Limit  (cost=163021.45..163021.48 rows=1 width=72) (actual time=2077.594..2077.597 rows=1 loops=1)
   InitPlan 1 (returns $0)
     ->  Aggregate  (cost=75323.14..75323.15 rows=1 width=32) (actual time=915.691..915.692 rows=1 loops=1)
           ->  Seq Scan on customer customer_1  (cost=0.00..75203.86 rows=47710 width=6) (actual time=0.014..866.420 rows=382426 loops=1)
                 Filter: ((c_acctbal > 0.00) AND (SUBSTRING(c_phone FROM 1 FOR 2) = ANY ('{21,29,26,34,14,15,17}'::text[])))
                 Rows Removed by Filter: 1117574
   ->  GroupAggregate  (cost=87698.30..87913.29 rows=7818 width=72) (actual time=2062.519..2062.520 rows=1 loops=1)
         Group Key: (SUBSTRING(customer.c_phone FROM 1 FOR 2))
         ->  Sort  (cost=87698.30..87717.84 rows=7818 width=38) (actual time=2060.611..2061.017 rows=9006 loops=1)
               Sort Key: (SUBSTRING(customer.c_phone FROM 1 FOR 2))
               Sort Method: quicksort  Memory: 4513kB
               ->  Nested Loop Anti Join  (cost=0.43..87192.76 rows=7818 width=38) (actual time=915.771..2036.866 rows=63509 loops=1)
                     ->  Seq Scan on customer  (cost=0.00..75203.86 rows=17501 width=26) (actual time=915.752..1603.198 rows=191129 loops=1)
                           Filter: ((c_acctbal > $0) AND (SUBSTRING(c_phone FROM 1 FOR 2) = ANY ('{21,29,26,34,14,15,17}'::text[])))
                           Rows Removed by Filter: 1308871
                     ->  Index Only Scan using idx_orders_custkey on orders  (cost=0.43..3.30 rows=18 width=4) (actual time=0.002..0.002 rows=1 loops=191129)
                           Index Cond: (o_custkey = customer.c_custkey)
                           Heap Fetches: 0
 Settings: max_parallel_workers_per_gather = '0', work_mem = '128MB'
 Planning Time: 0.922 ms
 JIT:
   Functions: 17
   Options: Inlining false, Optimization false, Expressions true, Deforming true
   Timing: Generation 2.256 ms, Inlining 0.000 ms, Optimization 0.585 ms, Emission 14.232 ms, Total 17.073 ms
 Execution Time: 2093.467 ms
(25 rows)

===== 2-flattened.sql jit=on =====
                                                                       QUERY PLAN                                                                        
---------------------------------------------------------------------------------------------------------------------------------------------------------
 HashAggregate  (cost=207090.00..211687.63 rows=459763 width=36) (actual time=3745.224..4248.741 rows=1182884 loops=1)
   Group Key: partsupp.ps_partkey
   Batches: 5  Memory Usage: 139313kB  Disk Usage: 15632kB
   ->  Nested Loop  (cost=42.10..199147.27 rows=1588545 width=10) (actual time=15.298..2930.855 rows=1604080 loops=1)
         ->  Nested Loop  (cost=41.67..2184.07 rows=20000 width=4) (actual time=15.278..70.792 rows=20051 loops=1)
               ->  Nested Loop  (cost=0.14..13.95 rows=5 width=4) (actual time=14.534..14.561 rows=5 loops=1)
                     Join Filter: (nation.n_regionkey = region.r_regionkey)
                     Rows Removed by Join Filter: 20
                     ->  Index Scan using nation_pkey on nation  (cost=0.14..12.51 rows=25 width=8) (actual time=0.035..0.048 rows=25 loops=1)
                     ->  Materialize  (cost=0.00..1.07 rows=1 width=4) (actual time=0.580..0.580 rows=1 loops=25)
                           ->  Seq Scan on region  (cost=0.00..1.06 rows=1 width=4) (actual time=14.479..14.481 rows=1 loops=1)
                                 Filter: (r_name = 'AMERICA'::bpchar)
                                 Rows Removed by Filter: 4
               ->  Bitmap Heap Scan on supplier  (cost=41.53..394.02 rows=4000 width=8) (actual time=0.674..10.400 rows=4010 loops=5)
                     Recheck Cond: (s_nationkey = nation.n_nationkey)
                     Heap Blocks: exact=9388
                     ->  Bitmap Index Scan on idx_supplier_nation_key  (cost=0.00..40.53 rows=4000 width=0) (actual time=0.418..0.418 rows=4010 loops=5)
                           Index Cond: (s_nationkey = nation.n_nationkey)
         ->  Index Scan using idx_partsupp_suppkey on partsupp  (cost=0.43..9.06 rows=79 width=14) (actual time=0.007..0.130 rows=80 loops=20051)
               Index Cond: (ps_suppkey = supplier.s_suppkey)
 Settings: max_parallel_workers_per_gather = '0', work_mem = '128MB'
 Planning Time: 1.515 ms
 JIT:
   Functions: 27
   Options: Inlining false, Optimization false, Expressions true, Deforming true
   Timing: Generation 3.508 ms, Inlining 0.000 ms, Optimization 1.001 ms, Emission 17.827 ms, Total 22.336 ms
 Execution Time: 4309.815 ms
(27 rows)

SELECT 1182884
CREATE INDEX
ANALYZE
                                                                             QUERY PLAN                                                                             
--------------------------------------------------------------------------------------------------------------------------------------------------------------------
 Limit  (cost=484887.98..484887.98 rows=1 width=192) (actual time=3873.173..3873.189 rows=100 loops=1)
   ->  Sort  (cost=484887.98..484887.98 rows=1 width=192) (actual time=3847.351..3847.361 rows=100 loops=1)
         Sort Key: supplier.s_acctbal DESC, nation.n_name, supplier.s_name, part.p_partkey
         Sort Method: top-N heapsort  Memory: 71kB
         ->  Hash Join  (cost=264350.00..484887.97 rows=1 width=192) (actual time=3086.247..3844.560 rows=4737 loops=1)
               Hash Cond: ((part.p_partkey = partsupp.ps_partkey) AND ((SubPlan 1) = partsupp.ps_supplycost))
               ->  Seq Scan on part  (cost=0.00..70963.92 rows=8728 width=30) (actual time=0.027..456.072 rows=8046 loops=1)
                     Filter: (((p_type)::text ~~ '%NICKEL'::text) AND (p_size = 16))
                     Rows Removed by Filter: 1991954
               ->  Hash  (cost=201738.82..201738.82 rows=1588545 width=172) (actual time=3085.243..3085.246 rows=1604080 loops=1)
                     Buckets: 1048576  Batches: 4  Memory Usage: 90233kB
                     ->  Nested Loop  (cost=2.00..201738.82 rows=1588545 width=172) (actual time=0.084..2353.085 rows=1604080 loops=1)
                           ->  Nested Loop  (cost=1.56..4775.62 rows=20000 width=166) (actual time=0.065..65.932 rows=20051 loops=1)
                                 Join Filter: (nation.n_regionkey = region.r_regionkey)
                                 Rows Removed by Join Filter: 79949
                                 ->  Seq Scan on region  (cost=0.00..1.06 rows=1 width=4) (actual time=0.028..0.030 rows=1 loops=1)
                                       Filter: (r_name = 'AMERICA'::bpchar)
                                       Rows Removed by Filter: 4
                                 ->  Hash Join  (cost=1.56..3524.56 rows=100000 width=170) (actual time=0.034..58.325 rows=100000 loops=1)
                                       Hash Cond: (supplier.s_nationkey = nation.n_nationkey)
                                       ->  Seq Scan on supplier  (cost=0.00..3216.00 rows=100000 width=144) (actual time=0.006..17.425 rows=100000 loops=1)
                                       ->  Hash  (cost=1.25..1.25 rows=25 width=34) (actual time=0.015..0.016 rows=25 loops=1)
                                             Buckets: 1024  Batches: 1  Memory Usage: 10kB
                                             ->  Seq Scan on nation  (cost=0.00..1.25 rows=25 width=34) (actual time=0.004..0.008 rows=25 loops=1)
                           ->  Index Scan using idx_partsupp_suppkey on partsupp  (cost=0.43..9.06 rows=79 width=14) (actual time=0.005..0.100 rows=80 loops=20051)
                                 Index Cond: (ps_suppkey = supplier.s_suppkey)
               SubPlan 1
                 ->  Index Scan using tmp_supplycost_idx on tmp_supplycost  (cost=0.43..8.45 rows=1 width=6) (actual time=0.004..0.004 rows=1 loops=12783)
                       Index Cond: (ps_partkey = part.p_partkey)
 Settings: max_parallel_workers_per_gather = '0', work_mem = '128MB'
 Planning Time: 1.315 ms
 JIT:
   Functions: 41
   Options: Inlining false, Optimization false, Expressions true, Deforming true
   Timing: Generation 4.241 ms, Inlining 0.000 ms, Optimization 0.992 ms, Emission 24.468 ms, Total 29.701 ms
 Execution Time: 3877.819 ms
(36 rows)

DROP TABLE
===== 2.sql jit=on =====
                                                                                        QUERY PLAN                                                                                         
-------------------------------------------------------------------------------------------------------------------------------------------------------------------------------------------
 Limit  (cost=1682965.63..1682965.63 rows=1 width=192) (actual time=5947.096..5947.113 rows=100 loops=1)
   ->  Sort  (cost=1682965.63..1682965.63 rows=1 width=192) (actual time=5275.564..5275.575 rows=100 loops=1)
         Sort Key: supplier.s_acctbal DESC, nation.n_name, supplier.s_name, part.p_partkey
         Sort Method: top-N heapsort  Memory: 71kB
         ->  Merge Join  (cost=501094.33..1682965.62 rows=1 width=192) (actual time=3825.741..5272.424 rows=4737 loops=1)
               Merge Cond: (part.p_partkey = partsupp.ps_partkey)
               Join Filter: (partsupp.ps_supplycost = (SubPlan 1))
               Rows Removed by Join Filter: 1661
               ->  Index Scan using part_pkey on part  (cost=0.43..102915.99 rows=8728 width=30) (actual time=0.048..587.700 rows=8046 loops=1)
                     Filter: (((p_type)::text ~~ '%NICKEL'::text) AND (p_size = 16))
                     Rows Removed by Filter: 1991954
               ->  Materialize  (cost=501093.70..509036.42 rows=1588545 width=172) (actual time=3825.521..4332.148 rows=1603828 loops=1)
                     ->  Sort  (cost=501093.70..505065.06 rows=1588545 width=172) (actual time=3825.517..4124.371 rows=1603828 loops=1)
                           Sort Key: partsupp.ps_partkey
                           Sort Method: external merge  Disk: 293456kB
                           ->  Nested Loop  (cost=2.00..201738.82 rows=1588545 width=172) (actual time=0.065..2615.193 rows=1604080 loops=1)
                                 ->  Nested Loop  (cost=1.56..4775.62 rows=20000 width=166) (actual time=0.049..53.780 rows=20051 loops=1)
                                       Join Filter: (nation.n_regionkey = region.r_regionkey)
                                       Rows Removed by Join Filter: 79949
                                       ->  Seq Scan on region  (cost=0.00..1.06 rows=1 width=4) (actual time=0.015..0.017 rows=1 loops=1)
                                             Filter: (r_name = 'AMERICA'::bpchar)
                                             Rows Removed by Filter: 4
                                       ->  Hash Join  (cost=1.56..3524.56 rows=100000 width=170) (actual time=0.031..46.704 rows=100000 loops=1)
                                             Hash Cond: (supplier.s_nationkey = nation.n_nationkey)
                                             ->  Seq Scan on supplier  (cost=0.00..3216.00 rows=100000 width=144) (actual time=0.003..15.618 rows=100000 loops=1)
                                             ->  Hash  (cost=1.25..1.25 rows=25 width=34) (actual time=0.017..0.018 rows=25 loops=1)
                                                   Buckets: 1024  Batches: 1  Memory Usage: 10kB
                                                   ->  Seq Scan on nation  (cost=0.00..1.25 rows=25 width=34) (actual time=0.007..0.010 rows=25 loops=1)
                                 ->  Index Scan using idx_partsupp_suppkey on partsupp  (cost=0.43..9.06 rows=79 width=14) (actual time=0.005..0.117 rows=80 loops=20051)
                                       Index Cond: (ps_suppkey = supplier.s_suppkey)
               SubPlan 1
                 ->  Aggregate  (cost=153.90..153.91 rows=1 width=32) (actual time=0.029..0.029 rows=1 loops=6398)
                       ->  Nested Loop  (cost=0.86..153.90 rows=3 width=6) (actual time=0.018..0.027 rows=2 loops=6398)
                             Join Filter: (nation_1.n_regionkey = region_1.r_regionkey)
                             Rows Removed by Join Filter: 2
                             ->  Seq Scan on region region_1  (cost=0.00..1.06 rows=1 width=4) (actual time=0.001..0.002 rows=1 loops=6398)
                                   Filter: (r_name = 'AMERICA'::bpchar)
                                   Rows Removed by Filter: 4
                             ->  Nested Loop  (cost=0.86..152.62 rows=17 width=10) (actual time=0.011..0.025 rows=4 loops=6398)
                                   ->  Nested Loop  (cost=0.72..150.00 rows=17 width=10) (actual time=0.009..0.019 rows=4 loops=6398)
                                         ->  Index Scan using idx_partsupp_partkey on partsupp partsupp_1  (cost=0.43..8.73 rows=17 width=10) (actual time=0.006..0.007 rows=4 loops=6398)
                                               Index Cond: (ps_partkey = part.p_partkey)
                                         ->  Index Scan using supplier_pkey on supplier supplier_1  (cost=0.29..8.31 rows=1 width=8) (actual time=0.003..0.003 rows=1 loops=25592)
                                               Index Cond: (s_suppkey = partsupp_1.ps_suppkey)
                                   ->  Index Scan using nation_pkey on nation nation_1  (cost=0.14..0.16 rows=1 width=8) (actual time=0.001..0.001 rows=1 loops=25592)
                                         Index Cond: (n_nationkey = supplier_1.s_nationkey)
 Settings: max_parallel_workers_per_gather = '0', work_mem = '128MB'
 Planning Time: 2.610 ms
 JIT:
   Functions: 57
   Options: Inlining true, Optimization true, Expressions true, Deforming true
   Timing: Generation 5.867 ms, Inlining 65.043 ms, Optimization 365.749 ms, Emission 240.235 ms, Total 676.893 ms
 Execution Time: 5990.540 ms
(53 rows)

===== 3.sql jit=on =====
                                                                                     QUERY PLAN                                                                                      
-------------------------------------------------------------------------------------------------------------------------------------------------------------------------------------
 Limit  (cost=2966805.12..2966805.15 rows=10 width=44) (actual time=35793.266..35793.272 rows=10 loops=1)
   ->  Sort  (cost=2966805.12..2974804.47 rows=3199739 width=44) (actual time=35372.108..35372.112 rows=10 loops=1)
         Sort Key: (sum((lineitem.l_extendedprice * ('1'::numeric - lineitem.l_discount)))) DESC, orders.o_orderdate
         Sort Method: top-N heapsort  Memory: 26kB
         ->  HashAggregate  (cost=2820166.23..2897659.91 rows=3199739 width=44) (actual time=35297.737..35351.902 rows=113934 loops=1)
               Group Key: lineitem.l_orderkey, orders.o_orderdate, orders.o_shippriority
               Planned Partitions: 16  Batches: 1  Memory Usage: 61457kB
               ->  Hash Join  (cost=528218.13..2558187.60 rows=3199739 width=24) (actual time=21659.960..35029.674 rows=301530 loops=1)
                     Hash Cond: (lineitem.l_orderkey = orders.o_orderkey)
                     ->  Seq Scan on lineitem  (cost=0.00..1874410.50 rows=32949755 width=16) (actual time=0.393..9814.906 rows=32534229 loops=1)
                           Filter: (l_shipdate > '1995-03-07'::date)
                           Rows Removed by Filter: 27451823
                     ->  Hash  (cost=510012.49..510012.49 rows=1456451 width=12) (actual time=21654.875..21654.877 rows=1451805 loops=1)
                           Buckets: 2097152  Batches: 1  Memory Usage: 78767kB
                           ->  Hash Join  (cost=139376.87..510012.49 rows=1456451 width=12) (actual time=1114.185..21149.198 rows=1451805 loops=1)
                                 Hash Cond: (orders.o_custkey = customer.c_custkey)
                                 ->  Bitmap Heap Scan on orders  (cost=81034.43..432627.07 rows=7254451 width=16) (actual time=785.442..18707.210 rows=7239437 loops=1)
                                       Recheck Cond: (o_orderdate < '1995-03-07'::date)
                                       Heap Blocks: exact=260912
                                       ->  Bitmap Index Scan on idx_orders_orderdate  (cost=0.00..79220.82 rows=7254451 width=0) (actual time=714.886..714.886 rows=7239437 loops=1)
                                             Index Cond: (o_orderdate < '1995-03-07'::date)
                                 ->  Hash  (cost=54577.89..54577.89 rows=301164 width=4) (actual time=327.571..327.572 rows=300276 loops=1)
                                       Buckets: 524288  Batches: 1  Memory Usage: 14653kB
                                       ->  Seq Scan on customer  (cost=0.00..54577.89 rows=301164 width=4) (actual time=0.448..270.749 rows=300276 loops=1)
                                             Filter: (c_mktsegment = 'BUILDING'::bpchar)
                                             Rows Removed by Filter: 1199724
 Settings: max_parallel_workers_per_gather = '0', work_mem = '128MB'
 Planning Time: 6.838 ms
 JIT:
   Functions: 31
   Options: Inlining true, Optimization true, Expressions true, Deforming true
   Timing: Generation 3.522 ms, Inlining 61.833 ms, Optimization 218.499 ms, Emission 140.490 ms, Total 424.344 ms
 Execution Time: 35836.330 ms
(33 rows)

===== 4.sql jit=on =====
                                                                             QUERY PLAN                                                                             
--------------------------------------------------------------------------------------------------------------------------------------------------------------------
 Limit  (cost=2588369.09..2588369.09 rows=1 width=24) (actual time=40856.129..40856.132 rows=1 loops=1)
   ->  Sort  (cost=2588369.09..2588369.10 rows=5 width=24) (actual time=40632.846..40632.849 rows=1 loops=1)
         Sort Key: orders.o_orderpriority
         Sort Method: top-N heapsort  Memory: 25kB
         ->  HashAggregate  (cost=2588369.01..2588369.06 rows=5 width=24) (actual time=40632.792..40632.796 rows=5 loops=1)
               Group Key: orders.o_orderpriority
               Batches: 1  Memory Usage: 24kB
               ->  Hash Semi Join  (cost=2210576.83..2585408.29 rows=592144 width=16) (actual time=15537.359..40501.799 rows=513822 loops=1)
                     Hash Cond: (orders.o_orderkey = lineitem.l_orderkey)
                     ->  Bitmap Heap Scan on orders  (cost=8098.17..277892.70 rows=592169 width=20) (actual time=144.459..20804.991 rows=560424 loops=1)
                           Recheck Cond: ((o_orderdate >= '1993-12-01'::date) AND (o_orderdate < '1994-03-01'::date))
                           Heap Blocks: exact=231732
                           ->  Bitmap Index Scan on idx_orders_orderdate  (cost=0.00..7950.13 rows=592169 width=0) (actual time=82.040..82.041 rows=560424 loops=1)
                                 Index Cond: ((o_orderdate >= '1993-12-01'::date) AND (o_orderdate < '1994-03-01'::date))
                     ->  Hash  (cost=1874410.50..1874410.50 rows=19996493 width=4) (actual time=15383.208..15383.209 rows=37929348 loops=1)
                           Buckets: 4194304  Batches: 16  Memory Usage: 116042kB
                           ->  Seq Scan on lineitem  (cost=0.00..1874410.50 rows=19996493 width=4) (actual time=0.412..10369.725 rows=37929348 loops=1)
                                 Filter: (l_commitdate < l_receiptdate)
                                 Rows Removed by Filter: 22056704
 Settings: max_parallel_workers_per_gather = '0', work_mem = '128MB'
 Planning Time: 6.020 ms
 JIT:
   Functions: 19
   Options: Inlining true, Optimization true, Expressions true, Deforming true
   Timing: Generation 2.123 ms, Inlining 55.871 ms, Optimization 103.302 ms, Emission 63.878 ms, Total 225.174 ms
 Execution Time: 40898.285 ms
(26 rows)

===== 5.sql jit=on =====
                                                                                           QUERY PLAN                                                                                            
-------------------------------------------------------------------------------------------------------------------------------------------------------------------------------------------------
 Limit  (cost=2372101.44..2372101.44 rows=1 width=58) (actual time=39146.212..39146.220 rows=1 loops=1)
   ->  Sort  (cost=2372101.44..2372101.50 rows=25 width=58) (actual time=38603.532..38603.539 rows=1 loops=1)
         Sort Key: (sum((lineitem.l_extendedprice * ('1'::numeric - lineitem.l_discount)))) DESC
         Sort Method: top-N heapsort  Memory: 25kB
         ->  GroupAggregate  (cost=2371196.49..2372101.32 rows=25 width=58) (actual time=38578.372..38603.487 rows=5 loops=1)
               Group Key: nation.n_name
               ->  Sort  (cost=2371196.49..2371377.39 rows=72361 width=38) (actual time=38572.125..38575.898 rows=72033 loops=1)
                     Sort Key: nation.n_name
                     Sort Method: quicksort  Memory: 8700kB
                     ->  Hash Join  (cost=421938.73..2365355.90 rows=72361 width=38) (actual time=21828.721..38527.231 rows=72033 loops=1)
                           Hash Cond: ((lineitem.l_suppkey = supplier.s_suppkey) AND (customer.c_nationkey = supplier.s_nationkey))
                           ->  Hash Join  (cost=417222.73..2351142.34 rows=1809057 width=50) (actual time=21786.286..38019.598 rows=1815327 loops=1)
                                 Hash Cond: (orders.o_custkey = customer.c_custkey)
                                 ->  Hash Join  (cost=354016.93..2235926.16 rows=9045286 width=20) (actual time=21349.313..36208.183 rows=9108027 loops=1)
                                       Hash Cond: (lineitem.l_orderkey = orders.o_orderkey)
                                       ->  Seq Scan on lineitem  (cost=0.00..1724436.80 rows=59989480 width=20) (actual time=0.249..7440.033 rows=59986052 loops=1)
                                       ->  Hash  (cost=325749.21..325749.21 rows=2261417 width=8) (actual time=21340.085..21340.086 rows=2276638 loops=1)
                                             Buckets: 4194304  Batches: 1  Memory Usage: 121700kB
                                             ->  Bitmap Heap Scan on orders  (cost=30915.96..325749.21 rows=2261417 width=8) (actual time=319.531..20640.775 rows=2276638 loops=1)
                                                   Recheck Cond: ((o_orderdate >= '1993-01-01'::date) AND (o_orderdate < '1994-01-01'::date))
                                                   Heap Blocks: exact=260897
                                                   ->  Bitmap Index Scan on idx_orders_orderdate  (cost=0.00..30350.61 rows=2261417 width=0) (actual time=249.404..249.405 rows=2276638 loops=1)
                                                         Index Cond: ((o_orderdate >= '1993-01-01'::date) AND (o_orderdate < '1994-01-01'::date))
                                 ->  Hash  (cost=59455.62..59455.62 rows=300014 width=38) (actual time=435.693..435.696 rows=299436 loops=1)
                                       Buckets: 524288  Batches: 1  Memory Usage: 25151kB
                                       ->  Hash Join  (cost=2.51..59455.62 rows=300014 width=38) (actual time=1.117..363.936 rows=299436 loops=1)
                                             Hash Cond: (customer.c_nationkey = nation.n_nationkey)
                                             ->  Seq Scan on customer  (cost=0.00..50827.71 rows=1500071 width=8) (actual time=0.427..213.401 rows=1500000 loops=1)
                                             ->  Hash  (cost=2.45..2.45 rows=5 width=30) (actual time=0.676..0.677 rows=5 loops=1)
                                                   Buckets: 1024  Batches: 1  Memory Usage: 9kB
                                                   ->  Hash Join  (cost=1.07..2.45 rows=5 width=30) (actual time=0.663..0.669 rows=5 loops=1)
                                                         Hash Cond: (nation.n_regionkey = region.r_regionkey)
                                                         ->  Seq Scan on nation  (cost=0.00..1.25 rows=25 width=34) (actual time=0.341..0.343 rows=25 loops=1)
                                                         ->  Hash  (cost=1.06..1.06 rows=1 width=4) (actual time=0.308..0.309 rows=1 loops=1)
                                                               Buckets: 1024  Batches: 1  Memory Usage: 9kB
                                                               ->  Seq Scan on region  (cost=0.00..1.06 rows=1 width=4) (actual time=0.300..0.301 rows=1 loops=1)
                                                                     Filter: (r_name = 'AMERICA'::bpchar)
                                                                     Rows Removed by Filter: 4
                           ->  Hash  (cost=3216.00..3216.00 rows=100000 width=8) (actual time=40.261..40.262 rows=100000 loops=1)
                                 Buckets: 131072  Batches: 1  Memory Usage: 4931kB
                                 ->  Seq Scan on supplier  (cost=0.00..3216.00 rows=100000 width=8) (actual time=0.531..23.824 rows=100000 loops=1)
 Settings: max_parallel_workers_per_gather = '0', work_mem = '128MB'
 Planning Time: 10.866 ms
 JIT:
   Functions: 55
   Options: Inlining true, Optimization true, Expressions true, Deforming true
   Timing: Generation 5.343 ms, Inlining 61.614 ms, Optimization 293.558 ms, Emission 187.102 ms, Total 547.617 ms
 Execution Time: 39188.083 ms
(48 rows)

===== 6.sql jit=on =====
                                                                                          QUERY PLAN                                                                                           
-----------------------------------------------------------------------------------------------------------------------------------------------------------------------------------------------
 Limit  (cost=1502899.24..1502899.25 rows=1 width=32) (actual time=4875.957..4875.958 rows=1 loops=1)
   ->  Aggregate  (cost=1502899.24..1502899.25 rows=1 width=32) (actual time=4705.763..4705.764 rows=1 loops=1)
         ->  Bitmap Heap Scan on lineitem  (cost=299578.09..1496953.55 rows=1189137 width=12) (actual time=1522.104..4270.404 rows=1194558 loops=1)
               Recheck Cond: ((l_shipdate >= '1993-01-01'::date) AND (l_shipdate < '1994-01-01'::date) AND (l_discount >= 0.06) AND (l_discount <= 0.08) AND (l_quantity < '25'::numeric))
               Heap Blocks: exact=662932
               ->  Bitmap Index Scan on idx_lineitem_shipdate  (cost=0.00..299280.80 rows=1189137 width=0) (actual time=1322.818..1322.818 rows=1194558 loops=1)
                     Index Cond: ((l_shipdate >= '1993-01-01'::date) AND (l_shipdate < '1994-01-01'::date) AND (l_discount >= 0.06) AND (l_discount <= 0.08) AND (l_quantity < '25'::numeric))
 Settings: max_parallel_workers_per_gather = '0', work_mem = '128MB'
 Planning Time: 0.730 ms
 JIT:
   Functions: 6
   Options: Inlining true, Optimization true, Expressions true, Deforming true
   Timing: Generation 1.039 ms, Inlining 59.645 ms, Optimization 67.675 ms, Emission 42.690 ms, Total 171.049 ms
 Execution Time: 4893.833 ms
(14 rows)

===== 7.sql jit=on =====
                                                                                     QUERY PLAN                                                                                      
-------------------------------------------------------------------------------------------------------------------------------------------------------------------------------------
 Limit  (cost=2509286.10..2509286.22 rows=1 width=116) (actual time=83258.207..83258.225 rows=1 loops=1)
   ->  GroupAggregate  (cost=2509286.10..2510489.62 rows=10028 width=116) (actual time=82590.328..82590.345 rows=1 loops=1)
         Group Key: n1.n_name, n2.n_name, (EXTRACT(year FROM lineitem.l_shipdate))
         ->  Sort  (cost=2509286.10..2509436.54 rows=60177 width=96) (actual time=82581.550..82582.499 rows=14421 loops=1)
               Sort Key: n1.n_name, n2.n_name, (EXTRACT(year FROM lineitem.l_shipdate))
               Sort Method: quicksort  Memory: 9664kB
               ->  Hash Join  (cost=1018714.80..2504508.97 rows=60177 width=96) (actual time=8448.969..82507.541 rows=57794 loops=1)
                     Hash Cond: (lineitem.l_suppkey = supplier.s_suppkey)
                     Join Filter: (((n1.n_name = 'PERU'::bpchar) AND (n2.n_name = 'MOROCCO'::bpchar)) OR ((n1.n_name = 'MOROCCO'::bpchar) AND (n2.n_name = 'PERU'::bpchar)))
                     Rows Removed by Join Filter: 58158
                     ->  Hash Join  (cost=1015090.40..2492998.04 rows=1445998 width=46) (actual time=8415.501..81965.111 rows=1448126 loops=1)
                           Hash Cond: (lineitem.l_orderkey = orders.o_orderkey)
                           ->  Bitmap Heap Scan on lineitem  (cost=464025.00..1859691.53 rows=18074969 width=24) (actual time=3133.326..73308.190 rows=18230325 loops=1)
                                 Recheck Cond: ((l_shipdate >= '1995-01-01'::date) AND (l_shipdate <= '1996-12-31'::date))
                                 Heap Blocks: exact=1119491
                                 ->  Bitmap Index Scan on idx_lineitem_shipdate  (cost=0.00..459506.26 rows=18074969 width=0) (actual time=2750.792..2750.792 rows=18230325 loops=1)
                                       Index Cond: ((l_shipdate >= '1995-01-01'::date) AND (l_shipdate <= '1996-12-31'::date))
                           ->  Hash  (cost=536067.40..536067.40 rows=1199840 width=30) (actual time=5277.598..5277.612 rows=1191175 loops=1)
                                 Buckets: 2097152  Batches: 1  Memory Usage: 88506kB
                                 ->  Hash Join  (cost=56934.40..536067.40 rows=1199840 width=30) (actual time=367.100..4976.107 rows=1191175 loops=1)
                                       Hash Cond: (orders.o_custkey = customer.c_custkey)
                                       ->  Seq Scan on orders  (cost=0.00..410892.04 rows=14998004 width=8) (actual time=0.035..2012.265 rows=15000000 loops=1)
                                       ->  Hash  (cost=55434.33..55434.33 rows=120006 width=30) (actual time=366.756..366.768 rows=119622 loops=1)
                                             Buckets: 131072  Batches: 1  Memory Usage: 8267kB
                                             ->  Hash Join  (cost=1.40..55434.33 rows=120006 width=30) (actual time=0.459..338.683 rows=119622 loops=1)
                                                   Hash Cond: (customer.c_nationkey = n2.n_nationkey)
                                                   ->  Seq Scan on customer  (cost=0.00..50827.71 rows=1500071 width=8) (actual time=0.414..210.160 rows=1500000 loops=1)
                                                   ->  Hash  (cost=1.38..1.38 rows=2 width=30) (actual time=0.033..0.043 rows=2 loops=1)
                                                         Buckets: 1024  Batches: 1  Memory Usage: 9kB
                                                         ->  Seq Scan on nation n2  (cost=0.00..1.38 rows=2 width=30) (actual time=0.022..0.024 rows=2 loops=1)
                                                               Filter: ((n_name = 'MOROCCO'::bpchar) OR (n_name = 'PERU'::bpchar))
                                                               Rows Removed by Filter: 23
                     ->  Hash  (cost=3524.40..3524.40 rows=8000 width=30) (actual time=31.984..31.986 rows=7981 loops=1)
                           Buckets: 8192  Batches: 1  Memory Usage: 548kB
                           ->  Hash Join  (cost=1.40..3524.40 rows=8000 width=30) (actual time=0.883..30.368 rows=7981 loops=1)
                                 Hash Cond: (supplier.s_nationkey = n1.n_nationkey)
                                 ->  Seq Scan on supplier  (cost=0.00..3216.00 rows=100000 width=8) (actual time=0.514..21.145 rows=100000 loops=1)
                                 ->  Hash  (cost=1.38..1.38 rows=2 width=30) (actual time=0.360..0.360 rows=2 loops=1)
                                       Buckets: 1024  Batches: 1  Memory Usage: 9kB
                                       ->  Seq Scan on nation n1  (cost=0.00..1.38 rows=2 width=30) (actual time=0.349..0.351 rows=2 loops=1)
                                             Filter: ((n_name = 'PERU'::bpchar) OR (n_name = 'MOROCCO'::bpchar))
                                             Rows Removed by Filter: 23
 Settings: max_parallel_workers_per_gather = '0', work_mem = '128MB'
 Planning Time: 9.175 ms
 JIT:
   Functions: 60
   Options: Inlining true, Optimization true, Expressions true, Deforming true
   Timing: Generation 6.145 ms, Inlining 60.418 ms, Optimization 373.637 ms, Emission 233.346 ms, Total 673.546 ms
 Execution Time: 83303.034 ms
(49 rows)

===== 8.sql jit=on =====
                                                                                           QUERY PLAN                                                                                            
-------------------------------------------------------------------------------------------------------------------------------------------------------------------------------------------------
 Limit  (cost=1944929.79..1944930.03 rows=1 width=64) (actual time=46629.372..46629.380 rows=1 loops=1)
   ->  GroupAggregate  (cost=1944929.79..1945506.64 rows=2406 width=64) (actual time=46001.326..46001.333 rows=1 loops=1)
         Group Key: (EXTRACT(year FROM orders.o_orderdate))
         ->  Sort  (cost=1944929.79..1944988.54 rows=23499 width=70) (actual time=45995.073..45995.601 rows=11818 loops=1)
               Sort Key: (EXTRACT(year FROM orders.o_orderdate))
               Sort Method: quicksort  Memory: 2631kB
               ->  Nested Loop  (cost=496778.96..1943223.73 rows=23499 width=70) (actual time=10004.487..45959.594 rows=23842 loops=1)
                     ->  Hash Join  (cost=496778.81..1942536.36 rows=23499 width=20) (actual time=10004.446..45881.173 rows=23842 loops=1)
                           Hash Cond: (lineitem.l_suppkey = supplier.s_suppkey)
                           ->  Hash Join  (cost=492312.81..1938008.67 rows=23499 width=20) (actual time=9965.100..45820.665 rows=23842 loops=1)
                                 Hash Cond: (lineitem.l_orderkey = orders.o_orderkey)
                                 ->  Nested Loop  (cost=0.44..1444010.78 rows=386807 width=20) (actual time=2.199..35547.391 rows=389521 loops=1)
                                       ->  Seq Scan on part  (cost=0.00..65963.60 rows=13253 width=4) (actual time=1.287..446.271 rows=13011 loops=1)
                                             Filter: ((p_type)::text = 'LARGE POLISHED BRASS'::text)
                                             Rows Removed by Filter: 1986989
                                       ->  Index Scan using idx_lineitem_part_supp on lineitem  (cost=0.44..103.69 rows=29 width=24) (actual time=0.130..2.684 rows=30 loops=13011)
                                             Index Cond: (l_partkey = part.p_partkey)
                                 ->  Hash  (cost=480923.26..480923.26 rows=911129 width=8) (actual time=9956.313..9956.317 rows=910360 loops=1)
                                       Buckets: 1048576  Batches: 1  Memory Usage: 43753kB
                                       ->  Hash Join  (cost=125481.61..480923.26 rows=911129 width=8) (actual time=1038.761..9712.801 rows=910360 loops=1)
                                             Hash Cond: (orders.o_custkey = customer.c_custkey)
                                             ->  Bitmap Heap Scan on orders  (cost=62275.81..391522.50 rows=4555646 width=12) (actual time=533.544..8075.821 rows=4557513 loops=1)
                                                   Recheck Cond: ((o_orderdate >= '1995-01-01'::date) AND (o_orderdate <= '1996-12-31'::date))
                                                   Heap Blocks: exact=260912
                                                   ->  Bitmap Index Scan on idx_orders_orderdate  (cost=0.00..61136.89 rows=4555646 width=0) (actual time=464.357..464.358 rows=4557513 loops=1)
                                                         Index Cond: ((o_orderdate >= '1995-01-01'::date) AND (o_orderdate <= '1996-12-31'::date))
                                             ->  Hash  (cost=59455.62..59455.62 rows=300014 width=4) (actual time=504.036..504.039 rows=299436 loops=1)
                                                   Buckets: 524288  Batches: 1  Memory Usage: 14624kB
                                                   ->  Hash Join  (cost=2.51..59455.62 rows=300014 width=4) (actual time=0.799..443.361 rows=299436 loops=1)
                                                         Hash Cond: (customer.c_nationkey = n1.n_nationkey)
                                                         ->  Seq Scan on customer  (cost=0.00..50827.71 rows=1500071 width=8) (actual time=0.436..293.133 rows=1500000 loops=1)
                                                         ->  Hash  (cost=2.45..2.45 rows=5 width=4) (actual time=0.351..0.353 rows=5 loops=1)
                                                               Buckets: 1024  Batches: 1  Memory Usage: 9kB
                                                               ->  Hash Join  (cost=1.07..2.45 rows=5 width=4) (actual time=0.342..0.349 rows=5 loops=1)
                                                                     Hash Cond: (n1.n_regionkey = region.r_regionkey)
                                                                     ->  Seq Scan on nation n1  (cost=0.00..1.25 rows=25 width=8) (actual time=0.012..0.014 rows=25 loops=1)
                                                                     ->  Hash  (cost=1.06..1.06 rows=1 width=4) (actual time=0.319..0.319 rows=1 loops=1)
                                                                           Buckets: 1024  Batches: 1  Memory Usage: 9kB
                                                                           ->  Seq Scan on region  (cost=0.00..1.06 rows=1 width=4) (actual time=0.309..0.311 rows=1 loops=1)
                                                                                 Filter: (r_name = 'AMERICA'::bpchar)
                                                                                 Rows Removed by Filter: 4
                           ->  Hash  (cost=3216.00..3216.00 rows=100000 width=8) (actual time=39.048..39.048 rows=100000 loops=1)
                                 Buckets: 131072  Batches: 1  Memory Usage: 4931kB
                                 ->  Seq Scan on supplier  (cost=0.00..3216.00 rows=100000 width=8) (actual time=0.546..23.817 rows=100000 loops=1)
                     ->  Memoize  (cost=0.15..2.17 rows=1 width=30) (actual time=0.001..0.001 rows=1 loops=23842)
                           Cache Key: supplier.s_nationkey
                           Hits: 23817  Misses: 25  Evictions: 0  Overflows: 0  Memory Usage: 4kB
                           ->  Index Scan using nation_pkey on nation n2  (cost=0.14..2.16 rows=1 width=30) (actual time=0.005..0.005 rows=1 loops=25)
                                 Index Cond: (n_nationkey = supplier.s_nationkey)
 Settings: max_parallel_workers_per_gather = '0', work_mem = '128MB'
 Planning Time: 15.523 ms
 JIT:
   Functions: 67
   Options: Inlining true, Optimization true, Expressions true, Deforming true
   Timing: Generation 6.578 ms, Inlining 75.722 ms, Optimization 337.498 ms, Emission 214.340 ms, Total 634.138 ms
 Execution Time: 46668.715 ms
(56 rows)

===== 9.sql jit=on =====
                                                                                   QUERY PLAN                                                                                    
---------------------------------------------------------------------------------------------------------------------------------------------------------------------------------
 Limit  (cost=1798065.68..1798065.71 rows=1 width=90) (actual time=446889.695..446889.701 rows=1 loops=1)
   ->  GroupAggregate  (cost=1798065.68..1798068.06 rows=68 width=90) (actual time=446364.521..446364.526 rows=1 loops=1)
         Group Key: nation.n_name, (EXTRACT(year FROM orders.o_orderdate))
         ->  Sort  (cost=1798065.68..1798065.85 rows=68 width=81) (actual time=446341.131..446345.015 rows=11401 loops=1)
               Sort Key: nation.n_name, (EXTRACT(year FROM orders.o_orderdate)) DESC
               Sort Method: external merge  Disk: 211200kB
               ->  Nested Loop  (cost=66722.39..1798063.61 rows=68 width=81) (actual time=523.789..440259.529 rows=3248192 loops=1)
                     Join Filter: (supplier.s_nationkey = nation.n_nationkey)
                     Rows Removed by Join Filter: 39009119
                     ->  Nested Loop  (cost=66722.39..1798037.66 rows=68 width=31) (actual time=523.723..428534.552 rows=3248192 loops=1)
                           ->  Nested Loop  (cost=66721.96..1797636.28 rows=68 width=31) (actual time=523.510..334397.293 rows=3248192 loops=1)
                                 ->  Nested Loop  (cost=66721.67..1797249.87 rows=68 width=35) (actual time=523.492..317368.668 rows=3248192 loops=1)
                                       ->  Hash Join  (cost=66721.23..342081.12 rows=242362 width=18) (actual time=523.296..3997.475 rows=433248 loops=1)
                                             Hash Cond: (partsupp.ps_partkey = part.p_partkey)
                                             ->  Seq Scan on partsupp  (cost=0.00..254365.29 rows=7997929 width=14) (actual time=0.388..1725.402 rows=8000000 loops=1)
                                             ->  Hash  (cost=65963.60..65963.60 rows=60610 width=4) (actual time=522.693..522.694 rows=108312 loops=1)
                                                   Buckets: 131072 (originally 65536)  Batches: 1 (originally 1)  Memory Usage: 4832kB
                                                   ->  Seq Scan on part  (cost=0.00..65963.60 rows=60610 width=4) (actual time=0.415..498.431 rows=108312 loops=1)
                                                         Filter: ((p_name)::text ~~ '%navy%'::text)
                                                         Rows Removed by Filter: 1891688
                                       ->  Index Scan using idx_lineitem_part_supp on lineitem  (cost=0.44..5.99 rows=1 width=29) (actual time=0.101..0.719 rows=7 loops=433248)
                                             Index Cond: ((l_partkey = partsupp.ps_partkey) AND (l_suppkey = partsupp.ps_suppkey))
                                 ->  Index Scan using supplier_pkey on supplier  (cost=0.29..5.68 rows=1 width=8) (actual time=0.004..0.004 rows=1 loops=3248192)
                                       Index Cond: (s_suppkey = lineitem.l_suppkey)
                           ->  Index Scan using orders_pkey on orders  (cost=0.43..5.90 rows=1 width=8) (actual time=0.028..0.028 rows=1 loops=3248192)
                                 Index Cond: (o_orderkey = lineitem.l_orderkey)
                     ->  Materialize  (cost=0.00..1.38 rows=25 width=30) (actual time=0.000..0.001 rows=13 loops=3248192)
                           ->  Seq Scan on nation  (cost=0.00..1.25 rows=25 width=30) (actual time=0.028..0.033 rows=25 loops=1)
 Settings: max_parallel_workers_per_gather = '0', work_mem = '128MB'
 Planning Time: 22.850 ms
 JIT:
   Functions: 41
   Options: Inlining true, Optimization true, Expressions true, Deforming true
   Timing: Generation 6.322 ms, Inlining 76.237 ms, Optimization 259.856 ms, Emission 186.531 ms, Total 528.946 ms
 Execution Time: 447108.788 ms
(35 rows)

===== 10.sql jit=off =====
                                                                                            QUERY PLAN                                                                                            
--------------------------------------------------------------------------------------------------------------------------------------------------------------------------------------------------
 Limit  (cost=2418846.15..2418846.20 rows=20 width=202) (actual time=46039.064..46039.070 rows=20 loops=1)
   ->  Sort  (cost=2418846.15..2420362.80 rows=606660 width=202) (actual time=46039.062..46039.066 rows=20 loops=1)
         Sort Key: (sum((lineitem.l_extendedprice * ('1'::numeric - lineitem.l_discount)))) DESC
         Sort Method: top-N heapsort  Memory: 33kB
         ->  GroupAggregate  (cost=2257709.55..2402703.15 rows=606660 width=202) (actual time=43133.609..45913.274 rows=381205 loops=1)
               Group Key: customer.c_custkey, nation.n_name
               ->  Incremental Sort  (cost=2257709.55..2387536.65 rows=606660 width=182) (actual time=43133.592..45042.230 rows=1145402 loops=1)
                     Sort Key: customer.c_custkey, nation.n_name
                     Presorted Key: customer.c_custkey
                     Full-sort Groups: 34068  Sort Method: quicksort  Average Memory: 33kB  Peak Memory: 33kB
                     ->  Nested Loop  (cost=2257709.37..2360236.95 rows=606660 width=182) (actual time=43133.189..44638.645 rows=1145402 loops=1)
                           ->  Merge Join  (cost=2257709.22..2345352.27 rows=606660 width=160) (actual time=43133.157..44138.530 rows=1145402 loops=1)
                                 Merge Cond: (customer.c_custkey = orders.o_custkey)
                                 ->  Index Scan using customer_pkey on customer  (cost=0.43..74795.49 rows=1500071 width=148) (actual time=0.012..431.133 rows=1499997 loops=1)
                                 ->  Sort  (cost=2257708.75..2259225.40 rows=606660 width=16) (actual time=43133.125..43270.088 rows=1145402 loops=1)
                                       Sort Key: orders.o_custkey
                                       Sort Method: quicksort  Memory: 113386kB
                                       ->  Hash Join  (cost=286314.98..2199437.45 rows=606660 width=16) (actual time=27923.737..42707.043 rows=1145402 loops=1)
                                             Hash Cond: (lineitem.l_orderkey = orders.o_orderkey)
                                             ->  Seq Scan on lineitem  (cost=0.00..1874410.50 rows=14747414 width=16) (actual time=0.180..12644.860 rows=14808183 loops=1)
                                                   Filter: (l_returnflag = 'R'::bpchar)
                                                   Rows Removed by Filter: 45177869
                                             ->  Hash  (cost=278602.88..278602.88 rows=616968 width=8) (actual time=27921.019..27921.020 rows=573160 loops=1)
                                                   Buckets: 1048576  Batches: 1  Memory Usage: 30582kB
                                                   ->  Bitmap Heap Scan on orders  (cost=8436.36..278602.88 rows=616968 width=8) (actual time=146.442..27573.097 rows=573160 loops=1)
                                                         Recheck Cond: ((o_orderdate >= '1994-08-01'::date) AND (o_orderdate < '1994-11-01'::date))
                                                         Heap Blocks: exact=233137
                                                         ->  Bitmap Index Scan on idx_orders_orderdate  (cost=0.00..8282.11 rows=616968 width=0) (actual time=83.901..83.901 rows=573160 loops=1)
                                                               Index Cond: ((o_orderdate >= '1994-08-01'::date) AND (o_orderdate < '1994-11-01'::date))
                           ->  Memoize  (cost=0.15..2.17 rows=1 width=30) (actual time=0.000..0.000 rows=1 loops=1145402)
                                 Cache Key: customer.c_nationkey
                                 Hits: 1145377  Misses: 25  Evictions: 0  Overflows: 0  Memory Usage: 4kB
                                 ->  Index Scan using nation_pkey on nation  (cost=0.14..2.16 rows=1 width=30) (actual time=0.003..0.003 rows=1 loops=25)
                                       Index Cond: (n_nationkey = customer.c_nationkey)
 Settings: jit = 'off', max_parallel_workers_per_gather = '0', work_mem = '128MB'
 Planning Time: 10.204 ms
 Execution Time: 46046.921 ms
(37 rows)

===== 11.sql jit=off =====
                                                                             QUERY PLAN                                                                              
---------------------------------------------------------------------------------------------------------------------------------------------------------------------
 Limit  (cost=94449.49..94449.49 rows=1 width=36) (actual time=1797.628..1797.633 rows=0 loops=1)
   InitPlan 1 (returns $2)
     ->  Aggregate  (cost=44180.03..44180.04 rows=1 width=32) (actual time=670.633..670.635 rows=1 loops=1)
           ->  Nested Loop  (cost=47.72..41797.21 rows=317709 width=10) (actual time=0.762..556.830 rows=320800 loops=1)
                 ->  Nested Loop  (cost=47.29..2404.57 rows=4000 width=4) (actual time=0.747..10.317 rows=4010 loops=1)
                       ->  Seq Scan on nation nation_1  (cost=0.00..1.31 rows=1 width=4) (actual time=0.008..0.012 rows=1 loops=1)
                             Filter: (n_name = 'SAUDI ARABIA'::bpchar)
                             Rows Removed by Filter: 24
                       ->  Bitmap Heap Scan on supplier supplier_1  (cost=47.29..2363.25 rows=4000 width=8) (actual time=0.736..9.525 rows=4010 loops=1)
                             Recheck Cond: (s_nationkey = nation_1.n_nationkey)
                             Heap Blocks: exact=1857
                             ->  Bitmap Index Scan on idx_supplier_nation_key  (cost=0.00..46.29 rows=4000 width=0) (actual time=0.484..0.484 rows=4010 loops=1)
                                   Index Cond: (s_nationkey = nation_1.n_nationkey)
                 ->  Index Scan using idx_partsupp_suppkey on partsupp partsupp_1  (cost=0.43..9.06 rows=79 width=14) (actual time=0.006..0.123 rows=80 loops=4010)
                       Index Cond: (ps_suppkey = supplier_1.s_suppkey)
   ->  Sort  (cost=50269.45..50534.20 rows=105903 width=36) (actual time=1797.627..1797.629 rows=0 loops=1)
         Sort Key: (sum((partsupp.ps_supplycost * (partsupp.ps_availqty)::numeric))) DESC
         Sort Method: quicksort  Memory: 25kB
         ->  HashAggregate  (cost=44974.30..49739.93 rows=105903 width=36) (actual time=1797.572..1797.574 rows=0 loops=1)
               Group Key: partsupp.ps_partkey
               Filter: (sum((partsupp.ps_supplycost * (partsupp.ps_availqty)::numeric)) > $2)
               Batches: 5  Memory Usage: 135217kB  Disk Usage: 752kB
               Rows Removed by Filter: 301833
               ->  Nested Loop  (cost=47.72..41797.21 rows=317709 width=14) (actual time=0.817..692.405 rows=320800 loops=1)
                     ->  Nested Loop  (cost=47.29..2404.57 rows=4000 width=4) (actual time=0.793..12.197 rows=4010 loops=1)
                           ->  Seq Scan on nation  (cost=0.00..1.31 rows=1 width=4) (actual time=0.023..0.026 rows=1 loops=1)
                                 Filter: (n_name = 'SAUDI ARABIA'::bpchar)
                                 Rows Removed by Filter: 24
                           ->  Bitmap Heap Scan on supplier  (cost=47.29..2363.25 rows=4000 width=8) (actual time=0.765..11.349 rows=4010 loops=1)
                                 Recheck Cond: (s_nationkey = nation.n_nationkey)
                                 Heap Blocks: exact=1857
                                 ->  Bitmap Index Scan on idx_supplier_nation_key  (cost=0.00..46.29 rows=4000 width=0) (actual time=0.509..0.509 rows=4010 loops=1)
                                       Index Cond: (s_nationkey = nation.n_nationkey)
                     ->  Index Scan using idx_partsupp_suppkey on partsupp  (cost=0.43..9.06 rows=79 width=18) (actual time=0.007..0.155 rows=80 loops=4010)
                           Index Cond: (ps_suppkey = supplier.s_suppkey)
 Settings: jit = 'off', max_parallel_workers_per_gather = '0', work_mem = '128MB'
 Planning Time: 1.450 ms
 Execution Time: 1802.124 ms
(38 rows)

===== 12.sql jit=off =====
                                                                                                                    QUERY PLAN                                                                                                                     
---------------------------------------------------------------------------------------------------------------------------------------------------------------------------------------------------------------------------------------------------
 Limit  (cost=3029361.50..3030162.60 rows=1 width=27) (actual time=21769.769..21769.772 rows=1 loops=1)
   ->  GroupAggregate  (cost=3029361.50..3034969.23 rows=7 width=27) (actual time=21769.768..21769.770 rows=1 loops=1)
         Group Key: lineitem.l_shipmode
         ->  Sort  (cost=3029361.50..3030062.46 rows=280383 width=27) (actual time=21714.445..21721.737 rows=155572 loops=1)
               Sort Key: lineitem.l_shipmode
               Sort Method: quicksort  Memory: 36606kB
               ->  Hash Join  (cost=2477810.09..3003990.99 rows=280383 width=27) (actual time=17163.917..21633.252 rows=311258 loops=1)
                     Hash Cond: (orders.o_orderkey = lineitem.l_orderkey)
                     ->  Seq Scan on orders  (cost=0.00..410892.04 rows=14998004 width=20) (actual time=0.196..1819.004 rows=15000000 loops=1)
                     ->  Hash  (cost=2474305.30..2474305.30 rows=280383 width=15) (actual time=17162.395..17162.396 rows=311258 loops=1)
                           Buckets: 524288  Batches: 1  Memory Usage: 18687kB
                           ->  Seq Scan on lineitem  (cost=0.00..2474305.30 rows=280383 width=15) (actual time=0.585..17049.443 rows=311258 loops=1)
                                 Filter: ((l_shipmode = ANY ('{SHIP,"REG AIR"}'::bpchar[])) AND (l_commitdate < l_receiptdate) AND (l_shipdate < l_commitdate) AND (l_receiptdate >= '1994-01-01'::date) AND (l_receiptdate < '1995-01-01'::date))
                                 Rows Removed by Filter: 59674794
 Settings: jit = 'off', max_parallel_workers_per_gather = '0', work_mem = '128MB'
 Planning Time: 0.912 ms
 Execution Time: 21771.736 ms
(17 rows)

===== 13.sql jit=off =====
                                                                                    QUERY PLAN                                                                                     
-----------------------------------------------------------------------------------------------------------------------------------------------------------------------------------
 Limit  (cost=1533684.89..1533684.89 rows=1 width=16) (actual time=18306.113..18306.117 rows=1 loops=1)
   ->  Sort  (cost=1533684.89..1533685.39 rows=200 width=16) (actual time=18306.112..18306.114 rows=1 loops=1)
         Sort Key: (count(*)) DESC, (count(orders.o_orderkey)) DESC
         Sort Method: top-N heapsort  Memory: 25kB
         ->  HashAggregate  (cost=1533681.89..1533683.89 rows=200 width=16) (actual time=18306.076..18306.085 rows=46 loops=1)
               Group Key: count(orders.o_orderkey)
               Batches: 1  Memory Usage: 40kB
               ->  HashAggregate  (cost=1380191.76..1511180.82 rows=1500071 width=12) (actual time=17499.359..18084.960 rows=1500000 loops=1)
                     Group Key: customer.c_custkey
                     Batches: 5  Memory Usage: 131121kB  Disk Usage: 27424kB
                     ->  Hash Right Join  (cost=57716.38..545075.63 rows=14846509 width=8) (actual time=382.398..11675.626 rows=15337604 loops=1)
                           Hash Cond: (orders.o_custkey = customer.c_custkey)
                           ->  Seq Scan on orders  (cost=0.00..448387.05 rows=14846509 width=8) (actual time=0.047..5772.190 rows=14837583 loops=1)
                                 Filter: ((o_comment)::text !~~ '%special%requests%'::text)
                                 Rows Removed by Filter: 162417
                           ->  Hash  (cost=38965.49..38965.49 rows=1500071 width=4) (actual time=377.901..377.902 rows=1500000 loops=1)
                                 Buckets: 2097152  Batches: 1  Memory Usage: 69119kB
                                 ->  Index Only Scan using customer_pkey on customer  (cost=0.43..38965.49 rows=1500071 width=4) (actual time=0.027..126.927 rows=1500000 loops=1)
                                       Heap Fetches: 0
 Settings: jit = 'off', max_parallel_workers_per_gather = '0', work_mem = '128MB'
 Planning Time: 0.772 ms
 Execution Time: 18324.981 ms
(22 rows)

===== 14.sql jit=off =====
                                                                            QUERY PLAN                                                                            
------------------------------------------------------------------------------------------------------------------------------------------------------------------
 Limit  (cost=1226042.90..1226042.92 rows=1 width=32) (actual time=4100.254..4100.257 rows=1 loops=1)
   ->  Aggregate  (cost=1226042.90..1226042.92 rows=1 width=32) (actual time=4100.253..4100.255 rows=1 loops=1)
         ->  Hash Join  (cost=119073.94..1213151.19 rows=736669 width=33) (actual time=999.375..3634.127 rows=772942 loops=1)
               Hash Cond: (lineitem.l_partkey = part.p_partkey)
               ->  Bitmap Heap Scan on lineitem  (cost=19436.06..1090459.12 rows=757024 width=16) (actual time=288.897..2264.750 rows=772942 loops=1)
                     Recheck Cond: ((l_shipdate >= '1994-05-01'::date) AND (l_shipdate < '1994-06-01'::date))
                     Heap Blocks: exact=416660
                     ->  Bitmap Index Scan on idx_lineitem_shipdate  (cost=0.00..19246.80 rows=757024 width=0) (actual time=162.606..162.606 rows=772942 loops=1)
                           Index Cond: ((l_shipdate >= '1994-05-01'::date) AND (l_shipdate < '1994-06-01'::date))
               ->  Hash  (cost=60963.28..60963.28 rows=2000128 width=25) (actual time=705.922..705.922 rows=2000000 loops=1)
                     Buckets: 2097152  Batches: 2  Memory Usage: 74141kB
                     ->  Seq Scan on part  (cost=0.00..60963.28 rows=2000128 width=25) (actual time=0.035..337.809 rows=2000000 loops=1)
 Settings: jit = 'off', max_parallel_workers_per_gather = '0', work_mem = '128MB'
 Planning Time: 1.157 ms
 Execution Time: 4103.054 ms
(15 rows)

===== 15.sql jit=off =====
                                                                       QUERY PLAN                                                                       
--------------------------------------------------------------------------------------------------------------------------------------------------------
 HashAggregate  (cost=1241890.62..1243133.35 rows=99418 width=36) (actual time=5676.961..5721.537 rows=100000 loops=1)
   Group Key: l_suppkey
   Batches: 1  Memory Usage: 47121kB
   ->  Bitmap Heap Scan on lineitem  (cost=59453.55..1218732.59 rows=2315803 width=16) (actual time=580.930..3632.323 rows=2265714 loops=1)
         Recheck Cond: ((l_shipdate >= '1996-01-01'::date) AND (l_shipdate < '1996-04-01'::date))
         Heap Blocks: exact=668609
         ->  Bitmap Index Scan on idx_lineitem_shipdate  (cost=0.00..58874.60 rows=2315803 width=0) (actual time=379.412..379.413 rows=2265714 loops=1)
               Index Cond: ((l_shipdate >= '1996-01-01'::date) AND (l_shipdate < '1996-04-01'::date))
 Settings: jit = 'off', max_parallel_workers_per_gather = '0', work_mem = '128MB'
 Planning Time: 0.642 ms
 Execution Time: 5727.891 ms
(11 rows)

CREATE VIEW
                                                                                   QUERY PLAN                                                                                   
--------------------------------------------------------------------------------------------------------------------------------------------------------------------------------
 Limit  (cost=2487785.49..2487795.72 rows=1 width=103) (actual time=10983.299..10983.303 rows=1 loops=1)
   InitPlan 1 (returns $0)
     ->  Aggregate  (cost=1244376.07..1244376.08 rows=1 width=32) (actual time=5488.782..5488.784 rows=1 loops=1)
           ->  HashAggregate  (cost=1241890.62..1243133.35 rows=99418 width=36) (actual time=5437.785..5481.944 rows=100000 loops=1)
                 Group Key: lineitem_1.l_suppkey
                 Batches: 1  Memory Usage: 47121kB
                 ->  Bitmap Heap Scan on lineitem lineitem_1  (cost=59453.55..1218732.59 rows=2315803 width=16) (actual time=554.918..3420.694 rows=2265714 loops=1)
                       Recheck Cond: ((l_shipdate >= '1996-01-01'::date) AND (l_shipdate < '1996-04-01'::date))
                       Heap Blocks: exact=668609
                       ->  Bitmap Index Scan on idx_lineitem_shipdate  (cost=0.00..58874.60 rows=2315803 width=0) (actual time=355.431..355.431 rows=2265714 loops=1)
                             Index Cond: ((l_shipdate >= '1996-01-01'::date) AND (l_shipdate < '1996-04-01'::date))
   ->  Merge Join  (cost=1243409.41..1248493.93 rows=497 width=103) (actual time=10983.297..10983.299 rows=1 loops=1)
         Merge Cond: (supplier.s_suppkey = revenue0.supplier_no)
         ->  Index Scan using supplier_pkey on supplier  (cost=0.29..4827.36 rows=100000 width=71) (actual time=0.358..14.617 rows=69998 loops=1)
         ->  Sort  (cost=1243409.12..1243410.36 rows=497 width=36) (actual time=10963.919..10963.920 rows=1 loops=1)
               Sort Key: revenue0.supplier_no
               Sort Method: quicksort  Memory: 25kB
               ->  Subquery Scan on revenue0  (cost=1241890.62..1243386.86 rows=497 width=36) (actual time=10932.507..10963.911 rows=1 loops=1)
                     ->  HashAggregate  (cost=1241890.62..1243381.89 rows=497 width=36) (actual time=10932.505..10963.908 rows=1 loops=1)
                           Group Key: lineitem.l_suppkey
                           Filter: (sum((lineitem.l_extendedprice * ('1'::numeric - lineitem.l_discount))) = $0)
                           Batches: 1  Memory Usage: 47121kB
                           Rows Removed by Filter: 99999
                           ->  Bitmap Heap Scan on lineitem  (cost=59453.55..1218732.59 rows=2315803 width=16) (actual time=554.490..3414.210 rows=2265714 loops=1)
                                 Recheck Cond: ((l_shipdate >= '1996-01-01'::date) AND (l_shipdate < '1996-04-01'::date))
                                 Heap Blocks: exact=668609
                                 ->  Bitmap Index Scan on idx_lineitem_shipdate  (cost=0.00..58874.60 rows=2315803 width=0) (actual time=354.682..354.683 rows=2265714 loops=1)
                                       Index Cond: ((l_shipdate >= '1996-01-01'::date) AND (l_shipdate < '1996-04-01'::date))
 Settings: jit = 'off', max_parallel_workers_per_gather = '0', work_mem = '128MB'
 Planning Time: 0.520 ms
 Execution Time: 10990.008 ms
(31 rows)

DROP VIEW
===== 16.sql jit=off =====
                                                                                         QUERY PLAN                                                                                         
--------------------------------------------------------------------------------------------------------------------------------------------------------------------------------------------
 Limit  (cost=400927.38..400927.39 rows=1 width=44) (actual time=6950.230..6950.233 rows=1 loops=1)
   ->  Sort  (cost=400927.38..401307.14 rows=151904 width=44) (actual time=6950.228..6950.231 rows=1 loops=1)
         Sort Key: (count(DISTINCT partsupp.ps_suppkey)) DESC, part.p_brand, part.p_type, part.p_size
         Sort Method: top-N heapsort  Memory: 25kB
         ->  GroupAggregate  (cost=391438.95..400167.86 rows=151904 width=44) (actual time=6460.709..6943.464 rows=27838 loops=1)
               Group Key: part.p_brand, part.p_type, part.p_size
               ->  Sort  (cost=391438.95..392880.92 rows=576790 width=40) (actual time=6460.663..6561.774 rows=1186319 loops=1)
                     Sort Key: part.p_brand, part.p_type, part.p_size
                     Sort Method: quicksort  Memory: 122929kB
                     ->  Hash Join  (cost=98037.76..336246.82 rows=576790 width=40) (actual time=671.397..3335.288 rows=1186319 loops=1)
                           Hash Cond: (partsupp.ps_partkey = part.p_partkey)
                           ->  Index Only Scan using partsupp_pkey on partsupp  (cost=3466.46..231178.21 rows=3998964 width=8) (actual time=28.383..1616.977 rows=7995520 loops=1)
                                 Filter: (NOT (hashed SubPlan 1))
                                 Rows Removed by Filter: 4480
                                 Heap Fetches: 0
                                 SubPlan 1
                                   ->  Seq Scan on supplier  (cost=0.00..3466.00 rows=10 width=4) (actual time=0.123..28.327 rows=56 loops=1)
                                         Filter: ((s_comment)::text ~~ '%Customer%Complaints%'::text)
                                         Rows Removed by Filter: 99944
                           ->  Hash  (cost=90965.20..90965.20 rows=288488 width=40) (actual time=641.841..641.842 rows=296733 loops=1)
                                 Buckets: 524288  Batches: 1  Memory Usage: 25593kB
                                 ->  Seq Scan on part  (cost=0.00..90965.20 rows=288488 width=40) (actual time=0.045..567.013 rows=296733 loops=1)
                                       Filter: ((p_brand <> 'Brand#12'::bpchar) AND ((p_type)::text !~~ 'SMALL BRUSHED%'::text) AND (p_size = ANY ('{12,32,36,26,40,34,49,9}'::integer[])))
                                       Rows Removed by Filter: 1703267
 Settings: jit = 'off', max_parallel_workers_per_gather = '0', work_mem = '128MB'
 Planning Time: 0.961 ms
 Execution Time: 6956.522 ms
(27 rows)

===== 17-flattened.sql jit=off =====
                                                          QUERY PLAN                                                           
-------------------------------------------------------------------------------------------------------------------------------
 HashAggregate  (cost=5567512.86..6184178.54 rows=2055394 width=36) (actual time=38626.365..66638.481 rows=2000000 loops=1)
   Group Key: l_partkey
   Planned Partitions: 8  Batches: 9  Memory Usage: 135249kB  Disk Usage: 1846896kB
   ->  Seq Scan on lineitem  (cost=0.00..1724436.80 rows=59989480 width=9) (actual time=0.391..8967.793 rows=59986052 loops=1)
 Settings: jit = 'off', max_parallel_workers_per_gather = '0', work_mem = '128MB'
 Planning Time: 1.026 ms
 Execution Time: 66799.858 ms
(7 rows)

SELECT 2000000
CREATE INDEX
ANALYZE
                                                                                 QUERY PLAN                                                                                 
----------------------------------------------------------------------------------------------------------------------------------------------------------------------------
 Limit  (cost=227016.93..227016.95 rows=1 width=32) (actual time=466.674..466.676 rows=1 loops=1)
   ->  Aggregate  (cost=227016.93..227016.95 rows=1 width=32) (actual time=466.673..466.674 rows=1 loops=1)
         ->  Nested Loop  (cost=0.87..226968.73 rows=19281 width=8) (actual time=1.071..465.475 rows=5319 loops=1)
               Join Filter: (part.p_partkey = lineitem.l_partkey)
               ->  Nested Loop  (cost=0.43..85921.73 rows=1982 width=21) (actual time=1.057..407.764 rows=1996 loops=1)
                     ->  Seq Scan on part  (cost=0.00..70963.92 rows=1982 width=4) (actual time=1.044..392.154 rows=1996 loops=1)
                           Filter: ((p_brand = 'Brand#22'::bpchar) AND (p_container = 'LG BOX'::bpchar))
                           Rows Removed by Filter: 1998004
                     ->  Index Scan using idx_tmp_avg_quantity on tmp_avg_quantity part_agg  (cost=0.43..7.54 rows=1 width=17) (actual time=0.007..0.007 rows=1 loops=1996)
                           Index Cond: (agg_partkey = part.p_partkey)
               ->  Index Scan using idx_lineitem_part_supp on lineitem  (cost=0.44..71.04 rows=10 width=17) (actual time=0.011..0.028 rows=3 loops=1996)
                     Index Cond: (l_partkey = part_agg.agg_partkey)
                     Filter: (l_quantity < part_agg.avg_quantity)
                     Rows Removed by Filter: 27
 Settings: jit = 'off', max_parallel_workers_per_gather = '0', work_mem = '128MB'
 Planning Time: 0.706 ms
 Execution Time: 466.706 ms
(17 rows)

DROP TABLE
===== 17.sql jit=off =====
                                                                            QUERY PLAN                                                                            
------------------------------------------------------------------------------------------------------------------------------------------------------------------
 Limit  (cost=6425108.07..6425108.09 rows=1 width=32) (actual time=66656.015..66656.018 rows=1 loops=1)
   ->  Aggregate  (cost=6425108.07..6425108.09 rows=1 width=32) (actual time=66656.014..66656.016 rows=1 loops=1)
         ->  Nested Loop  (cost=5638502.00..6425058.53 rows=19815 width=8) (actual time=38200.955..66654.814 rows=5319 loops=1)
               Join Filter: (part.p_partkey = lineitem.l_partkey)
               ->  Hash Join  (cost=5638501.56..6281116.59 rows=2037 width=40) (actual time=38200.920..66594.618 rows=1996 loops=1)
                     Hash Cond: (lineitem_1.l_partkey = part.p_partkey)
                     ->  HashAggregate  (cost=5567512.86..6184178.54 rows=2055394 width=36) (actual time=37848.290..66056.844 rows=2000000 loops=1)
                           Group Key: lineitem_1.l_partkey
                           Planned Partitions: 8  Batches: 9  Memory Usage: 135249kB  Disk Usage: 1846896kB
                           ->  Seq Scan on lineitem lineitem_1  (cost=0.00..1724436.80 rows=59989480 width=9) (actual time=0.439..8896.936 rows=59986052 loops=1)
                     ->  Hash  (cost=70963.92..70963.92 rows=1982 width=4) (actual time=350.911..350.912 rows=1996 loops=1)
                           Buckets: 2048  Batches: 1  Memory Usage: 87kB
                           ->  Seq Scan on part  (cost=0.00..70963.92 rows=1982 width=4) (actual time=0.387..349.879 rows=1996 loops=1)
                                 Filter: ((p_brand = 'Brand#22'::bpchar) AND (p_container = 'LG BOX'::bpchar))
                                 Rows Removed by Filter: 1998004
               ->  Index Scan using idx_lineitem_part_supp on lineitem  (cost=0.44..70.54 rows=10 width=17) (actual time=0.013..0.029 rows=3 loops=1996)
                     Index Cond: (l_partkey = lineitem_1.l_partkey)
                     Filter: (l_quantity < ((0.2 * avg(lineitem_1.l_quantity))))
                     Rows Removed by Filter: 27
 Settings: jit = 'off', max_parallel_workers_per_gather = '0', work_mem = '128MB'
 Planning Time: 1.105 ms
 Execution Time: 66765.899 ms
(22 rows)

===== 18.sql jit=off =====
                                                                                                 QUERY PLAN                                                                                                  
-------------------------------------------------------------------------------------------------------------------------------------------------------------------------------------------------------------
 Limit  (cost=9939337.53..9939337.78 rows=100 width=71) (actual time=47433.491..47433.506 rows=99 loops=1)
   ->  Sort  (cost=9939337.53..9989326.64 rows=19995647 width=71) (actual time=47433.490..47433.498 rows=99 loops=1)
         Sort Key: orders.o_totalprice DESC, orders.o_orderdate
         Sort Method: quicksort  Memory: 32kB
         ->  HashAggregate  (cost=8573686.70..9175118.27 rows=19995647 width=71) (actual time=47431.899..47433.365 rows=99 loops=1)
               Group Key: customer.c_custkey, orders.o_orderkey
               Planned Partitions: 64  Batches: 1  Memory Usage: 12369kB
               ->  Hash Join  (cost=70012.85..6617862.48 rows=19995647 width=44) (actual time=1617.146..47430.855 rows=693 loops=1)
                     Hash Cond: (orders.o_custkey = customer.c_custkey)
                     ->  Merge Join  (cost=434.25..6495795.17 rows=19995647 width=25) (actual time=1046.466..46859.636 rows=693 loops=1)
                           Merge Cond: (orders.o_orderkey = lineitem.l_orderkey)
                           ->  Merge Join  (cost=1.00..3729776.49 rows=4999123 width=24) (actual time=759.098..33211.823 rows=99 loops=1)
                                 Merge Cond: (orders.o_orderkey = lineitem_1.l_orderkey)
                                 ->  Index Scan using orders_pkey on orders  (cost=0.43..650409.50 rows=14998004 width=20) (actual time=0.297..3120.996 rows=14982724 loops=1)
                                 ->  GroupAggregate  (cost=0.56..2929391.72 rows=4999123 width=4) (actual time=657.881..29076.563 rows=99 loops=1)
                                       Group Key: lineitem_1.l_orderkey
                                       Filter: (sum(lineitem_1.l_quantity) > '313'::numeric)
                                       Rows Removed by Filter: 14999901
                                       ->  Index Scan using idx_lineitem_orderkey on lineitem lineitem_1  (cost=0.56..2404483.77 rows=59989480 width=9) (actual time=0.531..13647.204 rows=59986052 loops=1)
                           ->  Index Scan using idx_lineitem_orderkey on lineitem  (cost=0.56..2404483.77 rows=59989480 width=9) (actual time=0.031..9697.219 rows=59916431 loops=1)
                     ->  Hash  (cost=50827.71..50827.71 rows=1500071 width=23) (actual time=566.278..566.279 rows=1500000 loops=1)
                           Buckets: 2097152  Batches: 1  Memory Usage: 98416kB
                           ->  Seq Scan on customer  (cost=0.00..50827.71 rows=1500071 width=23) (actual time=0.442..269.067 rows=1500000 loops=1)
 Settings: jit = 'off', max_parallel_workers_per_gather = '0', work_mem = '128MB'
 Planning Time: 9.496 ms
 Execution Time: 47438.673 ms
(26 rows)

===== 19.sql jit=off =====
                                                                                                                                                                                                                                                                                                                                                                                                                                                                                                            QUERY PLAN                                                                                                                                                                                                                                                                                                                                                                                                                                                                                                            
----------------------------------------------------------------------------------------------------------------------------------------------------------------------------------------------------------------------------------------------------------------------------------------------------------------------------------------------------------------------------------------------------------------------------------------------------------------------------------------------------------------------------------------------------------------------------------------------------------------------------------------------------------------------------------------------------------------------------------------------------------------------------------------------------------------------------------------------------------------------------------------------------------------------------------------------------------------------------------------------------------------------------------
 Limit  (cost=675995.04..675995.05 rows=1 width=32) (actual time=1233.967..1233.969 rows=1 loops=1)
   ->  Aggregate  (cost=675995.04..675995.05 rows=1 width=32) (actual time=1233.966..1233.967 rows=1 loops=1)
         ->  Nested Loop  (cost=0.44..675986.75 rows=1105 width=12) (actual time=3.262..1232.491 rows=1063 loops=1)
               ->  Seq Scan on part  (cost=0.00..125967.44 rows=4740 width=30) (actual time=0.315..578.291 rows=4781 loops=1)
                     Filter: ((p_size >= 1) AND (((p_brand = 'Brand#24'::bpchar) AND (p_container = ANY ('{"SM CASE","SM BOX","SM PACK","SM PKG"}'::bpchar[])) AND (p_size <= 5)) OR ((p_brand = 'Brand#43'::bpchar) AND (p_container = ANY ('{"MED BAG","MED BOX","MED PKG","MED PACK"}'::bpchar[])) AND (p_size <= 10)) OR ((p_brand = 'Brand#44'::bpchar) AND (p_container = ANY ('{"LG CASE","LG BOX","LG PACK","LG PKG"}'::bpchar[])) AND (p_size <= 15))))
                     Rows Removed by Filter: 1995219
               ->  Index Scan using idx_lineitem_part_supp on lineitem  (cost=0.44..116.03 rows=1 width=21) (actual time=0.123..0.136 rows=0 loops=4781)
                     Index Cond: (l_partkey = part.p_partkey)
                     Filter: ((l_shipmode = ANY ('{AIR,"AIR REG"}'::bpchar[])) AND (l_shipinstruct = 'DELIVER IN PERSON'::bpchar) AND (((l_quantity >= '10'::numeric) AND (l_quantity <= '20'::numeric)) OR ((l_quantity >= '10'::numeric) AND (l_quantity <= '20'::numeric)) OR ((l_quantity >= '20'::numeric) AND (l_quantity <= '30'::numeric))) AND (((part.p_brand = 'Brand#24'::bpchar) AND (part.p_container = ANY ('{"SM CASE","SM BOX","SM PACK","SM PKG"}'::bpchar[])) AND (l_quantity >= '10'::numeric) AND (l_quantity <= '20'::numeric) AND (part.p_size <= 5)) OR ((part.p_brand = 'Brand#43'::bpchar) AND (part.p_container = ANY ('{"MED BAG","MED BOX","MED PKG","MED PACK"}'::bpchar[])) AND (l_quantity >= '10'::numeric) AND (l_quantity <= '20'::numeric) AND (part.p_size <= 10)) OR ((part.p_brand = 'Brand#44'::bpchar) AND (part.p_container = ANY ('{"LG CASE","LG BOX","LG PACK","LG PKG"}'::bpchar[])) AND (l_quantity >= '20'::numeric) AND (l_quantity <= '30'::numeric) AND (part.p_size <= 15))))
                     Rows Removed by Filter: 30
 Settings: jit = 'off', max_parallel_workers_per_gather = '0', work_mem = '128MB'
 Planning Time: 1.371 ms
 Execution Time: 1234.035 ms
(13 rows)

===== 1.sql jit=off =====
ERROR:  syntax error at or near "analyze"
LINE 1: explain (settings, analyze) analyze select
                                    ^
===== 20-flattened.sql jit=off =====
                                                                        QUERY PLAN                                                                         
-----------------------------------------------------------------------------------------------------------------------------------------------------------
 HashAggregate  (cost=2106506.94..2268744.60 rows=4854161 width=40) (actual time=108390.146..116309.882 rows=5448842 loops=1)
   Group Key: l_partkey, l_suppkey
   Planned Partitions: 16  Batches: 81  Memory Usage: 135313kB  Disk Usage: 342848kB
   ->  Bitmap Heap Scan on lineitem  (cost=235085.30..1496984.48 rows=9157145 width=13) (actual time=1824.872..100091.160 rows=9123688 loops=1)
         Recheck Cond: ((l_shipdate >= '1996-01-01'::date) AND (l_shipdate < '1997-01-01'::date))
         Heap Blocks: exact=1048319
         ->  Bitmap Index Scan on idx_lineitem_shipdate  (cost=0.00..232796.02 rows=9157145 width=0) (actual time=1465.100..1465.100 rows=9123688 loops=1)
               Index Cond: ((l_shipdate >= '1996-01-01'::date) AND (l_shipdate < '1997-01-01'::date))
 Settings: jit = 'off', max_parallel_workers_per_gather = '0', work_mem = '128MB'
 Planning Time: 3.477 ms
 Execution Time: 116495.058 ms
(11 rows)

SELECT 5448842
CREATE INDEX
ANALYZE
                                                                                   QUERY PLAN                                                                                   
--------------------------------------------------------------------------------------------------------------------------------------------------------------------------------
 Limit  (cost=58851.70..58851.70 rows=1 width=51) (actual time=7642.538..7642.540 rows=1 loops=1)
   ->  Sort  (cost=58851.70..58851.70 rows=1 width=51) (actual time=7642.536..7642.538 rows=1 loops=1)
         Sort Key: supplier.s_name
         Sort Method: top-N heapsort  Memory: 25kB
         ->  Nested Loop Semi Join  (cost=48.59..58851.69 rows=1 width=51) (actual time=11.350..7637.678 rows=1821 loops=1)
               ->  Nested Loop  (cost=47.29..2404.57 rows=4000 width=55) (actual time=2.961..17.792 rows=4095 loops=1)
                     ->  Seq Scan on nation  (cost=0.00..1.31 rows=1 width=4) (actual time=0.345..0.350 rows=1 loops=1)
                           Filter: (n_name = 'IRAQ'::bpchar)
                           Rows Removed by Filter: 24
                     ->  Bitmap Heap Scan on supplier  (cost=47.29..2363.25 rows=4000 width=59) (actual time=2.610..16.201 rows=4095 loops=1)
                           Recheck Cond: (s_nationkey = nation.n_nationkey)
                           Heap Blocks: exact=1867
                           ->  Bitmap Index Scan on idx_supplier_nation_key  (cost=0.00..46.29 rows=4000 width=0) (actual time=1.891..1.891 rows=4095 loops=1)
                                 Index Cond: (s_nationkey = nation.n_nationkey)
               ->  Nested Loop  (cost=1.30..14.10 rows=1 width=8) (actual time=1.860..1.860 rows=0 loops=4095)
                     Join Filter: (supplier.s_suppkey = agg_lineitem.agg_suppkey)
                     ->  Nested Loop  (cost=0.87..13.61 rows=1 width=16) (actual time=1.631..1.853 rows=1 loops=4095)
                           ->  Index Scan using idx_partsupp_suppkey on partsupp  (cost=0.43..9.06 rows=79 width=12) (actual time=0.023..0.995 rows=61 loops=4095)
                                 Index Cond: (ps_suppkey = supplier.s_suppkey)
                           ->  Memoize  (cost=0.44..0.48 rows=1 width=4) (actual time=0.014..0.014 rows=0 loops=248000)
                                 Cache Key: partsupp.ps_partkey
                                 Hits: 11702  Misses: 236298  Evictions: 0  Overflows: 0  Memory Usage: 15783kB
                                 ->  Index Scan using part_pkey on part  (cost=0.43..0.47 rows=1 width=4) (actual time=0.014..0.014 rows=0 loops=236298)
                                       Index Cond: (p_partkey = partsupp.ps_partkey)
                                       Filter: ((p_name)::text ~~ 'olive%'::text)
                                       Rows Removed by Filter: 1
                     ->  Index Scan using idx_tmp_agg_lineitem on tmp_agg_lineitem agg_lineitem  (cost=0.43..0.48 rows=1 width=13) (actual time=0.010..0.010 rows=1 loops=2732)
                           Index Cond: ((agg_partkey = partsupp.ps_partkey) AND (agg_suppkey = partsupp.ps_suppkey))
                           Filter: ((partsupp.ps_availqty)::numeric > agg_quantity)
                           Rows Removed by Filter: 0
 Settings: jit = 'off', max_parallel_workers_per_gather = '0', work_mem = '128MB'
 Planning Time: 8.073 ms
 Execution Time: 7643.859 ms
(33 rows)

DROP TABLE
===== 20.sql jit=off =====
                                                                                          QUERY PLAN                                                                                           
-----------------------------------------------------------------------------------------------------------------------------------------------------------------------------------------------
 Limit  (cost=2431745.96..2431745.96 rows=1 width=51) (actual time=137495.463..137495.468 rows=1 loops=1)
   ->  Sort  (cost=2431745.96..2431745.96 rows=1 width=51) (actual time=137495.461..137495.465 rows=1 loops=1)
         Sort Key: supplier.s_name
         Sort Method: top-N heapsort  Memory: 25kB
         ->  Nested Loop Semi Join  (cost=2172723.51..2431745.95 rows=1 width=51) (actual time=108469.237..137492.503 rows=1821 loops=1)
               Join Filter: (supplier.s_suppkey = lineitem.l_suppkey)
               Rows Removed by Join Filter: 183310388
               ->  Nested Loop  (cost=0.00..4467.31 rows=4000 width=55) (actual time=0.032..27.951 rows=4095 loops=1)
                     Join Filter: (supplier.s_nationkey = nation.n_nationkey)
                     Rows Removed by Join Filter: 95905
                     ->  Seq Scan on nation  (cost=0.00..1.31 rows=1 width=4) (actual time=0.019..0.023 rows=1 loops=1)
                           Filter: (n_name = 'IRAQ'::bpchar)
                           Rows Removed by Filter: 24
                     ->  Seq Scan on supplier  (cost=0.00..3216.00 rows=100000 width=59) (actual time=0.009..18.642 rows=100000 loops=1)
               ->  Materialize  (cost=2172723.51..2427098.64 rows=3 width=8) (actual time=25.311..30.487 rows=44765 loops=4095)
                     ->  Nested Loop  (cost=2172723.51..2427098.63 rows=3 width=8) (actual time=103647.644..116552.258 rows=59002 loops=1)
                           ->  Hash Join  (cost=2172723.08..2396244.54 rows=49031 width=44) (actual time=103646.860..112860.383 rows=59125 loops=1)
                                 Hash Cond: (lineitem.l_partkey = part.p_partkey)
                                 ->  HashAggregate  (cost=2106506.94..2268744.60 rows=4854161 width=40) (actual time=103244.482..111615.196 rows=5448842 loops=1)
                                       Group Key: lineitem.l_partkey, lineitem.l_suppkey
                                       Planned Partitions: 16  Batches: 81  Memory Usage: 135313kB  Disk Usage: 342848kB
                                       ->  Bitmap Heap Scan on lineitem  (cost=235085.30..1496984.48 rows=9157145 width=13) (actual time=1801.092..95060.557 rows=9123688 loops=1)
                                             Recheck Cond: ((l_shipdate >= '1996-01-01'::date) AND (l_shipdate < '1997-01-01'::date))
                                             Heap Blocks: exact=1048319
                                             ->  Bitmap Index Scan on idx_lineitem_shipdate  (cost=0.00..232796.02 rows=9157145 width=0) (actual time=1443.130..1443.130 rows=9123688 loops=1)
                                                   Index Cond: ((l_shipdate >= '1996-01-01'::date) AND (l_shipdate < '1997-01-01'::date))
                                 ->  Hash  (cost=65963.60..65963.60 rows=20203 width=4) (actual time=402.256..402.257 rows=21718 loops=1)
                                       Buckets: 32768  Batches: 1  Memory Usage: 1020kB
                                       ->  Seq Scan on part  (cost=0.00..65963.60 rows=20203 width=4) (actual time=0.230..396.014 rows=21718 loops=1)
                                             Filter: ((p_name)::text ~~ 'olive%'::text)
                                             Rows Removed by Filter: 1978282
                           ->  Index Scan using partsupp_pkey on partsupp  (cost=0.43..0.62 rows=1 width=12) (actual time=0.061..0.061 rows=1 loops=59125)
                                 Index Cond: ((ps_partkey = lineitem.l_partkey) AND (ps_suppkey = lineitem.l_suppkey))
                                 Filter: ((ps_availqty)::numeric > ((0.5 * sum(lineitem.l_quantity))))
                                 Rows Removed by Filter: 0
 Settings: jit = 'off', max_parallel_workers_per_gather = '0', work_mem = '128MB'
 Planning Time: 5.538 ms
 Execution Time: 137525.540 ms
(38 rows)

===== 21.sql jit=off =====
                                                                                            QUERY PLAN                                                                                             
---------------------------------------------------------------------------------------------------------------------------------------------------------------------------------------------------
 Limit  (cost=4271950.75..4271950.75 rows=1 width=34) (actual time=60703.454..60703.470 rows=100 loops=1)
   ->  Sort  (cost=4271950.75..4271950.75 rows=1 width=34) (actual time=60703.452..60703.462 rows=100 loops=1)
         Sort Key: (count(*)) DESC, supplier.s_name
         Sort Method: top-N heapsort  Memory: 38kB
         ->  GroupAggregate  (cost=4271950.72..4271950.74 rows=1 width=34) (actual time=60693.967..60702.169 rows=3991 loops=1)
               Group Key: supplier.s_name
               ->  Sort  (cost=4271950.72..4271950.72 rows=1 width=26) (actual time=60693.954..60697.060 rows=39281 loops=1)
                     Sort Key: supplier.s_name
                     Sort Method: quicksort  Memory: 3378kB
                     ->  Nested Loop Semi Join  (cost=2204934.23..4271950.71 rows=1 width=26) (actual time=19556.174..60519.606 rows=39281 loops=1)
                           Join Filter: (l2.l_suppkey <> l1.l_suppkey)
                           Rows Removed by Join Filter: 42023
                           ->  Nested Loop  (cost=2204933.66..4271943.17 rows=1 width=38) (actual time=19545.623..53905.282 rows=65960 loops=1)
                                 ->  Hash Anti Join  (cost=2204933.23..4271935.85 rows=1 width=34) (actual time=19543.917..40938.699 rows=134155 loops=1)
                                       Hash Cond: (l1.l_orderkey = l3.l_orderkey)
                                       Join Filter: (l3.l_suppkey <> l1.l_suppkey)
                                       Rows Removed by Join Filter: 547662
                                       ->  Hash Join  (cost=2454.57..1959850.52 rows=799860 width=34) (actual time=20.531..16417.317 rows=1514267 loops=1)
                                             Hash Cond: (l1.l_suppkey = supplier.s_suppkey)
                                             ->  Seq Scan on lineitem l1  (cost=0.00..1874410.50 rows=19996493 width=8) (actual time=0.168..12891.479 rows=37929348 loops=1)
                                                   Filter: (l_receiptdate > l_commitdate)
                                                   Rows Removed by Filter: 22056704
                                             ->  Hash  (cost=2404.57..2404.57 rows=4000 width=30) (actual time=20.321..20.323 rows=3991 loops=1)
                                                   Buckets: 4096  Batches: 1  Memory Usage: 282kB
                                                   ->  Nested Loop  (cost=47.29..2404.57 rows=4000 width=30) (actual time=2.681..19.420 rows=3991 loops=1)
                                                         ->  Seq Scan on nation  (cost=0.00..1.31 rows=1 width=4) (actual time=0.219..0.223 rows=1 loops=1)
                                                               Filter: (n_name = 'PERU'::bpchar)
                                                               Rows Removed by Filter: 24
                                                         ->  Bitmap Heap Scan on supplier  (cost=47.29..2363.25 rows=4000 width=34) (actual time=2.459..18.617 rows=3991 loops=1)
                                                               Recheck Cond: (s_nationkey = nation.n_nationkey)
                                                               Heap Blocks: exact=1873
                                                               ->  Bitmap Index Scan on idx_supplier_nation_key  (cost=0.00..46.29 rows=4000 width=0) (actual time=1.874..1.874 rows=3991 loops=1)
                                                                     Index Cond: (s_nationkey = nation.n_nationkey)
                                       ->  Hash  (cost=1874410.50..1874410.50 rows=19996493 width=8) (actual time=19509.654..19509.655 rows=37929348 loops=1)
                                             Buckets: 4194304  Batches: 16  Memory Usage: 125295kB
                                             ->  Seq Scan on lineitem l3  (cost=0.00..1874410.50 rows=19996493 width=8) (actual time=0.016..14138.148 rows=37929348 loops=1)
                                                   Filter: (l_receiptdate > l_commitdate)
                                                   Rows Removed by Filter: 22056704
                                 ->  Index Scan using orders_pkey on orders  (cost=0.43..7.32 rows=1 width=4) (actual time=0.096..0.096 rows=0 loops=134155)
                                       Index Cond: (o_orderkey = l1.l_orderkey)
                                       Filter: (o_orderstatus = 'F'::bpchar)
                                       Rows Removed by Filter: 1
                           ->  Index Scan using idx_lineitem_orderkey on lineitem l2  (cost=0.56..7.52 rows=4 width=8) (actual time=0.098..0.099 rows=1 loops=65960)
                                 Index Cond: (l_orderkey = orders.o_orderkey)
 Settings: jit = 'off', max_parallel_workers_per_gather = '0', work_mem = '128MB'
 Planning Time: 11.395 ms
 Execution Time: 60704.259 ms
(47 rows)

===== 22.sql jit=off =====
                                                                          QUERY PLAN                                                                          
--------------------------------------------------------------------------------------------------------------------------------------------------------------
 Limit  (cost=163021.45..163021.48 rows=1 width=72) (actual time=2084.325..2084.327 rows=1 loops=1)
   InitPlan 1 (returns $0)
     ->  Aggregate  (cost=75323.14..75323.15 rows=1 width=32) (actual time=935.058..935.058 rows=1 loops=1)
           ->  Seq Scan on customer customer_1  (cost=0.00..75203.86 rows=47710 width=6) (actual time=0.012..885.564 rows=382426 loops=1)
                 Filter: ((c_acctbal > 0.00) AND (SUBSTRING(c_phone FROM 1 FOR 2) = ANY ('{21,29,26,34,14,15,17}'::text[])))
                 Rows Removed by Filter: 1117574
   ->  GroupAggregate  (cost=87698.30..87913.29 rows=7818 width=72) (actual time=2084.323..2084.324 rows=1 loops=1)
         Group Key: (SUBSTRING(customer.c_phone FROM 1 FOR 2))
         ->  Sort  (cost=87698.30..87717.84 rows=7818 width=38) (actual time=2082.157..2082.570 rows=9006 loops=1)
               Sort Key: (SUBSTRING(customer.c_phone FROM 1 FOR 2))
               Sort Method: quicksort  Memory: 4513kB
               ->  Nested Loop Anti Join  (cost=0.43..87192.76 rows=7818 width=38) (actual time=935.123..2058.975 rows=63509 loops=1)
                     ->  Seq Scan on customer  (cost=0.00..75203.86 rows=17501 width=26) (actual time=935.105..1619.567 rows=191129 loops=1)
                           Filter: ((c_acctbal > $0) AND (SUBSTRING(c_phone FROM 1 FOR 2) = ANY ('{21,29,26,34,14,15,17}'::text[])))
                           Rows Removed by Filter: 1308871
                     ->  Index Only Scan using idx_orders_custkey on orders  (cost=0.43..3.30 rows=18 width=4) (actual time=0.002..0.002 rows=1 loops=191129)
                           Index Cond: (o_custkey = customer.c_custkey)
                           Heap Fetches: 0
 Settings: jit = 'off', max_parallel_workers_per_gather = '0', work_mem = '128MB'
 Planning Time: 0.869 ms
 Execution Time: 2084.568 ms
(21 rows)

===== 2-flattened.sql jit=off =====
                                                                       QUERY PLAN                                                                        
---------------------------------------------------------------------------------------------------------------------------------------------------------
 HashAggregate  (cost=207090.00..211687.63 rows=459763 width=36) (actual time=3721.854..4224.883 rows=1182884 loops=1)
   Group Key: partsupp.ps_partkey
   Batches: 5  Memory Usage: 139313kB  Disk Usage: 15632kB
   ->  Nested Loop  (cost=42.10..199147.27 rows=1588545 width=10) (actual time=0.850..2898.570 rows=1604080 loops=1)
         ->  Nested Loop  (cost=41.67..2184.07 rows=20000 width=4) (actual time=0.831..55.246 rows=20051 loops=1)
               ->  Nested Loop  (cost=0.14..13.95 rows=5 width=4) (actual time=0.063..0.090 rows=5 loops=1)
                     Join Filter: (nation.n_regionkey = region.r_regionkey)
                     Rows Removed by Join Filter: 20
                     ->  Index Scan using nation_pkey on nation  (cost=0.14..12.51 rows=25 width=8) (actual time=0.034..0.044 rows=25 loops=1)
                     ->  Materialize  (cost=0.00..1.07 rows=1 width=4) (actual time=0.001..0.001 rows=1 loops=25)
                           ->  Seq Scan on region  (cost=0.00..1.06 rows=1 width=4) (actual time=0.017..0.018 rows=1 loops=1)
                                 Filter: (r_name = 'AMERICA'::bpchar)
                                 Rows Removed by Filter: 4
               ->  Bitmap Heap Scan on supplier  (cost=41.53..394.02 rows=4000 width=8) (actual time=0.682..10.302 rows=4010 loops=5)
                     Recheck Cond: (s_nationkey = nation.n_nationkey)
                     Heap Blocks: exact=9388
                     ->  Bitmap Index Scan on idx_supplier_nation_key  (cost=0.00..40.53 rows=4000 width=0) (actual time=0.427..0.428 rows=4010 loops=5)
                           Index Cond: (s_nationkey = nation.n_nationkey)
         ->  Index Scan using idx_partsupp_suppkey on partsupp  (cost=0.43..9.06 rows=79 width=14) (actual time=0.007..0.129 rows=80 loops=20051)
               Index Cond: (ps_suppkey = supplier.s_suppkey)
 Settings: jit = 'off', max_parallel_workers_per_gather = '0', work_mem = '128MB'
 Planning Time: 1.233 ms
 Execution Time: 4265.901 ms
(23 rows)

SELECT 1182884
CREATE INDEX
ANALYZE
                                                                             QUERY PLAN                                                                             
--------------------------------------------------------------------------------------------------------------------------------------------------------------------
 Limit  (cost=484887.98..484887.98 rows=1 width=192) (actual time=3862.226..3862.242 rows=100 loops=1)
   ->  Sort  (cost=484887.98..484887.98 rows=1 width=192) (actual time=3862.225..3862.234 rows=100 loops=1)
         Sort Key: supplier.s_acctbal DESC, nation.n_name, supplier.s_name, part.p_partkey
         Sort Method: top-N heapsort  Memory: 71kB
         ->  Hash Join  (cost=264350.00..484887.97 rows=1 width=192) (actual time=3087.036..3859.315 rows=4737 loops=1)
               Hash Cond: ((part.p_partkey = partsupp.ps_partkey) AND ((SubPlan 1) = partsupp.ps_supplycost))
               ->  Seq Scan on part  (cost=0.00..70963.92 rows=8728 width=30) (actual time=0.021..468.390 rows=8046 loops=1)
                     Filter: (((p_type)::text ~~ '%NICKEL'::text) AND (p_size = 16))
                     Rows Removed by Filter: 1991954
               ->  Hash  (cost=201738.82..201738.82 rows=1588545 width=172) (actual time=3086.045..3086.048 rows=1604080 loops=1)
                     Buckets: 1048576  Batches: 4  Memory Usage: 90233kB
                     ->  Nested Loop  (cost=2.00..201738.82 rows=1588545 width=172) (actual time=0.077..2348.900 rows=1604080 loops=1)
                           ->  Nested Loop  (cost=1.56..4775.62 rows=20000 width=166) (actual time=0.059..61.019 rows=20051 loops=1)
                                 Join Filter: (nation.n_regionkey = region.r_regionkey)
                                 Rows Removed by Join Filter: 79949
                                 ->  Seq Scan on region  (cost=0.00..1.06 rows=1 width=4) (actual time=0.024..0.026 rows=1 loops=1)
                                       Filter: (r_name = 'AMERICA'::bpchar)
                                       Rows Removed by Filter: 4
                                 ->  Hash Join  (cost=1.56..3524.56 rows=100000 width=170) (actual time=0.033..51.976 rows=100000 loops=1)
                                       Hash Cond: (supplier.s_nationkey = nation.n_nationkey)
                                       ->  Seq Scan on supplier  (cost=0.00..3216.00 rows=100000 width=144) (actual time=0.007..17.292 rows=100000 loops=1)
                                       ->  Hash  (cost=1.25..1.25 rows=25 width=34) (actual time=0.014..0.015 rows=25 loops=1)
                                             Buckets: 1024  Batches: 1  Memory Usage: 10kB
                                             ->  Seq Scan on nation  (cost=0.00..1.25 rows=25 width=34) (actual time=0.004..0.008 rows=25 loops=1)
                           ->  Index Scan using idx_partsupp_suppkey on partsupp  (cost=0.43..9.06 rows=79 width=14) (actual time=0.005..0.100 rows=80 loops=20051)
                                 Index Cond: (ps_suppkey = supplier.s_suppkey)
               SubPlan 1
                 ->  Index Scan using tmp_supplycost_idx on tmp_supplycost  (cost=0.43..8.45 rows=1 width=6) (actual time=0.004..0.005 rows=1 loops=12783)
                       Index Cond: (ps_partkey = part.p_partkey)
 Settings: jit = 'off', max_parallel_workers_per_gather = '0', work_mem = '128MB'
 Planning Time: 1.335 ms
 Execution Time: 3862.571 ms
(32 rows)

DROP TABLE
===== 2.sql jit=off =====
                                                                                        QUERY PLAN                                                                                         
-------------------------------------------------------------------------------------------------------------------------------------------------------------------------------------------
 Limit  (cost=1682965.63..1682965.63 rows=1 width=192) (actual time=5408.223..5408.239 rows=100 loops=1)
   ->  Sort  (cost=1682965.63..1682965.63 rows=1 width=192) (actual time=5408.221..5408.231 rows=100 loops=1)
         Sort Key: supplier.s_acctbal DESC, nation.n_name, supplier.s_name, part.p_partkey
         Sort Method: top-N heapsort  Memory: 71kB
         ->  Merge Join  (cost=501094.33..1682965.62 rows=1 width=192) (actual time=3843.182..5405.137 rows=4737 loops=1)
               Merge Cond: (part.p_partkey = partsupp.ps_partkey)
               Join Filter: (partsupp.ps_supplycost = (SubPlan 1))
               Rows Removed by Join Filter: 1661
               ->  Index Scan using part_pkey on part  (cost=0.43..102915.99 rows=8728 width=30) (actual time=0.029..657.000 rows=8046 loops=1)
                     Filter: (((p_type)::text ~~ '%NICKEL'::text) AND (p_size = 16))
                     Rows Removed by Filter: 1991954
               ->  Materialize  (cost=501093.70..509036.42 rows=1588545 width=172) (actual time=3842.991..4349.810 rows=1603828 loops=1)
                     ->  Sort  (cost=501093.70..505065.06 rows=1588545 width=172) (actual time=3842.986..4142.222 rows=1603828 loops=1)
                           Sort Key: partsupp.ps_partkey
                           Sort Method: external merge  Disk: 293456kB
                           ->  Nested Loop  (cost=2.00..201738.82 rows=1588545 width=172) (actual time=0.056..2681.417 rows=1604080 loops=1)
                                 ->  Nested Loop  (cost=1.56..4775.62 rows=20000 width=166) (actual time=0.043..64.090 rows=20051 loops=1)
                                       Join Filter: (nation.n_regionkey = region.r_regionkey)
                                       Rows Removed by Join Filter: 79949
                                       ->  Seq Scan on region  (cost=0.00..1.06 rows=1 width=4) (actual time=0.010..0.013 rows=1 loops=1)
                                             Filter: (r_name = 'AMERICA'::bpchar)
                                             Rows Removed by Filter: 4
                                       ->  Hash Join  (cost=1.56..3524.56 rows=100000 width=170) (actual time=0.031..55.416 rows=100000 loops=1)
                                             Hash Cond: (supplier.s_nationkey = nation.n_nationkey)
                                             ->  Seq Scan on supplier  (cost=0.00..3216.00 rows=100000 width=144) (actual time=0.002..16.144 rows=100000 loops=1)
                                             ->  Hash  (cost=1.25..1.25 rows=25 width=34) (actual time=0.017..0.018 rows=25 loops=1)
                                                   Buckets: 1024  Batches: 1  Memory Usage: 10kB
                                                   ->  Seq Scan on nation  (cost=0.00..1.25 rows=25 width=34) (actual time=0.006..0.010 rows=25 loops=1)
                                 ->  Index Scan using idx_partsupp_suppkey on partsupp  (cost=0.43..9.06 rows=79 width=14) (actual time=0.005..0.117 rows=80 loops=20051)
                                       Index Cond: (ps_suppkey = supplier.s_suppkey)
               SubPlan 1
                 ->  Aggregate  (cost=153.90..153.91 rows=1 width=32) (actual time=0.030..0.030 rows=1 loops=6398)
                       ->  Nested Loop  (cost=0.86..153.90 rows=3 width=6) (actual time=0.018..0.028 rows=2 loops=6398)
                             Join Filter: (nation_1.n_regionkey = region_1.r_regionkey)
                             Rows Removed by Join Filter: 2
                             ->  Seq Scan on region region_1  (cost=0.00..1.06 rows=1 width=4) (actual time=0.001..0.002 rows=1 loops=6398)
                                   Filter: (r_name = 'AMERICA'::bpchar)
                                   Rows Removed by Filter: 4
                             ->  Nested Loop  (cost=0.86..152.62 rows=17 width=10) (actual time=0.011..0.025 rows=4 loops=6398)
                                   ->  Nested Loop  (cost=0.72..150.00 rows=17 width=10) (actual time=0.009..0.019 rows=4 loops=6398)
                                         ->  Index Scan using idx_partsupp_partkey on partsupp partsupp_1  (cost=0.43..8.73 rows=17 width=10) (actual time=0.006..0.007 rows=4 loops=6398)
                                               Index Cond: (ps_partkey = part.p_partkey)
                                         ->  Index Scan using supplier_pkey on supplier supplier_1  (cost=0.29..8.31 rows=1 width=8) (actual time=0.003..0.003 rows=1 loops=25592)
                                               Index Cond: (s_suppkey = partsupp_1.ps_suppkey)
                                   ->  Index Scan using nation_pkey on nation nation_1  (cost=0.14..0.16 rows=1 width=8) (actual time=0.001..0.001 rows=1 loops=25592)
                                         Index Cond: (n_nationkey = supplier_1.s_nationkey)
 Settings: jit = 'off', max_parallel_workers_per_gather = '0', work_mem = '128MB'
 Planning Time: 2.545 ms
 Execution Time: 5429.633 ms
(49 rows)

===== 3.sql jit=off =====
                                                                                     QUERY PLAN                                                                                      
-------------------------------------------------------------------------------------------------------------------------------------------------------------------------------------
 Limit  (cost=2966805.12..2966805.15 rows=10 width=44) (actual time=41994.189..41994.195 rows=10 loops=1)
   ->  Sort  (cost=2966805.12..2974804.47 rows=3199739 width=44) (actual time=41994.187..41994.191 rows=10 loops=1)
         Sort Key: (sum((lineitem.l_extendedprice * ('1'::numeric - lineitem.l_discount)))) DESC, orders.o_orderdate
         Sort Method: top-N heapsort  Memory: 26kB
         ->  HashAggregate  (cost=2820166.23..2897659.91 rows=3199739 width=44) (actual time=41919.349..41974.013 rows=113934 loops=1)
               Group Key: lineitem.l_orderkey, orders.o_orderdate, orders.o_shippriority
               Planned Partitions: 16  Batches: 1  Memory Usage: 61457kB
               ->  Hash Join  (cost=528218.13..2558187.60 rows=3199739 width=24) (actual time=26072.618..41634.745 rows=301530 loops=1)
                     Hash Cond: (lineitem.l_orderkey = orders.o_orderkey)
                     ->  Seq Scan on lineitem  (cost=0.00..1874410.50 rows=32949755 width=16) (actual time=0.345..11954.751 rows=32534229 loops=1)
                           Filter: (l_shipdate > '1995-03-07'::date)
                           Rows Removed by Filter: 27451823
                     ->  Hash  (cost=510012.49..510012.49 rows=1456451 width=12) (actual time=26067.589..26067.592 rows=1451805 loops=1)
                           Buckets: 2097152  Batches: 1  Memory Usage: 78767kB
                           ->  Hash Join  (cost=139376.87..510012.49 rows=1456451 width=12) (actual time=1186.570..25505.161 rows=1451805 loops=1)
                                 Hash Cond: (orders.o_custkey = customer.c_custkey)
                                 ->  Bitmap Heap Scan on orders  (cost=81034.43..432627.07 rows=7254451 width=16) (actual time=793.020..22606.814 rows=7239437 loops=1)
                                       Recheck Cond: (o_orderdate < '1995-03-07'::date)
                                       Heap Blocks: exact=260912
                                       ->  Bitmap Index Scan on idx_orders_orderdate  (cost=0.00..79220.82 rows=7254451 width=0) (actual time=722.202..722.202 rows=7239437 loops=1)
                                             Index Cond: (o_orderdate < '1995-03-07'::date)
                                 ->  Hash  (cost=54577.89..54577.89 rows=301164 width=4) (actual time=392.396..392.397 rows=300276 loops=1)
                                       Buckets: 524288  Batches: 1  Memory Usage: 14653kB
                                       ->  Seq Scan on customer  (cost=0.00..54577.89 rows=301164 width=4) (actual time=0.295..331.119 rows=300276 loops=1)
                                             Filter: (c_mktsegment = 'BUILDING'::bpchar)
                                             Rows Removed by Filter: 1199724
 Settings: jit = 'off', max_parallel_workers_per_gather = '0', work_mem = '128MB'
 Planning Time: 5.988 ms
 Execution Time: 42000.993 ms
(29 rows)

===== 4.sql jit=off =====
                                                                             QUERY PLAN                                                                             
--------------------------------------------------------------------------------------------------------------------------------------------------------------------
 Limit  (cost=2588369.09..2588369.09 rows=1 width=24) (actual time=44517.059..44517.062 rows=1 loops=1)
   ->  Sort  (cost=2588369.09..2588369.10 rows=5 width=24) (actual time=44517.057..44517.060 rows=1 loops=1)
         Sort Key: orders.o_orderpriority
         Sort Method: top-N heapsort  Memory: 25kB
         ->  HashAggregate  (cost=2588369.01..2588369.06 rows=5 width=24) (actual time=44517.020..44517.023 rows=5 loops=1)
               Group Key: orders.o_orderpriority
               Batches: 1  Memory Usage: 24kB
               ->  Hash Semi Join  (cost=2210576.83..2585408.29 rows=592144 width=16) (actual time=18605.588..44357.902 rows=513822 loops=1)
                     Hash Cond: (orders.o_orderkey = lineitem.l_orderkey)
                     ->  Bitmap Heap Scan on orders  (cost=8098.17..277892.70 rows=592169 width=20) (actual time=146.406..21820.281 rows=560424 loops=1)
                           Recheck Cond: ((o_orderdate >= '1993-12-01'::date) AND (o_orderdate < '1994-03-01'::date))
                           Heap Blocks: exact=231732
                           ->  Bitmap Index Scan on idx_orders_orderdate  (cost=0.00..7950.13 rows=592169 width=0) (actual time=83.802..83.803 rows=560424 loops=1)
                                 Index Cond: ((o_orderdate >= '1993-12-01'::date) AND (o_orderdate < '1994-03-01'::date))
                     ->  Hash  (cost=1874410.50..1874410.50 rows=19996493 width=4) (actual time=18449.195..18449.196 rows=37929348 loops=1)
                           Buckets: 4194304  Batches: 16  Memory Usage: 116042kB
                           ->  Seq Scan on lineitem  (cost=0.00..1874410.50 rows=19996493 width=4) (actual time=0.492..13429.715 rows=37929348 loops=1)
                                 Filter: (l_commitdate < l_receiptdate)
                                 Rows Removed by Filter: 22056704
 Settings: jit = 'off', max_parallel_workers_per_gather = '0', work_mem = '128MB'
 Planning Time: 4.849 ms
 Execution Time: 44520.023 ms
(22 rows)

===== 5.sql jit=off =====
                                                                                           QUERY PLAN                                                                                            
-------------------------------------------------------------------------------------------------------------------------------------------------------------------------------------------------
 Limit  (cost=2372101.44..2372101.44 rows=1 width=58) (actual time=39017.458..39017.465 rows=1 loops=1)
   ->  Sort  (cost=2372101.44..2372101.50 rows=25 width=58) (actual time=39017.456..39017.463 rows=1 loops=1)
         Sort Key: (sum((lineitem.l_extendedprice * ('1'::numeric - lineitem.l_discount)))) DESC
         Sort Method: top-N heapsort  Memory: 25kB
         ->  GroupAggregate  (cost=2371196.49..2372101.32 rows=25 width=58) (actual time=38988.265..39017.430 rows=5 loops=1)
               Group Key: nation.n_name
               ->  Sort  (cost=2371196.49..2371377.39 rows=72361 width=38) (actual time=38981.034..38984.792 rows=72033 loops=1)
                     Sort Key: nation.n_name
                     Sort Method: quicksort  Memory: 8700kB
                     ->  Hash Join  (cost=421938.73..2365355.90 rows=72361 width=38) (actual time=21162.873..38935.852 rows=72033 loops=1)
                           Hash Cond: ((lineitem.l_suppkey = supplier.s_suppkey) AND (customer.c_nationkey = supplier.s_nationkey))
                           ->  Hash Join  (cost=417222.73..2351142.34 rows=1809057 width=50) (actual time=21118.621..38435.826 rows=1815327 loops=1)
                                 Hash Cond: (orders.o_custkey = customer.c_custkey)
                                 ->  Hash Join  (cost=354016.93..2235926.16 rows=9045286 width=20) (actual time=20654.726..36524.602 rows=9108027 loops=1)
                                       Hash Cond: (lineitem.l_orderkey = orders.o_orderkey)
                                       ->  Seq Scan on lineitem  (cost=0.00..1724436.80 rows=59989480 width=20) (actual time=0.371..7345.939 rows=59986052 loops=1)
                                       ->  Hash  (cost=325749.21..325749.21 rows=2261417 width=8) (actual time=20645.316..20645.317 rows=2276638 loops=1)
                                             Buckets: 4194304  Batches: 1  Memory Usage: 121700kB
                                             ->  Bitmap Heap Scan on orders  (cost=30915.96..325749.21 rows=2261417 width=8) (actual time=315.805..19938.920 rows=2276638 loops=1)
                                                   Recheck Cond: ((o_orderdate >= '1993-01-01'::date) AND (o_orderdate < '1994-01-01'::date))
                                                   Heap Blocks: exact=260897
                                                   ->  Bitmap Index Scan on idx_orders_orderdate  (cost=0.00..30350.61 rows=2261417 width=0) (actual time=245.879..245.879 rows=2276638 loops=1)
                                                         Index Cond: ((o_orderdate >= '1993-01-01'::date) AND (o_orderdate < '1994-01-01'::date))
                                 ->  Hash  (cost=59455.62..59455.62 rows=300014 width=38) (actual time=462.606..462.609 rows=299436 loops=1)
                                       Buckets: 524288  Batches: 1  Memory Usage: 25151kB
                                       ->  Hash Join  (cost=2.51..59455.62 rows=300014 width=38) (actual time=1.102..390.157 rows=299436 loops=1)
                                             Hash Cond: (customer.c_nationkey = nation.n_nationkey)
                                             ->  Seq Scan on customer  (cost=0.00..50827.71 rows=1500071 width=8) (actual time=0.421..207.475 rows=1500000 loops=1)
                                             ->  Hash  (cost=2.45..2.45 rows=5 width=30) (actual time=0.664..0.665 rows=5 loops=1)
                                                   Buckets: 1024  Batches: 1  Memory Usage: 9kB
                                                   ->  Hash Join  (cost=1.07..2.45 rows=5 width=30) (actual time=0.655..0.660 rows=5 loops=1)
                                                         Hash Cond: (nation.n_regionkey = region.r_regionkey)
                                                         ->  Seq Scan on nation  (cost=0.00..1.25 rows=25 width=34) (actual time=0.342..0.344 rows=25 loops=1)
                                                         ->  Hash  (cost=1.06..1.06 rows=1 width=4) (actual time=0.294..0.295 rows=1 loops=1)
                                                               Buckets: 1024  Batches: 1  Memory Usage: 9kB
                                                               ->  Seq Scan on region  (cost=0.00..1.06 rows=1 width=4) (actual time=0.287..0.289 rows=1 loops=1)
                                                                     Filter: (r_name = 'AMERICA'::bpchar)
                                                                     Rows Removed by Filter: 4
                           ->  Hash  (cost=3216.00..3216.00 rows=100000 width=8) (actual time=42.079..42.079 rows=100000 loops=1)
                                 Buckets: 131072  Batches: 1  Memory Usage: 4931kB
                                 ->  Seq Scan on supplier  (cost=0.00..3216.00 rows=100000 width=8) (actual time=0.359..25.511 rows=100000 loops=1)
 Settings: jit = 'off', max_parallel_workers_per_gather = '0', work_mem = '128MB'
 Planning Time: 11.616 ms
 Execution Time: 39021.145 ms
(44 rows)

===== 6.sql jit=off =====
                                                                                          QUERY PLAN                                                                                           
-----------------------------------------------------------------------------------------------------------------------------------------------------------------------------------------------
 Limit  (cost=1502899.24..1502899.25 rows=1 width=32) (actual time=4771.140..4771.142 rows=1 loops=1)
   ->  Aggregate  (cost=1502899.24..1502899.25 rows=1 width=32) (actual time=4771.139..4771.140 rows=1 loops=1)
         ->  Bitmap Heap Scan on lineitem  (cost=299578.09..1496953.55 rows=1189137 width=12) (actual time=1519.601..4280.690 rows=1194558 loops=1)
               Recheck Cond: ((l_shipdate >= '1993-01-01'::date) AND (l_shipdate < '1994-01-01'::date) AND (l_discount >= 0.06) AND (l_discount <= 0.08) AND (l_quantity < '25'::numeric))
               Heap Blocks: exact=662932
               ->  Bitmap Index Scan on idx_lineitem_shipdate  (cost=0.00..299280.80 rows=1189137 width=0) (actual time=1320.079..1320.079 rows=1194558 loops=1)
                     Index Cond: ((l_shipdate >= '1993-01-01'::date) AND (l_shipdate < '1994-01-01'::date) AND (l_discount >= 0.06) AND (l_discount <= 0.08) AND (l_quantity < '25'::numeric))
 Settings: jit = 'off', max_parallel_workers_per_gather = '0', work_mem = '128MB'
 Planning Time: 0.717 ms
 Execution Time: 4773.420 ms
(10 rows)

===== 7.sql jit=off =====
                                                                                     QUERY PLAN                                                                                      
-------------------------------------------------------------------------------------------------------------------------------------------------------------------------------------
 Limit  (cost=2509286.10..2509286.22 rows=1 width=116) (actual time=84854.711..84854.719 rows=1 loops=1)
   ->  GroupAggregate  (cost=2509286.10..2510489.62 rows=10028 width=116) (actual time=84854.710..84854.717 rows=1 loops=1)
         Group Key: n1.n_name, n2.n_name, (EXTRACT(year FROM lineitem.l_shipdate))
         ->  Sort  (cost=2509286.10..2509436.54 rows=60177 width=96) (actual time=84844.972..84845.911 rows=14421 loops=1)
               Sort Key: n1.n_name, n2.n_name, (EXTRACT(year FROM lineitem.l_shipdate))
               Sort Method: quicksort  Memory: 9664kB
               ->  Hash Join  (cost=1018714.80..2504508.97 rows=60177 width=96) (actual time=8708.000..84770.860 rows=57794 loops=1)
                     Hash Cond: (lineitem.l_suppkey = supplier.s_suppkey)
                     Join Filter: (((n1.n_name = 'PERU'::bpchar) AND (n2.n_name = 'MOROCCO'::bpchar)) OR ((n1.n_name = 'MOROCCO'::bpchar) AND (n2.n_name = 'PERU'::bpchar)))
                     Rows Removed by Join Filter: 58158
                     ->  Hash Join  (cost=1015090.40..2492998.04 rows=1445998 width=46) (actual time=8673.016..84225.697 rows=1448126 loops=1)
                           Hash Cond: (lineitem.l_orderkey = orders.o_orderkey)
                           ->  Bitmap Heap Scan on lineitem  (cost=464025.00..1859691.53 rows=18074969 width=24) (actual time=3185.373..74949.792 rows=18230325 loops=1)
                                 Recheck Cond: ((l_shipdate >= '1995-01-01'::date) AND (l_shipdate <= '1996-12-31'::date))
                                 Heap Blocks: exact=1119491
                                 ->  Bitmap Index Scan on idx_lineitem_shipdate  (cost=0.00..459506.26 rows=18074969 width=0) (actual time=2802.070..2802.071 rows=18230325 loops=1)
                                       Index Cond: ((l_shipdate >= '1995-01-01'::date) AND (l_shipdate <= '1996-12-31'::date))
                           ->  Hash  (cost=536067.40..536067.40 rows=1199840 width=30) (actual time=5483.117..5483.120 rows=1191175 loops=1)
                                 Buckets: 2097152  Batches: 1  Memory Usage: 88506kB
                                 ->  Hash Join  (cost=56934.40..536067.40 rows=1199840 width=30) (actual time=393.006..5180.550 rows=1191175 loops=1)
                                       Hash Cond: (orders.o_custkey = customer.c_custkey)
                                       ->  Seq Scan on orders  (cost=0.00..410892.04 rows=14998004 width=8) (actual time=0.034..1950.821 rows=15000000 loops=1)
                                       ->  Hash  (cost=55434.33..55434.33 rows=120006 width=30) (actual time=392.668..392.670 rows=119622 loops=1)
                                             Buckets: 131072  Batches: 1  Memory Usage: 8267kB
                                             ->  Hash Join  (cost=1.40..55434.33 rows=120006 width=30) (actual time=0.457..363.906 rows=119622 loops=1)
                                                   Hash Cond: (customer.c_nationkey = n2.n_nationkey)
                                                   ->  Seq Scan on customer  (cost=0.00..50827.71 rows=1500071 width=8) (actual time=0.413..207.724 rows=1500000 loops=1)
                                                   ->  Hash  (cost=1.38..1.38 rows=2 width=30) (actual time=0.024..0.025 rows=2 loops=1)
                                                         Buckets: 1024  Batches: 1  Memory Usage: 9kB
                                                         ->  Seq Scan on nation n2  (cost=0.00..1.38 rows=2 width=30) (actual time=0.016..0.019 rows=2 loops=1)
                                                               Filter: ((n_name = 'MOROCCO'::bpchar) OR (n_name = 'PERU'::bpchar))
                                                               Rows Removed by Filter: 23
                     ->  Hash  (cost=3524.40..3524.40 rows=8000 width=30) (actual time=33.063..33.065 rows=7981 loops=1)
                           Buckets: 8192  Batches: 1  Memory Usage: 548kB
                           ->  Hash Join  (cost=1.40..3524.40 rows=8000 width=30) (actual time=0.540..31.365 rows=7981 loops=1)
                                 Hash Cond: (supplier.s_nationkey = n1.n_nationkey)
                                 ->  Seq Scan on supplier  (cost=0.00..3216.00 rows=100000 width=8) (actual time=0.333..20.594 rows=100000 loops=1)
                                 ->  Hash  (cost=1.38..1.38 rows=2 width=30) (actual time=0.196..0.196 rows=2 loops=1)
                                       Buckets: 1024  Batches: 1  Memory Usage: 9kB
                                       ->  Seq Scan on nation n1  (cost=0.00..1.38 rows=2 width=30) (actual time=0.189..0.191 rows=2 loops=1)
                                             Filter: ((n_name = 'PERU'::bpchar) OR (n_name = 'MOROCCO'::bpchar))
                                             Rows Removed by Filter: 23
 Settings: jit = 'off', max_parallel_workers_per_gather = '0', work_mem = '128MB'
 Planning Time: 9.185 ms
 Execution Time: 84858.964 ms
(45 rows)

===== 8.sql jit=off =====
                                                                                           QUERY PLAN                                                                                            
-------------------------------------------------------------------------------------------------------------------------------------------------------------------------------------------------
 Limit  (cost=1944929.79..1944930.03 rows=1 width=64) (actual time=49596.264..49596.271 rows=1 loops=1)
   ->  GroupAggregate  (cost=1944929.79..1945506.64 rows=2406 width=64) (actual time=49596.262..49596.269 rows=1 loops=1)
         Group Key: (EXTRACT(year FROM orders.o_orderdate))
         ->  Sort  (cost=1944929.79..1944988.54 rows=23499 width=70) (actual time=49589.150..49589.674 rows=11818 loops=1)
               Sort Key: (EXTRACT(year FROM orders.o_orderdate))
               Sort Method: quicksort  Memory: 2631kB
               ->  Nested Loop  (cost=496778.96..1943223.73 rows=23499 width=70) (actual time=11278.834..49553.940 rows=23842 loops=1)
                     ->  Hash Join  (cost=496778.81..1942536.36 rows=23499 width=20) (actual time=11278.812..49471.661 rows=23842 loops=1)
                           Hash Cond: (lineitem.l_suppkey = supplier.s_suppkey)
                           ->  Hash Join  (cost=492312.81..1938008.67 rows=23499 width=20) (actual time=11237.040..49408.066 rows=23842 loops=1)
                                 Hash Cond: (lineitem.l_orderkey = orders.o_orderkey)
                                 ->  Nested Loop  (cost=0.44..1444010.78 rows=386807 width=20) (actual time=1.819..37864.487 rows=389521 loops=1)
                                       ->  Seq Scan on part  (cost=0.00..65963.60 rows=13253 width=4) (actual time=1.143..532.585 rows=13011 loops=1)
                                             Filter: ((p_type)::text = 'LARGE POLISHED BRASS'::text)
                                             Rows Removed by Filter: 1986989
                                       ->  Index Scan using idx_lineitem_part_supp on lineitem  (cost=0.44..103.69 rows=29 width=24) (actual time=0.156..2.851 rows=30 loops=13011)
                                             Index Cond: (l_partkey = part.p_partkey)
                                 ->  Hash  (cost=480923.26..480923.26 rows=911129 width=8) (actual time=11229.295..11229.299 rows=910360 loops=1)
                                       Buckets: 1048576  Batches: 1  Memory Usage: 43753kB
                                       ->  Hash Join  (cost=125481.61..480923.26 rows=911129 width=8) (actual time=954.537..10976.677 rows=910360 loops=1)
                                             Hash Cond: (orders.o_custkey = customer.c_custkey)
                                             ->  Bitmap Heap Scan on orders  (cost=62275.81..391522.50 rows=4555646 width=12) (actual time=529.456..9282.603 rows=4557513 loops=1)
                                                   Recheck Cond: ((o_orderdate >= '1995-01-01'::date) AND (o_orderdate <= '1996-12-31'::date))
                                                   Heap Blocks: exact=260912
                                                   ->  Bitmap Index Scan on idx_orders_orderdate  (cost=0.00..61136.89 rows=4555646 width=0) (actual time=460.161..460.161 rows=4557513 loops=1)
                                                         Index Cond: ((o_orderdate >= '1995-01-01'::date) AND (o_orderdate <= '1996-12-31'::date))
                                             ->  Hash  (cost=59455.62..59455.62 rows=300014 width=4) (actual time=423.907..423.910 rows=299436 loops=1)
                                                   Buckets: 524288  Batches: 1  Memory Usage: 14624kB
                                                   ->  Hash Join  (cost=2.51..59455.62 rows=300014 width=4) (actual time=0.490..364.516 rows=299436 loops=1)
                                                         Hash Cond: (customer.c_nationkey = n1.n_nationkey)
                                                         ->  Seq Scan on customer  (cost=0.00..50827.71 rows=1500071 width=8) (actual time=0.283..186.144 rows=1500000 loops=1)
                                                         ->  Hash  (cost=2.45..2.45 rows=5 width=4) (actual time=0.192..0.194 rows=5 loops=1)
                                                               Buckets: 1024  Batches: 1  Memory Usage: 9kB
                                                               ->  Hash Join  (cost=1.07..2.45 rows=5 width=4) (actual time=0.184..0.191 rows=5 loops=1)
                                                                     Hash Cond: (n1.n_regionkey = region.r_regionkey)
                                                                     ->  Seq Scan on nation n1  (cost=0.00..1.25 rows=25 width=8) (actual time=0.011..0.012 rows=25 loops=1)
                                                                     ->  Hash  (cost=1.06..1.06 rows=1 width=4) (actual time=0.159..0.160 rows=1 loops=1)
                                                                           Buckets: 1024  Batches: 1  Memory Usage: 9kB
                                                                           ->  Seq Scan on region  (cost=0.00..1.06 rows=1 width=4) (actual time=0.149..0.150 rows=1 loops=1)
                                                                                 Filter: (r_name = 'AMERICA'::bpchar)
                                                                                 Rows Removed by Filter: 4
                           ->  Hash  (cost=3216.00..3216.00 rows=100000 width=8) (actual time=41.477..41.477 rows=100000 loops=1)
                                 Buckets: 131072  Batches: 1  Memory Usage: 4931kB
                                 ->  Seq Scan on supplier  (cost=0.00..3216.00 rows=100000 width=8) (actual time=0.328..26.069 rows=100000 loops=1)
                     ->  Memoize  (cost=0.15..2.17 rows=1 width=30) (actual time=0.001..0.001 rows=1 loops=23842)
                           Cache Key: supplier.s_nationkey
                           Hits: 23817  Misses: 25  Evictions: 0  Overflows: 0  Memory Usage: 4kB
                           ->  Index Scan using nation_pkey on nation n2  (cost=0.14..2.16 rows=1 width=30) (actual time=0.005..0.005 rows=1 loops=25)
                                 Index Cond: (n_nationkey = supplier.s_nationkey)
 Settings: jit = 'off', max_parallel_workers_per_gather = '0', work_mem = '128MB'
 Planning Time: 15.043 ms
 Execution Time: 49598.549 ms
(52 rows)

===== 9.sql jit=off =====
                                                                                   QUERY PLAN                                                                                    
---------------------------------------------------------------------------------------------------------------------------------------------------------------------------------
 Limit  (cost=1798065.68..1798065.71 rows=1 width=90) (actual time=452330.001..452330.008 rows=1 loops=1)
   ->  GroupAggregate  (cost=1798065.68..1798068.06 rows=68 width=90) (actual time=452330.000..452330.005 rows=1 loops=1)
         Group Key: nation.n_name, (EXTRACT(year FROM orders.o_orderdate))
         ->  Sort  (cost=1798065.68..1798065.85 rows=68 width=81) (actual time=452316.582..452320.548 rows=11401 loops=1)
               Sort Key: nation.n_name, (EXTRACT(year FROM orders.o_orderdate)) DESC
               Sort Method: external merge  Disk: 211200kB
               ->  Nested Loop  (cost=66722.39..1798063.61 rows=68 width=81) (actual time=570.621..446155.416 rows=3248192 loops=1)
                     Join Filter: (supplier.s_nationkey = nation.n_nationkey)
                     Rows Removed by Join Filter: 39009119
                     ->  Nested Loop  (cost=66722.39..1798037.66 rows=68 width=31) (actual time=570.591..432630.044 rows=3248192 loops=1)
                           ->  Nested Loop  (cost=66721.96..1797636.28 rows=68 width=31) (actual time=570.548..337312.685 rows=3248192 loops=1)
                                 ->  Nested Loop  (cost=66721.67..1797249.87 rows=68 width=35) (actual time=570.510..319963.928 rows=3248192 loops=1)
                                       ->  Hash Join  (cost=66721.23..342081.12 rows=242362 width=18) (actual time=570.266..4169.654 rows=433248 loops=1)
                                             Hash Cond: (partsupp.ps_partkey = part.p_partkey)
                                             ->  Seq Scan on partsupp  (cost=0.00..254365.29 rows=7997929 width=14) (actual time=0.334..1739.440 rows=8000000 loops=1)
                                             ->  Hash  (cost=65963.60..65963.60 rows=60610 width=4) (actual time=569.716..569.716 rows=108312 loops=1)
                                                   Buckets: 131072 (originally 65536)  Batches: 1 (originally 1)  Memory Usage: 4832kB
                                                   ->  Seq Scan on part  (cost=0.00..65963.60 rows=60610 width=4) (actual time=0.362..544.643 rows=108312 loops=1)
                                                         Filter: ((p_name)::text ~~ '%navy%'::text)
                                                         Rows Removed by Filter: 1891688
                                       ->  Index Scan using idx_lineitem_part_supp on lineitem  (cost=0.44..5.99 rows=1 width=29) (actual time=0.101..0.723 rows=7 loops=433248)
                                             Index Cond: ((l_partkey = partsupp.ps_partkey) AND (l_suppkey = partsupp.ps_suppkey))
                                 ->  Index Scan using supplier_pkey on supplier  (cost=0.29..5.68 rows=1 width=8) (actual time=0.004..0.004 rows=1 loops=3248192)
                                       Index Cond: (s_suppkey = lineitem.l_suppkey)
                           ->  Index Scan using orders_pkey on orders  (cost=0.43..5.90 rows=1 width=8) (actual time=0.028..0.028 rows=1 loops=3248192)
                                 Index Cond: (o_orderkey = lineitem.l_orderkey)
                     ->  Materialize  (cost=0.00..1.38 rows=25 width=30) (actual time=0.000..0.001 rows=13 loops=3248192)
                           ->  Seq Scan on nation  (cost=0.00..1.25 rows=25 width=30) (actual time=0.011..0.017 rows=25 loops=1)
 Settings: jit = 'off', max_parallel_workers_per_gather = '0', work_mem = '128MB'
 Planning Time: 25.682 ms
 Execution Time: 452349.898 ms
(31 rows)

