===== 10.sql =====
                                                                                            QUERY PLAN                                                                                            
--------------------------------------------------------------------------------------------------------------------------------------------------------------------------------------------------
 Limit  (cost=2410791.13..2410791.18 rows=20 width=201) (actual time=16376.795..16376.801 rows=20 loops=1)
   ->  Sort  (cost=2410791.13..2412234.54 rows=577363 width=201) (actual time=16376.794..16376.798 rows=20 loops=1)
         Sort Key: (sum((lineitem.l_extendedprice * ('1'::numeric - lineitem.l_discount)))) DESC
         Sort Method: top-N heapsort  Memory: 33kB
         ->  GroupAggregate  (cost=2253638.21..2395427.71 rows=577363 width=201) (actual time=13884.797..16260.116 rows=381205 loops=1)
               Group Key: customer.c_custkey, nation.n_name
               ->  Incremental Sort  (cost=2253638.21..2380993.64 rows=577363 width=181) (actual time=13884.781..15526.425 rows=1145402 loops=1)
                     Sort Key: customer.c_custkey, nation.n_name
                     Presorted Key: customer.c_custkey
                     Full-sort Groups: 34068  Sort Method: quicksort  Average Memory: 33kB  Peak Memory: 33kB
                     ->  Nested Loop  (cost=2253638.03..2355012.30 rows=577363 width=181) (actual time=13884.480..15191.816 rows=1145402 loops=1)
                           ->  Merge Join  (cost=2253637.88..2340843.84 rows=577363 width=159) (actual time=13884.454..14776.925 rows=1145402 loops=1)
                                 Merge Cond: (customer.c_custkey = orders.o_custkey)
                                 ->  Index Scan using customer_pkey on customer  (cost=0.43..74795.99 rows=1500104 width=147) (actual time=0.009..391.816 rows=1499997 loops=1)
                                 ->  Sort  (cost=2253637.25..2255080.65 rows=577363 width=16) (actual time=13884.429..14020.738 rows=1145402 loops=1)
                                       Sort Key: orders.o_custkey
                                       Sort Method: quicksort  Memory: 113386kB
                                       ->  Hash Join  (cost=284734.59..2198386.15 rows=577363 width=16) (actual time=1527.871..13518.880 rows=1145402 loops=1)
                                             Hash Cond: (lineitem.l_orderkey = orders.o_orderkey)
                                             ->  Seq Scan on lineitem  (cost=0.00..1874364.60 rows=14966459 width=16) (actual time=0.014..10031.165 rows=14808183 loops=1)
                                                   Filter: (l_returnflag = 'R'::bpchar)
                                                   Rows Removed by Filter: 45177869
                                             ->  Hash  (cost=277502.09..277502.09 rows=578600 width=8) (actual time=1525.355..1525.356 rows=573160 loops=1)
                                                   Buckets: 1048576  Batches: 1  Memory Usage: 30582kB
                                                   ->  Bitmap Heap Scan on orders  (cost=7911.09..277502.09 rows=578600 width=8) (actual time=115.894..1387.889 rows=573160 loops=1)
                                                         Recheck Cond: ((o_orderdate >= '1994-08-01'::date) AND (o_orderdate < '1994-11-01'::date))
                                                         Heap Blocks: exact=233137
                                                         ->  Bitmap Index Scan on idx_orders_orderdate  (cost=0.00..7766.44 rows=578600 width=0) (actual time=66.810..66.810 rows=573160 loops=1)
                                                               Index Cond: ((o_orderdate >= '1994-08-01'::date) AND (o_orderdate < '1994-11-01'::date))
                           ->  Memoize  (cost=0.15..2.17 rows=1 width=30) (actual time=0.000..0.000 rows=1 loops=1145402)
                                 Cache Key: customer.c_nationkey
                                 Hits: 1145377  Misses: 25  Evictions: 0  Overflows: 0  Memory Usage: 4kB
                                 ->  Index Scan using nation_pkey on nation  (cost=0.14..2.16 rows=1 width=30) (actual time=0.002..0.002 rows=1 loops=25)
                                       Index Cond: (n_nationkey = customer.c_nationkey)
 Settings: jit = 'off', max_parallel_workers_per_gather = '0', work_mem = '128MB'
 Planning Time: 8.843 ms
 Execution Time: 16383.494 ms
(37 rows)

===== 11.sql =====
                                                                             QUERY PLAN                                                                              
---------------------------------------------------------------------------------------------------------------------------------------------------------------------
 Limit  (cost=94747.94..94747.94 rows=1 width=36) (actual time=1475.741..1475.746 rows=0 loops=1)
   InitPlan 1 (returns $2)
     ->  Aggregate  (cost=44307.24..44307.25 rows=1 width=32) (actual time=520.129..520.132 rows=1 loops=1)
           ->  Nested Loop  (cost=47.72..41907.19 rows=320006 width=10) (actual time=0.578..433.363 rows=320800 loops=1)
                 ->  Nested Loop  (cost=47.29..2404.57 rows=4000 width=4) (actual time=0.563..9.152 rows=4010 loops=1)
                       ->  Seq Scan on nation nation_1  (cost=0.00..1.31 rows=1 width=4) (actual time=0.007..0.011 rows=1 loops=1)
                             Filter: (n_name = 'SAUDI ARABIA'::bpchar)
                             Rows Removed by Filter: 24
                       ->  Bitmap Heap Scan on supplier supplier_1  (cost=47.29..2363.25 rows=4000 width=8) (actual time=0.553..8.375 rows=4010 loops=1)
                             Recheck Cond: (s_nationkey = nation_1.n_nationkey)
                             Heap Blocks: exact=1857
                             ->  Bitmap Index Scan on idx_supplier_nation_key  (cost=0.00..46.29 rows=4000 width=0) (actual time=0.351..0.351 rows=4010 loops=1)
                                   Index Cond: (s_nationkey = nation_1.n_nationkey)
                 ->  Index Scan using idx_partsupp_suppkey on partsupp partsupp_1  (cost=0.43..9.08 rows=80 width=14) (actual time=0.005..0.096 rows=80 loops=4010)
                       Index Cond: (ps_suppkey = supplier_1.s_suppkey)
   ->  Sort  (cost=50440.69..50707.36 rows=106669 width=36) (actual time=1475.739..1475.741 rows=0 loops=1)
         Sort Key: (sum((partsupp.ps_supplycost * (partsupp.ps_availqty)::numeric))) DESC
         Sort Method: quicksort  Memory: 25kB
         ->  HashAggregate  (cost=45107.25..49907.34 rows=106669 width=36) (actual time=1475.696..1475.698 rows=0 loops=1)
               Group Key: partsupp.ps_partkey
               Filter: (sum((partsupp.ps_supplycost * (partsupp.ps_availqty)::numeric)) > $2)
               Batches: 5  Memory Usage: 135217kB  Disk Usage: 752kB
               Rows Removed by Filter: 301833
               ->  Nested Loop  (cost=47.72..41907.19 rows=320006 width=14) (actual time=0.644..585.951 rows=320800 loops=1)
                     ->  Nested Loop  (cost=47.29..2404.57 rows=4000 width=4) (actual time=0.621..11.108 rows=4010 loops=1)
                           ->  Seq Scan on nation  (cost=0.00..1.31 rows=1 width=4) (actual time=0.022..0.025 rows=1 loops=1)
                                 Filter: (n_name = 'SAUDI ARABIA'::bpchar)
                                 Rows Removed by Filter: 24
                           ->  Bitmap Heap Scan on supplier  (cost=47.29..2363.25 rows=4000 width=8) (actual time=0.594..10.250 rows=4010 loops=1)
                                 Recheck Cond: (s_nationkey = nation.n_nationkey)
                                 Heap Blocks: exact=1857
                                 ->  Bitmap Index Scan on idx_supplier_nation_key  (cost=0.00..46.29 rows=4000 width=0) (actual time=0.383..0.383 rows=4010 loops=1)
                                       Index Cond: (s_nationkey = nation.n_nationkey)
                     ->  Index Scan using idx_partsupp_suppkey on partsupp  (cost=0.43..9.08 rows=80 width=18) (actual time=0.006..0.131 rows=80 loops=4010)
                           Index Cond: (ps_suppkey = supplier.s_suppkey)
 Settings: jit = 'off', max_parallel_workers_per_gather = '0', work_mem = '128MB'
 Planning Time: 1.415 ms
 Execution Time: 1480.142 ms
(38 rows)

===== 12.sql =====
                                                                                                                    QUERY PLAN                                                                                                                     
---------------------------------------------------------------------------------------------------------------------------------------------------------------------------------------------------------------------------------------------------
 Limit  (cost=3029284.20..3030085.21 rows=1 width=27) (actual time=18523.020..18523.023 rows=1 loops=1)
   ->  GroupAggregate  (cost=3029284.20..3034891.27 rows=7 width=27) (actual time=18523.019..18523.021 rows=1 loops=1)
         Group Key: lineitem.l_shipmode
         ->  Sort  (cost=3029284.20..3029985.08 rows=280350 width=27) (actual time=18474.545..18481.862 rows=155572 loops=1)
               Sort Key: lineitem.l_shipmode
               Sort Method: quicksort  Memory: 36606kB
               ->  Hash Join  (cost=2477727.05..3003916.92 rows=280350 width=27) (actual time=14114.836..18398.876 rows=311258 loops=1)
                     Hash Cond: (orders.o_orderkey = lineitem.l_orderkey)
                     ->  Seq Scan on orders  (cost=0.00..410897.35 rows=14998535 width=20) (actual time=0.029..1754.360 rows=15000000 loops=1)
                     ->  Hash  (cost=2474222.68..2474222.68 rows=280350 width=15) (actual time=14113.653..14113.654 rows=311258 loops=1)
                           Buckets: 524288  Batches: 1  Memory Usage: 18687kB
                           ->  Seq Scan on lineitem  (cost=0.00..2474222.68 rows=280350 width=15) (actual time=0.364..13998.440 rows=311258 loops=1)
                                 Filter: ((l_shipmode = ANY ('{SHIP,"REG AIR"}'::bpchar[])) AND (l_commitdate < l_receiptdate) AND (l_shipdate < l_commitdate) AND (l_receiptdate >= '1994-01-01'::date) AND (l_receiptdate < '1995-01-01'::date))
                                 Rows Removed by Filter: 59674794
 Settings: jit = 'off', max_parallel_workers_per_gather = '0', work_mem = '128MB'
 Planning Time: 0.918 ms
 Execution Time: 18524.682 ms
(17 rows)

===== 13.sql =====
                                                                                    QUERY PLAN                                                                                     
-----------------------------------------------------------------------------------------------------------------------------------------------------------------------------------
 Limit  (cost=1533728.33..1533728.34 rows=1 width=16) (actual time=15127.164..15127.167 rows=1 loops=1)
   ->  Sort  (cost=1533728.33..1533728.83 rows=200 width=16) (actual time=15127.159..15127.161 rows=1 loops=1)
         Sort Key: (count(*)) DESC, (count(orders.o_orderkey)) DESC
         Sort Method: top-N heapsort  Memory: 25kB
         ->  HashAggregate  (cost=1533725.33..1533727.33 rows=200 width=16) (actual time=15127.127..15127.135 rows=46 loops=1)
               Group Key: count(orders.o_orderkey)
               Batches: 1  Memory Usage: 40kB
               ->  HashAggregate  (cost=1380230.27..1511223.77 rows=1500104 width=12) (actual time=14453.749..14953.591 rows=1500000 loops=1)
                     Group Key: customer.c_custkey
                     Batches: 5  Memory Usage: 131121kB  Disk Usage: 27424kB
                     ->  Hash Right Join  (cost=57717.29..545084.55 rows=14847035 width=8) (actual time=359.003..10218.274 rows=15337604 loops=1)
                           Hash Cond: (orders.o_custkey = customer.c_custkey)
                           ->  Seq Scan on orders  (cost=0.00..448393.69 rows=14847035 width=8) (actual time=0.055..4779.816 rows=14837583 loops=1)
                                 Filter: ((o_comment)::text !~~ '%special%requests%'::text)
                                 Rows Removed by Filter: 162417
                           ->  Hash  (cost=38965.99..38965.99 rows=1500104 width=4) (actual time=354.622..354.622 rows=1500000 loops=1)
                                 Buckets: 2097152  Batches: 1  Memory Usage: 69119kB
                                 ->  Index Only Scan using customer_pkey on customer  (cost=0.43..38965.99 rows=1500104 width=4) (actual time=0.033..130.591 rows=1500000 loops=1)
                                       Heap Fetches: 0
 Settings: jit = 'off', max_parallel_workers_per_gather = '0', work_mem = '128MB'
 Planning Time: 0.795 ms
 Execution Time: 15145.623 ms
(22 rows)

===== 14.sql =====
                                                                            QUERY PLAN                                                                            
------------------------------------------------------------------------------------------------------------------------------------------------------------------
 Limit  (cost=1220639.08..1220639.09 rows=1 width=32) (actual time=3599.914..3599.917 rows=1 loops=1)
   ->  Aggregate  (cost=1220639.08..1220639.09 rows=1 width=32) (actual time=3599.913..3599.915 rows=1 loops=1)
         ->  Hash Join  (cost=118788.95..1207581.69 rows=746136 width=33) (actual time=865.004..3225.759 rows=772942 loops=1)
               Hash Cond: (lineitem.l_partkey = part.p_partkey)
               ->  Bitmap Heap Scan on lineitem  (cost=19156.46..1085030.59 rows=746136 width=16) (actual time=241.452..2017.850 rows=772942 loops=1)
                     Recheck Cond: ((l_shipdate >= '1994-05-01'::date) AND (l_shipdate < '1994-06-01'::date))
                     Heap Blocks: exact=416660
                     ->  Bitmap Index Scan on idx_lineitem_shipdate  (cost=0.00..18969.92 rows=746136 width=0) (actual time=142.390..142.390 rows=772942 loops=1)
                           Index Cond: ((l_shipdate >= '1994-05-01'::date) AND (l_shipdate < '1994-06-01'::date))
               ->  Hash  (cost=60961.33..60961.33 rows=1999933 width=25) (actual time=619.027..619.028 rows=2000000 loops=1)
                     Buckets: 2097152  Batches: 2  Memory Usage: 74141kB
                     ->  Seq Scan on part  (cost=0.00..60961.33 rows=1999933 width=25) (actual time=0.033..282.573 rows=2000000 loops=1)
 Settings: jit = 'off', max_parallel_workers_per_gather = '0', work_mem = '128MB'
 Planning Time: 1.140 ms
 Execution Time: 3602.542 ms
(15 rows)

===== 15.sql =====
                                                                       QUERY PLAN                                                                       
--------------------------------------------------------------------------------------------------------------------------------------------------------
 HashAggregate  (cost=1240957.99..1242194.39 rows=98912 width=36) (actual time=4793.492..4833.477 rows=100000 loops=1)
   Group Key: l_suppkey
   Batches: 1  Memory Usage: 47121kB
   ->  Bitmap Heap Scan on lineitem  (cost=56882.66..1218801.80 rows=2215619 width=16) (actual time=459.170..3122.157 rows=2265714 loops=1)
         Recheck Cond: ((l_shipdate >= '1996-01-01'::date) AND (l_shipdate < '1996-04-01'::date))
         Heap Blocks: exact=668609
         ->  Bitmap Index Scan on idx_lineitem_shipdate  (cost=0.00..56328.76 rows=2215619 width=0) (actual time=303.690..303.690 rows=2265714 loops=1)
               Index Cond: ((l_shipdate >= '1996-01-01'::date) AND (l_shipdate < '1996-04-01'::date))
 Settings: jit = 'off', max_parallel_workers_per_gather = '0', work_mem = '128MB'
 Planning Time: 0.632 ms
 Execution Time: 4839.055 ms
(11 rows)

CREATE VIEW
                                                                                   QUERY PLAN                                                                                   
--------------------------------------------------------------------------------------------------------------------------------------------------------------------------------
 Limit  (cost=2485899.86..2485910.12 rows=1 width=103) (actual time=9186.921..9186.925 rows=1 loops=1)
   InitPlan 1 (returns $0)
     ->  Aggregate  (cost=1243430.79..1243430.80 rows=1 width=32) (actual time=4589.963..4589.964 rows=1 loops=1)
           ->  HashAggregate  (cost=1240957.99..1242194.39 rows=98912 width=36) (actual time=4544.046..4584.028 rows=100000 loops=1)
                 Group Key: lineitem_1.l_suppkey
                 Batches: 1  Memory Usage: 47121kB
                 ->  Bitmap Heap Scan on lineitem lineitem_1  (cost=56882.66..1218801.80 rows=2215619 width=16) (actual time=433.028..2896.691 rows=2265714 loops=1)
                       Recheck Cond: ((l_shipdate >= '1996-01-01'::date) AND (l_shipdate < '1996-04-01'::date))
                       Heap Blocks: exact=668609
                       ->  Bitmap Index Scan on idx_lineitem_shipdate  (cost=0.00..56328.76 rows=2215619 width=0) (actual time=278.788..278.789 rows=2265714 loops=1)
                             Index Cond: ((l_shipdate >= '1996-01-01'::date) AND (l_shipdate < '1996-04-01'::date))
   ->  Merge Join  (cost=1242469.06..1247549.49 rows=495 width=103) (actual time=9186.919..9186.921 rows=1 loops=1)
         Merge Cond: (supplier.s_suppkey = revenue0.supplier_no)
         ->  Index Scan using supplier_pkey on supplier  (cost=0.29..4823.29 rows=100000 width=71) (actual time=0.336..12.634 rows=69998 loops=1)
         ->  Sort  (cost=1242468.77..1242470.01 rows=495 width=36) (actual time=9170.390..9170.391 rows=1 loops=1)
               Sort Key: revenue0.supplier_no
               Sort Method: quicksort  Memory: 25kB
               ->  Subquery Scan on revenue0  (cost=1240957.99..1242446.62 rows=495 width=36) (actual time=9141.850..9170.382 rows=1 loops=1)
                     ->  HashAggregate  (cost=1240957.99..1242441.67 rows=495 width=36) (actual time=9141.849..9170.380 rows=1 loops=1)
                           Group Key: lineitem.l_suppkey
                           Filter: (sum((lineitem.l_extendedprice * ('1'::numeric - lineitem.l_discount))) = $0)
                           Batches: 1  Memory Usage: 47121kB
                           Rows Removed by Filter: 99999
                           ->  Bitmap Heap Scan on lineitem  (cost=56882.66..1218801.80 rows=2215619 width=16) (actual time=432.972..2895.721 rows=2265714 loops=1)
                                 Recheck Cond: ((l_shipdate >= '1996-01-01'::date) AND (l_shipdate < '1996-04-01'::date))
                                 Heap Blocks: exact=668609
                                 ->  Bitmap Index Scan on idx_lineitem_shipdate  (cost=0.00..56328.76 rows=2215619 width=0) (actual time=278.751..278.751 rows=2265714 loops=1)
                                       Index Cond: ((l_shipdate >= '1996-01-01'::date) AND (l_shipdate < '1996-04-01'::date))
 Settings: jit = 'off', max_parallel_workers_per_gather = '0', work_mem = '128MB'
 Planning Time: 0.537 ms
 Execution Time: 9192.635 ms
(31 rows)

DROP VIEW
===== 16.sql =====
                                                                                         QUERY PLAN                                                                                         
--------------------------------------------------------------------------------------------------------------------------------------------------------------------------------------------
 Limit  (cost=403427.09..403427.09 rows=1 width=44) (actual time=6240.811..6240.814 rows=1 loops=1)
   ->  Sort  (cost=403427.09..403812.18 rows=154035 width=44) (actual time=6240.809..6240.812 rows=1 loops=1)
         Sort Key: (count(DISTINCT partsupp.ps_suppkey)) DESC, part.p_brand, part.p_type, part.p_size
         Sort Method: top-N heapsort  Memory: 25kB
         ->  GroupAggregate  (cost=393657.04..402656.91 rows=154035 width=44) (actual time=5809.602..6235.904 rows=27838 loops=1)
               Group Key: part.p_brand, part.p_type, part.p_size
               ->  Sort  (cost=393657.04..395148.94 rows=596762 width=40) (actual time=5809.560..5901.425 rows=1186319 loops=1)
                     Sort Key: part.p_brand, part.p_type, part.p_size
                     Sort Method: quicksort  Memory: 122929kB
                     ->  Hash Join  (cost=98156.35..336407.28 rows=596762 width=40) (actual time=550.036..2795.992 rows=1186319 loops=1)
                           Hash Cond: (partsupp.ps_partkey = part.p_partkey)
                           ->  Index Only Scan using partsupp_pkey on partsupp  (cost=3466.46..231217.17 rows=4000078 width=8) (actual time=21.992..1416.515 rows=7995520 loops=1)
                                 Filter: (NOT (hashed SubPlan 1))
                                 Rows Removed by Filter: 4480
                                 Heap Fetches: 0
                                 SubPlan 1
                                   ->  Seq Scan on supplier  (cost=0.00..3466.00 rows=10 width=4) (actual time=0.097..21.936 rows=56 loops=1)
                                         Filter: ((s_comment)::text ~~ '%Customer%Complaints%'::text)
                                         Rows Removed by Filter: 99944
                           ->  Hash  (cost=90960.33..90960.33 rows=298365 width=40) (actual time=526.923..526.923 rows=296733 loops=1)
                                 Buckets: 524288  Batches: 1  Memory Usage: 25593kB
                                 ->  Seq Scan on part  (cost=0.00..90960.33 rows=298365 width=40) (actual time=0.049..457.996 rows=296733 loops=1)
                                       Filter: ((p_brand <> 'Brand#12'::bpchar) AND ((p_type)::text !~~ 'SMALL BRUSHED%'::text) AND (p_size = ANY ('{12,32,36,26,40,34,49,9}'::integer[])))
                                       Rows Removed by Filter: 1703267
 Settings: jit = 'off', max_parallel_workers_per_gather = '0', work_mem = '128MB'
 Planning Time: 0.939 ms
 Execution Time: 6245.117 ms
(27 rows)

===== 17-flattened.sql =====
                                                          QUERY PLAN                                                           
-------------------------------------------------------------------------------------------------------------------------------
 HashAggregate  (cost=5567240.91..6180498.32 rows=1830567 width=36) (actual time=31543.974..54853.264 rows=2000000 loops=1)
   Group Key: l_partkey
   Planned Partitions: 8  Batches: 9  Memory Usage: 135249kB  Disk Usage: 1846896kB
   ->  Seq Scan on lineitem  (cost=0.00..1724400.08 rows=59985808 width=9) (actual time=0.272..7623.758 rows=59986052 loops=1)
 Settings: jit = 'off', max_parallel_workers_per_gather = '0', work_mem = '128MB'
 Planning Time: 0.456 ms
 Execution Time: 55015.273 ms
(7 rows)

SELECT 2000000
CREATE INDEX
ANALYZE
                                                                                 QUERY PLAN                                                                                 
----------------------------------------------------------------------------------------------------------------------------------------------------------------------------
 Limit  (cost=249037.04..249037.05 rows=1 width=32) (actual time=374.047..374.049 rows=1 loops=1)
   ->  Aggregate  (cost=249037.04..249037.05 rows=1 width=32) (actual time=374.046..374.047 rows=1 loops=1)
         ->  Nested Loop  (cost=0.87..248986.52 rows=20206 width=8) (actual time=1.022..373.224 rows=5319 loops=1)
               Join Filter: (part.p_partkey = lineitem.l_partkey)
               ->  Nested Loop  (cost=0.43..86180.55 rows=2021 width=21) (actual time=1.010..323.822 rows=1996 loops=1)
                     ->  Seq Scan on part  (cost=0.00..70960.99 rows=2021 width=4) (actual time=0.997..309.931 rows=1996 loops=1)
                           Filter: ((p_brand = 'Brand#22'::bpchar) AND (p_container = 'LG BOX'::bpchar))
                           Rows Removed by Filter: 1998004
                     ->  Index Scan using idx_tmp_avg_quantity on tmp_avg_quantity part_agg  (cost=0.43..7.52 rows=1 width=17) (actual time=0.006..0.006 rows=1 loops=1996)
                           Index Cond: (agg_partkey = part.p_partkey)
               ->  Index Scan using idx_lineitem_part_supp on lineitem  (cost=0.44..80.42 rows=11 width=17) (actual time=0.010..0.024 rows=3 loops=1996)
                     Index Cond: (l_partkey = part_agg.agg_partkey)
                     Filter: (l_quantity < part_agg.avg_quantity)
                     Rows Removed by Filter: 27
 Settings: jit = 'off', max_parallel_workers_per_gather = '0', work_mem = '128MB'
 Planning Time: 0.697 ms
 Execution Time: 374.080 ms
(17 rows)

DROP TABLE
===== 17.sql =====
                                                                            QUERY PLAN                                                                            
------------------------------------------------------------------------------------------------------------------------------------------------------------------
 Limit  (cost=6422683.93..6422683.94 rows=1 width=32) (actual time=55752.353..55752.368 rows=1 loops=1)
   ->  Aggregate  (cost=6422683.93..6422683.94 rows=1 width=32) (actual time=55752.351..55752.366 rows=1 loops=1)
         ->  Nested Loop  (cost=5638227.60..6422637.69 rows=18495 width=8) (actual time=32296.120..55751.567 rows=5319 loops=1)
               Join Filter: (part.p_partkey = lineitem.l_partkey)
               ->  Hash Join  (cost=5638227.16..6274595.49 rows=1850 width=40) (actual time=32296.084..55698.449 rows=1996 loops=1)
                     Hash Cond: (lineitem_1.l_partkey = part.p_partkey)
                     ->  HashAggregate  (cost=5567240.91..6180498.32 rows=1830567 width=36) (actual time=32007.849..55257.386 rows=2000000 loops=1)
                           Group Key: lineitem_1.l_partkey
                           Planned Partitions: 8  Batches: 9  Memory Usage: 135249kB  Disk Usage: 1846896kB
                           ->  Seq Scan on lineitem lineitem_1  (cost=0.00..1724400.08 rows=59985808 width=9) (actual time=0.374..8163.271 rows=59986052 loops=1)
                     ->  Hash  (cost=70960.99..70960.99 rows=2021 width=4) (actual time=285.387..285.388 rows=1996 loops=1)
                           Buckets: 2048  Batches: 1  Memory Usage: 87kB
                           ->  Seq Scan on part  (cost=0.00..70960.99 rows=2021 width=4) (actual time=0.378..284.430 rows=1996 loops=1)
                                 Filter: ((p_brand = 'Brand#22'::bpchar) AND (p_container = 'LG BOX'::bpchar))
                                 Rows Removed by Filter: 1998004
               ->  Index Scan using idx_lineitem_part_supp on lineitem  (cost=0.44..79.89 rows=11 width=17) (actual time=0.012..0.026 rows=3 loops=1996)
                     Index Cond: (l_partkey = lineitem_1.l_partkey)
                     Filter: (l_quantity < ((0.2 * avg(lineitem_1.l_quantity))))
                     Rows Removed by Filter: 27
 Settings: jit = 'off', max_parallel_workers_per_gather = '0', work_mem = '128MB'
 Planning Time: 1.733 ms
 Execution Time: 55854.164 ms
(22 rows)

===== 18.sql =====
                                                                                                 QUERY PLAN                                                                                                  
-------------------------------------------------------------------------------------------------------------------------------------------------------------------------------------------------------------
 Limit  (cost=9939365.86..9939366.11 rows=100 width=71) (actual time=40134.976..40134.990 rows=99 loops=1)
   ->  Sort  (cost=9939365.86..9989347.09 rows=19992491 width=71) (actual time=40134.975..40134.982 rows=99 loops=1)
         Sort Key: orders.o_totalprice DESC, orders.o_orderdate
         Sort Method: quicksort  Memory: 32kB
         ->  HashAggregate  (cost=8573930.59..9175267.23 rows=19992491 width=71) (actual time=40133.775..40134.847 rows=99 loops=1)
               Group Key: customer.c_custkey, orders.o_orderkey
               Planned Partitions: 64  Batches: 1  Memory Usage: 12369kB
               ->  Hash Join  (cost=69768.06..6618415.06 rows=19992491 width=44) (actual time=1399.960..40132.910 rows=693 loops=1)
                     Hash Cond: (orders.o_custkey = customer.c_custkey)
                     ->  Merge Join  (cost=188.72..6496355.29 rows=19992491 width=25) (actual time=893.556..39626.070 rows=693 loops=1)
                           Merge Cond: (orders.o_orderkey = lineitem.l_orderkey)
                           ->  Merge Join  (cost=1.00..3729691.68 rows=4998817 width=24) (actual time=648.542..27991.927 rows=99 loops=1)
                                 Merge Cond: (orders.o_orderkey = lineitem_1.l_orderkey)
                                 ->  Index Scan using orders_pkey on orders  (cost=0.43..650417.46 rows=14998535 width=20) (actual time=0.381..2746.482 rows=14982724 loops=1)
                                 ->  GroupAggregate  (cost=0.56..2929304.50 rows=4998817 width=4) (actual time=556.608..24411.931 rows=99 loops=1)
                                       Group Key: lineitem_1.l_orderkey
                                       Filter: (sum(lineitem_1.l_quantity) > '313'::numeric)
                                       Rows Removed by Filter: 14999901
                                       ->  Index Scan using idx_lineitem_orderkey on lineitem lineitem_1  (cost=0.56..2404428.69 rows=59985808 width=9) (actual time=0.449..11682.573 rows=59986052 loops=1)
                           ->  Index Scan using idx_lineitem_orderkey on lineitem  (cost=0.56..2404428.69 rows=59985808 width=9) (actual time=0.023..8280.380 rows=59916431 loops=1)
                     ->  Hash  (cost=50828.04..50828.04 rows=1500104 width=23) (actual time=501.972..501.972 rows=1500000 loops=1)
                           Buckets: 2097152  Batches: 1  Memory Usage: 98416kB
                           ->  Seq Scan on customer  (cost=0.00..50828.04 rows=1500104 width=23) (actual time=0.487..229.656 rows=1500000 loops=1)
 Settings: jit = 'off', max_parallel_workers_per_gather = '0', work_mem = '128MB'
 Planning Time: 8.721 ms
 Execution Time: 40140.099 ms
(26 rows)

===== 19.sql =====
                                                                                                                                                                                                                                                                                                                                                                                                                                                                                                            QUERY PLAN                                                                                                                                                                                                                                                                                                                                                                                                                                                                                                            
----------------------------------------------------------------------------------------------------------------------------------------------------------------------------------------------------------------------------------------------------------------------------------------------------------------------------------------------------------------------------------------------------------------------------------------------------------------------------------------------------------------------------------------------------------------------------------------------------------------------------------------------------------------------------------------------------------------------------------------------------------------------------------------------------------------------------------------------------------------------------------------------------------------------------------------------------------------------------------------------------------------------------------
 Limit  (cost=767071.23..767071.24 rows=1 width=32) (actual time=1103.185..1103.186 rows=1 loops=1)
   ->  Aggregate  (cost=767071.23..767071.24 rows=1 width=32) (actual time=1103.183..1103.184 rows=1 loops=1)
         ->  Nested Loop  (cost=0.44..767062.30 rows=1190 width=12) (actual time=2.972..1101.746 rows=1063 loops=1)
               ->  Seq Scan on part  (cost=0.00..125959.15 rows=4926 width=30) (actual time=0.275..484.654 rows=4781 loops=1)
                     Filter: ((p_size >= 1) AND (((p_brand = 'Brand#24'::bpchar) AND (p_container = ANY ('{"SM CASE","SM BOX","SM PACK","SM PKG"}'::bpchar[])) AND (p_size <= 5)) OR ((p_brand = 'Brand#43'::bpchar) AND (p_container = ANY ('{"MED BAG","MED BOX","MED PKG","MED PACK"}'::bpchar[])) AND (p_size <= 10)) OR ((p_brand = 'Brand#44'::bpchar) AND (p_container = ANY ('{"LG CASE","LG BOX","LG PACK","LG PKG"}'::bpchar[])) AND (p_size <= 15))))
                     Rows Removed by Filter: 1995219
               ->  Index Scan using idx_lineitem_part_supp on lineitem  (cost=0.44..130.14 rows=1 width=21) (actual time=0.116..0.128 rows=0 loops=4781)
                     Index Cond: (l_partkey = part.p_partkey)
                     Filter: ((l_shipmode = ANY ('{AIR,"AIR REG"}'::bpchar[])) AND (l_shipinstruct = 'DELIVER IN PERSON'::bpchar) AND (((l_quantity >= '10'::numeric) AND (l_quantity <= '20'::numeric)) OR ((l_quantity >= '10'::numeric) AND (l_quantity <= '20'::numeric)) OR ((l_quantity >= '20'::numeric) AND (l_quantity <= '30'::numeric))) AND (((part.p_brand = 'Brand#24'::bpchar) AND (part.p_container = ANY ('{"SM CASE","SM BOX","SM PACK","SM PKG"}'::bpchar[])) AND (l_quantity >= '10'::numeric) AND (l_quantity <= '20'::numeric) AND (part.p_size <= 5)) OR ((part.p_brand = 'Brand#43'::bpchar) AND (part.p_container = ANY ('{"MED BAG","MED BOX","MED PKG","MED PACK"}'::bpchar[])) AND (l_quantity >= '10'::numeric) AND (l_quantity <= '20'::numeric) AND (part.p_size <= 10)) OR ((part.p_brand = 'Brand#44'::bpchar) AND (part.p_container = ANY ('{"LG CASE","LG BOX","LG PACK","LG PKG"}'::bpchar[])) AND (l_quantity >= '20'::numeric) AND (l_quantity <= '30'::numeric) AND (part.p_size <= 15))))
                     Rows Removed by Filter: 30
 Settings: jit = 'off', max_parallel_workers_per_gather = '0', work_mem = '128MB'
 Planning Time: 1.327 ms
 Execution Time: 1103.256 ms
(13 rows)

===== 1.sql =====
                                                                 QUERY PLAN                                                                  
---------------------------------------------------------------------------------------------------------------------------------------------
 Limit  (cost=3948839.22..3948839.23 rows=1 width=236) (actual time=72761.182..72761.184 rows=1 loops=1)
   ->  Sort  (cost=3948839.22..3948839.24 rows=6 width=236) (actual time=72761.181..72761.182 rows=1 loops=1)
         Sort Key: l_returnflag, l_linestatus
         Sort Method: top-N heapsort  Memory: 25kB
         ->  HashAggregate  (cost=3948839.03..3948839.19 rows=6 width=236) (actual time=72761.136..72761.145 rows=4 loops=1)
               Group Key: l_returnflag, l_linestatus
               Batches: 1  Memory Usage: 32kB
               ->  Seq Scan on lineitem  (cost=0.00..1874364.60 rows=59270698 width=25) (actual time=0.037..11729.516 rows=59284448 loops=1)
                     Filter: (l_shipdate <= '1998-09-10 00:00:00'::timestamp without time zone)
                     Rows Removed by Filter: 701604
 Settings: jit = 'off', max_parallel_workers_per_gather = '0', work_mem = '128MB'
 Planning Time: 0.631 ms
 Execution Time: 72761.261 ms
(13 rows)

===== 20-flattened.sql =====
                                                                        QUERY PLAN                                                                         
-----------------------------------------------------------------------------------------------------------------------------------------------------------
 HashAggregate  (cost=2083844.68..2243287.58 rows=4805482 width=40) (actual time=96355.919..103181.115 rows=5448842 loops=1)
   Group Key: l_partkey, l_suppkey
   Planned Partitions: 16  Batches: 81  Memory Usage: 135313kB  Disk Usage: 342848kB
   ->  Bitmap Heap Scan on lineitem  (cost=229666.33..1488394.32 rows=8945733 width=13) (actual time=1418.525..89713.504 rows=9123688 loops=1)
         Recheck Cond: ((l_shipdate >= '1996-01-01'::date) AND (l_shipdate < '1997-01-01'::date))
         Heap Blocks: exact=1048319
         ->  Bitmap Index Scan on idx_lineitem_shipdate  (cost=0.00..227429.90 rows=8945733 width=0) (actual time=1137.795..1137.795 rows=9123688 loops=1)
               Index Cond: ((l_shipdate >= '1996-01-01'::date) AND (l_shipdate < '1997-01-01'::date))
 Settings: jit = 'off', max_parallel_workers_per_gather = '0', work_mem = '128MB'
 Planning Time: 3.728 ms
 Execution Time: 103365.697 ms
(11 rows)

SELECT 5448842
CREATE INDEX
ANALYZE
                                                                                   QUERY PLAN                                                                                   
--------------------------------------------------------------------------------------------------------------------------------------------------------------------------------
 Limit  (cost=58882.84..58882.84 rows=1 width=51) (actual time=7551.175..7551.178 rows=1 loops=1)
   ->  Sort  (cost=58882.84..58882.84 rows=1 width=51) (actual time=7551.174..7551.176 rows=1 loops=1)
         Sort Key: supplier.s_name
         Sort Method: top-N heapsort  Memory: 25kB
         ->  Nested Loop Semi Join  (cost=48.59..58882.83 rows=1 width=51) (actual time=10.456..7546.319 rows=1821 loops=1)
               ->  Nested Loop  (cost=47.29..2404.57 rows=4000 width=55) (actual time=2.927..17.299 rows=4095 loops=1)
                     ->  Seq Scan on nation  (cost=0.00..1.31 rows=1 width=4) (actual time=0.234..0.238 rows=1 loops=1)
                           Filter: (n_name = 'IRAQ'::bpchar)
                           Rows Removed by Filter: 24
                     ->  Bitmap Heap Scan on supplier  (cost=47.29..2363.25 rows=4000 width=59) (actual time=2.682..15.721 rows=4095 loops=1)
                           Recheck Cond: (s_nationkey = nation.n_nationkey)
                           Heap Blocks: exact=1867
                           ->  Bitmap Index Scan on idx_supplier_nation_key  (cost=0.00..46.29 rows=4000 width=0) (actual time=2.145..2.145 rows=4095 loops=1)
                                 Index Cond: (s_nationkey = nation.n_nationkey)
               ->  Nested Loop  (cost=1.30..14.11 rows=1 width=8) (actual time=1.838..1.838 rows=0 loops=4095)
                     Join Filter: (supplier.s_suppkey = agg_lineitem.agg_suppkey)
                     ->  Nested Loop  (cost=0.87..13.62 rows=1 width=16) (actual time=1.612..1.831 rows=1 loops=4095)
                           ->  Index Scan using idx_partsupp_suppkey on partsupp  (cost=0.43..9.08 rows=80 width=12) (actual time=0.023..0.985 rows=61 loops=4095)
                                 Index Cond: (ps_suppkey = supplier.s_suppkey)
                           ->  Memoize  (cost=0.44..0.48 rows=1 width=4) (actual time=0.014..0.014 rows=0 loops=248000)
                                 Cache Key: partsupp.ps_partkey
                                 Hits: 11702  Misses: 236298  Evictions: 0  Overflows: 0  Memory Usage: 15783kB
                                 ->  Index Scan using part_pkey on part  (cost=0.43..0.47 rows=1 width=4) (actual time=0.014..0.014 rows=0 loops=236298)
                                       Index Cond: (p_partkey = partsupp.ps_partkey)
                                       Filter: ((p_name)::text ~~ 'olive%'::text)
                                       Rows Removed by Filter: 1
                     ->  Index Scan using idx_tmp_agg_lineitem on tmp_agg_lineitem agg_lineitem  (cost=0.43..0.48 rows=1 width=13) (actual time=0.010..0.010 rows=1 loops=2732)
                           Index Cond: ((agg_partkey = partsupp.ps_partkey) AND (agg_suppkey = partsupp.ps_suppkey))
                           Filter: ((partsupp.ps_availqty)::numeric > agg_quantity)
                           Rows Removed by Filter: 0
 Settings: jit = 'off', max_parallel_workers_per_gather = '0', work_mem = '128MB'
 Planning Time: 8.588 ms
 Execution Time: 7552.574 ms
(33 rows)

DROP TABLE
===== 20.sql =====
                                                                                          QUERY PLAN                                                                                           
-----------------------------------------------------------------------------------------------------------------------------------------------------------------------------------------------
 Limit  (cost=2405441.84..2405441.85 rows=1 width=51) (actual time=115902.553..115902.558 rows=1 loops=1)
   ->  Sort  (cost=2405441.84..2405441.85 rows=1 width=51) (actual time=115902.551..115902.555 rows=1 loops=1)
         Sort Key: supplier.s_name
         Sort Method: top-N heapsort  Memory: 25kB
         ->  Nested Loop Semi Join  (cost=2150058.78..2405441.83 rows=1 width=51) (actual time=91238.338..115899.760 rows=1821 loops=1)
               Join Filter: (supplier.s_suppkey = lineitem.l_suppkey)
               Rows Removed by Join Filter: 183310388
               ->  Nested Loop  (cost=0.00..4467.31 rows=4000 width=55) (actual time=0.032..24.246 rows=4095 loops=1)
                     Join Filter: (supplier.s_nationkey = nation.n_nationkey)
                     Rows Removed by Join Filter: 95905
                     ->  Seq Scan on nation  (cost=0.00..1.31 rows=1 width=4) (actual time=0.019..0.023 rows=1 loops=1)
                           Filter: (n_name = 'IRAQ'::bpchar)
                           Rows Removed by Filter: 24
                     ->  Seq Scan on supplier  (cost=0.00..3216.00 rows=100000 width=59) (actual time=0.008..16.228 rows=100000 loops=1)
               ->  Materialize  (cost=2150058.78..2400794.53 rows=3 width=8) (actual time=21.187..25.764 rows=44765 loops=4095)
                     ->  Nested Loop  (cost=2150058.78..2400794.51 rows=3 width=8) (actual time=86761.968..98553.789 rows=59002 loops=1)
                           ->  Hash Join  (cost=2150058.35..2370170.49 rows=48539 width=44) (actual time=86761.406..94603.668 rows=59125 loops=1)
                                 Hash Cond: (lineitem.l_partkey = part.p_partkey)
                                 ->  HashAggregate  (cost=2083844.68..2243287.58 rows=4805482 width=40) (actual time=86394.678..93509.611 rows=5448842 loops=1)
                                       Group Key: lineitem.l_partkey, lineitem.l_suppkey
                                       Planned Partitions: 16  Batches: 81  Memory Usage: 135313kB  Disk Usage: 342848kB
                                       ->  Bitmap Heap Scan on lineitem  (cost=229666.33..1488394.32 rows=8945733 width=13) (actual time=1400.379..79886.822 rows=9123688 loops=1)
                                             Recheck Cond: ((l_shipdate >= '1996-01-01'::date) AND (l_shipdate < '1997-01-01'::date))
                                             Heap Blocks: exact=1048319
                                             ->  Bitmap Index Scan on idx_lineitem_shipdate  (cost=0.00..227429.90 rows=8945733 width=0) (actual time=1119.957..1119.957 rows=9123688 loops=1)
                                                   Index Cond: ((l_shipdate >= '1996-01-01'::date) AND (l_shipdate < '1997-01-01'::date))
                                 ->  Hash  (cost=65961.16..65961.16 rows=20201 width=4) (actual time=366.606..366.607 rows=21718 loops=1)
                                       Buckets: 32768  Batches: 1  Memory Usage: 1020kB
                                       ->  Seq Scan on part  (cost=0.00..65961.16 rows=20201 width=4) (actual time=0.217..360.625 rows=21718 loops=1)
                                             Filter: ((p_name)::text ~~ 'olive%'::text)
                                             Rows Removed by Filter: 1978282
                           ->  Index Scan using partsupp_pkey on partsupp  (cost=0.43..0.62 rows=1 width=12) (actual time=0.066..0.066 rows=1 loops=59125)
                                 Index Cond: ((ps_partkey = lineitem.l_partkey) AND (ps_suppkey = lineitem.l_suppkey))
                                 Filter: ((ps_availqty)::numeric > ((0.5 * sum(lineitem.l_quantity))))
                                 Rows Removed by Filter: 0
 Settings: jit = 'off', max_parallel_workers_per_gather = '0', work_mem = '128MB'
 Planning Time: 7.506 ms
 Execution Time: 115930.602 ms
(38 rows)

===== 21.sql =====
                                                                                            QUERY PLAN                                                                                             
---------------------------------------------------------------------------------------------------------------------------------------------------------------------------------------------------
 Limit  (cost=4271827.40..4271827.41 rows=1 width=34) (actual time=55694.412..55694.428 rows=100 loops=1)
   ->  Sort  (cost=4271827.40..4271827.41 rows=1 width=34) (actual time=55694.410..55694.420 rows=100 loops=1)
         Sort Key: (count(*)) DESC, supplier.s_name
         Sort Method: top-N heapsort  Memory: 38kB
         ->  GroupAggregate  (cost=4271827.37..4271827.39 rows=1 width=34) (actual time=55685.302..55693.218 rows=3991 loops=1)
               Group Key: supplier.s_name
               ->  Sort  (cost=4271827.37..4271827.38 rows=1 width=26) (actual time=55685.289..55688.315 rows=39281 loops=1)
                     Sort Key: supplier.s_name
                     Sort Method: quicksort  Memory: 3378kB
                     ->  Nested Loop Semi Join  (cost=2204868.03..4271827.36 rows=1 width=26) (actual time=16967.824..55516.281 rows=39281 loops=1)
                           Join Filter: (l2.l_suppkey <> l1.l_suppkey)
                           Rows Removed by Join Filter: 42023
                           ->  Nested Loop  (cost=2204867.46..4271819.82 rows=1 width=38) (actual time=16955.007..48476.475 rows=65960 loops=1)
                                 ->  Hash Anti Join  (cost=2204867.03..4271812.51 rows=1 width=34) (actual time=16953.499..36012.606 rows=134155 loops=1)
                                       Hash Cond: (l1.l_orderkey = l3.l_orderkey)
                                       Join Filter: (l3.l_suppkey <> l1.l_suppkey)
                                       Rows Removed by Join Filter: 547662
                                       ->  Hash Join  (cost=2454.57..1959799.54 rows=799811 width=34) (actual time=222.055..14900.290 rows=1514267 loops=1)
                                             Hash Cond: (l1.l_suppkey = supplier.s_suppkey)
                                             ->  Seq Scan on lineitem l1  (cost=0.00..1874364.60 rows=19995269 width=8) (actual time=0.223..11378.733 rows=37929348 loops=1)
                                                   Filter: (l_receiptdate > l_commitdate)
                                                   Rows Removed by Filter: 22056704
                                             ->  Hash  (cost=2404.57..2404.57 rows=4000 width=30) (actual time=221.786..221.788 rows=3991 loops=1)
                                                   Buckets: 4096  Batches: 1  Memory Usage: 282kB
                                                   ->  Nested Loop  (cost=47.29..2404.57 rows=4000 width=30) (actual time=2.763..219.136 rows=3991 loops=1)
                                                         ->  Seq Scan on nation  (cost=0.00..1.31 rows=1 width=4) (actual time=0.156..0.161 rows=1 loops=1)
                                                               Filter: (n_name = 'PERU'::bpchar)
                                                               Rows Removed by Filter: 24
                                                         ->  Bitmap Heap Scan on supplier  (cost=47.29..2363.25 rows=4000 width=34) (actual time=2.599..217.243 rows=3991 loops=1)
                                                               Recheck Cond: (s_nationkey = nation.n_nationkey)
                                                               Heap Blocks: exact=1873
                                                               ->  Bitmap Index Scan on idx_supplier_nation_key  (cost=0.00..46.29 rows=4000 width=0) (actual time=2.197..2.197 rows=3991 loops=1)
                                                                     Index Cond: (s_nationkey = nation.n_nationkey)
                                       ->  Hash  (cost=1874364.60..1874364.60 rows=19995269 width=8) (actual time=16718.848..16718.849 rows=37929348 loops=1)
                                             Buckets: 4194304  Batches: 16  Memory Usage: 125295kB
                                             ->  Seq Scan on lineitem l3  (cost=0.00..1874364.60 rows=19995269 width=8) (actual time=0.016..12150.703 rows=37929348 loops=1)
                                                   Filter: (l_receiptdate > l_commitdate)
                                                   Rows Removed by Filter: 22056704
                                 ->  Index Scan using orders_pkey on orders  (cost=0.43..7.32 rows=1 width=4) (actual time=0.092..0.092 rows=0 loops=134155)
                                       Index Cond: (o_orderkey = l1.l_orderkey)
                                       Filter: (o_orderstatus = 'F'::bpchar)
                                       Rows Removed by Filter: 1
                           ->  Index Scan using idx_lineitem_orderkey on lineitem l2  (cost=0.56..7.52 rows=4 width=8) (actual time=0.105..0.105 rows=1 loops=65960)
                                 Index Cond: (l_orderkey = orders.o_orderkey)
 Settings: jit = 'off', max_parallel_workers_per_gather = '0', work_mem = '128MB'
 Planning Time: 10.227 ms
 Execution Time: 55696.807 ms
(47 rows)

===== 22.sql =====
                                                                          QUERY PLAN                                                                          
--------------------------------------------------------------------------------------------------------------------------------------------------------------
 Limit  (cost=163012.95..163012.98 rows=1 width=72) (actual time=1756.380..1756.382 rows=1 loops=1)
   InitPlan 1 (returns $0)
     ->  Aggregate  (cost=75324.21..75324.22 rows=1 width=32) (actual time=775.449..775.449 rows=1 loops=1)
           ->  Seq Scan on customer customer_1  (cost=0.00..75204.73 rows=47790 width=6) (actual time=0.007..739.670 rows=382426 loops=1)
                 Filter: ((c_acctbal > 0.00) AND (SUBSTRING(c_phone FROM 1 FOR 2) = ANY ('{21,29,26,34,14,15,17}'::text[])))
                 Rows Removed by Filter: 1117574
   ->  GroupAggregate  (cost=87688.73..87904.47 rows=7845 width=72) (actual time=1756.378..1756.379 rows=1 loops=1)
         Group Key: (SUBSTRING(customer.c_phone FROM 1 FOR 2))
         ->  Sort  (cost=87688.73..87708.34 rows=7845 width=38) (actual time=1754.542..1754.903 rows=9006 loops=1)
               Sort Key: (SUBSTRING(customer.c_phone FROM 1 FOR 2))
               Sort Method: quicksort  Memory: 4513kB
               ->  Nested Loop Anti Join  (cost=0.43..87181.26 rows=7845 width=38) (actual time=775.512..1731.127 rows=63509 loops=1)
                     ->  Seq Scan on customer  (cost=0.00..75204.73 rows=17501 width=26) (actual time=775.492..1361.627 rows=191129 loops=1)
                           Filter: ((c_acctbal > $0) AND (SUBSTRING(c_phone FROM 1 FOR 2) = ANY ('{21,29,26,34,14,15,17}'::text[])))
                           Rows Removed by Filter: 1308871
                     ->  Index Only Scan using idx_orders_custkey on orders  (cost=0.43..3.30 rows=18 width=4) (actual time=0.002..0.002 rows=1 loops=191129)
                           Index Cond: (o_custkey = customer.c_custkey)
                           Heap Fetches: 0
 Settings: jit = 'off', max_parallel_workers_per_gather = '0', work_mem = '128MB'
 Planning Time: 0.879 ms
 Execution Time: 1756.645 ms
(21 rows)

===== 2-flattened.sql =====
                                                                       QUERY PLAN                                                                        
---------------------------------------------------------------------------------------------------------------------------------------------------------
 HashAggregate  (cost=207697.36..212163.47 rows=446611 width=36) (actual time=3144.948..3586.802 rows=1182884 loops=1)
   Group Key: partsupp.ps_partkey
   Batches: 5  Memory Usage: 139313kB  Disk Usage: 15632kB
   ->  Nested Loop  (cost=42.10..199697.21 rows=1600031 width=10) (actual time=0.674..2503.959 rows=1604080 loops=1)
         ->  Nested Loop  (cost=41.67..2184.07 rows=20000 width=4) (actual time=0.655..49.318 rows=20051 loops=1)
               ->  Nested Loop  (cost=0.14..13.95 rows=5 width=4) (actual time=0.069..0.093 rows=5 loops=1)
                     Join Filter: (nation.n_regionkey = region.r_regionkey)
                     Rows Removed by Join Filter: 20
                     ->  Index Scan using nation_pkey on nation  (cost=0.14..12.51 rows=25 width=8) (actual time=0.041..0.050 rows=25 loops=1)
                     ->  Materialize  (cost=0.00..1.07 rows=1 width=4) (actual time=0.001..0.001 rows=1 loops=25)
                           ->  Seq Scan on region  (cost=0.00..1.06 rows=1 width=4) (actual time=0.018..0.019 rows=1 loops=1)
                                 Filter: (r_name = 'AMERICA'::bpchar)
                                 Rows Removed by Filter: 4
               ->  Bitmap Heap Scan on supplier  (cost=41.53..394.02 rows=4000 width=8) (actual time=0.503..9.072 rows=4010 loops=5)
                     Recheck Cond: (s_nationkey = nation.n_nationkey)
                     Heap Blocks: exact=9388
                     ->  Bitmap Index Scan on idx_supplier_nation_key  (cost=0.00..40.53 rows=4000 width=0) (actual time=0.301..0.301 rows=4010 loops=5)
                           Index Cond: (s_nationkey = nation.n_nationkey)
         ->  Index Scan using idx_partsupp_suppkey on partsupp  (cost=0.43..9.08 rows=80 width=14) (actual time=0.006..0.112 rows=80 loops=20051)
               Index Cond: (ps_suppkey = supplier.s_suppkey)
 Settings: jit = 'off', max_parallel_workers_per_gather = '0', work_mem = '128MB'
 Planning Time: 1.252 ms
 Execution Time: 3626.059 ms
(23 rows)

SELECT 1182884
CREATE INDEX
ANALYZE
                                                                             QUERY PLAN                                                                             
--------------------------------------------------------------------------------------------------------------------------------------------------------------------
 Limit  (cost=521625.06..521625.06 rows=1 width=192) (actual time=3471.965..3471.980 rows=100 loops=1)
   ->  Sort  (cost=521625.06..521625.06 rows=1 width=192) (actual time=3471.964..3471.973 rows=100 loops=1)
         Sort Key: supplier.s_acctbal DESC, nation.n_name, supplier.s_name, part.p_partkey
         Sort Method: top-N heapsort  Memory: 71kB
         ->  Hash Join  (cost=265353.22..521625.05 rows=1 width=192) (actual time=2806.949..3469.584 rows=4737 loops=1)
               Hash Cond: ((part.p_partkey = partsupp.ps_partkey) AND ((SubPlan 1) = partsupp.ps_supplycost))
               ->  Seq Scan on part  (cost=0.00..70960.99 rows=8644 width=30) (actual time=0.017..381.554 rows=8046 loops=1)
                     Filter: (((p_type)::text ~~ '%NICKEL'::text) AND (p_size = 16))
                     Rows Removed by Filter: 1991954
               ->  Hash  (cost=202288.76..202288.76 rows=1600031 width=172) (actual time=2805.949..2805.952 rows=1604080 loops=1)
                     Buckets: 1048576  Batches: 4  Memory Usage: 90233kB
                     ->  Nested Loop  (cost=2.00..202288.76 rows=1600031 width=172) (actual time=0.070..2151.122 rows=1604080 loops=1)
                           ->  Nested Loop  (cost=1.56..4775.62 rows=20000 width=166) (actual time=0.055..55.925 rows=20051 loops=1)
                                 Join Filter: (nation.n_regionkey = region.r_regionkey)
                                 Rows Removed by Join Filter: 79949
                                 ->  Seq Scan on region  (cost=0.00..1.06 rows=1 width=4) (actual time=0.022..0.024 rows=1 loops=1)
                                       Filter: (r_name = 'AMERICA'::bpchar)
                                       Rows Removed by Filter: 4
                                 ->  Hash Join  (cost=1.56..3524.56 rows=100000 width=170) (actual time=0.030..48.021 rows=100000 loops=1)
                                       Hash Cond: (supplier.s_nationkey = nation.n_nationkey)
                                       ->  Seq Scan on supplier  (cost=0.00..3216.00 rows=100000 width=144) (actual time=0.006..16.346 rows=100000 loops=1)
                                       ->  Hash  (cost=1.25..1.25 rows=25 width=34) (actual time=0.013..0.013 rows=25 loops=1)
                                             Buckets: 1024  Batches: 1  Memory Usage: 10kB
                                             ->  Seq Scan on nation  (cost=0.00..1.25 rows=25 width=34) (actual time=0.003..0.007 rows=25 loops=1)
                           ->  Index Scan using idx_partsupp_suppkey on partsupp  (cost=0.43..9.08 rows=80 width=14) (actual time=0.004..0.093 rows=80 loops=20051)
                                 Index Cond: (ps_suppkey = supplier.s_suppkey)
               SubPlan 1
                 ->  Index Scan using tmp_supplycost_idx on tmp_supplycost  (cost=0.43..8.45 rows=1 width=6) (actual time=0.004..0.004 rows=1 loops=12783)
                       Index Cond: (ps_partkey = part.p_partkey)
 Settings: jit = 'off', max_parallel_workers_per_gather = '0', work_mem = '128MB'
 Planning Time: 1.214 ms
 Execution Time: 3472.312 ms
(32 rows)

DROP TABLE
===== 2.sql =====
                                                                                        QUERY PLAN                                                                                         
-------------------------------------------------------------------------------------------------------------------------------------------------------------------------------------------
 Limit  (cost=1742154.09..1742154.10 rows=1 width=192) (actual time=4846.508..4846.524 rows=100 loops=1)
   ->  Sort  (cost=1742154.09..1742154.10 rows=1 width=192) (actual time=4846.507..4846.516 rows=100 loops=1)
         Sort Key: supplier.s_acctbal DESC, nation.n_name, supplier.s_name, part.p_partkey
         Sort Method: top-N heapsort  Memory: 71kB
         ->  Merge Join  (cost=503893.80..1742154.08 rows=1 width=192) (actual time=3479.012..4843.673 rows=4737 loops=1)
               Merge Cond: (part.p_partkey = partsupp.ps_partkey)
               Join Filter: (partsupp.ps_supplycost = (SubPlan 1))
               Rows Removed by Join Filter: 1661
               ->  Index Scan using part_pkey on part  (cost=0.43..102912.09 rows=8644 width=30) (actual time=0.027..556.373 rows=8046 loops=1)
                     Filter: (((p_type)::text ~~ '%NICKEL'::text) AND (p_size = 16))
                     Rows Removed by Filter: 1991954
               ->  Materialize  (cost=503893.30..511893.45 rows=1600031 width=172) (actual time=3478.844..3945.609 rows=1603828 loops=1)
                     ->  Sort  (cost=503893.30..507893.38 rows=1600031 width=172) (actual time=3478.840..3771.096 rows=1603828 loops=1)
                           Sort Key: partsupp.ps_partkey
                           Sort Method: external merge  Disk: 293456kB
                           ->  Nested Loop  (cost=2.00..202288.76 rows=1600031 width=172) (actual time=0.056..2439.717 rows=1604080 loops=1)
                                 ->  Nested Loop  (cost=1.56..4775.62 rows=20000 width=166) (actual time=0.044..55.815 rows=20051 loops=1)
                                       Join Filter: (nation.n_regionkey = region.r_regionkey)
                                       Rows Removed by Join Filter: 79949
                                       ->  Seq Scan on region  (cost=0.00..1.06 rows=1 width=4) (actual time=0.011..0.013 rows=1 loops=1)
                                             Filter: (r_name = 'AMERICA'::bpchar)
                                             Rows Removed by Filter: 4
                                       ->  Hash Join  (cost=1.56..3524.56 rows=100000 width=170) (actual time=0.031..48.091 rows=100000 loops=1)
                                             Hash Cond: (supplier.s_nationkey = nation.n_nationkey)
                                             ->  Seq Scan on supplier  (cost=0.00..3216.00 rows=100000 width=144) (actual time=0.002..13.885 rows=100000 loops=1)
                                             ->  Hash  (cost=1.25..1.25 rows=25 width=34) (actual time=0.017..0.018 rows=25 loops=1)
                                                   Buckets: 1024  Batches: 1  Memory Usage: 10kB
                                                   ->  Seq Scan on nation  (cost=0.00..1.25 rows=25 width=34) (actual time=0.007..0.011 rows=25 loops=1)
                                 ->  Index Scan using idx_partsupp_suppkey on partsupp  (cost=0.43..9.08 rows=80 width=14) (actual time=0.004..0.105 rows=80 loops=20051)
                                       Index Cond: (ps_suppkey = supplier.s_suppkey)
               SubPlan 1
                 ->  Aggregate  (cost=162.40..162.41 rows=1 width=32) (actual time=0.026..0.026 rows=1 loops=6398)
                       ->  Nested Loop  (cost=0.86..162.39 rows=4 width=6) (actual time=0.016..0.024 rows=2 loops=6398)
                             Join Filter: (nation_1.n_regionkey = region_1.r_regionkey)
                             Rows Removed by Join Filter: 2
                             ->  Seq Scan on region region_1  (cost=0.00..1.06 rows=1 width=4) (actual time=0.001..0.001 rows=1 loops=6398)
                                   Filter: (r_name = 'AMERICA'::bpchar)
                                   Rows Removed by Filter: 4
                             ->  Nested Loop  (cost=0.86..161.10 rows=18 width=10) (actual time=0.010..0.022 rows=4 loops=6398)
                                   ->  Nested Loop  (cost=0.72..158.33 rows=18 width=10) (actual time=0.008..0.017 rows=4 loops=6398)
                                         ->  Index Scan using idx_partsupp_partkey on partsupp partsupp_1  (cost=0.43..8.75 rows=18 width=10) (actual time=0.005..0.006 rows=4 loops=6398)
                                               Index Cond: (ps_partkey = part.p_partkey)
                                         ->  Index Scan using supplier_pkey on supplier supplier_1  (cost=0.29..8.31 rows=1 width=8) (actual time=0.002..0.002 rows=1 loops=25592)
                                               Index Cond: (s_suppkey = partsupp_1.ps_suppkey)
                                   ->  Index Scan using nation_pkey on nation nation_1  (cost=0.14..0.16 rows=1 width=8) (actual time=0.001..0.001 rows=1 loops=25592)
                                         Index Cond: (n_nationkey = supplier_1.s_nationkey)
 Settings: jit = 'off', max_parallel_workers_per_gather = '0', work_mem = '128MB'
 Planning Time: 2.471 ms
 Execution Time: 4865.484 ms
(49 rows)

===== 3.sql =====
                                                                                     QUERY PLAN                                                                                      
-------------------------------------------------------------------------------------------------------------------------------------------------------------------------------------
 Limit  (cost=2968231.13..2968231.15 rows=10 width=44) (actual time=34008.691..34008.697 rows=10 loops=1)
   ->  Sort  (cost=2968231.13..2976276.95 rows=3218330 width=44) (actual time=34008.690..34008.694 rows=10 loops=1)
         Sort Key: (sum((lineitem.l_extendedprice * ('1'::numeric - lineitem.l_discount)))) DESC, orders.o_orderdate
         Sort Method: top-N heapsort  Memory: 26kB
         ->  HashAggregate  (cost=2820740.24..2898684.17 rows=3218330 width=44) (actual time=33937.830..33990.710 rows=113934 loops=1)
               Group Key: lineitem.l_orderkey, orders.o_orderdate, orders.o_shippriority
               Planned Partitions: 16  Batches: 1  Memory Usage: 61457kB
               ->  Hash Join  (cost=528915.88..2557239.47 rows=3218330 width=24) (actual time=20122.297..33700.789 rows=301530 loops=1)
                     Hash Cond: (lineitem.l_orderkey = orders.o_orderkey)
                     ->  Seq Scan on lineitem  (cost=0.00..1874364.60 rows=32473519 width=16) (actual time=0.221..10131.355 rows=32534229 loops=1)
                           Filter: (l_shipdate > '1995-03-07'::date)
                           Rows Removed by Filter: 27451823
                     ->  Hash  (cost=510335.26..510335.26 rows=1486449 width=12) (actual time=20117.049..20117.052 rows=1451805 loops=1)
                           Buckets: 2097152  Batches: 1  Memory Usage: 78767kB
                           ->  Hash Join  (cost=139555.65..510335.26 rows=1486449 width=12) (actual time=839.183..19646.246 rows=1451805 loops=1)
                                 Hash Cond: (orders.o_custkey = customer.c_custkey)
                                 ->  Bitmap Heap Scan on orders  (cost=81140.21..432851.85 rows=7263971 width=16) (actual time=520.666..17109.170 rows=7239437 loops=1)
                                       Recheck Cond: (o_orderdate < '1995-03-07'::date)
                                       Heap Blocks: exact=260912
                                       ->  Bitmap Index Scan on idx_orders_orderdate  (cost=0.00..79324.22 rows=7263971 width=0) (actual time=465.585..465.585 rows=7239437 loops=1)
                                             Index Cond: (o_orderdate < '1995-03-07'::date)
                                 ->  Hash  (cost=54578.30..54578.30 rows=306971 width=4) (actual time=317.363..317.364 rows=300276 loops=1)
                                       Buckets: 524288  Batches: 1  Memory Usage: 14653kB
                                       ->  Seq Scan on customer  (cost=0.00..54578.30 rows=306971 width=4) (actual time=0.365..265.178 rows=300276 loops=1)
                                             Filter: (c_mktsegment = 'BUILDING'::bpchar)
                                             Rows Removed by Filter: 1199724
 Settings: jit = 'off', max_parallel_workers_per_gather = '0', work_mem = '128MB'
 Planning Time: 7.002 ms
 Execution Time: 34015.438 ms
(29 rows)

===== 4.sql =====
                                                                             QUERY PLAN                                                                             
--------------------------------------------------------------------------------------------------------------------------------------------------------------------
 Limit  (cost=2586490.29..2586490.29 rows=1 width=24) (actual time=36637.712..36637.715 rows=1 loops=1)
   ->  Sort  (cost=2586490.29..2586490.30 rows=5 width=24) (actual time=36637.710..36637.713 rows=1 loops=1)
         Sort Key: orders.o_orderpriority
         Sort Method: top-N heapsort  Memory: 25kB
         ->  HashAggregate  (cost=2586490.21..2586490.26 rows=5 width=24) (actual time=36637.670..36637.674 rows=5 loops=1)
               Group Key: orders.o_orderpriority
               Batches: 1  Memory Usage: 24kB
               ->  Hash Semi Join  (cost=2210196.86..2583643.80 rows=569283 width=16) (actual time=15811.076..36518.008 rows=513822 loops=1)
                     Hash Cond: (orders.o_orderkey = lineitem.l_orderkey)
                     ->  Bitmap Heap Scan on orders  (cost=7784.40..277236.83 rows=569362 width=20) (actual time=115.086..17316.263 rows=560424 loops=1)
                           Recheck Cond: ((o_orderdate >= '1993-12-01'::date) AND (o_orderdate < '1994-03-01'::date))
                           Heap Blocks: exact=231732
                           ->  Bitmap Index Scan on idx_orders_orderdate  (cost=0.00..7642.06 rows=569362 width=0) (actual time=66.054..66.054 rows=560424 loops=1)
                                 Index Cond: ((o_orderdate >= '1993-12-01'::date) AND (o_orderdate < '1994-03-01'::date))
                     ->  Hash  (cost=1874364.60..1874364.60 rows=19995269 width=4) (actual time=15685.994..15685.994 rows=37929348 loops=1)
                           Buckets: 4194304  Batches: 16  Memory Usage: 116042kB
                           ->  Seq Scan on lineitem  (cost=0.00..1874364.60 rows=19995269 width=4) (actual time=0.356..11392.409 rows=37929348 loops=1)
                                 Filter: (l_commitdate < l_receiptdate)
                                 Rows Removed by Filter: 22056704
 Settings: jit = 'off', max_parallel_workers_per_gather = '0', work_mem = '128MB'
 Planning Time: 6.228 ms
 Execution Time: 36640.679 ms
(22 rows)

===== 5.sql =====
                                                                                           QUERY PLAN                                                                                            
-------------------------------------------------------------------------------------------------------------------------------------------------------------------------------------------------
 Limit  (cost=2398192.82..2398192.83 rows=1 width=58) (actual time=32385.355..32385.363 rows=1 loops=1)
   ->  Sort  (cost=2398192.82..2398192.89 rows=25 width=58) (actual time=32385.353..32385.360 rows=1 loops=1)
         Sort Key: (sum((lineitem.l_extendedprice * ('1'::numeric - lineitem.l_discount)))) DESC
         Sort Method: top-N heapsort  Memory: 25kB
         ->  GroupAggregate  (cost=2397271.27..2398192.70 rows=25 width=58) (actual time=32361.210..32385.334 rows=5 loops=1)
               Group Key: nation.n_name
               ->  Sort  (cost=2397271.27..2397455.50 rows=73689 width=38) (actual time=32355.227..32358.695 rows=72033 loops=1)
                     Sort Key: nation.n_name
                     Sort Method: quicksort  Memory: 8700kB
                     ->  Hash Join  (cost=413871.88..2391313.83 rows=73689 width=38) (actual time=18363.564..32314.703 rows=72033 loops=1)
                           Hash Cond: ((lineitem.l_suppkey = supplier.s_suppkey) AND (customer.c_nationkey = supplier.s_nationkey))
                           ->  Hash Join  (cost=409155.88..2376925.74 rows=1842300 width=50) (actual time=18323.887..31856.383 rows=1815327 loops=1)
                                 Hash Cond: (lineitem.l_orderkey = orders.o_orderkey)
                                 ->  Seq Scan on lineitem  (cost=0.00..1724400.08 rows=59985808 width=20) (actual time=0.329..6526.365 rows=59986052 loops=1)
                                 ->  Hash  (cost=403397.89..403397.89 rows=460639 width=38) (actual time=18322.026..18322.030 rows=453399 loops=1)
                                       Buckets: 524288  Batches: 1  Memory Usage: 35976kB
                                       ->  Hash Join  (cost=94694.60..403397.89 rows=460639 width=38) (actual time=637.574..18109.400 rows=453399 loops=1)
                                             Hash Cond: (orders.o_custkey = customer.c_custkey)
                                             ->  Bitmap Heap Scan on orders  (cost=31488.18..326948.11 rows=2303195 width=8) (actual time=223.611..16894.934 rows=2276638 loops=1)
                                                   Recheck Cond: ((o_orderdate >= '1993-01-01'::date) AND (o_orderdate < '1994-01-01'::date))
                                                   Heap Blocks: exact=260897
                                                   ->  Bitmap Index Scan on idx_orders_orderdate  (cost=0.00..30912.39 rows=2303195 width=0) (actual time=168.378..168.379 rows=2276638 loops=1)
                                                         Index Cond: ((o_orderdate >= '1993-01-01'::date) AND (o_orderdate < '1994-01-01'::date))
                                             ->  Hash  (cost=59456.15..59456.15 rows=300021 width=38) (actual time=412.803..412.806 rows=299436 loops=1)
                                                   Buckets: 524288  Batches: 1  Memory Usage: 25151kB
                                                   ->  Hash Join  (cost=2.51..59456.15 rows=300021 width=38) (actual time=1.144..349.879 rows=299436 loops=1)
                                                         Hash Cond: (customer.c_nationkey = nation.n_nationkey)
                                                         ->  Seq Scan on customer  (cost=0.00..50828.04 rows=1500104 width=8) (actual time=0.468..187.802 rows=1500000 loops=1)
                                                         ->  Hash  (cost=2.45..2.45 rows=5 width=30) (actual time=0.659..0.661 rows=5 loops=1)
                                                               Buckets: 1024  Batches: 1  Memory Usage: 9kB
                                                               ->  Hash Join  (cost=1.07..2.45 rows=5 width=30) (actual time=0.647..0.653 rows=5 loops=1)
                                                                     Hash Cond: (nation.n_regionkey = region.r_regionkey)
                                                                     ->  Seq Scan on nation  (cost=0.00..1.25 rows=25 width=34) (actual time=0.302..0.304 rows=25 loops=1)
                                                                     ->  Hash  (cost=1.06..1.06 rows=1 width=4) (actual time=0.329..0.329 rows=1 loops=1)
                                                                           Buckets: 1024  Batches: 1  Memory Usage: 9kB
                                                                           ->  Seq Scan on region  (cost=0.00..1.06 rows=1 width=4) (actual time=0.320..0.322 rows=1 loops=1)
                                                                                 Filter: (r_name = 'AMERICA'::bpchar)
                                                                                 Rows Removed by Filter: 4
                           ->  Hash  (cost=3216.00..3216.00 rows=100000 width=8) (actual time=38.259..38.259 rows=100000 loops=1)
                                 Buckets: 131072  Batches: 1  Memory Usage: 4931kB
                                 ->  Seq Scan on supplier  (cost=0.00..3216.00 rows=100000 width=8) (actual time=0.283..23.725 rows=100000 loops=1)
 Settings: jit = 'off', max_parallel_workers_per_gather = '0', work_mem = '128MB'
 Planning Time: 13.623 ms
 Execution Time: 32387.122 ms
(44 rows)

===== 6.sql =====
                                                                                          QUERY PLAN                                                                                           
-----------------------------------------------------------------------------------------------------------------------------------------------------------------------------------------------
 Limit  (cost=1509174.67..1509174.68 rows=1 width=32) (actual time=4013.408..4013.409 rows=1 loops=1)
   ->  Aggregate  (cost=1509174.67..1509174.68 rows=1 width=32) (actual time=4013.406..4013.407 rows=1 loops=1)
         ->  Bitmap Heap Scan on lineitem  (cost=302674.62..1503108.22 rows=1213288 width=12) (actual time=1181.278..3631.593 rows=1194558 loops=1)
               Recheck Cond: ((l_shipdate >= '1993-01-01'::date) AND (l_shipdate < '1994-01-01'::date) AND (l_discount >= 0.06) AND (l_discount <= 0.08) AND (l_quantity < '25'::numeric))
               Heap Blocks: exact=662932
               ->  Bitmap Index Scan on idx_lineitem_shipdate  (cost=0.00..302371.29 rows=1213288 width=0) (actual time=1025.857..1025.857 rows=1194558 loops=1)
                     Index Cond: ((l_shipdate >= '1993-01-01'::date) AND (l_shipdate < '1994-01-01'::date) AND (l_discount >= 0.06) AND (l_discount <= 0.08) AND (l_quantity < '25'::numeric))
 Settings: jit = 'off', max_parallel_workers_per_gather = '0', work_mem = '128MB'
 Planning Time: 0.838 ms
 Execution Time: 4015.882 ms
(10 rows)

===== 7.sql =====
                                                                                     QUERY PLAN                                                                                      
-------------------------------------------------------------------------------------------------------------------------------------------------------------------------------------
 Limit  (cost=2515794.32..2515794.45 rows=1 width=116) (actual time=81695.387..81695.396 rows=1 loops=1)
   ->  GroupAggregate  (cost=2515794.32..2517006.17 rows=10036 width=116) (actual time=81695.385..81695.394 rows=1 loops=1)
         Group Key: n1.n_name, n2.n_name, (EXTRACT(year FROM lineitem.l_shipdate))
         ->  Sort  (cost=2515794.32..2515945.94 rows=60646 width=96) (actual time=81687.219..81688.089 rows=14421 loops=1)
               Sort Key: n1.n_name, n2.n_name, (EXTRACT(year FROM lineitem.l_shipdate))
               Sort Method: quicksort  Memory: 9664kB
               ->  Hash Join  (cost=1022361.93..2510976.57 rows=60646 width=96) (actual time=7449.460..81618.117 rows=57794 loops=1)
                     Hash Cond: (lineitem.l_suppkey = supplier.s_suppkey)
                     Join Filter: (((n1.n_name = 'PERU'::bpchar) AND (n2.n_name = 'MOROCCO'::bpchar)) OR ((n1.n_name = 'MOROCCO'::bpchar) AND (n2.n_name = 'PERU'::bpchar)))
                     Rows Removed by Join Filter: 58158
                     ->  Hash Join  (cost=1018737.53..2499404.07 rows=1457287 width=46) (actual time=7417.819..81112.622 rows=1448126 loops=1)
                           Hash Cond: (lineitem.l_orderkey = orders.o_orderkey)
                           ->  Bitmap Heap Scan on lineitem  (cost=467663.48..1865446.81 rows=18216089 width=24) (actual time=2385.257..72599.266 rows=18230325 loops=1)
                                 Recheck Cond: ((l_shipdate >= '1995-01-01'::date) AND (l_shipdate <= '1996-12-31'::date))
                                 Heap Blocks: exact=1119491
                                 ->  Bitmap Index Scan on idx_lineitem_shipdate  (cost=0.00..463109.46 rows=18216089 width=0) (actual time=2087.256..2087.256 rows=18230325 loops=1)
                                       Index Cond: ((l_shipdate >= '1995-01-01'::date) AND (l_shipdate <= '1996-12-31'::date))
                           ->  Hash  (cost=536075.51..536075.51 rows=1199883 width=30) (actual time=5028.126..5028.131 rows=1191175 loops=1)
                                 Buckets: 2097152  Batches: 1  Memory Usage: 88506kB
                                 ->  Hash Join  (cost=56934.86..536075.51 rows=1199883 width=30) (actual time=348.092..4758.045 rows=1191175 loops=1)
                                       Hash Cond: (orders.o_custkey = customer.c_custkey)
                                       ->  Seq Scan on orders  (cost=0.00..410897.35 rows=14998535 width=8) (actual time=0.032..1733.834 rows=15000000 loops=1)
                                       ->  Hash  (cost=55434.76..55434.76 rows=120008 width=30) (actual time=347.771..347.775 rows=119622 loops=1)
                                             Buckets: 131072  Batches: 1  Memory Usage: 8267kB
                                             ->  Hash Join  (cost=1.40..55434.76 rows=120008 width=30) (actual time=0.433..323.102 rows=119622 loops=1)
                                                   Hash Cond: (customer.c_nationkey = n2.n_nationkey)
                                                   ->  Seq Scan on customer  (cost=0.00..50828.04 rows=1500104 width=8) (actual time=0.394..182.812 rows=1500000 loops=1)
                                                   ->  Hash  (cost=1.38..1.38 rows=2 width=30) (actual time=0.025..0.025 rows=2 loops=1)
                                                         Buckets: 1024  Batches: 1  Memory Usage: 9kB
                                                         ->  Seq Scan on nation n2  (cost=0.00..1.38 rows=2 width=30) (actual time=0.016..0.019 rows=2 loops=1)
                                                               Filter: ((n_name = 'MOROCCO'::bpchar) OR (n_name = 'PERU'::bpchar))
                                                               Rows Removed by Filter: 23
                     ->  Hash  (cost=3524.40..3524.40 rows=8000 width=30) (actual time=29.971..29.972 rows=7981 loops=1)
                           Buckets: 8192  Batches: 1  Memory Usage: 548kB
                           ->  Hash Join  (cost=1.40..3524.40 rows=8000 width=30) (actual time=0.460..28.497 rows=7981 loops=1)
                                 Hash Cond: (supplier.s_nationkey = n1.n_nationkey)
                                 ->  Seq Scan on supplier  (cost=0.00..3216.00 rows=100000 width=8) (actual time=0.294..18.866 rows=100000 loops=1)
                                 ->  Hash  (cost=1.38..1.38 rows=2 width=30) (actual time=0.155..0.155 rows=2 loops=1)
                                       Buckets: 1024  Batches: 1  Memory Usage: 9kB
                                       ->  Seq Scan on nation n1  (cost=0.00..1.38 rows=2 width=30) (actual time=0.149..0.151 rows=2 loops=1)
                                             Filter: ((n_name = 'PERU'::bpchar) OR (n_name = 'MOROCCO'::bpchar))
                                             Rows Removed by Filter: 23
 Settings: jit = 'off', max_parallel_workers_per_gather = '0', work_mem = '128MB'
 Planning Time: 9.735 ms
 Execution Time: 81700.420 ms
(45 rows)

===== 8.sql =====
                                                                                           QUERY PLAN                                                                                            
-------------------------------------------------------------------------------------------------------------------------------------------------------------------------------------------------
 Limit  (cost=2094347.40..2094347.64 rows=1 width=64) (actual time=46910.000..46910.008 rows=1 loops=1)
   ->  GroupAggregate  (cost=2094347.40..2094937.34 rows=2406 width=64) (actual time=46909.998..46910.005 rows=1 loops=1)
         Group Key: (EXTRACT(year FROM orders.o_orderdate))
         ->  Sort  (cost=2094347.40..2094407.60 rows=24081 width=70) (actual time=46904.201..46904.688 rows=11818 loops=1)
               Sort Key: (EXTRACT(year FROM orders.o_orderdate))
               Sort Method: quicksort  Memory: 2631kB
               ->  Nested Loop  (cost=496808.44..2092594.83 rows=24081 width=70) (actual time=10965.332..46872.108 rows=23842 loops=1)
                     ->  Hash Join  (cost=496808.29..2091891.78 rows=24081 width=20) (actual time=10965.293..46800.007 rows=23842 loops=1)
                           Hash Cond: (lineitem.l_suppkey = supplier.s_suppkey)
                           ->  Hash Join  (cost=492342.29..2087362.56 rows=24081 width=20) (actual time=10928.666..46744.352 rows=23842 loops=1)
                                 Hash Cond: (lineitem.l_orderkey = orders.o_orderkey)
                                 ->  Nested Loop  (cost=0.44..1593293.62 rows=396340 width=20) (actual time=0.597..35558.927 rows=389521 loops=1)
                                       ->  Seq Scan on part  (cost=0.00..65961.16 rows=13214 width=4) (actual time=0.379..454.118 rows=13011 loops=1)
                                             Filter: ((p_type)::text = 'LARGE POLISHED BRASS'::text)
                                             Rows Removed by Filter: 1986989
                                       ->  Index Scan using idx_lineitem_part_supp on lineitem  (cost=0.44..115.25 rows=33 width=24) (actual time=0.140..2.678 rows=30 loops=13011)
                                             Index Cond: (l_partkey = part.p_partkey)
                                 ->  Hash  (cost=480950.88..480950.88 rows=911278 width=8) (actual time=10921.872..10921.877 rows=910360 loops=1)
                                       Buckets: 1048576  Batches: 1  Memory Usage: 43753kB
                                       ->  Hash Join  (cost=125493.82..480950.88 rows=911278 width=8) (actual time=761.101..10687.271 rows=910360 loops=1)
                                             Hash Cond: (orders.o_custkey = customer.c_custkey)
                                             ->  Bitmap Heap Scan on orders  (cost=62287.41..391545.23 rows=4556388 width=12) (actual time=358.666..9106.244 rows=4557513 loops=1)
                                                   Recheck Cond: ((o_orderdate >= '1995-01-01'::date) AND (o_orderdate <= '1996-12-31'::date))
                                                   Heap Blocks: exact=260912
                                                   ->  Bitmap Index Scan on idx_orders_orderdate  (cost=0.00..61148.31 rows=4556388 width=0) (actual time=303.959..303.959 rows=4557513 loops=1)
                                                         Index Cond: ((o_orderdate >= '1995-01-01'::date) AND (o_orderdate <= '1996-12-31'::date))
                                             ->  Hash  (cost=59456.15..59456.15 rows=300021 width=4) (actual time=401.295..401.298 rows=299436 loops=1)
                                                   Buckets: 524288  Batches: 1  Memory Usage: 14624kB
                                                   ->  Hash Join  (cost=2.51..59456.15 rows=300021 width=4) (actual time=0.092..350.338 rows=299436 loops=1)
                                                         Hash Cond: (customer.c_nationkey = n1.n_nationkey)
                                                         ->  Seq Scan on customer  (cost=0.00..50828.04 rows=1500104 width=8) (actual time=0.027..193.206 rows=1500000 loops=1)
                                                         ->  Hash  (cost=2.45..2.45 rows=5 width=4) (actual time=0.048..0.050 rows=5 loops=1)
                                                               Buckets: 1024  Batches: 1  Memory Usage: 9kB
                                                               ->  Hash Join  (cost=1.07..2.45 rows=5 width=4) (actual time=0.038..0.045 rows=5 loops=1)
                                                                     Hash Cond: (n1.n_regionkey = region.r_regionkey)
                                                                     ->  Seq Scan on nation n1  (cost=0.00..1.25 rows=25 width=8) (actual time=0.009..0.010 rows=25 loops=1)
                                                                     ->  Hash  (cost=1.06..1.06 rows=1 width=4) (actual time=0.018..0.018 rows=1 loops=1)
                                                                           Buckets: 1024  Batches: 1  Memory Usage: 9kB
                                                                           ->  Seq Scan on region  (cost=0.00..1.06 rows=1 width=4) (actual time=0.012..0.013 rows=1 loops=1)
                                                                                 Filter: (r_name = 'AMERICA'::bpchar)
                                                                                 Rows Removed by Filter: 4
                           ->  Hash  (cost=3216.00..3216.00 rows=100000 width=8) (actual time=36.346..36.346 rows=100000 loops=1)
                                 Buckets: 131072  Batches: 1  Memory Usage: 4931kB
                                 ->  Seq Scan on supplier  (cost=0.00..3216.00 rows=100000 width=8) (actual time=0.318..22.944 rows=100000 loops=1)
                     ->  Memoize  (cost=0.15..2.17 rows=1 width=30) (actual time=0.001..0.001 rows=1 loops=23842)
                           Cache Key: supplier.s_nationkey
                           Hits: 23817  Misses: 25  Evictions: 0  Overflows: 0  Memory Usage: 4kB
                           ->  Index Scan using nation_pkey on nation n2  (cost=0.14..2.16 rows=1 width=30) (actual time=0.005..0.005 rows=1 loops=25)
                                 Index Cond: (n_nationkey = supplier.s_nationkey)
 Settings: jit = 'off', max_parallel_workers_per_gather = '0', work_mem = '128MB'
 Planning Time: 14.123 ms
 Execution Time: 46912.288 ms
(52 rows)

===== 9.sql =====
                                                                                QUERY PLAN                                                                                
--------------------------------------------------------------------------------------------------------------------------------------------------------------------------
 Limit  (cost=3620053.26..3620053.27 rows=1 width=90) (actual time=34902.597..34902.604 rows=1 loops=1)
   ->  Sort  (cost=3620053.26..3620203.64 rows=60150 width=90) (actual time=34902.596..34902.601 rows=1 loops=1)
         Sort Key: nation.n_name, (EXTRACT(year FROM orders.o_orderdate)) DESC
         Sort Method: top-N heapsort  Memory: 25kB
         ->  HashAggregate  (cost=3618850.26..3619752.51 rows=60150 width=90) (actual time=34901.388..34901.711 rows=175 loops=1)
               Group Key: nation.n_name, EXTRACT(year FROM orders.o_orderdate)
               Batches: 1  Memory Usage: 3217kB
               ->  Hash Join  (cost=1144133.35..3481004.34 rows=7876910 width=81) (actual time=7040.400..32196.812 rows=3248192 loops=1)
                     Hash Cond: (supplier.s_nationkey = nation.n_nationkey)
                     ->  Hash Join  (cost=1144131.79..3437128.39 rows=7876910 width=31) (actual time=7040.360..31279.759 rows=3248192 loops=1)
                           Hash Cond: (lineitem.l_orderkey = orders.o_orderkey)
                           ->  Hash Join  (cost=487163.75..2593200.45 rows=7876910 width=31) (actual time=2960.261..23452.241 rows=3248192 loops=1)
                                 Hash Cond: (lineitem.l_suppkey = supplier.s_suppkey)
                                 ->  Hash Join  (cost=482697.75..2568056.69 rows=7876910 width=35) (actual time=2933.839..22310.096 rows=3248192 loops=1)
                                       Hash Cond: ((lineitem.l_suppkey = partsupp.ps_suppkey) AND (lineitem.l_partkey = partsupp.ps_partkey))
                                       ->  Hash Join  (cost=69243.88..1951107.03 rows=7876910 width=33) (actual time=454.504..16764.848 rows=3248192 loops=1)
                                             Hash Cond: (lineitem.l_partkey = part.p_partkey)
                                             ->  Seq Scan on lineitem  (cost=0.00..1724400.08 rows=59985808 width=29) (actual time=0.474..7025.985 rows=59986052 loops=1)
                                             ->  Hash  (cost=65961.16..65961.16 rows=262617 width=4) (actual time=452.899..452.900 rows=108312 loops=1)
                                                   Buckets: 524288  Batches: 1  Memory Usage: 7904kB
                                                   ->  Seq Scan on part  (cost=0.00..65961.16 rows=262617 width=4) (actual time=0.453..430.939 rows=108312 loops=1)
                                                         Filter: ((p_name)::text ~~ '%navy%'::text)
                                                         Rows Removed by Filter: 1891688
                                       ->  Hash  (cost=254387.55..254387.55 rows=8000155 width=14) (actual time=2470.451..2470.451 rows=8000000 loops=1)
                                             Buckets: 4194304  Batches: 4  Memory Usage: 126558kB
                                             ->  Seq Scan on partsupp  (cost=0.00..254387.55 rows=8000155 width=14) (actual time=0.387..1257.970 rows=8000000 loops=1)
                                 ->  Hash  (cost=3216.00..3216.00 rows=100000 width=8) (actual time=26.128..26.129 rows=100000 loops=1)
                                       Buckets: 131072  Batches: 1  Memory Usage: 4931kB
                                       ->  Seq Scan on supplier  (cost=0.00..3216.00 rows=100000 width=8) (actual time=0.006..14.213 rows=100000 loops=1)
                           ->  Hash  (cost=410897.35..410897.35 rows=14998535 width=8) (actual time=4070.547..4070.548 rows=15000000 loops=1)
                                 Buckets: 4194304  Batches: 8  Memory Usage: 106038kB
                                 ->  Seq Scan on orders  (cost=0.00..410897.35 rows=14998535 width=8) (actual time=0.441..2239.318 rows=15000000 loops=1)
                     ->  Hash  (cost=1.25..1.25 rows=25 width=30) (actual time=0.027..0.027 rows=25 loops=1)
                           Buckets: 1024  Batches: 1  Memory Usage: 10kB
                           ->  Seq Scan on nation  (cost=0.00..1.25 rows=25 width=30) (actual time=0.015..0.019 rows=25 loops=1)
 Settings: jit = 'off', max_parallel_workers_per_gather = '0', work_mem = '128MB'
 Planning Time: 6.507 ms
 Execution Time: 34907.400 ms
(38 rows)

