===== 10.sql jit= =====
                                                                                         QUERY PLAN                                                                                         
--------------------------------------------------------------------------------------------------------------------------------------------------------------------------------------------
 Limit  (cost=2381364.30..2381364.35 rows=20 width=201) (actual time=14018.894..14018.902 rows=20 loops=1)
   ->  Sort  (cost=2381364.30..2382773.62 rows=563726 width=201) (actual time=14018.892..14018.899 rows=20 loops=1)
         Sort Key: (sum((lineitem.l_extendedprice * ('1'::numeric - lineitem.l_discount)))) DESC
         Sort Method: top-N heapsort  Memory: 34kB
         ->  HashAggregate  (cost=2359317.18..2366363.75 rows=563726 width=201) (actual time=13664.811..13907.853 rows=381205 loops=1)
               Group Key: customer.c_custkey, nation.n_name
               Batches: 1  Memory Usage: 258065kB
               ->  Nested Loop  (cost=2251435.83..2352270.60 rows=563726 width=181) (actual time=11727.801..12863.921 rows=1145402 loops=1)
                     ->  Merge Join  (cost=2251435.68..2338435.51 rows=563726 width=159) (actual time=11727.767..12499.046 rows=1145402 loops=1)
                           Merge Cond: (customer.c_custkey = orders.o_custkey)
                           ->  Index Scan using customer_pkey on customer  (cost=0.43..74794.43 rows=1500000 width=147) (actual time=0.062..280.006 rows=1499997 loops=1)
                           ->  Sort  (cost=2251435.24..2252844.56 rows=563726 width=16) (actual time=11727.690..11863.606 rows=1145402 loops=1)
                                 Sort Key: orders.o_custkey
                                 Sort Method: quicksort  Memory: 129805kB
                                 ->  Hash Join  (cost=284522.93..2197586.35 rows=563726 width=16) (actual time=647.399..11379.903 rows=1145402 loops=1)
                                       Hash Cond: (lineitem.l_orderkey = orders.o_orderkey)
                                       ->  Seq Scan on lineitem  (cost=0.00..1874353.85 rows=14746499 width=16) (actual time=0.063..8769.400 rows=14808183 loops=1)
                                             Filter: (l_returnflag = 'R'::bpchar)
                                             Rows Removed by Filter: 45177869
                                       ->  Hash  (cost=277355.21..277355.21 rows=573417 width=8) (actual time=642.947..642.948 rows=573160 loops=1)
                                             Buckets: 1048576  Batches: 1  Memory Usage: 30582kB
                                             ->  Bitmap Heap Scan on orders  (cost=7841.96..277355.21 rows=573417 width=8) (actual time=126.527..538.526 rows=573160 loops=1)
                                                   Recheck Cond: ((o_orderdate >= '1994-08-01'::date) AND (o_orderdate < '1994-11-01'::date))
                                                   Heap Blocks: exact=233137
                                                   ->  Bitmap Index Scan on idx_orders_orderdate  (cost=0.00..7698.61 rows=573417 width=0) (actual time=72.471..72.471 rows=573160 loops=1)
                                                         Index Cond: ((o_orderdate >= '1994-08-01'::date) AND (o_orderdate < '1994-11-01'::date))
                     ->  Memoize  (cost=0.15..2.17 rows=1 width=30) (actual time=0.000..0.000 rows=1 loops=1145402)
                           Cache Key: customer.c_nationkey
                           Hits: 1145377  Misses: 25  Evictions: 0  Overflows: 0  Memory Usage: 4kB
                           ->  Index Scan using nation_pkey on nation  (cost=0.14..2.16 rows=1 width=30) (actual time=0.002..0.002 rows=1 loops=25)
                                 Index Cond: (n_nationkey = customer.c_nationkey)
 Settings: effective_io_concurrency = '64', jit = 'off', maintenance_io_concurrency = '64', max_parallel_workers_per_gather = '0', work_mem = '256MB'
 Planning Time: 2.071 ms
 Execution Time: 14044.290 ms
(34 rows)

===== 11.sql jit= =====
                                                                             QUERY PLAN                                                                              
---------------------------------------------------------------------------------------------------------------------------------------------------------------------
 Limit  (cost=94747.76..94747.77 rows=1 width=36) (actual time=1038.274..1038.280 rows=0 loops=1)
   InitPlan 1 (returns $2)
     ->  Aggregate  (cost=44307.21..44307.22 rows=1 width=32) (actual time=324.333..324.336 rows=1 loops=1)
           ->  Nested Loop  (cost=47.72..41907.21 rows=320000 width=10) (actual time=0.708..242.206 rows=320800 loops=1)
                 ->  Nested Loop  (cost=47.29..2404.57 rows=4000 width=4) (actual time=0.700..3.734 rows=4010 loops=1)
                       ->  Seq Scan on nation nation_1  (cost=0.00..1.31 rows=1 width=4) (actual time=0.009..0.012 rows=1 loops=1)
                             Filter: (n_name = 'SAUDI ARABIA'::bpchar)
                             Rows Removed by Filter: 24
                       ->  Bitmap Heap Scan on supplier supplier_1  (cost=47.29..2363.25 rows=4000 width=8) (actual time=0.687..3.295 rows=4010 loops=1)
                             Recheck Cond: (s_nationkey = nation_1.n_nationkey)
                             Heap Blocks: exact=1857
                             ->  Bitmap Index Scan on idx_supplier_nation_key  (cost=0.00..46.29 rows=4000 width=0) (actual time=0.449..0.449 rows=4010 loops=1)
                                   Index Cond: (s_nationkey = nation_1.n_nationkey)
                 ->  Index Scan using idx_partsupp_suppkey on partsupp partsupp_1  (cost=0.43..9.08 rows=80 width=14) (actual time=0.003..0.051 rows=80 loops=4010)
                       Index Cond: (ps_suppkey = supplier_1.s_suppkey)
   ->  Sort  (cost=50440.54..50707.21 rows=106667 width=36) (actual time=1038.273..1038.275 rows=0 loops=1)
         Sort Key: (sum((partsupp.ps_supplycost * (partsupp.ps_availqty)::numeric))) DESC
         Sort Method: quicksort  Memory: 25kB
         ->  HashAggregate  (cost=45107.21..49907.21 rows=106667 width=36) (actual time=1038.237..1038.240 rows=0 loops=1)
               Group Key: partsupp.ps_partkey
               Filter: (sum((partsupp.ps_supplycost * (partsupp.ps_availqty)::numeric)) > $2)
               Batches: 1  Memory Usage: 135185kB
               Rows Removed by Filter: 301833
               ->  Nested Loop  (cost=47.72..41907.21 rows=320000 width=14) (actual time=0.773..326.005 rows=320800 loops=1)
                     ->  Nested Loop  (cost=47.29..2404.57 rows=4000 width=4) (actual time=0.756..5.105 rows=4010 loops=1)
                           ->  Seq Scan on nation  (cost=0.00..1.31 rows=1 width=4) (actual time=0.021..0.025 rows=1 loops=1)
                                 Filter: (n_name = 'SAUDI ARABIA'::bpchar)
                                 Rows Removed by Filter: 24
                           ->  Bitmap Heap Scan on supplier  (cost=47.29..2363.25 rows=4000 width=8) (actual time=0.730..4.573 rows=4010 loops=1)
                                 Recheck Cond: (s_nationkey = nation.n_nationkey)
                                 Heap Blocks: exact=1857
                                 ->  Bitmap Index Scan on idx_supplier_nation_key  (cost=0.00..46.29 rows=4000 width=0) (actual time=0.487..0.488 rows=4010 loops=1)
                                       Index Cond: (s_nationkey = nation.n_nationkey)
                     ->  Index Scan using idx_partsupp_suppkey on partsupp  (cost=0.43..9.08 rows=80 width=18) (actual time=0.004..0.071 rows=80 loops=4010)
                           Index Cond: (ps_suppkey = supplier.s_suppkey)
 Settings: effective_io_concurrency = '64', jit = 'off', maintenance_io_concurrency = '64', max_parallel_workers_per_gather = '0', work_mem = '256MB'
 Planning Time: 1.534 ms
 Execution Time: 1052.151 ms
(38 rows)

===== 12.sql jit= =====
                                                                                                                    QUERY PLAN                                                                                                                     
---------------------------------------------------------------------------------------------------------------------------------------------------------------------------------------------------------------------------------------------------
 Limit  (cost=3030289.49..3031114.23 rows=1 width=27) (actual time=16425.690..16425.694 rows=1 loops=1)
   ->  GroupAggregate  (cost=3030289.49..3036062.64 rows=7 width=27) (actual time=16425.689..16425.692 rows=1 loops=1)
         Group Key: lineitem.l_shipmode
         ->  Sort  (cost=3030289.49..3031011.13 rows=288654 width=27) (actual time=16385.350..16391.562 rows=155572 loops=1)
               Sort Key: lineitem.l_shipmode
               Sort Method: quicksort  Memory: 36606kB
               ->  Hash Join  (cost=2477811.50..3004110.04 rows=288654 width=27) (actual time=12628.736..16322.596 rows=311258 loops=1)
                     Hash Cond: (orders.o_orderkey = lineitem.l_orderkey)
                     ->  Seq Scan on orders  (cost=0.00..410912.00 rows=15000000 width=20) (actual time=0.014..884.679 rows=15000000 loops=1)
                     ->  Hash  (cost=2474203.33..2474203.33 rows=288654 width=15) (actual time=12626.638..12626.639 rows=311258 loops=1)
                           Buckets: 524288  Batches: 1  Memory Usage: 18687kB
                           ->  Seq Scan on lineitem  (cost=0.00..2474203.33 rows=288654 width=15) (actual time=0.166..12549.464 rows=311258 loops=1)
                                 Filter: ((l_shipmode = ANY ('{SHIP,"REG AIR"}'::bpchar[])) AND (l_commitdate < l_receiptdate) AND (l_shipdate < l_commitdate) AND (l_receiptdate >= '1994-01-01'::date) AND (l_receiptdate < '1995-01-01'::date))
                                 Rows Removed by Filter: 59674794
 Settings: effective_io_concurrency = '64', jit = 'off', maintenance_io_concurrency = '64', max_parallel_workers_per_gather = '0', work_mem = '256MB'
 Planning Time: 1.303 ms
 Execution Time: 16427.971 ms
(17 rows)

===== 13.sql jit= =====
                                                                                    QUERY PLAN                                                                                     
-----------------------------------------------------------------------------------------------------------------------------------------------------------------------------------
 Limit  (cost=656401.76..656401.76 rows=1 width=16) (actual time=15991.696..15991.700 rows=1 loops=1)
   ->  Sort  (cost=656401.76..656402.26 rows=200 width=16) (actual time=15991.694..15991.697 rows=1 loops=1)
         Sort Key: (count(*)) DESC, (count(orders.o_orderkey)) DESC
         Sort Method: top-N heapsort  Memory: 25kB
         ->  HashAggregate  (cost=656398.76..656400.76 rows=200 width=16) (actual time=15991.658..15991.666 rows=46 loops=1)
               Group Key: count(orders.o_orderkey)
               Batches: 1  Memory Usage: 40kB
               ->  HashAggregate  (cost=618898.76..633898.76 rows=1500000 width=12) (actual time=15535.016..15821.763 rows=1500000 loops=1)
                     Group Key: customer.c_custkey
                     Batches: 1  Memory Usage: 172049kB
                     ->  Hash Right Join  (cost=57714.43..544949.76 rows=14789799 width=8) (actual time=388.418..10833.787 rows=15337604 loops=1)
                           Hash Cond: (orders.o_custkey = customer.c_custkey)
                           ->  Seq Scan on orders  (cost=0.00..448412.00 rows=14789799 width=8) (actual time=0.022..5324.430 rows=14837583 loops=1)
                                 Filter: ((o_comment)::text !~~ '%special%requests%'::text)
                                 Rows Removed by Filter: 162417
                           ->  Hash  (cost=38964.43..38964.43 rows=1500000 width=4) (actual time=380.070..380.071 rows=1500000 loops=1)
                                 Buckets: 2097152  Batches: 1  Memory Usage: 69119kB
                                 ->  Index Only Scan using customer_pkey on customer  (cost=0.43..38964.43 rows=1500000 width=4) (actual time=0.031..150.954 rows=1500000 loops=1)
                                       Heap Fetches: 0
 Settings: effective_io_concurrency = '64', jit = 'off', maintenance_io_concurrency = '64', max_parallel_workers_per_gather = '0', work_mem = '256MB'
 Planning Time: 1.313 ms
 Execution Time: 16026.859 ms
(22 rows)

===== 14.sql jit= =====
                                                                            QUERY PLAN                                                                            
------------------------------------------------------------------------------------------------------------------------------------------------------------------
 Limit  (cost=1204124.90..1204124.91 rows=1 width=32) (actual time=2380.351..2380.354 rows=1 loops=1)
   ->  Aggregate  (cost=1204124.90..1204124.91 rows=1 width=32) (actual time=2380.350..2380.352 rows=1 loops=1)
         ->  Hash Join  (cost=106042.85..1190438.54 rows=782077 width=33) (actual time=1046.299..2056.946 rows=772942 loops=1)
               Hash Cond: (lineitem.l_partkey = part.p_partkey)
               ->  Bitmap Heap Scan on lineitem  (cost=20080.85..1102423.59 rows=782077 width=16) (actual time=270.652..910.294 rows=772942 loops=1)
                     Recheck Cond: ((l_shipdate >= '1994-05-01'::date) AND (l_shipdate < '1994-06-01'::date))
                     Heap Blocks: exact=416660
                     ->  Bitmap Index Scan on idx_lineitem_shipdate  (cost=0.00..19885.33 rows=782077 width=0) (actual time=162.297..162.297 rows=772942 loops=1)
                           Index Cond: ((l_shipdate >= '1994-05-01'::date) AND (l_shipdate < '1994-06-01'::date))
               ->  Hash  (cost=60962.00..60962.00 rows=2000000 width=25) (actual time=767.962..767.963 rows=2000000 loops=1)
                     Buckets: 2097152  Batches: 1  Memory Usage: 131903kB
                     ->  Seq Scan on part  (cost=0.00..60962.00 rows=2000000 width=25) (actual time=0.016..362.273 rows=2000000 loops=1)
 Settings: effective_io_concurrency = '64', jit = 'off', maintenance_io_concurrency = '64', max_parallel_workers_per_gather = '0', work_mem = '256MB'
 Planning Time: 1.164 ms
 Execution Time: 2383.664 ms
(15 rows)

===== 15.sql jit= =====
                                                                       QUERY PLAN                                                                       
--------------------------------------------------------------------------------------------------------------------------------------------------------
 HashAggregate  (cost=1238820.39..1240070.28 rows=99991 width=36) (actual time=3397.435..3447.456 rows=100000 loops=1)
   Group Key: l_suppkey
   Batches: 1  Memory Usage: 47121kB
   ->  Bitmap Heap Scan on lineitem  (cost=57899.79..1216268.95 rows=2255144 width=16) (actual time=508.633..1733.366 rows=2265714 loops=1)
         Recheck Cond: ((l_shipdate >= '1996-01-01'::date) AND (l_shipdate < '1996-04-01'::date))
         Heap Blocks: exact=668609
         ->  Bitmap Index Scan on idx_lineitem_shipdate  (cost=0.00..57336.01 rows=2255144 width=0) (actual time=334.834..334.835 rows=2265714 loops=1)
               Index Cond: ((l_shipdate >= '1996-01-01'::date) AND (l_shipdate < '1996-04-01'::date))
 Settings: effective_io_concurrency = '64', jit = 'off', maintenance_io_concurrency = '64', max_parallel_workers_per_gather = '0', work_mem = '256MB'
 Planning Time: 0.739 ms
 Execution Time: 3454.730 ms
(11 rows)

CREATE VIEW
                                                                                   QUERY PLAN                                                                                   
--------------------------------------------------------------------------------------------------------------------------------------------------------------------------------
 Limit  (cost=2481668.14..2481678.31 rows=1 width=103) (actual time=6015.172..6015.176 rows=1 loops=1)
   InitPlan 1 (returns $0)
     ->  Aggregate  (cost=1241320.17..1241320.18 rows=1 width=32) (actual time=2927.464..2927.465 rows=1 loops=1)
           ->  HashAggregate  (cost=1238820.39..1240070.28 rows=99991 width=36) (actual time=2877.341..2921.269 rows=100000 loops=1)
                 Group Key: lineitem_1.l_suppkey
                 Batches: 1  Memory Usage: 47121kB
                 ->  Bitmap Heap Scan on lineitem lineitem_1  (cost=57899.79..1216268.95 rows=2255144 width=16) (actual time=438.876..1372.842 rows=2265714 loops=1)
                       Recheck Cond: ((l_shipdate >= '1996-01-01'::date) AND (l_shipdate < '1996-04-01'::date))
                       Heap Blocks: exact=668609
                       ->  Bitmap Index Scan on idx_lineitem_shipdate  (cost=0.00..57336.01 rows=2255144 width=0) (actual time=271.836..271.837 rows=2265714 loops=1)
                             Index Cond: ((l_shipdate >= '1996-01-01'::date) AND (l_shipdate < '1996-04-01'::date))
   ->  Merge Join  (cost=1240347.96..1245431.62 rows=500 width=103) (actual time=6015.171..6015.173 rows=1 loops=1)
         Merge Cond: (supplier.s_suppkey = revenue0.supplier_no)
         ->  Index Scan using supplier_pkey on supplier  (cost=0.29..4826.45 rows=100000 width=71) (actual time=0.014..12.737 rows=69998 loops=1)
         ->  Sort  (cost=1240347.67..1240348.92 rows=500 width=36) (actual time=5997.402..5997.403 rows=1 loops=1)
               Sort Key: revenue0.supplier_no
               Sort Method: quicksort  Memory: 25kB
               ->  Subquery Scan on revenue0  (cost=1238820.39..1240325.26 rows=500 width=36) (actual time=5965.411..5997.398 rows=1 loops=1)
                     ->  HashAggregate  (cost=1238820.39..1240320.26 rows=500 width=36) (actual time=5965.410..5997.395 rows=1 loops=1)
                           Group Key: lineitem.l_suppkey
                           Filter: (sum((lineitem.l_extendedprice * ('1'::numeric - lineitem.l_discount))) = $0)
                           Batches: 1  Memory Usage: 47121kB
                           Rows Removed by Filter: 99999
                           ->  Bitmap Heap Scan on lineitem  (cost=57899.79..1216268.95 rows=2255144 width=16) (actual time=473.334..1434.322 rows=2265714 loops=1)
                                 Recheck Cond: ((l_shipdate >= '1996-01-01'::date) AND (l_shipdate < '1996-04-01'::date))
                                 Heap Blocks: exact=668609
                                 ->  Bitmap Index Scan on idx_lineitem_shipdate  (cost=0.00..57336.01 rows=2255144 width=0) (actual time=301.568..301.568 rows=2265714 loops=1)
                                       Index Cond: ((l_shipdate >= '1996-01-01'::date) AND (l_shipdate < '1996-04-01'::date))
 Settings: effective_io_concurrency = '64', jit = 'off', maintenance_io_concurrency = '64', max_parallel_workers_per_gather = '0', work_mem = '256MB'
 Planning Time: 0.494 ms
 Execution Time: 6023.783 ms
(31 rows)

DROP VIEW
===== 16.sql jit= =====
                                                                                         QUERY PLAN                                                                                         
--------------------------------------------------------------------------------------------------------------------------------------------------------------------------------------------
 Limit  (cost=402714.78..402714.79 rows=1 width=44) (actual time=6037.652..6037.656 rows=1 loops=1)
   ->  Sort  (cost=402714.78..403098.36 rows=153429 width=44) (actual time=6037.651..6037.654 rows=1 loops=1)
         Sort Key: (count(DISTINCT partsupp.ps_suppkey)) DESC, part.p_brand, part.p_type, part.p_size
         Sort Method: top-N heapsort  Memory: 25kB
         ->  GroupAggregate  (cost=393025.85..401947.64 rows=153429 width=44) (actual time=5628.659..6033.468 rows=27838 loops=1)
               Group Key: part.p_brand, part.p_type, part.p_size
               ->  Sort  (cost=393025.85..394503.35 rows=591000 width=40) (actual time=5628.617..5721.785 rows=1186319 loops=1)
                     Sort Key: part.p_brand, part.p_type, part.p_size
                     Sort Method: quicksort  Memory: 141834kB
                     ->  Hash Join  (cost=98122.21..336370.23 rows=591000 width=40) (actual time=593.252..2826.295 rows=1186319 loops=1)
                           Hash Cond: (partsupp.ps_partkey = part.p_partkey)
                           ->  Index Only Scan using partsupp_pkey on partsupp  (cost=3466.46..231214.46 rows=4000000 width=8) (actual time=28.061..1456.458 rows=7995520 loops=1)
                                 Filter: (NOT (hashed SubPlan 1))
                                 Rows Removed by Filter: 4480
                                 Heap Fetches: 0
                                 SubPlan 1
                                   ->  Seq Scan on supplier  (cost=0.00..3466.00 rows=10 width=4) (actual time=0.141..28.007 rows=56 loops=1)
                                         Filter: ((s_comment)::text ~~ '%Customer%Complaints%'::text)
                                         Rows Removed by Filter: 99944
                           ->  Hash  (cost=90962.00..90962.00 rows=295500 width=40) (actual time=563.068..563.069 rows=296733 loops=1)
                                 Buckets: 524288  Batches: 1  Memory Usage: 25593kB
                                 ->  Seq Scan on part  (cost=0.00..90962.00 rows=295500 width=40) (actual time=0.015..493.704 rows=296733 loops=1)
                                       Filter: ((p_brand <> 'Brand#12'::bpchar) AND ((p_type)::text !~~ 'SMALL BRUSHED%'::text) AND (p_size = ANY ('{12,32,36,26,40,34,49,9}'::integer[])))
                                       Rows Removed by Filter: 1703267
 Settings: effective_io_concurrency = '64', jit = 'off', maintenance_io_concurrency = '64', max_parallel_workers_per_gather = '0', work_mem = '256MB'
 Planning Time: 1.518 ms
 Execution Time: 6044.702 ms
(27 rows)

===== 17-flattened.sql jit= =====
                                                                      QUERY PLAN                                                                      
------------------------------------------------------------------------------------------------------------------------------------------------------
 HashAggregate  (cost=5567177.21..6181583.97 rows=1907750 width=36) (actual time=34280.224..55411.140 rows=2000000 loops=1)
   Group Key: l_partkey
   Planned Partitions: 4  Batches: 5  Memory Usage: 262193kB  Disk Usage: 1517688kB
   ->  Seq Scan on lineitem  (cost=0.00..1724391.48 rows=59984948 width=9) (actual time=0.027..4828.644 rows=59986052 loops=1)
 Settings: effective_io_concurrency = '64', jit = 'off', maintenance_io_concurrency = '64', max_parallel_workers_per_gather = '0', work_mem = '256MB'
 Planning Time: 0.595 ms
 Execution Time: 55615.575 ms
(7 rows)

SELECT 2000000
CREATE INDEX
ANALYZE
                                                                                 QUERY PLAN                                                                                 
----------------------------------------------------------------------------------------------------------------------------------------------------------------------------
 Limit  (cost=237553.68..237553.69 rows=1 width=32) (actual time=355.251..355.253 rows=1 loops=1)
   ->  Aggregate  (cost=237553.68..237553.69 rows=1 width=32) (actual time=355.250..355.251 rows=1 loops=1)
         ->  Nested Loop  (cost=0.87..237503.76 rows=19965 width=8) (actual time=0.131..354.547 rows=5319 loops=1)
               Join Filter: (part.p_partkey = lineitem.l_partkey)
               ->  Nested Loop  (cost=0.43..86022.63 rows=1997 width=20) (actual time=0.117..295.620 rows=1996 loops=1)
                     ->  Seq Scan on part  (cost=0.00..70962.00 rows=1997 width=4) (actual time=0.103..280.461 rows=1996 loops=1)
                           Filter: ((p_brand = 'Brand#22'::bpchar) AND (p_container = 'LG BOX'::bpchar))
                           Rows Removed by Filter: 1998004
                     ->  Index Scan using idx_tmp_avg_quantity on tmp_avg_quantity part_agg  (cost=0.43..7.53 rows=1 width=16) (actual time=0.007..0.007 rows=1 loops=1996)
                           Index Cond: (agg_partkey = part.p_partkey)
               ->  Index Scan using idx_lineitem_part_supp on lineitem  (cost=0.44..75.73 rows=10 width=17) (actual time=0.011..0.029 rows=3 loops=1996)
                     Index Cond: (l_partkey = part_agg.agg_partkey)
                     Filter: (l_quantity < part_agg.avg_quantity)
                     Rows Removed by Filter: 27
 Settings: effective_io_concurrency = '64', jit = 'off', maintenance_io_concurrency = '64', max_parallel_workers_per_gather = '0', work_mem = '256MB'
 Planning Time: 0.777 ms
 Execution Time: 355.288 ms
(17 rows)

DROP TABLE
===== 17.sql jit= =====
                                                                            QUERY PLAN                                                                            
------------------------------------------------------------------------------------------------------------------------------------------------------------------
 Limit  (cost=6420229.23..6420229.24 rows=1 width=32) (actual time=55600.321..55600.324 rows=1 loops=1)
   ->  Aggregate  (cost=6420229.23..6420229.24 rows=1 width=32) (actual time=55600.320..55600.322 rows=1 loops=1)
         ->  Nested Loop  (cost=5638164.61..6420181.61 rows=19044 width=8) (actual time=34172.627..55599.534 rows=5319 loops=1)
               Join Filter: (part.p_partkey = lineitem.l_partkey)
               ->  Hash Join  (cost=5638164.17..6276656.29 rows=1905 width=40) (actual time=34170.672..55533.178 rows=1996 loops=1)
                     Hash Cond: (lineitem_1.l_partkey = part.p_partkey)
                     ->  HashAggregate  (cost=5567177.21..6181583.97 rows=1907750 width=36) (actual time=33850.979..55043.694 rows=2000000 loops=1)
                           Group Key: lineitem_1.l_partkey
                           Planned Partitions: 4  Batches: 5  Memory Usage: 262193kB  Disk Usage: 1517688kB
                           ->  Seq Scan on lineitem lineitem_1  (cost=0.00..1724391.48 rows=59984948 width=9) (actual time=0.016..4822.099 rows=59986052 loops=1)
                     ->  Hash  (cost=70962.00..70962.00 rows=1997 width=4) (actual time=319.610..319.611 rows=1996 loops=1)
                           Buckets: 2048  Batches: 1  Memory Usage: 87kB
                           ->  Seq Scan on part  (cost=0.00..70962.00 rows=1997 width=4) (actual time=0.238..319.082 rows=1996 loops=1)
                                 Filter: ((p_brand = 'Brand#22'::bpchar) AND (p_container = 'LG BOX'::bpchar))
                                 Rows Removed by Filter: 1998004
               ->  Index Scan using idx_lineitem_part_supp on lineitem  (cost=0.44..75.22 rows=10 width=17) (actual time=0.014..0.032 rows=3 loops=1996)
                     Index Cond: (l_partkey = lineitem_1.l_partkey)
                     Filter: (l_quantity < ((0.2 * avg(lineitem_1.l_quantity))))
                     Rows Removed by Filter: 27
 Settings: effective_io_concurrency = '64', jit = 'off', maintenance_io_concurrency = '64', max_parallel_workers_per_gather = '0', work_mem = '256MB'
 Planning Time: 1.477 ms
 Execution Time: 55744.032 ms
(22 rows)

===== 18.sql jit= =====
                                                                                                 QUERY PLAN                                                                                                  
-------------------------------------------------------------------------------------------------------------------------------------------------------------------------------------------------------------
 Limit  (cost=9938988.88..9938989.13 rows=100 width=71) (actual time=43246.155..43246.167 rows=99 loops=1)
   ->  Sort  (cost=9938988.88..9988963.80 rows=19989968 width=71) (actual time=43246.153..43246.160 rows=99 loops=1)
         Sort Key: orders.o_totalprice DESC, orders.o_orderdate
         Sort Method: quicksort  Memory: 32kB
         ->  HashAggregate  (cost=8573725.92..9174986.68 rows=19989968 width=71) (actual time=43243.605..43246.033 rows=99 loops=1)
               Group Key: customer.c_custkey, orders.o_orderkey
               Planned Partitions: 32  Batches: 1  Memory Usage: 24657kB
               ->  Hash Join  (cost=69592.04..6618457.18 rows=19989968 width=44) (actual time=1625.524..43242.988 rows=693 loops=1)
                     Hash Cond: (orders.o_custkey = customer.c_custkey)
                     ->  Merge Join  (cost=15.04..6496406.37 rows=19989968 width=25) (actual time=983.071..42600.233 rows=693 loops=1)
                           Merge Cond: (orders.o_orderkey = lineitem.l_orderkey)
                           ->  Merge Join  (cost=1.00..3729695.30 rows=4998746 width=24) (actual time=689.184..30042.789 rows=99 loops=1)
                                 Merge Cond: (orders.o_orderkey = lineitem_1.l_orderkey)
                                 ->  Index Scan using orders_pkey on orders  (cost=0.43..650439.44 rows=15000000 width=20) (actual time=0.038..3063.807 rows=14982724 loops=1)
                                 ->  GroupAggregate  (cost=0.56..2929284.08 rows=4998746 width=4) (actual time=598.508..26111.925 rows=99 loops=1)
                                       Group Key: lineitem_1.l_orderkey
                                       Filter: (sum(lineitem_1.l_quantity) > '313'::numeric)
                                       Rows Removed by Filter: 14999901
                                       ->  Index Scan using idx_lineitem_orderkey on lineitem lineitem_1  (cost=0.56..2404415.78 rows=59984948 width=9) (actual time=0.058..12742.086 rows=59986052 loops=1)
                           ->  Index Scan using idx_lineitem_orderkey on lineitem  (cost=0.56..2404415.78 rows=59984948 width=9) (actual time=0.027..9071.777 rows=59916431 loops=1)
                     ->  Hash  (cost=50827.00..50827.00 rows=1500000 width=23) (actual time=634.736..634.737 rows=1500000 loops=1)
                           Buckets: 2097152  Batches: 1  Memory Usage: 98416kB
                           ->  Seq Scan on customer  (cost=0.00..50827.00 rows=1500000 width=23) (actual time=0.022..324.946 rows=1500000 loops=1)
 Settings: effective_io_concurrency = '64', jit = 'off', maintenance_io_concurrency = '64', max_parallel_workers_per_gather = '0', work_mem = '256MB'
 Planning Time: 2.321 ms
 Execution Time: 43261.546 ms
(26 rows)

===== 19.sql jit= =====
                                                                                                                                                                                                                                                                                                                                                                                                                                                                                                            QUERY PLAN                                                                                                                                                                                                                                                                                                                                                                                                                                                                                                            
----------------------------------------------------------------------------------------------------------------------------------------------------------------------------------------------------------------------------------------------------------------------------------------------------------------------------------------------------------------------------------------------------------------------------------------------------------------------------------------------------------------------------------------------------------------------------------------------------------------------------------------------------------------------------------------------------------------------------------------------------------------------------------------------------------------------------------------------------------------------------------------------------------------------------------------------------------------------------------------------------------------------------------
 Limit  (cost=723060.64..723060.65 rows=1 width=32) (actual time=976.213..976.214 rows=1 loops=1)
   ->  Aggregate  (cost=723060.64..723060.65 rows=1 width=32) (actual time=976.212..976.213 rows=1 loops=1)
         ->  Nested Loop  (cost=0.44..723052.16 rows=1130 width=12) (actual time=4.358..975.624 rows=1063 loops=1)
               ->  Seq Scan on part  (cost=0.00..125962.00 rows=4850 width=30) (actual time=0.303..568.836 rows=4781 loops=1)
                     Filter: ((p_size >= 1) AND (((p_brand = 'Brand#24'::bpchar) AND (p_container = ANY ('{"SM CASE","SM BOX","SM PACK","SM PKG"}'::bpchar[])) AND (p_size <= 5)) OR ((p_brand = 'Brand#43'::bpchar) AND (p_container = ANY ('{"MED BAG","MED BOX","MED PKG","MED PACK"}'::bpchar[])) AND (p_size <= 10)) OR ((p_brand = 'Brand#44'::bpchar) AND (p_container = ANY ('{"LG CASE","LG BOX","LG PACK","LG PKG"}'::bpchar[])) AND (p_size <= 15))))
                     Rows Removed by Filter: 1995219
               ->  Index Scan using idx_lineitem_part_supp on lineitem  (cost=0.44..123.10 rows=1 width=21) (actual time=0.076..0.085 rows=0 loops=4781)
                     Index Cond: (l_partkey = part.p_partkey)
                     Filter: ((l_shipmode = ANY ('{AIR,"AIR REG"}'::bpchar[])) AND (l_shipinstruct = 'DELIVER IN PERSON'::bpchar) AND (((l_quantity >= '10'::numeric) AND (l_quantity <= '20'::numeric)) OR ((l_quantity >= '10'::numeric) AND (l_quantity <= '20'::numeric)) OR ((l_quantity >= '20'::numeric) AND (l_quantity <= '30'::numeric))) AND (((part.p_brand = 'Brand#24'::bpchar) AND (part.p_container = ANY ('{"SM CASE","SM BOX","SM PACK","SM PKG"}'::bpchar[])) AND (l_quantity >= '10'::numeric) AND (l_quantity <= '20'::numeric) AND (part.p_size <= 5)) OR ((part.p_brand = 'Brand#43'::bpchar) AND (part.p_container = ANY ('{"MED BAG","MED BOX","MED PKG","MED PACK"}'::bpchar[])) AND (l_quantity >= '10'::numeric) AND (l_quantity <= '20'::numeric) AND (part.p_size <= 10)) OR ((part.p_brand = 'Brand#44'::bpchar) AND (part.p_container = ANY ('{"LG CASE","LG BOX","LG PACK","LG PKG"}'::bpchar[])) AND (l_quantity >= '20'::numeric) AND (l_quantity <= '30'::numeric) AND (part.p_size <= 15))))
                     Rows Removed by Filter: 30
 Settings: effective_io_concurrency = '64', jit = 'off', maintenance_io_concurrency = '64', max_parallel_workers_per_gather = '0', work_mem = '256MB'
 Planning Time: 1.576 ms
 Execution Time: 976.308 ms
(13 rows)

===== 1.sql jit= =====
                                                                      QUERY PLAN                                                                      
------------------------------------------------------------------------------------------------------------------------------------------------------
 Limit  (cost=3948980.62..3948980.62 rows=1 width=236) (actual time=72684.911..72684.913 rows=1 loops=1)
   ->  Sort  (cost=3948980.62..3948980.64 rows=6 width=236) (actual time=72684.910..72684.910 rows=1 loops=1)
         Sort Key: l_returnflag, l_linestatus
         Sort Method: top-N heapsort  Memory: 25kB
         ->  HashAggregate  (cost=3948980.43..3948980.59 rows=6 width=236) (actual time=72684.868..72684.877 rows=4 loops=1)
               Group Key: l_returnflag, l_linestatus
               Batches: 1  Memory Usage: 32kB
               ->  Seq Scan on lineitem  (cost=0.00..1874353.85 rows=59275045 width=25) (actual time=0.058..10669.803 rows=59284448 loops=1)
                     Filter: (l_shipdate <= '1998-09-10 00:00:00'::timestamp without time zone)
                     Rows Removed by Filter: 701604
 Settings: effective_io_concurrency = '64', jit = 'off', maintenance_io_concurrency = '64', max_parallel_workers_per_gather = '0', work_mem = '256MB'
 Planning Time: 0.862 ms
 Execution Time: 72684.985 ms
(13 rows)

===== 20-flattened.sql jit= =====
                                                                        QUERY PLAN                                                                         
-----------------------------------------------------------------------------------------------------------------------------------------------------------
 HashAggregate  (cost=2103575.70..2265449.32 rows=4847756 width=40) (actual time=13021.829..20170.222 rows=5448842 loops=1)
   Group Key: l_partkey, l_suppkey
   Planned Partitions: 8  Batches: 41  Memory Usage: 262225kB  Disk Usage: 318560kB
   ->  Bitmap Heap Scan on lineitem  (cost=234392.05..1495879.64 rows=9129706 width=13) (actual time=1596.504..8470.527 rows=9123688 loops=1)
         Recheck Cond: ((l_shipdate >= '1996-01-01'::date) AND (l_shipdate < '1997-01-01'::date))
         Heap Blocks: exact=1048319
         ->  Bitmap Index Scan on idx_lineitem_shipdate  (cost=0.00..232109.62 rows=9129706 width=0) (actual time=1286.647..1286.648 rows=9123688 loops=1)
               Index Cond: ((l_shipdate >= '1996-01-01'::date) AND (l_shipdate < '1997-01-01'::date))
 Settings: effective_io_concurrency = '64', jit = 'off', maintenance_io_concurrency = '64', max_parallel_workers_per_gather = '0', work_mem = '256MB'
 Planning Time: 1.004 ms
 Execution Time: 20370.173 ms
(11 rows)

SELECT 5448842
CREATE INDEX
ANALYZE
                                                                                   QUERY PLAN                                                                                   
--------------------------------------------------------------------------------------------------------------------------------------------------------------------------------
 Limit  (cost=87975.84..87975.85 rows=1 width=51) (actual time=1299.496..1299.499 rows=1 loops=1)
   ->  Sort  (cost=87975.84..87975.85 rows=1 width=51) (actual time=1299.495..1299.497 rows=1 loops=1)
         Sort Key: supplier.s_name
         Sort Method: top-N heapsort  Memory: 25kB
         ->  Nested Loop Semi Join  (cost=48.59..87975.83 rows=1 width=51) (actual time=0.825..1297.751 rows=1821 loops=1)
               ->  Nested Loop  (cost=47.29..2404.57 rows=4000 width=55) (actual time=0.583..11.650 rows=4095 loops=1)
                     ->  Seq Scan on nation  (cost=0.00..1.31 rows=1 width=4) (actual time=0.018..0.022 rows=1 loops=1)
                           Filter: (n_name = 'IRAQ'::bpchar)
                           Rows Removed by Filter: 24
                     ->  Bitmap Heap Scan on supplier  (cost=47.29..2363.25 rows=4000 width=59) (actual time=0.559..10.619 rows=4095 loops=1)
                           Recheck Cond: (s_nationkey = nation.n_nationkey)
                           Heap Blocks: exact=1867
                           ->  Bitmap Index Scan on idx_supplier_nation_key  (cost=0.00..46.29 rows=4000 width=0) (actual time=0.316..0.316 rows=4095 loops=1)
                                 Index Cond: (s_nationkey = nation.n_nationkey)
               ->  Nested Loop  (cost=1.30..21.38 rows=1 width=8) (actual time=0.314..0.314 rows=0 loops=4095)
                     Join Filter: (supplier.s_suppkey = agg_lineitem.agg_suppkey)
                     ->  Nested Loop  (cost=0.87..20.89 rows=1 width=16) (actual time=0.269..0.307 rows=1 loops=4095)
                           ->  Index Scan using idx_partsupp_suppkey on partsupp  (cost=0.43..9.08 rows=80 width=12) (actual time=0.006..0.126 rows=61 loops=4095)
                                 Index Cond: (ps_suppkey = supplier.s_suppkey)
                           ->  Memoize  (cost=0.44..0.48 rows=1 width=4) (actual time=0.003..0.003 rows=0 loops=248000)
                                 Cache Key: partsupp.ps_partkey
                                 Hits: 11702  Misses: 236298  Evictions: 0  Overflows: 0  Memory Usage: 15783kB
                                 ->  Index Scan using part_pkey on part  (cost=0.43..0.47 rows=1 width=4) (actual time=0.002..0.002 rows=0 loops=236298)
                                       Index Cond: (p_partkey = partsupp.ps_partkey)
                                       Filter: ((p_name)::text ~~ 'olive%'::text)
                                       Rows Removed by Filter: 1
                     ->  Index Scan using idx_tmp_agg_lineitem on tmp_agg_lineitem agg_lineitem  (cost=0.43..0.48 rows=1 width=13) (actual time=0.009..0.009 rows=1 loops=2732)
                           Index Cond: ((agg_partkey = partsupp.ps_partkey) AND (agg_suppkey = partsupp.ps_suppkey))
                           Filter: ((partsupp.ps_availqty)::numeric > agg_quantity)
                           Rows Removed by Filter: 0
 Settings: effective_io_concurrency = '64', jit = 'off', maintenance_io_concurrency = '64', max_parallel_workers_per_gather = '0', work_mem = '256MB'
 Planning Time: 1.783 ms
 Execution Time: 1315.545 ms
(33 rows)

DROP TABLE
===== 20.sql jit= =====
                                                                                          QUERY PLAN                                                                                           
-----------------------------------------------------------------------------------------------------------------------------------------------------------------------------------------------
 Limit  (cost=2431018.45..2431018.46 rows=1 width=51) (actual time=37957.571..37957.576 rows=1 loops=1)
   ->  Sort  (cost=2431018.45..2431018.46 rows=1 width=51) (actual time=37957.570..37957.574 rows=1 loops=1)
         Sort Key: supplier.s_name
         Sort Method: top-N heapsort  Memory: 25kB
         ->  Nested Loop Semi Join  (cost=2169813.40..2431018.44 rows=1 width=51) (actual time=15239.554..37956.002 rows=1821 loops=1)
               Join Filter: (supplier.s_suppkey = lineitem.l_suppkey)
               Rows Removed by Join Filter: 182645835
               ->  Nested Loop  (cost=0.00..4467.31 rows=4000 width=55) (actual time=0.033..21.959 rows=4095 loops=1)
                     Join Filter: (supplier.s_nationkey = nation.n_nationkey)
                     Rows Removed by Join Filter: 95905
                     ->  Seq Scan on nation  (cost=0.00..1.31 rows=1 width=4) (actual time=0.021..0.024 rows=1 loops=1)
                           Filter: (n_name = 'IRAQ'::bpchar)
                           Rows Removed by Filter: 24
                     ->  Seq Scan on supplier  (cost=0.00..3216.00 rows=100000 width=59) (actual time=0.008..14.229 rows=100000 loops=1)
               ->  Materialize  (cost=2169813.40..2426491.13 rows=1 width=8) (actual time=3.212..6.735 rows=44603 loops=4095)
                     ->  Nested Loop  (cost=2169813.40..2426491.13 rows=1 width=8) (actual time=13153.799..21196.149 rows=59002 loops=1)
                           ->  Hash Join  (cost=2169812.97..2392889.54 rows=53379 width=44) (actual time=13153.769..20912.626 rows=59125 loops=1)
                                 Hash Cond: (lineitem.l_partkey = part.p_partkey)
                                 ->  HashAggregate  (cost=2103575.70..2265449.32 rows=4847756 width=40) (actual time=12856.994..20060.783 rows=5448842 loops=1)
                                       Group Key: lineitem.l_partkey, lineitem.l_suppkey
                                       Planned Partitions: 8  Batches: 41  Memory Usage: 262225kB  Disk Usage: 318560kB
                                       ->  Bitmap Heap Scan on lineitem  (cost=234392.05..1495879.64 rows=9129706 width=13) (actual time=1472.005..8286.169 rows=9123688 loops=1)
                                             Recheck Cond: ((l_shipdate >= '1996-01-01'::date) AND (l_shipdate < '1997-01-01'::date))
                                             Heap Blocks: exact=1048319
                                             ->  Bitmap Index Scan on idx_lineitem_shipdate  (cost=0.00..232109.62 rows=9129706 width=0) (actual time=1172.817..1172.817 rows=9123688 loops=1)
                                                   Index Cond: ((l_shipdate >= '1996-01-01'::date) AND (l_shipdate < '1997-01-01'::date))
                                 ->  Hash  (cost=65962.00..65962.00 rows=22022 width=4) (actual time=296.619..296.619 rows=21718 loops=1)
                                       Buckets: 32768  Batches: 1  Memory Usage: 1020kB
                                       ->  Seq Scan on part  (cost=0.00..65962.00 rows=22022 width=4) (actual time=0.053..291.891 rows=21718 loops=1)
                                             Filter: ((p_name)::text ~~ 'olive%'::text)
                                             Rows Removed by Filter: 1978282
                           ->  Index Scan using partsupp_pkey on partsupp  (cost=0.43..0.62 rows=1 width=12) (actual time=0.004..0.004 rows=1 loops=59125)
                                 Index Cond: ((ps_partkey = lineitem.l_partkey) AND (ps_suppkey = lineitem.l_suppkey))
                                 Filter: ((ps_availqty)::numeric > ((0.5 * sum(lineitem.l_quantity))))
                                 Rows Removed by Filter: 0
 Settings: effective_io_concurrency = '64', jit = 'off', maintenance_io_concurrency = '64', max_parallel_workers_per_gather = '0', work_mem = '256MB'
 Planning Time: 2.614 ms
 Execution Time: 38003.969 ms
(38 rows)

===== 21.sql jit= =====
                                                                                            QUERY PLAN                                                                                             
---------------------------------------------------------------------------------------------------------------------------------------------------------------------------------------------------
 Limit  (cost=4271798.85..4271798.85 rows=1 width=34) (actual time=34068.950..34068.964 rows=100 loops=1)
   ->  Sort  (cost=4271798.85..4271798.85 rows=1 width=34) (actual time=34068.949..34068.958 rows=100 loops=1)
         Sort Key: (count(*)) DESC, supplier.s_name
         Sort Method: top-N heapsort  Memory: 38kB
         ->  GroupAggregate  (cost=4271798.82..4271798.84 rows=1 width=34) (actual time=34060.252..34067.782 rows=3991 loops=1)
               Group Key: supplier.s_name
               ->  Sort  (cost=4271798.82..4271798.82 rows=1 width=26) (actual time=34060.239..34063.475 rows=39281 loops=1)
                     Sort Key: supplier.s_name
                     Sort Method: quicksort  Memory: 3378kB
                     ->  Nested Loop Semi Join  (cost=2204852.70..4271798.81 rows=1 width=26) (actual time=15774.048..33898.493 rows=39281 loops=1)
                           Join Filter: (l2.l_suppkey <> l1.l_suppkey)
                           Rows Removed by Join Filter: 42023
                           ->  Nested Loop  (cost=2204852.14..4271791.27 rows=1 width=38) (actual time=15774.032..33645.113 rows=65960 loops=1)
                                 ->  Hash Anti Join  (cost=2204851.70..4271783.96 rows=1 width=34) (actual time=15772.589..33192.641 rows=134155 loops=1)
                                       Hash Cond: (l1.l_orderkey = l3.l_orderkey)
                                       Join Filter: (l3.l_suppkey <> l1.l_suppkey)
                                       Rows Removed by Join Filter: 547662
                                       ->  Hash Join  (cost=2454.57..1959787.59 rows=799799 width=34) (actual time=7.155..13482.441 rows=1514267 loops=1)
                                             Hash Cond: (l1.l_suppkey = supplier.s_suppkey)
                                             ->  Seq Scan on lineitem l1  (cost=0.00..1874353.85 rows=19994983 width=8) (actual time=0.058..9945.618 rows=37929348 loops=1)
                                                   Filter: (l_receiptdate > l_commitdate)
                                                   Rows Removed by Filter: 22056704
                                             ->  Hash  (cost=2404.57..2404.57 rows=4000 width=30) (actual time=7.031..7.033 rows=3991 loops=1)
                                                   Buckets: 4096  Batches: 1  Memory Usage: 282kB
                                                   ->  Nested Loop  (cost=47.29..2404.57 rows=4000 width=30) (actual time=0.855..6.308 rows=3991 loops=1)
                                                         ->  Seq Scan on nation  (cost=0.00..1.31 rows=1 width=4) (actual time=0.013..0.016 rows=1 loops=1)
                                                               Filter: (n_name = 'PERU'::bpchar)
                                                               Rows Removed by Filter: 24
                                                         ->  Bitmap Heap Scan on supplier  (cost=47.29..2363.25 rows=4000 width=34) (actual time=0.839..5.870 rows=3991 loops=1)
                                                               Recheck Cond: (s_nationkey = nation.n_nationkey)
                                                               Heap Blocks: exact=1873
                                                               ->  Bitmap Index Scan on idx_supplier_nation_key  (cost=0.00..46.29 rows=4000 width=0) (actual time=0.586..0.586 rows=3991 loops=1)
                                                                     Index Cond: (s_nationkey = nation.n_nationkey)
                                       ->  Hash  (cost=1874353.85..1874353.85 rows=19994983 width=8) (actual time=15731.516..15731.517 rows=37929348 loops=1)
                                             Buckets: 8388608  Batches: 8  Memory Usage: 250561kB
                                             ->  Seq Scan on lineitem l3  (cost=0.00..1874353.85 rows=19994983 width=8) (actual time=0.012..10698.432 rows=37929348 loops=1)
                                                   Filter: (l_receiptdate > l_commitdate)
                                                   Rows Removed by Filter: 22056704
                                 ->  Index Scan using orders_pkey on orders  (cost=0.43..7.32 rows=1 width=4) (actual time=0.003..0.003 rows=0 loops=134155)
                                       Index Cond: (o_orderkey = l1.l_orderkey)
                                       Filter: (o_orderstatus = 'F'::bpchar)
                                       Rows Removed by Filter: 1
                           ->  Index Scan using idx_lineitem_orderkey on lineitem l2  (cost=0.56..7.52 rows=4 width=8) (actual time=0.003..0.003 rows=1 loops=65960)
                                 Index Cond: (l_orderkey = orders.o_orderkey)
 Settings: effective_io_concurrency = '64', jit = 'off', maintenance_io_concurrency = '64', max_parallel_workers_per_gather = '0', work_mem = '256MB'
 Planning Time: 3.035 ms
 Execution Time: 34073.701 ms
(47 rows)

===== 22.sql jit= =====
                                                                          QUERY PLAN                                                                          
--------------------------------------------------------------------------------------------------------------------------------------------------------------
 Limit  (cost=163217.67..163217.69 rows=1 width=72) (actual time=1673.891..1673.893 rows=1 loops=1)
   InitPlan 1 (returns $0)
     ->  Aggregate  (cost=75321.35..75321.35 rows=1 width=32) (actual time=804.498..804.499 rows=1 loops=1)
           ->  Seq Scan on customer customer_1  (cost=0.00..75202.00 rows=47737 width=6) (actual time=0.011..769.768 rows=382426 loops=1)
                 Filter: ((c_acctbal > 0.00) AND (SUBSTRING(c_phone FROM 1 FOR 2) = ANY ('{21,29,26,34,14,15,17}'::text[])))
                 Rows Removed by Filter: 1117574
   ->  GroupAggregate  (cost=87896.31..88099.59 rows=7392 width=72) (actual time=1673.890..1673.890 rows=1 loops=1)
         Group Key: (SUBSTRING(customer.c_phone FROM 1 FOR 2))
         ->  Sort  (cost=87896.31..87914.79 rows=7392 width=38) (actual time=1672.133..1672.504 rows=9006 loops=1)
               Sort Key: (SUBSTRING(customer.c_phone FROM 1 FOR 2))
               Sort Method: quicksort  Memory: 4513kB
               ->  Nested Loop Anti Join  (cost=0.43..87421.31 rows=7392 width=38) (actual time=804.549..1656.770 rows=63509 loops=1)
                     ->  Seq Scan on customer  (cost=0.00..75202.00 rows=17500 width=26) (actual time=804.531..1361.080 rows=191129 loops=1)
                           Filter: ((c_acctbal > $0) AND (SUBSTRING(c_phone FROM 1 FOR 2) = ANY ('{21,29,26,34,14,15,17}'::text[])))
                           Rows Removed by Filter: 1308871
                     ->  Index Only Scan using idx_orders_custkey on orders  (cost=0.43..3.28 rows=17 width=4) (actual time=0.001..0.001 rows=1 loops=191129)
                           Index Cond: (o_custkey = customer.c_custkey)
                           Heap Fetches: 0
 Settings: effective_io_concurrency = '64', jit = 'off', maintenance_io_concurrency = '64', max_parallel_workers_per_gather = '0', work_mem = '256MB'
 Planning Time: 1.349 ms
 Execution Time: 1674.180 ms
(21 rows)

===== 2-flattened.sql jit= =====
                                                                       QUERY PLAN                                                                        
---------------------------------------------------------------------------------------------------------------------------------------------------------
 HashAggregate  (cost=207697.27..223697.27 rows=1600000 width=36) (actual time=1947.738..2273.542 rows=1182884 loops=1)
   Group Key: partsupp.ps_partkey
   Batches: 1  Memory Usage: 180241kB
   ->  Nested Loop  (cost=42.10..199697.27 rows=1600000 width=10) (actual time=0.856..1357.596 rows=1604080 loops=1)
         ->  Nested Loop  (cost=41.67..2184.07 rows=20000 width=4) (actual time=0.841..20.863 rows=20051 loops=1)
               ->  Nested Loop  (cost=0.14..13.95 rows=5 width=4) (actual time=0.051..0.075 rows=5 loops=1)
                     Join Filter: (nation.n_regionkey = region.r_regionkey)
                     Rows Removed by Join Filter: 20
                     ->  Index Scan using nation_pkey on nation  (cost=0.14..12.51 rows=25 width=8) (actual time=0.023..0.034 rows=25 loops=1)
                     ->  Materialize  (cost=0.00..1.07 rows=1 width=4) (actual time=0.001..0.001 rows=1 loops=25)
                           ->  Seq Scan on region  (cost=0.00..1.06 rows=1 width=4) (actual time=0.018..0.019 rows=1 loops=1)
                                 Filter: (r_name = 'AMERICA'::bpchar)
                                 Rows Removed by Filter: 4
               ->  Bitmap Heap Scan on supplier  (cost=41.53..394.02 rows=4000 width=8) (actual time=0.635..3.701 rows=4010 loops=5)
                     Recheck Cond: (s_nationkey = nation.n_nationkey)
                     Heap Blocks: exact=9388
                     ->  Bitmap Index Scan on idx_supplier_nation_key  (cost=0.00..40.53 rows=4000 width=0) (actual time=0.397..0.397 rows=4010 loops=5)
                           Index Cond: (s_nationkey = nation.n_nationkey)
         ->  Index Scan using idx_partsupp_suppkey on partsupp  (cost=0.43..9.08 rows=80 width=14) (actual time=0.003..0.057 rows=80 loops=20051)
               Index Cond: (ps_suppkey = supplier.s_suppkey)
 Settings: effective_io_concurrency = '64', jit = 'off', maintenance_io_concurrency = '64', max_parallel_workers_per_gather = '0', work_mem = '256MB'
 Planning Time: 1.390 ms
 Execution Time: 2334.058 ms
(23 rows)

SELECT 1182884
CREATE INDEX
ANALYZE
                                                                                    QUERY PLAN                                                                                     
-----------------------------------------------------------------------------------------------------------------------------------------------------------------------------------
 Limit  (cost=399633.11..399633.12 rows=1 width=192) (actual time=539.939..539.951 rows=100 loops=1)
   ->  Sort  (cost=399633.11..399633.12 rows=1 width=192) (actual time=539.937..539.944 rows=100 loops=1)
         Sort Key: supplier.s_acctbal DESC, nation.n_name, supplier.s_name, part.p_partkey
         Sort Method: top-N heapsort  Memory: 71kB
         ->  Nested Loop  (cost=0.72..399633.10 rows=1 width=192) (actual time=0.076..537.640 rows=4737 loops=1)
               Join Filter: (nation.n_regionkey = region.r_regionkey)
               ->  Nested Loop  (cost=0.72..399632.03 rows=1 width=196) (actual time=0.073..532.301 rows=4737 loops=1)
                     Join Filter: (supplier.s_nationkey = nation.n_nationkey)
                     Rows Removed by Join Filter: 43913
                     ->  Nested Loop  (cost=0.72..399630.47 rows=1 width=170) (actual time=0.066..522.260 rows=4737 loops=1)
                           ->  Nested Loop  (cost=0.43..399630.16 rows=1 width=34) (actual time=0.059..507.833 rows=4737 loops=1)
                                 ->  Seq Scan on part  (cost=0.00..70962.00 rows=7974 width=30) (actual time=0.017..409.052 rows=8046 loops=1)
                                       Filter: (((p_type)::text ~~ '%NICKEL'::text) AND (p_size = 16))
                                       Rows Removed by Filter: 1991954
                                 ->  Index Scan using idx_partsupp_partkey on partsupp  (cost=0.43..41.21 rows=1 width=14) (actual time=0.010..0.012 rows=1 loops=8046)
                                       Index Cond: (ps_partkey = part.p_partkey)
                                       Filter: ((SubPlan 1) = ps_supplycost)
                                       Rows Removed by Filter: 3
                                       SubPlan 1
                                         ->  Index Scan using tmp_supplycost_idx on tmp_supplycost  (cost=0.43..8.45 rows=1 width=6) (actual time=0.002..0.002 rows=1 loops=32184)
                                               Index Cond: (ps_partkey = part.p_partkey)
                           ->  Index Scan using supplier_pkey on supplier  (cost=0.29..0.31 rows=1 width=144) (actual time=0.003..0.003 rows=1 loops=4737)
                                 Index Cond: (s_suppkey = partsupp.ps_suppkey)
                     ->  Seq Scan on nation  (cost=0.00..1.25 rows=25 width=34) (actual time=0.000..0.001 rows=10 loops=4737)
               ->  Seq Scan on region  (cost=0.00..1.06 rows=1 width=4) (actual time=0.000..0.000 rows=1 loops=4737)
                     Filter: (r_name = 'AMERICA'::bpchar)
                     Rows Removed by Filter: 1
 Settings: effective_io_concurrency = '64', jit = 'off', maintenance_io_concurrency = '64', max_parallel_workers_per_gather = '0', work_mem = '256MB'
 Planning Time: 1.230 ms
 Execution Time: 540.001 ms
(30 rows)

DROP TABLE
===== 2.sql jit= =====
                                                                                        QUERY PLAN                                                                                         
-------------------------------------------------------------------------------------------------------------------------------------------------------------------------------------------
 Limit  (cost=722351.85..722351.85 rows=1 width=192) (actual time=2746.764..2746.779 rows=100 loops=1)
   ->  Sort  (cost=722351.85..722351.85 rows=1 width=192) (actual time=2746.763..2746.773 rows=100 loops=1)
         Sort Key: supplier.s_acctbal DESC, nation.n_name, supplier.s_name, part.p_partkey
         Sort Method: top-N heapsort  Memory: 70kB
         ->  Hash Join  (cost=265351.82..722351.84 rows=1 width=192) (actual time=1958.746..2744.821 rows=4737 loops=1)
               Hash Cond: ((part.p_partkey = partsupp.ps_partkey) AND ((SubPlan 1) = partsupp.ps_supplycost))
               ->  Seq Scan on part  (cost=0.00..70962.00 rows=7974 width=30) (actual time=0.044..390.910 rows=8046 loops=1)
                     Filter: (((p_type)::text ~~ '%NICKEL'::text) AND (p_size = 16))
                     Rows Removed by Filter: 1991954
               ->  Hash  (cost=202288.82..202288.82 rows=1600000 width=172) (actual time=1950.306..1950.310 rows=1604080 loops=1)
                     Buckets: 2097152  Batches: 2  Memory Usage: 180174kB
                     ->  Nested Loop  (cost=2.00..202288.82 rows=1600000 width=172) (actual time=0.097..1270.141 rows=1604080 loops=1)
                           ->  Nested Loop  (cost=1.56..4775.62 rows=20000 width=166) (actual time=0.078..54.209 rows=20051 loops=1)
                                 Join Filter: (nation.n_regionkey = region.r_regionkey)
                                 Rows Removed by Join Filter: 79949
                                 ->  Seq Scan on region  (cost=0.00..1.06 rows=1 width=4) (actual time=0.017..0.019 rows=1 loops=1)
                                       Filter: (r_name = 'AMERICA'::bpchar)
                                       Rows Removed by Filter: 4
                                 ->  Hash Join  (cost=1.56..3524.56 rows=100000 width=170) (actual time=0.058..46.901 rows=100000 loops=1)
                                       Hash Cond: (supplier.s_nationkey = nation.n_nationkey)
                                       ->  Seq Scan on supplier  (cost=0.00..3216.00 rows=100000 width=144) (actual time=0.016..8.347 rows=100000 loops=1)
                                       ->  Hash  (cost=1.25..1.25 rows=25 width=34) (actual time=0.023..0.023 rows=25 loops=1)
                                             Buckets: 1024  Batches: 1  Memory Usage: 10kB
                                             ->  Seq Scan on nation  (cost=0.00..1.25 rows=25 width=34) (actual time=0.010..0.015 rows=25 loops=1)
                           ->  Index Scan using idx_partsupp_suppkey on partsupp  (cost=0.43..9.08 rows=80 width=14) (actual time=0.003..0.051 rows=80 loops=20051)
                                 Index Cond: (ps_suppkey = supplier.s_suppkey)
               SubPlan 1
                 ->  Aggregate  (cost=43.48..43.49 rows=1 width=32) (actual time=0.017..0.017 rows=1 loops=12783)
                       ->  Nested Loop  (cost=0.86..43.48 rows=1 width=6) (actual time=0.012..0.016 rows=1 loops=12783)
                             Join Filter: (nation_1.n_regionkey = region_1.r_regionkey)
                             Rows Removed by Join Filter: 3
                             ->  Seq Scan on region region_1  (cost=0.00..1.06 rows=1 width=4) (actual time=0.000..0.001 rows=1 loops=12783)
                                   Filter: (r_name = 'AMERICA'::bpchar)
                                   Rows Removed by Filter: 4
                             ->  Nested Loop  (cost=0.86..42.36 rows=4 width=10) (actual time=0.006..0.015 rows=4 loops=12783)
                                   ->  Nested Loop  (cost=0.72..41.74 rows=4 width=10) (actual time=0.005..0.011 rows=4 loops=12783)
                                         ->  Index Scan using idx_partsupp_partkey on partsupp partsupp_1  (cost=0.43..8.50 rows=4 width=10) (actual time=0.003..0.003 rows=4 loops=12783)
                                               Index Cond: (ps_partkey = part.p_partkey)
                                         ->  Index Scan using supplier_pkey on supplier supplier_1  (cost=0.29..8.31 rows=1 width=8) (actual time=0.002..0.002 rows=1 loops=51132)
                                               Index Cond: (s_suppkey = partsupp_1.ps_suppkey)
                                   ->  Index Scan using nation_pkey on nation nation_1  (cost=0.14..0.16 rows=1 width=8) (actual time=0.001..0.001 rows=1 loops=51132)
                                         Index Cond: (n_nationkey = supplier_1.s_nationkey)
 Settings: effective_io_concurrency = '64', jit = 'off', maintenance_io_concurrency = '64', max_parallel_workers_per_gather = '0', work_mem = '256MB'
 Planning Time: 2.888 ms
 Execution Time: 2747.578 ms
(45 rows)

===== 3.sql jit= =====
                                                                                     QUERY PLAN                                                                                      
-------------------------------------------------------------------------------------------------------------------------------------------------------------------------------------
 Limit  (cost=2960406.90..2960406.92 rows=10 width=44) (actual time=16686.038..16686.043 rows=10 loops=1)
   ->  Sort  (cost=2960406.90..2968317.50 rows=3164240 width=44) (actual time=16686.036..16686.040 rows=10 loops=1)
         Sort Key: (sum((lineitem.l_extendedprice * ('1'::numeric - lineitem.l_discount)))) DESC, orders.o_orderdate
         Sort Method: top-N heapsort  Memory: 26kB
         ->  HashAggregate  (cost=2815394.87..2892028.81 rows=3164240 width=44) (actual time=16610.100..16666.715 rows=113934 loops=1)
               Group Key: lineitem.l_orderkey, orders.o_orderdate, orders.o_shippriority
               Planned Partitions: 4  Batches: 1  Memory Usage: 73745kB
               ->  Hash Join  (cost=528261.28..2556322.72 rows=3164240 width=24) (actual time=3914.463..16399.887 rows=301530 loops=1)
                     Hash Cond: (lineitem.l_orderkey = orders.o_orderkey)
                     ->  Seq Scan on lineitem  (cost=0.00..1874353.85 rows=32550718 width=16) (actual time=0.080..9119.926 rows=32534229 loops=1)
                           Filter: (l_shipdate > '1995-03-07'::date)
                           Rows Removed by Filter: 27451823
                     ->  Hash  (cost=510034.49..510034.49 rows=1458143 width=12) (actual time=3906.098..3906.101 rows=1451805 loops=1)
                           Buckets: 2097152  Batches: 1  Memory Usage: 78767kB
                           ->  Hash Join  (cost=139386.22..510034.49 rows=1458143 width=12) (actual time=787.411..3597.054 rows=1451805 loops=1)
                                 Hash Cond: (orders.o_custkey = customer.c_custkey)
                                 ->  Bitmap Heap Scan on orders  (cost=81040.91..432644.00 rows=7255287 width=16) (actual time=414.919..1763.794 rows=7239437 loops=1)
                                       Recheck Cond: (o_orderdate < '1995-03-07'::date)
                                       Heap Blocks: exact=260912
                                       ->  Bitmap Index Scan on idx_orders_orderdate  (cost=0.00..79227.09 rows=7255287 width=0) (actual time=354.970..354.970 rows=7239437 loops=1)
                                             Index Cond: (o_orderdate < '1995-03-07'::date)
                                 ->  Hash  (cost=54577.00..54577.00 rows=301465 width=4) (actual time=370.413..370.414 rows=300276 loops=1)
                                       Buckets: 524288  Batches: 1  Memory Usage: 14653kB
                                       ->  Seq Scan on customer  (cost=0.00..54577.00 rows=301465 width=4) (actual time=0.018..317.721 rows=300276 loops=1)
                                             Filter: (c_mktsegment = 'BUILDING'::bpchar)
                                             Rows Removed by Filter: 1199724
 Settings: effective_io_concurrency = '64', jit = 'off', maintenance_io_concurrency = '64', max_parallel_workers_per_gather = '0', work_mem = '256MB'
 Planning Time: 1.704 ms
 Execution Time: 16700.990 ms
(29 rows)

===== 4.sql jit= =====
                                                                             QUERY PLAN                                                                             
--------------------------------------------------------------------------------------------------------------------------------------------------------------------
 Limit  (cost=2585331.94..2585331.94 rows=1 width=24) (actual time=18922.592..18922.596 rows=1 loops=1)
   ->  Sort  (cost=2585331.94..2585331.95 rows=5 width=24) (actual time=18922.591..18922.594 rows=1 loops=1)
         Sort Key: orders.o_orderpriority
         Sort Method: top-N heapsort  Memory: 25kB
         ->  HashAggregate  (cost=2585331.86..2585331.91 rows=5 width=24) (actual time=18922.552..18922.556 rows=5 loops=1)
               Group Key: orders.o_orderpriority
               Batches: 1  Memory Usage: 24kB
               ->  Hash Semi Join  (cost=2209985.89..2582557.77 rows=554819 width=16) (actual time=15162.069..18829.407 rows=513822 loops=1)
                     Hash Cond: (orders.o_orderkey = lineitem.l_orderkey)
                     ->  Bitmap Heap Scan on orders  (cost=7588.75..276825.12 rows=554958 width=20) (actual time=141.070..537.285 rows=560424 loops=1)
                           Recheck Cond: ((o_orderdate >= '1993-12-01'::date) AND (o_orderdate < '1994-03-01'::date))
                           Heap Blocks: exact=231732
                           ->  Bitmap Index Scan on idx_orders_orderdate  (cost=0.00..7450.02 rows=554958 width=0) (actual time=78.925..78.926 rows=560424 loops=1)
                                 Index Cond: ((o_orderdate >= '1993-12-01'::date) AND (o_orderdate < '1994-03-01'::date))
                     ->  Hash  (cost=1874353.85..1874353.85 rows=19994983 width=4) (actual time=14990.280..14990.281 rows=37929348 loops=1)
                           Buckets: 8388608  Batches: 8  Memory Usage: 232058kB
                           ->  Seq Scan on lineitem  (cost=0.00..1874353.85 rows=19994983 width=4) (actual time=0.063..10287.384 rows=37929348 loops=1)
                                 Filter: (l_commitdate < l_receiptdate)
                                 Rows Removed by Filter: 22056704
 Settings: effective_io_concurrency = '64', jit = 'off', maintenance_io_concurrency = '64', max_parallel_workers_per_gather = '0', work_mem = '256MB'
 Planning Time: 1.321 ms
 Execution Time: 18927.371 ms
(22 rows)

===== 5.sql jit= =====
                                                                                           QUERY PLAN                                                                                            
-------------------------------------------------------------------------------------------------------------------------------------------------------------------------------------------------
 Limit  (cost=2373619.82..2373619.82 rows=1 width=58) (actual time=17244.345..17244.352 rows=1 loops=1)
   ->  Sort  (cost=2373619.82..2373619.88 rows=25 width=58) (actual time=17244.344..17244.351 rows=1 loops=1)
         Sort Key: (sum((lineitem.l_extendedprice * ('1'::numeric - lineitem.l_discount)))) DESC
         Sort Method: top-N heapsort  Memory: 25kB
         ->  GroupAggregate  (cost=2372706.18..2373619.69 rows=25 width=58) (actual time=17219.763..17244.325 rows=5 loops=1)
               Group Key: nation.n_name
               ->  Sort  (cost=2372706.18..2372888.82 rows=73056 width=38) (actual time=17213.688..17216.796 rows=72033 loops=1)
                     Sort Key: nation.n_name
                     Sort Method: quicksort  Memory: 8700kB
                     ->  Hash Join  (cost=422852.73..2366804.46 rows=73056 width=38) (actual time=1935.448..17185.958 rows=72033 loops=1)
                           Hash Cond: ((lineitem.l_suppkey = supplier.s_suppkey) AND (customer.c_nationkey = supplier.s_nationkey))
                           ->  Hash Join  (cost=418136.73..2352499.52 rows=1826462 width=50) (actual time=1893.425..16725.114 rows=1815327 loops=1)
                                 Hash Cond: (orders.o_custkey = customer.c_custkey)
                                 ->  Hash Join  (cost=354932.22..2236784.24 rows=9132308 width=20) (actual time=1455.095..15041.456 rows=9108027 loops=1)
                                       Hash Cond: (lineitem.l_orderkey = orders.o_orderkey)
                                       ->  Seq Scan on lineitem  (cost=0.00..1724391.48 rows=59984948 width=20) (actual time=0.048..4964.512 rows=59986052 loops=1)
                                       ->  Hash  (cost=326386.60..326386.60 rows=2283650 width=8) (actual time=1439.844..1439.845 rows=2276638 loops=1)
                                             Buckets: 4194304  Batches: 1  Memory Usage: 121700kB
                                             ->  Bitmap Heap Scan on orders  (cost=31219.85..326386.60 rows=2283650 width=8) (actual time=200.205..989.499 rows=2276638 loops=1)
                                                   Recheck Cond: ((o_orderdate >= '1993-01-01'::date) AND (o_orderdate < '1994-01-01'::date))
                                                   Heap Blocks: exact=260897
                                                   ->  Bitmap Index Scan on idx_orders_orderdate  (cost=0.00..30648.94 rows=2283650 width=0) (actual time=140.285..140.285 rows=2276638 loops=1)
                                                         Index Cond: ((o_orderdate >= '1993-01-01'::date) AND (o_orderdate < '1994-01-01'::date))
                                 ->  Hash  (cost=59454.51..59454.51 rows=300000 width=38) (actual time=436.119..436.121 rows=299436 loops=1)
                                       Buckets: 524288  Batches: 1  Memory Usage: 25151kB
                                       ->  Hash Join  (cost=2.51..59454.51 rows=300000 width=38) (actual time=0.080..371.023 rows=299436 loops=1)
                                             Hash Cond: (customer.c_nationkey = nation.n_nationkey)
                                             ->  Seq Scan on customer  (cost=0.00..50827.00 rows=1500000 width=8) (actual time=0.010..114.010 rows=1500000 loops=1)
                                             ->  Hash  (cost=2.45..2.45 rows=5 width=30) (actual time=0.053..0.055 rows=5 loops=1)
                                                   Buckets: 1024  Batches: 1  Memory Usage: 9kB
                                                   ->  Hash Join  (cost=1.07..2.45 rows=5 width=30) (actual time=0.043..0.051 rows=5 loops=1)
                                                         Hash Cond: (nation.n_regionkey = region.r_regionkey)
                                                         ->  Seq Scan on nation  (cost=0.00..1.25 rows=25 width=34) (actual time=0.012..0.014 rows=25 loops=1)
                                                         ->  Hash  (cost=1.06..1.06 rows=1 width=4) (actual time=0.014..0.014 rows=1 loops=1)
                                                               Buckets: 1024  Batches: 1  Memory Usage: 9kB
                                                               ->  Seq Scan on region  (cost=0.00..1.06 rows=1 width=4) (actual time=0.010..0.011 rows=1 loops=1)
                                                                     Filter: (r_name = 'AMERICA'::bpchar)
                                                                     Rows Removed by Filter: 4
                           ->  Hash  (cost=3216.00..3216.00 rows=100000 width=8) (actual time=40.777..40.778 rows=100000 loops=1)
                                 Buckets: 131072  Batches: 1  Memory Usage: 4931kB
                                 ->  Seq Scan on supplier  (cost=0.00..3216.00 rows=100000 width=8) (actual time=0.017..24.223 rows=100000 loops=1)
 Settings: effective_io_concurrency = '64', jit = 'off', maintenance_io_concurrency = '64', max_parallel_workers_per_gather = '0', work_mem = '256MB'
 Planning Time: 4.562 ms
 Execution Time: 17247.919 ms
(44 rows)

===== 6.sql jit= =====
                                                                                          QUERY PLAN                                                                                           
-----------------------------------------------------------------------------------------------------------------------------------------------------------------------------------------------
 Limit  (cost=1501748.52..1501748.53 rows=1 width=32) (actual time=2446.803..2446.805 rows=1 loops=1)
   ->  Aggregate  (cost=1501748.52..1501748.53 rows=1 width=32) (actual time=2446.802..2446.803 rows=1 loops=1)
         ->  Bitmap Heap Scan on lineitem  (cost=299390.87..1495837.39 rows=1182225 width=12) (actual time=1158.500..2129.254 rows=1194558 loops=1)
               Recheck Cond: ((l_shipdate >= '1993-01-01'::date) AND (l_shipdate < '1994-01-01'::date) AND (l_discount >= 0.06) AND (l_discount <= 0.08) AND (l_quantity < '25'::numeric))
               Heap Blocks: exact=662932
               ->  Bitmap Index Scan on idx_lineitem_shipdate  (cost=0.00..299095.32 rows=1182225 width=0) (actual time=988.453..988.453 rows=1194558 loops=1)
                     Index Cond: ((l_shipdate >= '1993-01-01'::date) AND (l_shipdate < '1994-01-01'::date) AND (l_discount >= 0.06) AND (l_discount <= 0.08) AND (l_quantity < '25'::numeric))
 Settings: effective_io_concurrency = '64', jit = 'off', maintenance_io_concurrency = '64', max_parallel_workers_per_gather = '0', work_mem = '256MB'
 Planning Time: 0.780 ms
 Execution Time: 2449.272 ms
(10 rows)

===== 7.sql jit= =====
                                                                                     QUERY PLAN                                                                                      
-------------------------------------------------------------------------------------------------------------------------------------------------------------------------------------
 Limit  (cost=2518420.57..2518420.69 rows=1 width=116) (actual time=18107.087..18107.094 rows=1 loops=1)
   ->  GroupAggregate  (cost=2518420.57..2519636.62 rows=10096 width=116) (actual time=18107.086..18107.092 rows=1 loops=1)
         Group Key: n1.n_name, n2.n_name, (EXTRACT(year FROM lineitem.l_shipdate))
         ->  Sort  (cost=2518420.57..2518572.66 rows=60835 width=96) (actual time=18099.084..18099.707 rows=14421 loops=1)
               Sort Key: n1.n_name, n2.n_name, (EXTRACT(year FROM lineitem.l_shipdate))
               Sort Method: quicksort  Memory: 9664kB
               ->  Hash Join  (cost=1023839.82..2513586.43 rows=60835 width=96) (actual time=8105.542..18061.689 rows=57794 loops=1)
                     Hash Cond: (lineitem.l_suppkey = supplier.s_suppkey)
                     Join Filter: (((n1.n_name = 'PERU'::bpchar) AND (n2.n_name = 'MOROCCO'::bpchar)) OR ((n1.n_name = 'MOROCCO'::bpchar) AND (n2.n_name = 'PERU'::bpchar)))
                     Rows Removed by Join Filter: 58158
                     ->  Hash Join  (cost=1020215.42..2501989.23 rows=1461818 width=46) (actual time=8069.835..17717.540 rows=1448126 loops=1)
                           Hash Cond: (lineitem.l_orderkey = orders.o_orderkey)
                           ->  Bitmap Heap Scan on lineitem  (cost=469120.02..1867752.92 rows=18272727 width=24) (actual time=2722.989..9879.082 rows=18230325 loops=1)
                                 Recheck Cond: ((l_shipdate >= '1995-01-01'::date) AND (l_shipdate <= '1996-12-31'::date))
                                 Heap Blocks: exact=1119491
                                 ->  Bitmap Index Scan on idx_lineitem_shipdate  (cost=0.00..464551.84 rows=18272727 width=0) (actual time=2399.352..2399.352 rows=18230325 loops=1)
                                       Index Cond: ((l_shipdate >= '1995-01-01'::date) AND (l_shipdate <= '1996-12-31'::date))
                           ->  Hash  (cost=536095.40..536095.40 rows=1200000 width=30) (actual time=5339.219..5339.223 rows=1191175 loops=1)
                                 Buckets: 2097152  Batches: 1  Memory Usage: 88506kB
                                 ->  Hash Join  (cost=56933.40..536095.40 rows=1200000 width=30) (actual time=429.734..5050.280 rows=1191175 loops=1)
                                       Hash Cond: (orders.o_custkey = customer.c_custkey)
                                       ->  Seq Scan on orders  (cost=0.00..410912.00 rows=15000000 width=8) (actual time=0.016..2144.396 rows=15000000 loops=1)
                                       ->  Hash  (cost=55433.40..55433.40 rows=120000 width=30) (actual time=429.228..429.230 rows=119622 loops=1)
                                             Buckets: 131072  Batches: 1  Memory Usage: 8267kB
                                             ->  Hash Join  (cost=1.40..55433.40 rows=120000 width=30) (actual time=0.043..403.511 rows=119622 loops=1)
                                                   Hash Cond: (customer.c_nationkey = n2.n_nationkey)
                                                   ->  Seq Scan on customer  (cost=0.00..50827.00 rows=1500000 width=8) (actual time=0.009..267.935 rows=1500000 loops=1)
                                                   ->  Hash  (cost=1.38..1.38 rows=2 width=30) (actual time=0.020..0.020 rows=2 loops=1)
                                                         Buckets: 1024  Batches: 1  Memory Usage: 9kB
                                                         ->  Seq Scan on nation n2  (cost=0.00..1.38 rows=2 width=30) (actual time=0.013..0.015 rows=2 loops=1)
                                                               Filter: ((n_name = 'MOROCCO'::bpchar) OR (n_name = 'PERU'::bpchar))
                                                               Rows Removed by Filter: 23
                     ->  Hash  (cost=3524.40..3524.40 rows=8000 width=30) (actual time=35.397..35.399 rows=7981 loops=1)
                           Buckets: 8192  Batches: 1  Memory Usage: 548kB
                           ->  Hash Join  (cost=1.40..3524.40 rows=8000 width=30) (actual time=0.054..33.866 rows=7981 loops=1)
                                 Hash Cond: (supplier.s_nationkey = n1.n_nationkey)
                                 ->  Seq Scan on supplier  (cost=0.00..3216.00 rows=100000 width=8) (actual time=0.019..23.371 rows=100000 loops=1)
                                 ->  Hash  (cost=1.38..1.38 rows=2 width=30) (actual time=0.021..0.022 rows=2 loops=1)
                                       Buckets: 1024  Batches: 1  Memory Usage: 9kB
                                       ->  Seq Scan on nation n1  (cost=0.00..1.38 rows=2 width=30) (actual time=0.015..0.017 rows=2 loops=1)
                                             Filter: ((n_name = 'PERU'::bpchar) OR (n_name = 'MOROCCO'::bpchar))
                                             Rows Removed by Filter: 23
 Settings: effective_io_concurrency = '64', jit = 'off', maintenance_io_concurrency = '64', max_parallel_workers_per_gather = '0', work_mem = '256MB'
 Planning Time: 4.104 ms
 Execution Time: 18111.954 ms
(45 rows)

===== 8.sql jit= =====
                                                                                           QUERY PLAN                                                                                            
-------------------------------------------------------------------------------------------------------------------------------------------------------------------------------------------------
 Limit  (cost=2005336.38..2005336.62 rows=1 width=64) (actual time=3841.782..3841.790 rows=1 loops=1)
   ->  GroupAggregate  (cost=2005336.38..2005920.02 rows=2406 width=64) (actual time=3841.781..3841.788 rows=1 loops=1)
         Group Key: (EXTRACT(year FROM orders.o_orderdate))
         ->  Sort  (cost=2005336.38..2005395.88 rows=23801 width=70) (actual time=3835.818..3836.295 rows=11818 loops=1)
               Sort Key: (EXTRACT(year FROM orders.o_orderdate))
               Sort Method: quicksort  Memory: 2631kB
               ->  Nested Loop  (cost=496666.11..2003606.19 rows=23801 width=70) (actual time=2847.580..3826.980 rows=23842 loops=1)
                     ->  Hash Join  (cost=496665.97..2002910.69 rows=23801 width=20) (actual time=2847.561..3812.109 rows=23842 loops=1)
                           Hash Cond: (lineitem.l_suppkey = supplier.s_suppkey)
                           ->  Hash Join  (cost=492199.97..1998382.21 rows=23801 width=20) (actual time=2809.577..3764.954 rows=23842 loops=1)
                                 Hash Cond: (lineitem.l_orderkey = orders.o_orderkey)
                                 ->  Nested Loop  (cost=0.44..1504474.33 rows=392092 width=20) (actual time=0.086..854.155 rows=389521 loops=1)
                                       ->  Seq Scan on part  (cost=0.00..65962.00 rows=13073 width=4) (actual time=0.057..262.704 rows=13011 loops=1)
                                             Filter: ((p_type)::text = 'LARGE POLISHED BRASS'::text)
                                             Rows Removed by Filter: 1986989
                                       ->  Index Scan using idx_lineitem_part_supp on lineitem  (cost=0.44..109.73 rows=31 width=24) (actual time=0.003..0.042 rows=30 loops=13011)
                                             Index Cond: (l_partkey = part.p_partkey)
                                 ->  Hash  (cost=480817.84..480817.84 rows=910535 width=8) (actual time=2805.112..2805.116 rows=910360 loops=1)
                                       Buckets: 1048576  Batches: 1  Memory Usage: 43753kB
                                       ->  Hash Join  (cost=125437.85..480817.84 rows=910535 width=8) (actual time=728.556..2622.999 rows=910360 loops=1)
                                             Hash Cond: (orders.o_custkey = customer.c_custkey)
                                             ->  Bitmap Heap Scan on orders  (cost=62233.34..391435.45 rows=4552674 width=12) (actual time=296.948..1271.670 rows=4557513 loops=1)
                                                   Recheck Cond: ((o_orderdate >= '1995-01-01'::date) AND (o_orderdate <= '1996-12-31'::date))
                                                   Heap Blocks: exact=260912
                                                   ->  Bitmap Index Scan on idx_orders_orderdate  (cost=0.00..61095.17 rows=4552674 width=0) (actual time=238.190..238.191 rows=4557513 loops=1)
                                                         Index Cond: ((o_orderdate >= '1995-01-01'::date) AND (o_orderdate <= '1996-12-31'::date))
                                             ->  Hash  (cost=59454.51..59454.51 rows=300000 width=4) (actual time=429.511..429.513 rows=299436 loops=1)
                                                   Buckets: 524288  Batches: 1  Memory Usage: 14624kB
                                                   ->  Hash Join  (cost=2.51..59454.51 rows=300000 width=4) (actual time=0.069..377.885 rows=299436 loops=1)
                                                         Hash Cond: (customer.c_nationkey = n1.n_nationkey)
                                                         ->  Seq Scan on customer  (cost=0.00..50827.00 rows=1500000 width=8) (actual time=0.007..109.435 rows=1500000 loops=1)
                                                         ->  Hash  (cost=2.45..2.45 rows=5 width=4) (actual time=0.048..0.050 rows=5 loops=1)
                                                               Buckets: 1024  Batches: 1  Memory Usage: 9kB
                                                               ->  Hash Join  (cost=1.07..2.45 rows=5 width=4) (actual time=0.036..0.044 rows=5 loops=1)
                                                                     Hash Cond: (n1.n_regionkey = region.r_regionkey)
                                                                     ->  Seq Scan on nation n1  (cost=0.00..1.25 rows=25 width=8) (actual time=0.003..0.004 rows=25 loops=1)
                                                                     ->  Hash  (cost=1.06..1.06 rows=1 width=4) (actual time=0.018..0.018 rows=1 loops=1)
                                                                           Buckets: 1024  Batches: 1  Memory Usage: 9kB
                                                                           ->  Seq Scan on region  (cost=0.00..1.06 rows=1 width=4) (actual time=0.013..0.014 rows=1 loops=1)
                                                                                 Filter: (r_name = 'AMERICA'::bpchar)
                                                                                 Rows Removed by Filter: 4
                           ->  Hash  (cost=3216.00..3216.00 rows=100000 width=8) (actual time=37.493..37.494 rows=100000 loops=1)
                                 Buckets: 131072  Batches: 1  Memory Usage: 4931kB
                                 ->  Seq Scan on supplier  (cost=0.00..3216.00 rows=100000 width=8) (actual time=0.007..22.061 rows=100000 loops=1)
                     ->  Memoize  (cost=0.15..2.17 rows=1 width=30) (actual time=0.000..0.000 rows=1 loops=23842)
                           Cache Key: supplier.s_nationkey
                           Hits: 23817  Misses: 25  Evictions: 0  Overflows: 0  Memory Usage: 4kB
                           ->  Index Scan using nation_pkey on nation n2  (cost=0.14..2.16 rows=1 width=30) (actual time=0.001..0.001 rows=1 loops=25)
                                 Index Cond: (n_nationkey = supplier.s_nationkey)
 Settings: effective_io_concurrency = '64', jit = 'off', maintenance_io_concurrency = '64', max_parallel_workers_per_gather = '0', work_mem = '256MB'
 Planning Time: 5.335 ms
 Execution Time: 3844.184 ms
(52 rows)

===== 9.sql jit= =====
                                                                                QUERY PLAN                                                                                
--------------------------------------------------------------------------------------------------------------------------------------------------------------------------
 Limit  (cost=3368590.98..3368590.99 rows=1 width=90) (actual time=32154.251..32154.258 rows=1 loops=1)
   ->  Sort  (cost=3368590.98..3368741.36 rows=60150 width=90) (actual time=32154.250..32154.256 rows=1 loops=1)
         Sort Key: nation.n_name, (EXTRACT(year FROM orders.o_orderdate)) DESC
         Sort Method: top-N heapsort  Memory: 25kB
         ->  HashAggregate  (cost=3367387.98..3368290.23 rows=60150 width=90) (actual time=32153.794..32154.167 rows=175 loops=1)
               Group Key: nation.n_name, EXTRACT(year FROM orders.o_orderdate)
               Batches: 1  Memory Usage: 3217kB
               ->  Hash Join  (cost=1142511.19..3299086.87 rows=3902921 width=81) (actual time=7724.923..29477.923 rows=3248192 loops=1)
                     Hash Cond: (supplier.s_nationkey = nation.n_nationkey)
                     ->  Hash Join  (cost=1142509.62..3277346.03 rows=3902921 width=31) (actual time=7724.884..28518.915 rows=3248192 loops=1)
                           Hash Cond: (lineitem.l_orderkey = orders.o_orderkey)
                           ->  Hash Join  (cost=485503.62..2498138.86 rows=3902921 width=31) (actual time=3318.404..20615.785 rows=3248192 loops=1)
                                 Hash Cond: (lineitem.l_suppkey = supplier.s_suppkey)
                                 ->  Hash Join  (cost=481037.62..2483427.26 rows=3902921 width=35) (actual time=3290.669..19602.687 rows=3248192 loops=1)
                                       Hash Cond: ((lineitem.l_suppkey = partsupp.ps_suppkey) AND (lineitem.l_partkey = partsupp.ps_partkey))
                                       ->  Hash Join  (cost=67588.62..1949440.93 rows=3902921 width=33) (actual time=442.155..14298.460 rows=3248192 loops=1)
                                             Hash Cond: (lineitem.l_partkey = part.p_partkey)
                                             ->  Seq Scan on lineitem  (cost=0.00..1724391.48 rows=59984948 width=29) (actual time=0.015..4929.916 rows=59986052 loops=1)
                                             ->  Hash  (cost=65962.00..65962.00 rows=130130 width=4) (actual time=441.660..441.661 rows=108312 loops=1)
                                                   Buckets: 131072  Batches: 1  Memory Usage: 4832kB
                                                   ->  Seq Scan on part  (cost=0.00..65962.00 rows=130130 width=4) (actual time=0.010..423.870 rows=108312 loops=1)
                                                         Filter: ((p_name)::text ~~ '%navy%'::text)
                                                         Rows Removed by Filter: 1891688
                                       ->  Hash  (cost=254386.00..254386.00 rows=8000000 width=14) (actual time=2796.638..2796.638 rows=8000000 loops=1)
                                             Buckets: 8388608  Batches: 2  Memory Usage: 253041kB
                                             ->  Seq Scan on partsupp  (cost=0.00..254386.00 rows=8000000 width=14) (actual time=0.009..1255.056 rows=8000000 loops=1)
                                 ->  Hash  (cost=3216.00..3216.00 rows=100000 width=8) (actual time=27.255..27.255 rows=100000 loops=1)
                                       Buckets: 131072  Batches: 1  Memory Usage: 4931kB
                                       ->  Seq Scan on supplier  (cost=0.00..3216.00 rows=100000 width=8) (actual time=0.006..14.880 rows=100000 loops=1)
                           ->  Hash  (cost=410912.00..410912.00 rows=15000000 width=8) (actual time=4372.707..4372.708 rows=15000000 loops=1)
                                 Buckets: 8388608  Batches: 4  Memory Usage: 212012kB
                                 ->  Seq Scan on orders  (cost=0.00..410912.00 rows=15000000 width=8) (actual time=0.020..2154.740 rows=15000000 loops=1)
                     ->  Hash  (cost=1.25..1.25 rows=25 width=30) (actual time=0.022..0.023 rows=25 loops=1)
                           Buckets: 1024  Batches: 1  Memory Usage: 10kB
                           ->  Seq Scan on nation  (cost=0.00..1.25 rows=25 width=30) (actual time=0.009..0.013 rows=25 loops=1)
 Settings: effective_io_concurrency = '64', jit = 'off', maintenance_io_concurrency = '64', max_parallel_workers_per_gather = '0', work_mem = '256MB'
 Planning Time: 7.887 ms
 Execution Time: 32164.085 ms
(38 rows)

