===== 10.sql jit=on =====
                                                                                            QUERY PLAN                                                                                            
--------------------------------------------------------------------------------------------------------------------------------------------------------------------------------------------------
 Limit  (cost=2414446.88..2414446.93 rows=20 width=201) (actual time=22344.338..22344.344 rows=20 loops=1)
   ->  Sort  (cost=2414446.88..2415924.22 rows=590936 width=201) (actual time=21794.334..21794.338 rows=20 loops=1)
         Sort Key: (sum((lineitem.l_extendedprice * ('1'::numeric - lineitem.l_discount)))) DESC
         Sort Method: top-N heapsort  Memory: 33kB
         ->  GroupAggregate  (cost=2255449.96..2398722.28 rows=590936 width=201) (actual time=19068.405..21654.926 rows=381205 loops=1)
               Group Key: customer.c_custkey, nation.n_name
               ->  Incremental Sort  (cost=2255449.96..2383948.88 rows=590936 width=181) (actual time=19068.383..20785.228 rows=1145402 loops=1)
                     Sort Key: customer.c_custkey, nation.n_name
                     Presorted Key: customer.c_custkey
                     Full-sort Groups: 34068  Sort Method: quicksort  Average Memory: 33kB  Peak Memory: 33kB
                     ->  Nested Loop  (cost=2255449.78..2357356.76 rows=590936 width=181) (actual time=19068.088..20374.902 rows=1145402 loops=1)
                           ->  Merge Join  (cost=2255449.63..2342856.48 rows=590936 width=159) (actual time=19068.053..19958.451 rows=1145402 loops=1)
                                 Merge Cond: (customer.c_custkey = orders.o_custkey)
                                 ->  Index Scan using customer_pkey on customer  (cost=0.43..74795.49 rows=1500071 width=147) (actual time=0.013..419.683 rows=1499997 loops=1)
                                 ->  Sort  (cost=2255446.95..2256924.29 rows=590936 width=16) (actual time=19068.003..19202.234 rows=1145402 loops=1)
                                       Sort Key: orders.o_custkey
                                       Sort Method: quicksort  Memory: 113386kB
                                       ->  Hash Join  (cost=285650.82..2198797.93 rows=590936 width=16) (actual time=7459.190..18663.247 rows=1145402 loops=1)
                                             Hash Cond: (lineitem.l_orderkey = orders.o_orderkey)
                                             ->  Seq Scan on lineitem  (cost=0.00..1874418.95 rows=14753579 width=16) (actual time=0.028..9234.915 rows=14808183 loops=1)
                                                   Filter: (l_returnflag = 'R'::bpchar)
                                                   Rows Removed by Filter: 45177869
                                             ->  Hash  (cost=278140.10..278140.10 rows=600858 width=8) (actual time=7456.675..7456.676 rows=573160 loops=1)
                                                   Buckets: 1048576  Batches: 1  Memory Usage: 30582kB
                                                   ->  Bitmap Heap Scan on orders  (cost=8215.23..278140.10 rows=600858 width=8) (actual time=145.799..7243.685 rows=573160 loops=1)
                                                         Recheck Cond: ((o_orderdate >= '1994-08-01'::date) AND (o_orderdate < '1994-11-01'::date))
                                                         Heap Blocks: exact=233137
                                                         ->  Bitmap Index Scan on idx_orders_orderdate  (cost=0.00..8065.02 rows=600858 width=0) (actual time=83.744..83.744 rows=573160 loops=1)
                                                               Index Cond: ((o_orderdate >= '1994-08-01'::date) AND (o_orderdate < '1994-11-01'::date))
                           ->  Memoize  (cost=0.15..2.17 rows=1 width=30) (actual time=0.000..0.000 rows=1 loops=1145402)
                                 Cache Key: customer.c_nationkey
                                 Hits: 1145377  Misses: 25  Evictions: 0  Overflows: 0  Memory Usage: 4kB
                                 ->  Index Scan using nation_pkey on nation  (cost=0.14..2.16 rows=1 width=30) (actual time=0.003..0.003 rows=1 loops=25)
                                       Index Cond: (n_nationkey = customer.c_nationkey)
 Settings: max_parallel_workers_per_gather = '0', work_mem = '128MB'
 Planning Time: 8.129 ms
 JIT:
   Functions: 38
   Options: Inlining true, Optimization true, Expressions true, Deforming true
   Timing: Generation 4.619 ms, Inlining 72.300 ms, Optimization 310.202 ms, Emission 167.107 ms, Total 554.228 ms
 Execution Time: 22397.220 ms
(41 rows)

===== 11.sql jit=on =====
                                                                             QUERY PLAN                                                                              
---------------------------------------------------------------------------------------------------------------------------------------------------------------------
 Limit  (cost=93726.01..93726.01 rows=1 width=36) (actual time=1718.607..1718.612 rows=0 loops=1)
   InitPlan 1 (returns $2)
     ->  Aggregate  (cost=43897.77..43897.79 rows=1 width=32) (actual time=641.698..641.700 rows=1 loops=1)
           ->  Nested Loop  (cost=47.72..41577.16 rows=309415 width=10) (actual time=0.758..517.999 rows=320800 loops=1)
                 ->  Nested Loop  (cost=47.29..2404.57 rows=4000 width=4) (actual time=0.745..10.205 rows=4010 loops=1)
                       ->  Seq Scan on nation nation_1  (cost=0.00..1.31 rows=1 width=4) (actual time=0.007..0.011 rows=1 loops=1)
                             Filter: (n_name = 'SAUDI ARABIA'::bpchar)
                             Rows Removed by Filter: 24
                       ->  Bitmap Heap Scan on supplier supplier_1  (cost=47.29..2363.25 rows=4000 width=8) (actual time=0.735..9.448 rows=4010 loops=1)
                             Recheck Cond: (s_nationkey = nation_1.n_nationkey)
                             Heap Blocks: exact=1857
                             ->  Bitmap Index Scan on idx_supplier_nation_key  (cost=0.00..46.29 rows=4000 width=0) (actual time=0.480..0.480 rows=4010 loops=1)
                                   Index Cond: (s_nationkey = nation_1.n_nationkey)
                 ->  Index Scan using idx_partsupp_suppkey on partsupp partsupp_1  (cost=0.43..9.02 rows=77 width=14) (actual time=0.006..0.113 rows=80 loops=4010)
                       Index Cond: (ps_suppkey = supplier_1.s_suppkey)
   ->  Sort  (cost=49828.22..50086.07 rows=103138 width=36) (actual time=1718.605..1718.607 rows=0 loops=1)
         Sort Key: (sum((partsupp.ps_supplycost * (partsupp.ps_availqty)::numeric))) DESC
         Sort Method: quicksort  Memory: 25kB
         ->  HashAggregate  (cost=44671.31..49312.53 rows=103138 width=36) (actual time=1718.552..1718.554 rows=0 loops=1)
               Group Key: partsupp.ps_partkey
               Filter: (sum((partsupp.ps_supplycost * (partsupp.ps_availqty)::numeric)) > $2)
               Batches: 5  Memory Usage: 135217kB  Disk Usage: 752kB
               Rows Removed by Filter: 301833
               ->  Nested Loop  (cost=47.72..41577.16 rows=309415 width=14) (actual time=0.836..634.117 rows=320800 loops=1)
                     ->  Nested Loop  (cost=47.29..2404.57 rows=4000 width=4) (actual time=0.808..11.815 rows=4010 loops=1)
                           ->  Seq Scan on nation  (cost=0.00..1.31 rows=1 width=4) (actual time=0.021..0.025 rows=1 loops=1)
                                 Filter: (n_name = 'SAUDI ARABIA'::bpchar)
                                 Rows Removed by Filter: 24
                           ->  Bitmap Heap Scan on supplier  (cost=47.29..2363.25 rows=4000 width=8) (actual time=0.782..10.997 rows=4010 loops=1)
                                 Recheck Cond: (s_nationkey = nation.n_nationkey)
                                 Heap Blocks: exact=1857
                                 ->  Bitmap Index Scan on idx_supplier_nation_key  (cost=0.00..46.29 rows=4000 width=0) (actual time=0.518..0.518 rows=4010 loops=1)
                                       Index Cond: (s_nationkey = nation.n_nationkey)
                     ->  Index Scan using idx_partsupp_suppkey on partsupp  (cost=0.43..9.02 rows=77 width=18) (actual time=0.007..0.141 rows=80 loops=4010)
                           Index Cond: (ps_suppkey = supplier.s_suppkey)
 Settings: max_parallel_workers_per_gather = '0', work_mem = '128MB'
 Planning Time: 1.469 ms
 Execution Time: 1723.064 ms
(38 rows)

===== 12.sql jit=on =====
                                                                                                                    QUERY PLAN                                                                                                                     
---------------------------------------------------------------------------------------------------------------------------------------------------------------------------------------------------------------------------------------------------
 Limit  (cost=3030627.79..3031457.23 rows=1 width=27) (actual time=17794.978..17794.981 rows=1 loops=1)
   ->  GroupAggregate  (cost=3030627.79..3036433.88 rows=7 width=27) (actual time=17407.744..17407.746 rows=1 loops=1)
         Group Key: lineitem.l_shipmode
         ->  Sort  (cost=3030627.79..3031353.54 rows=290301 width=27) (actual time=17367.147..17374.529 rows=155572 loops=1)
               Sort Key: lineitem.l_shipmode
               Sort Method: quicksort  Memory: 36606kB
               ->  Hash Join  (cost=2477949.27..3004287.05 rows=290301 width=27) (actual time=12968.115..17280.693 rows=311258 loops=1)
                     Hash Cond: (orders.o_orderkey = lineitem.l_orderkey)
                     ->  Seq Scan on orders  (cost=0.00..410925.01 rows=15001301 width=20) (actual time=0.039..1823.348 rows=15000000 loops=1)
                     ->  Hash  (cost=2474320.51..2474320.51 rows=290301 width=15) (actual time=12966.876..12966.877 rows=311258 loops=1)
                           Buckets: 524288  Batches: 1  Memory Usage: 18687kB
                           ->  Seq Scan on lineitem  (cost=0.00..2474320.51 rows=290301 width=15) (actual time=0.422..12857.024 rows=311258 loops=1)
                                 Filter: ((l_shipmode = ANY ('{SHIP,"REG AIR"}'::bpchar[])) AND (l_commitdate < l_receiptdate) AND (l_shipdate < l_commitdate) AND (l_receiptdate >= '1994-01-01'::date) AND (l_receiptdate < '1995-01-01'::date))
                                 Rows Removed by Filter: 59674794
 Settings: max_parallel_workers_per_gather = '0', work_mem = '128MB'
 Planning Time: 0.900 ms
 JIT:
   Functions: 19
   Options: Inlining true, Optimization true, Expressions true, Deforming true
   Timing: Generation 2.705 ms, Inlining 59.995 ms, Optimization 215.808 ms, Emission 111.139 ms, Total 389.647 ms
 Execution Time: 17840.649 ms
(21 rows)

===== 13.sql jit=on =====
                                                                                    QUERY PLAN                                                                                     
-----------------------------------------------------------------------------------------------------------------------------------------------------------------------------------
 Limit  (cost=1533943.77..1533943.77 rows=1 width=16) (actual time=16221.532..16221.536 rows=1 loops=1)
   ->  Sort  (cost=1533943.77..1533944.27 rows=200 width=16) (actual time=15985.029..15985.032 rows=1 loops=1)
         Sort Key: (count(*)) DESC, (count(orders.o_orderkey)) DESC
         Sort Method: top-N heapsort  Memory: 25kB
         ->  HashAggregate  (cost=1533940.77..1533942.77 rows=200 width=16) (actual time=15984.973..15984.982 rows=46 loops=1)
               Group Key: count(orders.o_orderkey)
               Batches: 1  Memory Usage: 40kB
               ->  HashAggregate  (cost=1380425.14..1511439.70 rows=1500071 width=12) (actual time=15214.383..15809.254 rows=1500000 loops=1)
                     Group Key: customer.c_custkey
                     Batches: 5  Memory Usage: 131121kB  Disk Usage: 27424kB
                     ->  Hash Right Join  (cost=57716.38..545125.41 rows=14849773 width=8) (actual time=395.300..10517.288 rows=15337604 loops=1)
                           Hash Cond: (orders.o_custkey = customer.c_custkey)
                           ->  Seq Scan on orders  (cost=0.00..448428.26 rows=14849773 width=8) (actual time=0.063..4941.822 rows=14837583 loops=1)
                                 Filter: ((o_comment)::text !~~ '%special%requests%'::text)
                                 Rows Removed by Filter: 162417
                           ->  Hash  (cost=38965.49..38965.49 rows=1500071 width=4) (actual time=390.872..390.873 rows=1500000 loops=1)
                                 Buckets: 2097152  Batches: 1  Memory Usage: 69119kB
                                 ->  Index Only Scan using customer_pkey on customer  (cost=0.43..38965.49 rows=1500071 width=4) (actual time=0.021..131.353 rows=1500000 loops=1)
                                       Heap Fetches: 0
 Settings: max_parallel_workers_per_gather = '0', work_mem = '128MB'
 Planning Time: 0.811 ms
 JIT:
   Functions: 25
   Options: Inlining true, Optimization true, Expressions true, Deforming true
   Timing: Generation 3.187 ms, Inlining 64.013 ms, Optimization 147.965 ms, Emission 69.281 ms, Total 284.447 ms
 Execution Time: 16267.863 ms
(26 rows)

===== 14.sql jit=on =====
                                                                            QUERY PLAN                                                                            
------------------------------------------------------------------------------------------------------------------------------------------------------------------
 Limit  (cost=1216197.81..1216197.82 rows=1 width=32) (actual time=4212.148..4212.151 rows=1 loops=1)
   ->  Aggregate  (cost=1216197.81..1216197.82 rows=1 width=32) (actual time=3941.188..3941.191 rows=1 loops=1)
         ->  Hash Join  (cost=118580.05..1203284.48 rows=737904 width=33) (actual time=944.888..3512.279 rows=772942 loops=1)
               Hash Cond: (lineitem.l_partkey = part.p_partkey)
               ->  Bitmap Heap Scan on lineitem  (cost=18944.08..1080830.52 rows=737904 width=16) (actual time=286.740..2192.007 rows=772942 loops=1)
                     Recheck Cond: ((l_shipdate >= '1994-05-01'::date) AND (l_shipdate < '1994-06-01'::date))
                     Heap Blocks: exact=416660
                     ->  Bitmap Index Scan on idx_lineitem_shipdate  (cost=0.00..18759.60 rows=737904 width=0) (actual time=160.915..160.915 rows=772942 loops=1)
                           Index Cond: ((l_shipdate >= '1994-05-01'::date) AND (l_shipdate < '1994-06-01'::date))
               ->  Hash  (cost=60962.43..60962.43 rows=2000043 width=25) (actual time=653.624..653.625 rows=2000000 loops=1)
                     Buckets: 2097152  Batches: 2  Memory Usage: 74141kB
                     ->  Seq Scan on part  (cost=0.00..60962.43 rows=2000043 width=25) (actual time=0.044..282.493 rows=2000000 loops=1)
 Settings: max_parallel_workers_per_gather = '0', work_mem = '128MB'
 Planning Time: 1.160 ms
 JIT:
   Functions: 15
   Options: Inlining true, Optimization true, Expressions true, Deforming true
   Timing: Generation 2.078 ms, Inlining 63.583 ms, Optimization 135.166 ms, Emission 71.971 ms, Total 272.798 ms
 Execution Time: 4245.605 ms
(19 rows)

===== 15.sql jit=on =====
                                                                       QUERY PLAN                                                                       
--------------------------------------------------------------------------------------------------------------------------------------------------------
 HashAggregate  (cost=1240439.86..1241680.96 rows=99288 width=36) (actual time=5667.965..5712.340 rows=100000 loops=1)
   Group Key: l_suppkey
   Batches: 1  Memory Usage: 47121kB
   ->  Bitmap Heap Scan on lineitem  (cost=57063.96..1218212.16 rows=2222770 width=16) (actual time=578.312..3569.433 rows=2265714 loops=1)
         Recheck Cond: ((l_shipdate >= '1996-01-01'::date) AND (l_shipdate < '1996-04-01'::date))
         Heap Blocks: exact=668609
         ->  Bitmap Index Scan on idx_lineitem_shipdate  (cost=0.00..56508.26 rows=2222770 width=0) (actual time=376.300..376.300 rows=2265714 loops=1)
               Index Cond: ((l_shipdate >= '1996-01-01'::date) AND (l_shipdate < '1996-04-01'::date))
 Settings: max_parallel_workers_per_gather = '0', work_mem = '128MB'
 Planning Time: 0.629 ms
 JIT:
   Functions: 9
   Options: Inlining true, Optimization true, Expressions true, Deforming true
   Timing: Generation 1.425 ms, Inlining 58.635 ms, Optimization 107.000 ms, Emission 54.809 ms, Total 221.869 ms
 Execution Time: 5747.120 ms
(15 rows)

CREATE VIEW
                                                                                   QUERY PLAN                                                                                   
--------------------------------------------------------------------------------------------------------------------------------------------------------------------------------
 Limit  (cost=2484878.71..2484888.97 rows=1 width=103) (actual time=10985.882..10985.887 rows=1 loops=1)
   InitPlan 1 (returns $0)
     ->  Aggregate  (cost=1242922.06..1242922.07 rows=1 width=32) (actual time=5251.924..5251.926 rows=1 loops=1)
           ->  HashAggregate  (cost=1240439.86..1241680.96 rows=99288 width=36) (actual time=5200.187..5244.379 rows=100000 loops=1)
                 Group Key: lineitem_1.l_suppkey
                 Batches: 1  Memory Usage: 47121kB
                 ->  Bitmap Heap Scan on lineitem lineitem_1  (cost=57063.96..1218212.16 rows=2222770 width=16) (actual time=559.159..3366.564 rows=2265714 loops=1)
                       Recheck Cond: ((l_shipdate >= '1996-01-01'::date) AND (l_shipdate < '1996-04-01'::date))
                       Heap Blocks: exact=668609
                       ->  Bitmap Index Scan on idx_lineitem_shipdate  (cost=0.00..56508.26 rows=2222770 width=0) (actual time=358.711..358.711 rows=2265714 loops=1)
                             Index Cond: ((l_shipdate >= '1996-01-01'::date) AND (l_shipdate < '1996-04-01'::date))
   ->  Merge Join  (cost=1241956.64..1247044.54 rows=496 width=103) (actual time=10536.116..10536.118 rows=1 loops=1)
         Merge Cond: (supplier.s_suppkey = revenue0.supplier_no)
         ->  Index Scan using supplier_pkey on supplier  (cost=0.29..4830.75 rows=100000 width=71) (actual time=0.348..14.438 rows=69998 loops=1)
         ->  Sort  (cost=1241956.35..1241957.59 rows=496 width=36) (actual time=10517.778..10517.780 rows=1 loops=1)
               Sort Key: revenue0.supplier_no
               Sort Method: quicksort  Memory: 25kB
               ->  Subquery Scan on revenue0  (cost=1240439.86..1241934.14 rows=496 width=36) (actual time=10485.822..10517.768 rows=1 loops=1)
                     ->  HashAggregate  (cost=1240439.86..1241929.18 rows=496 width=36) (actual time=10485.819..10517.764 rows=1 loops=1)
                           Group Key: lineitem.l_suppkey
                           Filter: (sum((lineitem.l_extendedprice * ('1'::numeric - lineitem.l_discount))) = $0)
                           Batches: 1  Memory Usage: 47121kB
                           Rows Removed by Filter: 99999
                           ->  Bitmap Heap Scan on lineitem  (cost=57063.96..1218212.16 rows=2222770 width=16) (actual time=551.854..3383.662 rows=2265714 loops=1)
                                 Recheck Cond: ((l_shipdate >= '1996-01-01'::date) AND (l_shipdate < '1996-04-01'::date))
                                 Heap Blocks: exact=668609
                                 ->  Bitmap Index Scan on idx_lineitem_shipdate  (cost=0.00..56508.26 rows=2222770 width=0) (actual time=351.181..351.181 rows=2265714 loops=1)
                                       Index Cond: ((l_shipdate >= '1996-01-01'::date) AND (l_shipdate < '1996-04-01'::date))
 Settings: max_parallel_workers_per_gather = '0', work_mem = '128MB'
 Planning Time: 0.506 ms
 JIT:
   Functions: 30
   Options: Inlining true, Optimization true, Expressions true, Deforming true
   Timing: Generation 4.081 ms, Inlining 20.321 ms, Optimization 282.452 ms, Emission 146.625 ms, Total 453.479 ms
 Execution Time: 10999.176 ms
(35 rows)

DROP VIEW
===== 16.sql jit=on =====
                                                                                         QUERY PLAN                                                                                         
--------------------------------------------------------------------------------------------------------------------------------------------------------------------------------------------
 Limit  (cost=402391.36..402391.36 rows=1 width=44) (actual time=6983.014..6983.017 rows=1 loops=1)
   ->  Sort  (cost=402391.36..402774.23 rows=153147 width=44) (actual time=6963.032..6963.035 rows=1 loops=1)
         Sort Key: (count(DISTINCT partsupp.ps_suppkey)) DESC, part.p_brand, part.p_type, part.p_size
         Sort Method: top-N heapsort  Memory: 25kB
         ->  GroupAggregate  (cost=392739.67..401625.63 rows=153147 width=44) (actual time=6517.327..6956.819 rows=27838 loops=1)
               Group Key: part.p_brand, part.p_type, part.p_size
               ->  Sort  (cost=392739.67..394210.57 rows=588359 width=40) (actual time=6517.268..6618.848 rows=1186319 loops=1)
                     Sort Key: part.p_brand, part.p_type, part.p_size
                     Sort Method: quicksort  Memory: 122929kB
                     ->  Hash Join  (cost=98106.82..336356.23 rows=588359 width=40) (actual time=658.116..3418.991 rows=1186319 loops=1)
                           Hash Cond: (partsupp.ps_partkey = part.p_partkey)
                           ->  Index Only Scan using partsupp_pkey on partsupp  (cost=3466.46..231215.75 rows=4000037 width=8) (actual time=33.734..1725.922 rows=7995520 loops=1)
                                 Filter: (NOT (hashed SubPlan 1))
                                 Rows Removed by Filter: 4480
                                 Heap Fetches: 0
                                 SubPlan 1
                                   ->  Seq Scan on supplier  (cost=0.00..3466.00 rows=10 width=4) (actual time=4.129..32.949 rows=56 loops=1)
                                         Filter: ((s_comment)::text ~~ '%Customer%Complaints%'::text)
                                         Rows Removed by Filter: 99944
                           ->  Hash  (cost=90963.08..90963.08 rows=294183 width=40) (actual time=623.224..623.224 rows=296733 loops=1)
                                 Buckets: 524288  Batches: 1  Memory Usage: 25593kB
                                 ->  Seq Scan on part  (cost=0.00..90963.08 rows=294183 width=40) (actual time=0.050..546.050 rows=296733 loops=1)
                                       Filter: ((p_brand <> 'Brand#12'::bpchar) AND ((p_type)::text !~~ 'SMALL BRUSHED%'::text) AND (p_size = ANY ('{12,32,36,26,40,34,49,9}'::integer[])))
                                       Rows Removed by Filter: 1703267
 Settings: max_parallel_workers_per_gather = '0', work_mem = '128MB'
 Planning Time: 0.942 ms
 JIT:
   Functions: 32
   Options: Inlining false, Optimization false, Expressions true, Deforming true
   Timing: Generation 4.056 ms, Inlining 0.000 ms, Optimization 1.038 ms, Emission 22.641 ms, Total 27.735 ms
 Execution Time: 7018.057 ms
(31 rows)

===== 17-flattened.sql jit=on =====
                                                          QUERY PLAN                                                           
-------------------------------------------------------------------------------------------------------------------------------
 HashAggregate  (cost=5567562.93..6181442.00 rows=1869180 width=36) (actual time=37699.087..62880.562 rows=2000000 loops=1)
   Group Key: l_partkey
   Planned Partitions: 8  Batches: 9  Memory Usage: 135249kB  Disk Usage: 1846896kB
   ->  Seq Scan on lineitem  (cost=0.00..1724443.56 rows=59990156 width=9) (actual time=0.319..8870.482 rows=59986052 loops=1)
 Settings: max_parallel_workers_per_gather = '0', work_mem = '128MB'
 Planning Time: 0.472 ms
 JIT:
   Functions: 11
   Options: Inlining true, Optimization true, Expressions true, Deforming true
   Timing: Generation 2.140 ms, Inlining 81.115 ms, Optimization 109.704 ms, Emission 55.627 ms, Total 248.586 ms
 Execution Time: 63104.097 ms
(11 rows)

SELECT 2000000
CREATE INDEX
ANALYZE
                                                                                 QUERY PLAN                                                                                 
----------------------------------------------------------------------------------------------------------------------------------------------------------------------------
 Limit  (cost=251602.04..251602.06 rows=1 width=32) (actual time=485.433..485.435 rows=1 loops=1)
   ->  Aggregate  (cost=251602.04..251602.06 rows=1 width=32) (actual time=465.591..465.592 rows=1 loops=1)
         ->  Nested Loop  (cost=0.87..251549.38 rows=21066 width=8) (actual time=1.409..464.271 rows=5319 loops=1)
               Join Filter: (part.p_partkey = lineitem.l_partkey)
               ->  Nested Loop  (cost=0.43..86757.33 rows=2107 width=21) (actual time=1.391..408.076 rows=1996 loops=1)
                     ->  Seq Scan on part  (cost=0.00..70962.65 rows=2107 width=4) (actual time=1.366..392.202 rows=1996 loops=1)
                           Filter: ((p_brand = 'Brand#22'::bpchar) AND (p_container = 'LG BOX'::bpchar))
                           Rows Removed by Filter: 1998004
                     ->  Index Scan using idx_tmp_avg_quantity on tmp_avg_quantity part_agg  (cost=0.43..7.49 rows=1 width=17) (actual time=0.007..0.007 rows=1 loops=1996)
                           Index Cond: (agg_partkey = part.p_partkey)
               ->  Index Scan using idx_lineitem_part_supp on lineitem  (cost=0.44..78.07 rows=11 width=17) (actual time=0.011..0.027 rows=3 loops=1996)
                     Index Cond: (l_partkey = part_agg.agg_partkey)
                     Filter: (l_quantity < part_agg.avg_quantity)
                     Rows Removed by Filter: 27
 Settings: max_parallel_workers_per_gather = '0', work_mem = '128MB'
 Planning Time: 0.706 ms
 JIT:
   Functions: 20
   Options: Inlining false, Optimization false, Expressions true, Deforming true
   Timing: Generation 2.597 ms, Inlining 0.000 ms, Optimization 4.134 ms, Emission 15.470 ms, Total 22.201 ms
 Execution Time: 488.114 ms
(21 rows)

DROP TABLE
===== 17.sql jit=on =====
                                                                            QUERY PLAN                                                                            
------------------------------------------------------------------------------------------------------------------------------------------------------------------
 Limit  (cost=6429046.03..6429046.04 rows=1 width=32) (actual time=63860.179..63860.183 rows=1 loops=1)
   ->  Aggregate  (cost=6429046.03..6429046.04 rows=1 width=32) (actual time=63487.298..63487.301 rows=1 loops=1)
         ->  Nested Loop  (cost=5638552.35..6428996.81 rows=19688 width=8) (actual time=38025.600..63486.135 rows=5319 loops=1)
               Join Filter: (part.p_partkey = lineitem.l_partkey)
               ->  Hash Join  (cost=5638551.91..6276029.39 rows=1969 width=40) (actual time=38024.880..63427.055 rows=1996 loops=1)
                     Hash Cond: (lineitem_1.l_partkey = part.p_partkey)
                     ->  HashAggregate  (cost=5567562.93..6181442.00 rows=1869180 width=36) (actual time=37685.725..62923.685 rows=2000000 loops=1)
                           Group Key: lineitem_1.l_partkey
                           Planned Partitions: 8  Batches: 9  Memory Usage: 135249kB  Disk Usage: 1846896kB
                           ->  Seq Scan on lineitem lineitem_1  (cost=0.00..1724443.56 rows=59990156 width=9) (actual time=0.412..8890.513 rows=59986052 loops=1)
                     ->  Hash  (cost=70962.65..70962.65 rows=2107 width=4) (actual time=337.409..337.409 rows=1996 loops=1)
                           Buckets: 4096  Batches: 1  Memory Usage: 103kB
                           ->  Seq Scan on part  (cost=0.00..70962.65 rows=2107 width=4) (actual time=1.185..336.588 rows=1996 loops=1)
                                 Filter: ((p_brand = 'Brand#22'::bpchar) AND (p_container = 'LG BOX'::bpchar))
                                 Rows Removed by Filter: 1998004
               ->  Index Scan using idx_lineitem_part_supp on lineitem  (cost=0.44..77.55 rows=11 width=17) (actual time=0.013..0.028 rows=3 loops=1996)
                     Index Cond: (l_partkey = lineitem_1.l_partkey)
                     Filter: (l_quantity < ((0.2 * avg(lineitem_1.l_quantity))))
                     Rows Removed by Filter: 27
 Settings: max_parallel_workers_per_gather = '0', work_mem = '128MB'
 Planning Time: 1.095 ms
 JIT:
   Functions: 33
   Options: Inlining true, Optimization true, Expressions true, Deforming true
   Timing: Generation 4.750 ms, Inlining 106.543 ms, Optimization 246.755 ms, Emission 120.183 ms, Total 478.231 ms
 Execution Time: 64024.807 ms
(26 rows)

===== 18.sql jit=on =====
                                                                                                 QUERY PLAN                                                                                                  
-------------------------------------------------------------------------------------------------------------------------------------------------------------------------------------------------------------
 Limit  (cost=9939212.59..9939212.84 rows=100 width=71) (actual time=50709.353..50709.368 rows=99 loops=1)
   ->  Sort  (cost=9939212.59..9989191.85 rows=19991705 width=71) (actual time=50372.142..50372.151 rows=99 loops=1)
         Sort Key: orders.o_totalprice DESC, orders.o_orderdate
         Sort Method: quicksort  Memory: 32kB
         ->  HashAggregate  (cost=8573830.99..9175144.00 rows=19991705 width=71) (actual time=50370.561..50372.023 rows=99 loops=1)
               Group Key: customer.c_custkey, orders.o_orderkey
               Planned Partitions: 64  Batches: 1  Memory Usage: 12369kB
               ->  Hash Join  (cost=69641.55..6618392.35 rows=19991705 width=44) (actual time=1674.789..50369.570 rows=693 loops=1)
                     Hash Cond: (orders.o_custkey = customer.c_custkey)
                     ->  Merge Join  (cost=62.95..6496335.38 rows=19991705 width=25) (actual time=1116.982..49811.316 rows=693 loops=1)
                           Merge Cond: (orders.o_orderkey = lineitem.l_orderkey)
                           ->  Merge Join  (cost=1.00..3729851.52 rows=4999180 width=24) (actual time=809.644..35176.523 rows=99 loops=1)
                                 Merge Cond: (orders.o_orderkey = lineitem_1.l_orderkey)
                                 ->  Index Scan using orders_pkey on orders  (cost=0.43..650458.95 rows=15001301 width=20) (actual time=0.449..3110.522 rows=14982724 loops=1)
                                 ->  GroupAggregate  (cost=0.56..2929407.77 rows=4999180 width=4) (actual time=711.270..31226.463 rows=99 loops=1)
                                       Group Key: lineitem_1.l_orderkey
                                       Filter: (sum(lineitem_1.l_quantity) > '313'::numeric)
                                       Rows Removed by Filter: 14999901
                                       ->  Index Scan using idx_lineitem_orderkey on lineitem lineitem_1  (cost=0.56..2404493.90 rows=59990156 width=9) (actual time=1.116..14961.572 rows=59986052 loops=1)
                           ->  Index Scan using idx_lineitem_orderkey on lineitem  (cost=0.56..2404493.90 rows=59990156 width=9) (actual time=0.017..10513.012 rows=59916431 loops=1)
                     ->  Hash  (cost=50827.71..50827.71 rows=1500071 width=23) (actual time=553.397..553.398 rows=1500000 loops=1)
                           Buckets: 2097152  Batches: 1  Memory Usage: 98416kB
                           ->  Seq Scan on customer  (cost=0.00..50827.71 rows=1500071 width=23) (actual time=0.428..235.309 rows=1500000 loops=1)
 Settings: max_parallel_workers_per_gather = '0', work_mem = '128MB'
 Planning Time: 10.663 ms
 JIT:
   Functions: 30
   Options: Inlining true, Optimization true, Expressions true, Deforming true
   Timing: Generation 3.486 ms, Inlining 61.949 ms, Optimization 177.070 ms, Emission 97.916 ms, Total 340.422 ms
 Execution Time: 50803.286 ms
(30 rows)

===== 19.sql jit=on =====
                                                                                                                                                                                                                                                                                                                                                                                                                                                                                                            QUERY PLAN                                                                                                                                                                                                                                                                                                                                                                                                                                                                                                            
----------------------------------------------------------------------------------------------------------------------------------------------------------------------------------------------------------------------------------------------------------------------------------------------------------------------------------------------------------------------------------------------------------------------------------------------------------------------------------------------------------------------------------------------------------------------------------------------------------------------------------------------------------------------------------------------------------------------------------------------------------------------------------------------------------------------------------------------------------------------------------------------------------------------------------------------------------------------------------------------------------------------------------
 Limit  (cost=728451.52..728451.53 rows=1 width=32) (actual time=1419.311..1419.313 rows=1 loops=1)
   ->  Aggregate  (cost=728451.52..728451.53 rows=1 width=32) (actual time=1065.467..1065.468 rows=1 loops=1)
         ->  Nested Loop  (cost=0.44..728443.20 rows=1110 width=12) (actual time=2.918..1064.035 rows=1063 loops=1)
               ->  Seq Scan on part  (cost=0.00..125963.83 rows=4749 width=30) (actual time=0.283..425.164 rows=4781 loops=1)
                     Filter: ((p_size >= 1) AND (((p_brand = 'Brand#24'::bpchar) AND (p_container = ANY ('{"SM CASE","SM BOX","SM PACK","SM PKG"}'::bpchar[])) AND (p_size <= 5)) OR ((p_brand = 'Brand#43'::bpchar) AND (p_container = ANY ('{"MED BAG","MED BOX","MED PKG","MED PACK"}'::bpchar[])) AND (p_size <= 10)) OR ((p_brand = 'Brand#44'::bpchar) AND (p_container = ANY ('{"LG CASE","LG BOX","LG PACK","LG PKG"}'::bpchar[])) AND (p_size <= 15))))
                     Rows Removed by Filter: 1995219
               ->  Index Scan using idx_lineitem_part_supp on lineitem  (cost=0.44..126.85 rows=1 width=21) (actual time=0.120..0.133 rows=0 loops=4781)
                     Index Cond: (l_partkey = part.p_partkey)
                     Filter: ((l_shipmode = ANY ('{AIR,"AIR REG"}'::bpchar[])) AND (l_shipinstruct = 'DELIVER IN PERSON'::bpchar) AND (((l_quantity >= '10'::numeric) AND (l_quantity <= '20'::numeric)) OR ((l_quantity >= '10'::numeric) AND (l_quantity <= '20'::numeric)) OR ((l_quantity >= '20'::numeric) AND (l_quantity <= '30'::numeric))) AND (((part.p_brand = 'Brand#24'::bpchar) AND (part.p_container = ANY ('{"SM CASE","SM BOX","SM PACK","SM PKG"}'::bpchar[])) AND (l_quantity >= '10'::numeric) AND (l_quantity <= '20'::numeric) AND (part.p_size <= 5)) OR ((part.p_brand = 'Brand#43'::bpchar) AND (part.p_container = ANY ('{"MED BAG","MED BOX","MED PKG","MED PACK"}'::bpchar[])) AND (l_quantity >= '10'::numeric) AND (l_quantity <= '20'::numeric) AND (part.p_size <= 10)) OR ((part.p_brand = 'Brand#44'::bpchar) AND (part.p_container = ANY ('{"LG CASE","LG BOX","LG PACK","LG PKG"}'::bpchar[])) AND (l_quantity >= '20'::numeric) AND (l_quantity <= '30'::numeric) AND (part.p_size <= 15))))
                     Rows Removed by Filter: 30
 Settings: max_parallel_workers_per_gather = '0', work_mem = '128MB'
 Planning Time: 1.377 ms
 JIT:
   Functions: 12
   Options: Inlining true, Optimization true, Expressions true, Deforming true
   Timing: Generation 2.612 ms, Inlining 62.531 ms, Optimization 182.848 ms, Emission 108.166 ms, Total 356.156 ms
 Execution Time: 1449.056 ms
(17 rows)

===== 1.sql jit=on =====
                                                                 QUERY PLAN                                                                  
---------------------------------------------------------------------------------------------------------------------------------------------
 Limit  (cost=3948247.96..3948247.97 rows=1 width=236) (actual time=83385.265..83385.266 rows=1 loops=1)
   ->  Sort  (cost=3948247.96..3948247.98 rows=6 width=236) (actual time=83046.348..83046.349 rows=1 loops=1)
         Sort Key: l_returnflag, l_linestatus
         Sort Method: top-N heapsort  Memory: 25kB
         ->  HashAggregate  (cost=3948247.77..3948247.93 rows=6 width=236) (actual time=83046.286..83046.296 rows=4 loops=1)
               Group Key: l_returnflag, l_linestatus
               Batches: 1  Memory Usage: 32kB
               ->  Seq Scan on lineitem  (cost=0.00..1874418.95 rows=59252252 width=25) (actual time=0.047..11076.752 rows=59284448 loops=1)
                     Filter: (l_shipdate <= '1998-09-10 00:00:00'::timestamp without time zone)
                     Rows Removed by Filter: 701604
 Settings: max_parallel_workers_per_gather = '0', work_mem = '128MB'
 Planning Time: 2.098 ms
 JIT:
   Functions: 10
   Options: Inlining true, Optimization true, Expressions true, Deforming true
   Timing: Generation 2.211 ms, Inlining 66.432 ms, Optimization 171.674 ms, Emission 100.531 ms, Total 340.849 ms
 Execution Time: 83478.231 ms
(17 rows)

===== 20-flattened.sql jit=on =====
                                                                        QUERY PLAN                                                                         
-----------------------------------------------------------------------------------------------------------------------------------------------------------
 HashAggregate  (cost=2093194.81..2253796.84 rows=4825929 width=40) (actual time=112298.773..120081.615 rows=5448842 loops=1)
   Group Key: l_partkey, l_suppkey
   Planned Partitions: 16  Batches: 81  Memory Usage: 135313kB  Disk Usage: 342848kB
   ->  Bitmap Heap Scan on lineitem  (cost=231897.03..1491934.35 rows=9033021 width=13) (actual time=1813.229..103631.723 rows=9123688 loops=1)
         Recheck Cond: ((l_shipdate >= '1996-01-01'::date) AND (l_shipdate < '1997-01-01'::date))
         Heap Blocks: exact=1048319
         ->  Bitmap Index Scan on idx_lineitem_shipdate  (cost=0.00..229638.78 rows=9033021 width=0) (actual time=1453.298..1453.298 rows=9123688 loops=1)
               Index Cond: ((l_shipdate >= '1996-01-01'::date) AND (l_shipdate < '1997-01-01'::date))
 Settings: max_parallel_workers_per_gather = '0', work_mem = '128MB'
 Planning Time: 3.433 ms
 JIT:
   Functions: 13
   Options: Inlining true, Optimization true, Expressions true, Deforming true
   Timing: Generation 2.879 ms, Inlining 80.926 ms, Optimization 162.844 ms, Emission 84.583 ms, Total 331.231 ms
 Execution Time: 120312.365 ms
(15 rows)

SELECT 5448842
CREATE INDEX
ANALYZE
                                                                                   QUERY PLAN                                                                                   
--------------------------------------------------------------------------------------------------------------------------------------------------------------------------------
 Limit  (cost=58288.62..58288.62 rows=1 width=51) (actual time=5643.243..5643.246 rows=1 loops=1)
   ->  Sort  (cost=58288.62..58288.62 rows=1 width=51) (actual time=5643.242..5643.244 rows=1 loops=1)
         Sort Key: supplier.s_name
         Sort Method: top-N heapsort  Memory: 25kB
         ->  Nested Loop Semi Join  (cost=48.59..58288.61 rows=1 width=51) (actual time=10.702..5638.869 rows=1821 loops=1)
               ->  Nested Loop  (cost=47.29..2404.57 rows=4000 width=55) (actual time=2.335..16.929 rows=4095 loops=1)
                     ->  Seq Scan on nation  (cost=0.00..1.31 rows=1 width=4) (actual time=0.189..0.193 rows=1 loops=1)
                           Filter: (n_name = 'IRAQ'::bpchar)
                           Rows Removed by Filter: 24
                     ->  Bitmap Heap Scan on supplier  (cost=47.29..2363.25 rows=4000 width=59) (actual time=2.135..15.528 rows=4095 loops=1)
                           Recheck Cond: (s_nationkey = nation.n_nationkey)
                           Heap Blocks: exact=1867
                           ->  Bitmap Index Scan on idx_supplier_nation_key  (cost=0.00..46.29 rows=4000 width=0) (actual time=1.573..1.573 rows=4095 loops=1)
                                 Index Cond: (s_nationkey = nation.n_nationkey)
               ->  Nested Loop  (cost=1.30..13.96 rows=1 width=8) (actual time=1.372..1.372 rows=0 loops=4095)
                     Join Filter: (supplier.s_suppkey = agg_lineitem.agg_suppkey)
                     ->  Nested Loop  (cost=0.87..13.47 rows=1 width=16) (actual time=1.193..1.365 rows=1 loops=4095)
                           ->  Index Scan using idx_partsupp_suppkey on partsupp  (cost=0.43..9.02 rows=77 width=12) (actual time=0.018..0.999 rows=61 loops=4095)
                                 Index Cond: (ps_suppkey = supplier.s_suppkey)
                           ->  Memoize  (cost=0.44..0.48 rows=1 width=4) (actual time=0.006..0.006 rows=0 loops=248000)
                                 Cache Key: partsupp.ps_partkey
                                 Hits: 11702  Misses: 236298  Evictions: 0  Overflows: 0  Memory Usage: 15783kB
                                 ->  Index Scan using part_pkey on part  (cost=0.43..0.47 rows=1 width=4) (actual time=0.005..0.005 rows=0 loops=236298)
                                       Index Cond: (p_partkey = partsupp.ps_partkey)
                                       Filter: ((p_name)::text ~~ 'olive%'::text)
                                       Rows Removed by Filter: 1
                     ->  Index Scan using idx_tmp_agg_lineitem on tmp_agg_lineitem agg_lineitem  (cost=0.43..0.48 rows=1 width=13) (actual time=0.009..0.009 rows=1 loops=2732)
                           Index Cond: ((agg_partkey = partsupp.ps_partkey) AND (agg_suppkey = partsupp.ps_suppkey))
                           Filter: ((partsupp.ps_availqty)::numeric > agg_quantity)
                           Rows Removed by Filter: 0
 Settings: max_parallel_workers_per_gather = '0', work_mem = '128MB'
 Planning Time: 11.852 ms
 Execution Time: 5644.599 ms
(33 rows)

DROP TABLE
===== 20.sql jit=on =====
                                                                                          QUERY PLAN                                                                                           
-----------------------------------------------------------------------------------------------------------------------------------------------------------------------------------------------
 Limit  (cost=2416307.48..2416307.48 rows=1 width=51) (actual time=128862.013..128862.018 rows=1 loops=1)
   ->  Sort  (cost=2416307.48..2416307.48 rows=1 width=51) (actual time=128402.116..128402.120 rows=1 loops=1)
         Sort Key: supplier.s_name
         Sort Method: top-N heapsort  Memory: 25kB
         ->  Nested Loop Semi Join  (cost=2159410.30..2416307.47 rows=1 width=51) (actual time=102699.288..128398.934 rows=1821 loops=1)
               Join Filter: (supplier.s_suppkey = lineitem.l_suppkey)
               Rows Removed by Join Filter: 183310388
               ->  Nested Loop  (cost=0.00..4467.31 rows=4000 width=55) (actual time=0.033..26.554 rows=4095 loops=1)
                     Join Filter: (supplier.s_nationkey = nation.n_nationkey)
                     Rows Removed by Join Filter: 95905
                     ->  Seq Scan on nation  (cost=0.00..1.31 rows=1 width=4) (actual time=0.017..0.020 rows=1 loops=1)
                           Filter: (n_name = 'IRAQ'::bpchar)
                           Rows Removed by Filter: 24
                     ->  Seq Scan on supplier  (cost=0.00..3216.00 rows=100000 width=59) (actual time=0.010..18.787 rows=100000 loops=1)
               ->  Materialize  (cost=2159410.30..2411660.16 rows=3 width=8) (actual time=23.890..28.790 rows=44765 loops=4095)
                     ->  Nested Loop  (cost=2159410.30..2411660.15 rows=3 width=8) (actual time=97829.391..110699.895 rows=59002 loops=1)
                           ->  Hash Join  (cost=2159409.87..2380939.27 rows=48746 width=44) (actual time=97828.679..106681.490 rows=59125 loops=1)
                                 Hash Cond: (lineitem.l_partkey = part.p_partkey)
                                 ->  HashAggregate  (cost=2093194.81..2253796.84 rows=4825929 width=40) (actual time=97364.013..105466.716 rows=5448842 loops=1)
                                       Group Key: lineitem.l_partkey, lineitem.l_suppkey
                                       Planned Partitions: 16  Batches: 81  Memory Usage: 135313kB  Disk Usage: 342848kB
                                       ->  Bitmap Heap Scan on lineitem  (cost=231897.03..1491934.35 rows=9033021 width=13) (actual time=1823.987..89621.672 rows=9123688 loops=1)
                                             Recheck Cond: ((l_shipdate >= '1996-01-01'::date) AND (l_shipdate < '1997-01-01'::date))
                                             Heap Blocks: exact=1048319
                                             ->  Bitmap Index Scan on idx_lineitem_shipdate  (cost=0.00..229638.78 rows=9033021 width=0) (actual time=1463.594..1463.594 rows=9123688 loops=1)
                                                   Index Cond: ((l_shipdate >= '1996-01-01'::date) AND (l_shipdate < '1997-01-01'::date))
                                 ->  Hash  (cost=65962.54..65962.54 rows=20202 width=4) (actual time=464.547..464.548 rows=21718 loops=1)
                                       Buckets: 32768  Batches: 1  Memory Usage: 1020kB
                                       ->  Seq Scan on part  (cost=0.00..65962.54 rows=20202 width=4) (actual time=0.332..458.098 rows=21718 loops=1)
                                             Filter: ((p_name)::text ~~ 'olive%'::text)
                                             Rows Removed by Filter: 1978282
                           ->  Index Scan using partsupp_pkey on partsupp  (cost=0.43..0.62 rows=1 width=12) (actual time=0.067..0.067 rows=1 loops=59125)
                                 Index Cond: ((ps_partkey = lineitem.l_partkey) AND (ps_suppkey = lineitem.l_suppkey))
                                 Filter: ((ps_availqty)::numeric > ((0.5 * sum(lineitem.l_quantity))))
                                 Rows Removed by Filter: 0
 Settings: max_parallel_workers_per_gather = '0', work_mem = '128MB'
 Planning Time: 6.435 ms
 JIT:
   Functions: 42
   Options: Inlining true, Optimization true, Expressions true, Deforming true
   Timing: Generation 5.556 ms, Inlining 93.631 ms, Optimization 309.238 ms, Emission 158.701 ms, Total 567.126 ms
 Execution Time: 128937.492 ms
(42 rows)

===== 21.sql jit=on =====
                                                                                            QUERY PLAN                                                                                             
---------------------------------------------------------------------------------------------------------------------------------------------------------------------------------------------------
 Limit  (cost=4271973.62..4271973.63 rows=1 width=34) (actual time=54097.529..54097.547 rows=100 loops=1)
   ->  Sort  (cost=4271973.62..4271973.63 rows=1 width=34) (actual time=53571.889..53571.900 rows=100 loops=1)
         Sort Key: (count(*)) DESC, supplier.s_name
         Sort Method: top-N heapsort  Memory: 38kB
         ->  GroupAggregate  (cost=4271973.59..4271973.61 rows=1 width=34) (actual time=53563.491..53570.556 rows=3991 loops=1)
               Group Key: supplier.s_name
               ->  Sort  (cost=4271973.59..4271973.60 rows=1 width=26) (actual time=53563.461..53566.246 rows=39281 loops=1)
                     Sort Key: supplier.s_name
                     Sort Method: quicksort  Memory: 3378kB
                     ->  Nested Loop Semi Join  (cost=2204946.50..4271973.58 rows=1 width=26) (actual time=16911.181..53389.641 rows=39281 loops=1)
                           Join Filter: (l2.l_suppkey <> l1.l_suppkey)
                           Rows Removed by Join Filter: 42023
                           ->  Nested Loop  (cost=2204945.94..4271966.04 rows=1 width=38) (actual time=16900.784..47798.102 rows=65960 loops=1)
                                 ->  Hash Anti Join  (cost=2204945.50..4271958.73 rows=1 width=34) (actual time=16898.961..35563.448 rows=134155 loops=1)
                                       Hash Cond: (l1.l_orderkey = l3.l_orderkey)
                                       Join Filter: (l3.l_suppkey <> l1.l_suppkey)
                                       Rows Removed by Join Filter: 547662
                                       ->  Hash Join  (cost=2454.57..1959859.90 rows=799869 width=34) (actual time=20.522..13573.382 rows=1514267 loops=1)
                                             Hash Cond: (l1.l_suppkey = supplier.s_suppkey)
                                             ->  Seq Scan on lineitem l1  (cost=0.00..1874418.95 rows=19996719 width=8) (actual time=0.341..10061.684 rows=37929348 loops=1)
                                                   Filter: (l_receiptdate > l_commitdate)
                                                   Rows Removed by Filter: 22056704
                                             ->  Hash  (cost=2404.57..2404.57 rows=4000 width=30) (actual time=20.129..20.131 rows=3991 loops=1)
                                                   Buckets: 4096  Batches: 1  Memory Usage: 282kB
                                                   ->  Nested Loop  (cost=47.29..2404.57 rows=4000 width=30) (actual time=2.715..19.169 rows=3991 loops=1)
                                                         ->  Seq Scan on nation  (cost=0.00..1.31 rows=1 width=4) (actual time=0.269..0.273 rows=1 loops=1)
                                                               Filter: (n_name = 'PERU'::bpchar)
                                                               Rows Removed by Filter: 24
                                                         ->  Bitmap Heap Scan on supplier  (cost=47.29..2363.25 rows=4000 width=34) (actual time=2.436..18.394 rows=3991 loops=1)
                                                               Recheck Cond: (s_nationkey = nation.n_nationkey)
                                                               Heap Blocks: exact=1873
                                                               ->  Bitmap Index Scan on idx_supplier_nation_key  (cost=0.00..46.29 rows=4000 width=0) (actual time=1.704..1.704 rows=3991 loops=1)
                                                                     Index Cond: (s_nationkey = nation.n_nationkey)
                                       ->  Hash  (cost=1874418.95..1874418.95 rows=19996719 width=8) (actual time=16866.215..16866.215 rows=37929348 loops=1)
                                             Buckets: 4194304  Batches: 16  Memory Usage: 125295kB
                                             ->  Seq Scan on lineitem l3  (cost=0.00..1874418.95 rows=19996719 width=8) (actual time=0.027..10915.471 rows=37929348 loops=1)
                                                   Filter: (l_receiptdate > l_commitdate)
                                                   Rows Removed by Filter: 22056704
                                 ->  Index Scan using orders_pkey on orders  (cost=0.43..7.32 rows=1 width=4) (actual time=0.090..0.090 rows=0 loops=134155)
                                       Index Cond: (o_orderkey = l1.l_orderkey)
                                       Filter: (o_orderstatus = 'F'::bpchar)
                                       Rows Removed by Filter: 1
                           ->  Index Scan using idx_lineitem_orderkey on lineitem l2  (cost=0.56..7.52 rows=4 width=8) (actual time=0.083..0.083 rows=1 loops=65960)
                                 Index Cond: (l_orderkey = orders.o_orderkey)
 Settings: max_parallel_workers_per_gather = '0', work_mem = '128MB'
 Planning Time: 11.830 ms
 JIT:
   Functions: 47
   Options: Inlining true, Optimization true, Expressions true, Deforming true
   Timing: Generation 5.793 ms, Inlining 63.319 ms, Optimization 298.645 ms, Emission 163.299 ms, Total 531.056 ms
 Execution Time: 54206.783 ms
(51 rows)

===== 22.sql jit=on =====
                                                                          QUERY PLAN                                                                          
--------------------------------------------------------------------------------------------------------------------------------------------------------------
 Limit  (cost=163110.22..163110.25 rows=1 width=72) (actual time=2087.988..2087.991 rows=1 loops=1)
   InitPlan 1 (returns $0)
     ->  Aggregate  (cost=75323.42..75323.43 rows=1 width=32) (actual time=927.812..927.813 rows=1 loops=1)
           ->  Seq Scan on customer customer_1  (cost=0.00..75203.86 rows=47820 width=6) (actual time=0.014..884.663 rows=382426 loops=1)
                 Filter: ((c_acctbal > 0.00) AND (SUBSTRING(c_phone FROM 1 FOR 2) = ANY ('{21,29,26,34,14,15,17}'::text[])))
                 Rows Removed by Filter: 1117574
   ->  GroupAggregate  (cost=87786.79..87995.55 rows=7591 width=72) (actual time=2071.392..2071.393 rows=1 loops=1)
         Group Key: (SUBSTRING(customer.c_phone FROM 1 FOR 2))
         ->  Sort  (cost=87786.79..87805.77 rows=7591 width=38) (actual time=2069.367..2069.829 rows=9006 loops=1)
               Sort Key: (SUBSTRING(customer.c_phone FROM 1 FOR 2))
               Sort Method: quicksort  Memory: 4513kB
               ->  Nested Loop Anti Join  (cost=0.43..87297.55 rows=7591 width=38) (actual time=927.897..2046.232 rows=63509 loops=1)
                     ->  Seq Scan on customer  (cost=0.00..75203.86 rows=17501 width=26) (actual time=927.874..1621.944 rows=191129 loops=1)
                           Filter: ((c_acctbal > $0) AND (SUBSTRING(c_phone FROM 1 FOR 2) = ANY ('{21,29,26,34,14,15,17}'::text[])))
                           Rows Removed by Filter: 1308871
                     ->  Index Only Scan using idx_orders_custkey on orders  (cost=0.43..3.30 rows=18 width=4) (actual time=0.002..0.002 rows=1 loops=191129)
                           Index Cond: (o_custkey = customer.c_custkey)
                           Heap Fetches: 0
 Settings: max_parallel_workers_per_gather = '0', work_mem = '128MB'
 Planning Time: 0.891 ms
 JIT:
   Functions: 17
   Options: Inlining false, Optimization false, Expressions true, Deforming true
   Timing: Generation 2.495 ms, Inlining 0.000 ms, Optimization 0.699 ms, Emission 15.644 ms, Total 18.839 ms
 Execution Time: 2115.719 ms
(25 rows)

===== 2-flattened.sql jit=on =====
                                                                       QUERY PLAN                                                                        
---------------------------------------------------------------------------------------------------------------------------------------------------------
 HashAggregate  (cost=205782.40..210377.69 rows=459529 width=36) (actual time=3829.904..4350.454 rows=1182884 loops=1)
   Group Key: partsupp.ps_partkey
   Batches: 5  Memory Usage: 139313kB  Disk Usage: 15632kB
   ->  Nested Loop  (cost=42.10..198047.03 rows=1547074 width=10) (actual time=16.673..2968.639 rows=1604080 loops=1)
         ->  Nested Loop  (cost=41.67..2184.07 rows=20000 width=4) (actual time=16.654..70.800 rows=20051 loops=1)
               ->  Nested Loop  (cost=0.14..13.95 rows=5 width=4) (actual time=15.919..15.946 rows=5 loops=1)
                     Join Filter: (nation.n_regionkey = region.r_regionkey)
                     Rows Removed by Join Filter: 20
                     ->  Index Scan using nation_pkey on nation  (cost=0.14..12.51 rows=25 width=8) (actual time=0.037..0.049 rows=25 loops=1)
                     ->  Materialize  (cost=0.00..1.07 rows=1 width=4) (actual time=0.635..0.635 rows=1 loops=25)
                           ->  Seq Scan on region  (cost=0.00..1.06 rows=1 width=4) (actual time=15.863..15.865 rows=1 loops=1)
                                 Filter: (r_name = 'AMERICA'::bpchar)
                                 Rows Removed by Filter: 4
               ->  Bitmap Heap Scan on supplier  (cost=41.53..394.02 rows=4000 width=8) (actual time=0.673..10.098 rows=4010 loops=5)
                     Recheck Cond: (s_nationkey = nation.n_nationkey)
                     Heap Blocks: exact=9388
                     ->  Bitmap Index Scan on idx_supplier_nation_key  (cost=0.00..40.53 rows=4000 width=0) (actual time=0.416..0.416 rows=4010 loops=5)
                           Index Cond: (s_nationkey = nation.n_nationkey)
         ->  Index Scan using idx_partsupp_suppkey on partsupp  (cost=0.43..9.02 rows=77 width=14) (actual time=0.007..0.131 rows=80 loops=20051)
               Index Cond: (ps_suppkey = supplier.s_suppkey)
 Settings: max_parallel_workers_per_gather = '0', work_mem = '128MB'
 Planning Time: 1.237 ms
 JIT:
   Functions: 27
   Options: Inlining false, Optimization false, Expressions true, Deforming true
   Timing: Generation 3.694 ms, Inlining 0.000 ms, Optimization 1.106 ms, Emission 19.322 ms, Total 24.122 ms
 Execution Time: 4420.522 ms
(27 rows)

SELECT 1182884
CREATE INDEX
ANALYZE
                                                                             QUERY PLAN                                                                             
--------------------------------------------------------------------------------------------------------------------------------------------------------------------
 Limit  (cost=480024.56..480024.56 rows=1 width=192) (actual time=4024.662..4024.679 rows=100 loops=1)
   ->  Sort  (cost=480024.56..480024.56 rows=1 width=192) (actual time=3993.919..3993.929 rows=100 loops=1)
         Sort Key: supplier.s_acctbal DESC, nation.n_name, supplier.s_name, part.p_partkey
         Sort Method: top-N heapsort  Memory: 71kB
         ->  Hash Join  (cost=261615.69..480024.55 rows=1 width=192) (actual time=3174.664..3991.285 rows=4737 loops=1)
               Hash Cond: ((part.p_partkey = partsupp.ps_partkey) AND ((SubPlan 1) = partsupp.ps_supplycost))
               ->  Seq Scan on part  (cost=0.00..70962.65 rows=8640 width=30) (actual time=0.035..503.750 rows=8046 loops=1)
                     Filter: (((p_type)::text ~~ '%NICKEL'::text) AND (p_size = 16))
                     Rows Removed by Filter: 1991954
               ->  Hash  (cost=200638.58..200638.58 rows=1547074 width=172) (actual time=3173.615..3173.619 rows=1604080 loops=1)
                     Buckets: 1048576  Batches: 4  Memory Usage: 90233kB
                     ->  Nested Loop  (cost=2.00..200638.58 rows=1547074 width=172) (actual time=0.091..2383.432 rows=1604080 loops=1)
                           ->  Nested Loop  (cost=1.56..4775.62 rows=20000 width=166) (actual time=0.072..66.582 rows=20051 loops=1)
                                 Join Filter: (nation.n_regionkey = region.r_regionkey)
                                 Rows Removed by Join Filter: 79949
                                 ->  Seq Scan on region  (cost=0.00..1.06 rows=1 width=4) (actual time=0.031..0.033 rows=1 loops=1)
                                       Filter: (r_name = 'AMERICA'::bpchar)
                                       Rows Removed by Filter: 4
                                 ->  Hash Join  (cost=1.56..3524.56 rows=100000 width=170) (actual time=0.037..57.261 rows=100000 loops=1)
                                       Hash Cond: (supplier.s_nationkey = nation.n_nationkey)
                                       ->  Seq Scan on supplier  (cost=0.00..3216.00 rows=100000 width=144) (actual time=0.008..17.128 rows=100000 loops=1)
                                       ->  Hash  (cost=1.25..1.25 rows=25 width=34) (actual time=0.017..0.017 rows=25 loops=1)
                                             Buckets: 1024  Batches: 1  Memory Usage: 10kB
                                             ->  Seq Scan on nation  (cost=0.00..1.25 rows=25 width=34) (actual time=0.005..0.009 rows=25 loops=1)
                           ->  Index Scan using idx_partsupp_suppkey on partsupp  (cost=0.43..9.02 rows=77 width=14) (actual time=0.005..0.101 rows=80 loops=20051)
                                 Index Cond: (ps_suppkey = supplier.s_suppkey)
               SubPlan 1
                 ->  Index Scan using tmp_supplycost_idx on tmp_supplycost  (cost=0.43..8.45 rows=1 width=6) (actual time=0.004..0.004 rows=1 loops=12783)
                       Index Cond: (ps_partkey = part.p_partkey)
 Settings: max_parallel_workers_per_gather = '0', work_mem = '128MB'
 Planning Time: 1.371 ms
 JIT:
   Functions: 41
   Options: Inlining false, Optimization false, Expressions true, Deforming true
   Timing: Generation 4.608 ms, Inlining 0.000 ms, Optimization 1.457 ms, Emission 28.922 ms, Total 34.987 ms
 Execution Time: 4029.669 ms
(36 rows)

DROP TABLE
===== 2.sql jit=on =====
                                                                                        QUERY PLAN                                                                                         
-------------------------------------------------------------------------------------------------------------------------------------------------------------------------------------------
 Limit  (cost=1633983.94..1633983.94 rows=1 width=192) (actual time=6045.925..6045.942 rows=100 loops=1)
   ->  Sort  (cost=1633983.94..1633983.94 rows=1 width=192) (actual time=5282.518..5282.528 rows=100 loops=1)
         Sort Key: supplier.s_acctbal DESC, nation.n_name, supplier.s_name, part.p_partkey
         Sort Method: top-N heapsort  Memory: 71kB
         ->  Merge Join  (cost=491909.14..1633983.93 rows=1 width=192) (actual time=3807.609..5279.524 rows=4737 loops=1)
               Merge Cond: (part.p_partkey = partsupp.ps_partkey)
               Join Filter: (partsupp.ps_supplycost = (SubPlan 1))
               Rows Removed by Join Filter: 1661
               ->  Index Scan using part_pkey on part  (cost=0.43..102914.29 rows=8640 width=30) (actual time=0.049..585.279 rows=8046 loops=1)
                     Filter: (((p_type)::text ~~ '%NICKEL'::text) AND (p_size = 16))
                     Rows Removed by Filter: 1991954
               ->  Materialize  (cost=491884.88..499620.25 rows=1547074 width=172) (actual time=3807.380..4338.903 rows=1603828 loops=1)
                     ->  Sort  (cost=491884.88..495752.57 rows=1547074 width=172) (actual time=3807.376..4120.423 rows=1603828 loops=1)
                           Sort Key: partsupp.ps_partkey
                           Sort Method: external merge  Disk: 293456kB
                           ->  Nested Loop  (cost=2.00..200638.58 rows=1547074 width=172) (actual time=0.068..2584.566 rows=1604080 loops=1)
                                 ->  Nested Loop  (cost=1.56..4775.62 rows=20000 width=166) (actual time=0.051..56.231 rows=20051 loops=1)
                                       Join Filter: (nation.n_regionkey = region.r_regionkey)
                                       Rows Removed by Join Filter: 79949
                                       ->  Seq Scan on region  (cost=0.00..1.06 rows=1 width=4) (actual time=0.018..0.021 rows=1 loops=1)
                                             Filter: (r_name = 'AMERICA'::bpchar)
                                             Rows Removed by Filter: 4
                                       ->  Hash Join  (cost=1.56..3524.56 rows=100000 width=170) (actual time=0.029..48.243 rows=100000 loops=1)
                                             Hash Cond: (supplier.s_nationkey = nation.n_nationkey)
                                             ->  Seq Scan on supplier  (cost=0.00..3216.00 rows=100000 width=144) (actual time=0.003..15.219 rows=100000 loops=1)
                                             ->  Hash  (cost=1.25..1.25 rows=25 width=34) (actual time=0.015..0.016 rows=25 loops=1)
                                                   Buckets: 1024  Batches: 1  Memory Usage: 10kB
                                                   ->  Seq Scan on nation  (cost=0.00..1.25 rows=25 width=34) (actual time=0.004..0.008 rows=25 loops=1)
                                 ->  Index Scan using idx_partsupp_suppkey on partsupp  (cost=0.43..9.02 rows=77 width=14) (actual time=0.005..0.115 rows=80 loops=20051)
                                       Index Cond: (ps_suppkey = supplier.s_suppkey)
               SubPlan 1
                 ->  Aggregate  (cost=153.74..153.75 rows=1 width=32) (actual time=0.029..0.029 rows=1 loops=6398)
                       ->  Nested Loop  (cost=0.86..153.73 rows=3 width=6) (actual time=0.017..0.027 rows=2 loops=6398)
                             Join Filter: (nation_1.n_regionkey = region_1.r_regionkey)
                             Rows Removed by Join Filter: 2
                             ->  Seq Scan on region region_1  (cost=0.00..1.06 rows=1 width=4) (actual time=0.001..0.001 rows=1 loops=6398)
                                   Filter: (r_name = 'AMERICA'::bpchar)
                                   Rows Removed by Filter: 4
                             ->  Nested Loop  (cost=0.86..152.47 rows=16 width=10) (actual time=0.011..0.025 rows=4 loops=6398)
                                   ->  Nested Loop  (cost=0.72..150.00 rows=16 width=10) (actual time=0.009..0.019 rows=4 loops=6398)
                                         ->  Index Scan using idx_partsupp_partkey on partsupp partsupp_1  (cost=0.43..8.73 rows=17 width=10) (actual time=0.006..0.006 rows=4 loops=6398)
                                               Index Cond: (ps_partkey = part.p_partkey)
                                         ->  Index Scan using supplier_pkey on supplier supplier_1  (cost=0.29..8.31 rows=1 width=8) (actual time=0.003..0.003 rows=1 loops=25592)
                                               Index Cond: (s_suppkey = partsupp_1.ps_suppkey)
                                   ->  Index Scan using nation_pkey on nation nation_1  (cost=0.14..0.16 rows=1 width=8) (actual time=0.001..0.001 rows=1 loops=25592)
                                         Index Cond: (n_nationkey = supplier_1.s_nationkey)
 Settings: max_parallel_workers_per_gather = '0', work_mem = '128MB'
 Planning Time: 2.639 ms
 JIT:
   Functions: 57
   Options: Inlining true, Optimization true, Expressions true, Deforming true
   Timing: Generation 6.696 ms, Inlining 66.996 ms, Optimization 451.665 ms, Emission 244.229 ms, Total 769.587 ms
 Execution Time: 6104.968 ms
(53 rows)

===== 3.sql jit=on =====
                                                                                     QUERY PLAN                                                                                      
-------------------------------------------------------------------------------------------------------------------------------------------------------------------------------------
 Limit  (cost=2958604.25..2958604.27 rows=10 width=44) (actual time=34867.730..34867.736 rows=10 loops=1)
   ->  Sort  (cost=2958604.25..2966458.78 rows=3141814 width=44) (actual time=34391.626..34391.631 rows=10 loops=1)
         Sort Key: (sum((lineitem.l_extendedprice * ('1'::numeric - lineitem.l_discount)))) DESC, orders.o_orderdate
         Sort Method: top-N heapsort  Memory: 26kB
         ->  HashAggregate  (cost=2814619.97..2890710.78 rows=3141814 width=44) (actual time=34316.964..34370.101 rows=113934 loops=1)
               Group Key: lineitem.l_orderkey, orders.o_orderdate, orders.o_shippriority
               Planned Partitions: 8  Batches: 1  Memory Usage: 61457kB
               ->  Hash Join  (cost=529770.04..2557383.95 rows=3141814 width=24) (actual time=21082.188..34028.748 rows=301530 loops=1)
                     Hash Cond: (lineitem.l_orderkey = orders.o_orderkey)
                     ->  Seq Scan on lineitem  (cost=0.00..1874418.95 rows=32473818 width=16) (actual time=0.450..9332.171 rows=32534229 loops=1)
                           Filter: (l_shipdate > '1995-03-07'::date)
                           Rows Removed by Filter: 27451823
                     ->  Hash  (cost=511628.00..511628.00 rows=1451363 width=12) (actual time=21077.103..21077.106 rows=1451805 loops=1)
                           Buckets: 2097152  Batches: 1  Memory Usage: 78767kB
                           ->  Hash Join  (cost=140034.21..511628.00 rows=1451363 width=12) (actual time=1108.171..20560.040 rows=1451805 loops=1)
                                 Hash Cond: (orders.o_custkey = customer.c_custkey)
                                 ->  Bitmap Heap Scan on orders  (cost=81737.39..434121.91 rows=7317801 width=16) (actual time=785.769..18123.707 rows=7239437 loops=1)
                                       Recheck Cond: (o_orderdate < '1995-03-07'::date)
                                       Heap Blocks: exact=260912
                                       ->  Bitmap Index Scan on idx_orders_orderdate  (cost=0.00..79907.94 rows=7317801 width=0) (actual time=714.848..714.849 rows=7239437 loops=1)
                                             Index Cond: (o_orderdate < '1995-03-07'::date)
                                 ->  Hash  (cost=54577.89..54577.89 rows=297514 width=4) (actual time=321.231..321.232 rows=300276 loops=1)
                                       Buckets: 524288  Batches: 1  Memory Usage: 14653kB
                                       ->  Seq Scan on customer  (cost=0.00..54577.89 rows=297514 width=4) (actual time=0.347..262.451 rows=300276 loops=1)
                                             Filter: (c_mktsegment = 'BUILDING'::bpchar)
                                             Rows Removed by Filter: 1199724
 Settings: max_parallel_workers_per_gather = '0', work_mem = '128MB'
 Planning Time: 6.783 ms
 JIT:
   Functions: 31
   Options: Inlining true, Optimization true, Expressions true, Deforming true
   Timing: Generation 3.947 ms, Inlining 61.889 ms, Optimization 270.727 ms, Emission 143.145 ms, Total 479.708 ms
 Execution Time: 34925.000 ms
(33 rows)

===== 4.sql jit=on =====
                                                                             QUERY PLAN                                                                             
--------------------------------------------------------------------------------------------------------------------------------------------------------------------
 Limit  (cost=2585610.38..2585610.38 rows=1 width=24) (actual time=40929.963..40929.966 rows=1 loops=1)
   ->  Sort  (cost=2585610.38..2585610.39 rows=5 width=24) (actual time=40682.375..40682.378 rows=1 loops=1)
         Sort Key: orders.o_orderpriority
         Sort Method: top-N heapsort  Memory: 25kB
         ->  HashAggregate  (cost=2585610.31..2585610.36 rows=5 width=24) (actual time=40682.320..40682.324 rows=5 loops=1)
               Group Key: orders.o_orderpriority
               Batches: 1  Memory Usage: 24kB
               ->  Hash Semi Join  (cost=2210110.70..2582824.99 rows=557063 width=16) (actual time=16147.913..40551.757 rows=513822 loops=1)
                     Hash Cond: (orders.o_orderkey = lineitem.l_orderkey)
                     ->  Bitmap Heap Scan on orders  (cost=7619.77..276889.81 rows=557203 width=20) (actual time=145.217..19910.382 rows=560424 loops=1)
                           Recheck Cond: ((o_orderdate >= '1993-12-01'::date) AND (o_orderdate < '1994-03-01'::date))
                           Heap Blocks: exact=231732
                           ->  Bitmap Index Scan on idx_orders_orderdate  (cost=0.00..7480.47 rows=557203 width=0) (actual time=82.862..82.862 rows=560424 loops=1)
                                 Index Cond: ((o_orderdate >= '1993-12-01'::date) AND (o_orderdate < '1994-03-01'::date))
                     ->  Hash  (cost=1874418.95..1874418.95 rows=19996719 width=4) (actual time=15992.434..15992.435 rows=37929348 loops=1)
                           Buckets: 4194304  Batches: 16  Memory Usage: 116042kB
                           ->  Seq Scan on lineitem  (cost=0.00..1874418.95 rows=19996719 width=4) (actual time=0.477..10499.662 rows=37929348 loops=1)
                                 Filter: (l_commitdate < l_receiptdate)
                                 Rows Removed by Filter: 22056704
 Settings: max_parallel_workers_per_gather = '0', work_mem = '128MB'
 Planning Time: 6.377 ms
 JIT:
   Functions: 19
   Options: Inlining true, Optimization true, Expressions true, Deforming true
   Timing: Generation 2.262 ms, Inlining 54.649 ms, Optimization 127.829 ms, Emission 64.875 ms, Total 249.616 ms
 Execution Time: 40980.861 ms
(26 rows)

===== 5.sql jit=on =====
                                                                                           QUERY PLAN                                                                                            
-------------------------------------------------------------------------------------------------------------------------------------------------------------------------------------------------
 Limit  (cost=2399055.42..2399055.43 rows=1 width=58) (actual time=35538.610..35538.617 rows=1 loops=1)
   ->  Sort  (cost=2399055.42..2399055.49 rows=25 width=58) (actual time=34870.858..34870.865 rows=1 loops=1)
         Sort Key: (sum((lineitem.l_extendedprice * ('1'::numeric - lineitem.l_discount)))) DESC
         Sort Method: top-N heapsort  Memory: 25kB
         ->  GroupAggregate  (cost=2398127.60..2399055.30 rows=25 width=58) (actual time=34843.473..34870.816 rows=5 loops=1)
               Group Key: nation.n_name
               ->  Sort  (cost=2398127.60..2398313.08 rows=74191 width=38) (actual time=34836.690..34840.651 rows=72033 loops=1)
                     Sort Key: nation.n_name
                     Sort Method: quicksort  Memory: 8700kB
                     ->  Hash Join  (cost=414438.35..2392125.93 rows=74191 width=38) (actual time=20254.595..34792.709 rows=72033 loops=1)
                           Hash Cond: ((lineitem.l_suppkey = supplier.s_suppkey) AND (customer.c_nationkey = supplier.s_nationkey))
                           ->  Hash Join  (cost=409722.35..2377673.87 rows=1854487 width=50) (actual time=20212.374..34314.284 rows=1815327 loops=1)
                                 Hash Cond: (lineitem.l_orderkey = orders.o_orderkey)
                                 ->  Seq Scan on lineitem  (cost=0.00..1724443.56 rows=59990156 width=20) (actual time=0.388..7341.476 rows=59986052 loops=1)
                                 ->  Hash  (cost=403925.62..403925.62 rows=463738 width=38) (actual time=20210.709..20210.714 rows=453399 loops=1)
                                       Buckets: 524288  Batches: 1  Memory Usage: 35976kB
                                       ->  Hash Join  (cost=94900.81..403925.62 rows=463738 width=38) (actual time=759.139..19985.054 rows=453399 loops=1)
                                             Hash Cond: (orders.o_custkey = customer.c_custkey)
                                             ->  Bitmap Heap Scan on orders  (cost=31695.01..327387.36 rows=2318690 width=8) (actual time=315.913..18759.256 rows=2276638 loops=1)
                                                   Recheck Cond: ((o_orderdate >= '1993-01-01'::date) AND (o_orderdate < '1994-01-01'::date))
                                                   Heap Blocks: exact=260897
                                                   ->  Bitmap Index Scan on idx_orders_orderdate  (cost=0.00..31115.34 rows=2318690 width=0) (actual time=245.595..245.596 rows=2276638 loops=1)
                                                         Index Cond: ((o_orderdate >= '1993-01-01'::date) AND (o_orderdate < '1994-01-01'::date))
                                             ->  Hash  (cost=59455.62..59455.62 rows=300014 width=38) (actual time=442.041..442.044 rows=299436 loops=1)
                                                   Buckets: 524288  Batches: 1  Memory Usage: 25151kB
                                                   ->  Hash Join  (cost=2.51..59455.62 rows=300014 width=38) (actual time=0.931..367.014 rows=299436 loops=1)
                                                         Hash Cond: (customer.c_nationkey = nation.n_nationkey)
                                                         ->  Seq Scan on customer  (cost=0.00..50827.71 rows=1500071 width=8) (actual time=0.283..210.848 rows=1500000 loops=1)
                                                         ->  Hash  (cost=2.45..2.45 rows=5 width=30) (actual time=0.628..0.630 rows=5 loops=1)
                                                               Buckets: 1024  Batches: 1  Memory Usage: 9kB
                                                               ->  Hash Join  (cost=1.07..2.45 rows=5 width=30) (actual time=0.618..0.624 rows=5 loops=1)
                                                                     Hash Cond: (nation.n_regionkey = region.r_regionkey)
                                                                     ->  Seq Scan on nation  (cost=0.00..1.25 rows=25 width=34) (actual time=0.271..0.273 rows=25 loops=1)
                                                                     ->  Hash  (cost=1.06..1.06 rows=1 width=4) (actual time=0.335..0.335 rows=1 loops=1)
                                                                           Buckets: 1024  Batches: 1  Memory Usage: 9kB
                                                                           ->  Seq Scan on region  (cost=0.00..1.06 rows=1 width=4) (actual time=0.326..0.328 rows=1 loops=1)
                                                                                 Filter: (r_name = 'AMERICA'::bpchar)
                                                                                 Rows Removed by Filter: 4
                           ->  Hash  (cost=3216.00..3216.00 rows=100000 width=8) (actual time=41.100..41.100 rows=100000 loops=1)
                                 Buckets: 131072  Batches: 1  Memory Usage: 4931kB
                                 ->  Seq Scan on supplier  (cost=0.00..3216.00 rows=100000 width=8) (actual time=0.464..23.908 rows=100000 loops=1)
 Settings: max_parallel_workers_per_gather = '0', work_mem = '128MB'
 Planning Time: 9.943 ms
 JIT:
   Functions: 56
   Options: Inlining true, Optimization true, Expressions true, Deforming true
   Timing: Generation 6.191 ms, Inlining 61.535 ms, Optimization 397.443 ms, Emission 208.314 ms, Total 673.484 ms
 Execution Time: 35590.677 ms
(48 rows)

===== 6.sql jit=on =====
                                                                                          QUERY PLAN                                                                                           
-----------------------------------------------------------------------------------------------------------------------------------------------------------------------------------------------
 Limit  (cost=1509965.79..1509965.80 rows=1 width=32) (actual time=4895.910..4895.912 rows=1 loops=1)
   ->  Aggregate  (cost=1509965.79..1509965.80 rows=1 width=32) (actual time=4711.079..4711.079 rows=1 loops=1)
         ->  Bitmap Heap Scan on lineitem  (cost=304662.72..1503946.11 rows=1203935 width=12) (actual time=1493.121..4250.338 rows=1194558 loops=1)
               Recheck Cond: ((l_shipdate >= '1993-01-01'::date) AND (l_shipdate < '1994-01-01'::date) AND (l_discount >= 0.06) AND (l_discount <= 0.08) AND (l_quantity < '25'::numeric))
               Heap Blocks: exact=662932
               ->  Bitmap Index Scan on idx_lineitem_shipdate  (cost=0.00..304361.74 rows=1203935 width=0) (actual time=1293.347..1293.347 rows=1194558 loops=1)
                     Index Cond: ((l_shipdate >= '1993-01-01'::date) AND (l_shipdate < '1994-01-01'::date) AND (l_discount >= 0.06) AND (l_discount <= 0.08) AND (l_quantity < '25'::numeric))
 Settings: max_parallel_workers_per_gather = '0', work_mem = '128MB'
 Planning Time: 0.749 ms
 JIT:
   Functions: 6
   Options: Inlining true, Optimization true, Expressions true, Deforming true
   Timing: Generation 1.108 ms, Inlining 60.055 ms, Optimization 81.226 ms, Emission 43.356 ms, Total 185.745 ms
 Execution Time: 4913.739 ms
(14 rows)

===== 7.sql jit=on =====
                                                                                     QUERY PLAN                                                                                      
-------------------------------------------------------------------------------------------------------------------------------------------------------------------------------------
 Limit  (cost=2513840.90..2513841.02 rows=1 width=116) (actual time=86242.956..86242.971 rows=1 loops=1)
   ->  GroupAggregate  (cost=2513840.90..2515050.48 rows=10052 width=116) (actual time=85480.376..85480.390 rows=1 loops=1)
         Group Key: n1.n_name, n2.n_name, (EXTRACT(year FROM lineitem.l_shipdate))
         ->  Sort  (cost=2513840.90..2513992.15 rows=60503 width=96) (actual time=85470.987..85472.022 rows=14421 loops=1)
               Sort Key: n1.n_name, n2.n_name, (EXTRACT(year FROM lineitem.l_shipdate))
               Sort Method: quicksort  Memory: 9664kB
               ->  Hash Join  (cost=1021279.97..2509035.53 rows=60503 width=96) (actual time=8573.013..85390.662 rows=57794 loops=1)
                     Hash Cond: (lineitem.l_suppkey = supplier.s_suppkey)
                     Join Filter: (((n1.n_name = 'PERU'::bpchar) AND (n2.n_name = 'MOROCCO'::bpchar)) OR ((n1.n_name = 'MOROCCO'::bpchar) AND (n2.n_name = 'PERU'::bpchar)))
                     Rows Removed by Join Filter: 58158
                     ->  Hash Join  (cost=1017655.57..2497481.78 rows=1453848 width=46) (actual time=8537.889..84836.208 rows=1448126 loops=1)
                           Hash Cond: (lineitem.l_orderkey = orders.o_orderkey)
                           ->  Bitmap Heap Scan on lineitem  (cost=466538.90..1863677.49 rows=18173106 width=24) (actual time=3148.165..76145.763 rows=18230325 loops=1)
                                 Recheck Cond: ((l_shipdate >= '1995-01-01'::date) AND (l_shipdate <= '1996-12-31'::date))
                                 Heap Blocks: exact=1119491
                                 ->  Bitmap Index Scan on idx_lineitem_shipdate  (cost=0.00..461995.62 rows=18173106 width=0) (actual time=2763.190..2763.191 rows=18230325 loops=1)
                                       Index Cond: ((l_shipdate >= '1995-01-01'::date) AND (l_shipdate <= '1996-12-31'::date))
                           ->  Hash  (cost=536115.36..536115.36 rows=1200104 width=30) (actual time=5385.207..5385.217 rows=1191175 loops=1)
                                 Buckets: 2097152  Batches: 1  Memory Usage: 88506kB
                                 ->  Hash Join  (cost=56934.40..536115.36 rows=1200104 width=30) (actual time=368.315..5040.330 rows=1191175 loops=1)
                                       Hash Cond: (orders.o_custkey = customer.c_custkey)
                                       ->  Seq Scan on orders  (cost=0.00..410925.01 rows=15001301 width=8) (actual time=0.033..2013.279 rows=15000000 loops=1)
                                       ->  Hash  (cost=55434.33..55434.33 rows=120006 width=30) (actual time=367.962..367.971 rows=119622 loops=1)
                                             Buckets: 131072  Batches: 1  Memory Usage: 8267kB
                                             ->  Hash Join  (cost=1.40..55434.33 rows=120006 width=30) (actual time=0.250..338.614 rows=119622 loops=1)
                                                   Hash Cond: (customer.c_nationkey = n2.n_nationkey)
                                                   ->  Seq Scan on customer  (cost=0.00..50827.71 rows=1500071 width=8) (actual time=0.203..208.160 rows=1500000 loops=1)
                                                   ->  Hash  (cost=1.38..1.38 rows=2 width=30) (actual time=0.035..0.042 rows=2 loops=1)
                                                         Buckets: 1024  Batches: 1  Memory Usage: 9kB
                                                         ->  Seq Scan on nation n2  (cost=0.00..1.38 rows=2 width=30) (actual time=0.027..0.030 rows=2 loops=1)
                                                               Filter: ((n_name = 'MOROCCO'::bpchar) OR (n_name = 'PERU'::bpchar))
                                                               Rows Removed by Filter: 23
                     ->  Hash  (cost=3524.40..3524.40 rows=8000 width=30) (actual time=33.440..33.442 rows=7981 loops=1)
                           Buckets: 8192  Batches: 1  Memory Usage: 548kB
                           ->  Hash Join  (cost=1.40..3524.40 rows=8000 width=30) (actual time=0.765..31.772 rows=7981 loops=1)
                                 Hash Cond: (supplier.s_nationkey = n1.n_nationkey)
                                 ->  Seq Scan on supplier  (cost=0.00..3216.00 rows=100000 width=8) (actual time=0.463..22.407 rows=100000 loops=1)
                                 ->  Hash  (cost=1.38..1.38 rows=2 width=30) (actual time=0.292..0.293 rows=2 loops=1)
                                       Buckets: 1024  Batches: 1  Memory Usage: 9kB
                                       ->  Seq Scan on nation n1  (cost=0.00..1.38 rows=2 width=30) (actual time=0.282..0.284 rows=2 loops=1)
                                             Filter: ((n_name = 'PERU'::bpchar) OR (n_name = 'MOROCCO'::bpchar))
                                             Rows Removed by Filter: 23
 Settings: max_parallel_workers_per_gather = '0', work_mem = '128MB'
 Planning Time: 9.026 ms
 JIT:
   Functions: 60
   Options: Inlining true, Optimization true, Expressions true, Deforming true
   Timing: Generation 6.956 ms, Inlining 60.989 ms, Optimization 463.061 ms, Emission 238.012 ms, Total 769.018 ms
 Execution Time: 86303.355 ms
(49 rows)

===== 8.sql jit=on =====
                                                                                           QUERY PLAN                                                                                            
-------------------------------------------------------------------------------------------------------------------------------------------------------------------------------------------------
 Limit  (cost=2063277.16..2063277.41 rows=1 width=64) (actual time=45788.647..45788.657 rows=1 loops=1)
   ->  GroupAggregate  (cost=2063277.16..2063866.59 rows=2406 width=64) (actual time=45073.536..45073.545 rows=1 loops=1)
         Group Key: (EXTRACT(year FROM orders.o_orderdate))
         ->  Sort  (cost=2063277.16..2063337.31 rows=24058 width=70) (actual time=45066.898..45067.433 rows=11818 loops=1)
               Sort Key: (EXTRACT(year FROM orders.o_orderdate))
               Sort Method: quicksort  Memory: 2631kB
               ->  Nested Loop  (cost=495645.12..2061526.44 rows=24058 width=70) (actual time=9794.658..45031.476 rows=23842 loops=1)
                     ->  Hash Join  (cost=495644.97..2060824.00 rows=24058 width=20) (actual time=9794.635..44958.184 rows=23842 loops=1)
                           Hash Cond: (lineitem.l_suppkey = supplier.s_suppkey)
                           ->  Hash Join  (cost=491178.97..2056294.84 rows=24058 width=20) (actual time=9754.566..44897.887 rows=23842 loops=1)
                                 Hash Cond: (lineitem.l_orderkey = orders.o_orderkey)
                                 ->  Nested Loop  (cost=0.44..1563380.32 rows=398776 width=20) (actual time=1.852..34862.121 rows=389521 loops=1)
                                       ->  Seq Scan on part  (cost=0.00..65962.54 rows=13295 width=4) (actual time=1.268..436.119 rows=13011 loops=1)
                                             Filter: ((p_type)::text = 'LARGE POLISHED BRASS'::text)
                                             Rows Removed by Filter: 1986989
                                       ->  Index Scan using idx_lineitem_part_supp on lineitem  (cost=0.44..112.31 rows=32 width=24) (actual time=0.127..2.632 rows=30 loops=13011)
                                             Index Cond: (l_partkey = part.p_partkey)
                                 ->  Hash  (cost=479865.97..479865.97 rows=905005 width=8) (actual time=9745.841..9745.846 rows=910360 loops=1)
                                       Buckets: 1048576  Batches: 1  Memory Usage: 43753kB
                                       ->  Hash Join  (cost=125059.73..479865.97 rows=905005 width=8) (actual time=1021.595..9496.819 rows=910360 loops=1)
                                             Hash Cond: (orders.o_custkey = customer.c_custkey)
                                             ->  Bitmap Heap Scan on orders  (cost=61853.93..390641.29 rows=4525024 width=12) (actual time=531.805..7870.656 rows=4557513 loops=1)
                                                   Recheck Cond: ((o_orderdate >= '1995-01-01'::date) AND (o_orderdate <= '1996-12-31'::date))
                                                   Heap Blocks: exact=260912
                                                   ->  Bitmap Index Scan on idx_orders_orderdate  (cost=0.00..60722.67 rows=4525024 width=0) (actual time=462.018..462.018 rows=4557513 loops=1)
                                                         Index Cond: ((o_orderdate >= '1995-01-01'::date) AND (o_orderdate <= '1996-12-31'::date))
                                             ->  Hash  (cost=59455.62..59455.62 rows=300014 width=4) (actual time=488.629..488.632 rows=299436 loops=1)
                                                   Buckets: 524288  Batches: 1  Memory Usage: 14624kB
                                                   ->  Hash Join  (cost=2.51..59455.62 rows=300014 width=4) (actual time=0.779..426.824 rows=299436 loops=1)
                                                         Hash Cond: (customer.c_nationkey = n1.n_nationkey)
                                                         ->  Seq Scan on customer  (cost=0.00..50827.71 rows=1500071 width=8) (actual time=0.399..273.235 rows=1500000 loops=1)
                                                         ->  Hash  (cost=2.45..2.45 rows=5 width=4) (actual time=0.368..0.370 rows=5 loops=1)
                                                               Buckets: 1024  Batches: 1  Memory Usage: 9kB
                                                               ->  Hash Join  (cost=1.07..2.45 rows=5 width=4) (actual time=0.358..0.365 rows=5 loops=1)
                                                                     Hash Cond: (n1.n_regionkey = region.r_regionkey)
                                                                     ->  Seq Scan on nation n1  (cost=0.00..1.25 rows=25 width=8) (actual time=0.011..0.013 rows=25 loops=1)
                                                                     ->  Hash  (cost=1.06..1.06 rows=1 width=4) (actual time=0.331..0.332 rows=1 loops=1)
                                                                           Buckets: 1024  Batches: 1  Memory Usage: 9kB
                                                                           ->  Seq Scan on region  (cost=0.00..1.06 rows=1 width=4) (actual time=0.323..0.325 rows=1 loops=1)
                                                                                 Filter: (r_name = 'AMERICA'::bpchar)
                                                                                 Rows Removed by Filter: 4
                           ->  Hash  (cost=3216.00..3216.00 rows=100000 width=8) (actual time=39.772..39.772 rows=100000 loops=1)
                                 Buckets: 131072  Batches: 1  Memory Usage: 4931kB
                                 ->  Seq Scan on supplier  (cost=0.00..3216.00 rows=100000 width=8) (actual time=0.468..23.814 rows=100000 loops=1)
                     ->  Memoize  (cost=0.15..2.17 rows=1 width=30) (actual time=0.001..0.001 rows=1 loops=23842)
                           Cache Key: supplier.s_nationkey
                           Hits: 23817  Misses: 25  Evictions: 0  Overflows: 0  Memory Usage: 4kB
                           ->  Index Scan using nation_pkey on nation n2  (cost=0.14..2.16 rows=1 width=30) (actual time=0.004..0.004 rows=1 loops=25)
                                 Index Cond: (n_nationkey = supplier.s_nationkey)
 Settings: max_parallel_workers_per_gather = '0', work_mem = '128MB'
 Planning Time: 16.385 ms
 JIT:
   Functions: 67
   Options: Inlining true, Optimization true, Expressions true, Deforming true
   Timing: Generation 7.446 ms, Inlining 78.615 ms, Optimization 416.776 ms, Emission 219.194 ms, Total 722.030 ms
 Execution Time: 45861.454 ms
(56 rows)

===== 9.sql jit=on =====
                                                                                QUERY PLAN                                                                                 
---------------------------------------------------------------------------------------------------------------------------------------------------------------------------
 Limit  (cost=2225615.24..2225615.27 rows=1 width=90) (actual time=439002.938..439002.945 rows=1 loops=1)
   ->  GroupAggregate  (cost=2225615.24..2225618.74 rows=100 width=90) (actual time=438399.250..438399.256 rows=1 loops=1)
         Group Key: nation.n_name, (EXTRACT(year FROM orders.o_orderdate))
         ->  Sort  (cost=2225615.24..2225615.49 rows=100 width=81) (actual time=438375.029..438379.450 rows=11401 loops=1)
               Sort Key: nation.n_name, (EXTRACT(year FROM orders.o_orderdate)) DESC
               Sort Method: external merge  Disk: 211200kB
               ->  Nested Loop  (cost=71439.54..2225611.92 rows=100 width=81) (actual time=536.040..432119.855 rows=3248192 loops=1)
                     Join Filter: (supplier.s_nationkey = nation.n_nationkey)
                     Rows Removed by Join Filter: 39009119
                     ->  Nested Loop  (cost=71439.54..2225574.24 rows=100 width=31) (actual time=536.008..419959.880 rows=3248192 loops=1)
                           ->  Nested Loop  (cost=71439.10..2224983.97 rows=100 width=31) (actual time=535.973..319471.326 rows=3248192 loops=1)
                                 Join Filter: (supplier.s_suppkey = lineitem.l_suppkey)
                                 ->  Hash Join  (cost=71438.66..347674.17 rows=312541 width=26) (actual time=535.644..4427.384 rows=433248 loops=1)
                                       Hash Cond: (partsupp.ps_suppkey = supplier.s_suppkey)
                                       ->  Hash Join  (cost=66972.66..342359.64 rows=323236 width=18) (actual time=495.483..3983.405 rows=433248 loops=1)
                                             Hash Cond: (partsupp.ps_partkey = part.p_partkey)
                                             ->  Seq Scan on partsupp  (cost=0.00..254386.74 rows=8000074 width=14) (actual time=0.452..1756.396 rows=8000000 loops=1)
                                             ->  Hash  (cost=65962.54..65962.54 rows=80810 width=4) (actual time=494.692..494.693 rows=108312 loops=1)
                                                   Buckets: 131072  Batches: 1  Memory Usage: 4832kB
                                                   ->  Seq Scan on part  (cost=0.00..65962.54 rows=80810 width=4) (actual time=0.462..470.629 rows=108312 loops=1)
                                                         Filter: ((p_name)::text ~~ '%navy%'::text)
                                                         Rows Removed by Filter: 1891688
                                       ->  Hash  (cost=3216.00..3216.00 rows=100000 width=8) (actual time=39.849..39.849 rows=100000 loops=1)
                                             Buckets: 131072  Batches: 1  Memory Usage: 4931kB
                                             ->  Seq Scan on supplier  (cost=0.00..3216.00 rows=100000 width=8) (actual time=0.330..23.922 rows=100000 loops=1)
                                 ->  Index Scan using idx_lineitem_part_supp on lineitem  (cost=0.44..5.99 rows=1 width=29) (actual time=0.101..0.722 rows=7 loops=433248)
                                       Index Cond: ((l_partkey = partsupp.ps_partkey) AND (l_suppkey = partsupp.ps_suppkey))
                           ->  Index Scan using orders_pkey on orders  (cost=0.43..5.90 rows=1 width=8) (actual time=0.029..0.029 rows=1 loops=3248192)
                                 Index Cond: (o_orderkey = lineitem.l_orderkey)
                     ->  Materialize  (cost=0.00..1.38 rows=25 width=30) (actual time=0.000..0.001 rows=13 loops=3248192)
                           ->  Seq Scan on nation  (cost=0.00..1.25 rows=25 width=30) (actual time=0.013..0.017 rows=25 loops=1)
 Settings: max_parallel_workers_per_gather = '0', work_mem = '128MB'
 Planning Time: 25.933 ms
 JIT:
   Functions: 46
   Options: Inlining true, Optimization true, Expressions true, Deforming true
   Timing: Generation 6.511 ms, Inlining 77.139 ms, Optimization 330.942 ms, Emission 193.403 ms, Total 607.995 ms
 Execution Time: 439217.319 ms
(38 rows)

===== 10.sql jit=off =====
                                                                                            QUERY PLAN                                                                                            
--------------------------------------------------------------------------------------------------------------------------------------------------------------------------------------------------
 Limit  (cost=2414446.88..2414446.93 rows=20 width=201) (actual time=44862.837..44862.843 rows=20 loops=1)
   ->  Sort  (cost=2414446.88..2415924.22 rows=590936 width=201) (actual time=44862.836..44862.840 rows=20 loops=1)
         Sort Key: (sum((lineitem.l_extendedprice * ('1'::numeric - lineitem.l_discount)))) DESC
         Sort Method: top-N heapsort  Memory: 33kB
         ->  GroupAggregate  (cost=2255449.96..2398722.28 rows=590936 width=201) (actual time=41889.588..44723.340 rows=381205 loops=1)
               Group Key: customer.c_custkey, nation.n_name
               ->  Incremental Sort  (cost=2255449.96..2383948.88 rows=590936 width=181) (actual time=41889.570..43793.225 rows=1145402 loops=1)
                     Sort Key: customer.c_custkey, nation.n_name
                     Presorted Key: customer.c_custkey
                     Full-sort Groups: 34068  Sort Method: quicksort  Average Memory: 33kB  Peak Memory: 33kB
                     ->  Nested Loop  (cost=2255449.78..2357356.76 rows=590936 width=181) (actual time=41889.128..43373.441 rows=1145402 loops=1)
                           ->  Merge Join  (cost=2255449.63..2342856.48 rows=590936 width=159) (actual time=41889.098..42882.075 rows=1145402 loops=1)
                                 Merge Cond: (customer.c_custkey = orders.o_custkey)
                                 ->  Index Scan using customer_pkey on customer  (cost=0.43..74795.49 rows=1500071 width=147) (actual time=0.010..415.386 rows=1499997 loops=1)
                                 ->  Sort  (cost=2255446.95..2256924.29 rows=590936 width=16) (actual time=41889.071..42021.802 rows=1145402 loops=1)
                                       Sort Key: orders.o_custkey
                                       Sort Method: quicksort  Memory: 113386kB
                                       ->  Hash Join  (cost=285650.82..2198797.93 rows=590936 width=16) (actual time=27630.400..41475.024 rows=1145402 loops=1)
                                             Hash Cond: (lineitem.l_orderkey = orders.o_orderkey)
                                             ->  Seq Scan on lineitem  (cost=0.00..1874418.95 rows=14753579 width=16) (actual time=0.138..11805.561 rows=14808183 loops=1)
                                                   Filter: (l_returnflag = 'R'::bpchar)
                                                   Rows Removed by Filter: 45177869
                                             ->  Hash  (cost=278140.10..278140.10 rows=600858 width=8) (actual time=27627.605..27627.606 rows=573160 loops=1)
                                                   Buckets: 1048576  Batches: 1  Memory Usage: 30582kB
                                                   ->  Bitmap Heap Scan on orders  (cost=8215.23..278140.10 rows=600858 width=8) (actual time=146.798..27292.569 rows=573160 loops=1)
                                                         Recheck Cond: ((o_orderdate >= '1994-08-01'::date) AND (o_orderdate < '1994-11-01'::date))
                                                         Heap Blocks: exact=233137
                                                         ->  Bitmap Index Scan on idx_orders_orderdate  (cost=0.00..8065.02 rows=600858 width=0) (actual time=84.038..84.038 rows=573160 loops=1)
                                                               Index Cond: ((o_orderdate >= '1994-08-01'::date) AND (o_orderdate < '1994-11-01'::date))
                           ->  Memoize  (cost=0.15..2.17 rows=1 width=30) (actual time=0.000..0.000 rows=1 loops=1145402)
                                 Cache Key: customer.c_nationkey
                                 Hits: 1145377  Misses: 25  Evictions: 0  Overflows: 0  Memory Usage: 4kB
                                 ->  Index Scan using nation_pkey on nation  (cost=0.14..2.16 rows=1 width=30) (actual time=0.003..0.003 rows=1 loops=25)
                                       Index Cond: (n_nationkey = customer.c_nationkey)
 Settings: jit = 'off', max_parallel_workers_per_gather = '0', work_mem = '128MB'
 Planning Time: 9.944 ms
 Execution Time: 44870.640 ms
(37 rows)

===== 11.sql jit=off =====
                                                                             QUERY PLAN                                                                              
---------------------------------------------------------------------------------------------------------------------------------------------------------------------
 Limit  (cost=93726.01..93726.01 rows=1 width=36) (actual time=1862.762..1862.767 rows=0 loops=1)
   InitPlan 1 (returns $2)
     ->  Aggregate  (cost=43897.77..43897.79 rows=1 width=32) (actual time=693.747..693.749 rows=1 loops=1)
           ->  Nested Loop  (cost=47.72..41577.16 rows=309415 width=10) (actual time=0.765..568.986 rows=320800 loops=1)
                 ->  Nested Loop  (cost=47.29..2404.57 rows=4000 width=4) (actual time=0.751..10.198 rows=4010 loops=1)
                       ->  Seq Scan on nation nation_1  (cost=0.00..1.31 rows=1 width=4) (actual time=0.007..0.011 rows=1 loops=1)
                             Filter: (n_name = 'SAUDI ARABIA'::bpchar)
                             Rows Removed by Filter: 24
                       ->  Bitmap Heap Scan on supplier supplier_1  (cost=47.29..2363.25 rows=4000 width=8) (actual time=0.740..9.438 rows=4010 loops=1)
                             Recheck Cond: (s_nationkey = nation_1.n_nationkey)
                             Heap Blocks: exact=1857
                             ->  Bitmap Index Scan on idx_supplier_nation_key  (cost=0.00..46.29 rows=4000 width=0) (actual time=0.484..0.484 rows=4010 loops=1)
                                   Index Cond: (s_nationkey = nation_1.n_nationkey)
                 ->  Index Scan using idx_partsupp_suppkey on partsupp partsupp_1  (cost=0.43..9.02 rows=77 width=14) (actual time=0.006..0.126 rows=80 loops=4010)
                       Index Cond: (ps_suppkey = supplier_1.s_suppkey)
   ->  Sort  (cost=49828.22..50086.07 rows=103138 width=36) (actual time=1862.761..1862.763 rows=0 loops=1)
         Sort Key: (sum((partsupp.ps_supplycost * (partsupp.ps_availqty)::numeric))) DESC
         Sort Method: quicksort  Memory: 25kB
         ->  HashAggregate  (cost=44671.31..49312.53 rows=103138 width=36) (actual time=1862.709..1862.711 rows=0 loops=1)
               Group Key: partsupp.ps_partkey
               Filter: (sum((partsupp.ps_supplycost * (partsupp.ps_availqty)::numeric)) > $2)
               Batches: 5  Memory Usage: 135217kB  Disk Usage: 752kB
               Rows Removed by Filter: 301833
               ->  Nested Loop  (cost=47.72..41577.16 rows=309415 width=14) (actual time=0.824..708.898 rows=320800 loops=1)
                     ->  Nested Loop  (cost=47.29..2404.57 rows=4000 width=4) (actual time=0.800..12.054 rows=4010 loops=1)
                           ->  Seq Scan on nation  (cost=0.00..1.31 rows=1 width=4) (actual time=0.022..0.026 rows=1 loops=1)
                                 Filter: (n_name = 'SAUDI ARABIA'::bpchar)
                                 Rows Removed by Filter: 24
                           ->  Bitmap Heap Scan on supplier  (cost=47.29..2363.25 rows=4000 width=8) (actual time=0.772..11.206 rows=4010 loops=1)
                                 Recheck Cond: (s_nationkey = nation.n_nationkey)
                                 Heap Blocks: exact=1857
                                 ->  Bitmap Index Scan on idx_supplier_nation_key  (cost=0.00..46.29 rows=4000 width=0) (actual time=0.504..0.504 rows=4010 loops=1)
                                       Index Cond: (s_nationkey = nation.n_nationkey)
                     ->  Index Scan using idx_partsupp_suppkey on partsupp  (cost=0.43..9.02 rows=77 width=18) (actual time=0.007..0.159 rows=80 loops=4010)
                           Index Cond: (ps_suppkey = supplier.s_suppkey)
 Settings: jit = 'off', max_parallel_workers_per_gather = '0', work_mem = '128MB'
 Planning Time: 1.445 ms
 Execution Time: 1867.262 ms
(38 rows)

===== 12.sql jit=off =====
                                                                                                                    QUERY PLAN                                                                                                                     
---------------------------------------------------------------------------------------------------------------------------------------------------------------------------------------------------------------------------------------------------
 Limit  (cost=3030627.79..3031457.23 rows=1 width=27) (actual time=22307.866..22307.869 rows=1 loops=1)
   ->  GroupAggregate  (cost=3030627.79..3036433.88 rows=7 width=27) (actual time=22307.864..22307.866 rows=1 loops=1)
         Group Key: lineitem.l_shipmode
         ->  Sort  (cost=3030627.79..3031353.54 rows=290301 width=27) (actual time=22254.334..22261.848 rows=155572 loops=1)
               Sort Key: lineitem.l_shipmode
               Sort Method: quicksort  Memory: 36606kB
               ->  Hash Join  (cost=2477949.27..3004287.05 rows=290301 width=27) (actual time=17401.583..22164.964 rows=311258 loops=1)
                     Hash Cond: (orders.o_orderkey = lineitem.l_orderkey)
                     ->  Seq Scan on orders  (cost=0.00..410925.01 rows=15001301 width=20) (actual time=0.182..1955.044 rows=15000000 loops=1)
                     ->  Hash  (cost=2474320.51..2474320.51 rows=290301 width=15) (actual time=17399.962..17399.962 rows=311258 loops=1)
                           Buckets: 524288  Batches: 1  Memory Usage: 18687kB
                           ->  Seq Scan on lineitem  (cost=0.00..2474320.51 rows=290301 width=15) (actual time=0.570..17274.753 rows=311258 loops=1)
                                 Filter: ((l_shipmode = ANY ('{SHIP,"REG AIR"}'::bpchar[])) AND (l_commitdate < l_receiptdate) AND (l_shipdate < l_commitdate) AND (l_receiptdate >= '1994-01-01'::date) AND (l_receiptdate < '1995-01-01'::date))
                                 Rows Removed by Filter: 59674794
 Settings: jit = 'off', max_parallel_workers_per_gather = '0', work_mem = '128MB'
 Planning Time: 0.901 ms
 Execution Time: 22309.844 ms
(17 rows)

===== 13.sql jit=off =====
                                                                                    QUERY PLAN                                                                                     
-----------------------------------------------------------------------------------------------------------------------------------------------------------------------------------
 Limit  (cost=1533943.77..1533943.77 rows=1 width=16) (actual time=18258.143..18258.146 rows=1 loops=1)
   ->  Sort  (cost=1533943.77..1533944.27 rows=200 width=16) (actual time=18258.141..18258.143 rows=1 loops=1)
         Sort Key: (count(*)) DESC, (count(orders.o_orderkey)) DESC
         Sort Method: top-N heapsort  Memory: 25kB
         ->  HashAggregate  (cost=1533940.77..1533942.77 rows=200 width=16) (actual time=18258.100..18258.109 rows=46 loops=1)
               Group Key: count(orders.o_orderkey)
               Batches: 1  Memory Usage: 40kB
               ->  HashAggregate  (cost=1380425.14..1511439.70 rows=1500071 width=12) (actual time=17424.387..18034.714 rows=1500000 loops=1)
                     Group Key: customer.c_custkey
                     Batches: 5  Memory Usage: 131121kB  Disk Usage: 27424kB
                     ->  Hash Right Join  (cost=57716.38..545125.41 rows=14849773 width=8) (actual time=395.169..11447.514 rows=15337604 loops=1)
                           Hash Cond: (orders.o_custkey = customer.c_custkey)
                           ->  Seq Scan on orders  (cost=0.00..448428.26 rows=14849773 width=8) (actual time=0.048..5506.041 rows=14837583 loops=1)
                                 Filter: ((o_comment)::text !~~ '%special%requests%'::text)
                                 Rows Removed by Filter: 162417
                           ->  Hash  (cost=38965.49..38965.49 rows=1500071 width=4) (actual time=390.623..390.624 rows=1500000 loops=1)
                                 Buckets: 2097152  Batches: 1  Memory Usage: 69119kB
                                 ->  Index Only Scan using customer_pkey on customer  (cost=0.43..38965.49 rows=1500071 width=4) (actual time=0.026..130.726 rows=1500000 loops=1)
                                       Heap Fetches: 0
 Settings: jit = 'off', max_parallel_workers_per_gather = '0', work_mem = '128MB'
 Planning Time: 0.775 ms
 Execution Time: 18277.389 ms
(22 rows)

===== 14.sql jit=off =====
                                                                            QUERY PLAN                                                                            
------------------------------------------------------------------------------------------------------------------------------------------------------------------
 Limit  (cost=1216197.81..1216197.82 rows=1 width=32) (actual time=4137.271..4137.273 rows=1 loops=1)
   ->  Aggregate  (cost=1216197.81..1216197.82 rows=1 width=32) (actual time=4137.269..4137.271 rows=1 loops=1)
         ->  Hash Join  (cost=118580.05..1203284.48 rows=737904 width=33) (actual time=1028.932..3681.695 rows=772942 loops=1)
               Hash Cond: (lineitem.l_partkey = part.p_partkey)
               ->  Bitmap Heap Scan on lineitem  (cost=18944.08..1080830.52 rows=737904 width=16) (actual time=288.969..2264.201 rows=772942 loops=1)
                     Recheck Cond: ((l_shipdate >= '1994-05-01'::date) AND (l_shipdate < '1994-06-01'::date))
                     Heap Blocks: exact=416660
                     ->  Bitmap Index Scan on idx_lineitem_shipdate  (cost=0.00..18759.60 rows=737904 width=0) (actual time=162.306..162.307 rows=772942 loops=1)
                           Index Cond: ((l_shipdate >= '1994-05-01'::date) AND (l_shipdate < '1994-06-01'::date))
               ->  Hash  (cost=60962.43..60962.43 rows=2000043 width=25) (actual time=735.393..735.393 rows=2000000 loops=1)
                     Buckets: 2097152  Batches: 2  Memory Usage: 74141kB
                     ->  Seq Scan on part  (cost=0.00..60962.43 rows=2000043 width=25) (actual time=0.033..333.782 rows=2000000 loops=1)
 Settings: jit = 'off', max_parallel_workers_per_gather = '0', work_mem = '128MB'
 Planning Time: 1.159 ms
 Execution Time: 4140.066 ms
(15 rows)

===== 15.sql jit=off =====
                                                                       QUERY PLAN                                                                       
--------------------------------------------------------------------------------------------------------------------------------------------------------
 HashAggregate  (cost=1240439.86..1241680.96 rows=99288 width=36) (actual time=5617.034..5660.709 rows=100000 loops=1)
   Group Key: l_suppkey
   Batches: 1  Memory Usage: 47121kB
   ->  Bitmap Heap Scan on lineitem  (cost=57063.96..1218212.16 rows=2222770 width=16) (actual time=585.296..3618.845 rows=2265714 loops=1)
         Recheck Cond: ((l_shipdate >= '1996-01-01'::date) AND (l_shipdate < '1996-04-01'::date))
         Heap Blocks: exact=668609
         ->  Bitmap Index Scan on idx_lineitem_shipdate  (cost=0.00..56508.26 rows=2222770 width=0) (actual time=382.747..382.747 rows=2265714 loops=1)
               Index Cond: ((l_shipdate >= '1996-01-01'::date) AND (l_shipdate < '1996-04-01'::date))
 Settings: jit = 'off', max_parallel_workers_per_gather = '0', work_mem = '128MB'
 Planning Time: 0.643 ms
 Execution Time: 5666.708 ms
(11 rows)

CREATE VIEW
                                                                                   QUERY PLAN                                                                                   
--------------------------------------------------------------------------------------------------------------------------------------------------------------------------------
 Limit  (cost=2484878.71..2484888.97 rows=1 width=103) (actual time=10930.930..10930.934 rows=1 loops=1)
   InitPlan 1 (returns $0)
     ->  Aggregate  (cost=1242922.06..1242922.07 rows=1 width=32) (actual time=5503.444..5503.446 rows=1 loops=1)
           ->  HashAggregate  (cost=1240439.86..1241680.96 rows=99288 width=36) (actual time=5451.377..5496.469 rows=100000 loops=1)
                 Group Key: lineitem_1.l_suppkey
                 Batches: 1  Memory Usage: 47121kB
                 ->  Bitmap Heap Scan on lineitem lineitem_1  (cost=57063.96..1218212.16 rows=2222770 width=16) (actual time=556.810..3401.873 rows=2265714 loops=1)
                       Recheck Cond: ((l_shipdate >= '1996-01-01'::date) AND (l_shipdate < '1996-04-01'::date))
                       Heap Blocks: exact=668609
                       ->  Bitmap Index Scan on idx_lineitem_shipdate  (cost=0.00..56508.26 rows=2222770 width=0) (actual time=356.225..356.226 rows=2265714 loops=1)
                             Index Cond: ((l_shipdate >= '1996-01-01'::date) AND (l_shipdate < '1996-04-01'::date))
   ->  Merge Join  (cost=1241956.64..1247044.54 rows=496 width=103) (actual time=10930.929..10930.931 rows=1 loops=1)
         Merge Cond: (supplier.s_suppkey = revenue0.supplier_no)
         ->  Index Scan using supplier_pkey on supplier  (cost=0.29..4830.75 rows=100000 width=71) (actual time=0.341..14.547 rows=69998 loops=1)
         ->  Sort  (cost=1241956.35..1241957.59 rows=496 width=36) (actual time=10911.661..10911.662 rows=1 loops=1)
               Sort Key: revenue0.supplier_no
               Sort Method: quicksort  Memory: 25kB
               ->  Subquery Scan on revenue0  (cost=1240439.86..1241934.14 rows=496 width=36) (actual time=10879.195..10911.653 rows=1 loops=1)
                     ->  HashAggregate  (cost=1240439.86..1241929.18 rows=496 width=36) (actual time=10879.193..10911.649 rows=1 loops=1)
                           Group Key: lineitem.l_suppkey
                           Filter: (sum((lineitem.l_extendedprice * ('1'::numeric - lineitem.l_discount))) = $0)
                           Batches: 1  Memory Usage: 47121kB
                           Rows Removed by Filter: 99999
                           ->  Bitmap Heap Scan on lineitem  (cost=57063.96..1218212.16 rows=2222770 width=16) (actual time=554.675..3393.560 rows=2265714 loops=1)
                                 Recheck Cond: ((l_shipdate >= '1996-01-01'::date) AND (l_shipdate < '1996-04-01'::date))
                                 Heap Blocks: exact=668609
                                 ->  Bitmap Index Scan on idx_lineitem_shipdate  (cost=0.00..56508.26 rows=2222770 width=0) (actual time=353.867..353.868 rows=2265714 loops=1)
                                       Index Cond: ((l_shipdate >= '1996-01-01'::date) AND (l_shipdate < '1996-04-01'::date))
 Settings: jit = 'off', max_parallel_workers_per_gather = '0', work_mem = '128MB'
 Planning Time: 0.520 ms
 Execution Time: 10937.889 ms
(31 rows)

DROP VIEW
===== 16.sql jit=off =====
                                                                                         QUERY PLAN                                                                                         
--------------------------------------------------------------------------------------------------------------------------------------------------------------------------------------------
 Limit  (cost=402391.36..402391.36 rows=1 width=44) (actual time=6888.183..6888.187 rows=1 loops=1)
   ->  Sort  (cost=402391.36..402774.23 rows=153147 width=44) (actual time=6888.182..6888.185 rows=1 loops=1)
         Sort Key: (count(DISTINCT partsupp.ps_suppkey)) DESC, part.p_brand, part.p_type, part.p_size
         Sort Method: top-N heapsort  Memory: 25kB
         ->  GroupAggregate  (cost=392739.67..401625.63 rows=153147 width=44) (actual time=6403.965..6882.281 rows=27838 loops=1)
               Group Key: part.p_brand, part.p_type, part.p_size
               ->  Sort  (cost=392739.67..394210.57 rows=588359 width=40) (actual time=6403.919..6504.267 rows=1186319 loops=1)
                     Sort Key: part.p_brand, part.p_type, part.p_size
                     Sort Method: quicksort  Memory: 122929kB
                     ->  Hash Join  (cost=98106.82..336356.23 rows=588359 width=40) (actual time=658.711..3308.930 rows=1186319 loops=1)
                           Hash Cond: (partsupp.ps_partkey = part.p_partkey)
                           ->  Index Only Scan using partsupp_pkey on partsupp  (cost=3466.46..231215.75 rows=4000037 width=8) (actual time=28.248..1630.419 rows=7995520 loops=1)
                                 Filter: (NOT (hashed SubPlan 1))
                                 Rows Removed by Filter: 4480
                                 Heap Fetches: 0
                                 SubPlan 1
                                   ->  Seq Scan on supplier  (cost=0.00..3466.00 rows=10 width=4) (actual time=0.119..28.192 rows=56 loops=1)
                                         Filter: ((s_comment)::text ~~ '%Customer%Complaints%'::text)
                                         Rows Removed by Filter: 99944
                           ->  Hash  (cost=90963.08..90963.08 rows=294183 width=40) (actual time=629.284..629.284 rows=296733 loops=1)
                                 Buckets: 524288  Batches: 1  Memory Usage: 25593kB
                                 ->  Seq Scan on part  (cost=0.00..90963.08 rows=294183 width=40) (actual time=0.045..552.298 rows=296733 loops=1)
                                       Filter: ((p_brand <> 'Brand#12'::bpchar) AND ((p_type)::text !~~ 'SMALL BRUSHED%'::text) AND (p_size = ANY ('{12,32,36,26,40,34,49,9}'::integer[])))
                                       Rows Removed by Filter: 1703267
 Settings: jit = 'off', max_parallel_workers_per_gather = '0', work_mem = '128MB'
 Planning Time: 0.938 ms
 Execution Time: 6894.508 ms
(27 rows)

===== 17-flattened.sql jit=off =====
                                                          QUERY PLAN                                                           
-------------------------------------------------------------------------------------------------------------------------------
 HashAggregate  (cost=5567562.93..6181442.00 rows=1869180 width=36) (actual time=38057.747..67666.313 rows=2000000 loops=1)
   Group Key: l_partkey
   Planned Partitions: 8  Batches: 9  Memory Usage: 135249kB  Disk Usage: 1846896kB
   ->  Seq Scan on lineitem  (cost=0.00..1724443.56 rows=59990156 width=9) (actual time=0.333..8501.044 rows=59986052 loops=1)
 Settings: jit = 'off', max_parallel_workers_per_gather = '0', work_mem = '128MB'
 Planning Time: 0.805 ms
 Execution Time: 67832.839 ms
(7 rows)

SELECT 2000000
CREATE INDEX
ANALYZE
                                                                                 QUERY PLAN                                                                                 
----------------------------------------------------------------------------------------------------------------------------------------------------------------------------
 Limit  (cost=251602.04..251602.06 rows=1 width=32) (actual time=440.387..440.389 rows=1 loops=1)
   ->  Aggregate  (cost=251602.04..251602.06 rows=1 width=32) (actual time=440.386..440.387 rows=1 loops=1)
         ->  Nested Loop  (cost=0.87..251549.38 rows=21066 width=8) (actual time=0.949..439.245 rows=5319 loops=1)
               Join Filter: (part.p_partkey = lineitem.l_partkey)
               ->  Nested Loop  (cost=0.43..86757.33 rows=2107 width=20) (actual time=0.936..382.588 rows=1996 loops=1)
                     ->  Seq Scan on part  (cost=0.00..70962.65 rows=2107 width=4) (actual time=0.922..367.598 rows=1996 loops=1)
                           Filter: ((p_brand = 'Brand#22'::bpchar) AND (p_container = 'LG BOX'::bpchar))
                           Rows Removed by Filter: 1998004
                     ->  Index Scan using idx_tmp_avg_quantity on tmp_avg_quantity part_agg  (cost=0.43..7.49 rows=1 width=16) (actual time=0.007..0.007 rows=1 loops=1996)
                           Index Cond: (agg_partkey = part.p_partkey)
               ->  Index Scan using idx_lineitem_part_supp on lineitem  (cost=0.44..78.07 rows=11 width=17) (actual time=0.011..0.027 rows=3 loops=1996)
                     Index Cond: (l_partkey = part_agg.agg_partkey)
                     Filter: (l_quantity < part_agg.avg_quantity)
                     Rows Removed by Filter: 27
 Settings: jit = 'off', max_parallel_workers_per_gather = '0', work_mem = '128MB'
 Planning Time: 0.697 ms
 Execution Time: 440.420 ms
(17 rows)

DROP TABLE
===== 17.sql jit=off =====
                                                                            QUERY PLAN                                                                            
------------------------------------------------------------------------------------------------------------------------------------------------------------------
 Limit  (cost=6429046.03..6429046.04 rows=1 width=32) (actual time=67967.656..67967.659 rows=1 loops=1)
   ->  Aggregate  (cost=6429046.03..6429046.04 rows=1 width=32) (actual time=67967.654..67967.656 rows=1 loops=1)
         ->  Nested Loop  (cost=5638552.35..6428996.81 rows=19688 width=8) (actual time=38733.675..67966.426 rows=5319 loops=1)
               Join Filter: (part.p_partkey = lineitem.l_partkey)
               ->  Hash Join  (cost=5638551.91..6276029.39 rows=1969 width=40) (actual time=38733.636..67905.689 rows=1996 loops=1)
                     Hash Cond: (lineitem_1.l_partkey = part.p_partkey)
                     ->  HashAggregate  (cost=5567562.93..6181442.00 rows=1869180 width=36) (actual time=38394.911..67403.636 rows=2000000 loops=1)
                           Group Key: lineitem_1.l_partkey
                           Planned Partitions: 8  Batches: 9  Memory Usage: 135249kB  Disk Usage: 1846896kB
                           ->  Seq Scan on lineitem lineitem_1  (cost=0.00..1724443.56 rows=59990156 width=9) (actual time=0.300..8761.001 rows=59986052 loops=1)
                     ->  Hash  (cost=70962.65..70962.65 rows=2107 width=4) (actual time=336.928..336.929 rows=1996 loops=1)
                           Buckets: 4096  Batches: 1  Memory Usage: 103kB
                           ->  Seq Scan on part  (cost=0.00..70962.65 rows=2107 width=4) (actual time=0.598..335.954 rows=1996 loops=1)
                                 Filter: ((p_brand = 'Brand#22'::bpchar) AND (p_container = 'LG BOX'::bpchar))
                                 Rows Removed by Filter: 1998004
               ->  Index Scan using idx_lineitem_part_supp on lineitem  (cost=0.44..77.55 rows=11 width=17) (actual time=0.013..0.029 rows=3 loops=1996)
                     Index Cond: (l_partkey = lineitem_1.l_partkey)
                     Filter: (l_quantity < ((0.2 * avg(lineitem_1.l_quantity))))
                     Rows Removed by Filter: 27
 Settings: jit = 'off', max_parallel_workers_per_gather = '0', work_mem = '128MB'
 Planning Time: 2.078 ms
 Execution Time: 68071.088 ms
(22 rows)

===== 18.sql jit=off =====
                                                                                                 QUERY PLAN                                                                                                  
-------------------------------------------------------------------------------------------------------------------------------------------------------------------------------------------------------------
 Limit  (cost=9939212.59..9939212.84 rows=100 width=71) (actual time=50688.977..50688.992 rows=99 loops=1)
   ->  Sort  (cost=9939212.59..9989191.85 rows=19991705 width=71) (actual time=50688.976..50688.984 rows=99 loops=1)
         Sort Key: orders.o_totalprice DESC, orders.o_orderdate
         Sort Method: quicksort  Memory: 32kB
         ->  HashAggregate  (cost=8573830.99..9175144.00 rows=19991705 width=71) (actual time=50687.379..50688.843 rows=99 loops=1)
               Group Key: customer.c_custkey, orders.o_orderkey
               Planned Partitions: 64  Batches: 1  Memory Usage: 12369kB
               ->  Hash Join  (cost=69641.55..6618392.35 rows=19991705 width=44) (actual time=1714.090..50686.342 rows=693 loops=1)
                     Hash Cond: (orders.o_custkey = customer.c_custkey)
                     ->  Merge Join  (cost=62.95..6496335.38 rows=19991705 width=25) (actual time=1124.534..50096.283 rows=693 loops=1)
                           Merge Cond: (orders.o_orderkey = lineitem.l_orderkey)
                           ->  Merge Join  (cost=1.00..3729851.52 rows=4999180 width=24) (actual time=835.426..36384.473 rows=99 loops=1)
                                 Merge Cond: (orders.o_orderkey = lineitem_1.l_orderkey)
                                 ->  Index Scan using orders_pkey on orders  (cost=0.43..650458.95 rows=15001301 width=20) (actual time=0.306..3121.695 rows=14982724 loops=1)
                                 ->  GroupAggregate  (cost=0.56..2929407.77 rows=4999180 width=4) (actual time=732.521..32239.524 rows=99 loops=1)
                                       Group Key: lineitem_1.l_orderkey
                                       Filter: (sum(lineitem_1.l_quantity) > '313'::numeric)
                                       Rows Removed by Filter: 14999901
                                       ->  Index Scan using idx_lineitem_orderkey on lineitem lineitem_1  (cost=0.56..2404493.90 rows=59990156 width=9) (actual time=0.747..14544.362 rows=59986052 loops=1)
                           ->  Index Scan using idx_lineitem_orderkey on lineitem  (cost=0.56..2404493.90 rows=59990156 width=9) (actual time=0.031..9740.255 rows=59916431 loops=1)
                     ->  Hash  (cost=50827.71..50827.71 rows=1500071 width=23) (actual time=585.236..585.237 rows=1500000 loops=1)
                           Buckets: 2097152  Batches: 1  Memory Usage: 98416kB
                           ->  Seq Scan on customer  (cost=0.00..50827.71 rows=1500071 width=23) (actual time=0.451..266.720 rows=1500000 loops=1)
 Settings: jit = 'off', max_parallel_workers_per_gather = '0', work_mem = '128MB'
 Planning Time: 9.847 ms
 Execution Time: 50694.140 ms
(26 rows)

===== 19.sql jit=off =====
                                                                                                                                                                                                                                                                                                                                                                                                                                                                                                            QUERY PLAN                                                                                                                                                                                                                                                                                                                                                                                                                                                                                                            
----------------------------------------------------------------------------------------------------------------------------------------------------------------------------------------------------------------------------------------------------------------------------------------------------------------------------------------------------------------------------------------------------------------------------------------------------------------------------------------------------------------------------------------------------------------------------------------------------------------------------------------------------------------------------------------------------------------------------------------------------------------------------------------------------------------------------------------------------------------------------------------------------------------------------------------------------------------------------------------------------------------------------------
 Limit  (cost=728451.52..728451.53 rows=1 width=32) (actual time=1204.689..1204.690 rows=1 loops=1)
   ->  Aggregate  (cost=728451.52..728451.53 rows=1 width=32) (actual time=1204.688..1204.688 rows=1 loops=1)
         ->  Nested Loop  (cost=0.44..728443.20 rows=1110 width=12) (actual time=3.255..1203.254 rows=1063 loops=1)
               ->  Seq Scan on part  (cost=0.00..125963.83 rows=4749 width=30) (actual time=0.320..556.982 rows=4781 loops=1)
                     Filter: ((p_size >= 1) AND (((p_brand = 'Brand#24'::bpchar) AND (p_container = ANY ('{"SM CASE","SM BOX","SM PACK","SM PKG"}'::bpchar[])) AND (p_size <= 5)) OR ((p_brand = 'Brand#43'::bpchar) AND (p_container = ANY ('{"MED BAG","MED BOX","MED PKG","MED PACK"}'::bpchar[])) AND (p_size <= 10)) OR ((p_brand = 'Brand#44'::bpchar) AND (p_container = ANY ('{"LG CASE","LG BOX","LG PACK","LG PKG"}'::bpchar[])) AND (p_size <= 15))))
                     Rows Removed by Filter: 1995219
               ->  Index Scan using idx_lineitem_part_supp on lineitem  (cost=0.44..126.85 rows=1 width=21) (actual time=0.121..0.134 rows=0 loops=4781)
                     Index Cond: (l_partkey = part.p_partkey)
                     Filter: ((l_shipmode = ANY ('{AIR,"AIR REG"}'::bpchar[])) AND (l_shipinstruct = 'DELIVER IN PERSON'::bpchar) AND (((l_quantity >= '10'::numeric) AND (l_quantity <= '20'::numeric)) OR ((l_quantity >= '10'::numeric) AND (l_quantity <= '20'::numeric)) OR ((l_quantity >= '20'::numeric) AND (l_quantity <= '30'::numeric))) AND (((part.p_brand = 'Brand#24'::bpchar) AND (part.p_container = ANY ('{"SM CASE","SM BOX","SM PACK","SM PKG"}'::bpchar[])) AND (l_quantity >= '10'::numeric) AND (l_quantity <= '20'::numeric) AND (part.p_size <= 5)) OR ((part.p_brand = 'Brand#43'::bpchar) AND (part.p_container = ANY ('{"MED BAG","MED BOX","MED PKG","MED PACK"}'::bpchar[])) AND (l_quantity >= '10'::numeric) AND (l_quantity <= '20'::numeric) AND (part.p_size <= 10)) OR ((part.p_brand = 'Brand#44'::bpchar) AND (part.p_container = ANY ('{"LG CASE","LG BOX","LG PACK","LG PKG"}'::bpchar[])) AND (l_quantity >= '20'::numeric) AND (l_quantity <= '30'::numeric) AND (part.p_size <= 15))))
                     Rows Removed by Filter: 30
 Settings: jit = 'off', max_parallel_workers_per_gather = '0', work_mem = '128MB'
 Planning Time: 1.373 ms
 Execution Time: 1204.755 ms
(13 rows)

===== 1.sql jit=off =====
                                                                 QUERY PLAN                                                                  
---------------------------------------------------------------------------------------------------------------------------------------------
 Limit  (cost=3948247.96..3948247.97 rows=1 width=236) (actual time=88346.466..88346.467 rows=1 loops=1)
   ->  Sort  (cost=3948247.96..3948247.98 rows=6 width=236) (actual time=88346.464..88346.465 rows=1 loops=1)
         Sort Key: l_returnflag, l_linestatus
         Sort Method: top-N heapsort  Memory: 25kB
         ->  HashAggregate  (cost=3948247.77..3948247.93 rows=6 width=236) (actual time=88346.428..88346.437 rows=4 loops=1)
               Group Key: l_returnflag, l_linestatus
               Batches: 1  Memory Usage: 32kB
               ->  Seq Scan on lineitem  (cost=0.00..1874418.95 rows=59252252 width=25) (actual time=0.319..13059.841 rows=59284448 loops=1)
                     Filter: (l_shipdate <= '1998-09-10 00:00:00'::timestamp without time zone)
                     Rows Removed by Filter: 701604
 Settings: jit = 'off', max_parallel_workers_per_gather = '0', work_mem = '128MB'
 Planning Time: 0.638 ms
 Execution Time: 88346.542 ms
(13 rows)

===== 20-flattened.sql jit=off =====
                                                                        QUERY PLAN                                                                         
-----------------------------------------------------------------------------------------------------------------------------------------------------------
 HashAggregate  (cost=2093194.81..2253796.84 rows=4825929 width=40) (actual time=106936.973..115148.859 rows=5448842 loops=1)
   Group Key: l_partkey, l_suppkey
   Planned Partitions: 16  Batches: 81  Memory Usage: 135313kB  Disk Usage: 342848kB
   ->  Bitmap Heap Scan on lineitem  (cost=231897.03..1491934.35 rows=9033021 width=13) (actual time=1806.783..98498.931 rows=9123688 loops=1)
         Recheck Cond: ((l_shipdate >= '1996-01-01'::date) AND (l_shipdate < '1997-01-01'::date))
         Heap Blocks: exact=1048319
         ->  Bitmap Index Scan on idx_lineitem_shipdate  (cost=0.00..229638.78 rows=9033021 width=0) (actual time=1447.464..1447.464 rows=9123688 loops=1)
               Index Cond: ((l_shipdate >= '1996-01-01'::date) AND (l_shipdate < '1997-01-01'::date))
 Settings: jit = 'off', max_parallel_workers_per_gather = '0', work_mem = '128MB'
 Planning Time: 2.155 ms
 Execution Time: 115335.190 ms
(11 rows)

SELECT 5448842
CREATE INDEX
ANALYZE
                                                                                   QUERY PLAN                                                                                   
--------------------------------------------------------------------------------------------------------------------------------------------------------------------------------
 Limit  (cost=58288.62..58288.62 rows=1 width=51) (actual time=8099.786..8099.788 rows=1 loops=1)
   ->  Sort  (cost=58288.62..58288.62 rows=1 width=51) (actual time=8099.784..8099.786 rows=1 loops=1)
         Sort Key: supplier.s_name
         Sort Method: top-N heapsort  Memory: 25kB
         ->  Nested Loop Semi Join  (cost=48.59..58288.61 rows=1 width=51) (actual time=10.022..8094.706 rows=1821 loops=1)
               ->  Nested Loop  (cost=47.29..2404.57 rows=4000 width=55) (actual time=2.297..18.852 rows=4095 loops=1)
                     ->  Seq Scan on nation  (cost=0.00..1.31 rows=1 width=4) (actual time=0.176..0.181 rows=1 loops=1)
                           Filter: (n_name = 'IRAQ'::bpchar)
                           Rows Removed by Filter: 24
                     ->  Bitmap Heap Scan on supplier  (cost=47.29..2363.25 rows=4000 width=59) (actual time=2.112..17.235 rows=4095 loops=1)
                           Recheck Cond: (s_nationkey = nation.n_nationkey)
                           Heap Blocks: exact=1867
                           ->  Bitmap Index Scan on idx_supplier_nation_key  (cost=0.00..46.29 rows=4000 width=0) (actual time=1.536..1.537 rows=4095 loops=1)
                                 Index Cond: (s_nationkey = nation.n_nationkey)
               ->  Nested Loop  (cost=1.30..13.96 rows=1 width=8) (actual time=1.971..1.971 rows=0 loops=4095)
                     Join Filter: (supplier.s_suppkey = agg_lineitem.agg_suppkey)
                     ->  Nested Loop  (cost=0.87..13.47 rows=1 width=16) (actual time=1.680..1.964 rows=1 loops=4095)
                           ->  Index Scan using idx_partsupp_suppkey on partsupp  (cost=0.43..9.02 rows=77 width=12) (actual time=0.019..1.575 rows=61 loops=4095)
                                 Index Cond: (ps_suppkey = supplier.s_suppkey)
                           ->  Memoize  (cost=0.44..0.48 rows=1 width=4) (actual time=0.006..0.006 rows=0 loops=248000)
                                 Cache Key: partsupp.ps_partkey
                                 Hits: 11702  Misses: 236298  Evictions: 0  Overflows: 0  Memory Usage: 15783kB
                                 ->  Index Scan using part_pkey on part  (cost=0.43..0.47 rows=1 width=4) (actual time=0.005..0.005 rows=0 loops=236298)
                                       Index Cond: (p_partkey = partsupp.ps_partkey)
                                       Filter: ((p_name)::text ~~ 'olive%'::text)
                                       Rows Removed by Filter: 1
                     ->  Index Scan using idx_tmp_agg_lineitem on tmp_agg_lineitem agg_lineitem  (cost=0.43..0.48 rows=1 width=13) (actual time=0.010..0.010 rows=1 loops=2732)
                           Index Cond: ((agg_partkey = partsupp.ps_partkey) AND (agg_suppkey = partsupp.ps_suppkey))
                           Filter: ((partsupp.ps_availqty)::numeric > agg_quantity)
                           Rows Removed by Filter: 0
 Settings: jit = 'off', max_parallel_workers_per_gather = '0', work_mem = '128MB'
 Planning Time: 10.743 ms
 Execution Time: 8101.122 ms
(33 rows)

DROP TABLE
===== 20.sql jit=off =====
                                                                                          QUERY PLAN                                                                                           
-----------------------------------------------------------------------------------------------------------------------------------------------------------------------------------------------
 Limit  (cost=2416307.48..2416307.48 rows=1 width=51) (actual time=135504.871..135504.875 rows=1 loops=1)
   ->  Sort  (cost=2416307.48..2416307.48 rows=1 width=51) (actual time=135504.869..135504.873 rows=1 loops=1)
         Sort Key: supplier.s_name
         Sort Method: top-N heapsort  Memory: 25kB
         ->  Nested Loop Semi Join  (cost=2159410.30..2416307.47 rows=1 width=51) (actual time=108722.945..135501.912 rows=1821 loops=1)
               Join Filter: (supplier.s_suppkey = lineitem.l_suppkey)
               Rows Removed by Join Filter: 183310388
               ->  Nested Loop  (cost=0.00..4467.31 rows=4000 width=55) (actual time=0.035..27.939 rows=4095 loops=1)
                     Join Filter: (supplier.s_nationkey = nation.n_nationkey)
                     Rows Removed by Join Filter: 95905
                     ->  Seq Scan on nation  (cost=0.00..1.31 rows=1 width=4) (actual time=0.018..0.022 rows=1 loops=1)
                           Filter: (n_name = 'IRAQ'::bpchar)
                           Rows Removed by Filter: 24
                     ->  Seq Scan on supplier  (cost=0.00..3216.00 rows=100000 width=59) (actual time=0.008..19.258 rows=100000 loops=1)
               ->  Materialize  (cost=2159410.30..2411660.16 rows=3 width=8) (actual time=25.321..30.375 rows=44765 loops=4095)
                     ->  Nested Loop  (cost=2159410.30..2411660.15 rows=3 width=8) (actual time=103688.559..117232.635 rows=59002 loops=1)
                           ->  Hash Join  (cost=2159409.87..2380939.27 rows=48746 width=44) (actual time=103687.953..113064.791 rows=59125 loops=1)
                                 Hash Cond: (lineitem.l_partkey = part.p_partkey)
                                 ->  HashAggregate  (cost=2093194.81..2253796.84 rows=4825929 width=40) (actual time=103342.236..111921.581 rows=5448842 loops=1)
                                       Group Key: lineitem.l_partkey, lineitem.l_suppkey
                                       Planned Partitions: 16  Batches: 81  Memory Usage: 135313kB  Disk Usage: 342848kB
                                       ->  Bitmap Heap Scan on lineitem  (cost=231897.03..1491934.35 rows=9033021 width=13) (actual time=1804.673..95240.679 rows=9123688 loops=1)
                                             Recheck Cond: ((l_shipdate >= '1996-01-01'::date) AND (l_shipdate < '1997-01-01'::date))
                                             Heap Blocks: exact=1048319
                                             ->  Bitmap Index Scan on idx_lineitem_shipdate  (cost=0.00..229638.78 rows=9033021 width=0) (actual time=1444.423..1444.423 rows=9123688 loops=1)
                                                   Index Cond: ((l_shipdate >= '1996-01-01'::date) AND (l_shipdate < '1997-01-01'::date))
                                 ->  Hash  (cost=65962.54..65962.54 rows=20202 width=4) (actual time=345.594..345.595 rows=21718 loops=1)
                                       Buckets: 32768  Batches: 1  Memory Usage: 1020kB
                                       ->  Seq Scan on part  (cost=0.00..65962.54 rows=20202 width=4) (actual time=0.364..339.213 rows=21718 loops=1)
                                             Filter: ((p_name)::text ~~ 'olive%'::text)
                                             Rows Removed by Filter: 1978282
                           ->  Index Scan using partsupp_pkey on partsupp  (cost=0.43..0.62 rows=1 width=12) (actual time=0.069..0.069 rows=1 loops=59125)
                                 Index Cond: ((ps_partkey = lineitem.l_partkey) AND (ps_suppkey = lineitem.l_suppkey))
                                 Filter: ((ps_availqty)::numeric > ((0.5 * sum(lineitem.l_quantity))))
                                 Rows Removed by Filter: 0
 Settings: jit = 'off', max_parallel_workers_per_gather = '0', work_mem = '128MB'
 Planning Time: 6.144 ms
 Execution Time: 135534.641 ms
(38 rows)

===== 21.sql jit=off =====
                                                                                            QUERY PLAN                                                                                             
---------------------------------------------------------------------------------------------------------------------------------------------------------------------------------------------------
 Limit  (cost=4271973.62..4271973.63 rows=1 width=34) (actual time=61044.738..61045.379 rows=100 loops=1)
   ->  Sort  (cost=4271973.62..4271973.63 rows=1 width=34) (actual time=61044.736..61044.994 rows=100 loops=1)
         Sort Key: (count(*)) DESC, supplier.s_name
         Sort Method: top-N heapsort  Memory: 38kB
         ->  GroupAggregate  (cost=4271973.59..4271973.61 rows=1 width=34) (actual time=61035.405..61043.700 rows=3991 loops=1)
               Group Key: supplier.s_name
               ->  Sort  (cost=4271973.59..4271973.60 rows=1 width=26) (actual time=61035.392..61038.800 rows=39281 loops=1)
                     Sort Key: supplier.s_name
                     Sort Method: quicksort  Memory: 3378kB
                     ->  Nested Loop Semi Join  (cost=2204946.50..4271973.58 rows=1 width=26) (actual time=20188.405..60859.311 rows=39281 loops=1)
                           Join Filter: (l2.l_suppkey <> l1.l_suppkey)
                           Rows Removed by Join Filter: 42023
                           ->  Nested Loop  (cost=2204945.94..4271966.04 rows=1 width=38) (actual time=20176.933..54260.735 rows=65960 loops=1)
                                 ->  Hash Anti Join  (cost=2204945.50..4271958.73 rows=1 width=34) (actual time=20175.173..41962.754 rows=134155 loops=1)
                                       Hash Cond: (l1.l_orderkey = l3.l_orderkey)
                                       Join Filter: (l3.l_suppkey <> l1.l_suppkey)
                                       Rows Removed by Join Filter: 547662
                                       ->  Hash Join  (cost=2454.57..1959859.90 rows=799869 width=34) (actual time=216.490..16646.529 rows=1514267 loops=1)
                                             Hash Cond: (l1.l_suppkey = supplier.s_suppkey)
                                             ->  Seq Scan on lineitem l1  (cost=0.00..1874418.95 rows=19996719 width=8) (actual time=0.157..12844.302 rows=37929348 loops=1)
                                                   Filter: (l_receiptdate > l_commitdate)
                                                   Rows Removed by Filter: 22056704
                                             ->  Hash  (cost=2404.57..2404.57 rows=4000 width=30) (actual time=216.288..216.291 rows=3991 loops=1)
                                                   Buckets: 4096  Batches: 1  Memory Usage: 282kB
                                                   ->  Nested Loop  (cost=47.29..2404.57 rows=4000 width=30) (actual time=2.142..213.871 rows=3991 loops=1)
                                                         ->  Seq Scan on nation  (cost=0.00..1.31 rows=1 width=4) (actual time=0.115..0.119 rows=1 loops=1)
                                                               Filter: (n_name = 'PERU'::bpchar)
                                                               Rows Removed by Filter: 24
                                                         ->  Bitmap Heap Scan on supplier  (cost=47.29..2363.25 rows=4000 width=34) (actual time=2.024..212.338 rows=3991 loops=1)
                                                               Recheck Cond: (s_nationkey = nation.n_nationkey)
                                                               Heap Blocks: exact=1873
                                                               ->  Bitmap Index Scan on idx_supplier_nation_key  (cost=0.00..46.29 rows=4000 width=0) (actual time=1.624..1.625 rows=3991 loops=1)
                                                                     Index Cond: (s_nationkey = nation.n_nationkey)
                                       ->  Hash  (cost=1874418.95..1874418.95 rows=19996719 width=8) (actual time=19943.606..19943.607 rows=37929348 loops=1)
                                             Buckets: 4194304  Batches: 16  Memory Usage: 125295kB
                                             ->  Seq Scan on lineitem l3  (cost=0.00..1874418.95 rows=19996719 width=8) (actual time=0.017..13976.074 rows=37929348 loops=1)
                                                   Filter: (l_receiptdate > l_commitdate)
                                                   Rows Removed by Filter: 22056704
                                 ->  Index Scan using orders_pkey on orders  (cost=0.43..7.32 rows=1 width=4) (actual time=0.091..0.091 rows=0 loops=134155)
                                       Index Cond: (o_orderkey = l1.l_orderkey)
                                       Filter: (o_orderstatus = 'F'::bpchar)
                                       Rows Removed by Filter: 1
                           ->  Index Scan using idx_lineitem_orderkey on lineitem l2  (cost=0.56..7.52 rows=4 width=8) (actual time=0.098..0.098 rows=1 loops=65960)
                                 Index Cond: (l_orderkey = orders.o_orderkey)
 Settings: jit = 'off', max_parallel_workers_per_gather = '0', work_mem = '128MB'
 Planning Time: 11.023 ms
 Execution Time: 61046.065 ms
(47 rows)

===== 22.sql jit=off =====
                                                                          QUERY PLAN                                                                          
--------------------------------------------------------------------------------------------------------------------------------------------------------------
 Limit  (cost=163110.22..163110.25 rows=1 width=72) (actual time=2090.878..2090.881 rows=1 loops=1)
   InitPlan 1 (returns $0)
     ->  Aggregate  (cost=75323.42..75323.43 rows=1 width=32) (actual time=939.614..939.615 rows=1 loops=1)
           ->  Seq Scan on customer customer_1  (cost=0.00..75203.86 rows=47820 width=6) (actual time=0.012..897.058 rows=382426 loops=1)
                 Filter: ((c_acctbal > 0.00) AND (SUBSTRING(c_phone FROM 1 FOR 2) = ANY ('{21,29,26,34,14,15,17}'::text[])))
                 Rows Removed by Filter: 1117574
   ->  GroupAggregate  (cost=87786.79..87995.55 rows=7591 width=72) (actual time=2090.877..2090.878 rows=1 loops=1)
         Group Key: (SUBSTRING(customer.c_phone FROM 1 FOR 2))
         ->  Sort  (cost=87786.79..87805.77 rows=7591 width=38) (actual time=2088.771..2089.165 rows=9006 loops=1)
               Sort Key: (SUBSTRING(customer.c_phone FROM 1 FOR 2))
               Sort Method: quicksort  Memory: 4513kB
               ->  Nested Loop Anti Join  (cost=0.43..87297.55 rows=7591 width=38) (actual time=939.684..2065.389 rows=63509 loops=1)
                     ->  Seq Scan on customer  (cost=0.00..75203.86 rows=17501 width=26) (actual time=939.660..1641.806 rows=191129 loops=1)
                           Filter: ((c_acctbal > $0) AND (SUBSTRING(c_phone FROM 1 FOR 2) = ANY ('{21,29,26,34,14,15,17}'::text[])))
                           Rows Removed by Filter: 1308871
                     ->  Index Only Scan using idx_orders_custkey on orders  (cost=0.43..3.30 rows=18 width=4) (actual time=0.002..0.002 rows=1 loops=191129)
                           Index Cond: (o_custkey = customer.c_custkey)
                           Heap Fetches: 0
 Settings: jit = 'off', max_parallel_workers_per_gather = '0', work_mem = '128MB'
 Planning Time: 0.852 ms
 Execution Time: 2091.147 ms
(21 rows)

===== 2-flattened.sql jit=off =====
                                                                       QUERY PLAN                                                                        
---------------------------------------------------------------------------------------------------------------------------------------------------------
 HashAggregate  (cost=205782.40..210377.69 rows=459529 width=36) (actual time=3815.124..4326.913 rows=1182884 loops=1)
   Group Key: partsupp.ps_partkey
   Batches: 5  Memory Usage: 139313kB  Disk Usage: 15632kB
   ->  Nested Loop  (cost=42.10..198047.03 rows=1547074 width=10) (actual time=0.848..2956.322 rows=1604080 loops=1)
         ->  Nested Loop  (cost=41.67..2184.07 rows=20000 width=4) (actual time=0.830..54.634 rows=20051 loops=1)
               ->  Nested Loop  (cost=0.14..13.95 rows=5 width=4) (actual time=0.066..0.092 rows=5 loops=1)
                     Join Filter: (nation.n_regionkey = region.r_regionkey)
                     Rows Removed by Join Filter: 20
                     ->  Index Scan using nation_pkey on nation  (cost=0.14..12.51 rows=25 width=8) (actual time=0.034..0.043 rows=25 loops=1)
                     ->  Materialize  (cost=0.00..1.07 rows=1 width=4) (actual time=0.001..0.001 rows=1 loops=25)
                           ->  Seq Scan on region  (cost=0.00..1.06 rows=1 width=4) (actual time=0.018..0.019 rows=1 loops=1)
                                 Filter: (r_name = 'AMERICA'::bpchar)
                                 Rows Removed by Filter: 4
               ->  Bitmap Heap Scan on supplier  (cost=41.53..394.02 rows=4000 width=8) (actual time=0.678..10.172 rows=4010 loops=5)
                     Recheck Cond: (s_nationkey = nation.n_nationkey)
                     Heap Blocks: exact=9388
                     ->  Bitmap Index Scan on idx_supplier_nation_key  (cost=0.00..40.53 rows=4000 width=0) (actual time=0.420..0.420 rows=4010 loops=5)
                           Index Cond: (s_nationkey = nation.n_nationkey)
         ->  Index Scan using idx_partsupp_suppkey on partsupp  (cost=0.43..9.02 rows=77 width=14) (actual time=0.007..0.131 rows=80 loops=20051)
               Index Cond: (ps_suppkey = supplier.s_suppkey)
 Settings: jit = 'off', max_parallel_workers_per_gather = '0', work_mem = '128MB'
 Planning Time: 1.250 ms
 Execution Time: 4367.166 ms
(23 rows)

SELECT 1182884
CREATE INDEX
ANALYZE
                                                                             QUERY PLAN                                                                             
--------------------------------------------------------------------------------------------------------------------------------------------------------------------
 Limit  (cost=480024.56..480024.56 rows=1 width=192) (actual time=3960.364..3960.380 rows=100 loops=1)
   ->  Sort  (cost=480024.56..480024.56 rows=1 width=192) (actual time=3960.363..3960.372 rows=100 loops=1)
         Sort Key: supplier.s_acctbal DESC, nation.n_name, supplier.s_name, part.p_partkey
         Sort Method: top-N heapsort  Memory: 71kB
         ->  Hash Join  (cost=261615.69..480024.55 rows=1 width=192) (actual time=3200.592..3957.739 rows=4737 loops=1)
               Hash Cond: ((part.p_partkey = partsupp.ps_partkey) AND ((SubPlan 1) = partsupp.ps_supplycost))
               ->  Seq Scan on part  (cost=0.00..70962.65 rows=8640 width=30) (actual time=0.020..442.730 rows=8046 loops=1)
                     Filter: (((p_type)::text ~~ '%NICKEL'::text) AND (p_size = 16))
                     Rows Removed by Filter: 1991954
               ->  Hash  (cost=200638.58..200638.58 rows=1547074 width=172) (actual time=3199.610..3199.613 rows=1604080 loops=1)
                     Buckets: 1048576  Batches: 4  Memory Usage: 90233kB
                     ->  Nested Loop  (cost=2.00..200638.58 rows=1547074 width=172) (actual time=0.074..2384.388 rows=1604080 loops=1)
                           ->  Nested Loop  (cost=1.56..4775.62 rows=20000 width=166) (actual time=0.058..61.762 rows=20051 loops=1)
                                 Join Filter: (nation.n_regionkey = region.r_regionkey)
                                 Rows Removed by Join Filter: 79949
                                 ->  Seq Scan on region  (cost=0.00..1.06 rows=1 width=4) (actual time=0.021..0.024 rows=1 loops=1)
                                       Filter: (r_name = 'AMERICA'::bpchar)
                                       Rows Removed by Filter: 4
                                 ->  Hash Join  (cost=1.56..3524.56 rows=100000 width=170) (actual time=0.033..53.206 rows=100000 loops=1)
                                       Hash Cond: (supplier.s_nationkey = nation.n_nationkey)
                                       ->  Seq Scan on supplier  (cost=0.00..3216.00 rows=100000 width=144) (actual time=0.007..17.050 rows=100000 loops=1)
                                       ->  Hash  (cost=1.25..1.25 rows=25 width=34) (actual time=0.014..0.015 rows=25 loops=1)
                                             Buckets: 1024  Batches: 1  Memory Usage: 10kB
                                             ->  Seq Scan on nation  (cost=0.00..1.25 rows=25 width=34) (actual time=0.004..0.008 rows=25 loops=1)
                           ->  Index Scan using idx_partsupp_suppkey on partsupp  (cost=0.43..9.02 rows=77 width=14) (actual time=0.005..0.101 rows=80 loops=20051)
                                 Index Cond: (ps_suppkey = supplier.s_suppkey)
               SubPlan 1
                 ->  Index Scan using tmp_supplycost_idx on tmp_supplycost  (cost=0.43..8.45 rows=1 width=6) (actual time=0.004..0.004 rows=1 loops=12783)
                       Index Cond: (ps_partkey = part.p_partkey)
 Settings: jit = 'off', max_parallel_workers_per_gather = '0', work_mem = '128MB'
 Planning Time: 1.360 ms
 Execution Time: 3960.706 ms
(32 rows)

DROP TABLE
===== 2.sql jit=off =====
                                                                                        QUERY PLAN                                                                                         
-------------------------------------------------------------------------------------------------------------------------------------------------------------------------------------------
 Limit  (cost=1633983.94..1633983.94 rows=1 width=192) (actual time=5380.050..5380.066 rows=100 loops=1)
   ->  Sort  (cost=1633983.94..1633983.94 rows=1 width=192) (actual time=5380.048..5380.058 rows=100 loops=1)
         Sort Key: supplier.s_acctbal DESC, nation.n_name, supplier.s_name, part.p_partkey
         Sort Method: top-N heapsort  Memory: 71kB
         ->  Merge Join  (cost=491909.14..1633983.93 rows=1 width=192) (actual time=3801.806..5377.007 rows=4737 loops=1)
               Merge Cond: (part.p_partkey = partsupp.ps_partkey)
               Join Filter: (partsupp.ps_supplycost = (SubPlan 1))
               Rows Removed by Join Filter: 1661
               ->  Index Scan using part_pkey on part  (cost=0.43..102914.29 rows=8640 width=30) (actual time=0.032..643.953 rows=8046 loops=1)
                     Filter: (((p_type)::text ~~ '%NICKEL'::text) AND (p_size = 16))
                     Rows Removed by Filter: 1991954
               ->  Materialize  (cost=491884.88..499620.25 rows=1547074 width=172) (actual time=3801.626..4332.985 rows=1603828 loops=1)
                     ->  Sort  (cost=491884.88..495752.57 rows=1547074 width=172) (actual time=3801.621..4113.541 rows=1603828 loops=1)
                           Sort Key: partsupp.ps_partkey
                           Sort Method: external merge  Disk: 293456kB
                           ->  Nested Loop  (cost=2.00..200638.58 rows=1547074 width=172) (actual time=0.066..2635.312 rows=1604080 loops=1)
                                 ->  Nested Loop  (cost=1.56..4775.62 rows=20000 width=166) (actual time=0.047..62.199 rows=20051 loops=1)
                                       Join Filter: (nation.n_regionkey = region.r_regionkey)
                                       Rows Removed by Join Filter: 79949
                                       ->  Seq Scan on region  (cost=0.00..1.06 rows=1 width=4) (actual time=0.011..0.013 rows=1 loops=1)
                                             Filter: (r_name = 'AMERICA'::bpchar)
                                             Rows Removed by Filter: 4
                                       ->  Hash Join  (cost=1.56..3524.56 rows=100000 width=170) (actual time=0.034..53.750 rows=100000 loops=1)
                                             Hash Cond: (supplier.s_nationkey = nation.n_nationkey)
                                             ->  Seq Scan on supplier  (cost=0.00..3216.00 rows=100000 width=144) (actual time=0.002..15.082 rows=100000 loops=1)
                                             ->  Hash  (cost=1.25..1.25 rows=25 width=34) (actual time=0.021..0.022 rows=25 loops=1)
                                                   Buckets: 1024  Batches: 1  Memory Usage: 10kB
                                                   ->  Seq Scan on nation  (cost=0.00..1.25 rows=25 width=34) (actual time=0.009..0.013 rows=25 loops=1)
                                 ->  Index Scan using idx_partsupp_suppkey on partsupp  (cost=0.43..9.02 rows=77 width=14) (actual time=0.005..0.115 rows=80 loops=20051)
                                       Index Cond: (ps_suppkey = supplier.s_suppkey)
               SubPlan 1
                 ->  Aggregate  (cost=153.74..153.75 rows=1 width=32) (actual time=0.030..0.030 rows=1 loops=6398)
                       ->  Nested Loop  (cost=0.86..153.73 rows=3 width=6) (actual time=0.017..0.027 rows=2 loops=6398)
                             Join Filter: (nation_1.n_regionkey = region_1.r_regionkey)
                             Rows Removed by Join Filter: 2
                             ->  Seq Scan on region region_1  (cost=0.00..1.06 rows=1 width=4) (actual time=0.001..0.002 rows=1 loops=6398)
                                   Filter: (r_name = 'AMERICA'::bpchar)
                                   Rows Removed by Filter: 4
                             ->  Nested Loop  (cost=0.86..152.47 rows=16 width=10) (actual time=0.011..0.025 rows=4 loops=6398)
                                   ->  Nested Loop  (cost=0.72..150.00 rows=16 width=10) (actual time=0.009..0.019 rows=4 loops=6398)
                                         ->  Index Scan using idx_partsupp_partkey on partsupp partsupp_1  (cost=0.43..8.73 rows=17 width=10) (actual time=0.006..0.006 rows=4 loops=6398)
                                               Index Cond: (ps_partkey = part.p_partkey)
                                         ->  Index Scan using supplier_pkey on supplier supplier_1  (cost=0.29..8.31 rows=1 width=8) (actual time=0.003..0.003 rows=1 loops=25592)
                                               Index Cond: (s_suppkey = partsupp_1.ps_suppkey)
                                   ->  Index Scan using nation_pkey on nation nation_1  (cost=0.14..0.16 rows=1 width=8) (actual time=0.001..0.001 rows=1 loops=25592)
                                         Index Cond: (n_nationkey = supplier_1.s_nationkey)
 Settings: jit = 'off', max_parallel_workers_per_gather = '0', work_mem = '128MB'
 Planning Time: 2.640 ms
 Execution Time: 5401.014 ms
(49 rows)

===== 3.sql jit=off =====
                                                                                     QUERY PLAN                                                                                      
-------------------------------------------------------------------------------------------------------------------------------------------------------------------------------------
 Limit  (cost=2958604.25..2958604.27 rows=10 width=44) (actual time=38532.610..38532.616 rows=10 loops=1)
   ->  Sort  (cost=2958604.25..2966458.78 rows=3141814 width=44) (actual time=38532.608..38532.612 rows=10 loops=1)
         Sort Key: (sum((lineitem.l_extendedprice * ('1'::numeric - lineitem.l_discount)))) DESC, orders.o_orderdate
         Sort Method: top-N heapsort  Memory: 26kB
         ->  HashAggregate  (cost=2814619.97..2890710.78 rows=3141814 width=44) (actual time=38460.646..38511.016 rows=113934 loops=1)
               Group Key: lineitem.l_orderkey, orders.o_orderdate, orders.o_shippriority
               Planned Partitions: 8  Batches: 1  Memory Usage: 61457kB
               ->  Hash Join  (cost=529770.04..2557383.95 rows=3141814 width=24) (actual time=22691.829..38157.005 rows=301530 loops=1)
                     Hash Cond: (lineitem.l_orderkey = orders.o_orderkey)
                     ->  Seq Scan on lineitem  (cost=0.00..1874418.95 rows=32473818 width=16) (actual time=0.307..11839.308 rows=32534229 loops=1)
                           Filter: (l_shipdate > '1995-03-07'::date)
                           Rows Removed by Filter: 27451823
                     ->  Hash  (cost=511628.00..511628.00 rows=1451363 width=12) (actual time=22686.871..22686.874 rows=1451805 loops=1)
                           Buckets: 2097152  Batches: 1  Memory Usage: 78767kB
                           ->  Hash Join  (cost=140034.21..511628.00 rows=1451363 width=12) (actual time=1158.907..22163.700 rows=1451805 loops=1)
                                 Hash Cond: (orders.o_custkey = customer.c_custkey)
                                 ->  Bitmap Heap Scan on orders  (cost=81737.39..434121.91 rows=7317801 width=16) (actual time=786.736..19478.538 rows=7239437 loops=1)
                                       Recheck Cond: (o_orderdate < '1995-03-07'::date)
                                       Heap Blocks: exact=260912
                                       ->  Bitmap Index Scan on idx_orders_orderdate  (cost=0.00..79907.94 rows=7317801 width=0) (actual time=715.750..715.750 rows=7239437 loops=1)
                                             Index Cond: (o_orderdate < '1995-03-07'::date)
                                 ->  Hash  (cost=54577.89..54577.89 rows=297514 width=4) (actual time=371.015..371.016 rows=300276 loops=1)
                                       Buckets: 524288  Batches: 1  Memory Usage: 14653kB
                                       ->  Seq Scan on customer  (cost=0.00..54577.89 rows=297514 width=4) (actual time=0.312..312.089 rows=300276 loops=1)
                                             Filter: (c_mktsegment = 'BUILDING'::bpchar)
                                             Rows Removed by Filter: 1199724
 Settings: jit = 'off', max_parallel_workers_per_gather = '0', work_mem = '128MB'
 Planning Time: 6.952 ms
 Execution Time: 38539.365 ms
(29 rows)

===== 4.sql jit=off =====
                                                                             QUERY PLAN                                                                             
--------------------------------------------------------------------------------------------------------------------------------------------------------------------
 Limit  (cost=2585610.38..2585610.38 rows=1 width=24) (actual time=45779.319..45779.322 rows=1 loops=1)
   ->  Sort  (cost=2585610.38..2585610.39 rows=5 width=24) (actual time=45779.317..45779.320 rows=1 loops=1)
         Sort Key: orders.o_orderpriority
         Sort Method: top-N heapsort  Memory: 25kB
         ->  HashAggregate  (cost=2585610.31..2585610.36 rows=5 width=24) (actual time=45779.280..45779.284 rows=5 loops=1)
               Group Key: orders.o_orderpriority
               Batches: 1  Memory Usage: 24kB
               ->  Hash Semi Join  (cost=2210110.70..2582824.99 rows=557063 width=16) (actual time=19676.728..45624.981 rows=513822 loops=1)
                     Hash Cond: (orders.o_orderkey = lineitem.l_orderkey)
                     ->  Bitmap Heap Scan on orders  (cost=7619.77..276889.81 rows=557203 width=20) (actual time=147.153..21606.250 rows=560424 loops=1)
                           Recheck Cond: ((o_orderdate >= '1993-12-01'::date) AND (o_orderdate < '1994-03-01'::date))
                           Heap Blocks: exact=231732
                           ->  Bitmap Index Scan on idx_orders_orderdate  (cost=0.00..7480.47 rows=557203 width=0) (actual time=84.071..84.072 rows=560424 loops=1)
                                 Index Cond: ((o_orderdate >= '1993-12-01'::date) AND (o_orderdate < '1994-03-01'::date))
                     ->  Hash  (cost=1874418.95..1874418.95 rows=19996719 width=4) (actual time=19519.438..19519.439 rows=37929348 loops=1)
                           Buckets: 4194304  Batches: 16  Memory Usage: 116042kB
                           ->  Seq Scan on lineitem  (cost=0.00..1874418.95 rows=19996719 width=4) (actual time=0.327..13900.537 rows=37929348 loops=1)
                                 Filter: (l_commitdate < l_receiptdate)
                                 Rows Removed by Filter: 22056704
 Settings: jit = 'off', max_parallel_workers_per_gather = '0', work_mem = '128MB'
 Planning Time: 4.582 ms
 Execution Time: 45782.212 ms
(22 rows)

===== 5.sql jit=off =====
                                                                                           QUERY PLAN                                                                                            
-------------------------------------------------------------------------------------------------------------------------------------------------------------------------------------------------
 Limit  (cost=2399055.42..2399055.43 rows=1 width=58) (actual time=36902.127..36902.135 rows=1 loops=1)
   ->  Sort  (cost=2399055.42..2399055.49 rows=25 width=58) (actual time=36902.125..36902.133 rows=1 loops=1)
         Sort Key: (sum((lineitem.l_extendedprice * ('1'::numeric - lineitem.l_discount)))) DESC
         Sort Method: top-N heapsort  Memory: 25kB
         ->  GroupAggregate  (cost=2398127.60..2399055.30 rows=25 width=58) (actual time=36872.266..36902.103 rows=5 loops=1)
               Group Key: nation.n_name
               ->  Sort  (cost=2398127.60..2398313.08 rows=74191 width=38) (actual time=36864.952..36868.817 rows=72033 loops=1)
                     Sort Key: nation.n_name
                     Sort Method: quicksort  Memory: 8700kB
                     ->  Hash Join  (cost=414438.35..2392125.93 rows=74191 width=38) (actual time=21924.919..36822.225 rows=72033 loops=1)
                           Hash Cond: ((lineitem.l_suppkey = supplier.s_suppkey) AND (customer.c_nationkey = supplier.s_nationkey))
                           ->  Hash Join  (cost=409722.35..2377673.87 rows=1854487 width=50) (actual time=21880.352..36350.966 rows=1815327 loops=1)
                                 Hash Cond: (lineitem.l_orderkey = orders.o_orderkey)
                                 ->  Seq Scan on lineitem  (cost=0.00..1724443.56 rows=59990156 width=20) (actual time=0.375..7162.072 rows=59986052 loops=1)
                                 ->  Hash  (cost=403925.62..403925.62 rows=463738 width=38) (actual time=21878.695..21878.700 rows=453399 loops=1)
                                       Buckets: 524288  Batches: 1  Memory Usage: 35976kB
                                       ->  Hash Join  (cost=94900.81..403925.62 rows=463738 width=38) (actual time=802.123..21643.003 rows=453399 loops=1)
                                             Hash Cond: (orders.o_custkey = customer.c_custkey)
                                             ->  Bitmap Heap Scan on orders  (cost=31695.01..327387.36 rows=2318690 width=8) (actual time=316.661..20264.636 rows=2276638 loops=1)
                                                   Recheck Cond: ((o_orderdate >= '1993-01-01'::date) AND (o_orderdate < '1994-01-01'::date))
                                                   Heap Blocks: exact=260897
                                                   ->  Bitmap Index Scan on idx_orders_orderdate  (cost=0.00..31115.34 rows=2318690 width=0) (actual time=246.199..246.199 rows=2276638 loops=1)
                                                         Index Cond: ((o_orderdate >= '1993-01-01'::date) AND (o_orderdate < '1994-01-01'::date))
                                             ->  Hash  (cost=59455.62..59455.62 rows=300014 width=38) (actual time=484.278..484.281 rows=299436 loops=1)
                                                   Buckets: 524288  Batches: 1  Memory Usage: 25151kB
                                                   ->  Hash Join  (cost=2.51..59455.62 rows=300014 width=38) (actual time=0.900..405.954 rows=299436 loops=1)
                                                         Hash Cond: (customer.c_nationkey = nation.n_nationkey)
                                                         ->  Seq Scan on customer  (cost=0.00..50827.71 rows=1500071 width=8) (actual time=0.390..217.886 rows=1500000 loops=1)
                                                         ->  Hash  (cost=2.45..2.45 rows=5 width=30) (actual time=0.491..0.493 rows=5 loops=1)
                                                               Buckets: 1024  Batches: 1  Memory Usage: 9kB
                                                               ->  Hash Join  (cost=1.07..2.45 rows=5 width=30) (actual time=0.466..0.478 rows=5 loops=1)
                                                                     Hash Cond: (nation.n_regionkey = region.r_regionkey)
                                                                     ->  Seq Scan on nation  (cost=0.00..1.25 rows=25 width=34) (actual time=0.190..0.194 rows=25 loops=1)
                                                                     ->  Hash  (cost=1.06..1.06 rows=1 width=4) (actual time=0.239..0.240 rows=1 loops=1)
                                                                           Buckets: 1024  Batches: 1  Memory Usage: 9kB
                                                                           ->  Seq Scan on region  (cost=0.00..1.06 rows=1 width=4) (actual time=0.222..0.225 rows=1 loops=1)
                                                                                 Filter: (r_name = 'AMERICA'::bpchar)
                                                                                 Rows Removed by Filter: 4
                           ->  Hash  (cost=3216.00..3216.00 rows=100000 width=8) (actual time=43.437..43.438 rows=100000 loops=1)
                                 Buckets: 131072  Batches: 1  Memory Usage: 4931kB
                                 ->  Seq Scan on supplier  (cost=0.00..3216.00 rows=100000 width=8) (actual time=0.282..25.785 rows=100000 loops=1)
 Settings: jit = 'off', max_parallel_workers_per_gather = '0', work_mem = '128MB'
 Planning Time: 9.746 ms
 Execution Time: 36903.883 ms
(44 rows)

===== 6.sql jit=off =====
                                                                                          QUERY PLAN                                                                                           
-----------------------------------------------------------------------------------------------------------------------------------------------------------------------------------------------
 Limit  (cost=1509965.79..1509965.80 rows=1 width=32) (actual time=4942.604..4942.605 rows=1 loops=1)
   ->  Aggregate  (cost=1509965.79..1509965.80 rows=1 width=32) (actual time=4942.603..4942.603 rows=1 loops=1)
         ->  Bitmap Heap Scan on lineitem  (cost=304662.72..1503946.11 rows=1203935 width=12) (actual time=1672.976..4433.389 rows=1194558 loops=1)
               Recheck Cond: ((l_shipdate >= '1993-01-01'::date) AND (l_shipdate < '1994-01-01'::date) AND (l_discount >= 0.06) AND (l_discount <= 0.08) AND (l_quantity < '25'::numeric))
               Heap Blocks: exact=662932
               ->  Bitmap Index Scan on idx_lineitem_shipdate  (cost=0.00..304361.74 rows=1203935 width=0) (actual time=1472.996..1472.996 rows=1194558 loops=1)
                     Index Cond: ((l_shipdate >= '1993-01-01'::date) AND (l_shipdate < '1994-01-01'::date) AND (l_discount >= 0.06) AND (l_discount <= 0.08) AND (l_quantity < '25'::numeric))
 Settings: jit = 'off', max_parallel_workers_per_gather = '0', work_mem = '128MB'
 Planning Time: 0.748 ms
 Execution Time: 4945.152 ms
(10 rows)

===== 7.sql jit=off =====
                                                                                     QUERY PLAN                                                                                      
-------------------------------------------------------------------------------------------------------------------------------------------------------------------------------------
 Limit  (cost=2513840.90..2513841.02 rows=1 width=116) (actual time=87868.613..87868.621 rows=1 loops=1)
   ->  GroupAggregate  (cost=2513840.90..2515050.48 rows=10052 width=116) (actual time=87868.611..87868.618 rows=1 loops=1)
         Group Key: n1.n_name, n2.n_name, (EXTRACT(year FROM lineitem.l_shipdate))
         ->  Sort  (cost=2513840.90..2513992.15 rows=60503 width=96) (actual time=87858.688..87859.654 rows=14421 loops=1)
               Sort Key: n1.n_name, n2.n_name, (EXTRACT(year FROM lineitem.l_shipdate))
               Sort Method: quicksort  Memory: 9664kB
               ->  Hash Join  (cost=1021279.97..2509035.53 rows=60503 width=96) (actual time=8762.214..87777.454 rows=57794 loops=1)
                     Hash Cond: (lineitem.l_suppkey = supplier.s_suppkey)
                     Join Filter: (((n1.n_name = 'PERU'::bpchar) AND (n2.n_name = 'MOROCCO'::bpchar)) OR ((n1.n_name = 'MOROCCO'::bpchar) AND (n2.n_name = 'PERU'::bpchar)))
                     Rows Removed by Join Filter: 58158
                     ->  Hash Join  (cost=1017655.57..2497481.78 rows=1453848 width=46) (actual time=8726.770..87219.475 rows=1448126 loops=1)
                           Hash Cond: (lineitem.l_orderkey = orders.o_orderkey)
                           ->  Bitmap Heap Scan on lineitem  (cost=466538.90..1863677.49 rows=18173106 width=24) (actual time=3146.011..77794.000 rows=18230325 loops=1)
                                 Recheck Cond: ((l_shipdate >= '1995-01-01'::date) AND (l_shipdate <= '1996-12-31'::date))
                                 Heap Blocks: exact=1119491
                                 ->  Bitmap Index Scan on idx_lineitem_shipdate  (cost=0.00..461995.62 rows=18173106 width=0) (actual time=2759.540..2759.541 rows=18230325 loops=1)
                                       Index Cond: ((l_shipdate >= '1995-01-01'::date) AND (l_shipdate <= '1996-12-31'::date))
                           ->  Hash  (cost=536115.36..536115.36 rows=1200104 width=30) (actual time=5576.178..5576.181 rows=1191175 loops=1)
                                 Buckets: 2097152  Batches: 1  Memory Usage: 88506kB
                                 ->  Hash Join  (cost=56934.40..536115.36 rows=1200104 width=30) (actual time=396.820..5259.692 rows=1191175 loops=1)
                                       Hash Cond: (orders.o_custkey = customer.c_custkey)
                                       ->  Seq Scan on orders  (cost=0.00..410925.01 rows=15001301 width=8) (actual time=0.032..2019.622 rows=15000000 loops=1)
                                       ->  Hash  (cost=55434.33..55434.33 rows=120006 width=30) (actual time=396.478..396.480 rows=119622 loops=1)
                                             Buckets: 131072  Batches: 1  Memory Usage: 8267kB
                                             ->  Hash Join  (cost=1.40..55434.33 rows=120006 width=30) (actual time=0.353..366.746 rows=119622 loops=1)
                                                   Hash Cond: (customer.c_nationkey = n2.n_nationkey)
                                                   ->  Seq Scan on customer  (cost=0.00..50827.71 rows=1500071 width=8) (actual time=0.313..210.040 rows=1500000 loops=1)
                                                   ->  Hash  (cost=1.38..1.38 rows=2 width=30) (actual time=0.025..0.026 rows=2 loops=1)
                                                         Buckets: 1024  Batches: 1  Memory Usage: 9kB
                                                         ->  Seq Scan on nation n2  (cost=0.00..1.38 rows=2 width=30) (actual time=0.017..0.020 rows=2 loops=1)
                                                               Filter: ((n_name = 'MOROCCO'::bpchar) OR (n_name = 'PERU'::bpchar))
                                                               Rows Removed by Filter: 23
                     ->  Hash  (cost=3524.40..3524.40 rows=8000 width=30) (actual time=33.527..33.528 rows=7981 loops=1)
                           Buckets: 8192  Batches: 1  Memory Usage: 548kB
                           ->  Hash Join  (cost=1.40..3524.40 rows=8000 width=30) (actual time=0.430..31.704 rows=7981 loops=1)
                                 Hash Cond: (supplier.s_nationkey = n1.n_nationkey)
                                 ->  Seq Scan on supplier  (cost=0.00..3216.00 rows=100000 width=8) (actual time=0.287..20.900 rows=100000 loops=1)
                                 ->  Hash  (cost=1.38..1.38 rows=2 width=30) (actual time=0.128..0.128 rows=2 loops=1)
                                       Buckets: 1024  Batches: 1  Memory Usage: 9kB
                                       ->  Seq Scan on nation n1  (cost=0.00..1.38 rows=2 width=30) (actual time=0.122..0.124 rows=2 loops=1)
                                             Filter: ((n_name = 'PERU'::bpchar) OR (n_name = 'MOROCCO'::bpchar))
                                             Rows Removed by Filter: 23
 Settings: jit = 'off', max_parallel_workers_per_gather = '0', work_mem = '128MB'
 Planning Time: 9.025 ms
 Execution Time: 87873.970 ms
(45 rows)

===== 8.sql jit=off =====
                                                                                           QUERY PLAN                                                                                            
-------------------------------------------------------------------------------------------------------------------------------------------------------------------------------------------------
 Limit  (cost=2063277.16..2063277.41 rows=1 width=64) (actual time=39606.635..39606.643 rows=1 loops=1)
   ->  GroupAggregate  (cost=2063277.16..2063866.59 rows=2406 width=64) (actual time=39606.634..39606.640 rows=1 loops=1)
         Group Key: (EXTRACT(year FROM orders.o_orderdate))
         ->  Sort  (cost=2063277.16..2063337.31 rows=24058 width=70) (actual time=39599.190..39599.718 rows=11818 loops=1)
               Sort Key: (EXTRACT(year FROM orders.o_orderdate))
               Sort Method: quicksort  Memory: 2631kB
               ->  Nested Loop  (cost=495645.12..2061526.44 rows=24058 width=70) (actual time=10580.735..39563.477 rows=23842 loops=1)
                     ->  Hash Join  (cost=495644.97..2060824.00 rows=24058 width=20) (actual time=10580.708..39481.613 rows=23842 loops=1)
                           Hash Cond: (lineitem.l_suppkey = supplier.s_suppkey)
                           ->  Hash Join  (cost=491178.97..2056294.84 rows=24058 width=20) (actual time=10542.140..39420.452 rows=23842 loops=1)
                                 Hash Cond: (lineitem.l_orderkey = orders.o_orderkey)
                                 ->  Nested Loop  (cost=0.44..1563380.32 rows=398776 width=20) (actual time=0.633..28599.641 rows=389521 loops=1)
                                       ->  Seq Scan on part  (cost=0.00..65962.54 rows=13295 width=4) (actual time=0.213..503.283 rows=13011 loops=1)
                                             Filter: ((p_type)::text = 'LARGE POLISHED BRASS'::text)
                                             Rows Removed by Filter: 1986989
                                       ->  Index Scan using idx_lineitem_part_supp on lineitem  (cost=0.44..112.31 rows=32 width=24) (actual time=0.100..2.144 rows=30 loops=13011)
                                             Index Cond: (l_partkey = part.p_partkey)
                                 ->  Hash  (cost=479865.97..479865.97 rows=905005 width=8) (actual time=10536.099..10536.103 rows=910360 loops=1)
                                       Buckets: 1048576  Batches: 1  Memory Usage: 43753kB
                                       ->  Hash Join  (cost=125059.73..479865.97 rows=905005 width=8) (actual time=1059.236..10273.702 rows=910360 loops=1)
                                             Hash Cond: (orders.o_custkey = customer.c_custkey)
                                             ->  Bitmap Heap Scan on orders  (cost=61853.93..390641.29 rows=4525024 width=12) (actual time=527.520..8474.227 rows=4557513 loops=1)
                                                   Recheck Cond: ((o_orderdate >= '1995-01-01'::date) AND (o_orderdate <= '1996-12-31'::date))
                                                   Heap Blocks: exact=260912
                                                   ->  Bitmap Index Scan on idx_orders_orderdate  (cost=0.00..60722.67 rows=4525024 width=0) (actual time=457.755..457.755 rows=4557513 loops=1)
                                                         Index Cond: ((o_orderdate >= '1995-01-01'::date) AND (o_orderdate <= '1996-12-31'::date))
                                             ->  Hash  (cost=59455.62..59455.62 rows=300014 width=4) (actual time=530.572..530.575 rows=299436 loops=1)
                                                   Buckets: 524288  Batches: 1  Memory Usage: 14624kB
                                                   ->  Hash Join  (cost=2.51..59455.62 rows=300014 width=4) (actual time=0.093..465.942 rows=299436 loops=1)
                                                         Hash Cond: (customer.c_nationkey = n1.n_nationkey)
                                                         ->  Seq Scan on customer  (cost=0.00..50827.71 rows=1500071 width=8) (actual time=0.031..278.141 rows=1500000 loops=1)
                                                         ->  Hash  (cost=2.45..2.45 rows=5 width=4) (actual time=0.052..0.053 rows=5 loops=1)
                                                               Buckets: 1024  Batches: 1  Memory Usage: 9kB
                                                               ->  Hash Join  (cost=1.07..2.45 rows=5 width=4) (actual time=0.040..0.047 rows=5 loops=1)
                                                                     Hash Cond: (n1.n_regionkey = region.r_regionkey)
                                                                     ->  Seq Scan on nation n1  (cost=0.00..1.25 rows=25 width=8) (actual time=0.009..0.011 rows=25 loops=1)
                                                                     ->  Hash  (cost=1.06..1.06 rows=1 width=4) (actual time=0.018..0.019 rows=1 loops=1)
                                                                           Buckets: 1024  Batches: 1  Memory Usage: 9kB
                                                                           ->  Seq Scan on region  (cost=0.00..1.06 rows=1 width=4) (actual time=0.013..0.014 rows=1 loops=1)
                                                                                 Filter: (r_name = 'AMERICA'::bpchar)
                                                                                 Rows Removed by Filter: 4
                           ->  Hash  (cost=3216.00..3216.00 rows=100000 width=8) (actual time=38.290..38.290 rows=100000 loops=1)
                                 Buckets: 131072  Batches: 1  Memory Usage: 4931kB
                                 ->  Seq Scan on supplier  (cost=0.00..3216.00 rows=100000 width=8) (actual time=0.013..22.133 rows=100000 loops=1)
                     ->  Memoize  (cost=0.15..2.17 rows=1 width=30) (actual time=0.001..0.001 rows=1 loops=23842)
                           Cache Key: supplier.s_nationkey
                           Hits: 23817  Misses: 25  Evictions: 0  Overflows: 0  Memory Usage: 4kB
                           ->  Index Scan using nation_pkey on nation n2  (cost=0.14..2.16 rows=1 width=30) (actual time=0.004..0.004 rows=1 loops=25)
                                 Index Cond: (n_nationkey = supplier.s_nationkey)
 Settings: jit = 'off', max_parallel_workers_per_gather = '0', work_mem = '128MB'
 Planning Time: 7.770 ms
 Execution Time: 39608.984 ms
(52 rows)

===== 9.sql jit=off =====
                                                                                QUERY PLAN                                                                                 
---------------------------------------------------------------------------------------------------------------------------------------------------------------------------
 Limit  (cost=2225615.24..2225615.27 rows=1 width=90) (actual time=441045.484..441045.491 rows=1 loops=1)
   ->  GroupAggregate  (cost=2225615.24..2225618.74 rows=100 width=90) (actual time=441045.483..441045.489 rows=1 loops=1)
         Group Key: nation.n_name, (EXTRACT(year FROM orders.o_orderdate))
         ->  Sort  (cost=2225615.24..2225615.49 rows=100 width=81) (actual time=441030.944..441035.350 rows=11401 loops=1)
               Sort Key: nation.n_name, (EXTRACT(year FROM orders.o_orderdate)) DESC
               Sort Method: external merge  Disk: 211200kB
               ->  Nested Loop  (cost=71439.54..2225611.92 rows=100 width=81) (actual time=584.326..434752.816 rows=3248192 loops=1)
                     Join Filter: (supplier.s_nationkey = nation.n_nationkey)
                     Rows Removed by Join Filter: 39009119
                     ->  Nested Loop  (cost=71439.54..2225574.24 rows=100 width=31) (actual time=584.257..421570.697 rows=3248192 loops=1)
                           ->  Nested Loop  (cost=71439.10..2224983.97 rows=100 width=31) (actual time=584.010..320762.564 rows=3248192 loops=1)
                                 Join Filter: (supplier.s_suppkey = lineitem.l_suppkey)
                                 ->  Hash Join  (cost=71438.66..347674.17 rows=312541 width=26) (actual time=583.784..4672.321 rows=433248 loops=1)
                                       Hash Cond: (partsupp.ps_suppkey = supplier.s_suppkey)
                                       ->  Hash Join  (cost=66972.66..342359.64 rows=323236 width=18) (actual time=540.915..4193.533 rows=433248 loops=1)
                                             Hash Cond: (partsupp.ps_partkey = part.p_partkey)
                                             ->  Seq Scan on partsupp  (cost=0.00..254386.74 rows=8000074 width=14) (actual time=0.314..1783.321 rows=8000000 loops=1)
                                             ->  Hash  (cost=65962.54..65962.54 rows=80810 width=4) (actual time=540.271..540.272 rows=108312 loops=1)
                                                   Buckets: 131072  Batches: 1  Memory Usage: 4832kB
                                                   ->  Seq Scan on part  (cost=0.00..65962.54 rows=80810 width=4) (actual time=0.296..514.871 rows=108312 loops=1)
                                                         Filter: ((p_name)::text ~~ '%navy%'::text)
                                                         Rows Removed by Filter: 1891688
                                       ->  Hash  (cost=3216.00..3216.00 rows=100000 width=8) (actual time=42.575..42.575 rows=100000 loops=1)
                                             Buckets: 131072  Batches: 1  Memory Usage: 4931kB
                                             ->  Seq Scan on supplier  (cost=0.00..3216.00 rows=100000 width=8) (actual time=0.342..26.176 rows=100000 loops=1)
                                 ->  Index Scan using idx_lineitem_part_supp on lineitem  (cost=0.44..5.99 rows=1 width=29) (actual time=0.101..0.723 rows=7 loops=433248)
                                       Index Cond: ((l_partkey = partsupp.ps_partkey) AND (l_suppkey = partsupp.ps_suppkey))
                           ->  Index Scan using orders_pkey on orders  (cost=0.43..5.90 rows=1 width=8) (actual time=0.029..0.029 rows=1 loops=3248192)
                                 Index Cond: (o_orderkey = lineitem.l_orderkey)
                     ->  Materialize  (cost=0.00..1.38 rows=25 width=30) (actual time=0.000..0.001 rows=13 loops=3248192)
                           ->  Seq Scan on nation  (cost=0.00..1.25 rows=25 width=30) (actual time=0.023..0.037 rows=25 loops=1)
 Settings: jit = 'off', max_parallel_workers_per_gather = '0', work_mem = '128MB'
 Planning Time: 28.375 ms
 Execution Time: 441065.122 ms
(34 rows)

