===== 10.sql jit=on =====
                                                                                            QUERY PLAN                                                                                            
--------------------------------------------------------------------------------------------------------------------------------------------------------------------------------------------------
 Limit  (cost=2410659.18..2410659.23 rows=20 width=202) (actual time=14946.309..14946.315 rows=20 loops=1)
   ->  Sort  (cost=2410659.18..2412102.81 rows=577451 width=202) (actual time=14459.670..14459.674 rows=20 loops=1)
         Sort Key: (sum((lineitem.l_extendedprice * ('1'::numeric - lineitem.l_discount)))) DESC
         Sort Method: top-N heapsort  Memory: 33kB
         ->  GroupAggregate  (cost=2253499.58..2395293.42 rows=577451 width=202) (actual time=12057.616..14333.474 rows=381205 loops=1)
               Group Key: customer.c_custkey, nation.n_name
               ->  Incremental Sort  (cost=2253499.58..2380857.14 rows=577451 width=182) (actual time=12057.595..13669.341 rows=1145402 loops=1)
                     Sort Key: customer.c_custkey, nation.n_name
                     Presorted Key: customer.c_custkey
                     Full-sort Groups: 34068  Sort Method: quicksort  Average Memory: 33kB  Peak Memory: 33kB
                     ->  Nested Loop  (cost=2253499.39..2354871.85 rows=577451 width=182) (actual time=12057.284..13282.046 rows=1145402 loops=1)
                           ->  Merge Join  (cost=2253499.25..2340701.23 rows=577451 width=160) (actual time=12057.251..12895.346 rows=1145402 loops=1)
                                 Merge Cond: (customer.c_custkey = orders.o_custkey)
                                 ->  Index Scan using customer_pkey on customer  (cost=0.43..74797.95 rows=1500115 width=148) (actual time=0.014..380.191 rows=1499997 loops=1)
                                 ->  Sort  (cost=2253496.67..2254940.30 rows=577451 width=16) (actual time=12057.208..12188.713 rows=1145402 loops=1)
                                       Sort Key: orders.o_custkey
                                       Sort Method: quicksort  Memory: 113386kB
                                       ->  Hash Join  (cost=285101.05..2198236.52 rows=577451 width=16) (actual time=1573.113..11684.513 rows=1145402 loops=1)
                                             Hash Cond: (lineitem.l_orderkey = orders.o_orderkey)
                                             ->  Seq Scan on lineitem  (cost=0.00..1874427.85 rows=14745756 width=16) (actual time=0.028..8211.831 rows=14808183 loops=1)
                                                   Filter: (l_returnflag = 'R'::bpchar)
                                                   Rows Removed by Filter: 45177869
                                             ->  Hash  (cost=277757.80..277757.80 rows=587460 width=8) (actual time=1570.723..1570.724 rows=573160 loops=1)
                                                   Buckets: 1048576  Batches: 1  Memory Usage: 30582kB
                                                   ->  Bitmap Heap Scan on orders  (cost=8033.90..277757.80 rows=587460 width=8) (actual time=130.585..1428.085 rows=573160 loops=1)
                                                         Recheck Cond: ((o_orderdate >= '1994-08-01'::date) AND (o_orderdate < '1994-11-01'::date))
                                                         Heap Blocks: exact=233137
                                                         ->  Bitmap Index Scan on idx_orders_orderdate  (cost=0.00..7887.04 rows=587460 width=0) (actual time=73.874..73.874 rows=573160 loops=1)
                                                               Index Cond: ((o_orderdate >= '1994-08-01'::date) AND (o_orderdate < '1994-11-01'::date))
                           ->  Memoize  (cost=0.15..2.17 rows=1 width=30) (actual time=0.000..0.000 rows=1 loops=1145402)
                                 Cache Key: customer.c_nationkey
                                 Hits: 1145377  Misses: 25  Evictions: 0  Overflows: 0  Memory Usage: 4kB
                                 ->  Index Scan using nation_pkey on nation  (cost=0.14..2.16 rows=1 width=30) (actual time=0.002..0.002 rows=1 loops=25)
                                       Index Cond: (n_nationkey = customer.c_nationkey)
 Settings: max_parallel_workers_per_gather = '0', work_mem = '128MB'
 Planning Time: 8.506 ms
 JIT:
   Functions: 38
   Options: Inlining true, Optimization true, Expressions true, Deforming true
   Timing: Generation 4.097 ms, Inlining 71.333 ms, Optimization 250.743 ms, Emission 164.181 ms, Total 490.354 ms
 Execution Time: 14984.423 ms
(41 rows)

===== 11.sql jit=on =====
                                                                             QUERY PLAN                                                                              
---------------------------------------------------------------------------------------------------------------------------------------------------------------------
 Limit  (cost=94525.87..94525.88 rows=1 width=36) (actual time=1489.674..1489.679 rows=0 loops=1)
   InitPlan 1 (returns $2)
     ->  Aggregate  (cost=44196.78..44196.79 rows=1 width=32) (actual time=533.673..533.675 rows=1 loops=1)
           ->  Nested Loop  (cost=47.72..41797.18 rows=319946 width=10) (actual time=0.622..449.156 rows=320800 loops=1)
                 ->  Nested Loop  (cost=47.29..2404.57 rows=4000 width=4) (actual time=0.609..9.757 rows=4010 loops=1)
                       ->  Seq Scan on nation nation_1  (cost=0.00..1.31 rows=1 width=4) (actual time=0.007..0.010 rows=1 loops=1)
                             Filter: (n_name = 'SAUDI ARABIA'::bpchar)
                             Rows Removed by Filter: 24
                       ->  Bitmap Heap Scan on supplier supplier_1  (cost=47.29..2363.25 rows=4000 width=8) (actual time=0.599..9.093 rows=4010 loops=1)
                             Recheck Cond: (s_nationkey = nation_1.n_nationkey)
                             Heap Blocks: exact=1857
                             ->  Bitmap Index Scan on idx_supplier_nation_key  (cost=0.00..46.29 rows=4000 width=0) (actual time=0.376..0.377 rows=4010 loops=1)
                                   Index Cond: (s_nationkey = nation_1.n_nationkey)
                 ->  Index Scan using idx_partsupp_suppkey on partsupp partsupp_1  (cost=0.43..9.06 rows=79 width=14) (actual time=0.005..0.100 rows=80 loops=4010)
                       Index Cond: (ps_suppkey = supplier_1.s_suppkey)
   ->  Sort  (cost=50329.08..50595.70 rows=106649 width=36) (actual time=1489.673..1489.675 rows=0 loops=1)
         Sort Key: (sum((partsupp.ps_supplycost * (partsupp.ps_availqty)::numeric))) DESC
         Sort Method: quicksort  Memory: 25kB
         ->  HashAggregate  (cost=44996.64..49795.83 rows=106649 width=36) (actual time=1489.630..1489.632 rows=0 loops=1)
               Group Key: partsupp.ps_partkey
               Filter: (sum((partsupp.ps_supplycost * (partsupp.ps_availqty)::numeric)) > $2)
               Batches: 5  Memory Usage: 135217kB  Disk Usage: 752kB
               Rows Removed by Filter: 301833
               ->  Nested Loop  (cost=47.72..41797.18 rows=319946 width=14) (actual time=0.681..582.193 rows=320800 loops=1)
                     ->  Nested Loop  (cost=47.29..2404.57 rows=4000 width=4) (actual time=0.656..11.525 rows=4010 loops=1)
                           ->  Seq Scan on nation  (cost=0.00..1.31 rows=1 width=4) (actual time=0.024..0.027 rows=1 loops=1)
                                 Filter: (n_name = 'SAUDI ARABIA'::bpchar)
                                 Rows Removed by Filter: 24
                           ->  Bitmap Heap Scan on supplier  (cost=47.29..2363.25 rows=4000 width=8) (actual time=0.627..10.771 rows=4010 loops=1)
                                 Recheck Cond: (s_nationkey = nation.n_nationkey)
                                 Heap Blocks: exact=1857
                                 ->  Bitmap Index Scan on idx_supplier_nation_key  (cost=0.00..46.29 rows=4000 width=0) (actual time=0.399..0.399 rows=4010 loops=1)
                                       Index Cond: (s_nationkey = nation.n_nationkey)
                     ->  Index Scan using idx_partsupp_suppkey on partsupp  (cost=0.43..9.06 rows=79 width=18) (actual time=0.006..0.131 rows=80 loops=4010)
                           Index Cond: (ps_suppkey = supplier.s_suppkey)
 Settings: max_parallel_workers_per_gather = '0', work_mem = '128MB'
 Planning Time: 1.380 ms
 Execution Time: 1494.107 ms
(38 rows)

===== 12.sql jit=on =====
                                                                                                                    QUERY PLAN                                                                                                                     
---------------------------------------------------------------------------------------------------------------------------------------------------------------------------------------------------------------------------------------------------
 Limit  (cost=3030225.91..3031045.41 rows=1 width=27) (actual time=16176.455..16176.459 rows=1 loops=1)
   ->  GroupAggregate  (cost=3030225.91..3035962.46 rows=7 width=27) (actual time=15830.104..15830.106 rows=1 loops=1)
         Group Key: lineitem.l_shipmode
         ->  Sort  (cost=3030225.91..3030942.97 rows=286824 width=27) (actual time=15795.007..15801.437 rows=155572 loops=1)
               Sort Key: lineitem.l_shipmode
               Sort Method: quicksort  Memory: 36606kB
               ->  Hash Join  (cost=2477921.83..3004225.59 rows=286824 width=27) (actual time=11937.913..15719.819 rows=311258 loops=1)
                     Hash Cond: (orders.o_orderkey = lineitem.l_orderkey)
                     ->  Seq Scan on orders  (cost=0.00..410925.44 rows=15001344 width=20) (actual time=0.044..1369.855 rows=15000000 loops=1)
                     ->  Hash  (cost=2474336.53..2474336.53 rows=286824 width=15) (actual time=11936.684..11936.685 rows=311258 loops=1)
                           Buckets: 524288  Batches: 1  Memory Usage: 18687kB
                           ->  Seq Scan on lineitem  (cost=0.00..2474336.53 rows=286824 width=15) (actual time=0.093..11813.764 rows=311258 loops=1)
                                 Filter: ((l_shipmode = ANY ('{SHIP,"REG AIR"}'::bpchar[])) AND (l_commitdate < l_receiptdate) AND (l_shipdate < l_commitdate) AND (l_receiptdate >= '1994-01-01'::date) AND (l_receiptdate < '1995-01-01'::date))
                                 Rows Removed by Filter: 59674794
 Settings: max_parallel_workers_per_gather = '0', work_mem = '128MB'
 Planning Time: 0.861 ms
 JIT:
   Functions: 19
   Options: Inlining true, Optimization true, Expressions true, Deforming true
   Timing: Generation 2.494 ms, Inlining 61.404 ms, Optimization 174.839 ms, Emission 109.822 ms, Total 348.558 ms
 Execution Time: 16207.895 ms
(21 rows)

===== 13.sql jit=on =====
                                                                                    QUERY PLAN                                                                                     
-----------------------------------------------------------------------------------------------------------------------------------------------------------------------------------
 Limit  (cost=1533949.41..1533949.42 rows=1 width=16) (actual time=14070.308..14070.311 rows=1 loops=1)
   ->  Sort  (cost=1533949.41..1533949.91 rows=200 width=16) (actual time=13858.569..13858.571 rows=1 loops=1)
         Sort Key: (count(*)) DESC, (count(orders.o_orderkey)) DESC
         Sort Method: top-N heapsort  Memory: 25kB
         ->  HashAggregate  (cost=1533946.41..1533948.41 rows=200 width=16) (actual time=13858.515..13858.523 rows=46 loops=1)
               Group Key: count(orders.o_orderkey)
               Batches: 1  Memory Usage: 40kB
               ->  HashAggregate  (cost=1380429.36..1511444.69 rows=1500115 width=12) (actual time=13224.436..13726.232 rows=1500000 loops=1)
                     Group Key: customer.c_custkey
                     Batches: 5  Memory Usage: 131121kB  Disk Usage: 27424kB
                     ->  Hash Right Join  (cost=57717.59..545127.27 rows=14849815 width=8) (actual time=345.268..9108.545 rows=15337604 loops=1)
                           Hash Cond: (orders.o_custkey = customer.c_custkey)
                           ->  Seq Scan on orders  (cost=0.00..448428.80 rows=14849815 width=8) (actual time=0.062..4220.083 rows=14837583 loops=1)
                                 Filter: ((o_comment)::text !~~ '%special%requests%'::text)
                                 Rows Removed by Filter: 162417
                           ->  Hash  (cost=38966.15..38966.15 rows=1500115 width=4) (actual time=340.874..340.875 rows=1500000 loops=1)
                                 Buckets: 2097152  Batches: 1  Memory Usage: 69119kB
                                 ->  Index Only Scan using customer_pkey on customer  (cost=0.43..38966.15 rows=1500115 width=4) (actual time=0.022..116.370 rows=1500000 loops=1)
                                       Heap Fetches: 0
 Settings: max_parallel_workers_per_gather = '0', work_mem = '128MB'
 Planning Time: 0.794 ms
 JIT:
   Functions: 25
   Options: Inlining true, Optimization true, Expressions true, Deforming true
   Timing: Generation 2.960 ms, Inlining 62.790 ms, Optimization 120.314 ms, Emission 68.071 ms, Total 254.135 ms
 Execution Time: 14104.725 ms
(26 rows)

===== 14.sql jit=on =====
                                                                            QUERY PLAN                                                                            
------------------------------------------------------------------------------------------------------------------------------------------------------------------
 Limit  (cost=1257161.29..1257161.31 rows=1 width=32) (actual time=3784.114..3784.117 rows=1 loops=1)
   ->  Aggregate  (cost=1257161.29..1257161.31 rows=1 width=32) (actual time=3539.786..3539.788 rows=1 loops=1)
         ->  Hash Join  (cost=120693.29..1242805.65 rows=820322 width=33) (actual time=857.423..3189.842 rows=772942 loops=1)
               Hash Cond: (lineitem.l_partkey = part.p_partkey)
               ->  Bitmap Heap Scan on lineitem  (cost=21060.87..1119335.88 rows=820322 width=16) (actual time=265.636..2038.691 rows=772942 loops=1)
                     Recheck Cond: ((l_shipdate >= '1994-05-01'::date) AND (l_shipdate < '1994-06-01'::date))
                     Heap Blocks: exact=416660
                     ->  Bitmap Index Scan on idx_lineitem_shipdate  (cost=0.00..20855.78 rows=820322 width=0) (actual time=149.511..149.512 rows=772942 loops=1)
                           Index Cond: ((l_shipdate >= '1994-05-01'::date) AND (l_shipdate < '1994-06-01'::date))
               ->  Hash  (cost=60961.30..60961.30 rows=1999930 width=25) (actual time=587.208..587.209 rows=2000000 loops=1)
                     Buckets: 2097152  Batches: 2  Memory Usage: 74141kB
                     ->  Seq Scan on part  (cost=0.00..60961.30 rows=1999930 width=25) (actual time=0.041..257.194 rows=2000000 loops=1)
 Settings: max_parallel_workers_per_gather = '0', work_mem = '128MB'
 Planning Time: 1.166 ms
 JIT:
   Functions: 15
   Options: Inlining true, Optimization true, Expressions true, Deforming true
   Timing: Generation 1.885 ms, Inlining 62.116 ms, Optimization 111.107 ms, Emission 70.864 ms, Total 245.972 ms
 Execution Time: 3805.225 ms
(19 rows)

===== 15.sql jit=on =====
                                                                       QUERY PLAN                                                                       
--------------------------------------------------------------------------------------------------------------------------------------------------------
 HashAggregate  (cost=1240266.13..1241534.64 rows=101481 width=36) (actual time=5126.800..5165.929 rows=100000 loops=1)
   Group Key: l_suppkey
   Batches: 1  Memory Usage: 47121kB
   ->  Bitmap Heap Scan on lineitem  (cost=58629.40..1217428.24 rows=2283789 width=16) (actual time=532.646..3296.716 rows=2265714 loops=1)
         Recheck Cond: ((l_shipdate >= '1996-01-01'::date) AND (l_shipdate < '1996-04-01'::date))
         Heap Blocks: exact=668609
         ->  Bitmap Index Scan on idx_lineitem_shipdate  (cost=0.00..58058.46 rows=2283789 width=0) (actual time=347.918..347.918 rows=2265714 loops=1)
               Index Cond: ((l_shipdate >= '1996-01-01'::date) AND (l_shipdate < '1996-04-01'::date))
 Settings: max_parallel_workers_per_gather = '0', work_mem = '128MB'
 Planning Time: 0.613 ms
 JIT:
   Functions: 9
   Options: Inlining true, Optimization true, Expressions true, Deforming true
   Timing: Generation 1.401 ms, Inlining 58.572 ms, Optimization 87.083 ms, Emission 53.955 ms, Total 201.011 ms
 Execution Time: 5187.715 ms
(15 rows)

CREATE VIEW
                                                                                   QUERY PLAN                                                                                   
--------------------------------------------------------------------------------------------------------------------------------------------------------------------------------
 Limit  (cost=2484619.65..2484629.68 rows=1 width=103) (actual time=10034.838..10034.842 rows=1 loops=1)
   InitPlan 1 (returns $0)
     ->  Aggregate  (cost=1242803.15..1242803.16 rows=1 width=32) (actual time=4889.891..4889.893 rows=1 loops=1)
           ->  HashAggregate  (cost=1240266.13..1241534.64 rows=101481 width=36) (actual time=4845.112..4884.743 rows=100000 loops=1)
                 Group Key: lineitem_1.l_suppkey
                 Batches: 1  Memory Usage: 47121kB
                 ->  Bitmap Heap Scan on lineitem lineitem_1  (cost=58629.40..1217428.24 rows=2283789 width=16) (actual time=511.150..3097.568 rows=2265714 loops=1)
                       Recheck Cond: ((l_shipdate >= '1996-01-01'::date) AND (l_shipdate < '1996-04-01'::date))
                       Heap Blocks: exact=668609
                       ->  Bitmap Index Scan on idx_lineitem_shipdate  (cost=0.00..58058.46 rows=2283789 width=0) (actual time=328.027..328.028 rows=2265714 loops=1)
                             Index Cond: ((l_shipdate >= '1996-01-01'::date) AND (l_shipdate < '1996-04-01'::date))
   ->  Merge Join  (cost=1241816.48..1246901.50 rows=507 width=103) (actual time=9644.973..9644.974 rows=1 loops=1)
         Merge Cond: (supplier.s_suppkey = revenue0.supplier_no)
         ->  Index Scan using supplier_pkey on supplier  (cost=0.29..4827.71 rows=100000 width=71) (actual time=0.356..12.811 rows=69998 loops=1)
         ->  Sort  (cost=1241816.19..1241817.46 rows=507 width=36) (actual time=9628.916..9628.917 rows=1 loops=1)
               Sort Key: revenue0.supplier_no
               Sort Method: quicksort  Memory: 25kB
               ->  Subquery Scan on revenue0  (cost=1240266.13..1241793.41 rows=507 width=36) (actual time=9601.606..9628.905 rows=1 loops=1)
                     ->  HashAggregate  (cost=1240266.13..1241788.34 rows=507 width=36) (actual time=9601.604..9628.901 rows=1 loops=1)
                           Group Key: lineitem.l_suppkey
                           Filter: (sum((lineitem.l_extendedprice * ('1'::numeric - lineitem.l_discount))) = $0)
                           Batches: 1  Memory Usage: 47121kB
                           Rows Removed by Filter: 99999
                           ->  Bitmap Heap Scan on lineitem  (cost=58629.40..1217428.24 rows=2283789 width=16) (actual time=506.189..3082.197 rows=2265714 loops=1)
                                 Recheck Cond: ((l_shipdate >= '1996-01-01'::date) AND (l_shipdate < '1996-04-01'::date))
                                 Heap Blocks: exact=668609
                                 ->  Bitmap Index Scan on idx_lineitem_shipdate  (cost=0.00..58058.46 rows=2283789 width=0) (actual time=322.892..322.892 rows=2265714 loops=1)
                                       Index Cond: ((l_shipdate >= '1996-01-01'::date) AND (l_shipdate < '1996-04-01'::date))
 Settings: max_parallel_workers_per_gather = '0', work_mem = '128MB'
 Planning Time: 0.523 ms
 JIT:
   Functions: 30
   Options: Inlining true, Optimization true, Expressions true, Deforming true
   Timing: Generation 3.659 ms, Inlining 15.189 ms, Optimization 229.739 ms, Emission 144.580 ms, Total 393.166 ms
 Execution Time: 10047.407 ms
(35 rows)

DROP VIEW
===== 16.sql jit=on =====
                                                                                         QUERY PLAN                                                                                         
--------------------------------------------------------------------------------------------------------------------------------------------------------------------------------------------
 Limit  (cost=402576.64..402576.64 rows=1 width=44) (actual time=6078.967..6078.970 rows=1 loops=1)
   ->  Sort  (cost=402576.64..402959.99 rows=153341 width=44) (actual time=6061.003..6061.006 rows=1 loops=1)
         Sort Key: (count(DISTINCT partsupp.ps_suppkey)) DESC, part.p_brand, part.p_type, part.p_size
         Sort Method: top-N heapsort  Memory: 25kB
         ->  GroupAggregate  (cost=392900.35..401809.94 rows=153341 width=44) (actual time=5663.836..6055.797 rows=27838 loops=1)
               Group Key: part.p_brand, part.p_type, part.p_size
               ->  Sort  (cost=392900.35..394375.59 rows=590094 width=40) (actual time=5663.784..5759.977 rows=1186319 loops=1)
                     Sort Key: part.p_brand, part.p_type, part.p_size
                     Sort Method: quicksort  Memory: 122929kB
                     ->  Hash Join  (cost=98115.28..336338.11 rows=590094 width=40) (actual time=610.421..2770.667 rows=1186319 loops=1)
                           Hash Cond: (partsupp.ps_partkey = part.p_partkey)
                           ->  Index Only Scan using partsupp_pkey on partsupp  (cost=3466.46..231191.02 rows=3999330 width=8) (actual time=28.609..1342.114 rows=7995520 loops=1)
                                 Filter: (NOT (hashed SubPlan 1))
                                 Rows Removed by Filter: 4480
                                 Heap Fetches: 0
                                 SubPlan 1
                                   ->  Seq Scan on supplier  (cost=0.00..3466.00 rows=10 width=4) (actual time=3.787..27.926 rows=56 loops=1)
                                         Filter: ((s_comment)::text ~~ '%Customer%Complaints%'::text)
                                         Rows Removed by Filter: 99944
                           ->  Hash  (cost=90960.25..90960.25 rows=295086 width=40) (actual time=580.623..580.624 rows=296733 loops=1)
                                 Buckets: 524288  Batches: 1  Memory Usage: 25593kB
                                 ->  Seq Scan on part  (cost=0.00..90960.25 rows=295086 width=40) (actual time=0.050..494.881 rows=296733 loops=1)
                                       Filter: ((p_brand <> 'Brand#12'::bpchar) AND ((p_type)::text !~~ 'SMALL BRUSHED%'::text) AND (p_size = ANY ('{12,32,36,26,40,34,49,9}'::integer[])))
                                       Rows Removed by Filter: 1703267
 Settings: max_parallel_workers_per_gather = '0', work_mem = '128MB'
 Planning Time: 0.904 ms
 JIT:
   Functions: 32
   Options: Inlining false, Optimization false, Expressions true, Deforming true
   Timing: Generation 3.603 ms, Inlining 0.000 ms, Optimization 0.910 ms, Emission 20.440 ms, Total 24.953 ms
 Execution Time: 6101.565 ms
(31 rows)

===== 17-flattened.sql jit=on =====
                                                          QUERY PLAN                                                           
-------------------------------------------------------------------------------------------------------------------------------
 HashAggregate  (cost=5567615.66..6182799.90 rows=1955728 width=36) (actual time=33566.386..54658.013 rows=2000000 loops=1)
   Group Key: l_partkey
   Planned Partitions: 8  Batches: 9  Memory Usage: 135249kB  Disk Usage: 1846896kB
   ->  Seq Scan on lineitem  (cost=0.00..1724450.68 rows=59990868 width=9) (actual time=0.389..7927.243 rows=59986052 loops=1)
 Settings: max_parallel_workers_per_gather = '0', work_mem = '128MB'
 Planning Time: 0.451 ms
 JIT:
   Functions: 11
   Options: Inlining true, Optimization true, Expressions true, Deforming true
   Timing: Generation 2.023 ms, Inlining 76.805 ms, Optimization 91.612 ms, Emission 54.902 ms, Total 225.341 ms
 Execution Time: 54857.127 ms
(11 rows)

SELECT 2000000
CREATE INDEX
ANALYZE
                                                                                 QUERY PLAN                                                                                 
----------------------------------------------------------------------------------------------------------------------------------------------------------------------------
 Limit  (cost=234744.54..234744.55 rows=1 width=32) (actual time=421.929..421.931 rows=1 loops=1)
   ->  Aggregate  (cost=234744.54..234744.55 rows=1 width=32) (actual time=406.792..406.793 rows=1 loops=1)
         ->  Nested Loop  (cost=0.87..234695.46 rows=19628 width=8) (actual time=1.354..405.939 rows=5319 loops=1)
               Join Filter: (part.p_partkey = lineitem.l_partkey)
               ->  Nested Loop  (cost=0.43..85794.12 rows=1963 width=21) (actual time=1.336..357.270 rows=1996 loops=1)
                     ->  Seq Scan on part  (cost=0.00..70960.95 rows=1963 width=4) (actual time=1.309..342.855 rows=1996 loops=1)
                           Filter: ((p_brand = 'Brand#22'::bpchar) AND (p_container = 'LG BOX'::bpchar))
                           Rows Removed by Filter: 1998004
                     ->  Index Scan using idx_tmp_avg_quantity on tmp_avg_quantity part_agg  (cost=0.43..7.55 rows=1 width=17) (actual time=0.006..0.006 rows=1 loops=1996)
                           Index Cond: (agg_partkey = part.p_partkey)
               ->  Index Scan using idx_lineitem_part_supp on lineitem  (cost=0.44..75.73 rows=10 width=17) (actual time=0.010..0.024 rows=3 loops=1996)
                     Index Cond: (l_partkey = part_agg.agg_partkey)
                     Filter: (l_quantity < part_agg.avg_quantity)
                     Rows Removed by Filter: 27
 Settings: max_parallel_workers_per_gather = '0', work_mem = '128MB'
 Planning Time: 0.883 ms
 JIT:
   Functions: 20
   Options: Inlining false, Optimization false, Expressions true, Deforming true
   Timing: Generation 2.380 ms, Inlining 0.000 ms, Optimization 1.168 ms, Emission 13.725 ms, Total 17.273 ms
 Execution Time: 424.390 ms
(21 rows)

DROP TABLE
===== 17.sql jit=on =====
                                                                            QUERY PLAN                                                                            
------------------------------------------------------------------------------------------------------------------------------------------------------------------
 Limit  (cost=6423165.56..6423165.57 rows=1 width=32) (actual time=55637.820..55637.824 rows=1 loops=1)
   ->  Aggregate  (cost=6423165.56..6423165.57 rows=1 width=32) (actual time=55292.825..55292.828 rows=1 loops=1)
         ->  Nested Loop  (cost=5638601.59..6423117.57 rows=19194 width=8) (actual time=33859.220..55292.012 rows=5319 loops=1)
               Join Filter: (part.p_partkey = lineitem.l_partkey)
               ->  Hash Join  (cost=5638601.15..6278476.47 rows=1920 width=40) (actual time=33859.191..55241.668 rows=1996 loops=1)
                     Hash Cond: (lineitem_1.l_partkey = part.p_partkey)
                     ->  HashAggregate  (cost=5567615.66..6182799.90 rows=1955728 width=36) (actual time=33615.850..54848.965 rows=2000000 loops=1)
                           Group Key: lineitem_1.l_partkey
                           Planned Partitions: 8  Batches: 9  Memory Usage: 135249kB  Disk Usage: 1846896kB
                           ->  Seq Scan on lineitem lineitem_1  (cost=0.00..1724450.68 rows=59990868 width=9) (actual time=0.368..8223.016 rows=59986052 loops=1)
                     ->  Hash  (cost=70960.95..70960.95 rows=1963 width=4) (actual time=241.841..241.842 rows=1996 loops=1)
                           Buckets: 2048  Batches: 1  Memory Usage: 87kB
                           ->  Seq Scan on part  (cost=0.00..70960.95 rows=1963 width=4) (actual time=0.509..241.078 rows=1996 loops=1)
                                 Filter: ((p_brand = 'Brand#22'::bpchar) AND (p_container = 'LG BOX'::bpchar))
                                 Rows Removed by Filter: 1998004
               ->  Index Scan using idx_lineitem_part_supp on lineitem  (cost=0.44..75.21 rows=10 width=17) (actual time=0.011..0.024 rows=3 loops=1996)
                     Index Cond: (l_partkey = lineitem_1.l_partkey)
                     Filter: (l_quantity < ((0.2 * avg(lineitem_1.l_quantity))))
                     Rows Removed by Filter: 27
 Settings: max_parallel_workers_per_gather = '0', work_mem = '128MB'
 Planning Time: 1.498 ms
 JIT:
   Functions: 33
   Options: Inlining true, Optimization true, Expressions true, Deforming true
   Timing: Generation 4.075 ms, Inlining 80.277 ms, Optimization 223.299 ms, Emission 127.842 ms, Total 435.493 ms
 Execution Time: 55774.102 ms
(26 rows)

===== 18.sql jit=on =====
                                                                                                 QUERY PLAN                                                                                                  
-------------------------------------------------------------------------------------------------------------------------------------------------------------------------------------------------------------
 Limit  (cost=9939568.75..9939569.00 rows=100 width=71) (actual time=38176.999..38177.015 rows=99 loops=1)
   ->  Sort  (cost=9939568.75..9989549.05 rows=19992121 width=71) (actual time=37874.176..37874.185 rows=99 loops=1)
         Sort Key: orders.o_totalprice DESC, orders.o_orderdate
         Sort Method: quicksort  Memory: 32kB
         ->  HashAggregate  (cost=8574158.75..9175484.26 rows=19992121 width=71) (actual time=37872.725..37874.070 rows=99 loops=1)
               Group Key: customer.c_custkey, orders.o_orderkey
               Planned Partitions: 64  Batches: 1  Memory Usage: 12369kB
               ->  Hash Join  (cost=69622.71..6618679.41 rows=19992121 width=44) (actual time=1346.504..37871.897 rows=693 loops=1)
                     Hash Cond: (orders.o_custkey = customer.c_custkey)
                     ->  Merge Join  (cost=43.12..6496620.36 rows=19992121 width=25) (actual time=853.295..37378.343 rows=693 loops=1)
                           Merge Cond: (orders.o_orderkey = lineitem.l_orderkey)
                           ->  Merge Join  (cost=1.00..3729870.51 rows=4999239 width=24) (actual time=625.340..26556.745 rows=99 loops=1)
                                 Merge Cond: (orders.o_orderkey = lineitem_1.l_orderkey)
                                 ->  Index Scan using orders_pkey on orders  (cost=0.43..650459.59 rows=15001344 width=20) (actual time=0.456..2799.043 rows=14982724 loops=1)
                                 ->  GroupAggregate  (cost=0.56..2929424.68 rows=4999239 width=4) (actual time=533.432..22955.198 rows=99 loops=1)
                                       Group Key: lineitem_1.l_orderkey
                                       Filter: (sum(lineitem_1.l_quantity) > '313'::numeric)
                                       Rows Removed by Filter: 14999901
                                       ->  Index Scan using idx_lineitem_orderkey on lineitem lineitem_1  (cost=0.56..2404504.58 rows=59990868 width=9) (actual time=0.951..11639.898 rows=59986052 loops=1)
                           ->  Index Scan using idx_lineitem_orderkey on lineitem  (cost=0.56..2404504.58 rows=59990868 width=9) (actual time=0.018..8139.921 rows=59916431 loops=1)
                     ->  Hash  (cost=50828.15..50828.15 rows=1500115 width=23) (actual time=488.870..488.870 rows=1500000 loops=1)
                           Buckets: 2097152  Batches: 1  Memory Usage: 98416kB
                           ->  Seq Scan on customer  (cost=0.00..50828.15 rows=1500115 width=23) (actual time=0.464..217.782 rows=1500000 loops=1)
 Settings: max_parallel_workers_per_gather = '0', work_mem = '128MB'
 Planning Time: 8.723 ms
 JIT:
   Functions: 30
   Options: Inlining true, Optimization true, Expressions true, Deforming true
   Timing: Generation 3.070 ms, Inlining 60.912 ms, Optimization 144.943 ms, Emission 96.701 ms, Total 305.627 ms
 Execution Time: 38237.019 ms
(30 rows)

===== 19.sql jit=on =====
                                                                                                                                                                                                                                                                                                                                                                                                                                                                                                            QUERY PLAN                                                                                                                                                                                                                                                                                                                                                                                                                                                                                                            
----------------------------------------------------------------------------------------------------------------------------------------------------------------------------------------------------------------------------------------------------------------------------------------------------------------------------------------------------------------------------------------------------------------------------------------------------------------------------------------------------------------------------------------------------------------------------------------------------------------------------------------------------------------------------------------------------------------------------------------------------------------------------------------------------------------------------------------------------------------------------------------------------------------------------------------------------------------------------------------------------------------------------------
 Limit  (cost=724676.12..724676.13 rows=1 width=32) (actual time=1338.641..1338.642 rows=1 loops=1)
   ->  Aggregate  (cost=724676.12..724676.13 rows=1 width=32) (actual time=1012.831..1012.832 rows=1 loops=1)
         ->  Nested Loop  (cost=0.44..724667.52 rows=1146 width=12) (actual time=2.786..1011.412 rows=1063 loops=1)
               ->  Seq Scan on part  (cost=0.00..125959.03 rows=4864 width=30) (actual time=0.265..382.562 rows=4781 loops=1)
                     Filter: ((p_size >= 1) AND (((p_brand = 'Brand#24'::bpchar) AND (p_container = ANY ('{"SM CASE","SM BOX","SM PACK","SM PKG"}'::bpchar[])) AND (p_size <= 5)) OR ((p_brand = 'Brand#43'::bpchar) AND (p_container = ANY ('{"MED BAG","MED BOX","MED PKG","MED PACK"}'::bpchar[])) AND (p_size <= 10)) OR ((p_brand = 'Brand#44'::bpchar) AND (p_container = ANY ('{"LG CASE","LG BOX","LG PACK","LG PKG"}'::bpchar[])) AND (p_size <= 15))))
                     Rows Removed by Filter: 1995219
               ->  Index Scan using idx_lineitem_part_supp on lineitem  (cost=0.44..123.08 rows=1 width=21) (actual time=0.118..0.131 rows=0 loops=4781)
                     Index Cond: (l_partkey = part.p_partkey)
                     Filter: ((l_shipmode = ANY ('{AIR,"AIR REG"}'::bpchar[])) AND (l_shipinstruct = 'DELIVER IN PERSON'::bpchar) AND (((l_quantity >= '10'::numeric) AND (l_quantity <= '20'::numeric)) OR ((l_quantity >= '10'::numeric) AND (l_quantity <= '20'::numeric)) OR ((l_quantity >= '20'::numeric) AND (l_quantity <= '30'::numeric))) AND (((part.p_brand = 'Brand#24'::bpchar) AND (part.p_container = ANY ('{"SM CASE","SM BOX","SM PACK","SM PKG"}'::bpchar[])) AND (l_quantity >= '10'::numeric) AND (l_quantity <= '20'::numeric) AND (part.p_size <= 5)) OR ((part.p_brand = 'Brand#43'::bpchar) AND (part.p_container = ANY ('{"MED BAG","MED BOX","MED PKG","MED PACK"}'::bpchar[])) AND (l_quantity >= '10'::numeric) AND (l_quantity <= '20'::numeric) AND (part.p_size <= 10)) OR ((part.p_brand = 'Brand#44'::bpchar) AND (part.p_container = ANY ('{"LG CASE","LG BOX","LG PACK","LG PKG"}'::bpchar[])) AND (l_quantity >= '20'::numeric) AND (l_quantity <= '30'::numeric) AND (part.p_size <= 15))))
                     Rows Removed by Filter: 30
 Settings: max_parallel_workers_per_gather = '0', work_mem = '128MB'
 Planning Time: 1.304 ms
 JIT:
   Functions: 12
   Options: Inlining true, Optimization true, Expressions true, Deforming true
   Timing: Generation 2.424 ms, Inlining 62.320 ms, Optimization 156.659 ms, Emission 106.542 ms, Total 327.945 ms
 Execution Time: 1355.647 ms
(17 rows)

===== 1.sql jit=on =====
                                                                 QUERY PLAN                                                                 
--------------------------------------------------------------------------------------------------------------------------------------------
 Limit  (cost=3944024.42..3944024.42 rows=1 width=236) (actual time=65232.473..65232.474 rows=1 loops=1)
   ->  Sort  (cost=3944024.42..3944024.44 rows=6 width=236) (actual time=64929.550..64929.551 rows=1 loops=1)
         Sort Key: l_returnflag, l_linestatus
         Sort Method: top-N heapsort  Memory: 25kB
         ->  HashAggregate  (cost=3944024.23..3944024.39 rows=6 width=236) (actual time=64929.491..64929.498 rows=4 loops=1)
               Group Key: l_returnflag, l_linestatus
               Batches: 1  Memory Usage: 32kB
               ->  Seq Scan on lineitem  (cost=0.00..1874427.85 rows=59131325 width=25) (actual time=0.397..9600.580 rows=59284448 loops=1)
                     Filter: (l_shipdate <= '1998-09-10 00:00:00'::timestamp without time zone)
                     Rows Removed by Filter: 701604
 Settings: max_parallel_workers_per_gather = '0', work_mem = '128MB'
 Planning Time: 1.133 ms
 JIT:
   Functions: 10
   Options: Inlining true, Optimization true, Expressions true, Deforming true
   Timing: Generation 1.976 ms, Inlining 65.666 ms, Optimization 140.266 ms, Emission 96.719 ms, Total 304.627 ms
 Execution Time: 65286.015 ms
(17 rows)

===== 20-flattened.sql jit=on =====
                                                                        QUERY PLAN                                                                         
-----------------------------------------------------------------------------------------------------------------------------------------------------------
 HashAggregate  (cost=2122057.63..2286196.71 rows=4886480 width=40) (actual time=110435.584..117050.205 rows=5448842 loops=1)
   Group Key: l_partkey, l_suppkey
   Planned Partitions: 16  Batches: 81  Memory Usage: 135313kB  Disk Usage: 342848kB
   ->  Bitmap Heap Scan on lineitem  (cost=238804.21..1502879.34 rows=9302209 width=13) (actual time=1664.660..102129.990 rows=9123688 loops=1)
         Recheck Cond: ((l_shipdate >= '1996-01-01'::date) AND (l_shipdate < '1997-01-01'::date))
         Heap Blocks: exact=1048319
         ->  Bitmap Index Scan on idx_lineitem_shipdate  (cost=0.00..236478.65 rows=9302209 width=0) (actual time=1330.905..1330.905 rows=9123688 loops=1)
               Index Cond: ((l_shipdate >= '1996-01-01'::date) AND (l_shipdate < '1997-01-01'::date))
 Settings: max_parallel_workers_per_gather = '0', work_mem = '128MB'
 Planning Time: 3.260 ms
 JIT:
   Functions: 13
   Options: Inlining true, Optimization true, Expressions true, Deforming true
   Timing: Generation 2.846 ms, Inlining 78.241 ms, Optimization 135.022 ms, Emission 83.232 ms, Total 299.342 ms
 Execution Time: 117255.142 ms
(15 rows)

SELECT 5448842
CREATE INDEX
ANALYZE
                                                                                   QUERY PLAN                                                                                   
--------------------------------------------------------------------------------------------------------------------------------------------------------------------------------
 Limit  (cost=58868.07..58868.07 rows=1 width=51) (actual time=7413.330..7413.332 rows=1 loops=1)
   ->  Sort  (cost=58868.07..58868.07 rows=1 width=51) (actual time=7413.329..7413.330 rows=1 loops=1)
         Sort Key: supplier.s_name
         Sort Method: top-N heapsort  Memory: 25kB
         ->  Nested Loop Semi Join  (cost=48.59..58868.06 rows=1 width=51) (actual time=10.091..7408.680 rows=1821 loops=1)
               ->  Nested Loop  (cost=47.29..2404.57 rows=4000 width=55) (actual time=2.863..17.380 rows=4095 loops=1)
                     ->  Seq Scan on nation  (cost=0.00..1.31 rows=1 width=4) (actual time=0.200..0.204 rows=1 loops=1)
                           Filter: (n_name = 'IRAQ'::bpchar)
                           Rows Removed by Filter: 24
                     ->  Bitmap Heap Scan on supplier  (cost=47.29..2363.25 rows=4000 width=59) (actual time=2.652..15.950 rows=4095 loops=1)
                           Recheck Cond: (s_nationkey = nation.n_nationkey)
                           Heap Blocks: exact=1867
                           ->  Bitmap Index Scan on idx_supplier_nation_key  (cost=0.00..46.29 rows=4000 width=0) (actual time=2.154..2.154 rows=4095 loops=1)
                                 Index Cond: (s_nationkey = nation.n_nationkey)
               ->  Nested Loop  (cost=1.30..14.11 rows=1 width=8) (actual time=1.804..1.804 rows=0 loops=4095)
                     Join Filter: (supplier.s_suppkey = agg_lineitem.agg_suppkey)
                     ->  Nested Loop  (cost=0.87..13.61 rows=1 width=16) (actual time=1.582..1.797 rows=1 loops=4095)
                           ->  Index Scan using idx_partsupp_suppkey on partsupp  (cost=0.43..9.06 rows=79 width=12) (actual time=0.022..0.972 rows=61 loops=4095)
                                 Index Cond: (ps_suppkey = supplier.s_suppkey)
                           ->  Memoize  (cost=0.44..0.48 rows=1 width=4) (actual time=0.013..0.013 rows=0 loops=248000)
                                 Cache Key: partsupp.ps_partkey
                                 Hits: 11702  Misses: 236298  Evictions: 0  Overflows: 0  Memory Usage: 15783kB
                                 ->  Index Scan using part_pkey on part  (cost=0.43..0.47 rows=1 width=4) (actual time=0.013..0.013 rows=0 loops=236298)
                                       Index Cond: (p_partkey = partsupp.ps_partkey)
                                       Filter: ((p_name)::text ~~ 'olive%'::text)
                                       Rows Removed by Filter: 1
                     ->  Index Scan using idx_tmp_agg_lineitem on tmp_agg_lineitem agg_lineitem  (cost=0.43..0.48 rows=1 width=13) (actual time=0.010..0.010 rows=1 loops=2732)
                           Index Cond: ((agg_partkey = partsupp.ps_partkey) AND (agg_suppkey = partsupp.ps_suppkey))
                           Filter: ((partsupp.ps_availqty)::numeric > agg_quantity)
                           Rows Removed by Filter: 0
 Settings: max_parallel_workers_per_gather = '0', work_mem = '128MB'
 Planning Time: 8.582 ms
 Execution Time: 7414.641 ms
(33 rows)

DROP TABLE
===== 20.sql jit=on =====
                                                                                          QUERY PLAN                                                                                           
-----------------------------------------------------------------------------------------------------------------------------------------------------------------------------------------------
 Limit  (cost=2449756.56..2449756.56 rows=1 width=51) (actual time=122827.635..122827.640 rows=1 loops=1)
   ->  Sort  (cost=2449756.56..2449756.56 rows=1 width=51) (actual time=122420.093..122420.097 rows=1 loops=1)
         Sort Key: supplier.s_name
         Sort Method: top-N heapsort  Memory: 25kB
         ->  Nested Loop Semi Join  (cost=2188271.70..2449756.55 rows=1 width=51) (actual time=102219.893..122417.178 rows=1821 loops=1)
               Join Filter: (supplier.s_suppkey = lineitem.l_suppkey)
               Rows Removed by Join Filter: 183310388
               ->  Nested Loop  (cost=0.00..4467.31 rows=4000 width=55) (actual time=0.035..23.277 rows=4095 loops=1)
                     Join Filter: (supplier.s_nationkey = nation.n_nationkey)
                     Rows Removed by Join Filter: 95905
                     ->  Seq Scan on nation  (cost=0.00..1.31 rows=1 width=4) (actual time=0.021..0.024 rows=1 loops=1)
                           Filter: (n_name = 'IRAQ'::bpchar)
                           Rows Removed by Filter: 24
                     ->  Seq Scan on supplier  (cost=0.00..3216.00 rows=100000 width=59) (actual time=0.009..17.358 rows=100000 loops=1)
               ->  Materialize  (cost=2188271.70..2445109.24 rows=3 width=8) (actual time=23.903..28.254 rows=44765 loops=4095)
                     ->  Nested Loop  (cost=2188271.70..2445109.23 rows=3 width=8) (actual time=97882.666..109213.229 rows=59002 loops=1)
                           ->  Hash Join  (cost=2188271.27..2414102.18 rows=49358 width=44) (actual time=97882.070..105539.243 rows=59125 loops=1)
                                 Hash Cond: (lineitem.l_partkey = part.p_partkey)
                                 ->  HashAggregate  (cost=2122057.63..2286196.71 rows=4886480 width=40) (actual time=97547.937..104488.877 rows=5448842 loops=1)
                                       Group Key: lineitem.l_partkey, lineitem.l_suppkey
                                       Planned Partitions: 16  Batches: 81  Memory Usage: 135313kB  Disk Usage: 342848kB
                                       ->  Bitmap Heap Scan on lineitem  (cost=238804.21..1502879.34 rows=9302209 width=13) (actual time=1664.276..90426.842 rows=9123688 loops=1)
                                             Recheck Cond: ((l_shipdate >= '1996-01-01'::date) AND (l_shipdate < '1997-01-01'::date))
                                             Heap Blocks: exact=1048319
                                             ->  Bitmap Index Scan on idx_lineitem_shipdate  (cost=0.00..236478.65 rows=9302209 width=0) (actual time=1329.660..1329.660 rows=9123688 loops=1)
                                                   Index Cond: ((l_shipdate >= '1996-01-01'::date) AND (l_shipdate < '1997-01-01'::date))
                                 ->  Hash  (cost=65961.12..65961.12 rows=20201 width=4) (actual time=334.015..334.016 rows=21718 loops=1)
                                       Buckets: 32768  Batches: 1  Memory Usage: 1020kB
                                       ->  Seq Scan on part  (cost=0.00..65961.12 rows=20201 width=4) (actual time=0.366..328.020 rows=21718 loops=1)
                                             Filter: ((p_name)::text ~~ 'olive%'::text)
                                             Rows Removed by Filter: 1978282
                           ->  Index Scan using partsupp_pkey on partsupp  (cost=0.43..0.62 rows=1 width=12) (actual time=0.061..0.061 rows=1 loops=59125)
                                 Index Cond: ((ps_partkey = lineitem.l_partkey) AND (ps_suppkey = lineitem.l_suppkey))
                                 Filter: ((ps_availqty)::numeric > ((0.5 * sum(lineitem.l_quantity))))
                                 Rows Removed by Filter: 0
 Settings: max_parallel_workers_per_gather = '0', work_mem = '128MB'
 Planning Time: 8.238 ms
 JIT:
   Functions: 42
   Options: Inlining true, Optimization true, Expressions true, Deforming true
   Timing: Generation 5.021 ms, Inlining 85.824 ms, Optimization 253.733 ms, Emission 155.985 ms, Total 500.563 ms
 Execution Time: 122888.450 ms
(42 rows)

===== 21.sql jit=on =====
                                                                                            QUERY PLAN                                                                                             
---------------------------------------------------------------------------------------------------------------------------------------------------------------------------------------------------
 Limit  (cost=4271421.61..4271421.62 rows=1 width=34) (actual time=55695.300..55695.317 rows=100 loops=1)
   ->  Sort  (cost=4271421.61..4271421.62 rows=1 width=34) (actual time=55231.845..55231.856 rows=100 loops=1)
         Sort Key: (count(*)) DESC, supplier.s_name
         Sort Method: top-N heapsort  Memory: 38kB
         ->  GroupAggregate  (cost=4271421.58..4271421.60 rows=1 width=34) (actual time=55224.548..55230.673 rows=3991 loops=1)
               Group Key: supplier.s_name
               ->  Sort  (cost=4271421.58..4271421.59 rows=1 width=26) (actual time=55224.519..55227.106 rows=39281 loops=1)
                     Sort Key: supplier.s_name
                     Sort Method: quicksort  Memory: 3378kB
                     ->  Nested Loop Semi Join  (cost=2204959.37..4271421.57 rows=1 width=26) (actual time=16537.492..55050.756 rows=39281 loops=1)
                           Join Filter: (l2.l_suppkey <> l1.l_suppkey)
                           Rows Removed by Join Filter: 42023
                           ->  Nested Loop  (cost=2204958.80..4271414.04 rows=1 width=38) (actual time=16526.344..47682.350 rows=65960 loops=1)
                                 ->  Hash Anti Join  (cost=2204958.37..4271406.72 rows=1 width=34) (actual time=16524.070..33639.214 rows=134155 loops=1)
                                       Hash Cond: (l1.l_orderkey = l3.l_orderkey)
                                       Join Filter: (l3.l_suppkey <> l1.l_suppkey)
                                       Rows Removed by Join Filter: 547662
                                       ->  Hash Join  (cost=2454.57..1959753.05 rows=788205 width=34) (actual time=20.560..12952.411 rows=1514267 loops=1)
                                             Hash Cond: (l1.l_suppkey = supplier.s_suppkey)
                                             ->  Seq Scan on lineitem l1  (cost=0.00..1874427.85 rows=19996956 width=8) (actual time=0.341..9545.736 rows=37929348 loops=1)
                                                   Filter: (l_receiptdate > l_commitdate)
                                                   Rows Removed by Filter: 22056704
                                             ->  Hash  (cost=2404.57..2404.57 rows=4000 width=30) (actual time=20.172..20.174 rows=3991 loops=1)
                                                   Buckets: 4096  Batches: 1  Memory Usage: 282kB
                                                   ->  Nested Loop  (cost=47.29..2404.57 rows=4000 width=30) (actual time=3.180..19.371 rows=3991 loops=1)
                                                         ->  Seq Scan on nation  (cost=0.00..1.31 rows=1 width=4) (actual time=0.310..0.313 rows=1 loops=1)
                                                               Filter: (n_name = 'PERU'::bpchar)
                                                               Rows Removed by Filter: 24
                                                         ->  Bitmap Heap Scan on supplier  (cost=47.29..2363.25 rows=4000 width=34) (actual time=2.861..18.595 rows=3991 loops=1)
                                                               Recheck Cond: (s_nationkey = nation.n_nationkey)
                                                               Heap Blocks: exact=1873
                                                               ->  Bitmap Index Scan on idx_supplier_nation_key  (cost=0.00..46.29 rows=4000 width=0) (actual time=2.253..2.253 rows=3991 loops=1)
                                                                     Index Cond: (s_nationkey = nation.n_nationkey)
                                       ->  Hash  (cost=1874427.85..1874427.85 rows=19996956 width=8) (actual time=16489.921..16489.922 rows=37929348 loops=1)
                                             Buckets: 4194304  Batches: 16  Memory Usage: 125295kB
                                             ->  Seq Scan on lineitem l3  (cost=0.00..1874427.85 rows=19996956 width=8) (actual time=0.022..10604.360 rows=37929348 loops=1)
                                                   Filter: (l_receiptdate > l_commitdate)
                                                   Rows Removed by Filter: 22056704
                                 ->  Index Scan using orders_pkey on orders  (cost=0.43..7.32 rows=1 width=4) (actual time=0.104..0.104 rows=0 loops=134155)
                                       Index Cond: (o_orderkey = l1.l_orderkey)
                                       Filter: (o_orderstatus = 'F'::bpchar)
                                       Rows Removed by Filter: 1
                           ->  Index Scan using idx_lineitem_orderkey on lineitem l2  (cost=0.56..7.52 rows=4 width=8) (actual time=0.110..0.110 rows=1 loops=65960)
                                 Index Cond: (l_orderkey = orders.o_orderkey)
 Settings: max_parallel_workers_per_gather = '0', work_mem = '128MB'
 Planning Time: 12.822 ms
 JIT:
   Functions: 47
   Options: Inlining true, Optimization true, Expressions true, Deforming true
   Timing: Generation 4.674 ms, Inlining 63.689 ms, Optimization 243.084 ms, Emission 156.322 ms, Total 467.768 ms
 Execution Time: 55750.287 ms
(51 rows)

===== 22.sql jit=on =====
                                                                          QUERY PLAN                                                                          
--------------------------------------------------------------------------------------------------------------------------------------------------------------
 Limit  (cost=163067.28..163067.30 rows=1 width=72) (actual time=1738.221..1738.224 rows=1 loops=1)
   InitPlan 1 (returns $0)
     ->  Aggregate  (cost=75324.35..75324.36 rows=1 width=32) (actual time=756.877..756.878 rows=1 loops=1)
           ->  Seq Scan on customer customer_1  (cost=0.00..75205.02 rows=47730 width=6) (actual time=0.014..724.281 rows=382426 loops=1)
                 Filter: ((c_acctbal > 0.00) AND (SUBSTRING(c_phone FROM 1 FOR 2) = ANY ('{21,29,26,34,14,15,17}'::text[])))
                 Rows Removed by Filter: 1117574
   ->  GroupAggregate  (cost=87742.92..87954.81 rows=7705 width=72) (actual time=1723.071..1723.072 rows=1 loops=1)
         Group Key: (SUBSTRING(customer.c_phone FROM 1 FOR 2))
         ->  Sort  (cost=87742.92..87762.18 rows=7705 width=38) (actual time=1721.416..1721.779 rows=9006 loops=1)
               Sort Key: (SUBSTRING(customer.c_phone FROM 1 FOR 2))
               Sort Method: quicksort  Memory: 4513kB
               ->  Nested Loop Anti Join  (cost=0.43..87245.50 rows=7705 width=38) (actual time=756.951..1700.115 rows=63509 loops=1)
                     ->  Seq Scan on customer  (cost=0.00..75205.02 rows=17501 width=26) (actual time=756.932..1347.896 rows=191129 loops=1)
                           Filter: ((c_acctbal > $0) AND (SUBSTRING(c_phone FROM 1 FOR 2) = ANY ('{21,29,26,34,14,15,17}'::text[])))
                           Rows Removed by Filter: 1308871
                     ->  Index Only Scan using idx_orders_custkey on orders  (cost=0.43..3.30 rows=18 width=4) (actual time=0.001..0.001 rows=1 loops=191129)
                           Index Cond: (o_custkey = customer.c_custkey)
                           Heap Fetches: 0
 Settings: max_parallel_workers_per_gather = '0', work_mem = '128MB'
 Planning Time: 0.883 ms
 JIT:
   Functions: 17
   Options: Inlining false, Optimization false, Expressions true, Deforming true
   Timing: Generation 2.256 ms, Inlining 0.000 ms, Optimization 0.593 ms, Emission 14.300 ms, Total 17.149 ms
 Execution Time: 1754.196 ms
(25 rows)

===== 2-flattened.sql jit=on =====
                                                                       QUERY PLAN                                                                        
---------------------------------------------------------------------------------------------------------------------------------------------------------
 HashAggregate  (cost=207145.83..211752.84 rows=460701 width=36) (actual time=3368.200..3816.759 rows=1182884 loops=1)
   Group Key: partsupp.ps_partkey
   Batches: 5  Memory Usage: 139313kB  Disk Usage: 15632kB
   ->  Nested Loop  (cost=42.10..199147.17 rows=1599732 width=10) (actual time=15.197..2624.513 rows=1604080 loops=1)
         ->  Nested Loop  (cost=41.67..2184.07 rows=20000 width=4) (actual time=15.175..66.575 rows=20051 loops=1)
               ->  Nested Loop  (cost=0.14..13.95 rows=5 width=4) (actual time=14.572..14.595 rows=5 loops=1)
                     Join Filter: (nation.n_regionkey = region.r_regionkey)
                     Rows Removed by Join Filter: 20
                     ->  Index Scan using nation_pkey on nation  (cost=0.14..12.51 rows=25 width=8) (actual time=0.038..0.051 rows=25 loops=1)
                     ->  Materialize  (cost=0.00..1.07 rows=1 width=4) (actual time=0.581..0.581 rows=1 loops=25)
                           ->  Seq Scan on region  (cost=0.00..1.06 rows=1 width=4) (actual time=14.514..14.516 rows=1 loops=1)
                                 Filter: (r_name = 'AMERICA'::bpchar)
                                 Rows Removed by Filter: 4
               ->  Bitmap Heap Scan on supplier  (cost=41.53..394.02 rows=4000 width=8) (actual time=0.542..9.597 rows=4010 loops=5)
                     Recheck Cond: (s_nationkey = nation.n_nationkey)
                     Heap Blocks: exact=9388
                     ->  Bitmap Index Scan on idx_supplier_nation_key  (cost=0.00..40.53 rows=4000 width=0) (actual time=0.316..0.316 rows=4010 loops=5)
                           Index Cond: (s_nationkey = nation.n_nationkey)
         ->  Index Scan using idx_partsupp_suppkey on partsupp  (cost=0.43..9.06 rows=79 width=14) (actual time=0.006..0.117 rows=80 loops=20051)
               Index Cond: (ps_suppkey = supplier.s_suppkey)
 Settings: max_parallel_workers_per_gather = '0', work_mem = '128MB'
 Planning Time: 1.224 ms
 JIT:
   Functions: 27
   Options: Inlining false, Optimization false, Expressions true, Deforming true
   Timing: Generation 3.406 ms, Inlining 0.000 ms, Optimization 1.020 ms, Emission 17.828 ms, Total 22.254 ms
 Execution Time: 3872.389 ms
(27 rows)

SELECT 1182884
CREATE INDEX
ANALYZE
                                                                             QUERY PLAN                                                                             
--------------------------------------------------------------------------------------------------------------------------------------------------------------------
 Limit  (cost=475672.95..475672.95 rows=1 width=192) (actual time=3679.183..3679.199 rows=100 loops=1)
   ->  Sort  (cost=475672.95..475672.95 rows=1 width=192) (actual time=3653.497..3653.507 rows=100 loops=1)
         Sort Key: supplier.s_acctbal DESC, nation.n_name, supplier.s_name, part.p_partkey
         Sort Method: top-N heapsort  Memory: 71kB
         ->  Hash Join  (cost=264790.70..475672.94 rows=1 width=192) (actual time=2976.131..3651.205 rows=4737 loops=1)
               Hash Cond: ((part.p_partkey = partsupp.ps_partkey) AND ((SubPlan 1) = partsupp.ps_supplycost))
               ->  Seq Scan on part  (cost=0.00..70960.95 rows=7946 width=30) (actual time=0.029..386.775 rows=8046 loops=1)
                     Filter: (((p_type)::text ~~ '%NICKEL'::text) AND (p_size = 16))
                     Rows Removed by Filter: 1991954
               ->  Hash  (cost=201738.72..201738.72 rows=1599732 width=172) (actual time=2975.120..2975.123 rows=1604080 loops=1)
                     Buckets: 1048576  Batches: 4  Memory Usage: 90233kB
                     ->  Nested Loop  (cost=2.00..201738.72 rows=1599732 width=172) (actual time=0.082..2233.788 rows=1604080 loops=1)
                           ->  Nested Loop  (cost=1.56..4775.62 rows=20000 width=166) (actual time=0.064..60.440 rows=20051 loops=1)
                                 Join Filter: (nation.n_regionkey = region.r_regionkey)
                                 Rows Removed by Join Filter: 79949
                                 ->  Seq Scan on region  (cost=0.00..1.06 rows=1 width=4) (actual time=0.027..0.029 rows=1 loops=1)
                                       Filter: (r_name = 'AMERICA'::bpchar)
                                       Rows Removed by Filter: 4
                                 ->  Hash Join  (cost=1.56..3524.56 rows=100000 width=170) (actual time=0.033..53.256 rows=100000 loops=1)
                                       Hash Cond: (supplier.s_nationkey = nation.n_nationkey)
                                       ->  Seq Scan on supplier  (cost=0.00..3216.00 rows=100000 width=144) (actual time=0.006..15.917 rows=100000 loops=1)
                                       ->  Hash  (cost=1.25..1.25 rows=25 width=34) (actual time=0.014..0.015 rows=25 loops=1)
                                             Buckets: 1024  Batches: 1  Memory Usage: 10kB
                                             ->  Seq Scan on nation  (cost=0.00..1.25 rows=25 width=34) (actual time=0.004..0.008 rows=25 loops=1)
                           ->  Index Scan using idx_partsupp_suppkey on partsupp  (cost=0.43..9.06 rows=79 width=14) (actual time=0.004..0.095 rows=80 loops=20051)
                                 Index Cond: (ps_suppkey = supplier.s_suppkey)
               SubPlan 1
                 ->  Index Scan using tmp_supplycost_idx on tmp_supplycost  (cost=0.43..8.45 rows=1 width=6) (actual time=0.004..0.004 rows=1 loops=12783)
                       Index Cond: (ps_partkey = part.p_partkey)
 Settings: max_parallel_workers_per_gather = '0', work_mem = '128MB'
 Planning Time: 1.222 ms
 JIT:
   Functions: 41
   Options: Inlining false, Optimization false, Expressions true, Deforming true
   Timing: Generation 4.103 ms, Inlining 0.000 ms, Optimization 1.004 ms, Emission 24.319 ms, Total 29.426 ms
 Execution Time: 3683.682 ms
(36 rows)

DROP TABLE
===== 2.sql jit=on =====
                                                                                        QUERY PLAN                                                                                         
-------------------------------------------------------------------------------------------------------------------------------------------------------------------------------------------
 Limit  (cost=1596570.00..1596570.01 rows=1 width=192) (actual time=5444.904..5444.921 rows=100 loops=1)
   ->  Sort  (cost=1596570.00..1596570.01 rows=1 width=192) (actual time=4777.348..4777.359 rows=100 loops=1)
         Sort Key: supplier.s_acctbal DESC, nation.n_name, supplier.s_name, part.p_partkey
         Sort Method: top-N heapsort  Memory: 71kB
         ->  Merge Join  (cost=503295.67..1596569.99 rows=1 width=192) (actual time=3504.362..4774.609 rows=4737 loops=1)
               Merge Cond: (part.p_partkey = partsupp.ps_partkey)
               Join Filter: (partsupp.ps_supplycost = (SubPlan 1))
               Rows Removed by Join Filter: 1661
               ->  Index Scan using part_pkey on part  (cost=0.43..102912.03 rows=7946 width=30) (actual time=0.037..485.499 rows=8046 loops=1)
                     Filter: (((p_type)::text ~~ '%NICKEL'::text) AND (p_size = 16))
                     Rows Removed by Filter: 1991954
               ->  Materialize  (cost=503282.29..511280.95 rows=1599732 width=172) (actual time=3504.156..3972.981 rows=1603828 loops=1)
                     ->  Sort  (cost=503282.29..507281.62 rows=1599732 width=172) (actual time=3504.152..3787.667 rows=1603828 loops=1)
                           Sort Key: partsupp.ps_partkey
                           Sort Method: external merge  Disk: 293456kB
                           ->  Nested Loop  (cost=2.00..201738.72 rows=1599732 width=172) (actual time=0.060..2388.110 rows=1604080 loops=1)
                                 ->  Nested Loop  (cost=1.56..4775.62 rows=20000 width=166) (actual time=0.046..49.392 rows=20051 loops=1)
                                       Join Filter: (nation.n_regionkey = region.r_regionkey)
                                       Rows Removed by Join Filter: 79949
                                       ->  Seq Scan on region  (cost=0.00..1.06 rows=1 width=4) (actual time=0.015..0.017 rows=1 loops=1)
                                             Filter: (r_name = 'AMERICA'::bpchar)
                                             Rows Removed by Filter: 4
                                       ->  Hash Join  (cost=1.56..3524.56 rows=100000 width=170) (actual time=0.029..43.604 rows=100000 loops=1)
                                             Hash Cond: (supplier.s_nationkey = nation.n_nationkey)
                                             ->  Seq Scan on supplier  (cost=0.00..3216.00 rows=100000 width=144) (actual time=0.003..14.308 rows=100000 loops=1)
                                             ->  Hash  (cost=1.25..1.25 rows=25 width=34) (actual time=0.016..0.017 rows=25 loops=1)
                                                   Buckets: 1024  Batches: 1  Memory Usage: 10kB
                                                   ->  Seq Scan on nation  (cost=0.00..1.25 rows=25 width=34) (actual time=0.006..0.010 rows=25 loops=1)
                                 ->  Index Scan using idx_partsupp_suppkey on partsupp  (cost=0.43..9.06 rows=79 width=14) (actual time=0.004..0.107 rows=80 loops=20051)
                                       Index Cond: (ps_suppkey = supplier.s_suppkey)
               SubPlan 1
                 ->  Aggregate  (cost=153.90..153.91 rows=1 width=32) (actual time=0.025..0.025 rows=1 loops=6398)
                       ->  Nested Loop  (cost=0.86..153.90 rows=3 width=6) (actual time=0.015..0.023 rows=2 loops=6398)
                             Join Filter: (nation_1.n_regionkey = region_1.r_regionkey)
                             Rows Removed by Join Filter: 2
                             ->  Seq Scan on region region_1  (cost=0.00..1.06 rows=1 width=4) (actual time=0.001..0.001 rows=1 loops=6398)
                                   Filter: (r_name = 'AMERICA'::bpchar)
                                   Rows Removed by Filter: 4
                             ->  Nested Loop  (cost=0.86..152.62 rows=17 width=10) (actual time=0.010..0.021 rows=4 loops=6398)
                                   ->  Nested Loop  (cost=0.72..150.00 rows=17 width=10) (actual time=0.008..0.017 rows=4 loops=6398)
                                         ->  Index Scan using idx_partsupp_partkey on partsupp partsupp_1  (cost=0.43..8.73 rows=17 width=10) (actual time=0.005..0.006 rows=4 loops=6398)
                                               Index Cond: (ps_partkey = part.p_partkey)
                                         ->  Index Scan using supplier_pkey on supplier supplier_1  (cost=0.29..8.31 rows=1 width=8) (actual time=0.002..0.002 rows=1 loops=25592)
                                               Index Cond: (s_suppkey = partsupp_1.ps_suppkey)
                                   ->  Index Scan using nation_pkey on nation nation_1  (cost=0.14..0.16 rows=1 width=8) (actual time=0.001..0.001 rows=1 loops=25592)
                                         Index Cond: (n_nationkey = supplier_1.s_nationkey)
 Settings: max_parallel_workers_per_gather = '0', work_mem = '128MB'
 Planning Time: 2.414 ms
 JIT:
   Functions: 57
   Options: Inlining true, Optimization true, Expressions true, Deforming true
   Timing: Generation 5.838 ms, Inlining 64.930 ms, Optimization 363.781 ms, Emission 238.365 ms, Total 672.913 ms
 Execution Time: 5490.445 ms
(53 rows)

===== 3.sql jit=on =====
                                                                                     QUERY PLAN                                                                                      
-------------------------------------------------------------------------------------------------------------------------------------------------------------------------------------
 Limit  (cost=2960629.82..2960629.84 rows=10 width=44) (actual time=36235.617..36235.632 rows=10 loops=1)
   ->  Sort  (cost=2960629.82..2968532.46 rows=3161055 width=44) (actual time=35815.317..35815.330 rows=10 loops=1)
         Sort Key: (sum((lineitem.l_extendedprice * ('1'::numeric - lineitem.l_discount)))) DESC, orders.o_orderdate
         Sort Method: top-N heapsort  Memory: 26kB
         ->  HashAggregate  (cost=2815763.76..2892320.56 rows=3161055 width=44) (actual time=35750.795..35797.712 rows=113934 loops=1)
               Group Key: lineitem.l_orderkey, orders.o_orderdate, orders.o_shippriority
               Planned Partitions: 8  Batches: 1  Memory Usage: 61457kB
               ->  Hash Join  (cost=528087.88..2556952.38 rows=3161055 width=24) (actual time=23946.788..35521.996 rows=301530 loops=1)
                     Hash Cond: (lineitem.l_orderkey = orders.o_orderkey)
                     ->  Seq Scan on lineitem  (cost=0.00..1874427.85 rows=32753627 width=16) (actual time=0.339..8302.510 rows=32534229 loops=1)
                           Filter: (l_shipdate > '1995-03-07'::date)
                           Rows Removed by Filter: 27451823
                     ->  Hash  (cost=509990.61..509990.61 rows=1447781 width=12) (actual time=23941.385..23941.397 rows=1451805 loops=1)
                           Buckets: 2097152  Batches: 1  Memory Usage: 78767kB
                           ->  Hash Join  (cost=139352.37..509990.61 rows=1447781 width=12) (actual time=992.389..23420.144 rows=1451805 loops=1)
                                 Hash Cond: (orders.o_custkey = customer.c_custkey)
                                 ->  Bitmap Heap Scan on orders  (cost=81031.77..432626.57 rows=7254624 width=16) (actual time=677.095..21028.595 rows=7239437 loops=1)
                                       Recheck Cond: (o_orderdate < '1995-03-07'::date)
                                       Heap Blocks: exact=260912
                                       ->  Bitmap Index Scan on idx_orders_orderdate  (cost=0.00..79218.11 rows=7254624 width=0) (actual time=612.578..612.579 rows=7239437 loops=1)
                                             Index Cond: (o_orderdate < '1995-03-07'::date)
                                 ->  Hash  (cost=54578.44..54578.44 rows=299373 width=4) (actual time=314.116..314.117 rows=300276 loops=1)
                                       Buckets: 524288  Batches: 1  Memory Usage: 14653kB
                                       ->  Seq Scan on customer  (cost=0.00..54578.44 rows=299373 width=4) (actual time=0.475..248.717 rows=300276 loops=1)
                                             Filter: (c_mktsegment = 'BUILDING'::bpchar)
                                             Rows Removed by Filter: 1199724
 Settings: max_parallel_workers_per_gather = '0', work_mem = '128MB'
 Planning Time: 6.891 ms
 JIT:
   Functions: 31
   Options: Inlining true, Optimization true, Expressions true, Deforming true
   Timing: Generation 3.560 ms, Inlining 61.232 ms, Optimization 217.969 ms, Emission 140.783 ms, Total 423.544 ms
 Execution Time: 36277.944 ms
(33 rows)

===== 4.sql jit=on =====
                                                                             QUERY PLAN                                                                             
--------------------------------------------------------------------------------------------------------------------------------------------------------------------
 Limit  (cost=2584702.42..2584702.42 rows=1 width=24) (actual time=38189.577..38189.580 rows=1 loops=1)
   ->  Sort  (cost=2584702.42..2584702.43 rows=5 width=24) (actual time=37964.258..37964.261 rows=1 loops=1)
         Sort Key: orders.o_orderpriority
         Sort Method: top-N heapsort  Memory: 25kB
         ->  HashAggregate  (cost=2584702.35..2584702.40 rows=5 width=24) (actual time=37964.205..37964.209 rows=5 loops=1)
               Group Key: orders.o_orderpriority
               Batches: 1  Memory Usage: 24kB
               ->  Hash Semi Join  (cost=2209964.07..2581975.28 rows=545413 width=16) (actual time=14098.669..37858.535 rows=513822 loops=1)
                     Hash Cond: (orders.o_orderkey = lineitem.l_orderkey)
                     ->  Bitmap Heap Scan on orders  (cost=7460.27..276555.45 rows=545545 width=20) (actual time=130.794..19947.281 rows=560424 loops=1)
                           Recheck Cond: ((o_orderdate >= '1993-12-01'::date) AND (o_orderdate < '1994-03-01'::date))
                           Heap Blocks: exact=231732
                           ->  Bitmap Index Scan on idx_orders_orderdate  (cost=0.00..7323.89 rows=545545 width=0) (actual time=73.783..73.783 rows=560424 loops=1)
                                 Index Cond: ((o_orderdate >= '1993-12-01'::date) AND (o_orderdate < '1994-03-01'::date))
                     ->  Hash  (cost=1874427.85..1874427.85 rows=19996956 width=4) (actual time=13957.705..13957.706 rows=37929348 loops=1)
                           Buckets: 4194304  Batches: 16  Memory Usage: 116042kB
                           ->  Seq Scan on lineitem  (cost=0.00..1874427.85 rows=19996956 width=4) (actual time=0.270..9611.782 rows=37929348 loops=1)
                                 Filter: (l_commitdate < l_receiptdate)
                                 Rows Removed by Filter: 22056704
 Settings: max_parallel_workers_per_gather = '0', work_mem = '128MB'
 Planning Time: 6.095 ms
 JIT:
   Functions: 19
   Options: Inlining true, Optimization true, Expressions true, Deforming true
   Timing: Generation 2.125 ms, Inlining 56.796 ms, Optimization 103.962 ms, Emission 64.330 ms, Total 227.213 ms
 Execution Time: 38226.355 ms
(26 rows)

===== 5.sql jit=on =====
                                                                                           QUERY PLAN                                                                                            
-------------------------------------------------------------------------------------------------------------------------------------------------------------------------------------------------
 Limit  (cost=2371884.82..2371884.83 rows=1 width=58) (actual time=35481.628..35481.636 rows=1 loops=1)
   ->  Sort  (cost=2371884.82..2371884.89 rows=25 width=58) (actual time=34935.124..34935.131 rows=1 loops=1)
         Sort Key: (sum((lineitem.l_extendedprice * ('1'::numeric - lineitem.l_discount)))) DESC
         Sort Method: top-N heapsort  Memory: 25kB
         ->  GroupAggregate  (cost=2370993.91..2371884.70 rows=25 width=58) (actual time=34913.569..34935.081 rows=5 loops=1)
               Group Key: nation.n_name
               ->  Sort  (cost=2370993.91..2371172.01 rows=71238 width=38) (actual time=34908.137..34911.586 rows=72033 loops=1)
                     Sort Key: nation.n_name
                     Sort Method: quicksort  Memory: 8700kB
                     ->  Hash Join  (cost=421872.27..2365252.00 rows=71238 width=38) (actual time=19987.271..34867.773 rows=72033 loops=1)
                           Hash Cond: ((lineitem.l_suppkey = supplier.s_suppkey) AND (customer.c_nationkey = supplier.s_nationkey))
                           ->  Hash Join  (cost=417156.27..2351046.93 rows=1807440 width=50) (actual time=19947.485..34415.574 rows=1815327 loops=1)
                                 Hash Cond: (orders.o_custkey = customer.c_custkey)
                                 ->  Hash Join  (cost=353949.66..2235876.41 rows=9037202 width=20) (actual time=19523.794..32789.926 rows=9108027 loops=1)
                                       Hash Cond: (lineitem.l_orderkey = orders.o_orderkey)
                                       ->  Seq Scan on lineitem  (cost=0.00..1724450.68 rows=59990868 width=20) (actual time=0.170..6576.896 rows=59986052 loops=1)
                                       ->  Hash  (cost=325701.57..325701.57 rows=2259847 width=8) (actual time=19514.561..19514.562 rows=2276638 loops=1)
                                             Buckets: 4194304  Batches: 1  Memory Usage: 121700kB
                                             ->  Bitmap Heap Scan on orders  (cost=30891.87..325701.57 rows=2259847 width=8) (actual time=277.170..18852.126 rows=2276638 loops=1)
                                                   Recheck Cond: ((o_orderdate >= '1993-01-01'::date) AND (o_orderdate < '1994-01-01'::date))
                                                   Heap Blocks: exact=260897
                                                   ->  Bitmap Index Scan on idx_orders_orderdate  (cost=0.00..30326.91 rows=2259847 width=0) (actual time=212.913..212.913 rows=2276638 loops=1)
                                                         Index Cond: ((o_orderdate >= '1993-01-01'::date) AND (o_orderdate < '1994-01-01'::date))
                                 ->  Hash  (cost=59456.32..59456.32 rows=300023 width=38) (actual time=422.097..422.100 rows=299436 loops=1)
                                       Buckets: 524288  Batches: 1  Memory Usage: 25151kB
                                       ->  Hash Join  (cost=2.51..59456.32 rows=300023 width=38) (actual time=1.382..347.207 rows=299436 loops=1)
                                             Hash Cond: (customer.c_nationkey = nation.n_nationkey)
                                             ->  Seq Scan on customer  (cost=0.00..50828.15 rows=1500115 width=8) (actual time=0.387..198.261 rows=1500000 loops=1)
                                             ->  Hash  (cost=2.45..2.45 rows=5 width=30) (actual time=0.965..0.966 rows=5 loops=1)
                                                   Buckets: 1024  Batches: 1  Memory Usage: 9kB
                                                   ->  Hash Join  (cost=1.07..2.45 rows=5 width=30) (actual time=0.950..0.959 rows=5 loops=1)
                                                         Hash Cond: (nation.n_regionkey = region.r_regionkey)
                                                         ->  Seq Scan on nation  (cost=0.00..1.25 rows=25 width=34) (actual time=0.622..0.626 rows=25 loops=1)
                                                         ->  Hash  (cost=1.06..1.06 rows=1 width=4) (actual time=0.309..0.309 rows=1 loops=1)
                                                               Buckets: 1024  Batches: 1  Memory Usage: 9kB
                                                               ->  Seq Scan on region  (cost=0.00..1.06 rows=1 width=4) (actual time=0.294..0.297 rows=1 loops=1)
                                                                     Filter: (r_name = 'AMERICA'::bpchar)
                                                                     Rows Removed by Filter: 4
                           ->  Hash  (cost=3216.00..3216.00 rows=100000 width=8) (actual time=37.322..37.323 rows=100000 loops=1)
                                 Buckets: 131072  Batches: 1  Memory Usage: 4931kB
                                 ->  Seq Scan on supplier  (cost=0.00..3216.00 rows=100000 width=8) (actual time=0.429..22.279 rows=100000 loops=1)
 Settings: max_parallel_workers_per_gather = '0', work_mem = '128MB'
 Planning Time: 10.247 ms
 JIT:
   Functions: 55
   Options: Inlining true, Optimization true, Expressions true, Deforming true
   Timing: Generation 5.305 ms, Inlining 63.734 ms, Optimization 294.980 ms, Emission 187.382 ms, Total 551.401 ms
 Execution Time: 35523.335 ms
(48 rows)

===== 6.sql jit=on =====
                                                                                          QUERY PLAN                                                                                           
-----------------------------------------------------------------------------------------------------------------------------------------------------------------------------------------------
 Limit  (cost=1502239.51..1502239.52 rows=1 width=32) (actual time=4371.432..4371.433 rows=1 loops=1)
   ->  Aggregate  (cost=1502239.51..1502239.52 rows=1 width=32) (actual time=4201.004..4201.005 rows=1 loops=1)
         ->  Bitmap Heap Scan on lineitem  (cost=299290.74..1496307.29 rows=1186445 width=12) (actual time=1268.468..3817.084 rows=1194558 loops=1)
               Recheck Cond: ((l_shipdate >= '1993-01-01'::date) AND (l_shipdate < '1994-01-01'::date) AND (l_discount >= 0.06) AND (l_discount <= 0.08) AND (l_quantity < '25'::numeric))
               Heap Blocks: exact=662932
               ->  Bitmap Index Scan on idx_lineitem_shipdate  (cost=0.00..298994.13 rows=1186445 width=0) (actual time=1084.419..1084.419 rows=1194558 loops=1)
                     Index Cond: ((l_shipdate >= '1993-01-01'::date) AND (l_shipdate < '1994-01-01'::date) AND (l_discount >= 0.06) AND (l_discount <= 0.08) AND (l_quantity < '25'::numeric))
 Settings: max_parallel_workers_per_gather = '0', work_mem = '128MB'
 Planning Time: 0.686 ms
 JIT:
   Functions: 6
   Options: Inlining true, Optimization true, Expressions true, Deforming true
   Timing: Generation 1.029 ms, Inlining 59.431 ms, Optimization 67.871 ms, Emission 42.934 ms, Total 171.265 ms
 Execution Time: 4389.464 ms
(14 rows)

===== 7.sql jit=on =====
                                                                                     QUERY PLAN                                                                                      
-------------------------------------------------------------------------------------------------------------------------------------------------------------------------------------
 Limit  (cost=2528487.79..2528487.91 rows=1 width=116) (actual time=77265.479..77265.486 rows=1 loops=1)
   ->  GroupAggregate  (cost=2528487.79..2529700.51 rows=10036 width=116) (actual time=76569.544..76569.551 rows=1 loops=1)
         Group Key: n1.n_name, n2.n_name, (EXTRACT(year FROM lineitem.l_shipdate))
         ->  Sort  (cost=2528487.79..2528639.53 rows=60696 width=96) (actual time=76562.086..76562.952 rows=14421 loops=1)
               Sort Key: n1.n_name, n2.n_name, (EXTRACT(year FROM lineitem.l_shipdate))
               Sort Method: quicksort  Memory: 9664kB
               ->  Hash Join  (cost=1029692.91..2523665.70 rows=60696 width=96) (actual time=7971.416..76493.107 rows=57794 loops=1)
                     Hash Cond: (lineitem.l_orderkey = orders.o_orderkey)
                     Join Filter: (((n1.n_name = 'PERU'::bpchar) AND (n2.n_name = 'MOROCCO'::bpchar)) OR ((n1.n_name = 'MOROCCO'::bpchar) AND (n2.n_name = 'PERU'::bpchar)))
                     Rows Removed by Join Filter: 58158
                     ->  Hash Join  (cost=478575.00..1964593.22 rows=1458471 width=46) (actual time=2921.296..70889.128 rows=1455694 loops=1)
                           Hash Cond: (lineitem.l_suppkey = supplier.s_suppkey)
                           ->  Bitmap Heap Scan on lineitem  (cost=474950.60..1877005.81 rows=18500881 width=24) (actual time=2891.878..67358.897 rows=18230325 loops=1)
                                 Recheck Cond: ((l_shipdate >= '1995-01-01'::date) AND (l_shipdate <= '1996-12-31'::date))
                                 Heap Blocks: exact=1119491
                                 ->  Bitmap Index Scan on idx_lineitem_shipdate  (cost=0.00..470325.38 rows=18500881 width=0) (actual time=2536.203..2536.203 rows=18230325 loops=1)
                                       Index Cond: ((l_shipdate >= '1995-01-01'::date) AND (l_shipdate <= '1996-12-31'::date))
                           ->  Hash  (cost=3524.40..3524.40 rows=8000 width=30) (actual time=29.383..29.385 rows=7981 loops=1)
                                 Buckets: 8192  Batches: 1  Memory Usage: 548kB
                                 ->  Hash Join  (cost=1.40..3524.40 rows=8000 width=30) (actual time=0.744..28.103 rows=7981 loops=1)
                                       Hash Cond: (supplier.s_nationkey = n1.n_nationkey)
                                       ->  Seq Scan on supplier  (cost=0.00..3216.00 rows=100000 width=8) (actual time=0.414..19.694 rows=100000 loops=1)
                                       ->  Hash  (cost=1.38..1.38 rows=2 width=30) (actual time=0.323..0.323 rows=2 loops=1)
                                             Buckets: 1024  Batches: 1  Memory Usage: 9kB
                                             ->  Seq Scan on nation n1  (cost=0.00..1.38 rows=2 width=30) (actual time=0.316..0.318 rows=2 loops=1)
                                                   Filter: ((n_name = 'PERU'::bpchar) OR (n_name = 'MOROCCO'::bpchar))
                                                   Rows Removed by Filter: 23
                     ->  Hash  (cost=536116.56..536116.56 rows=1200108 width=30) (actual time=5043.710..5043.712 rows=1191175 loops=1)
                           Buckets: 2097152  Batches: 1  Memory Usage: 88506kB
                           ->  Hash Join  (cost=56935.02..536116.56 rows=1200108 width=30) (actual time=341.555..4745.559 rows=1191175 loops=1)
                                 Hash Cond: (orders.o_custkey = customer.c_custkey)
                                 ->  Seq Scan on orders  (cost=0.00..410925.44 rows=15001344 width=8) (actual time=0.031..1803.725 rows=15000000 loops=1)
                                 ->  Hash  (cost=55434.91..55434.91 rows=120009 width=30) (actual time=341.228..341.230 rows=119622 loops=1)
                                       Buckets: 131072  Batches: 1  Memory Usage: 8267kB
                                       ->  Hash Join  (cost=1.40..55434.91 rows=120009 width=30) (actual time=0.474..313.641 rows=119622 loops=1)
                                             Hash Cond: (customer.c_nationkey = n2.n_nationkey)
                                             ->  Seq Scan on customer  (cost=0.00..50828.15 rows=1500115 width=8) (actual time=0.432..192.547 rows=1500000 loops=1)
                                             ->  Hash  (cost=1.38..1.38 rows=2 width=30) (actual time=0.031..0.032 rows=2 loops=1)
                                                   Buckets: 1024  Batches: 1  Memory Usage: 9kB
                                                   ->  Seq Scan on nation n2  (cost=0.00..1.38 rows=2 width=30) (actual time=0.021..0.024 rows=2 loops=1)
                                                         Filter: ((n_name = 'MOROCCO'::bpchar) OR (n_name = 'PERU'::bpchar))
                                                         Rows Removed by Filter: 23
 Settings: max_parallel_workers_per_gather = '0', work_mem = '128MB'
 Planning Time: 7.715 ms
 JIT:
   Functions: 60
   Options: Inlining true, Optimization true, Expressions true, Deforming true
   Timing: Generation 6.216 ms, Inlining 60.378 ms, Optimization 388.949 ms, Emission 246.127 ms, Total 701.671 ms
 Execution Time: 77309.993 ms
(49 rows)

===== 8.sql jit=on =====
                                                                                           QUERY PLAN                                                                                            
-------------------------------------------------------------------------------------------------------------------------------------------------------------------------------------------------
 Limit  (cost=2023562.27..2023562.51 rows=1 width=64) (actual time=47760.905..47760.913 rows=1 loops=1)
   ->  GroupAggregate  (cost=2023562.27..2024145.15 rows=2406 width=64) (actual time=47131.685..47131.692 rows=1 loops=1)
         Group Key: (EXTRACT(year FROM orders.o_orderdate))
         ->  Sort  (cost=2023562.27..2023621.69 rows=23767 width=70) (actual time=47126.517..47126.991 rows=11818 loops=1)
               Sort Key: (EXTRACT(year FROM orders.o_orderdate))
               Sort Method: quicksort  Memory: 2631kB
               ->  Nested Loop  (cost=496363.37..2021834.80 rows=23767 width=70) (actual time=9497.696..47093.973 rows=23842 loops=1)
                     ->  Hash Join  (cost=496363.22..2021140.22 rows=23767 width=20) (actual time=9497.670..47027.368 rows=23842 loops=1)
                           Hash Cond: (lineitem.l_suppkey = supplier.s_suppkey)
                           ->  Hash Join  (cost=491897.22..2016610.90 rows=24119 width=20) (actual time=9461.428..46973.366 rows=23842 loops=1)
                                 Hash Cond: (lineitem.l_orderkey = orders.o_orderkey)
                                 ->  Nested Loop  (cost=0.44..1522980.12 rows=398083 width=20) (actual time=1.845..37252.976 rows=389521 loops=1)
                                       ->  Seq Scan on part  (cost=0.00..65961.12 rows=13271 width=4) (actual time=1.247..409.631 rows=13011 loops=1)
                                             Filter: ((p_type)::text = 'LARGE POLISHED BRASS'::text)
                                             Rows Removed by Filter: 1986989
                                       ->  Index Scan using idx_lineitem_part_supp on lineitem  (cost=0.44..109.48 rows=31 width=24) (actual time=0.163..2.819 rows=30 loops=13011)
                                             Index Cond: (l_partkey = part.p_partkey)
                                 ->  Hash  (cost=480535.75..480535.75 rows=908882 width=8) (actual time=9453.030..9453.034 rows=910360 loops=1)
                                       Buckets: 1048576  Batches: 1  Memory Usage: 43753kB
                                       ->  Hash Join  (cost=125327.25..480535.75 rows=908882 width=8) (actual time=884.479..9211.465 rows=910360 loops=1)
                                             Hash Cond: (orders.o_custkey = customer.c_custkey)
                                             ->  Bitmap Heap Scan on orders  (cost=62120.64..391198.79 rows=4544410 width=12) (actual time=457.638..7688.151 rows=4557513 loops=1)
                                                   Recheck Cond: ((o_orderdate >= '1995-01-01'::date) AND (o_orderdate <= '1996-12-31'::date))
                                                   Heap Blocks: exact=260912
                                                   ->  Bitmap Index Scan on idx_orders_orderdate  (cost=0.00..60984.53 rows=4544410 width=0) (actual time=394.223..394.223 rows=4557513 loops=1)
                                                         Index Cond: ((o_orderdate >= '1995-01-01'::date) AND (o_orderdate <= '1996-12-31'::date))
                                             ->  Hash  (cost=59456.32..59456.32 rows=300023 width=4) (actual time=425.686..425.689 rows=299436 loops=1)
                                                   Buckets: 524288  Batches: 1  Memory Usage: 14624kB
                                                   ->  Hash Join  (cost=2.51..59456.32 rows=300023 width=4) (actual time=1.189..365.464 rows=299436 loops=1)
                                                         Hash Cond: (customer.c_nationkey = n1.n_nationkey)
                                                         ->  Seq Scan on customer  (cost=0.00..50828.15 rows=1500115 width=8) (actual time=0.445..221.303 rows=1500000 loops=1)
                                                         ->  Hash  (cost=2.45..2.45 rows=5 width=4) (actual time=0.732..0.733 rows=5 loops=1)
                                                               Buckets: 1024  Batches: 1  Memory Usage: 9kB
                                                               ->  Hash Join  (cost=1.07..2.45 rows=5 width=4) (actual time=0.723..0.729 rows=5 loops=1)
                                                                     Hash Cond: (n1.n_regionkey = region.r_regionkey)
                                                                     ->  Seq Scan on nation n1  (cost=0.00..1.25 rows=25 width=8) (actual time=0.011..0.013 rows=25 loops=1)
                                                                     ->  Hash  (cost=1.06..1.06 rows=1 width=4) (actual time=0.700..0.701 rows=1 loops=1)
                                                                           Buckets: 1024  Batches: 1  Memory Usage: 9kB
                                                                           ->  Seq Scan on region  (cost=0.00..1.06 rows=1 width=4) (actual time=0.687..0.689 rows=1 loops=1)
                                                                                 Filter: (r_name = 'AMERICA'::bpchar)
                                                                                 Rows Removed by Filter: 4
                           ->  Hash  (cost=3216.00..3216.00 rows=100000 width=8) (actual time=35.939..35.939 rows=100000 loops=1)
                                 Buckets: 131072  Batches: 1  Memory Usage: 4931kB
                                 ->  Seq Scan on supplier  (cost=0.00..3216.00 rows=100000 width=8) (actual time=0.427..22.276 rows=100000 loops=1)
                     ->  Memoize  (cost=0.15..2.17 rows=1 width=30) (actual time=0.001..0.001 rows=1 loops=23842)
                           Cache Key: supplier.s_nationkey
                           Hits: 23817  Misses: 25  Evictions: 0  Overflows: 0  Memory Usage: 4kB
                           ->  Index Scan using nation_pkey on nation n2  (cost=0.14..2.16 rows=1 width=30) (actual time=0.004..0.004 rows=1 loops=25)
                                 Index Cond: (n_nationkey = supplier.s_nationkey)
 Settings: max_parallel_workers_per_gather = '0', work_mem = '128MB'
 Planning Time: 16.429 ms
 JIT:
   Functions: 67
   Options: Inlining true, Optimization true, Expressions true, Deforming true
   Timing: Generation 6.531 ms, Inlining 76.112 ms, Optimization 337.431 ms, Emission 215.190 ms, Total 635.264 ms
 Execution Time: 47798.052 ms
(56 rows)

===== 9.sql jit=on =====
                                                                                 QUERY PLAN                                                                                 
----------------------------------------------------------------------------------------------------------------------------------------------------------------------------
 Limit  (cost=3449524.00..3449524.01 rows=1 width=90) (actual time=33572.677..33572.683 rows=1 loops=1)
   ->  Sort  (cost=3449524.00..3449674.38 rows=60150 width=90) (actual time=33063.668..33063.674 rows=1 loops=1)
         Sort Key: nation.n_name, (EXTRACT(year FROM orders.o_orderdate)) DESC
         Sort Method: top-N heapsort  Memory: 25kB
         ->  HashAggregate  (cost=3448321.00..3449223.25 rows=60150 width=90) (actual time=33062.446..33062.829 rows=175 loops=1)
               Group Key: nation.n_name, EXTRACT(year FROM orders.o_orderdate)
               Batches: 1  Memory Usage: 3217kB
               ->  Hash Join  (cost=1014554.57..3364723.26 rows=4777014 width=81) (actual time=6151.967..30452.375 rows=3248192 loops=1)
                     Hash Cond: (supplier.s_nationkey = nation.n_nationkey)
                     ->  Hash Join  (cost=1014553.01..3338113.72 rows=4777014 width=31) (actual time=6151.931..29566.571 rows=3248192 loops=1)
                           Hash Cond: (lineitem.l_orderkey = orders.o_orderkey)
                           ->  Hash Join  (cost=357511.77..2544621.82 rows=4777014 width=31) (actual time=2255.400..21930.885 rows=3248192 loops=1)
                                 Hash Cond: (lineitem.l_suppkey = supplier.s_suppkey)
                                 ->  Hash Join  (cost=353045.77..2527429.91 rows=4847762 width=35) (actual time=2224.433..20830.609 rows=3248192 loops=1)
                                       Hash Cond: ((lineitem.l_suppkey = partsupp.ps_suppkey) AND (lineitem.l_partkey = partsupp.ps_partkey))
                                       ->  Seq Scan on lineitem  (cost=0.00..1724450.68 rows=59990868 width=29) (actual time=0.045..7133.072 rows=59986052 loops=1)
                                       ->  Hash  (cost=343350.40..343350.40 rows=646358 width=18) (actual time=2222.129..2222.131 rows=433248 loops=1)
                                             Buckets: 1048576  Batches: 1  Memory Usage: 30193kB
                                             ->  Hash Join  (cost=67981.26..343350.40 rows=646358 width=18) (actual time=424.576..2114.761 rows=433248 loops=1)
                                                   Hash Cond: (partsupp.ps_partkey = part.p_partkey)
                                                   ->  Seq Scan on partsupp  (cost=0.00..254372.61 rows=7998661 width=14) (actual time=0.484..954.700 rows=8000000 loops=1)
                                                   ->  Hash  (cost=65961.12..65961.12 rows=161611 width=4) (actual time=423.469..423.469 rows=108312 loops=1)
                                                         Buckets: 262144  Batches: 1  Memory Usage: 5856kB
                                                         ->  Seq Scan on part  (cost=0.00..65961.12 rows=161611 width=4) (actual time=0.504..400.245 rows=108312 loops=1)
                                                               Filter: ((p_name)::text ~~ '%navy%'::text)
                                                               Rows Removed by Filter: 1891688
                                 ->  Hash  (cost=3216.00..3216.00 rows=100000 width=8) (actual time=30.716..30.717 rows=100000 loops=1)
                                       Buckets: 131072  Batches: 1  Memory Usage: 4931kB
                                       ->  Seq Scan on supplier  (cost=0.00..3216.00 rows=100000 width=8) (actual time=0.005..15.535 rows=100000 loops=1)
                           ->  Hash  (cost=410925.44..410925.44 rows=15001344 width=8) (actual time=3886.620..3886.620 rows=15000000 loops=1)
                                 Buckets: 4194304  Batches: 8  Memory Usage: 106038kB
                                 ->  Seq Scan on orders  (cost=0.00..410925.44 rows=15001344 width=8) (actual time=0.486..1992.996 rows=15000000 loops=1)
                     ->  Hash  (cost=1.25..1.25 rows=25 width=30) (actual time=0.025..0.025 rows=25 loops=1)
                           Buckets: 1024  Batches: 1  Memory Usage: 10kB
                           ->  Seq Scan on nation  (cost=0.00..1.25 rows=25 width=30) (actual time=0.016..0.019 rows=25 loops=1)
 Settings: max_parallel_workers_per_gather = '0', work_mem = '128MB'
 Planning Time: 7.752 ms
 JIT:
   Functions: 55
   Options: Inlining true, Optimization true, Expressions true, Deforming true
   Timing: Generation 6.169 ms, Inlining 69.102 ms, Optimization 267.808 ms, Emission 171.717 ms, Total 514.796 ms
 Execution Time: 33677.456 ms
(42 rows)

===== 10.sql jit=off =====
                                                                                            QUERY PLAN                                                                                            
--------------------------------------------------------------------------------------------------------------------------------------------------------------------------------------------------
 Limit  (cost=2410659.18..2410659.23 rows=20 width=202) (actual time=36167.658..36167.664 rows=20 loops=1)
   ->  Sort  (cost=2410659.18..2412102.81 rows=577451 width=202) (actual time=36167.658..36167.662 rows=20 loops=1)
         Sort Key: (sum((lineitem.l_extendedprice * ('1'::numeric - lineitem.l_discount)))) DESC
         Sort Method: top-N heapsort  Memory: 33kB
         ->  GroupAggregate  (cost=2253499.58..2395293.42 rows=577451 width=202) (actual time=33524.886..36044.608 rows=381205 loops=1)
               Group Key: customer.c_custkey, nation.n_name
               ->  Incremental Sort  (cost=2253499.58..2380857.14 rows=577451 width=182) (actual time=33524.872..35300.716 rows=1145402 loops=1)
                     Sort Key: customer.c_custkey, nation.n_name
                     Presorted Key: customer.c_custkey
                     Full-sort Groups: 34068  Sort Method: quicksort  Average Memory: 33kB  Peak Memory: 33kB
                     ->  Nested Loop  (cost=2253499.39..2354871.85 rows=577451 width=182) (actual time=33524.590..34910.434 rows=1145402 loops=1)
                           ->  Merge Join  (cost=2253499.25..2340701.23 rows=577451 width=160) (actual time=33524.566..34443.697 rows=1145402 loops=1)
                                 Merge Cond: (customer.c_custkey = orders.o_custkey)
                                 ->  Index Scan using customer_pkey on customer  (cost=0.43..74797.95 rows=1500115 width=148) (actual time=0.011..387.579 rows=1499997 loops=1)
                                 ->  Sort  (cost=2253496.67..2254940.30 rows=577451 width=16) (actual time=33524.539..33668.698 rows=1145402 loops=1)
                                       Sort Key: orders.o_custkey
                                       Sort Method: quicksort  Memory: 113386kB
                                       ->  Hash Join  (cost=285101.05..2198236.52 rows=577451 width=16) (actual time=20030.590..33146.198 rows=1145402 loops=1)
                                             Hash Cond: (lineitem.l_orderkey = orders.o_orderkey)
                                             ->  Seq Scan on lineitem  (cost=0.00..1874427.85 rows=14745756 width=16) (actual time=0.015..11103.517 rows=14808183 loops=1)
                                                   Filter: (l_returnflag = 'R'::bpchar)
                                                   Rows Removed by Filter: 45177869
                                             ->  Hash  (cost=277757.80..277757.80 rows=587460 width=8) (actual time=20027.633..20027.633 rows=573160 loops=1)
                                                   Buckets: 1048576  Batches: 1  Memory Usage: 30582kB
                                                   ->  Bitmap Heap Scan on orders  (cost=8033.90..277757.80 rows=587460 width=8) (actual time=131.523..19763.941 rows=573160 loops=1)
                                                         Recheck Cond: ((o_orderdate >= '1994-08-01'::date) AND (o_orderdate < '1994-11-01'::date))
                                                         Heap Blocks: exact=233137
                                                         ->  Bitmap Index Scan on idx_orders_orderdate  (cost=0.00..7887.04 rows=587460 width=0) (actual time=74.041..74.041 rows=573160 loops=1)
                                                               Index Cond: ((o_orderdate >= '1994-08-01'::date) AND (o_orderdate < '1994-11-01'::date))
                           ->  Memoize  (cost=0.15..2.17 rows=1 width=30) (actual time=0.000..0.000 rows=1 loops=1145402)
                                 Cache Key: customer.c_nationkey
                                 Hits: 1145377  Misses: 25  Evictions: 0  Overflows: 0  Memory Usage: 4kB
                                 ->  Index Scan using nation_pkey on nation  (cost=0.14..2.16 rows=1 width=30) (actual time=0.002..0.002 rows=1 loops=25)
                                       Index Cond: (n_nationkey = customer.c_nationkey)
 Settings: jit = 'off', max_parallel_workers_per_gather = '0', work_mem = '128MB'
 Planning Time: 10.654 ms
 Execution Time: 36175.366 ms
(37 rows)

===== 11.sql jit=off =====
                                                                             QUERY PLAN                                                                              
---------------------------------------------------------------------------------------------------------------------------------------------------------------------
 Limit  (cost=94525.87..94525.88 rows=1 width=36) (actual time=1505.926..1505.931 rows=0 loops=1)
   InitPlan 1 (returns $2)
     ->  Aggregate  (cost=44196.78..44196.79 rows=1 width=32) (actual time=541.416..541.418 rows=1 loops=1)
           ->  Nested Loop  (cost=47.72..41797.18 rows=319946 width=10) (actual time=0.622..456.825 rows=320800 loops=1)
                 ->  Nested Loop  (cost=47.29..2404.57 rows=4000 width=4) (actual time=0.607..9.797 rows=4010 loops=1)
                       ->  Seq Scan on nation nation_1  (cost=0.00..1.31 rows=1 width=4) (actual time=0.008..0.011 rows=1 loops=1)
                             Filter: (n_name = 'SAUDI ARABIA'::bpchar)
                             Rows Removed by Filter: 24
                       ->  Bitmap Heap Scan on supplier supplier_1  (cost=47.29..2363.25 rows=4000 width=8) (actual time=0.596..9.141 rows=4010 loops=1)
                             Recheck Cond: (s_nationkey = nation_1.n_nationkey)
                             Heap Blocks: exact=1857
                             ->  Bitmap Index Scan on idx_supplier_nation_key  (cost=0.00..46.29 rows=4000 width=0) (actual time=0.373..0.373 rows=4010 loops=1)
                                   Index Cond: (s_nationkey = nation_1.n_nationkey)
                 ->  Index Scan using idx_partsupp_suppkey on partsupp partsupp_1  (cost=0.43..9.06 rows=79 width=14) (actual time=0.005..0.101 rows=80 loops=4010)
                       Index Cond: (ps_suppkey = supplier_1.s_suppkey)
   ->  Sort  (cost=50329.08..50595.70 rows=106649 width=36) (actual time=1505.925..1505.926 rows=0 loops=1)
         Sort Key: (sum((partsupp.ps_supplycost * (partsupp.ps_availqty)::numeric))) DESC
         Sort Method: quicksort  Memory: 25kB
         ->  HashAggregate  (cost=44996.64..49795.83 rows=106649 width=36) (actual time=1505.881..1505.883 rows=0 loops=1)
               Group Key: partsupp.ps_partkey
               Filter: (sum((partsupp.ps_supplycost * (partsupp.ps_availqty)::numeric)) > $2)
               Batches: 5  Memory Usage: 135217kB  Disk Usage: 752kB
               Rows Removed by Filter: 301833
               ->  Nested Loop  (cost=47.72..41797.18 rows=319946 width=14) (actual time=0.688..587.563 rows=320800 loops=1)
                     ->  Nested Loop  (cost=47.29..2404.57 rows=4000 width=4) (actual time=0.667..11.683 rows=4010 loops=1)
                           ->  Seq Scan on nation  (cost=0.00..1.31 rows=1 width=4) (actual time=0.020..0.023 rows=1 loops=1)
                                 Filter: (n_name = 'SAUDI ARABIA'::bpchar)
                                 Rows Removed by Filter: 24
                           ->  Bitmap Heap Scan on supplier  (cost=47.29..2363.25 rows=4000 width=8) (actual time=0.643..10.947 rows=4010 loops=1)
                                 Recheck Cond: (s_nationkey = nation.n_nationkey)
                                 Heap Blocks: exact=1857
                                 ->  Bitmap Index Scan on idx_supplier_nation_key  (cost=0.00..46.29 rows=4000 width=0) (actual time=0.415..0.415 rows=4010 loops=1)
                                       Index Cond: (s_nationkey = nation.n_nationkey)
                     ->  Index Scan using idx_partsupp_suppkey on partsupp  (cost=0.43..9.06 rows=79 width=18) (actual time=0.006..0.132 rows=80 loops=4010)
                           Index Cond: (ps_suppkey = supplier.s_suppkey)
 Settings: jit = 'off', max_parallel_workers_per_gather = '0', work_mem = '128MB'
 Planning Time: 1.401 ms
 Execution Time: 1510.422 ms
(38 rows)

===== 12.sql jit=off =====
                                                                                                                    QUERY PLAN                                                                                                                     
---------------------------------------------------------------------------------------------------------------------------------------------------------------------------------------------------------------------------------------------------
 Limit  (cost=3030225.91..3031045.41 rows=1 width=27) (actual time=19515.793..19515.796 rows=1 loops=1)
   ->  GroupAggregate  (cost=3030225.91..3035962.46 rows=7 width=27) (actual time=19515.792..19515.794 rows=1 loops=1)
         Group Key: lineitem.l_shipmode
         ->  Sort  (cost=3030225.91..3030942.97 rows=286824 width=27) (actual time=19468.920..19475.333 rows=155572 loops=1)
               Sort Key: lineitem.l_shipmode
               Sort Method: quicksort  Memory: 36606kB
               ->  Hash Join  (cost=2477921.83..3004225.59 rows=286824 width=27) (actual time=15182.138..19395.038 rows=311258 loops=1)
                     Hash Cond: (orders.o_orderkey = lineitem.l_orderkey)
                     ->  Seq Scan on orders  (cost=0.00..410925.44 rows=15001344 width=20) (actual time=0.184..1648.550 rows=15000000 loops=1)
                     ->  Hash  (cost=2474336.53..2474336.53 rows=286824 width=15) (actual time=15179.916..15179.916 rows=311258 loops=1)
                           Buckets: 524288  Batches: 1  Memory Usage: 18687kB
                           ->  Seq Scan on lineitem  (cost=0.00..2474336.53 rows=286824 width=15) (actual time=0.651..15062.453 rows=311258 loops=1)
                                 Filter: ((l_shipmode = ANY ('{SHIP,"REG AIR"}'::bpchar[])) AND (l_commitdate < l_receiptdate) AND (l_shipdate < l_commitdate) AND (l_receiptdate >= '1994-01-01'::date) AND (l_receiptdate < '1995-01-01'::date))
                                 Rows Removed by Filter: 59674794
 Settings: jit = 'off', max_parallel_workers_per_gather = '0', work_mem = '128MB'
 Planning Time: 0.872 ms
 Execution Time: 19517.708 ms
(17 rows)

===== 13.sql jit=off =====
                                                                                    QUERY PLAN                                                                                     
-----------------------------------------------------------------------------------------------------------------------------------------------------------------------------------
 Limit  (cost=1533949.41..1533949.42 rows=1 width=16) (actual time=16146.291..16146.294 rows=1 loops=1)
   ->  Sort  (cost=1533949.41..1533949.91 rows=200 width=16) (actual time=16146.289..16146.292 rows=1 loops=1)
         Sort Key: (count(*)) DESC, (count(orders.o_orderkey)) DESC
         Sort Method: top-N heapsort  Memory: 25kB
         ->  HashAggregate  (cost=1533946.41..1533948.41 rows=200 width=16) (actual time=16146.249..16146.257 rows=46 loops=1)
               Group Key: count(orders.o_orderkey)
               Batches: 1  Memory Usage: 40kB
               ->  HashAggregate  (cost=1380429.36..1511444.69 rows=1500115 width=12) (actual time=15460.659..15971.569 rows=1500000 loops=1)
                     Group Key: customer.c_custkey
                     Batches: 5  Memory Usage: 131121kB  Disk Usage: 27424kB
                     ->  Hash Right Join  (cost=57717.59..545127.27 rows=14849815 width=8) (actual time=347.019..10319.146 rows=15337604 loops=1)
                           Hash Cond: (orders.o_custkey = customer.c_custkey)
                           ->  Seq Scan on orders  (cost=0.00..448428.80 rows=14849815 width=8) (actual time=0.049..4764.066 rows=14837583 loops=1)
                                 Filter: ((o_comment)::text !~~ '%special%requests%'::text)
                                 Rows Removed by Filter: 162417
                           ->  Hash  (cost=38966.15..38966.15 rows=1500115 width=4) (actual time=342.475..342.476 rows=1500000 loops=1)
                                 Buckets: 2097152  Batches: 1  Memory Usage: 69119kB
                                 ->  Index Only Scan using customer_pkey on customer  (cost=0.43..38966.15 rows=1500115 width=4) (actual time=0.026..116.581 rows=1500000 loops=1)
                                       Heap Fetches: 0
 Settings: jit = 'off', max_parallel_workers_per_gather = '0', work_mem = '128MB'
 Planning Time: 0.768 ms
 Execution Time: 16165.601 ms
(22 rows)

===== 14.sql jit=off =====
                                                                            QUERY PLAN                                                                            
------------------------------------------------------------------------------------------------------------------------------------------------------------------
 Limit  (cost=1257161.29..1257161.31 rows=1 width=32) (actual time=3737.267..3737.269 rows=1 loops=1)
   ->  Aggregate  (cost=1257161.29..1257161.31 rows=1 width=32) (actual time=3737.266..3737.268 rows=1 loops=1)
         ->  Hash Join  (cost=120693.29..1242805.65 rows=820322 width=33) (actual time=912.655..3364.967 rows=772942 loops=1)
               Hash Cond: (lineitem.l_partkey = part.p_partkey)
               ->  Bitmap Heap Scan on lineitem  (cost=21060.87..1119335.88 rows=820322 width=16) (actual time=270.482..2108.581 rows=772942 loops=1)
                     Recheck Cond: ((l_shipdate >= '1994-05-01'::date) AND (l_shipdate < '1994-06-01'::date))
                     Heap Blocks: exact=416660
                     ->  Bitmap Index Scan on idx_lineitem_shipdate  (cost=0.00..20855.78 rows=820322 width=0) (actual time=153.003..153.003 rows=772942 loops=1)
                           Index Cond: ((l_shipdate >= '1994-05-01'::date) AND (l_shipdate < '1994-06-01'::date))
               ->  Hash  (cost=60961.30..60961.30 rows=1999930 width=25) (actual time=637.639..637.639 rows=2000000 loops=1)
                     Buckets: 2097152  Batches: 2  Memory Usage: 74141kB
                     ->  Seq Scan on part  (cost=0.00..60961.30 rows=1999930 width=25) (actual time=0.034..305.908 rows=2000000 loops=1)
 Settings: jit = 'off', max_parallel_workers_per_gather = '0', work_mem = '128MB'
 Planning Time: 1.160 ms
 Execution Time: 3740.092 ms
(15 rows)

===== 15.sql jit=off =====
                                                                       QUERY PLAN                                                                       
--------------------------------------------------------------------------------------------------------------------------------------------------------
 HashAggregate  (cost=1240266.13..1241534.64 rows=101481 width=36) (actual time=5238.226..5278.253 rows=100000 loops=1)
   Group Key: l_suppkey
   Batches: 1  Memory Usage: 47121kB
   ->  Bitmap Heap Scan on lineitem  (cost=58629.40..1217428.24 rows=2283789 width=16) (actual time=552.031..3356.802 rows=2265714 loops=1)
         Recheck Cond: ((l_shipdate >= '1996-01-01'::date) AND (l_shipdate < '1996-04-01'::date))
         Heap Blocks: exact=668609
         ->  Bitmap Index Scan on idx_lineitem_shipdate  (cost=0.00..58058.46 rows=2283789 width=0) (actual time=365.214..365.214 rows=2265714 loops=1)
               Index Cond: ((l_shipdate >= '1996-01-01'::date) AND (l_shipdate < '1996-04-01'::date))
 Settings: jit = 'off', max_parallel_workers_per_gather = '0', work_mem = '128MB'
 Planning Time: 0.626 ms
 Execution Time: 5284.493 ms
(11 rows)

CREATE VIEW
                                                                                   QUERY PLAN                                                                                   
--------------------------------------------------------------------------------------------------------------------------------------------------------------------------------
 Limit  (cost=2484619.65..2484629.68 rows=1 width=103) (actual time=10049.769..10049.773 rows=1 loops=1)
   InitPlan 1 (returns $0)
     ->  Aggregate  (cost=1242803.15..1242803.16 rows=1 width=32) (actual time=5025.855..5025.857 rows=1 loops=1)
           ->  HashAggregate  (cost=1240266.13..1241534.64 rows=101481 width=36) (actual time=4979.508..5020.050 rows=100000 loops=1)
                 Group Key: lineitem_1.l_suppkey
                 Batches: 1  Memory Usage: 47121kB
                 ->  Bitmap Heap Scan on lineitem lineitem_1  (cost=58629.40..1217428.24 rows=2283789 width=16) (actual time=510.495..3122.100 rows=2265714 loops=1)
                       Recheck Cond: ((l_shipdate >= '1996-01-01'::date) AND (l_shipdate < '1996-04-01'::date))
                       Heap Blocks: exact=668609
                       ->  Bitmap Index Scan on idx_lineitem_shipdate  (cost=0.00..58058.46 rows=2283789 width=0) (actual time=326.497..326.497 rows=2265714 loops=1)
                             Index Cond: ((l_shipdate >= '1996-01-01'::date) AND (l_shipdate < '1996-04-01'::date))
   ->  Merge Join  (cost=1241816.48..1246901.50 rows=507 width=103) (actual time=10049.768..10049.770 rows=1 loops=1)
         Merge Cond: (supplier.s_suppkey = revenue0.supplier_no)
         ->  Index Scan using supplier_pkey on supplier  (cost=0.29..4827.71 rows=100000 width=71) (actual time=0.213..12.564 rows=69998 loops=1)
         ->  Sort  (cost=1241816.19..1241817.46 rows=507 width=36) (actual time=10033.165..10033.167 rows=1 loops=1)
               Sort Key: revenue0.supplier_no
               Sort Method: quicksort  Memory: 25kB
               ->  Subquery Scan on revenue0  (cost=1240266.13..1241793.41 rows=507 width=36) (actual time=10005.175..10033.159 rows=1 loops=1)
                     ->  HashAggregate  (cost=1240266.13..1241788.34 rows=507 width=36) (actual time=10005.174..10033.156 rows=1 loops=1)
                           Group Key: lineitem.l_suppkey
                           Filter: (sum((lineitem.l_extendedprice * ('1'::numeric - lineitem.l_discount))) = $0)
                           Batches: 1  Memory Usage: 47121kB
                           Rows Removed by Filter: 99999
                           ->  Bitmap Heap Scan on lineitem  (cost=58629.40..1217428.24 rows=2283789 width=16) (actual time=511.011..3120.899 rows=2265714 loops=1)
                                 Recheck Cond: ((l_shipdate >= '1996-01-01'::date) AND (l_shipdate < '1996-04-01'::date))
                                 Heap Blocks: exact=668609
                                 ->  Bitmap Index Scan on idx_lineitem_shipdate  (cost=0.00..58058.46 rows=2283789 width=0) (actual time=326.469..326.469 rows=2265714 loops=1)
                                       Index Cond: ((l_shipdate >= '1996-01-01'::date) AND (l_shipdate < '1996-04-01'::date))
 Settings: jit = 'off', max_parallel_workers_per_gather = '0', work_mem = '128MB'
 Planning Time: 0.528 ms
 Execution Time: 10056.784 ms
(31 rows)

DROP VIEW
===== 16.sql jit=off =====
                                                                                         QUERY PLAN                                                                                         
--------------------------------------------------------------------------------------------------------------------------------------------------------------------------------------------
 Limit  (cost=402576.64..402576.64 rows=1 width=44) (actual time=6060.375..6060.379 rows=1 loops=1)
   ->  Sort  (cost=402576.64..402959.99 rows=153341 width=44) (actual time=6060.374..6060.377 rows=1 loops=1)
         Sort Key: (count(DISTINCT partsupp.ps_suppkey)) DESC, part.p_brand, part.p_type, part.p_size
         Sort Method: top-N heapsort  Memory: 25kB
         ->  GroupAggregate  (cost=392900.35..401809.94 rows=153341 width=44) (actual time=5615.207..6055.005 rows=27838 loops=1)
               Group Key: part.p_brand, part.p_type, part.p_size
               ->  Sort  (cost=392900.35..394375.59 rows=590094 width=40) (actual time=5615.165..5713.879 rows=1186319 loops=1)
                     Sort Key: part.p_brand, part.p_type, part.p_size
                     Sort Method: quicksort  Memory: 122929kB
                     ->  Hash Join  (cost=98115.28..336338.11 rows=590094 width=40) (actual time=580.528..2716.842 rows=1186319 loops=1)
                           Hash Cond: (partsupp.ps_partkey = part.p_partkey)
                           ->  Index Only Scan using partsupp_pkey on partsupp  (cost=3466.46..231191.02 rows=3999330 width=8) (actual time=23.345..1315.289 rows=7995520 loops=1)
                                 Filter: (NOT (hashed SubPlan 1))
                                 Rows Removed by Filter: 4480
                                 Heap Fetches: 0
                                 SubPlan 1
                                   ->  Seq Scan on supplier  (cost=0.00..3466.00 rows=10 width=4) (actual time=0.101..23.297 rows=56 loops=1)
                                         Filter: ((s_comment)::text ~~ '%Customer%Complaints%'::text)
                                         Rows Removed by Filter: 99944
                           ->  Hash  (cost=90960.25..90960.25 rows=295086 width=40) (actual time=556.032..556.032 rows=296733 loops=1)
                                 Buckets: 524288  Batches: 1  Memory Usage: 25593kB
                                 ->  Seq Scan on part  (cost=0.00..90960.25 rows=295086 width=40) (actual time=0.047..483.359 rows=296733 loops=1)
                                       Filter: ((p_brand <> 'Brand#12'::bpchar) AND ((p_type)::text !~~ 'SMALL BRUSHED%'::text) AND (p_size = ANY ('{12,32,36,26,40,34,49,9}'::integer[])))
                                       Rows Removed by Filter: 1703267
 Settings: jit = 'off', max_parallel_workers_per_gather = '0', work_mem = '128MB'
 Planning Time: 0.874 ms
 Execution Time: 6066.487 ms
(27 rows)

===== 17-flattened.sql jit=off =====
                                                          QUERY PLAN                                                           
-------------------------------------------------------------------------------------------------------------------------------
 HashAggregate  (cost=5567615.66..6182799.90 rows=1955728 width=36) (actual time=34462.288..60791.283 rows=2000000 loops=1)
   Group Key: l_partkey
   Planned Partitions: 8  Batches: 9  Memory Usage: 135249kB  Disk Usage: 1846896kB
   ->  Seq Scan on lineitem  (cost=0.00..1724450.68 rows=59990868 width=9) (actual time=0.464..7959.212 rows=59986052 loops=1)
 Settings: jit = 'off', max_parallel_workers_per_gather = '0', work_mem = '128MB'
 Planning Time: 0.440 ms
 Execution Time: 60949.860 ms
(7 rows)

SELECT 2000000
CREATE INDEX
ANALYZE
                                                                                 QUERY PLAN                                                                                 
----------------------------------------------------------------------------------------------------------------------------------------------------------------------------
 Limit  (cost=234744.54..234744.55 rows=1 width=32) (actual time=402.795..402.797 rows=1 loops=1)
   ->  Aggregate  (cost=234744.54..234744.55 rows=1 width=32) (actual time=402.794..402.795 rows=1 loops=1)
         ->  Nested Loop  (cost=0.87..234695.46 rows=19628 width=8) (actual time=1.099..401.843 rows=5319 loops=1)
               Join Filter: (part.p_partkey = lineitem.l_partkey)
               ->  Nested Loop  (cost=0.43..85794.12 rows=1963 width=21) (actual time=1.088..352.260 rows=1996 loops=1)
                     ->  Seq Scan on part  (cost=0.00..70960.95 rows=1963 width=4) (actual time=1.076..337.723 rows=1996 loops=1)
                           Filter: ((p_brand = 'Brand#22'::bpchar) AND (p_container = 'LG BOX'::bpchar))
                           Rows Removed by Filter: 1998004
                     ->  Index Scan using idx_tmp_avg_quantity on tmp_avg_quantity part_agg  (cost=0.43..7.55 rows=1 width=17) (actual time=0.006..0.007 rows=1 loops=1996)
                           Index Cond: (agg_partkey = part.p_partkey)
               ->  Index Scan using idx_lineitem_part_supp on lineitem  (cost=0.44..75.73 rows=10 width=17) (actual time=0.010..0.024 rows=3 loops=1996)
                     Index Cond: (l_partkey = part_agg.agg_partkey)
                     Filter: (l_quantity < part_agg.avg_quantity)
                     Rows Removed by Filter: 27
 Settings: jit = 'off', max_parallel_workers_per_gather = '0', work_mem = '128MB'
 Planning Time: 1.097 ms
 Execution Time: 402.825 ms
(17 rows)

DROP TABLE
===== 17.sql jit=off =====
                                                                            QUERY PLAN                                                                            
------------------------------------------------------------------------------------------------------------------------------------------------------------------
 Limit  (cost=6423165.56..6423165.57 rows=1 width=32) (actual time=61760.781..61760.783 rows=1 loops=1)
   ->  Aggregate  (cost=6423165.56..6423165.57 rows=1 width=32) (actual time=61760.779..61760.782 rows=1 loops=1)
         ->  Nested Loop  (cost=5638601.59..6423117.57 rows=19194 width=8) (actual time=35662.321..61759.752 rows=5319 loops=1)
               Join Filter: (part.p_partkey = lineitem.l_partkey)
               ->  Hash Join  (cost=5638601.15..6278476.47 rows=1920 width=40) (actual time=35662.287..61706.527 rows=1996 loops=1)
                     Hash Cond: (lineitem_1.l_partkey = part.p_partkey)
                     ->  HashAggregate  (cost=5567615.66..6182799.90 rows=1955728 width=36) (actual time=35344.557..61235.636 rows=2000000 loops=1)
                           Group Key: lineitem_1.l_partkey
                           Planned Partitions: 8  Batches: 9  Memory Usage: 135249kB  Disk Usage: 1846896kB
                           ->  Seq Scan on lineitem lineitem_1  (cost=0.00..1724450.68 rows=59990868 width=9) (actual time=0.471..8572.629 rows=59986052 loops=1)
                     ->  Hash  (cost=70960.95..70960.95 rows=1963 width=4) (actual time=316.198..316.199 rows=1996 loops=1)
                           Buckets: 2048  Batches: 1  Memory Usage: 87kB
                           ->  Seq Scan on part  (cost=0.00..70960.95 rows=1963 width=4) (actual time=1.091..315.266 rows=1996 loops=1)
                                 Filter: ((p_brand = 'Brand#22'::bpchar) AND (p_container = 'LG BOX'::bpchar))
                                 Rows Removed by Filter: 1998004
               ->  Index Scan using idx_lineitem_part_supp on lineitem  (cost=0.44..75.21 rows=10 width=17) (actual time=0.012..0.026 rows=3 loops=1996)
                     Index Cond: (l_partkey = lineitem_1.l_partkey)
                     Filter: (l_quantity < ((0.2 * avg(lineitem_1.l_quantity))))
                     Rows Removed by Filter: 27
 Settings: jit = 'off', max_parallel_workers_per_gather = '0', work_mem = '128MB'
 Planning Time: 1.027 ms
 Execution Time: 61870.399 ms
(22 rows)

===== 18.sql jit=off =====
                                                                                                 QUERY PLAN                                                                                                  
-------------------------------------------------------------------------------------------------------------------------------------------------------------------------------------------------------------
 Limit  (cost=9939568.75..9939569.00 rows=100 width=71) (actual time=43777.945..43777.965 rows=99 loops=1)
   ->  Sort  (cost=9939568.75..9989549.05 rows=19992121 width=71) (actual time=43777.944..43777.957 rows=99 loops=1)
         Sort Key: orders.o_totalprice DESC, orders.o_orderdate
         Sort Method: quicksort  Memory: 32kB
         ->  HashAggregate  (cost=8574158.75..9175484.26 rows=19992121 width=71) (actual time=43776.501..43777.832 rows=99 loops=1)
               Group Key: customer.c_custkey, orders.o_orderkey
               Planned Partitions: 64  Batches: 1  Memory Usage: 12369kB
               ->  Hash Join  (cost=69622.71..6618679.41 rows=19992121 width=44) (actual time=1496.048..43775.603 rows=693 loops=1)
                     Hash Cond: (orders.o_custkey = customer.c_custkey)
                     ->  Merge Join  (cost=43.12..6496620.36 rows=19992121 width=25) (actual time=975.234..43254.310 rows=693 loops=1)
                           Merge Cond: (orders.o_orderkey = lineitem.l_orderkey)
                           ->  Merge Join  (cost=1.00..3729870.51 rows=4999239 width=24) (actual time=735.324..31859.787 rows=99 loops=1)
                                 Merge Cond: (orders.o_orderkey = lineitem_1.l_orderkey)
                                 ->  Index Scan using orders_pkey on orders  (cost=0.43..650459.59 rows=15001344 width=20) (actual time=0.453..2776.404 rows=14982724 loops=1)
                                 ->  GroupAggregate  (cost=0.56..2929424.68 rows=4999239 width=4) (actual time=643.047..28222.704 rows=99 loops=1)
                                       Group Key: lineitem_1.l_orderkey
                                       Filter: (sum(lineitem_1.l_quantity) > '313'::numeric)
                                       Rows Removed by Filter: 14999901
                                       ->  Index Scan using idx_lineitem_orderkey on lineitem lineitem_1  (cost=0.56..2404504.58 rows=59990868 width=9) (actual time=0.940..13884.904 rows=59986052 loops=1)
                           ->  Index Scan using idx_lineitem_orderkey on lineitem  (cost=0.56..2404504.58 rows=59990868 width=9) (actual time=0.020..8115.334 rows=59916431 loops=1)
                     ->  Hash  (cost=50828.15..50828.15 rows=1500115 width=23) (actual time=516.549..516.555 rows=1500000 loops=1)
                           Buckets: 2097152  Batches: 1  Memory Usage: 98416kB
                           ->  Seq Scan on customer  (cost=0.00..50828.15 rows=1500115 width=23) (actual time=0.450..245.089 rows=1500000 loops=1)
 Settings: jit = 'off', max_parallel_workers_per_gather = '0', work_mem = '128MB'
 Planning Time: 8.902 ms
 Execution Time: 43782.988 ms
(26 rows)

===== 19.sql jit=off =====
                                                                                                                                                                                                                                                                                                                                                                                                                                                                                                            QUERY PLAN                                                                                                                                                                                                                                                                                                                                                                                                                                                                                                            
----------------------------------------------------------------------------------------------------------------------------------------------------------------------------------------------------------------------------------------------------------------------------------------------------------------------------------------------------------------------------------------------------------------------------------------------------------------------------------------------------------------------------------------------------------------------------------------------------------------------------------------------------------------------------------------------------------------------------------------------------------------------------------------------------------------------------------------------------------------------------------------------------------------------------------------------------------------------------------------------------------------------------------
 Limit  (cost=724676.12..724676.13 rows=1 width=32) (actual time=1137.421..1137.422 rows=1 loops=1)
   ->  Aggregate  (cost=724676.12..724676.13 rows=1 width=32) (actual time=1137.420..1137.420 rows=1 loops=1)
         ->  Nested Loop  (cost=0.44..724667.52 rows=1146 width=12) (actual time=3.077..1136.046 rows=1063 loops=1)
               ->  Seq Scan on part  (cost=0.00..125959.03 rows=4864 width=30) (actual time=0.276..510.017 rows=4781 loops=1)
                     Filter: ((p_size >= 1) AND (((p_brand = 'Brand#24'::bpchar) AND (p_container = ANY ('{"SM CASE","SM BOX","SM PACK","SM PKG"}'::bpchar[])) AND (p_size <= 5)) OR ((p_brand = 'Brand#43'::bpchar) AND (p_container = ANY ('{"MED BAG","MED BOX","MED PKG","MED PACK"}'::bpchar[])) AND (p_size <= 10)) OR ((p_brand = 'Brand#44'::bpchar) AND (p_container = ANY ('{"LG CASE","LG BOX","LG PACK","LG PKG"}'::bpchar[])) AND (p_size <= 15))))
                     Rows Removed by Filter: 1995219
               ->  Index Scan using idx_lineitem_part_supp on lineitem  (cost=0.44..123.08 rows=1 width=21) (actual time=0.117..0.130 rows=0 loops=4781)
                     Index Cond: (l_partkey = part.p_partkey)
                     Filter: ((l_shipmode = ANY ('{AIR,"AIR REG"}'::bpchar[])) AND (l_shipinstruct = 'DELIVER IN PERSON'::bpchar) AND (((l_quantity >= '10'::numeric) AND (l_quantity <= '20'::numeric)) OR ((l_quantity >= '10'::numeric) AND (l_quantity <= '20'::numeric)) OR ((l_quantity >= '20'::numeric) AND (l_quantity <= '30'::numeric))) AND (((part.p_brand = 'Brand#24'::bpchar) AND (part.p_container = ANY ('{"SM CASE","SM BOX","SM PACK","SM PKG"}'::bpchar[])) AND (l_quantity >= '10'::numeric) AND (l_quantity <= '20'::numeric) AND (part.p_size <= 5)) OR ((part.p_brand = 'Brand#43'::bpchar) AND (part.p_container = ANY ('{"MED BAG","MED BOX","MED PKG","MED PACK"}'::bpchar[])) AND (l_quantity >= '10'::numeric) AND (l_quantity <= '20'::numeric) AND (part.p_size <= 10)) OR ((part.p_brand = 'Brand#44'::bpchar) AND (part.p_container = ANY ('{"LG CASE","LG BOX","LG PACK","LG PKG"}'::bpchar[])) AND (l_quantity >= '20'::numeric) AND (l_quantity <= '30'::numeric) AND (part.p_size <= 15))))
                     Rows Removed by Filter: 30
 Settings: jit = 'off', max_parallel_workers_per_gather = '0', work_mem = '128MB'
 Planning Time: 1.300 ms
 Execution Time: 1137.490 ms
(13 rows)

===== 1.sql jit=off =====
                                                                 QUERY PLAN                                                                  
---------------------------------------------------------------------------------------------------------------------------------------------
 Limit  (cost=3944024.42..3944024.42 rows=1 width=236) (actual time=72284.361..72284.362 rows=1 loops=1)
   ->  Sort  (cost=3944024.42..3944024.44 rows=6 width=236) (actual time=72284.360..72284.360 rows=1 loops=1)
         Sort Key: l_returnflag, l_linestatus
         Sort Method: top-N heapsort  Memory: 25kB
         ->  HashAggregate  (cost=3944024.23..3944024.39 rows=6 width=236) (actual time=72284.325..72284.333 rows=4 loops=1)
               Group Key: l_returnflag, l_linestatus
               Batches: 1  Memory Usage: 32kB
               ->  Seq Scan on lineitem  (cost=0.00..1874427.85 rows=59131325 width=25) (actual time=0.347..12108.165 rows=59284448 loops=1)
                     Filter: (l_shipdate <= '1998-09-10 00:00:00'::timestamp without time zone)
                     Rows Removed by Filter: 701604
 Settings: jit = 'off', max_parallel_workers_per_gather = '0', work_mem = '128MB'
 Planning Time: 0.951 ms
 Execution Time: 72284.440 ms
(13 rows)

===== 20-flattened.sql jit=off =====
                                                                        QUERY PLAN                                                                         
-----------------------------------------------------------------------------------------------------------------------------------------------------------
 HashAggregate  (cost=2122057.63..2286196.71 rows=4886480 width=40) (actual time=108225.890..115344.639 rows=5448842 loops=1)
   Group Key: l_partkey, l_suppkey
   Planned Partitions: 16  Batches: 81  Memory Usage: 135313kB  Disk Usage: 342848kB
   ->  Bitmap Heap Scan on lineitem  (cost=238804.21..1502879.34 rows=9302209 width=13) (actual time=1670.053..100706.071 rows=9123688 loops=1)
         Recheck Cond: ((l_shipdate >= '1996-01-01'::date) AND (l_shipdate < '1997-01-01'::date))
         Heap Blocks: exact=1048319
         ->  Bitmap Index Scan on idx_lineitem_shipdate  (cost=0.00..236478.65 rows=9302209 width=0) (actual time=1335.425..1335.425 rows=9123688 loops=1)
               Index Cond: ((l_shipdate >= '1996-01-01'::date) AND (l_shipdate < '1997-01-01'::date))
 Settings: jit = 'off', max_parallel_workers_per_gather = '0', work_mem = '128MB'
 Planning Time: 2.212 ms
 Execution Time: 115522.197 ms
(11 rows)

SELECT 5448842
CREATE INDEX
ANALYZE
                                                                                   QUERY PLAN                                                                                   
--------------------------------------------------------------------------------------------------------------------------------------------------------------------------------
 Limit  (cost=58868.07..58868.07 rows=1 width=51) (actual time=7496.925..7496.928 rows=1 loops=1)
   ->  Sort  (cost=58868.07..58868.07 rows=1 width=51) (actual time=7496.924..7496.926 rows=1 loops=1)
         Sort Key: supplier.s_name
         Sort Method: top-N heapsort  Memory: 25kB
         ->  Nested Loop Semi Join  (cost=48.59..58868.06 rows=1 width=51) (actual time=10.242..7492.369 rows=1821 loops=1)
               ->  Nested Loop  (cost=47.29..2404.57 rows=4000 width=55) (actual time=2.803..17.709 rows=4095 loops=1)
                     ->  Seq Scan on nation  (cost=0.00..1.31 rows=1 width=4) (actual time=0.178..0.182 rows=1 loops=1)
                           Filter: (n_name = 'IRAQ'::bpchar)
                           Rows Removed by Filter: 24
                     ->  Bitmap Heap Scan on supplier  (cost=47.29..2363.25 rows=4000 width=59) (actual time=2.618..16.365 rows=4095 loops=1)
                           Recheck Cond: (s_nationkey = nation.n_nationkey)
                           Heap Blocks: exact=1867
                           ->  Bitmap Index Scan on idx_supplier_nation_key  (cost=0.00..46.29 rows=4000 width=0) (actual time=2.122..2.122 rows=4095 loops=1)
                                 Index Cond: (s_nationkey = nation.n_nationkey)
               ->  Nested Loop  (cost=1.30..14.11 rows=1 width=8) (actual time=1.825..1.825 rows=0 loops=4095)
                     Join Filter: (supplier.s_suppkey = agg_lineitem.agg_suppkey)
                     ->  Nested Loop  (cost=0.87..13.61 rows=1 width=16) (actual time=1.600..1.818 rows=1 loops=4095)
                           ->  Index Scan using idx_partsupp_suppkey on partsupp  (cost=0.43..9.06 rows=79 width=12) (actual time=0.022..0.982 rows=61 loops=4095)
                                 Index Cond: (ps_suppkey = supplier.s_suppkey)
                           ->  Memoize  (cost=0.44..0.48 rows=1 width=4) (actual time=0.013..0.013 rows=0 loops=248000)
                                 Cache Key: partsupp.ps_partkey
                                 Hits: 11702  Misses: 236298  Evictions: 0  Overflows: 0  Memory Usage: 15783kB
                                 ->  Index Scan using part_pkey on part  (cost=0.43..0.47 rows=1 width=4) (actual time=0.013..0.013 rows=0 loops=236298)
                                       Index Cond: (p_partkey = partsupp.ps_partkey)
                                       Filter: ((p_name)::text ~~ 'olive%'::text)
                                       Rows Removed by Filter: 1
                     ->  Index Scan using idx_tmp_agg_lineitem on tmp_agg_lineitem agg_lineitem  (cost=0.43..0.48 rows=1 width=13) (actual time=0.010..0.010 rows=1 loops=2732)
                           Index Cond: ((agg_partkey = partsupp.ps_partkey) AND (agg_suppkey = partsupp.ps_suppkey))
                           Filter: ((partsupp.ps_availqty)::numeric > agg_quantity)
                           Rows Removed by Filter: 0
 Settings: jit = 'off', max_parallel_workers_per_gather = '0', work_mem = '128MB'
 Planning Time: 8.501 ms
 Execution Time: 7498.222 ms
(33 rows)

DROP TABLE
===== 20.sql jit=off =====
                                                                                          QUERY PLAN                                                                                           
-----------------------------------------------------------------------------------------------------------------------------------------------------------------------------------------------
 Limit  (cost=2449756.56..2449756.56 rows=1 width=51) (actual time=133331.940..133331.945 rows=1 loops=1)
   ->  Sort  (cost=2449756.56..2449756.56 rows=1 width=51) (actual time=133331.939..133331.943 rows=1 loops=1)
         Sort Key: supplier.s_name
         Sort Method: top-N heapsort  Memory: 25kB
         ->  Nested Loop Semi Join  (cost=2188271.70..2449756.55 rows=1 width=51) (actual time=109191.565..133328.890 rows=1821 loops=1)
               Join Filter: (supplier.s_suppkey = lineitem.l_suppkey)
               Rows Removed by Join Filter: 183310388
               ->  Nested Loop  (cost=0.00..4467.31 rows=4000 width=55) (actual time=0.033..25.155 rows=4095 loops=1)
                     Join Filter: (supplier.s_nationkey = nation.n_nationkey)
                     Rows Removed by Join Filter: 95905
                     ->  Seq Scan on nation  (cost=0.00..1.31 rows=1 width=4) (actual time=0.018..0.021 rows=1 loops=1)
                           Filter: (n_name = 'IRAQ'::bpchar)
                           Rows Removed by Filter: 24
                     ->  Seq Scan on supplier  (cost=0.00..3216.00 rows=100000 width=59) (actual time=0.009..16.946 rows=100000 loops=1)
               ->  Materialize  (cost=2188271.70..2445109.24 rows=3 width=8) (actual time=25.553..30.069 rows=44765 loops=4095)
                     ->  Nested Loop  (cost=2188271.70..2445109.23 rows=3 width=8) (actual time=104638.702..116556.944 rows=59002 loops=1)
                           ->  Hash Join  (cost=2188271.27..2414102.18 rows=49358 width=44) (actual time=104638.082..112955.747 rows=59125 loops=1)
                                 Hash Cond: (lineitem.l_partkey = part.p_partkey)
                                 ->  HashAggregate  (cost=2122057.63..2286196.71 rows=4886480 width=40) (actual time=104227.332..111805.230 rows=5448842 loops=1)
                                       Group Key: lineitem.l_partkey, lineitem.l_suppkey
                                       Planned Partitions: 16  Batches: 81  Memory Usage: 135313kB  Disk Usage: 342848kB
                                       ->  Bitmap Heap Scan on lineitem  (cost=238804.21..1502879.34 rows=9302209 width=13) (actual time=1681.811..96806.322 rows=9123688 loops=1)
                                             Recheck Cond: ((l_shipdate >= '1996-01-01'::date) AND (l_shipdate < '1997-01-01'::date))
                                             Heap Blocks: exact=1048319
                                             ->  Bitmap Index Scan on idx_lineitem_shipdate  (cost=0.00..236478.65 rows=9302209 width=0) (actual time=1346.231..1346.231 rows=9123688 loops=1)
                                                   Index Cond: ((l_shipdate >= '1996-01-01'::date) AND (l_shipdate < '1997-01-01'::date))
                                 ->  Hash  (cost=65961.12..65961.12 rows=20201 width=4) (actual time=410.634..410.635 rows=21718 loops=1)
                                       Buckets: 32768  Batches: 1  Memory Usage: 1020kB
                                       ->  Seq Scan on part  (cost=0.00..65961.12 rows=20201 width=4) (actual time=0.353..403.062 rows=21718 loops=1)
                                             Filter: ((p_name)::text ~~ 'olive%'::text)
                                             Rows Removed by Filter: 1978282
                           ->  Index Scan using partsupp_pkey on partsupp  (cost=0.43..0.62 rows=1 width=12) (actual time=0.060..0.060 rows=1 loops=59125)
                                 Index Cond: ((ps_partkey = lineitem.l_partkey) AND (ps_suppkey = lineitem.l_suppkey))
                                 Filter: ((ps_availqty)::numeric > ((0.5 * sum(lineitem.l_quantity))))
                                 Rows Removed by Filter: 0
 Settings: jit = 'off', max_parallel_workers_per_gather = '0', work_mem = '128MB'
 Planning Time: 6.143 ms
 Execution Time: 133361.894 ms
(38 rows)

===== 21.sql jit=off =====
                                                                                            QUERY PLAN                                                                                             
---------------------------------------------------------------------------------------------------------------------------------------------------------------------------------------------------
 Limit  (cost=4271421.61..4271421.62 rows=1 width=34) (actual time=59111.453..59111.474 rows=100 loops=1)
   ->  Sort  (cost=4271421.61..4271421.62 rows=1 width=34) (actual time=59111.452..59111.466 rows=100 loops=1)
         Sort Key: (count(*)) DESC, supplier.s_name
         Sort Method: top-N heapsort  Memory: 38kB
         ->  GroupAggregate  (cost=4271421.58..4271421.60 rows=1 width=34) (actual time=59103.251..59110.293 rows=3991 loops=1)
               Group Key: supplier.s_name
               ->  Sort  (cost=4271421.58..4271421.59 rows=1 width=26) (actual time=59103.240..59106.107 rows=39281 loops=1)
                     Sort Key: supplier.s_name
                     Sort Method: quicksort  Memory: 3378kB
                     ->  Nested Loop Semi Join  (cost=2204959.37..4271421.57 rows=1 width=26) (actual time=17696.784..58929.111 rows=39281 loops=1)
                           Join Filter: (l2.l_suppkey <> l1.l_suppkey)
                           Rows Removed by Join Filter: 42023
                           ->  Nested Loop  (cost=2204958.80..4271414.04 rows=1 width=38) (actual time=17686.462..51411.886 rows=65960 loops=1)
                                 ->  Hash Anti Join  (cost=2204958.37..4271406.72 rows=1 width=34) (actual time=17684.724..37275.690 rows=134155 loops=1)
                                       Hash Cond: (l1.l_orderkey = l3.l_orderkey)
                                       Join Filter: (l3.l_suppkey <> l1.l_suppkey)
                                       Rows Removed by Join Filter: 547662
                                       ->  Hash Join  (cost=2454.57..1959753.05 rows=788205 width=34) (actual time=19.547..15199.011 rows=1514267 loops=1)
                                             Hash Cond: (l1.l_suppkey = supplier.s_suppkey)
                                             ->  Seq Scan on lineitem l1  (cost=0.00..1874427.85 rows=19996956 width=8) (actual time=0.156..11882.284 rows=37929348 loops=1)
                                                   Filter: (l_receiptdate > l_commitdate)
                                                   Rows Removed by Filter: 22056704
                                             ->  Hash  (cost=2404.57..2404.57 rows=4000 width=30) (actual time=19.350..19.351 rows=3991 loops=1)
                                                   Buckets: 4096  Batches: 1  Memory Usage: 282kB
                                                   ->  Nested Loop  (cost=47.29..2404.57 rows=4000 width=30) (actual time=2.759..18.473 rows=3991 loops=1)
                                                         ->  Seq Scan on nation  (cost=0.00..1.31 rows=1 width=4) (actual time=0.146..0.150 rows=1 loops=1)
                                                               Filter: (n_name = 'PERU'::bpchar)
                                                               Rows Removed by Filter: 24
                                                         ->  Bitmap Heap Scan on supplier  (cost=47.29..2363.25 rows=4000 width=34) (actual time=2.611..17.799 rows=3991 loops=1)
                                                               Recheck Cond: (s_nationkey = nation.n_nationkey)
                                                               Heap Blocks: exact=1873
                                                               ->  Bitmap Index Scan on idx_supplier_nation_key  (cost=0.00..46.29 rows=4000 width=0) (actual time=2.146..2.146 rows=3991 loops=1)
                                                                     Index Cond: (s_nationkey = nation.n_nationkey)
                                       ->  Hash  (cost=1874427.85..1874427.85 rows=19996956 width=8) (actual time=17651.045..17651.046 rows=37929348 loops=1)
                                             Buckets: 4194304  Batches: 16  Memory Usage: 125295kB
                                             ->  Seq Scan on lineitem l3  (cost=0.00..1874427.85 rows=19996956 width=8) (actual time=0.014..12935.582 rows=37929348 loops=1)
                                                   Filter: (l_receiptdate > l_commitdate)
                                                   Rows Removed by Filter: 22056704
                                 ->  Index Scan using orders_pkey on orders  (cost=0.43..7.32 rows=1 width=4) (actual time=0.104..0.104 rows=0 loops=134155)
                                       Index Cond: (o_orderkey = l1.l_orderkey)
                                       Filter: (o_orderstatus = 'F'::bpchar)
                                       Rows Removed by Filter: 1
                           ->  Index Scan using idx_lineitem_orderkey on lineitem l2  (cost=0.56..7.52 rows=4 width=8) (actual time=0.112..0.112 rows=1 loops=65960)
                                 Index Cond: (l_orderkey = orders.o_orderkey)
 Settings: jit = 'off', max_parallel_workers_per_gather = '0', work_mem = '128MB'
 Planning Time: 9.604 ms
 Execution Time: 59118.791 ms
(47 rows)

===== 22.sql jit=off =====
                                                                          QUERY PLAN                                                                          
--------------------------------------------------------------------------------------------------------------------------------------------------------------
 Limit  (cost=163067.28..163067.30 rows=1 width=72) (actual time=1745.092..1745.094 rows=1 loops=1)
   InitPlan 1 (returns $0)
     ->  Aggregate  (cost=75324.35..75324.36 rows=1 width=32) (actual time=785.698..785.699 rows=1 loops=1)
           ->  Seq Scan on customer customer_1  (cost=0.00..75205.02 rows=47730 width=6) (actual time=0.010..745.391 rows=382426 loops=1)
                 Filter: ((c_acctbal > 0.00) AND (SUBSTRING(c_phone FROM 1 FOR 2) = ANY ('{21,29,26,34,14,15,17}'::text[])))
                 Rows Removed by Filter: 1117574
   ->  GroupAggregate  (cost=87742.92..87954.81 rows=7705 width=72) (actual time=1745.090..1745.091 rows=1 loops=1)
         Group Key: (SUBSTRING(customer.c_phone FROM 1 FOR 2))
         ->  Sort  (cost=87742.92..87762.18 rows=7705 width=38) (actual time=1742.783..1743.296 rows=9006 loops=1)
               Sort Key: (SUBSTRING(customer.c_phone FROM 1 FOR 2))
               Sort Method: quicksort  Memory: 4513kB
               ->  Nested Loop Anti Join  (cost=0.43..87245.50 rows=7705 width=38) (actual time=785.763..1721.569 rows=63509 loops=1)
                     ->  Seq Scan on customer  (cost=0.00..75205.02 rows=17501 width=26) (actual time=785.742..1370.254 rows=191129 loops=1)
                           Filter: ((c_acctbal > $0) AND (SUBSTRING(c_phone FROM 1 FOR 2) = ANY ('{21,29,26,34,14,15,17}'::text[])))
                           Rows Removed by Filter: 1308871
                     ->  Index Only Scan using idx_orders_custkey on orders  (cost=0.43..3.30 rows=18 width=4) (actual time=0.001..0.001 rows=1 loops=191129)
                           Index Cond: (o_custkey = customer.c_custkey)
                           Heap Fetches: 0
 Settings: jit = 'off', max_parallel_workers_per_gather = '0', work_mem = '128MB'
 Planning Time: 0.869 ms
 Execution Time: 1745.358 ms
(21 rows)

===== 2-flattened.sql jit=off =====
                                                                       QUERY PLAN                                                                        
---------------------------------------------------------------------------------------------------------------------------------------------------------
 HashAggregate  (cost=207145.83..211752.84 rows=460701 width=36) (actual time=3379.371..3829.949 rows=1182884 loops=1)
   Group Key: partsupp.ps_partkey
   Batches: 5  Memory Usage: 139313kB  Disk Usage: 15632kB
   ->  Nested Loop  (cost=42.10..199147.17 rows=1599732 width=10) (actual time=0.698..2618.808 rows=1604080 loops=1)
         ->  Nested Loop  (cost=41.67..2184.07 rows=20000 width=4) (actual time=0.680..50.869 rows=20051 loops=1)
               ->  Nested Loop  (cost=0.14..13.95 rows=5 width=4) (actual time=0.058..0.082 rows=5 loops=1)
                     Join Filter: (nation.n_regionkey = region.r_regionkey)
                     Rows Removed by Join Filter: 20
                     ->  Index Scan using nation_pkey on nation  (cost=0.14..12.51 rows=25 width=8) (actual time=0.032..0.041 rows=25 loops=1)
                     ->  Materialize  (cost=0.00..1.07 rows=1 width=4) (actual time=0.001..0.001 rows=1 loops=25)
                           ->  Seq Scan on region  (cost=0.00..1.06 rows=1 width=4) (actual time=0.016..0.017 rows=1 loops=1)
                                 Filter: (r_name = 'AMERICA'::bpchar)
                                 Rows Removed by Filter: 4
               ->  Bitmap Heap Scan on supplier  (cost=41.53..394.02 rows=4000 width=8) (actual time=0.546..9.482 rows=4010 loops=5)
                     Recheck Cond: (s_nationkey = nation.n_nationkey)
                     Heap Blocks: exact=9388
                     ->  Bitmap Index Scan on idx_supplier_nation_key  (cost=0.00..40.53 rows=4000 width=0) (actual time=0.322..0.322 rows=4010 loops=5)
                           Index Cond: (s_nationkey = nation.n_nationkey)
         ->  Index Scan using idx_partsupp_suppkey on partsupp  (cost=0.43..9.06 rows=79 width=14) (actual time=0.006..0.118 rows=80 loops=20051)
               Index Cond: (ps_suppkey = supplier.s_suppkey)
 Settings: jit = 'off', max_parallel_workers_per_gather = '0', work_mem = '128MB'
 Planning Time: 1.220 ms
 Execution Time: 3868.935 ms
(23 rows)

SELECT 1182884
CREATE INDEX
ANALYZE
                                                                             QUERY PLAN                                                                             
--------------------------------------------------------------------------------------------------------------------------------------------------------------------
 Limit  (cost=475672.95..475672.95 rows=1 width=192) (actual time=3551.868..3551.885 rows=100 loops=1)
   ->  Sort  (cost=475672.95..475672.95 rows=1 width=192) (actual time=3551.867..3551.878 rows=100 loops=1)
         Sort Key: supplier.s_acctbal DESC, nation.n_name, supplier.s_name, part.p_partkey
         Sort Method: top-N heapsort  Memory: 71kB
         ->  Hash Join  (cost=264790.70..475672.94 rows=1 width=192) (actual time=2875.235..3549.604 rows=4737 loops=1)
               Hash Cond: ((part.p_partkey = partsupp.ps_partkey) AND ((SubPlan 1) = partsupp.ps_supplycost))
               ->  Seq Scan on part  (cost=0.00..70960.95 rows=7946 width=30) (actual time=0.019..385.013 rows=8046 loops=1)
                     Filter: (((p_type)::text ~~ '%NICKEL'::text) AND (p_size = 16))
                     Rows Removed by Filter: 1991954
               ->  Hash  (cost=201738.72..201738.72 rows=1599732 width=172) (actual time=2874.260..2874.263 rows=1604080 loops=1)
                     Buckets: 1048576  Batches: 4  Memory Usage: 90233kB
                     ->  Nested Loop  (cost=2.00..201738.72 rows=1599732 width=172) (actual time=0.068..2165.509 rows=1604080 loops=1)
                           ->  Nested Loop  (cost=1.56..4775.62 rows=20000 width=166) (actual time=0.054..57.256 rows=20051 loops=1)
                                 Join Filter: (nation.n_regionkey = region.r_regionkey)
                                 Rows Removed by Join Filter: 79949
                                 ->  Seq Scan on region  (cost=0.00..1.06 rows=1 width=4) (actual time=0.021..0.023 rows=1 loops=1)
                                       Filter: (r_name = 'AMERICA'::bpchar)
                                       Rows Removed by Filter: 4
                                 ->  Hash Join  (cost=1.56..3524.56 rows=100000 width=170) (actual time=0.030..49.482 rows=100000 loops=1)
                                       Hash Cond: (supplier.s_nationkey = nation.n_nationkey)
                                       ->  Seq Scan on supplier  (cost=0.00..3216.00 rows=100000 width=144) (actual time=0.006..15.949 rows=100000 loops=1)
                                       ->  Hash  (cost=1.25..1.25 rows=25 width=34) (actual time=0.013..0.014 rows=25 loops=1)
                                             Buckets: 1024  Batches: 1  Memory Usage: 10kB
                                             ->  Seq Scan on nation  (cost=0.00..1.25 rows=25 width=34) (actual time=0.003..0.007 rows=25 loops=1)
                           ->  Index Scan using idx_partsupp_suppkey on partsupp  (cost=0.43..9.06 rows=79 width=14) (actual time=0.004..0.094 rows=80 loops=20051)
                                 Index Cond: (ps_suppkey = supplier.s_suppkey)
               SubPlan 1
                 ->  Index Scan using tmp_supplycost_idx on tmp_supplycost  (cost=0.43..8.45 rows=1 width=6) (actual time=0.004..0.004 rows=1 loops=12783)
                       Index Cond: (ps_partkey = part.p_partkey)
 Settings: jit = 'off', max_parallel_workers_per_gather = '0', work_mem = '128MB'
 Planning Time: 1.179 ms
 Execution Time: 3552.213 ms
(32 rows)

DROP TABLE
===== 2.sql jit=off =====
                                                                                        QUERY PLAN                                                                                         
-------------------------------------------------------------------------------------------------------------------------------------------------------------------------------------------
 Limit  (cost=1596570.00..1596570.01 rows=1 width=192) (actual time=4821.570..4821.586 rows=100 loops=1)
   ->  Sort  (cost=1596570.00..1596570.01 rows=1 width=192) (actual time=4821.569..4821.579 rows=100 loops=1)
         Sort Key: supplier.s_acctbal DESC, nation.n_name, supplier.s_name, part.p_partkey
         Sort Method: top-N heapsort  Memory: 71kB
         ->  Merge Join  (cost=503295.67..1596569.99 rows=1 width=192) (actual time=3451.373..4818.862 rows=4737 loops=1)
               Merge Cond: (part.p_partkey = partsupp.ps_partkey)
               Join Filter: (partsupp.ps_supplycost = (SubPlan 1))
               Rows Removed by Join Filter: 1661
               ->  Index Scan using part_pkey on part  (cost=0.43..102912.03 rows=7946 width=30) (actual time=0.026..546.847 rows=8046 loops=1)
                     Filter: (((p_type)::text ~~ '%NICKEL'::text) AND (p_size = 16))
                     Rows Removed by Filter: 1991954
               ->  Materialize  (cost=503282.29..511280.95 rows=1599732 width=172) (actual time=3451.209..3918.798 rows=1603828 loops=1)
                     ->  Sort  (cost=503282.29..507281.62 rows=1599732 width=172) (actual time=3451.205..3733.420 rows=1603828 loops=1)
                           Sort Key: partsupp.ps_partkey
                           Sort Method: external merge  Disk: 293456kB
                           ->  Nested Loop  (cost=2.00..201738.72 rows=1599732 width=172) (actual time=0.056..2408.906 rows=1604080 loops=1)
                                 ->  Nested Loop  (cost=1.56..4775.62 rows=20000 width=166) (actual time=0.045..58.719 rows=20051 loops=1)
                                       Join Filter: (nation.n_regionkey = region.r_regionkey)
                                       Rows Removed by Join Filter: 79949
                                       ->  Seq Scan on region  (cost=0.00..1.06 rows=1 width=4) (actual time=0.011..0.013 rows=1 loops=1)
                                             Filter: (r_name = 'AMERICA'::bpchar)
                                             Rows Removed by Filter: 4
                                       ->  Hash Join  (cost=1.56..3524.56 rows=100000 width=170) (actual time=0.032..51.275 rows=100000 loops=1)
                                             Hash Cond: (supplier.s_nationkey = nation.n_nationkey)
                                             ->  Seq Scan on supplier  (cost=0.00..3216.00 rows=100000 width=144) (actual time=0.001..14.280 rows=100000 loops=1)
                                             ->  Hash  (cost=1.25..1.25 rows=25 width=34) (actual time=0.019..0.020 rows=25 loops=1)
                                                   Buckets: 1024  Batches: 1  Memory Usage: 10kB
                                                   ->  Seq Scan on nation  (cost=0.00..1.25 rows=25 width=34) (actual time=0.008..0.012 rows=25 loops=1)
                                 ->  Index Scan using idx_partsupp_suppkey on partsupp  (cost=0.43..9.06 rows=79 width=14) (actual time=0.004..0.105 rows=80 loops=20051)
                                       Index Cond: (ps_suppkey = supplier.s_suppkey)
               SubPlan 1
                 ->  Aggregate  (cost=153.90..153.91 rows=1 width=32) (actual time=0.025..0.025 rows=1 loops=6398)
                       ->  Nested Loop  (cost=0.86..153.90 rows=3 width=6) (actual time=0.015..0.024 rows=2 loops=6398)
                             Join Filter: (nation_1.n_regionkey = region_1.r_regionkey)
                             Rows Removed by Join Filter: 2
                             ->  Seq Scan on region region_1  (cost=0.00..1.06 rows=1 width=4) (actual time=0.001..0.001 rows=1 loops=6398)
                                   Filter: (r_name = 'AMERICA'::bpchar)
                                   Rows Removed by Filter: 4
                             ->  Nested Loop  (cost=0.86..152.62 rows=17 width=10) (actual time=0.010..0.021 rows=4 loops=6398)
                                   ->  Nested Loop  (cost=0.72..150.00 rows=17 width=10) (actual time=0.008..0.017 rows=4 loops=6398)
                                         ->  Index Scan using idx_partsupp_partkey on partsupp partsupp_1  (cost=0.43..8.73 rows=17 width=10) (actual time=0.005..0.006 rows=4 loops=6398)
                                               Index Cond: (ps_partkey = part.p_partkey)
                                         ->  Index Scan using supplier_pkey on supplier supplier_1  (cost=0.29..8.31 rows=1 width=8) (actual time=0.002..0.002 rows=1 loops=25592)
                                               Index Cond: (s_suppkey = partsupp_1.ps_suppkey)
                                   ->  Index Scan using nation_pkey on nation nation_1  (cost=0.14..0.16 rows=1 width=8) (actual time=0.001..0.001 rows=1 loops=25592)
                                         Index Cond: (n_nationkey = supplier_1.s_nationkey)
 Settings: jit = 'off', max_parallel_workers_per_gather = '0', work_mem = '128MB'
 Planning Time: 2.406 ms
 Execution Time: 4840.572 ms
(49 rows)

===== 3.sql jit=off =====
                                                                                     QUERY PLAN                                                                                      
-------------------------------------------------------------------------------------------------------------------------------------------------------------------------------------
 Limit  (cost=2960629.82..2960629.84 rows=10 width=44) (actual time=37273.316..37273.322 rows=10 loops=1)
   ->  Sort  (cost=2960629.82..2968532.46 rows=3161055 width=44) (actual time=37273.314..37273.319 rows=10 loops=1)
         Sort Key: (sum((lineitem.l_extendedprice * ('1'::numeric - lineitem.l_discount)))) DESC, orders.o_orderdate
         Sort Method: top-N heapsort  Memory: 26kB
         ->  HashAggregate  (cost=2815763.76..2892320.56 rows=3161055 width=44) (actual time=37207.457..37255.690 rows=113934 loops=1)
               Group Key: lineitem.l_orderkey, orders.o_orderdate, orders.o_shippriority
               Planned Partitions: 8  Batches: 1  Memory Usage: 61457kB
               ->  Hash Join  (cost=528087.88..2556952.38 rows=3161055 width=24) (actual time=22574.441..36964.160 rows=301530 loops=1)
                     Hash Cond: (lineitem.l_orderkey = orders.o_orderkey)
                     ->  Seq Scan on lineitem  (cost=0.00..1874427.85 rows=32753627 width=16) (actual time=0.365..10964.083 rows=32534229 loops=1)
                           Filter: (l_shipdate > '1995-03-07'::date)
                           Rows Removed by Filter: 27451823
                     ->  Hash  (cost=509990.61..509990.61 rows=1447781 width=12) (actual time=22569.489..22569.491 rows=1451805 loops=1)
                           Buckets: 2097152  Batches: 1  Memory Usage: 78767kB
                           ->  Hash Join  (cost=139352.37..509990.61 rows=1447781 width=12) (actual time=1015.166..22097.150 rows=1451805 loops=1)
                                 Hash Cond: (orders.o_custkey = customer.c_custkey)
                                 ->  Bitmap Heap Scan on orders  (cost=81031.77..432626.57 rows=7254624 width=16) (actual time=672.246..19475.546 rows=7239437 loops=1)
                                       Recheck Cond: (o_orderdate < '1995-03-07'::date)
                                       Heap Blocks: exact=260912
                                       ->  Bitmap Index Scan on idx_orders_orderdate  (cost=0.00..79218.11 rows=7254624 width=0) (actual time=607.710..607.710 rows=7239437 loops=1)
                                             Index Cond: (o_orderdate < '1995-03-07'::date)
                                 ->  Hash  (cost=54578.44..54578.44 rows=299373 width=4) (actual time=341.767..341.768 rows=300276 loops=1)
                                       Buckets: 524288  Batches: 1  Memory Usage: 14653kB
                                       ->  Seq Scan on customer  (cost=0.00..54578.44 rows=299373 width=4) (actual time=0.321..288.046 rows=300276 loops=1)
                                             Filter: (c_mktsegment = 'BUILDING'::bpchar)
                                             Rows Removed by Filter: 1199724
 Settings: jit = 'off', max_parallel_workers_per_gather = '0', work_mem = '128MB'
 Planning Time: 7.605 ms
 Execution Time: 37280.020 ms
(29 rows)

===== 4.sql jit=off =====
                                                                             QUERY PLAN                                                                             
--------------------------------------------------------------------------------------------------------------------------------------------------------------------
 Limit  (cost=2584702.42..2584702.42 rows=1 width=24) (actual time=41393.418..41393.421 rows=1 loops=1)
   ->  Sort  (cost=2584702.42..2584702.43 rows=5 width=24) (actual time=41393.416..41393.419 rows=1 loops=1)
         Sort Key: orders.o_orderpriority
         Sort Method: top-N heapsort  Memory: 25kB
         ->  HashAggregate  (cost=2584702.35..2584702.40 rows=5 width=24) (actual time=41393.374..41393.377 rows=5 loops=1)
               Group Key: orders.o_orderpriority
               Batches: 1  Memory Usage: 24kB
               ->  Hash Semi Join  (cost=2209964.07..2581975.28 rows=545413 width=16) (actual time=16785.721..41272.658 rows=513822 loops=1)
                     Hash Cond: (orders.o_orderkey = lineitem.l_orderkey)
                     ->  Bitmap Heap Scan on orders  (cost=7460.27..276555.45 rows=545545 width=20) (actual time=130.679..21073.851 rows=560424 loops=1)
                           Recheck Cond: ((o_orderdate >= '1993-12-01'::date) AND (o_orderdate < '1994-03-01'::date))
                           Heap Blocks: exact=231732
                           ->  Bitmap Index Scan on idx_orders_orderdate  (cost=0.00..7323.89 rows=545545 width=0) (actual time=73.540..73.540 rows=560424 loops=1)
                                 Index Cond: ((o_orderdate >= '1993-12-01'::date) AND (o_orderdate < '1994-03-01'::date))
                     ->  Hash  (cost=1874427.85..1874427.85 rows=19996956 width=4) (actual time=16644.501..16644.501 rows=37929348 loops=1)
                           Buckets: 4194304  Batches: 16  Memory Usage: 116042kB
                           ->  Seq Scan on lineitem  (cost=0.00..1874427.85 rows=19996956 width=4) (actual time=0.565..12326.099 rows=37929348 loops=1)
                                 Filter: (l_commitdate < l_receiptdate)
                                 Rows Removed by Filter: 22056704
 Settings: jit = 'off', max_parallel_workers_per_gather = '0', work_mem = '128MB'
 Planning Time: 5.527 ms
 Execution Time: 41395.143 ms
(22 rows)

===== 5.sql jit=off =====
                                                                                           QUERY PLAN                                                                                            
-------------------------------------------------------------------------------------------------------------------------------------------------------------------------------------------------
 Limit  (cost=2371884.82..2371884.83 rows=1 width=58) (actual time=38394.278..38394.285 rows=1 loops=1)
   ->  Sort  (cost=2371884.82..2371884.89 rows=25 width=58) (actual time=38394.277..38394.283 rows=1 loops=1)
         Sort Key: (sum((lineitem.l_extendedprice * ('1'::numeric - lineitem.l_discount)))) DESC
         Sort Method: top-N heapsort  Memory: 25kB
         ->  GroupAggregate  (cost=2370993.91..2371884.70 rows=25 width=58) (actual time=38369.978..38394.256 rows=5 loops=1)
               Group Key: nation.n_name
               ->  Sort  (cost=2370993.91..2371172.01 rows=71238 width=38) (actual time=38363.955..38367.302 rows=72033 loops=1)
                     Sort Key: nation.n_name
                     Sort Method: quicksort  Memory: 8700kB
                     ->  Hash Join  (cost=421872.27..2365252.00 rows=71238 width=38) (actual time=22198.931..38323.231 rows=72033 loops=1)
                           Hash Cond: ((lineitem.l_suppkey = supplier.s_suppkey) AND (customer.c_nationkey = supplier.s_nationkey))
                           ->  Hash Join  (cost=417156.27..2351046.93 rows=1807440 width=50) (actual time=22158.636..37889.355 rows=1815327 loops=1)
                                 Hash Cond: (orders.o_custkey = customer.c_custkey)
                                 ->  Hash Join  (cost=353949.66..2235876.41 rows=9037202 width=20) (actual time=21729.630..36132.480 rows=9108027 loops=1)
                                       Hash Cond: (lineitem.l_orderkey = orders.o_orderkey)
                                       ->  Seq Scan on lineitem  (cost=0.00..1724450.68 rows=59990868 width=20) (actual time=0.513..6667.649 rows=59986052 loops=1)
                                       ->  Hash  (cost=325701.57..325701.57 rows=2259847 width=8) (actual time=21720.338..21720.339 rows=2276638 loops=1)
                                             Buckets: 4194304  Batches: 1  Memory Usage: 121700kB
                                             ->  Bitmap Heap Scan on orders  (cost=30891.87..325701.57 rows=2259847 width=8) (actual time=275.586..21076.601 rows=2276638 loops=1)
                                                   Recheck Cond: ((o_orderdate >= '1993-01-01'::date) AND (o_orderdate < '1994-01-01'::date))
                                                   Heap Blocks: exact=260897
                                                   ->  Bitmap Index Scan on idx_orders_orderdate  (cost=0.00..30326.91 rows=2259847 width=0) (actual time=211.390..211.391 rows=2276638 loops=1)
                                                         Index Cond: ((o_orderdate >= '1993-01-01'::date) AND (o_orderdate < '1994-01-01'::date))
                                 ->  Hash  (cost=59456.32..59456.32 rows=300023 width=38) (actual time=427.818..427.821 rows=299436 loops=1)
                                       Buckets: 524288  Batches: 1  Memory Usage: 25151kB
                                       ->  Hash Join  (cost=2.51..59456.32 rows=300023 width=38) (actual time=1.501..363.256 rows=299436 loops=1)
                                             Hash Cond: (customer.c_nationkey = nation.n_nationkey)
                                             ->  Seq Scan on customer  (cost=0.00..50828.15 rows=1500115 width=8) (actual time=0.443..200.874 rows=1500000 loops=1)
                                             ->  Hash  (cost=2.45..2.45 rows=5 width=30) (actual time=1.044..1.046 rows=5 loops=1)
                                                   Buckets: 1024  Batches: 1  Memory Usage: 9kB
                                                   ->  Hash Join  (cost=1.07..2.45 rows=5 width=30) (actual time=1.037..1.043 rows=5 loops=1)
                                                         Hash Cond: (nation.n_regionkey = region.r_regionkey)
                                                         ->  Seq Scan on nation  (cost=0.00..1.25 rows=25 width=34) (actual time=0.689..0.690 rows=25 loops=1)
                                                         ->  Hash  (cost=1.06..1.06 rows=1 width=4) (actual time=0.333..0.333 rows=1 loops=1)
                                                               Buckets: 1024  Batches: 1  Memory Usage: 9kB
                                                               ->  Seq Scan on region  (cost=0.00..1.06 rows=1 width=4) (actual time=0.322..0.324 rows=1 loops=1)
                                                                     Filter: (r_name = 'AMERICA'::bpchar)
                                                                     Rows Removed by Filter: 4
                           ->  Hash  (cost=3216.00..3216.00 rows=100000 width=8) (actual time=38.659..38.659 rows=100000 loops=1)
                                 Buckets: 131072  Batches: 1  Memory Usage: 4931kB
                                 ->  Seq Scan on supplier  (cost=0.00..3216.00 rows=100000 width=8) (actual time=0.255..23.681 rows=100000 loops=1)
 Settings: jit = 'off', max_parallel_workers_per_gather = '0', work_mem = '128MB'
 Planning Time: 10.447 ms
 Execution Time: 38397.933 ms
(44 rows)

===== 6.sql jit=off =====
                                                                                          QUERY PLAN                                                                                           
-----------------------------------------------------------------------------------------------------------------------------------------------------------------------------------------------
 Limit  (cost=1502239.51..1502239.52 rows=1 width=32) (actual time=4166.633..4166.634 rows=1 loops=1)
   ->  Aggregate  (cost=1502239.51..1502239.52 rows=1 width=32) (actual time=4166.632..4166.633 rows=1 loops=1)
         ->  Bitmap Heap Scan on lineitem  (cost=299290.74..1496307.29 rows=1186445 width=12) (actual time=1268.045..3780.260 rows=1194558 loops=1)
               Recheck Cond: ((l_shipdate >= '1993-01-01'::date) AND (l_shipdate < '1994-01-01'::date) AND (l_discount >= 0.06) AND (l_discount <= 0.08) AND (l_quantity < '25'::numeric))
               Heap Blocks: exact=662932
               ->  Bitmap Index Scan on idx_lineitem_shipdate  (cost=0.00..298994.13 rows=1186445 width=0) (actual time=1084.140..1084.141 rows=1194558 loops=1)
                     Index Cond: ((l_shipdate >= '1993-01-01'::date) AND (l_shipdate < '1994-01-01'::date) AND (l_discount >= 0.06) AND (l_discount <= 0.08) AND (l_quantity < '25'::numeric))
 Settings: jit = 'off', max_parallel_workers_per_gather = '0', work_mem = '128MB'
 Planning Time: 0.671 ms
 Execution Time: 4169.178 ms
(10 rows)

===== 7.sql jit=off =====
                                                                                     QUERY PLAN                                                                                      
-------------------------------------------------------------------------------------------------------------------------------------------------------------------------------------
 Limit  (cost=2528487.79..2528487.91 rows=1 width=116) (actual time=80816.328..80816.336 rows=1 loops=1)
   ->  GroupAggregate  (cost=2528487.79..2529700.51 rows=10036 width=116) (actual time=80816.327..80816.334 rows=1 loops=1)
         Group Key: n1.n_name, n2.n_name, (EXTRACT(year FROM lineitem.l_shipdate))
         ->  Sort  (cost=2528487.79..2528639.53 rows=60696 width=96) (actual time=80808.132..80809.009 rows=14421 loops=1)
               Sort Key: n1.n_name, n2.n_name, (EXTRACT(year FROM lineitem.l_shipdate))
               Sort Method: quicksort  Memory: 9664kB
               ->  Hash Join  (cost=1029692.91..2523665.70 rows=60696 width=96) (actual time=8162.908..80738.073 rows=57794 loops=1)
                     Hash Cond: (lineitem.l_orderkey = orders.o_orderkey)
                     Join Filter: (((n1.n_name = 'PERU'::bpchar) AND (n2.n_name = 'MOROCCO'::bpchar)) OR ((n1.n_name = 'MOROCCO'::bpchar) AND (n2.n_name = 'PERU'::bpchar)))
                     Rows Removed by Join Filter: 58158
                     ->  Hash Join  (cost=478575.00..1964593.22 rows=1458471 width=46) (actual time=2906.800..74918.178 rows=1455694 loops=1)
                           Hash Cond: (lineitem.l_suppkey = supplier.s_suppkey)
                           ->  Bitmap Heap Scan on lineitem  (cost=474950.60..1877005.81 rows=18500881 width=24) (actual time=2876.496..70851.588 rows=18230325 loops=1)
                                 Recheck Cond: ((l_shipdate >= '1995-01-01'::date) AND (l_shipdate <= '1996-12-31'::date))
                                 Heap Blocks: exact=1119491
                                 ->  Bitmap Index Scan on idx_lineitem_shipdate  (cost=0.00..470325.38 rows=18500881 width=0) (actual time=2521.176..2521.176 rows=18230325 loops=1)
                                       Index Cond: ((l_shipdate >= '1995-01-01'::date) AND (l_shipdate <= '1996-12-31'::date))
                           ->  Hash  (cost=3524.40..3524.40 rows=8000 width=30) (actual time=30.263..30.265 rows=7981 loops=1)
                                 Buckets: 8192  Batches: 1  Memory Usage: 548kB
                                 ->  Hash Join  (cost=1.40..3524.40 rows=8000 width=30) (actual time=0.425..28.788 rows=7981 loops=1)
                                       Hash Cond: (supplier.s_nationkey = n1.n_nationkey)
                                       ->  Seq Scan on supplier  (cost=0.00..3216.00 rows=100000 width=8) (actual time=0.251..19.226 rows=100000 loops=1)
                                       ->  Hash  (cost=1.38..1.38 rows=2 width=30) (actual time=0.161..0.162 rows=2 loops=1)
                                             Buckets: 1024  Batches: 1  Memory Usage: 9kB
                                             ->  Seq Scan on nation n1  (cost=0.00..1.38 rows=2 width=30) (actual time=0.149..0.151 rows=2 loops=1)
                                                   Filter: ((n_name = 'PERU'::bpchar) OR (n_name = 'MOROCCO'::bpchar))
                                                   Rows Removed by Filter: 23
                     ->  Hash  (cost=536116.56..536116.56 rows=1200108 width=30) (actual time=5249.917..5249.919 rows=1191175 loops=1)
                           Buckets: 2097152  Batches: 1  Memory Usage: 88506kB
                           ->  Hash Join  (cost=56935.02..536116.56 rows=1200108 width=30) (actual time=366.537..4978.393 rows=1191175 loops=1)
                                 Hash Cond: (orders.o_custkey = customer.c_custkey)
                                 ->  Seq Scan on orders  (cost=0.00..410925.44 rows=15001344 width=8) (actual time=0.029..1897.978 rows=15000000 loops=1)
                                 ->  Hash  (cost=55434.91..55434.91 rows=120009 width=30) (actual time=366.215..366.217 rows=119622 loops=1)
                                       Buckets: 131072  Batches: 1  Memory Usage: 8267kB
                                       ->  Hash Join  (cost=1.40..55434.91 rows=120009 width=30) (actual time=0.346..340.873 rows=119622 loops=1)
                                             Hash Cond: (customer.c_nationkey = n2.n_nationkey)
                                             ->  Seq Scan on customer  (cost=0.00..50828.15 rows=1500115 width=8) (actual time=0.315..201.976 rows=1500000 loops=1)
                                             ->  Hash  (cost=1.38..1.38 rows=2 width=30) (actual time=0.019..0.020 rows=2 loops=1)
                                                   Buckets: 1024  Batches: 1  Memory Usage: 9kB
                                                   ->  Seq Scan on nation n2  (cost=0.00..1.38 rows=2 width=30) (actual time=0.012..0.015 rows=2 loops=1)
                                                         Filter: ((n_name = 'MOROCCO'::bpchar) OR (n_name = 'PERU'::bpchar))
                                                         Rows Removed by Filter: 23
 Settings: jit = 'off', max_parallel_workers_per_gather = '0', work_mem = '128MB'
 Planning Time: 9.189 ms
 Execution Time: 80821.439 ms
(45 rows)

===== 8.sql jit=off =====
                                                                                           QUERY PLAN                                                                                            
-------------------------------------------------------------------------------------------------------------------------------------------------------------------------------------------------
 Limit  (cost=2023562.27..2023562.51 rows=1 width=64) (actual time=39335.543..39335.551 rows=1 loops=1)
   ->  GroupAggregate  (cost=2023562.27..2024145.15 rows=2406 width=64) (actual time=39335.542..39335.549 rows=1 loops=1)
         Group Key: (EXTRACT(year FROM orders.o_orderdate))
         ->  Sort  (cost=2023562.27..2023621.69 rows=23767 width=70) (actual time=39329.681..39330.154 rows=11818 loops=1)
               Sort Key: (EXTRACT(year FROM orders.o_orderdate))
               Sort Method: quicksort  Memory: 2631kB
               ->  Nested Loop  (cost=496363.37..2021834.80 rows=23767 width=70) (actual time=12302.431..39300.396 rows=23842 loops=1)
                     ->  Hash Join  (cost=496363.22..2021140.22 rows=23767 width=20) (actual time=12302.408..39235.714 rows=23842 loops=1)
                           Hash Cond: (lineitem.l_suppkey = supplier.s_suppkey)
                           ->  Hash Join  (cost=491897.22..2016610.90 rows=24119 width=20) (actual time=12268.198..39181.896 rows=23842 loops=1)
                                 Hash Cond: (lineitem.l_orderkey = orders.o_orderkey)
                                 ->  Nested Loop  (cost=0.44..1522980.12 rows=398083 width=20) (actual time=0.647..26682.335 rows=389521 loops=1)
                                       ->  Seq Scan on part  (cost=0.00..65961.12 rows=13271 width=4) (actual time=0.377..442.473 rows=13011 loops=1)
                                             Filter: ((p_type)::text = 'LARGE POLISHED BRASS'::text)
                                             Rows Removed by Filter: 1986989
                                       ->  Index Scan using idx_lineitem_part_supp on lineitem  (cost=0.44..109.48 rows=31 width=24) (actual time=0.086..2.002 rows=30 loops=13011)
                                             Index Cond: (l_partkey = part.p_partkey)
                                 ->  Hash  (cost=480535.75..480535.75 rows=908882 width=8) (actual time=12261.154..12261.159 rows=910360 loops=1)
                                       Buckets: 1048576  Batches: 1  Memory Usage: 43753kB
                                       ->  Hash Join  (cost=125327.25..480535.75 rows=908882 width=8) (actual time=958.487..12024.764 rows=910360 loops=1)
                                             Hash Cond: (orders.o_custkey = customer.c_custkey)
                                             ->  Bitmap Heap Scan on orders  (cost=62120.64..391198.79 rows=4544410 width=12) (actual time=450.769..10307.421 rows=4557513 loops=1)
                                                   Recheck Cond: ((o_orderdate >= '1995-01-01'::date) AND (o_orderdate <= '1996-12-31'::date))
                                                   Heap Blocks: exact=260912
                                                   ->  Bitmap Index Scan on idx_orders_orderdate  (cost=0.00..60984.53 rows=4544410 width=0) (actual time=387.428..387.428 rows=4557513 loops=1)
                                                         Index Cond: ((o_orderdate >= '1995-01-01'::date) AND (o_orderdate <= '1996-12-31'::date))
                                             ->  Hash  (cost=59456.32..59456.32 rows=300023 width=4) (actual time=506.565..506.568 rows=299436 loops=1)
                                                   Buckets: 524288  Batches: 1  Memory Usage: 14624kB
                                                   ->  Hash Join  (cost=2.51..59456.32 rows=300023 width=4) (actual time=0.087..453.279 rows=299436 loops=1)
                                                         Hash Cond: (customer.c_nationkey = n1.n_nationkey)
                                                         ->  Seq Scan on customer  (cost=0.00..50828.15 rows=1500115 width=8) (actual time=0.028..290.743 rows=1500000 loops=1)
                                                         ->  Hash  (cost=2.45..2.45 rows=5 width=4) (actual time=0.048..0.050 rows=5 loops=1)
                                                               Buckets: 1024  Batches: 1  Memory Usage: 9kB
                                                               ->  Hash Join  (cost=1.07..2.45 rows=5 width=4) (actual time=0.037..0.044 rows=5 loops=1)
                                                                     Hash Cond: (n1.n_regionkey = region.r_regionkey)
                                                                     ->  Seq Scan on nation n1  (cost=0.00..1.25 rows=25 width=8) (actual time=0.010..0.011 rows=25 loops=1)
                                                                     ->  Hash  (cost=1.06..1.06 rows=1 width=4) (actual time=0.016..0.017 rows=1 loops=1)
                                                                           Buckets: 1024  Batches: 1  Memory Usage: 9kB
                                                                           ->  Seq Scan on region  (cost=0.00..1.06 rows=1 width=4) (actual time=0.012..0.013 rows=1 loops=1)
                                                                                 Filter: (r_name = 'AMERICA'::bpchar)
                                                                                 Rows Removed by Filter: 4
                           ->  Hash  (cost=3216.00..3216.00 rows=100000 width=8) (actual time=33.924..33.925 rows=100000 loops=1)
                                 Buckets: 131072  Batches: 1  Memory Usage: 4931kB
                                 ->  Seq Scan on supplier  (cost=0.00..3216.00 rows=100000 width=8) (actual time=0.013..20.330 rows=100000 loops=1)
                     ->  Memoize  (cost=0.15..2.17 rows=1 width=30) (actual time=0.001..0.001 rows=1 loops=23842)
                           Cache Key: supplier.s_nationkey
                           Hits: 23817  Misses: 25  Evictions: 0  Overflows: 0  Memory Usage: 4kB
                           ->  Index Scan using nation_pkey on nation n2  (cost=0.14..2.16 rows=1 width=30) (actual time=0.004..0.004 rows=1 loops=25)
                                 Index Cond: (n_nationkey = supplier.s_nationkey)
 Settings: jit = 'off', max_parallel_workers_per_gather = '0', work_mem = '128MB'
 Planning Time: 8.997 ms
 Execution Time: 39337.871 ms
(52 rows)

===== 9.sql jit=off =====
                                                                                 QUERY PLAN                                                                                 
----------------------------------------------------------------------------------------------------------------------------------------------------------------------------
 Limit  (cost=3449524.00..3449524.01 rows=1 width=90) (actual time=36403.042..36403.048 rows=1 loops=1)
   ->  Sort  (cost=3449524.00..3449674.38 rows=60150 width=90) (actual time=36403.041..36403.046 rows=1 loops=1)
         Sort Key: nation.n_name, (EXTRACT(year FROM orders.o_orderdate)) DESC
         Sort Method: top-N heapsort  Memory: 25kB
         ->  HashAggregate  (cost=3448321.00..3449223.25 rows=60150 width=90) (actual time=36401.815..36402.204 rows=175 loops=1)
               Group Key: nation.n_name, EXTRACT(year FROM orders.o_orderdate)
               Batches: 1  Memory Usage: 3217kB
               ->  Hash Join  (cost=1014554.57..3364723.26 rows=4777014 width=81) (actual time=6723.448..33572.886 rows=3248192 loops=1)
                     Hash Cond: (supplier.s_nationkey = nation.n_nationkey)
                     ->  Hash Join  (cost=1014553.01..3338113.72 rows=4777014 width=31) (actual time=6723.402..32562.696 rows=3248192 loops=1)
                           Hash Cond: (lineitem.l_orderkey = orders.o_orderkey)
                           ->  Hash Join  (cost=357511.77..2544621.82 rows=4777014 width=31) (actual time=2401.238..24371.261 rows=3248192 loops=1)
                                 Hash Cond: (lineitem.l_suppkey = supplier.s_suppkey)
                                 ->  Hash Join  (cost=353045.77..2527429.91 rows=4847762 width=35) (actual time=2373.008..22987.904 rows=3248192 loops=1)
                                       Hash Cond: ((lineitem.l_suppkey = partsupp.ps_suppkey) AND (lineitem.l_partkey = partsupp.ps_partkey))
                                       ->  Seq Scan on lineitem  (cost=0.00..1724450.68 rows=59990868 width=29) (actual time=0.044..8210.079 rows=59986052 loops=1)
                                       ->  Hash  (cost=343350.40..343350.40 rows=646358 width=18) (actual time=2370.720..2370.722 rows=433248 loops=1)
                                             Buckets: 1048576  Batches: 1  Memory Usage: 30193kB
                                             ->  Hash Join  (cost=67981.26..343350.40 rows=646358 width=18) (actual time=441.891..2260.352 rows=433248 loops=1)
                                                   Hash Cond: (partsupp.ps_partkey = part.p_partkey)
                                                   ->  Seq Scan on partsupp  (cost=0.00..254372.61 rows=7998661 width=14) (actual time=0.313..975.526 rows=8000000 loops=1)
                                                   ->  Hash  (cost=65961.12..65961.12 rows=161611 width=4) (actual time=440.966..440.966 rows=108312 loops=1)
                                                         Buckets: 262144  Batches: 1  Memory Usage: 5856kB
                                                         ->  Seq Scan on part  (cost=0.00..65961.12 rows=161611 width=4) (actual time=0.305..417.207 rows=108312 loops=1)
                                                               Filter: ((p_name)::text ~~ '%navy%'::text)
                                                               Rows Removed by Filter: 1891688
                                 ->  Hash  (cost=3216.00..3216.00 rows=100000 width=8) (actual time=27.943..27.943 rows=100000 loops=1)
                                       Buckets: 131072  Batches: 1  Memory Usage: 4931kB
                                       ->  Seq Scan on supplier  (cost=0.00..3216.00 rows=100000 width=8) (actual time=0.003..15.021 rows=100000 loops=1)
                           ->  Hash  (cost=410925.44..410925.44 rows=15001344 width=8) (actual time=4312.334..4312.334 rows=15000000 loops=1)
                                 Buckets: 4194304  Batches: 8  Memory Usage: 106038kB
                                 ->  Seq Scan on orders  (cost=0.00..410925.44 rows=15001344 width=8) (actual time=0.425..2387.803 rows=15000000 loops=1)
                     ->  Hash  (cost=1.25..1.25 rows=25 width=30) (actual time=0.031..0.031 rows=25 loops=1)
                           Buckets: 1024  Batches: 1  Memory Usage: 10kB
                           ->  Seq Scan on nation  (cost=0.00..1.25 rows=25 width=30) (actual time=0.015..0.019 rows=25 loops=1)
 Settings: jit = 'off', max_parallel_workers_per_gather = '0', work_mem = '128MB'
 Planning Time: 6.016 ms
 Execution Time: 36405.201 ms
(38 rows)

