===== 10.sql jit=on =====
                                                                                         QUERY PLAN                                                                                         
--------------------------------------------------------------------------------------------------------------------------------------------------------------------------------------------
 Limit  (cost=2381309.99..2381310.04 rows=20 width=201) (actual time=13307.771..13307.780 rows=20 loops=1)
   ->  Sort  (cost=2381309.99..2382717.95 rows=563184 width=201) (actual time=12887.465..12887.471 rows=20 loops=1)
         Sort Key: (sum((lineitem.l_extendedprice * ('1'::numeric - lineitem.l_discount)))) DESC
         Sort Method: top-N heapsort  Memory: 34kB
         ->  HashAggregate  (cost=2359284.06..2366323.86 rows=563184 width=201) (actual time=12544.198..12779.162 rows=381205 loops=1)
               Group Key: customer.c_custkey, nation.n_name
               Batches: 1  Memory Usage: 258065kB
               ->  Nested Loop  (cost=2251431.53..2352244.26 rows=563184 width=181) (actual time=10770.050..11800.542 rows=1145402 loops=1)
                     ->  Merge Join  (cost=2251431.38..2338422.41 rows=563184 width=159) (actual time=10770.009..11502.763 rows=1145402 loops=1)
                           Merge Cond: (customer.c_custkey = orders.o_custkey)
                           ->  Index Scan using customer_pkey on customer  (cost=0.43..74794.43 rows=1500000 width=147) (actual time=0.026..298.437 rows=1499997 loops=1)
                           ->  Sort  (cost=2251430.59..2252838.55 rows=563184 width=16) (actual time=10769.951..10918.430 rows=1145402 loops=1)
                                 Sort Key: orders.o_custkey
                                 Sort Method: quicksort  Memory: 129805kB
                                 ->  Hash Join  (cost=284407.79..2197637.38 rows=563184 width=16) (actual time=634.912..10398.174 rows=1145402 loops=1)
                                       Hash Cond: (lineitem.l_orderkey = orders.o_orderkey)
                                       ->  Seq Scan on lineitem  (cost=0.00..1874372.10 rows=14802846 width=16) (actual time=0.053..7819.502 rows=14808183 loops=1)
                                             Filter: (l_returnflag = 'R'::bpchar)
                                             Rows Removed by Filter: 45177869
                                       ->  Hash  (cost=277274.23..277274.23 rows=570685 width=8) (actual time=630.846..630.848 rows=573160 loops=1)
                                             Buckets: 1048576  Batches: 1  Memory Usage: 30582kB
                                             ->  Bitmap Heap Scan on orders  (cost=7801.96..277274.23 rows=570685 width=8) (actual time=121.899..523.356 rows=573160 loops=1)
                                                   Recheck Cond: ((o_orderdate >= '1994-08-01'::date) AND (o_orderdate < '1994-11-01'::date))
                                                   Heap Blocks: exact=233137
                                                   ->  Bitmap Index Scan on idx_orders_orderdate  (cost=0.00..7659.29 rows=570685 width=0) (actual time=65.439..65.439 rows=573160 loops=1)
                                                         Index Cond: ((o_orderdate >= '1994-08-01'::date) AND (o_orderdate < '1994-11-01'::date))
                     ->  Memoize  (cost=0.15..2.17 rows=1 width=30) (actual time=0.000..0.000 rows=1 loops=1145402)
                           Cache Key: customer.c_nationkey
                           Hits: 1145377  Misses: 25  Evictions: 0  Overflows: 0  Memory Usage: 4kB
                           ->  Index Scan using nation_pkey on nation  (cost=0.14..2.16 rows=1 width=30) (actual time=0.002..0.002 rows=1 loops=25)
                                 Index Cond: (n_nationkey = customer.c_nationkey)
 Settings: effective_io_concurrency = '64', maintenance_io_concurrency = '64', max_parallel_workers_per_gather = '0', work_mem = '256MB'
 Planning Time: 2.292 ms
 JIT:
   Functions: 38
   Options: Inlining true, Optimization true, Expressions true, Deforming true
   Timing: Generation 4.487 ms, Inlining 70.516 ms, Optimization 223.331 ms, Emission 126.082 ms, Total 424.417 ms
 Execution Time: 13371.835 ms
(38 rows)

===== 11.sql jit=on =====
                                                                             QUERY PLAN                                                                              
---------------------------------------------------------------------------------------------------------------------------------------------------------------------
 Limit  (cost=94747.14..94747.15 rows=1 width=36) (actual time=1105.396..1105.402 rows=0 loops=1)
   InitPlan 1 (returns $2)
     ->  Aggregate  (cost=44306.90..44306.91 rows=1 width=32) (actual time=366.347..366.350 rows=1 loops=1)
           ->  Nested Loop  (cost=47.72..41906.90 rows=320000 width=10) (actual time=0.733..284.931 rows=320800 loops=1)
                 ->  Nested Loop  (cost=47.29..2404.57 rows=4000 width=4) (actual time=0.724..4.268 rows=4010 loops=1)
                       ->  Seq Scan on nation nation_1  (cost=0.00..1.31 rows=1 width=4) (actual time=0.009..0.013 rows=1 loops=1)
                             Filter: (n_name = 'SAUDI ARABIA'::bpchar)
                             Rows Removed by Filter: 24
                       ->  Bitmap Heap Scan on supplier supplier_1  (cost=47.29..2363.25 rows=4000 width=8) (actual time=0.711..3.847 rows=4010 loops=1)
                             Recheck Cond: (s_nationkey = nation_1.n_nationkey)
                             Heap Blocks: exact=1857
                             ->  Bitmap Index Scan on idx_supplier_nation_key  (cost=0.00..46.29 rows=4000 width=0) (actual time=0.462..0.462 rows=4010 loops=1)
                                   Index Cond: (s_nationkey = nation_1.n_nationkey)
                 ->  Index Scan using idx_partsupp_suppkey on partsupp partsupp_1  (cost=0.43..9.08 rows=80 width=14) (actual time=0.003..0.062 rows=80 loops=4010)
                       Index Cond: (ps_suppkey = supplier_1.s_suppkey)
   ->  Sort  (cost=50440.23..50706.90 rows=106667 width=36) (actual time=1105.395..1105.397 rows=0 loops=1)
         Sort Key: (sum((partsupp.ps_supplycost * (partsupp.ps_availqty)::numeric))) DESC
         Sort Method: quicksort  Memory: 25kB
         ->  HashAggregate  (cost=45106.90..49906.90 rows=106667 width=36) (actual time=1105.362..1105.365 rows=0 loops=1)
               Group Key: partsupp.ps_partkey
               Filter: (sum((partsupp.ps_supplycost * (partsupp.ps_availqty)::numeric)) > $2)
               Batches: 1  Memory Usage: 135185kB
               Rows Removed by Filter: 301833
               ->  Nested Loop  (cost=47.72..41906.90 rows=320000 width=14) (actual time=0.923..365.215 rows=320800 loops=1)
                     ->  Nested Loop  (cost=47.29..2404.57 rows=4000 width=4) (actual time=0.895..6.138 rows=4010 loops=1)
                           ->  Seq Scan on nation  (cost=0.00..1.31 rows=1 width=4) (actual time=0.028..0.032 rows=1 loops=1)
                                 Filter: (n_name = 'SAUDI ARABIA'::bpchar)
                                 Rows Removed by Filter: 24
                           ->  Bitmap Heap Scan on supplier  (cost=47.29..2363.25 rows=4000 width=8) (actual time=0.863..5.528 rows=4010 loops=1)
                                 Recheck Cond: (s_nationkey = nation.n_nationkey)
                                 Heap Blocks: exact=1857
                                 ->  Bitmap Index Scan on idx_supplier_nation_key  (cost=0.00..46.29 rows=4000 width=0) (actual time=0.540..0.540 rows=4010 loops=1)
                                       Index Cond: (s_nationkey = nation.n_nationkey)
                     ->  Index Scan using idx_partsupp_suppkey on partsupp  (cost=0.43..9.08 rows=80 width=18) (actual time=0.004..0.081 rows=80 loops=4010)
                           Index Cond: (ps_suppkey = supplier.s_suppkey)
 Settings: effective_io_concurrency = '64', maintenance_io_concurrency = '64', max_parallel_workers_per_gather = '0', work_mem = '256MB'
 Planning Time: 1.606 ms
 Execution Time: 1119.588 ms
(38 rows)

===== 12.sql jit=on =====
                                                                                                                    QUERY PLAN                                                                                                                     
---------------------------------------------------------------------------------------------------------------------------------------------------------------------------------------------------------------------------------------------------
 Limit  (cost=3030206.76..3031028.76 rows=1 width=27) (actual time=15405.466..15405.469 rows=1 loops=1)
   ->  GroupAggregate  (cost=3030206.76..3035960.71 rows=7 width=27) (actual time=15067.828..15067.831 rows=1 loops=1)
         Group Key: lineitem.l_shipmode
         ->  Sort  (cost=3030206.76..3030926.00 rows=287694 width=27) (actual time=15033.337..15039.541 rows=155572 loops=1)
               Sort Key: lineitem.l_shipmode
               Sort Method: quicksort  Memory: 36606kB
               ->  Hash Join  (cost=2477832.35..3004121.29 rows=287694 width=27) (actual time=11332.170..14970.110 rows=311258 loops=1)
                     Hash Cond: (orders.o_orderkey = lineitem.l_orderkey)
                     ->  Seq Scan on orders  (cost=0.00..410912.00 rows=15000000 width=20) (actual time=0.027..915.764 rows=15000000 loops=1)
                     ->  Hash  (cost=2474236.18..2474236.18 rows=287694 width=15) (actual time=11330.161..11330.162 rows=311258 loops=1)
                           Buckets: 524288  Batches: 1  Memory Usage: 18687kB
                           ->  Seq Scan on lineitem  (cost=0.00..2474236.18 rows=287694 width=15) (actual time=0.129..11254.421 rows=311258 loops=1)
                                 Filter: ((l_shipmode = ANY ('{SHIP,"REG AIR"}'::bpchar[])) AND (l_commitdate < l_receiptdate) AND (l_shipdate < l_commitdate) AND (l_receiptdate >= '1994-01-01'::date) AND (l_receiptdate < '1995-01-01'::date))
                                 Rows Removed by Filter: 59674794
 Settings: effective_io_concurrency = '64', maintenance_io_concurrency = '64', max_parallel_workers_per_gather = '0', work_mem = '256MB'
 Planning Time: 1.422 ms
 JIT:
   Functions: 19
   Options: Inlining true, Optimization true, Expressions true, Deforming true
   Timing: Generation 2.618 ms, Inlining 57.395 ms, Optimization 177.047 ms, Emission 102.884 ms, Total 339.943 ms
 Execution Time: 15444.932 ms
(21 rows)

===== 13.sql jit=on =====
                                                                                    QUERY PLAN                                                                                     
-----------------------------------------------------------------------------------------------------------------------------------------------------------------------------------
 Limit  (cost=656745.18..656745.18 rows=1 width=16) (actual time=15097.739..15097.743 rows=1 loops=1)
   ->  Sort  (cost=656745.18..656745.68 rows=200 width=16) (actual time=14885.502..14885.505 rows=1 loops=1)
         Sort Key: (count(*)) DESC, (count(orders.o_orderkey)) DESC
         Sort Method: top-N heapsort  Memory: 25kB
         ->  HashAggregate  (cost=656742.18..656744.18 rows=200 width=16) (actual time=14885.451..14885.459 rows=46 loops=1)
               Group Key: count(orders.o_orderkey)
               Batches: 1  Memory Usage: 40kB
               ->  HashAggregate  (cost=619242.18..634242.18 rows=1500000 width=12) (actual time=14477.332..14751.257 rows=1500000 loops=1)
                     Group Key: customer.c_custkey
                     Batches: 1  Memory Usage: 172049kB
                     ->  Hash Right Join  (cost=57714.43..545067.99 rows=14834838 width=8) (actual time=351.184..10078.299 rows=15337604 loops=1)
                           Hash Cond: (orders.o_custkey = customer.c_custkey)
                           ->  Seq Scan on orders  (cost=0.00..448412.00 rows=14834838 width=8) (actual time=0.035..4882.407 rows=14837583 loops=1)
                                 Filter: ((o_comment)::text !~~ '%special%requests%'::text)
                                 Rows Removed by Filter: 162417
                           ->  Hash  (cost=38964.43..38964.43 rows=1500000 width=4) (actual time=343.464..343.465 rows=1500000 loops=1)
                                 Buckets: 2097152  Batches: 1  Memory Usage: 69119kB
                                 ->  Index Only Scan using customer_pkey on customer  (cost=0.43..38964.43 rows=1500000 width=4) (actual time=0.020..121.975 rows=1500000 loops=1)
                                       Heap Fetches: 0
 Settings: effective_io_concurrency = '64', maintenance_io_concurrency = '64', max_parallel_workers_per_gather = '0', work_mem = '256MB'
 Planning Time: 1.388 ms
 JIT:
   Functions: 22
   Options: Inlining true, Optimization true, Expressions true, Deforming true
   Timing: Generation 2.723 ms, Inlining 56.695 ms, Optimization 102.278 ms, Emission 53.028 ms, Total 214.724 ms
 Execution Time: 15166.848 ms
(26 rows)

===== 14.sql jit=on =====
                                                                            QUERY PLAN                                                                            
------------------------------------------------------------------------------------------------------------------------------------------------------------------
 Limit  (cost=1205196.58..1205196.60 rows=1 width=32) (actual time=2461.366..2461.369 rows=1 loops=1)
   ->  Aggregate  (cost=1205196.58..1205196.60 rows=1 width=32) (actual time=2182.322..2182.324 rows=1 loops=1)
         ->  Hash Join  (cost=106101.61..1191471.38 rows=784297 width=33) (actual time=934.808..1894.202 rows=772942 loops=1)
               Hash Cond: (lineitem.l_partkey = part.p_partkey)
               ->  Bitmap Heap Scan on lineitem  (cost=20139.61..1103450.60 rows=784297 width=16) (actual time=258.764..921.330 rows=772942 loops=1)
                     Recheck Cond: ((l_shipdate >= '1994-05-01'::date) AND (l_shipdate < '1994-06-01'::date))
                     Heap Blocks: exact=416660
                     ->  Bitmap Index Scan on idx_lineitem_shipdate  (cost=0.00..19943.53 rows=784297 width=0) (actual time=144.219..144.219 rows=772942 loops=1)
                           Index Cond: ((l_shipdate >= '1994-05-01'::date) AND (l_shipdate < '1994-06-01'::date))
               ->  Hash  (cost=60962.00..60962.00 rows=2000000 width=25) (actual time=668.210..668.211 rows=2000000 loops=1)
                     Buckets: 2097152  Batches: 1  Memory Usage: 131903kB
                     ->  Seq Scan on part  (cost=0.00..60962.00 rows=2000000 width=25) (actual time=0.032..282.579 rows=2000000 loops=1)
 Settings: effective_io_concurrency = '64', maintenance_io_concurrency = '64', max_parallel_workers_per_gather = '0', work_mem = '256MB'
 Planning Time: 1.285 ms
 JIT:
   Functions: 16
   Options: Inlining true, Optimization true, Expressions true, Deforming true
   Timing: Generation 2.172 ms, Inlining 69.389 ms, Optimization 132.054 ms, Emission 77.282 ms, Total 280.897 ms
 Execution Time: 2504.222 ms
(19 rows)

===== 15.sql jit=on =====
                                                                       QUERY PLAN                                                                       
--------------------------------------------------------------------------------------------------------------------------------------------------------
 HashAggregate  (cost=1238965.77..1240213.95 rows=99854 width=36) (actual time=3395.029..3438.415 rows=100000 loops=1)
   Group Key: l_suppkey
   Batches: 1  Memory Usage: 47121kB
   ->  Bitmap Heap Scan on lineitem  (cost=57973.27..1216385.57 rows=2258020 width=16) (actual time=522.031..1800.883 rows=2265714 loops=1)
         Recheck Cond: ((l_shipdate >= '1996-01-01'::date) AND (l_shipdate < '1996-04-01'::date))
         Heap Blocks: exact=668609
         ->  Bitmap Index Scan on idx_lineitem_shipdate  (cost=0.00..57408.76 rows=2258020 width=0) (actual time=338.707..338.707 rows=2265714 loops=1)
               Index Cond: ((l_shipdate >= '1996-01-01'::date) AND (l_shipdate < '1996-04-01'::date))
 Settings: effective_io_concurrency = '64', maintenance_io_concurrency = '64', max_parallel_workers_per_gather = '0', work_mem = '256MB'
 Planning Time: 0.826 ms
 JIT:
   Functions: 9
   Options: Inlining true, Optimization true, Expressions true, Deforming true
   Timing: Generation 1.411 ms, Inlining 56.865 ms, Optimization 91.000 ms, Emission 50.974 ms, Total 200.251 ms
 Execution Time: 3482.812 ms
(15 rows)

CREATE VIEW
                                                                                   QUERY PLAN                                                                                   
--------------------------------------------------------------------------------------------------------------------------------------------------------------------------------
 Limit  (cost=2481953.35..2481963.54 rows=1 width=103) (actual time=6283.332..6283.336 rows=1 loops=1)
   InitPlan 1 (returns $0)
     ->  Aggregate  (cost=1241462.12..1241462.13 rows=1 width=32) (actual time=2945.176..2945.177 rows=1 loops=1)
           ->  HashAggregate  (cost=1238965.77..1240213.95 rows=99854 width=36) (actual time=2896.238..2939.620 rows=100000 loops=1)
                 Group Key: lineitem_1.l_suppkey
                 Batches: 1  Memory Usage: 47121kB
                 ->  Bitmap Heap Scan on lineitem lineitem_1  (cost=57973.27..1216385.57 rows=2258020 width=16) (actual time=469.385..1540.785 rows=2265714 loops=1)
                       Recheck Cond: ((l_shipdate >= '1996-01-01'::date) AND (l_shipdate < '1996-04-01'::date))
                       Heap Blocks: exact=668609
                       ->  Bitmap Index Scan on idx_lineitem_shipdate  (cost=0.00..57408.76 rows=2258020 width=0) (actual time=286.371..286.371 rows=2265714 loops=1)
                             Index Cond: ((l_shipdate >= '1996-01-01'::date) AND (l_shipdate < '1996-04-01'::date))
   ->  Merge Join  (cost=1240491.22..1245574.87 rows=499 width=103) (actual time=5892.374..5892.376 rows=1 loops=1)
         Merge Cond: (supplier.s_suppkey = revenue0.supplier_no)
         ->  Index Scan using supplier_pkey on supplier  (cost=0.29..4826.45 rows=100000 width=71) (actual time=0.017..11.476 rows=69998 loops=1)
         ->  Sort  (cost=1240490.93..1240492.18 rows=499 width=36) (actual time=5877.618..5877.620 rows=1 loops=1)
               Sort Key: revenue0.supplier_no
               Sort Method: quicksort  Memory: 25kB
               ->  Subquery Scan on revenue0  (cost=1238965.77..1240468.57 rows=499 width=36) (actual time=5846.095..5877.612 rows=1 loops=1)
                     ->  HashAggregate  (cost=1238965.77..1240463.58 rows=499 width=36) (actual time=5846.093..5877.609 rows=1 loops=1)
                           Group Key: lineitem.l_suppkey
                           Filter: (sum((lineitem.l_extendedprice * ('1'::numeric - lineitem.l_discount))) = $0)
                           Batches: 1  Memory Usage: 47121kB
                           Rows Removed by Filter: 99999
                           ->  Bitmap Heap Scan on lineitem  (cost=57973.27..1216385.57 rows=2258020 width=16) (actual time=456.259..1526.612 rows=2265714 loops=1)
                                 Recheck Cond: ((l_shipdate >= '1996-01-01'::date) AND (l_shipdate < '1996-04-01'::date))
                                 Heap Blocks: exact=668609
                                 ->  Bitmap Index Scan on idx_lineitem_shipdate  (cost=0.00..57408.76 rows=2258020 width=0) (actual time=275.745..275.745 rows=2265714 loops=1)
                                       Index Cond: ((l_shipdate >= '1996-01-01'::date) AND (l_shipdate < '1996-04-01'::date))
 Settings: effective_io_concurrency = '64', maintenance_io_concurrency = '64', max_parallel_workers_per_gather = '0', work_mem = '256MB'
 Planning Time: 0.500 ms
 JIT:
   Functions: 30
   Options: Inlining true, Optimization true, Expressions true, Deforming true
   Timing: Generation 3.550 ms, Inlining 14.464 ms, Optimization 239.034 ms, Emission 137.123 ms, Total 394.171 ms
 Execution Time: 6297.090 ms
(35 rows)

DROP VIEW
===== 16.sql jit=on =====
                                                                                         QUERY PLAN                                                                                         
--------------------------------------------------------------------------------------------------------------------------------------------------------------------------------------------
 Limit  (cost=402878.70..402878.70 rows=1 width=44) (actual time=6030.723..6030.728 rows=1 loops=1)
   ->  Sort  (cost=402878.70..403262.62 rows=153570 width=44) (actual time=6010.173..6010.177 rows=1 loops=1)
         Sort Key: (count(DISTINCT partsupp.ps_suppkey)) DESC, part.p_brand, part.p_type, part.p_size
         Sort Method: top-N heapsort  Memory: 25kB
         ->  GroupAggregate  (cost=393171.05..402110.85 rows=153570 width=44) (actual time=5597.579..6005.820 rows=27838 loops=1)
               Group Key: part.p_brand, part.p_type, part.p_size
               ->  Sort  (cost=393171.05..394651.87 rows=592328 width=40) (actual time=5597.522..5700.191 rows=1186319 loops=1)
                     Sort Key: part.p_brand, part.p_type, part.p_size
                     Sort Method: quicksort  Memory: 141834kB
                     ->  Hash Join  (cost=98130.51..336378.53 rows=592328 width=40) (actual time=606.423..2780.351 rows=1186319 loops=1)
                           Hash Cond: (partsupp.ps_partkey = part.p_partkey)
                           ->  Index Only Scan using partsupp_pkey on partsupp  (cost=3466.46..231214.46 rows=4000000 width=8) (actual time=31.411..1371.139 rows=7995520 loops=1)
                                 Filter: (NOT (hashed SubPlan 1))
                                 Rows Removed by Filter: 4480
                                 Heap Fetches: 0
                                 SubPlan 1
                                   ->  Seq Scan on supplier  (cost=0.00..3466.00 rows=10 width=4) (actual time=4.091..30.771 rows=56 loops=1)
                                         Filter: ((s_comment)::text ~~ '%Customer%Complaints%'::text)
                                         Rows Removed by Filter: 99944
                           ->  Hash  (cost=90962.00..90962.00 rows=296164 width=40) (actual time=573.037..573.039 rows=296733 loops=1)
                                 Buckets: 524288  Batches: 1  Memory Usage: 25593kB
                                 ->  Seq Scan on part  (cost=0.00..90962.00 rows=296164 width=40) (actual time=0.018..504.200 rows=296733 loops=1)
                                       Filter: ((p_brand <> 'Brand#12'::bpchar) AND ((p_type)::text !~~ 'SMALL BRUSHED%'::text) AND (p_size = ANY ('{12,32,36,26,40,34,49,9}'::integer[])))
                                       Rows Removed by Filter: 1703267
 Settings: effective_io_concurrency = '64', maintenance_io_concurrency = '64', max_parallel_workers_per_gather = '0', work_mem = '256MB'
 Planning Time: 1.628 ms
 JIT:
   Functions: 32
   Options: Inlining false, Optimization false, Expressions true, Deforming true
   Timing: Generation 3.605 ms, Inlining 0.000 ms, Optimization 1.038 ms, Emission 23.138 ms, Total 27.781 ms
 Execution Time: 6076.426 ms
(31 rows)

===== 17-flattened.sql jit=on =====
                                                               QUERY PLAN                                                                
-----------------------------------------------------------------------------------------------------------------------------------------
 HashAggregate  (cost=5567285.34..6182079.63 rows=1932635 width=36) (actual time=34880.797..54509.758 rows=2000000 loops=1)
   Group Key: l_partkey
   Planned Partitions: 4  Batches: 5  Memory Usage: 262193kB  Disk Usage: 1517688kB
   ->  Seq Scan on lineitem  (cost=0.00..1724406.08 rows=59986408 width=9) (actual time=0.046..5334.067 rows=59986052 loops=1)
 Settings: effective_io_concurrency = '64', maintenance_io_concurrency = '64', max_parallel_workers_per_gather = '0', work_mem = '256MB'
 Planning Time: 0.705 ms
 JIT:
   Functions: 11
   Options: Inlining true, Optimization true, Expressions true, Deforming true
   Timing: Generation 2.019 ms, Inlining 79.546 ms, Optimization 95.850 ms, Emission 51.626 ms, Total 229.041 ms
 Execution Time: 54758.301 ms
(11 rows)

SELECT 2000000
CREATE INDEX
ANALYZE
                                                                                 QUERY PLAN                                                                                 
----------------------------------------------------------------------------------------------------------------------------------------------------------------------------
 Limit  (cost=235075.48..235075.50 rows=1 width=32) (actual time=398.502..398.504 rows=1 loops=1)
   ->  Aggregate  (cost=235075.48..235075.50 rows=1 width=32) (actual time=383.331..383.332 rows=1 loops=1)
         ->  Nested Loop  (cost=0.87..235026.32 rows=19666 width=8) (actual time=0.155..382.717 rows=5319 loops=1)
               Join Filter: (part.p_partkey = lineitem.l_partkey)
               ->  Nested Loop  (cost=0.43..85820.99 rows=1967 width=21) (actual time=0.137..315.685 rows=1996 loops=1)
                     ->  Seq Scan on part  (cost=0.00..70962.00 rows=1967 width=4) (actual time=0.118..300.206 rows=1996 loops=1)
                           Filter: ((p_brand = 'Brand#22'::bpchar) AND (p_container = 'LG BOX'::bpchar))
                           Rows Removed by Filter: 1998004
                     ->  Index Scan using idx_tmp_avg_quantity on tmp_avg_quantity part_agg  (cost=0.43..7.54 rows=1 width=17) (actual time=0.007..0.007 rows=1 loops=1996)
                           Index Cond: (agg_partkey = part.p_partkey)
               ->  Index Scan using idx_lineitem_part_supp on lineitem  (cost=0.44..75.73 rows=10 width=17) (actual time=0.013..0.033 rows=3 loops=1996)
                     Index Cond: (l_partkey = part_agg.agg_partkey)
                     Filter: (l_quantity < part_agg.avg_quantity)
                     Rows Removed by Filter: 27
 Settings: effective_io_concurrency = '64', maintenance_io_concurrency = '64', max_parallel_workers_per_gather = '0', work_mem = '256MB'
 Planning Time: 0.843 ms
 JIT:
   Functions: 20
   Options: Inlining false, Optimization false, Expressions true, Deforming true
   Timing: Generation 2.470 ms, Inlining 0.000 ms, Optimization 0.728 ms, Emission 14.195 ms, Total 17.393 ms
 Execution Time: 401.054 ms
(21 rows)

DROP TABLE
===== 17.sql jit=on =====
                                                                            QUERY PLAN                                                                            
------------------------------------------------------------------------------------------------------------------------------------------------------------------
 Limit  (cost=6420730.08..6420730.09 rows=1 width=32) (actual time=55271.590..55271.594 rows=1 loops=1)
   ->  Aggregate  (cost=6420730.08..6420730.09 rows=1 width=32) (actual time=54960.725..54960.727 rows=1 loops=1)
         ->  Nested Loop  (cost=5638272.37..6420682.57 rows=19003 width=8) (actual time=35158.868..54959.996 rows=5319 loops=1)
               Join Filter: (part.p_partkey = lineitem.l_partkey)
               ->  Hash Join  (cost=5638271.93..6277465.75 rows=1901 width=40) (actual time=35157.024..54885.544 rows=1996 loops=1)
                     Hash Cond: (lineitem_1.l_partkey = part.p_partkey)
                     ->  HashAggregate  (cost=5567285.34..6182079.63 rows=1932635 width=36) (actual time=34862.258..54417.572 rows=2000000 loops=1)
                           Group Key: lineitem_1.l_partkey
                           Planned Partitions: 4  Batches: 5  Memory Usage: 262193kB  Disk Usage: 1517688kB
                           ->  Seq Scan on lineitem lineitem_1  (cost=0.00..1724406.08 rows=59986408 width=9) (actual time=0.019..5342.539 rows=59986052 loops=1)
                     ->  Hash  (cost=70962.00..70962.00 rows=1967 width=4) (actual time=294.692..294.693 rows=1996 loops=1)
                           Buckets: 2048  Batches: 1  Memory Usage: 87kB
                           ->  Seq Scan on part  (cost=0.00..70962.00 rows=1967 width=4) (actual time=0.170..294.345 rows=1996 loops=1)
                                 Filter: ((p_brand = 'Brand#22'::bpchar) AND (p_container = 'LG BOX'::bpchar))
                                 Rows Removed by Filter: 1998004
               ->  Index Scan using idx_lineitem_part_supp on lineitem  (cost=0.44..75.21 rows=10 width=17) (actual time=0.015..0.037 rows=3 loops=1996)
                     Index Cond: (l_partkey = lineitem_1.l_partkey)
                     Filter: (l_quantity < ((0.2 * avg(lineitem_1.l_quantity))))
                     Rows Removed by Filter: 27
 Settings: effective_io_concurrency = '64', maintenance_io_concurrency = '64', max_parallel_workers_per_gather = '0', work_mem = '256MB'
 Planning Time: 1.625 ms
 JIT:
   Functions: 33
   Options: Inlining true, Optimization true, Expressions true, Deforming true
   Timing: Generation 4.319 ms, Inlining 87.044 ms, Optimization 201.178 ms, Emission 111.375 ms, Total 403.916 ms
 Execution Time: 55469.119 ms
(26 rows)

===== 18.sql jit=on =====
                                                                                                 QUERY PLAN                                                                                                  
-------------------------------------------------------------------------------------------------------------------------------------------------------------------------------------------------------------
 Limit  (cost=9939239.73..9939239.98 rows=100 width=71) (actual time=40600.938..40600.951 rows=99 loops=1)
   ->  Sort  (cost=9939239.73..9989217.07 rows=19990938 width=71) (actual time=40292.257..40292.264 rows=99 loops=1)
         Sort Key: orders.o_totalprice DESC, orders.o_orderdate
         Sort Method: quicksort  Memory: 32kB
         ->  HashAggregate  (cost=8573910.52..9175200.45 rows=19990938 width=71) (actual time=40289.239..40292.148 rows=99 loops=1)
               Group Key: customer.c_custkey, orders.o_orderkey
               Planned Partitions: 32  Batches: 1  Memory Usage: 24657kB
               ->  Hash Join  (cost=69584.55..6618546.90 rows=19990938 width=44) (actual time=1527.962..40288.669 rows=693 loops=1)
                     Hash Cond: (orders.o_custkey = customer.c_custkey)
                     ->  Merge Join  (cost=7.55..6496493.54 rows=19990938 width=25) (actual time=890.705..39651.147 rows=693 loops=1)
                           Merge Cond: (orders.o_orderkey = lineitem.l_orderkey)
                           ->  Merge Join  (cost=1.00..3729732.70 rows=4998867 width=24) (actual time=629.384..27908.428 rows=99 loops=1)
                                 Merge Cond: (orders.o_orderkey = lineitem_1.l_orderkey)
                                 ->  Index Scan using orders_pkey on orders  (cost=0.43..650439.44 rows=15000000 width=20) (actual time=0.035..3153.027 rows=14982724 loops=1)
                                 ->  GroupAggregate  (cost=0.56..2929318.75 rows=4998867 width=4) (actual time=540.296..24039.040 rows=99 loops=1)
                                       Group Key: lineitem_1.l_orderkey
                                       Filter: (sum(lineitem_1.l_quantity) > '313'::numeric)
                                       Rows Removed by Filter: 14999901
                                       ->  Index Scan using idx_lineitem_orderkey on lineitem lineitem_1  (cost=0.56..2404437.69 rows=59986408 width=9) (actual time=0.063..12933.595 rows=59986052 loops=1)
                           ->  Index Scan using idx_lineitem_orderkey on lineitem  (cost=0.56..2404437.69 rows=59986408 width=9) (actual time=0.017..8937.325 rows=59916431 loops=1)
                     ->  Hash  (cost=50827.00..50827.00 rows=1500000 width=23) (actual time=629.521..629.522 rows=1500000 loops=1)
                           Buckets: 2097152  Batches: 1  Memory Usage: 98416kB
                           ->  Seq Scan on customer  (cost=0.00..50827.00 rows=1500000 width=23) (actual time=0.026..335.917 rows=1500000 loops=1)
 Settings: effective_io_concurrency = '64', maintenance_io_concurrency = '64', max_parallel_workers_per_gather = '0', work_mem = '256MB'
 Planning Time: 2.480 ms
 JIT:
   Functions: 30
   Options: Inlining true, Optimization true, Expressions true, Deforming true
   Timing: Generation 3.233 ms, Inlining 64.615 ms, Optimization 156.335 ms, Emission 87.425 ms, Total 311.608 ms
 Execution Time: 40656.012 ms
(30 rows)

===== 19.sql jit=on =====
                                                                                                                                                                                                                                                                                                                                                                                                                                                                                                            QUERY PLAN                                                                                                                                                                                                                                                                                                                                                                                                                                                                                                            
----------------------------------------------------------------------------------------------------------------------------------------------------------------------------------------------------------------------------------------------------------------------------------------------------------------------------------------------------------------------------------------------------------------------------------------------------------------------------------------------------------------------------------------------------------------------------------------------------------------------------------------------------------------------------------------------------------------------------------------------------------------------------------------------------------------------------------------------------------------------------------------------------------------------------------------------------------------------------------------------------------------------------------
 Limit  (cost=709503.97..709503.98 rows=1 width=32) (actual time=1191.969..1191.970 rows=1 loops=1)
   ->  Aggregate  (cost=709503.97..709503.98 rows=1 width=32) (actual time=867.697..867.698 rows=1 loops=1)
         ->  Nested Loop  (cost=0.44..709495.65 rows=1109 width=12) (actual time=4.175..867.159 rows=1063 loops=1)
               ->  Seq Scan on part  (cost=0.00..125962.00 rows=4733 width=30) (actual time=0.277..442.499 rows=4781 loops=1)
                     Filter: ((p_size >= 1) AND (((p_brand = 'Brand#24'::bpchar) AND (p_container = ANY ('{"SM CASE","SM BOX","SM PACK","SM PKG"}'::bpchar[])) AND (p_size <= 5)) OR ((p_brand = 'Brand#43'::bpchar) AND (p_container = ANY ('{"MED BAG","MED BOX","MED PKG","MED PACK"}'::bpchar[])) AND (p_size <= 10)) OR ((p_brand = 'Brand#44'::bpchar) AND (p_container = ANY ('{"LG CASE","LG BOX","LG PACK","LG PKG"}'::bpchar[])) AND (p_size <= 15))))
                     Rows Removed by Filter: 1995219
               ->  Index Scan using idx_lineitem_part_supp on lineitem  (cost=0.44..123.28 rows=1 width=21) (actual time=0.079..0.088 rows=0 loops=4781)
                     Index Cond: (l_partkey = part.p_partkey)
                     Filter: ((l_shipmode = ANY ('{AIR,"AIR REG"}'::bpchar[])) AND (l_shipinstruct = 'DELIVER IN PERSON'::bpchar) AND (((l_quantity >= '10'::numeric) AND (l_quantity <= '20'::numeric)) OR ((l_quantity >= '10'::numeric) AND (l_quantity <= '20'::numeric)) OR ((l_quantity >= '20'::numeric) AND (l_quantity <= '30'::numeric))) AND (((part.p_brand = 'Brand#24'::bpchar) AND (part.p_container = ANY ('{"SM CASE","SM BOX","SM PACK","SM PKG"}'::bpchar[])) AND (l_quantity >= '10'::numeric) AND (l_quantity <= '20'::numeric) AND (part.p_size <= 5)) OR ((part.p_brand = 'Brand#43'::bpchar) AND (part.p_container = ANY ('{"MED BAG","MED BOX","MED PKG","MED PACK"}'::bpchar[])) AND (l_quantity >= '10'::numeric) AND (l_quantity <= '20'::numeric) AND (part.p_size <= 10)) OR ((part.p_brand = 'Brand#44'::bpchar) AND (part.p_container = ANY ('{"LG CASE","LG BOX","LG PACK","LG PKG"}'::bpchar[])) AND (l_quantity >= '20'::numeric) AND (l_quantity <= '30'::numeric) AND (part.p_size <= 15))))
                     Rows Removed by Filter: 30
 Settings: effective_io_concurrency = '64', maintenance_io_concurrency = '64', max_parallel_workers_per_gather = '0', work_mem = '256MB'
 Planning Time: 1.567 ms
 JIT:
   Functions: 12
   Options: Inlining true, Optimization true, Expressions true, Deforming true
   Timing: Generation 2.457 ms, Inlining 71.829 ms, Optimization 150.916 ms, Emission 101.203 ms, Total 326.405 ms
 Execution Time: 1229.603 ms
(17 rows)

===== 1.sql jit=on =====
                                                                 QUERY PLAN                                                                 
--------------------------------------------------------------------------------------------------------------------------------------------
 Limit  (cost=3948954.84..3948954.84 rows=1 width=236) (actual time=65170.457..65170.458 rows=1 loops=1)
   ->  Sort  (cost=3948954.84..3948954.85 rows=6 width=236) (actual time=64867.648..64867.649 rows=1 loops=1)
         Sort Key: l_returnflag, l_linestatus
         Sort Method: top-N heapsort  Memory: 25kB
         ->  HashAggregate  (cost=3948954.65..3948954.81 rows=6 width=236) (actual time=64867.587..64867.595 rows=4 loops=1)
               Group Key: l_returnflag, l_linestatus
               Batches: 1  Memory Usage: 32kB
               ->  Seq Scan on lineitem  (cost=0.00..1874372.10 rows=59273787 width=25) (actual time=0.064..9573.773 rows=59284448 loops=1)
                     Filter: (l_shipdate <= '1998-09-10 00:00:00'::timestamp without time zone)
                     Rows Removed by Filter: 701604
 Settings: effective_io_concurrency = '64', maintenance_io_concurrency = '64', max_parallel_workers_per_gather = '0', work_mem = '256MB'
 Planning Time: 0.886 ms
 JIT:
   Functions: 10
   Options: Inlining true, Optimization true, Expressions true, Deforming true
   Timing: Generation 1.830 ms, Inlining 68.938 ms, Optimization 145.414 ms, Emission 88.148 ms, Total 304.330 ms
 Execution Time: 65206.964 ms
(17 rows)

===== 20-flattened.sql jit=on =====
                                                                        QUERY PLAN                                                                         
-----------------------------------------------------------------------------------------------------------------------------------------------------------
 HashAggregate  (cost=2099279.71..2260626.98 rows=4838732 width=40) (actual time=14045.173..20932.125 rows=5448842 loops=1)
   Group Key: l_partkey, l_suppkey
   Planned Partitions: 8  Batches: 41  Memory Usage: 262225kB  Disk Usage: 318560kB
   ->  Bitmap Heap Scan on lineitem  (cost=233361.66..1494248.68 rows=9089668 width=13) (actual time=1632.200..9096.557 rows=9123688 loops=1)
         Recheck Cond: ((l_shipdate >= '1996-01-01'::date) AND (l_shipdate < '1997-01-01'::date))
         Heap Blocks: exact=1048319
         ->  Bitmap Index Scan on idx_lineitem_shipdate  (cost=0.00..231089.24 rows=9089668 width=0) (actual time=1307.033..1307.034 rows=9123688 loops=1)
               Index Cond: ((l_shipdate >= '1996-01-01'::date) AND (l_shipdate < '1997-01-01'::date))
 Settings: effective_io_concurrency = '64', maintenance_io_concurrency = '64', max_parallel_workers_per_gather = '0', work_mem = '256MB'
 Planning Time: 1.119 ms
 JIT:
   Functions: 13
   Options: Inlining true, Optimization true, Expressions true, Deforming true
   Timing: Generation 2.470 ms, Inlining 72.295 ms, Optimization 139.931 ms, Emission 79.786 ms, Total 294.483 ms
 Execution Time: 21173.429 ms
(15 rows)

SELECT 5448842
CREATE INDEX
ANALYZE
                                                                                   QUERY PLAN                                                                                   
--------------------------------------------------------------------------------------------------------------------------------------------------------------------------------
 Limit  (cost=87554.54..87554.54 rows=1 width=51) (actual time=1389.329..1389.332 rows=1 loops=1)
   ->  Sort  (cost=87554.54..87554.54 rows=1 width=51) (actual time=1389.328..1389.330 rows=1 loops=1)
         Sort Key: supplier.s_name
         Sort Method: top-N heapsort  Memory: 25kB
         ->  Nested Loop Semi Join  (cost=48.59..87554.53 rows=1 width=51) (actual time=0.873..1387.591 rows=1821 loops=1)
               ->  Nested Loop  (cost=47.29..2404.57 rows=4000 width=55) (actual time=0.610..12.796 rows=4095 loops=1)
                     ->  Seq Scan on nation  (cost=0.00..1.31 rows=1 width=4) (actual time=0.019..0.023 rows=1 loops=1)
                           Filter: (n_name = 'IRAQ'::bpchar)
                           Rows Removed by Filter: 24
                     ->  Bitmap Heap Scan on supplier  (cost=47.29..2363.25 rows=4000 width=59) (actual time=0.585..11.875 rows=4095 loops=1)
                           Recheck Cond: (s_nationkey = nation.n_nationkey)
                           Heap Blocks: exact=1867
                           ->  Bitmap Index Scan on idx_supplier_nation_key  (cost=0.00..46.29 rows=4000 width=0) (actual time=0.331..0.332 rows=4095 loops=1)
                                 Index Cond: (s_nationkey = nation.n_nationkey)
               ->  Nested Loop  (cost=1.30..21.28 rows=1 width=8) (actual time=0.335..0.335 rows=0 loops=4095)
                     Join Filter: (supplier.s_suppkey = agg_lineitem.agg_suppkey)
                     ->  Nested Loop  (cost=0.87..20.79 rows=1 width=16) (actual time=0.288..0.329 rows=1 loops=4095)
                           ->  Index Scan using idx_partsupp_suppkey on partsupp  (cost=0.43..9.08 rows=80 width=12) (actual time=0.007..0.143 rows=61 loops=4095)
                                 Index Cond: (ps_suppkey = supplier.s_suppkey)
                           ->  Memoize  (cost=0.44..0.48 rows=1 width=4) (actual time=0.003..0.003 rows=0 loops=248000)
                                 Cache Key: partsupp.ps_partkey
                                 Hits: 11702  Misses: 236298  Evictions: 0  Overflows: 0  Memory Usage: 15783kB
                                 ->  Index Scan using part_pkey on part  (cost=0.43..0.47 rows=1 width=4) (actual time=0.003..0.003 rows=0 loops=236298)
                                       Index Cond: (p_partkey = partsupp.ps_partkey)
                                       Filter: ((p_name)::text ~~ 'olive%'::text)
                                       Rows Removed by Filter: 1
                     ->  Index Scan using idx_tmp_agg_lineitem on tmp_agg_lineitem agg_lineitem  (cost=0.43..0.48 rows=1 width=13) (actual time=0.008..0.008 rows=1 loops=2732)
                           Index Cond: ((agg_partkey = partsupp.ps_partkey) AND (agg_suppkey = partsupp.ps_suppkey))
                           Filter: ((partsupp.ps_availqty)::numeric > agg_quantity)
                           Rows Removed by Filter: 0
 Settings: effective_io_concurrency = '64', maintenance_io_concurrency = '64', max_parallel_workers_per_gather = '0', work_mem = '256MB'
 Planning Time: 1.759 ms
 Execution Time: 1405.260 ms
(33 rows)

DROP TABLE
===== 20.sql jit=on =====
                                                                                          QUERY PLAN                                                                                           
-----------------------------------------------------------------------------------------------------------------------------------------------------------------------------------------------
 Limit  (cost=2426035.33..2426035.33 rows=1 width=51) (actual time=35636.905..35636.910 rows=1 loops=1)
   ->  Sort  (cost=2426035.33..2426035.33 rows=1 width=51) (actual time=35216.843..35216.848 rows=1 loops=1)
         Sort Key: supplier.s_name
         Sort Method: top-N heapsort  Memory: 25kB
         ->  Nested Loop Semi Join  (cost=2165517.42..2426035.32 rows=1 width=51) (actual time=16241.800..35215.127 rows=1821 loops=1)
               Join Filter: (supplier.s_suppkey = lineitem.l_suppkey)
               Rows Removed by Join Filter: 182645835
               ->  Nested Loop  (cost=0.00..4467.31 rows=4000 width=55) (actual time=0.042..21.672 rows=4095 loops=1)
                     Join Filter: (supplier.s_nationkey = nation.n_nationkey)
                     Rows Removed by Join Filter: 95905
                     ->  Seq Scan on nation  (cost=0.00..1.31 rows=1 width=4) (actual time=0.022..0.026 rows=1 loops=1)
                           Filter: (n_name = 'IRAQ'::bpchar)
                           Rows Removed by Filter: 24
                     ->  Seq Scan on supplier  (cost=0.00..3216.00 rows=100000 width=59) (actual time=0.014..15.475 rows=100000 loops=1)
               ->  Materialize  (cost=2165517.42..2421508.01 rows=1 width=8) (actual time=3.466..6.833 rows=44603 loops=4095)
                     ->  Nested Loop  (cost=2165517.42..2421508.00 rows=1 width=8) (actual time=14191.621..21980.580 rows=59002 loops=1)
                           ->  Hash Join  (cost=2165516.98..2387953.27 rows=53279 width=44) (actual time=14191.589..21664.428 rows=59125 loops=1)
                                 Hash Cond: (lineitem.l_partkey = part.p_partkey)
                                 ->  HashAggregate  (cost=2099279.71..2260626.98 rows=4838732 width=40) (actual time=13874.995..20791.859 rows=5448842 loops=1)
                                       Group Key: lineitem.l_partkey, lineitem.l_suppkey
                                       Planned Partitions: 8  Batches: 41  Memory Usage: 262225kB  Disk Usage: 318560kB
                                       ->  Bitmap Heap Scan on lineitem  (cost=233361.66..1494248.68 rows=9089668 width=13) (actual time=1619.731..9104.902 rows=9123688 loops=1)
                                             Recheck Cond: ((l_shipdate >= '1996-01-01'::date) AND (l_shipdate < '1997-01-01'::date))
                                             Heap Blocks: exact=1048319
                                             ->  Bitmap Index Scan on idx_lineitem_shipdate  (cost=0.00..231089.24 rows=9089668 width=0) (actual time=1293.830..1293.830 rows=9123688 loops=1)
                                                   Index Cond: ((l_shipdate >= '1996-01-01'::date) AND (l_shipdate < '1997-01-01'::date))
                                 ->  Hash  (cost=65962.00..65962.00 rows=22022 width=4) (actual time=316.465..316.466 rows=21718 loops=1)
                                       Buckets: 32768  Batches: 1  Memory Usage: 1020kB
                                       ->  Seq Scan on part  (cost=0.00..65962.00 rows=22022 width=4) (actual time=0.034..312.869 rows=21718 loops=1)
                                             Filter: ((p_name)::text ~~ 'olive%'::text)
                                             Rows Removed by Filter: 1978282
                           ->  Index Scan using partsupp_pkey on partsupp  (cost=0.43..0.62 rows=1 width=12) (actual time=0.005..0.005 rows=1 loops=59125)
                                 Index Cond: ((ps_partkey = lineitem.l_partkey) AND (ps_suppkey = lineitem.l_suppkey))
                                 Filter: ((ps_availqty)::numeric > ((0.5 * sum(lineitem.l_quantity))))
                                 Rows Removed by Filter: 0
 Settings: effective_io_concurrency = '64', maintenance_io_concurrency = '64', max_parallel_workers_per_gather = '0', work_mem = '256MB'
 Planning Time: 2.802 ms
 JIT:
   Functions: 42
   Options: Inlining true, Optimization true, Expressions true, Deforming true
   Timing: Generation 5.340 ms, Inlining 91.909 ms, Optimization 269.408 ms, Emission 146.700 ms, Total 513.358 ms
 Execution Time: 35723.293 ms
(42 rows)

===== 21.sql jit=on =====
                                                                                            QUERY PLAN                                                                                             
---------------------------------------------------------------------------------------------------------------------------------------------------------------------------------------------------
 Limit  (cost=4271847.92..4271847.93 rows=1 width=34) (actual time=31502.138..31502.153 rows=100 loops=1)
   ->  Sort  (cost=4271847.92..4271847.93 rows=1 width=34) (actual time=31032.298..31032.307 rows=100 loops=1)
         Sort Key: (count(*)) DESC, supplier.s_name
         Sort Method: top-N heapsort  Memory: 38kB
         ->  GroupAggregate  (cost=4271847.89..4271847.91 rows=1 width=34) (actual time=31024.049..31031.099 rows=3991 loops=1)
               Group Key: supplier.s_name
               ->  Sort  (cost=4271847.89..4271847.90 rows=1 width=26) (actual time=31024.024..31026.981 rows=39281 loops=1)
                     Sort Key: supplier.s_name
                     Sort Method: quicksort  Memory: 3378kB
                     ->  Nested Loop Semi Join  (cost=2204879.03..4271847.88 rows=1 width=26) (actual time=14152.775..30872.870 rows=39281 loops=1)
                           Join Filter: (l2.l_suppkey <> l1.l_suppkey)
                           Rows Removed by Join Filter: 42023
                           ->  Nested Loop  (cost=2204878.46..4271840.34 rows=1 width=38) (actual time=14152.759..30598.386 rows=65960 loops=1)
                                 ->  Hash Anti Join  (cost=2204878.03..4271833.03 rows=1 width=34) (actual time=14151.442..30101.679 rows=134155 loops=1)
                                       Hash Cond: (l1.l_orderkey = l3.l_orderkey)
                                       Join Filter: (l3.l_suppkey <> l1.l_suppkey)
                                       Rows Removed by Join Filter: 547662
                                       ->  Hash Join  (cost=2454.57..1959807.87 rows=799819 width=34) (actual time=5.993..12225.665 rows=1514267 loops=1)
                                             Hash Cond: (l1.l_suppkey = supplier.s_suppkey)
                                             ->  Seq Scan on lineitem l1  (cost=0.00..1874372.10 rows=19995469 width=8) (actual time=0.058..8672.702 rows=37929348 loops=1)
                                                   Filter: (l_receiptdate > l_commitdate)
                                                   Rows Removed by Filter: 22056704
                                             ->  Hash  (cost=2404.57..2404.57 rows=4000 width=30) (actual time=5.901..5.903 rows=3991 loops=1)
                                                   Buckets: 4096  Batches: 1  Memory Usage: 282kB
                                                   ->  Nested Loop  (cost=47.29..2404.57 rows=4000 width=30) (actual time=0.643..5.401 rows=3991 loops=1)
                                                         ->  Seq Scan on nation  (cost=0.00..1.31 rows=1 width=4) (actual time=0.016..0.018 rows=1 loops=1)
                                                               Filter: (n_name = 'PERU'::bpchar)
                                                               Rows Removed by Filter: 24
                                                         ->  Bitmap Heap Scan on supplier  (cost=47.29..2363.25 rows=4000 width=34) (actual time=0.622..5.101 rows=3991 loops=1)
                                                               Recheck Cond: (s_nationkey = nation.n_nationkey)
                                                               Heap Blocks: exact=1873
                                                               ->  Bitmap Index Scan on idx_supplier_nation_key  (cost=0.00..46.29 rows=4000 width=0) (actual time=0.361..0.361 rows=3991 loops=1)
                                                                     Index Cond: (s_nationkey = nation.n_nationkey)
                                       ->  Hash  (cost=1874372.10..1874372.10 rows=19995469 width=8) (actual time=14114.478..14114.479 rows=37929348 loops=1)
                                             Buckets: 8388608  Batches: 8  Memory Usage: 250561kB
                                             ->  Seq Scan on lineitem l3  (cost=0.00..1874372.10 rows=19995469 width=8) (actual time=0.017..9168.090 rows=37929348 loops=1)
                                                   Filter: (l_receiptdate > l_commitdate)
                                                   Rows Removed by Filter: 22056704
                                 ->  Index Scan using orders_pkey on orders  (cost=0.43..7.32 rows=1 width=4) (actual time=0.003..0.003 rows=0 loops=134155)
                                       Index Cond: (o_orderkey = l1.l_orderkey)
                                       Filter: (o_orderstatus = 'F'::bpchar)
                                       Rows Removed by Filter: 1
                           ->  Index Scan using idx_lineitem_orderkey on lineitem l2  (cost=0.56..7.52 rows=4 width=8) (actual time=0.004..0.004 rows=1 loops=65960)
                                 Index Cond: (l_orderkey = orders.o_orderkey)
 Settings: effective_io_concurrency = '64', maintenance_io_concurrency = '64', max_parallel_workers_per_gather = '0', work_mem = '256MB'
 Planning Time: 3.108 ms
 JIT:
   Functions: 47
   Options: Inlining true, Optimization true, Expressions true, Deforming true
   Timing: Generation 4.954 ms, Inlining 64.704 ms, Optimization 261.857 ms, Emission 142.858 ms, Total 474.373 ms
 Execution Time: 31556.823 ms
(51 rows)

===== 22.sql jit=on =====
                                                                          QUERY PLAN                                                                          
--------------------------------------------------------------------------------------------------------------------------------------------------------------
 Limit  (cost=163248.38..163248.40 rows=1 width=72) (actual time=1741.760..1741.762 rows=1 loops=1)
   InitPlan 1 (returns $0)
     ->  Aggregate  (cost=75321.36..75321.37 rows=1 width=32) (actual time=834.496..834.497 rows=1 loops=1)
           ->  Seq Scan on customer customer_1  (cost=0.00..75202.00 rows=47742 width=6) (actual time=0.012..801.730 rows=382426 loops=1)
                 Filter: ((c_acctbal > 0.00) AND (SUBSTRING(c_phone FROM 1 FOR 2) = ANY ('{21,29,26,34,14,15,17}'::text[])))
                 Rows Removed by Filter: 1117574
   ->  GroupAggregate  (cost=87927.01..88128.17 rows=7315 width=72) (actual time=1724.834..1724.835 rows=1 loops=1)
         Group Key: (SUBSTRING(customer.c_phone FROM 1 FOR 2))
         ->  Sort  (cost=87927.01..87945.30 rows=7315 width=38) (actual time=1723.163..1723.537 rows=9006 loops=1)
               Sort Key: (SUBSTRING(customer.c_phone FROM 1 FOR 2))
               Sort Method: quicksort  Memory: 4513kB
               ->  Nested Loop Anti Join  (cost=0.43..87457.51 rows=7315 width=38) (actual time=834.554..1704.976 rows=63509 loops=1)
                     ->  Seq Scan on customer  (cost=0.00..75202.00 rows=17500 width=26) (actual time=834.535..1411.026 rows=191129 loops=1)
                           Filter: ((c_acctbal > $0) AND (SUBSTRING(c_phone FROM 1 FOR 2) = ANY ('{21,29,26,34,14,15,17}'::text[])))
                           Rows Removed by Filter: 1308871
                     ->  Index Only Scan using idx_orders_custkey on orders  (cost=0.43..3.28 rows=17 width=4) (actual time=0.001..0.001 rows=1 loops=191129)
                           Index Cond: (o_custkey = customer.c_custkey)
                           Heap Fetches: 0
 Settings: effective_io_concurrency = '64', maintenance_io_concurrency = '64', max_parallel_workers_per_gather = '0', work_mem = '256MB'
 Planning Time: 1.445 ms
 JIT:
   Functions: 17
   Options: Inlining false, Optimization false, Expressions true, Deforming true
   Timing: Generation 2.265 ms, Inlining 0.000 ms, Optimization 0.728 ms, Emission 15.937 ms, Total 18.930 ms
 Execution Time: 1778.771 ms
(25 rows)

===== 2-flattened.sql jit=on =====
                                                                       QUERY PLAN                                                                        
---------------------------------------------------------------------------------------------------------------------------------------------------------
 HashAggregate  (cost=207695.72..223695.72 rows=1600000 width=36) (actual time=2231.644..2547.590 rows=1182884 loops=1)
   Group Key: partsupp.ps_partkey
   Batches: 1  Memory Usage: 180241kB
   ->  Nested Loop  (cost=42.10..199695.72 rows=1600000 width=10) (actual time=18.906..1628.370 rows=1604080 loops=1)
         ->  Nested Loop  (cost=41.67..2184.07 rows=20000 width=4) (actual time=18.888..40.983 rows=20051 loops=1)
               ->  Nested Loop  (cost=0.14..13.95 rows=5 width=4) (actual time=18.109..18.136 rows=5 loops=1)
                     Join Filter: (nation.n_regionkey = region.r_regionkey)
                     Rows Removed by Join Filter: 20
                     ->  Index Scan using nation_pkey on nation  (cost=0.14..12.51 rows=25 width=8) (actual time=0.034..0.049 rows=25 loops=1)
                     ->  Materialize  (cost=0.00..1.07 rows=1 width=4) (actual time=0.723..0.723 rows=1 loops=25)
                           ->  Seq Scan on region  (cost=0.00..1.06 rows=1 width=4) (actual time=18.057..18.060 rows=1 loops=1)
                                 Filter: (r_name = 'AMERICA'::bpchar)
                                 Rows Removed by Filter: 4
               ->  Bitmap Heap Scan on supplier  (cost=41.53..394.02 rows=4000 width=8) (actual time=0.651..4.086 rows=4010 loops=5)
                     Recheck Cond: (s_nationkey = nation.n_nationkey)
                     Heap Blocks: exact=9388
                     ->  Bitmap Index Scan on idx_supplier_nation_key  (cost=0.00..40.53 rows=4000 width=0) (actual time=0.399..0.399 rows=4010 loops=5)
                           Index Cond: (s_nationkey = nation.n_nationkey)
         ->  Index Scan using idx_partsupp_suppkey on partsupp  (cost=0.43..9.08 rows=80 width=14) (actual time=0.003..0.071 rows=80 loops=20051)
               Index Cond: (ps_suppkey = supplier.s_suppkey)
 Settings: effective_io_concurrency = '64', maintenance_io_concurrency = '64', max_parallel_workers_per_gather = '0', work_mem = '256MB'
 Planning Time: 1.405 ms
 JIT:
   Functions: 24
   Options: Inlining false, Optimization false, Expressions true, Deforming true
   Timing: Generation 2.692 ms, Inlining 0.000 ms, Optimization 0.890 ms, Emission 16.871 ms, Total 20.453 ms
 Execution Time: 2653.352 ms
(27 rows)

SELECT 1182884
CREATE INDEX
ANALYZE
                                                                                    QUERY PLAN                                                                                     
-----------------------------------------------------------------------------------------------------------------------------------------------------------------------------------
 Limit  (cost=403790.26..403790.27 rows=1 width=192) (actual time=556.472..556.483 rows=100 loops=1)
   ->  Sort  (cost=403790.26..403790.27 rows=1 width=192) (actual time=535.164..535.170 rows=100 loops=1)
         Sort Key: supplier.s_acctbal DESC, nation.n_name, supplier.s_name, part.p_partkey
         Sort Method: top-N heapsort  Memory: 71kB
         ->  Nested Loop  (cost=0.72..403790.25 rows=1 width=192) (actual time=0.074..532.799 rows=4737 loops=1)
               Join Filter: (nation.n_regionkey = region.r_regionkey)
               ->  Nested Loop  (cost=0.72..403789.18 rows=1 width=196) (actual time=0.070..527.672 rows=4737 loops=1)
                     Join Filter: (supplier.s_nationkey = nation.n_nationkey)
                     Rows Removed by Join Filter: 43913
                     ->  Nested Loop  (cost=0.72..403787.61 rows=1 width=170) (actual time=0.062..517.899 rows=4737 loops=1)
                           ->  Nested Loop  (cost=0.43..403787.30 rows=1 width=34) (actual time=0.055..500.655 rows=4737 loops=1)
                                 ->  Seq Scan on part  (cost=0.00..70962.00 rows=8077 width=30) (actual time=0.014..398.944 rows=8046 loops=1)
                                       Filter: (((p_type)::text ~~ '%NICKEL'::text) AND (p_size = 16))
                                       Rows Removed by Filter: 1991954
                                 ->  Index Scan using idx_partsupp_partkey on partsupp  (cost=0.43..41.20 rows=1 width=14) (actual time=0.011..0.012 rows=1 loops=8046)
                                       Index Cond: (ps_partkey = part.p_partkey)
                                       Filter: ((SubPlan 1) = ps_supplycost)
                                       Rows Removed by Filter: 3
                                       SubPlan 1
                                         ->  Index Scan using tmp_supplycost_idx on tmp_supplycost  (cost=0.43..8.45 rows=1 width=6) (actual time=0.002..0.002 rows=1 loops=32184)
                                               Index Cond: (ps_partkey = part.p_partkey)
                           ->  Index Scan using supplier_pkey on supplier  (cost=0.29..0.31 rows=1 width=144) (actual time=0.003..0.003 rows=1 loops=4737)
                                 Index Cond: (s_suppkey = partsupp.ps_suppkey)
                     ->  Seq Scan on nation  (cost=0.00..1.25 rows=25 width=34) (actual time=0.000..0.001 rows=10 loops=4737)
               ->  Seq Scan on region  (cost=0.00..1.06 rows=1 width=4) (actual time=0.000..0.000 rows=1 loops=4737)
                     Filter: (r_name = 'AMERICA'::bpchar)
                     Rows Removed by Filter: 1
 Settings: effective_io_concurrency = '64', maintenance_io_concurrency = '64', max_parallel_workers_per_gather = '0', work_mem = '256MB'
 Planning Time: 1.262 ms
 JIT:
   Functions: 31
   Options: Inlining false, Optimization false, Expressions true, Deforming true
   Timing: Generation 3.065 ms, Inlining 0.000 ms, Optimization 0.781 ms, Emission 20.229 ms, Total 24.076 ms
 Execution Time: 559.658 ms
(34 rows)

DROP TABLE
===== 2.sql jit=on =====
                                                                                        QUERY PLAN                                                                                         
-------------------------------------------------------------------------------------------------------------------------------------------------------------------------------------------
 Limit  (cost=726832.73..726832.74 rows=1 width=192) (actual time=3342.813..3342.829 rows=100 loops=1)
   ->  Sort  (cost=726832.73..726832.74 rows=1 width=192) (actual time=2714.950..2714.960 rows=100 loops=1)
         Sort Key: supplier.s_acctbal DESC, nation.n_name, supplier.s_name, part.p_partkey
         Sort Method: top-N heapsort  Memory: 70kB
         ->  Hash Join  (cost=265350.27..726832.72 rows=1 width=192) (actual time=1951.470..2712.735 rows=4737 loops=1)
               Hash Cond: ((part.p_partkey = partsupp.ps_partkey) AND ((SubPlan 1) = partsupp.ps_supplycost))
               ->  Seq Scan on part  (cost=0.00..70962.00 rows=8077 width=30) (actual time=0.026..337.577 rows=8046 loops=1)
                     Filter: (((p_type)::text ~~ '%NICKEL'::text) AND (p_size = 16))
                     Rows Removed by Filter: 1991954
               ->  Hash  (cost=202287.27..202287.27 rows=1600000 width=172) (actual time=1943.623..1943.627 rows=1604080 loops=1)
                     Buckets: 2097152  Batches: 2  Memory Usage: 180174kB
                     ->  Nested Loop  (cost=2.00..202287.27 rows=1600000 width=172) (actual time=0.100..1263.027 rows=1604080 loops=1)
                           ->  Nested Loop  (cost=1.56..4775.62 rows=20000 width=166) (actual time=0.081..40.768 rows=20051 loops=1)
                                 Join Filter: (nation.n_regionkey = region.r_regionkey)
                                 Rows Removed by Join Filter: 79949
                                 ->  Seq Scan on region  (cost=0.00..1.06 rows=1 width=4) (actual time=0.027..0.029 rows=1 loops=1)
                                       Filter: (r_name = 'AMERICA'::bpchar)
                                       Rows Removed by Filter: 4
                                 ->  Hash Join  (cost=1.56..3524.56 rows=100000 width=170) (actual time=0.051..34.834 rows=100000 loops=1)
                                       Hash Cond: (supplier.s_nationkey = nation.n_nationkey)
                                       ->  Seq Scan on supplier  (cost=0.00..3216.00 rows=100000 width=144) (actual time=0.014..8.360 rows=100000 loops=1)
                                       ->  Hash  (cost=1.25..1.25 rows=25 width=34) (actual time=0.024..0.025 rows=25 loops=1)
                                             Buckets: 1024  Batches: 1  Memory Usage: 10kB
                                             ->  Seq Scan on nation  (cost=0.00..1.25 rows=25 width=34) (actual time=0.013..0.018 rows=25 loops=1)
                           ->  Index Scan using idx_partsupp_suppkey on partsupp  (cost=0.43..9.08 rows=80 width=14) (actual time=0.003..0.055 rows=80 loops=20051)
                                 Index Cond: (ps_suppkey = supplier.s_suppkey)
               SubPlan 1
                 ->  Aggregate  (cost=43.48..43.49 rows=1 width=32) (actual time=0.019..0.019 rows=1 loops=12783)
                       ->  Nested Loop  (cost=0.86..43.48 rows=1 width=6) (actual time=0.013..0.018 rows=1 loops=12783)
                             Join Filter: (nation_1.n_regionkey = region_1.r_regionkey)
                             Rows Removed by Join Filter: 3
                             ->  Seq Scan on region region_1  (cost=0.00..1.06 rows=1 width=4) (actual time=0.000..0.001 rows=1 loops=12783)
                                   Filter: (r_name = 'AMERICA'::bpchar)
                                   Rows Removed by Filter: 4
                             ->  Nested Loop  (cost=0.86..42.36 rows=4 width=10) (actual time=0.007..0.017 rows=4 loops=12783)
                                   ->  Nested Loop  (cost=0.72..41.74 rows=4 width=10) (actual time=0.005..0.013 rows=4 loops=12783)
                                         ->  Index Scan using idx_partsupp_partkey on partsupp partsupp_1  (cost=0.43..8.50 rows=4 width=10) (actual time=0.003..0.004 rows=4 loops=12783)
                                               Index Cond: (ps_partkey = part.p_partkey)
                                         ->  Index Scan using supplier_pkey on supplier supplier_1  (cost=0.29..8.31 rows=1 width=8) (actual time=0.002..0.002 rows=1 loops=51132)
                                               Index Cond: (s_suppkey = partsupp_1.ps_suppkey)
                                   ->  Index Scan using nation_pkey on nation nation_1  (cost=0.14..0.16 rows=1 width=8) (actual time=0.001..0.001 rows=1 loops=51132)
                                         Index Cond: (n_nationkey = supplier_1.s_nationkey)
 Settings: effective_io_concurrency = '64', maintenance_io_concurrency = '64', max_parallel_workers_per_gather = '0', work_mem = '256MB'
 Planning Time: 2.876 ms
 JIT:
   Functions: 57
   Options: Inlining true, Optimization true, Expressions true, Deforming true
   Timing: Generation 6.304 ms, Inlining 71.907 ms, Optimization 349.324 ms, Emission 206.091 ms, Total 633.626 ms
 Execution Time: 3392.959 ms
(49 rows)

===== 3.sql jit=on =====
                                                                                     QUERY PLAN                                                                                      
-------------------------------------------------------------------------------------------------------------------------------------------------------------------------------------
 Limit  (cost=2957329.30..2957329.32 rows=10 width=44) (actual time=16004.304..16004.310 rows=10 loops=1)
   ->  Sort  (cost=2957329.30..2965185.89 rows=3142635 width=44) (actual time=15573.100..15573.105 rows=10 loops=1)
         Sort Key: (sum((lineitem.l_extendedprice * ('1'::numeric - lineitem.l_discount)))) DESC, orders.o_orderdate
         Sort Method: top-N heapsort  Memory: 26kB
         ->  HashAggregate  (cost=2813307.39..2889418.09 rows=3142635 width=44) (actual time=15497.752..15553.794 rows=113934 loops=1)
               Group Key: lineitem.l_orderkey, orders.o_orderdate, orders.o_shippriority
               Planned Partitions: 4  Batches: 1  Memory Usage: 73745kB
               ->  Hash Join  (cost=528284.91..2556004.15 rows=3142635 width=24) (actual time=3710.244..15305.485 rows=301530 loops=1)
                     Hash Cond: (lineitem.l_orderkey = orders.o_orderkey)
                     ->  Seq Scan on lineitem  (cost=0.00..1874372.10 rows=32512212 width=16) (actual time=0.051..8219.595 rows=32534229 loops=1)
                           Filter: (l_shipdate > '1995-03-07'::date)
                           Rows Removed by Filter: 27451823
                     ->  Hash  (cost=510161.13..510161.13 rows=1449902 width=12) (actual time=3702.355..3702.357 rows=1451805 loops=1)
                           Buckets: 2097152  Batches: 1  Memory Usage: 78767kB
                           ->  Hash Join  (cost=139426.32..510161.13 rows=1449902 width=12) (actual time=724.758..3380.487 rows=1451805 loops=1)
                                 Hash Cond: (orders.o_custkey = customer.c_custkey)
                                 ->  Bitmap Heap Scan on orders  (cost=81105.25..432779.87 rows=7261009 width=16) (actual time=423.809..1775.244 rows=7239437 loops=1)
                                       Recheck Cond: (o_orderdate < '1995-03-07'::date)
                                       Heap Blocks: exact=260912
                                       ->  Bitmap Index Scan on idx_orders_orderdate  (cost=0.00..79290.00 rows=7261009 width=0) (actual time=360.290..360.290 rows=7239437 loops=1)
                                             Index Cond: (o_orderdate < '1995-03-07'::date)
                                 ->  Hash  (cost=54577.00..54577.00 rows=299525 width=4) (actual time=298.985..298.986 rows=300276 loops=1)
                                       Buckets: 524288  Batches: 1  Memory Usage: 14653kB
                                       ->  Seq Scan on customer  (cost=0.00..54577.00 rows=299525 width=4) (actual time=0.022..249.143 rows=300276 loops=1)
                                             Filter: (c_mktsegment = 'BUILDING'::bpchar)
                                             Rows Removed by Filter: 1199724
 Settings: effective_io_concurrency = '64', maintenance_io_concurrency = '64', max_parallel_workers_per_gather = '0', work_mem = '256MB'
 Planning Time: 1.783 ms
 JIT:
   Functions: 31
   Options: Inlining true, Optimization true, Expressions true, Deforming true
   Timing: Generation 3.679 ms, Inlining 67.849 ms, Optimization 230.425 ms, Emission 132.561 ms, Total 434.514 ms
 Execution Time: 16063.027 ms
(33 rows)

===== 4.sql jit=on =====
                                                                             QUERY PLAN                                                                             
--------------------------------------------------------------------------------------------------------------------------------------------------------------------
 Limit  (cost=2585334.72..2585334.72 rows=1 width=24) (actual time=18912.537..18912.540 rows=1 loops=1)
   ->  Sort  (cost=2585334.72..2585334.73 rows=5 width=24) (actual time=18676.076..18676.079 rows=1 loops=1)
         Sort Key: orders.o_orderpriority
         Sort Method: top-N heapsort  Memory: 25kB
         ->  HashAggregate  (cost=2585334.64..2585334.69 rows=5 width=24) (actual time=18676.022..18676.026 rows=5 loops=1)
               Group Key: orders.o_orderpriority
               Batches: 1  Memory Usage: 24kB
               ->  Hash Semi Join  (cost=2210008.69..2582562.20 rows=554488 width=16) (actual time=14343.740..18594.201 rows=513822 loops=1)
                     Hash Cond: (orders.o_orderkey = lineitem.l_orderkey)
                     ->  Bitmap Heap Scan on orders  (cost=7585.23..276816.44 rows=554614 width=20) (actual time=120.221..556.806 rows=560424 loops=1)
                           Recheck Cond: ((o_orderdate >= '1993-12-01'::date) AND (o_orderdate < '1994-03-01'::date))
                           Heap Blocks: exact=231732
                           ->  Bitmap Index Scan on idx_orders_orderdate  (cost=0.00..7446.58 rows=554614 width=0) (actual time=64.554..64.555 rows=560424 loops=1)
                                 Index Cond: ((o_orderdate >= '1993-12-01'::date) AND (o_orderdate < '1994-03-01'::date))
                     ->  Hash  (cost=1874372.10..1874372.10 rows=19995469 width=4) (actual time=14192.771..14192.772 rows=37929348 loops=1)
                           Buckets: 8388608  Batches: 8  Memory Usage: 232058kB
                           ->  Seq Scan on lineitem  (cost=0.00..1874372.10 rows=19995469 width=4) (actual time=0.074..9621.773 rows=37929348 loops=1)
                                 Filter: (l_commitdate < l_receiptdate)
                                 Rows Removed by Filter: 22056704
 Settings: effective_io_concurrency = '64', maintenance_io_concurrency = '64', max_parallel_workers_per_gather = '0', work_mem = '256MB'
 Planning Time: 1.478 ms
 JIT:
   Functions: 19
   Options: Inlining true, Optimization true, Expressions true, Deforming true
   Timing: Generation 2.151 ms, Inlining 63.699 ms, Optimization 112.165 ms, Emission 60.342 ms, Total 238.357 ms
 Execution Time: 18965.188 ms
(26 rows)

===== 5.sql jit=on =====
                                                                                           QUERY PLAN                                                                                            
-------------------------------------------------------------------------------------------------------------------------------------------------------------------------------------------------
 Limit  (cost=2397243.58..2397243.58 rows=1 width=58) (actual time=15537.365..15537.377 rows=1 loops=1)
   ->  Sort  (cost=2397243.58..2397243.64 rows=25 width=58) (actual time=14936.087..14936.098 rows=1 loops=1)
         Sort Key: (sum((lineitem.l_extendedprice * ('1'::numeric - lineitem.l_discount)))) DESC
         Sort Method: top-N heapsort  Memory: 25kB
         ->  GroupAggregate  (cost=2396329.34..2397243.46 rows=25 width=58) (actual time=14913.662..14936.045 rows=5 loops=1)
               Group Key: nation.n_name
               ->  Sort  (cost=2396329.34..2396512.10 rows=73104 width=38) (actual time=14908.126..14911.331 rows=72033 loops=1)
                     Sort Key: nation.n_name
                     Sort Method: quicksort  Memory: 8700kB
                     ->  Hash Join  (cost=413197.28..2390423.40 rows=73104 width=38) (actual time=1995.241..14878.909 rows=72033 loops=1)
                           Hash Cond: ((lineitem.l_suppkey = supplier.s_suppkey) AND (customer.c_nationkey = supplier.s_nationkey))
                           ->  Hash Join  (cost=408481.28..2376112.45 rows=1827606 width=50) (actual time=1961.664..14426.502 rows=1815327 loops=1)
                                 Hash Cond: (lineitem.l_orderkey = orders.o_orderkey)
                                 ->  Seq Scan on lineitem  (cost=0.00..1724406.08 rows=59986408 width=20) (actual time=0.044..5310.357 rows=59986052 loops=1)
                                 ->  Hash  (cost=402768.72..402768.72 rows=457005 width=38) (actual time=1959.569..1959.578 rows=453399 loops=1)
                                       Buckets: 524288  Batches: 1  Memory Usage: 35976kB
                                       ->  Hash Join  (cost=94442.45..402768.72 rows=457005 width=38) (actual time=594.039..1848.423 rows=453399 loops=1)
                                             Hash Cond: (orders.o_custkey = customer.c_custkey)
                                             ->  Bitmap Heap Scan on orders  (cost=31237.94..326425.32 rows=2285025 width=8) (actual time=204.512..983.497 rows=2276638 loops=1)
                                                   Recheck Cond: ((o_orderdate >= '1993-01-01'::date) AND (o_orderdate < '1994-01-01'::date))
                                                   Heap Blocks: exact=260897
                                                   ->  Bitmap Index Scan on idx_orders_orderdate  (cost=0.00..30666.69 rows=2285025 width=0) (actual time=139.033..139.034 rows=2276638 loops=1)
                                                         Index Cond: ((o_orderdate >= '1993-01-01'::date) AND (o_orderdate < '1994-01-01'::date))
                                             ->  Hash  (cost=59454.51..59454.51 rows=300000 width=38) (actual time=387.479..387.486 rows=299436 loops=1)
                                                   Buckets: 524288  Batches: 1  Memory Usage: 25151kB
                                                   ->  Hash Join  (cost=2.51..59454.51 rows=300000 width=38) (actual time=0.082..322.543 rows=299436 loops=1)
                                                         Hash Cond: (customer.c_nationkey = nation.n_nationkey)
                                                         ->  Seq Scan on customer  (cost=0.00..50827.00 rows=1500000 width=8) (actual time=0.014..114.972 rows=1500000 loops=1)
                                                         ->  Hash  (cost=2.45..2.45 rows=5 width=30) (actual time=0.055..0.060 rows=5 loops=1)
                                                               Buckets: 1024  Batches: 1  Memory Usage: 9kB
                                                               ->  Hash Join  (cost=1.07..2.45 rows=5 width=30) (actual time=0.046..0.052 rows=5 loops=1)
                                                                     Hash Cond: (nation.n_regionkey = region.r_regionkey)
                                                                     ->  Seq Scan on nation  (cost=0.00..1.25 rows=25 width=34) (actual time=0.007..0.008 rows=25 loops=1)
                                                                     ->  Hash  (cost=1.06..1.06 rows=1 width=4) (actual time=0.029..0.030 rows=1 loops=1)
                                                                           Buckets: 1024  Batches: 1  Memory Usage: 9kB
                                                                           ->  Seq Scan on region  (cost=0.00..1.06 rows=1 width=4) (actual time=0.023..0.024 rows=1 loops=1)
                                                                                 Filter: (r_name = 'AMERICA'::bpchar)
                                                                                 Rows Removed by Filter: 4
                           ->  Hash  (cost=3216.00..3216.00 rows=100000 width=8) (actual time=32.509..32.510 rows=100000 loops=1)
                                 Buckets: 131072  Batches: 1  Memory Usage: 4931kB
                                 ->  Seq Scan on supplier  (cost=0.00..3216.00 rows=100000 width=8) (actual time=0.020..19.634 rows=100000 loops=1)
 Settings: effective_io_concurrency = '64', maintenance_io_concurrency = '64', max_parallel_workers_per_gather = '0', work_mem = '256MB'
 Planning Time: 4.545 ms
 JIT:
   Functions: 56
   Options: Inlining true, Optimization true, Expressions true, Deforming true
   Timing: Generation 5.912 ms, Inlining 69.177 ms, Optimization 340.759 ms, Emission 190.837 ms, Total 606.685 ms
 Execution Time: 15577.429 ms
(48 rows)

===== 6.sql jit=on =====
                                                                                          QUERY PLAN                                                                                           
-----------------------------------------------------------------------------------------------------------------------------------------------------------------------------------------------
 Limit  (cost=1504118.03..1504118.04 rows=1 width=32) (actual time=2909.893..2909.894 rows=1 loops=1)
   ->  Aggregate  (cost=1504118.03..1504118.04 rows=1 width=32) (actual time=2730.980..2730.981 rows=1 loops=1)
         ->  Bitmap Heap Scan on lineitem  (cost=300890.55..1498175.74 rows=1188458 width=12) (actual time=1259.190..2416.995 rows=1194558 loops=1)
               Recheck Cond: ((l_shipdate >= '1993-01-01'::date) AND (l_shipdate < '1994-01-01'::date) AND (l_discount >= 0.06) AND (l_discount <= 0.08) AND (l_quantity < '25'::numeric))
               Heap Blocks: exact=662932
               ->  Bitmap Index Scan on idx_lineitem_shipdate  (cost=0.00..300593.44 rows=1188458 width=0) (actual time=1072.590..1072.590 rows=1194558 loops=1)
                     Index Cond: ((l_shipdate >= '1993-01-01'::date) AND (l_shipdate < '1994-01-01'::date) AND (l_discount >= 0.06) AND (l_discount <= 0.08) AND (l_quantity < '25'::numeric))
 Settings: effective_io_concurrency = '64', maintenance_io_concurrency = '64', max_parallel_workers_per_gather = '0', work_mem = '256MB'
 Planning Time: 0.787 ms
 JIT:
   Functions: 6
   Options: Inlining true, Optimization true, Expressions true, Deforming true
   Timing: Generation 1.054 ms, Inlining 66.708 ms, Optimization 71.650 ms, Emission 40.350 ms, Total 179.761 ms
 Execution Time: 2948.430 ms
(14 rows)

===== 7.sql jit=on =====
                                                                                     QUERY PLAN                                                                                      
-------------------------------------------------------------------------------------------------------------------------------------------------------------------------------------
 Limit  (cost=2514748.47..2514748.59 rows=1 width=116) (actual time=19157.775..19157.783 rows=1 loops=1)
   ->  GroupAggregate  (cost=2514748.47..2515959.93 rows=10100 width=116) (actual time=18475.872..18475.879 rows=1 loops=1)
         Group Key: n1.n_name, n2.n_name, (EXTRACT(year FROM lineitem.l_shipdate))
         ->  Sort  (cost=2514748.47..2514899.89 rows=60569 width=96) (actual time=18468.633..18469.268 rows=14421 loops=1)
               Sort Key: n1.n_name, n2.n_name, (EXTRACT(year FROM lineitem.l_shipdate))
               Sort Method: quicksort  Memory: 9664kB
               ->  Hash Join  (cost=1021785.80..2509937.38 rows=60569 width=96) (actual time=8034.970..18432.394 rows=57794 loops=1)
                     Hash Cond: (lineitem.l_suppkey = supplier.s_suppkey)
                     Join Filter: (((n1.n_name = 'PERU'::bpchar) AND (n2.n_name = 'MOROCCO'::bpchar)) OR ((n1.n_name = 'MOROCCO'::bpchar) AND (n2.n_name = 'PERU'::bpchar)))
                     Rows Removed by Join Filter: 58158
                     ->  Hash Join  (cost=1018161.40..2498374.98 rows=1455434 width=46) (actual time=8004.261..18113.938 rows=1448126 loops=1)
                           Hash Cond: (lineitem.l_orderkey = orders.o_orderkey)
                           ->  Bitmap Heap Scan on lineitem  (cost=467065.99..1864501.79 rows=18192920 width=24) (actual time=2640.212..10502.778 rows=18230325 loops=1)
                                 Recheck Cond: ((l_shipdate >= '1995-01-01'::date) AND (l_shipdate <= '1996-12-31'::date))
                                 Heap Blocks: exact=1119491
                                 ->  Bitmap Index Scan on idx_lineitem_shipdate  (cost=0.00..462517.77 rows=18192920 width=0) (actual time=2295.668..2295.668 rows=18230325 loops=1)
                                       Index Cond: ((l_shipdate >= '1995-01-01'::date) AND (l_shipdate <= '1996-12-31'::date))
                           ->  Hash  (cost=536095.40..536095.40 rows=1200000 width=30) (actual time=5356.193..5356.197 rows=1191175 loops=1)
                                 Buckets: 2097152  Batches: 1  Memory Usage: 88506kB
                                 ->  Hash Join  (cost=56933.40..536095.40 rows=1200000 width=30) (actual time=441.746..5079.087 rows=1191175 loops=1)
                                       Hash Cond: (orders.o_custkey = customer.c_custkey)
                                       ->  Seq Scan on orders  (cost=0.00..410912.00 rows=15000000 width=8) (actual time=0.023..2264.563 rows=15000000 loops=1)
                                       ->  Hash  (cost=55433.40..55433.40 rows=120000 width=30) (actual time=441.211..441.213 rows=119622 loops=1)
                                             Buckets: 131072  Batches: 1  Memory Usage: 8267kB
                                             ->  Hash Join  (cost=1.40..55433.40 rows=120000 width=30) (actual time=0.050..416.913 rows=119622 loops=1)
                                                   Hash Cond: (customer.c_nationkey = n2.n_nationkey)
                                                   ->  Seq Scan on customer  (cost=0.00..50827.00 rows=1500000 width=8) (actual time=0.011..291.948 rows=1500000 loops=1)
                                                   ->  Hash  (cost=1.38..1.38 rows=2 width=30) (actual time=0.028..0.029 rows=2 loops=1)
                                                         Buckets: 1024  Batches: 1  Memory Usage: 9kB
                                                         ->  Seq Scan on nation n2  (cost=0.00..1.38 rows=2 width=30) (actual time=0.022..0.024 rows=2 loops=1)
                                                               Filter: ((n_name = 'MOROCCO'::bpchar) OR (n_name = 'PERU'::bpchar))
                                                               Rows Removed by Filter: 23
                     ->  Hash  (cost=3524.40..3524.40 rows=8000 width=30) (actual time=30.413..30.415 rows=7981 loops=1)
                           Buckets: 8192  Batches: 1  Memory Usage: 548kB
                           ->  Hash Join  (cost=1.40..3524.40 rows=8000 width=30) (actual time=0.064..29.434 rows=7981 loops=1)
                                 Hash Cond: (supplier.s_nationkey = n1.n_nationkey)
                                 ->  Seq Scan on supplier  (cost=0.00..3216.00 rows=100000 width=8) (actual time=0.027..21.252 rows=100000 loops=1)
                                 ->  Hash  (cost=1.38..1.38 rows=2 width=30) (actual time=0.031..0.032 rows=2 loops=1)
                                       Buckets: 1024  Batches: 1  Memory Usage: 9kB
                                       ->  Seq Scan on nation n1  (cost=0.00..1.38 rows=2 width=30) (actual time=0.024..0.026 rows=2 loops=1)
                                             Filter: ((n_name = 'PERU'::bpchar) OR (n_name = 'MOROCCO'::bpchar))
                                             Rows Removed by Filter: 23
 Settings: effective_io_concurrency = '64', maintenance_io_concurrency = '64', max_parallel_workers_per_gather = '0', work_mem = '256MB'
 Planning Time: 4.189 ms
 JIT:
   Functions: 60
   Options: Inlining true, Optimization true, Expressions true, Deforming true
   Timing: Generation 6.558 ms, Inlining 68.677 ms, Optimization 392.227 ms, Emission 220.435 ms, Total 687.897 ms
 Execution Time: 19209.556 ms
(49 rows)

===== 8.sql jit=on =====
                                                                                           QUERY PLAN                                                                                            
-------------------------------------------------------------------------------------------------------------------------------------------------------------------------------------------------
 Limit  (cost=1955518.80..1955519.04 rows=1 width=64) (actual time=4425.918..4425.926 rows=1 loops=1)
   ->  GroupAggregate  (cost=1955518.80..1956079.23 rows=2406 width=64) (actual time=3795.189..3795.196 rows=1 loops=1)
         Group Key: (EXTRACT(year FROM orders.o_orderdate))
         ->  Sort  (cost=1955518.80..1955575.73 rows=22769 width=70) (actual time=3789.758..3790.244 rows=11818 loops=1)
               Sort Key: (EXTRACT(year FROM orders.o_orderdate))
               Sort Method: quicksort  Memory: 2631kB
               ->  Nested Loop  (cost=496039.75..1953870.92 rows=22769 width=70) (actual time=2789.528..3781.326 rows=23842 loops=1)
                     ->  Hash Join  (cost=496039.60..1953203.23 rows=22769 width=20) (actual time=2789.509..3768.615 rows=23842 loops=1)
                           Hash Cond: (lineitem.l_suppkey = supplier.s_suppkey)
                           ->  Hash Join  (cost=491573.60..1948677.46 rows=22769 width=20) (actual time=2759.605..3730.603 rows=23842 loops=1)
                                 Hash Cond: (lineitem.l_orderkey = orders.o_orderkey)
                                 ->  Nested Loop  (cost=0.44..1455464.71 rows=376505 width=20) (actual time=0.072..870.633 rows=389521 loops=1)
                                       ->  Seq Scan on part  (cost=0.00..65962.00 rows=12553 width=4) (actual time=0.043..242.562 rows=13011 loops=1)
                                             Filter: ((p_type)::text = 'LARGE POLISHED BRASS'::text)
                                             Rows Removed by Filter: 1986989
                                       ->  Index Scan using idx_lineitem_part_supp on lineitem  (cost=0.44..110.38 rows=31 width=24) (actual time=0.004..0.045 rows=30 loops=13011)
                                             Index Cond: (l_partkey = part.p_partkey)
                                 ->  Hash  (cost=480234.04..480234.04 rows=907130 width=8) (actual time=2755.433..2755.438 rows=910360 loops=1)
                                       Buckets: 1048576  Batches: 1  Memory Usage: 43753kB
                                       ->  Hash Join  (cost=125207.34..480234.04 rows=907130 width=8) (actual time=669.752..2567.871 rows=910360 loops=1)
                                             Hash Cond: (orders.o_custkey = customer.c_custkey)
                                             ->  Bitmap Heap Scan on orders  (cost=62002.83..390949.55 rows=4535648 width=12) (actual time=306.753..1354.589 rows=4557513 loops=1)
                                                   Recheck Cond: ((o_orderdate >= '1995-01-01'::date) AND (o_orderdate <= '1996-12-31'::date))
                                                   Heap Blocks: exact=260912
                                                   ->  Bitmap Index Scan on idx_orders_orderdate  (cost=0.00..60868.92 rows=4535648 width=0) (actual time=244.199..244.199 rows=4557513 loops=1)
                                                         Index Cond: ((o_orderdate >= '1995-01-01'::date) AND (o_orderdate <= '1996-12-31'::date))
                                             ->  Hash  (cost=59454.51..59454.51 rows=300000 width=4) (actual time=361.060..361.063 rows=299436 loops=1)
                                                   Buckets: 524288  Batches: 1  Memory Usage: 14624kB
                                                   ->  Hash Join  (cost=2.51..59454.51 rows=300000 width=4) (actual time=0.054..311.385 rows=299436 loops=1)
                                                         Hash Cond: (customer.c_nationkey = n1.n_nationkey)
                                                         ->  Seq Scan on customer  (cost=0.00..50827.00 rows=1500000 width=8) (actual time=0.004..108.756 rows=1500000 loops=1)
                                                         ->  Hash  (cost=2.45..2.45 rows=5 width=4) (actual time=0.042..0.044 rows=5 loops=1)
                                                               Buckets: 1024  Batches: 1  Memory Usage: 9kB
                                                               ->  Hash Join  (cost=1.07..2.45 rows=5 width=4) (actual time=0.034..0.040 rows=5 loops=1)
                                                                     Hash Cond: (n1.n_regionkey = region.r_regionkey)
                                                                     ->  Seq Scan on nation n1  (cost=0.00..1.25 rows=25 width=8) (actual time=0.007..0.008 rows=25 loops=1)
                                                                     ->  Hash  (cost=1.06..1.06 rows=1 width=4) (actual time=0.015..0.016 rows=1 loops=1)
                                                                           Buckets: 1024  Batches: 1  Memory Usage: 9kB
                                                                           ->  Seq Scan on region  (cost=0.00..1.06 rows=1 width=4) (actual time=0.009..0.010 rows=1 loops=1)
                                                                                 Filter: (r_name = 'AMERICA'::bpchar)
                                                                                 Rows Removed by Filter: 4
                           ->  Hash  (cost=3216.00..3216.00 rows=100000 width=8) (actual time=29.416..29.417 rows=100000 loops=1)
                                 Buckets: 131072  Batches: 1  Memory Usage: 4931kB
                                 ->  Seq Scan on supplier  (cost=0.00..3216.00 rows=100000 width=8) (actual time=0.021..17.442 rows=100000 loops=1)
                     ->  Memoize  (cost=0.15..2.17 rows=1 width=30) (actual time=0.000..0.000 rows=1 loops=23842)
                           Cache Key: supplier.s_nationkey
                           Hits: 23817  Misses: 25  Evictions: 0  Overflows: 0  Memory Usage: 4kB
                           ->  Index Scan using nation_pkey on nation n2  (cost=0.14..2.16 rows=1 width=30) (actual time=0.001..0.001 rows=1 loops=25)
                                 Index Cond: (n_nationkey = supplier.s_nationkey)
 Settings: effective_io_concurrency = '64', maintenance_io_concurrency = '64', max_parallel_workers_per_gather = '0', work_mem = '256MB'
 Planning Time: 5.529 ms
 JIT:
   Functions: 67
   Options: Inlining true, Optimization true, Expressions true, Deforming true
   Timing: Generation 6.906 ms, Inlining 74.875 ms, Optimization 355.600 ms, Emission 199.688 ms, Total 637.069 ms
 Execution Time: 4471.530 ms
(56 rows)

===== 9.sql jit=on =====
                                                                                      QUERY PLAN                                                                                      
--------------------------------------------------------------------------------------------------------------------------------------------------------------------------------------
 Limit  (cost=3007355.37..3007355.37 rows=1 width=90) (actual time=30769.834..30769.846 rows=1 loops=1)
   ->  Sort  (cost=3007355.37..3007505.75 rows=60150 width=90) (actual time=30168.727..30168.738 rows=1 loops=1)
         Sort Key: nation.n_name, (EXTRACT(year FROM orders.o_orderdate)) DESC
         Sort Method: top-N heapsort  Memory: 25kB
         ->  HashAggregate  (cost=3006152.37..3007054.62 rows=60150 width=90) (actual time=30168.215..30168.633 rows=175 loops=1)
               Group Key: nation.n_name, EXTRACT(year FROM orders.o_orderdate)
               Batches: 1  Memory Usage: 3217kB
               ->  Hash Join  (cost=2392178.87..2952560.97 rows=3062366 width=81) (actual time=19818.478..27666.844 rows=3248192 loops=1)
                     Hash Cond: (supplier.s_nationkey = nation.n_nationkey)
                     ->  Hash Join  (cost=2392177.30..2935502.02 rows=3062366 width=31) (actual time=19818.434..26900.993 rows=3248192 loops=1)
                           Hash Cond: (lineitem.l_suppkey = supplier.s_suppkey)
                           ->  Hash Join  (cost=2387711.30..2922996.96 rows=3062366 width=35) (actual time=19785.979..26081.675 rows=3248192 loops=1)
                                 Hash Cond: (orders.o_orderkey = lineitem.l_orderkey)
                                 ->  Seq Scan on orders  (cost=0.00..410912.00 rows=15000000 width=8) (actual time=0.014..994.056 rows=15000000 loops=1)
                                 ->  Hash  (cost=2349431.73..2349431.73 rows=3062366 width=35) (actual time=19770.365..19770.373 rows=3248192 loops=1)
                                       Buckets: 4194304  Batches: 1  Memory Usage: 260915kB
                                       ->  Hash Join  (cost=1995044.50..2349431.73 rows=3062366 width=35) (actual time=15378.230..18871.452 rows=3248192 loops=1)
                                             Hash Cond: ((partsupp.ps_suppkey = lineitem.l_suppkey) AND (partsupp.ps_partkey = lineitem.l_partkey))
                                             ->  Seq Scan on partsupp  (cost=0.00..254386.00 rows=8000000 width=14) (actual time=0.010..550.805 rows=8000000 loops=1)
                                             ->  Hash  (cost=1949109.01..1949109.01 rows=3062366 width=33) (actual time=15362.554..15362.561 rows=3248192 loops=1)
                                                   Buckets: 4194304  Batches: 1  Memory Usage: 248226kB
                                                   ->  Hash Join  (cost=67238.27..1949109.01 rows=3062366 width=33) (actual time=510.278..14348.296 rows=3248192 loops=1)
                                                         Hash Cond: (lineitem.l_partkey = part.p_partkey)
                                                         ->  Seq Scan on lineitem  (cost=0.00..1724406.08 rows=59986408 width=29) (actual time=0.032..5517.768 rows=59986052 loops=1)
                                                         ->  Hash  (cost=65962.00..65962.00 rows=102102 width=4) (actual time=509.724..509.725 rows=108312 loops=1)
                                                               Buckets: 131072  Batches: 1  Memory Usage: 4832kB
                                                               ->  Seq Scan on part  (cost=0.00..65962.00 rows=102102 width=4) (actual time=0.018..492.438 rows=108312 loops=1)
                                                                     Filter: ((p_name)::text ~~ '%navy%'::text)
                                                                     Rows Removed by Filter: 1891688
                           ->  Hash  (cost=3216.00..3216.00 rows=100000 width=8) (actual time=31.955..31.956 rows=100000 loops=1)
                                 Buckets: 131072  Batches: 1  Memory Usage: 4931kB
                                 ->  Seq Scan on supplier  (cost=0.00..3216.00 rows=100000 width=8) (actual time=0.011..20.102 rows=100000 loops=1)
                     ->  Hash  (cost=1.25..1.25 rows=25 width=30) (actual time=0.031..0.032 rows=25 loops=1)
                           Buckets: 1024  Batches: 1  Memory Usage: 10kB
                           ->  Seq Scan on nation  (cost=0.00..1.25 rows=25 width=30) (actual time=0.021..0.025 rows=25 loops=1)
 Settings: effective_io_concurrency = '64', maintenance_io_concurrency = '64', max_parallel_workers_per_gather = '0', work_mem = '256MB'
 Planning Time: 8.237 ms
 JIT:
   Functions: 56
   Options: Inlining true, Optimization true, Expressions true, Deforming true
   Timing: Generation 6.002 ms, Inlining 70.819 ms, Optimization 341.816 ms, Emission 187.957 ms, Total 606.594 ms
 Execution Time: 30834.808 ms
(42 rows)

===== 10.sql jit=off =====
                                                                                         QUERY PLAN                                                                                         
--------------------------------------------------------------------------------------------------------------------------------------------------------------------------------------------
 Limit  (cost=2381309.99..2381310.04 rows=20 width=201) (actual time=15520.012..15520.021 rows=20 loops=1)
   ->  Sort  (cost=2381309.99..2382717.95 rows=563184 width=201) (actual time=15520.011..15520.017 rows=20 loops=1)
         Sort Key: (sum((lineitem.l_extendedprice * ('1'::numeric - lineitem.l_discount)))) DESC
         Sort Method: top-N heapsort  Memory: 34kB
         ->  HashAggregate  (cost=2359284.06..2366323.86 rows=563184 width=201) (actual time=15168.110..15411.825 rows=381205 loops=1)
               Group Key: customer.c_custkey, nation.n_name
               Batches: 1  Memory Usage: 258065kB
               ->  Nested Loop  (cost=2251431.53..2352244.26 rows=563184 width=181) (actual time=13216.996..14376.727 rows=1145402 loops=1)
                     ->  Merge Join  (cost=2251431.38..2338422.41 rows=563184 width=159) (actual time=13216.975..13997.023 rows=1145402 loops=1)
                           Merge Cond: (customer.c_custkey = orders.o_custkey)
                           ->  Index Scan using customer_pkey on customer  (cost=0.43..74794.43 rows=1500000 width=147) (actual time=0.017..288.120 rows=1499997 loops=1)
                           ->  Sort  (cost=2251430.59..2252838.55 rows=563184 width=16) (actual time=13216.943..13354.316 rows=1145402 loops=1)
                                 Sort Key: orders.o_custkey
                                 Sort Method: quicksort  Memory: 129805kB
                                 ->  Hash Join  (cost=284407.79..2197637.38 rows=563184 width=16) (actual time=761.202..12850.672 rows=1145402 loops=1)
                                       Hash Cond: (lineitem.l_orderkey = orders.o_orderkey)
                                       ->  Seq Scan on lineitem  (cost=0.00..1874372.10 rows=14802846 width=16) (actual time=0.034..10076.080 rows=14808183 loops=1)
                                             Filter: (l_returnflag = 'R'::bpchar)
                                             Rows Removed by Filter: 45177869
                                       ->  Hash  (cost=277274.23..277274.23 rows=570685 width=8) (actual time=756.838..756.839 rows=573160 loops=1)
                                             Buckets: 1048576  Batches: 1  Memory Usage: 30582kB
                                             ->  Bitmap Heap Scan on orders  (cost=7801.96..277274.23 rows=570685 width=8) (actual time=144.766..647.037 rows=573160 loops=1)
                                                   Recheck Cond: ((o_orderdate >= '1994-08-01'::date) AND (o_orderdate < '1994-11-01'::date))
                                                   Heap Blocks: exact=233137
                                                   ->  Bitmap Index Scan on idx_orders_orderdate  (cost=0.00..7659.29 rows=570685 width=0) (actual time=78.295..78.295 rows=573160 loops=1)
                                                         Index Cond: ((o_orderdate >= '1994-08-01'::date) AND (o_orderdate < '1994-11-01'::date))
                     ->  Memoize  (cost=0.15..2.17 rows=1 width=30) (actual time=0.000..0.000 rows=1 loops=1145402)
                           Cache Key: customer.c_nationkey
                           Hits: 1145377  Misses: 25  Evictions: 0  Overflows: 0  Memory Usage: 4kB
                           ->  Index Scan using nation_pkey on nation  (cost=0.14..2.16 rows=1 width=30) (actual time=0.001..0.001 rows=1 loops=25)
                                 Index Cond: (n_nationkey = customer.c_nationkey)
 Settings: effective_io_concurrency = '64', jit = 'off', maintenance_io_concurrency = '64', max_parallel_workers_per_gather = '0', work_mem = '256MB'
 Planning Time: 2.388 ms
 Execution Time: 15541.598 ms
(34 rows)

===== 11.sql jit=off =====
                                                                             QUERY PLAN                                                                              
---------------------------------------------------------------------------------------------------------------------------------------------------------------------
 Limit  (cost=94747.14..94747.15 rows=1 width=36) (actual time=1245.858..1245.864 rows=0 loops=1)
   InitPlan 1 (returns $2)
     ->  Aggregate  (cost=44306.90..44306.91 rows=1 width=32) (actual time=408.919..408.922 rows=1 loops=1)
           ->  Nested Loop  (cost=47.72..41906.90 rows=320000 width=10) (actual time=0.724..325.281 rows=320800 loops=1)
                 ->  Nested Loop  (cost=47.29..2404.57 rows=4000 width=4) (actual time=0.714..4.216 rows=4010 loops=1)
                       ->  Seq Scan on nation nation_1  (cost=0.00..1.31 rows=1 width=4) (actual time=0.009..0.013 rows=1 loops=1)
                             Filter: (n_name = 'SAUDI ARABIA'::bpchar)
                             Rows Removed by Filter: 24
                       ->  Bitmap Heap Scan on supplier supplier_1  (cost=47.29..2363.25 rows=4000 width=8) (actual time=0.701..3.755 rows=4010 loops=1)
                             Recheck Cond: (s_nationkey = nation_1.n_nationkey)
                             Heap Blocks: exact=1857
                             ->  Bitmap Index Scan on idx_supplier_nation_key  (cost=0.00..46.29 rows=4000 width=0) (actual time=0.452..0.452 rows=4010 loops=1)
                                   Index Cond: (s_nationkey = nation_1.n_nationkey)
                 ->  Index Scan using idx_partsupp_suppkey on partsupp partsupp_1  (cost=0.43..9.08 rows=80 width=14) (actual time=0.003..0.071 rows=80 loops=4010)
                       Index Cond: (ps_suppkey = supplier_1.s_suppkey)
   ->  Sort  (cost=50440.23..50706.90 rows=106667 width=36) (actual time=1245.857..1245.859 rows=0 loops=1)
         Sort Key: (sum((partsupp.ps_supplycost * (partsupp.ps_availqty)::numeric))) DESC
         Sort Method: quicksort  Memory: 25kB
         ->  HashAggregate  (cost=45106.90..49906.90 rows=106667 width=36) (actual time=1245.824..1245.827 rows=0 loops=1)
               Group Key: partsupp.ps_partkey
               Filter: (sum((partsupp.ps_supplycost * (partsupp.ps_availqty)::numeric)) > $2)
               Batches: 1  Memory Usage: 135185kB
               Rows Removed by Filter: 301833
               ->  Nested Loop  (cost=47.72..41906.90 rows=320000 width=14) (actual time=0.948..444.652 rows=320800 loops=1)
                     ->  Nested Loop  (cost=47.29..2404.57 rows=4000 width=4) (actual time=0.914..6.539 rows=4010 loops=1)
                           ->  Seq Scan on nation  (cost=0.00..1.31 rows=1 width=4) (actual time=0.025..0.029 rows=1 loops=1)
                                 Filter: (n_name = 'SAUDI ARABIA'::bpchar)
                                 Rows Removed by Filter: 24
                           ->  Bitmap Heap Scan on supplier  (cost=47.29..2363.25 rows=4000 width=8) (actual time=0.885..5.916 rows=4010 loops=1)
                                 Recheck Cond: (s_nationkey = nation.n_nationkey)
                                 Heap Blocks: exact=1857
                                 ->  Bitmap Index Scan on idx_supplier_nation_key  (cost=0.00..46.29 rows=4000 width=0) (actual time=0.587..0.587 rows=4010 loops=1)
                                       Index Cond: (s_nationkey = nation.n_nationkey)
                     ->  Index Scan using idx_partsupp_suppkey on partsupp  (cost=0.43..9.08 rows=80 width=18) (actual time=0.007..0.100 rows=80 loops=4010)
                           Index Cond: (ps_suppkey = supplier.s_suppkey)
 Settings: effective_io_concurrency = '64', jit = 'off', maintenance_io_concurrency = '64', max_parallel_workers_per_gather = '0', work_mem = '256MB'
 Planning Time: 1.772 ms
 Execution Time: 1260.140 ms
(38 rows)

===== 12.sql jit=off =====
                                                                                                                    QUERY PLAN                                                                                                                     
---------------------------------------------------------------------------------------------------------------------------------------------------------------------------------------------------------------------------------------------------
 Limit  (cost=3030206.76..3031028.76 rows=1 width=27) (actual time=18284.551..18284.555 rows=1 loops=1)
   ->  GroupAggregate  (cost=3030206.76..3035960.71 rows=7 width=27) (actual time=18284.550..18284.553 rows=1 loops=1)
         Group Key: lineitem.l_shipmode
         ->  Sort  (cost=3030206.76..3030926.00 rows=287694 width=27) (actual time=18242.931..18249.188 rows=155572 loops=1)
               Sort Key: lineitem.l_shipmode
               Sort Method: quicksort  Memory: 36606kB
               ->  Hash Join  (cost=2477832.35..3004121.29 rows=287694 width=27) (actual time=14427.064..18179.740 rows=311258 loops=1)
                     Hash Cond: (orders.o_orderkey = lineitem.l_orderkey)
                     ->  Seq Scan on orders  (cost=0.00..410912.00 rows=15000000 width=20) (actual time=0.017..943.226 rows=15000000 loops=1)
                     ->  Hash  (cost=2474236.18..2474236.18 rows=287694 width=15) (actual time=14424.972..14424.973 rows=311258 loops=1)
                           Buckets: 524288  Batches: 1  Memory Usage: 18687kB
                           ->  Seq Scan on lineitem  (cost=0.00..2474236.18 rows=287694 width=15) (actual time=0.240..14348.045 rows=311258 loops=1)
                                 Filter: ((l_shipmode = ANY ('{SHIP,"REG AIR"}'::bpchar[])) AND (l_commitdate < l_receiptdate) AND (l_shipdate < l_commitdate) AND (l_receiptdate >= '1994-01-01'::date) AND (l_receiptdate < '1995-01-01'::date))
                                 Rows Removed by Filter: 59674794
 Settings: effective_io_concurrency = '64', jit = 'off', maintenance_io_concurrency = '64', max_parallel_workers_per_gather = '0', work_mem = '256MB'
 Planning Time: 1.405 ms
 Execution Time: 18286.852 ms
(17 rows)

===== 13.sql jit=off =====
                                                                                    QUERY PLAN                                                                                     
-----------------------------------------------------------------------------------------------------------------------------------------------------------------------------------
 Limit  (cost=656745.18..656745.18 rows=1 width=16) (actual time=16955.534..16955.538 rows=1 loops=1)
   ->  Sort  (cost=656745.18..656745.68 rows=200 width=16) (actual time=16955.533..16955.536 rows=1 loops=1)
         Sort Key: (count(*)) DESC, (count(orders.o_orderkey)) DESC
         Sort Method: top-N heapsort  Memory: 25kB
         ->  HashAggregate  (cost=656742.18..656744.18 rows=200 width=16) (actual time=16955.495..16955.503 rows=46 loops=1)
               Group Key: count(orders.o_orderkey)
               Batches: 1  Memory Usage: 40kB
               ->  HashAggregate  (cost=619242.18..634242.18 rows=1500000 width=12) (actual time=16462.166..16778.326 rows=1500000 loops=1)
                     Group Key: customer.c_custkey
                     Batches: 1  Memory Usage: 172049kB
                     ->  Hash Right Join  (cost=57714.43..545067.99 rows=14834838 width=8) (actual time=377.209..11603.607 rows=15337604 loops=1)
                           Hash Cond: (orders.o_custkey = customer.c_custkey)
                           ->  Seq Scan on orders  (cost=0.00..448412.00 rows=14834838 width=8) (actual time=0.016..5714.341 rows=14837583 loops=1)
                                 Filter: ((o_comment)::text !~~ '%special%requests%'::text)
                                 Rows Removed by Filter: 162417
                           ->  Hash  (cost=38964.43..38964.43 rows=1500000 width=4) (actual time=368.888..368.889 rows=1500000 loops=1)
                                 Buckets: 2097152  Batches: 1  Memory Usage: 69119kB
                                 ->  Index Only Scan using customer_pkey on customer  (cost=0.43..38964.43 rows=1500000 width=4) (actual time=0.035..140.378 rows=1500000 loops=1)
                                       Heap Fetches: 0
 Settings: effective_io_concurrency = '64', jit = 'off', maintenance_io_concurrency = '64', max_parallel_workers_per_gather = '0', work_mem = '256MB'
 Planning Time: 1.502 ms
 Execution Time: 16989.146 ms
(22 rows)

===== 14.sql jit=off =====
                                                                            QUERY PLAN                                                                            
------------------------------------------------------------------------------------------------------------------------------------------------------------------
 Limit  (cost=1205196.58..1205196.60 rows=1 width=32) (actual time=2544.468..2544.472 rows=1 loops=1)
   ->  Aggregate  (cost=1205196.58..1205196.60 rows=1 width=32) (actual time=2544.467..2544.470 rows=1 loops=1)
         ->  Hash Join  (cost=106101.61..1191471.38 rows=784297 width=33) (actual time=1078.939..2230.366 rows=772942 loops=1)
               Hash Cond: (lineitem.l_partkey = part.p_partkey)
               ->  Bitmap Heap Scan on lineitem  (cost=20139.61..1103450.60 rows=784297 width=16) (actual time=290.898..1055.224 rows=772942 loops=1)
                     Recheck Cond: ((l_shipdate >= '1994-05-01'::date) AND (l_shipdate < '1994-06-01'::date))
                     Heap Blocks: exact=416660
                     ->  Bitmap Index Scan on idx_lineitem_shipdate  (cost=0.00..19943.53 rows=784297 width=0) (actual time=174.456..174.456 rows=772942 loops=1)
                           Index Cond: ((l_shipdate >= '1994-05-01'::date) AND (l_shipdate < '1994-06-01'::date))
               ->  Hash  (cost=60962.00..60962.00 rows=2000000 width=25) (actual time=780.246..780.247 rows=2000000 loops=1)
                     Buckets: 2097152  Batches: 1  Memory Usage: 131903kB
                     ->  Seq Scan on part  (cost=0.00..60962.00 rows=2000000 width=25) (actual time=0.023..373.854 rows=2000000 loops=1)
 Settings: effective_io_concurrency = '64', jit = 'off', maintenance_io_concurrency = '64', max_parallel_workers_per_gather = '0', work_mem = '256MB'
 Planning Time: 1.284 ms
 Execution Time: 2547.789 ms
(15 rows)

===== 15.sql jit=off =====
                                                                       QUERY PLAN                                                                       
--------------------------------------------------------------------------------------------------------------------------------------------------------
 HashAggregate  (cost=1238965.77..1240213.95 rows=99854 width=36) (actual time=3484.010..3527.925 rows=100000 loops=1)
   Group Key: l_suppkey
   Batches: 1  Memory Usage: 47121kB
   ->  Bitmap Heap Scan on lineitem  (cost=57973.27..1216385.57 rows=2258020 width=16) (actual time=550.036..1932.096 rows=2265714 loops=1)
         Recheck Cond: ((l_shipdate >= '1996-01-01'::date) AND (l_shipdate < '1996-04-01'::date))
         Heap Blocks: exact=668609
         ->  Bitmap Index Scan on idx_lineitem_shipdate  (cost=0.00..57408.76 rows=2258020 width=0) (actual time=361.016..361.017 rows=2265714 loops=1)
               Index Cond: ((l_shipdate >= '1996-01-01'::date) AND (l_shipdate < '1996-04-01'::date))
 Settings: effective_io_concurrency = '64', jit = 'off', maintenance_io_concurrency = '64', max_parallel_workers_per_gather = '0', work_mem = '256MB'
 Planning Time: 0.849 ms
 Execution Time: 3535.390 ms
(11 rows)

CREATE VIEW
                                                                                   QUERY PLAN                                                                                   
--------------------------------------------------------------------------------------------------------------------------------------------------------------------------------
 Limit  (cost=2481953.35..2481963.54 rows=1 width=103) (actual time=6173.592..6173.596 rows=1 loops=1)
   InitPlan 1 (returns $0)
     ->  Aggregate  (cost=1241462.12..1241462.13 rows=1 width=32) (actual time=3080.041..3080.043 rows=1 loops=1)
           ->  HashAggregate  (cost=1238965.77..1240213.95 rows=99854 width=36) (actual time=3029.400..3073.955 rows=100000 loops=1)
                 Group Key: lineitem_1.l_suppkey
                 Batches: 1  Memory Usage: 47121kB
                 ->  Bitmap Heap Scan on lineitem lineitem_1  (cost=57973.27..1216385.57 rows=2258020 width=16) (actual time=462.396..1535.175 rows=2265714 loops=1)
                       Recheck Cond: ((l_shipdate >= '1996-01-01'::date) AND (l_shipdate < '1996-04-01'::date))
                       Heap Blocks: exact=668609
                       ->  Bitmap Index Scan on idx_lineitem_shipdate  (cost=0.00..57408.76 rows=2258020 width=0) (actual time=281.852..281.853 rows=2265714 loops=1)
                             Index Cond: ((l_shipdate >= '1996-01-01'::date) AND (l_shipdate < '1996-04-01'::date))
   ->  Merge Join  (cost=1240491.22..1245574.87 rows=499 width=103) (actual time=6173.591..6173.592 rows=1 loops=1)
         Merge Cond: (supplier.s_suppkey = revenue0.supplier_no)
         ->  Index Scan using supplier_pkey on supplier  (cost=0.29..4826.45 rows=100000 width=71) (actual time=0.009..11.999 rows=69998 loops=1)
         ->  Sort  (cost=1240490.93..1240492.18 rows=499 width=36) (actual time=6157.412..6157.414 rows=1 loops=1)
               Sort Key: revenue0.supplier_no
               Sort Method: quicksort  Memory: 25kB
               ->  Subquery Scan on revenue0  (cost=1238965.77..1240468.57 rows=499 width=36) (actual time=6126.160..6157.407 rows=1 loops=1)
                     ->  HashAggregate  (cost=1238965.77..1240463.58 rows=499 width=36) (actual time=6126.159..6157.405 rows=1 loops=1)
                           Group Key: lineitem.l_suppkey
                           Filter: (sum((lineitem.l_extendedprice * ('1'::numeric - lineitem.l_discount))) = $0)
                           Batches: 1  Memory Usage: 47121kB
                           Rows Removed by Filter: 99999
                           ->  Bitmap Heap Scan on lineitem  (cost=57973.27..1216385.57 rows=2258020 width=16) (actual time=463.079..1533.421 rows=2265714 loops=1)
                                 Recheck Cond: ((l_shipdate >= '1996-01-01'::date) AND (l_shipdate < '1996-04-01'::date))
                                 Heap Blocks: exact=668609
                                 ->  Bitmap Index Scan on idx_lineitem_shipdate  (cost=0.00..57408.76 rows=2258020 width=0) (actual time=281.255..281.255 rows=2265714 loops=1)
                                       Index Cond: ((l_shipdate >= '1996-01-01'::date) AND (l_shipdate < '1996-04-01'::date))
 Settings: effective_io_concurrency = '64', jit = 'off', maintenance_io_concurrency = '64', max_parallel_workers_per_gather = '0', work_mem = '256MB'
 Planning Time: 0.499 ms
 Execution Time: 6182.062 ms
(31 rows)

DROP VIEW
===== 16.sql jit=off =====
                                                                                         QUERY PLAN                                                                                         
--------------------------------------------------------------------------------------------------------------------------------------------------------------------------------------------
 Limit  (cost=402878.70..402878.70 rows=1 width=44) (actual time=6054.332..6054.336 rows=1 loops=1)
   ->  Sort  (cost=402878.70..403262.62 rows=153570 width=44) (actual time=6054.330..6054.334 rows=1 loops=1)
         Sort Key: (count(DISTINCT partsupp.ps_suppkey)) DESC, part.p_brand, part.p_type, part.p_size
         Sort Method: top-N heapsort  Memory: 25kB
         ->  GroupAggregate  (cost=393171.05..402110.85 rows=153570 width=44) (actual time=5635.211..6049.984 rows=27838 loops=1)
               Group Key: part.p_brand, part.p_type, part.p_size
               ->  Sort  (cost=393171.05..394651.87 rows=592328 width=40) (actual time=5635.168..5728.873 rows=1186319 loops=1)
                     Sort Key: part.p_brand, part.p_type, part.p_size
                     Sort Method: quicksort  Memory: 141834kB
                     ->  Hash Join  (cost=98130.51..336378.53 rows=592328 width=40) (actual time=634.677..2812.895 rows=1186319 loops=1)
                           Hash Cond: (partsupp.ps_partkey = part.p_partkey)
                           ->  Index Only Scan using partsupp_pkey on partsupp  (cost=3466.46..231214.46 rows=4000000 width=8) (actual time=29.164..1371.268 rows=7995520 loops=1)
                                 Filter: (NOT (hashed SubPlan 1))
                                 Rows Removed by Filter: 4480
                                 Heap Fetches: 0
                                 SubPlan 1
                                   ->  Seq Scan on supplier  (cost=0.00..3466.00 rows=10 width=4) (actual time=0.138..29.109 rows=56 loops=1)
                                         Filter: ((s_comment)::text ~~ '%Customer%Complaints%'::text)
                                         Rows Removed by Filter: 99944
                           ->  Hash  (cost=90962.00..90962.00 rows=296164 width=40) (actual time=603.453..603.453 rows=296733 loops=1)
                                 Buckets: 524288  Batches: 1  Memory Usage: 25593kB
                                 ->  Seq Scan on part  (cost=0.00..90962.00 rows=296164 width=40) (actual time=0.021..534.372 rows=296733 loops=1)
                                       Filter: ((p_brand <> 'Brand#12'::bpchar) AND ((p_type)::text !~~ 'SMALL BRUSHED%'::text) AND (p_size = ANY ('{12,32,36,26,40,34,49,9}'::integer[])))
                                       Rows Removed by Filter: 1703267
 Settings: effective_io_concurrency = '64', jit = 'off', maintenance_io_concurrency = '64', max_parallel_workers_per_gather = '0', work_mem = '256MB'
 Planning Time: 1.607 ms
 Execution Time: 6061.573 ms
(27 rows)

===== 17-flattened.sql jit=off =====
                                                                      QUERY PLAN                                                                      
------------------------------------------------------------------------------------------------------------------------------------------------------
 HashAggregate  (cost=5567285.34..6182079.63 rows=1932635 width=36) (actual time=36026.269..57568.391 rows=2000000 loops=1)
   Group Key: l_partkey
   Planned Partitions: 4  Batches: 5  Memory Usage: 262193kB  Disk Usage: 1517688kB
   ->  Seq Scan on lineitem  (cost=0.00..1724406.08 rows=59986408 width=9) (actual time=0.037..5158.876 rows=59986052 loops=1)
 Settings: effective_io_concurrency = '64', jit = 'off', maintenance_io_concurrency = '64', max_parallel_workers_per_gather = '0', work_mem = '256MB'
 Planning Time: 0.736 ms
 Execution Time: 57766.893 ms
(7 rows)

SELECT 2000000
CREATE INDEX
ANALYZE
                                                                                 QUERY PLAN                                                                                 
----------------------------------------------------------------------------------------------------------------------------------------------------------------------------
 Limit  (cost=235075.48..235075.50 rows=1 width=32) (actual time=369.113..369.115 rows=1 loops=1)
   ->  Aggregate  (cost=235075.48..235075.50 rows=1 width=32) (actual time=369.112..369.113 rows=1 loops=1)
         ->  Nested Loop  (cost=0.87..235026.32 rows=19666 width=8) (actual time=0.128..368.493 rows=5319 loops=1)
               Join Filter: (part.p_partkey = lineitem.l_partkey)
               ->  Nested Loop  (cost=0.43..85820.99 rows=1967 width=20) (actual time=0.113..297.893 rows=1996 loops=1)
                     ->  Seq Scan on part  (cost=0.00..70962.00 rows=1967 width=4) (actual time=0.099..282.402 rows=1996 loops=1)
                           Filter: ((p_brand = 'Brand#22'::bpchar) AND (p_container = 'LG BOX'::bpchar))
                           Rows Removed by Filter: 1998004
                     ->  Index Scan using idx_tmp_avg_quantity on tmp_avg_quantity part_agg  (cost=0.43..7.54 rows=1 width=16) (actual time=0.007..0.007 rows=1 loops=1996)
                           Index Cond: (agg_partkey = part.p_partkey)
               ->  Index Scan using idx_lineitem_part_supp on lineitem  (cost=0.44..75.73 rows=10 width=17) (actual time=0.014..0.035 rows=3 loops=1996)
                     Index Cond: (l_partkey = part_agg.agg_partkey)
                     Filter: (l_quantity < part_agg.avg_quantity)
                     Rows Removed by Filter: 27
 Settings: effective_io_concurrency = '64', jit = 'off', maintenance_io_concurrency = '64', max_parallel_workers_per_gather = '0', work_mem = '256MB'
 Planning Time: 0.782 ms
 Execution Time: 369.148 ms
(17 rows)

DROP TABLE
===== 17.sql jit=off =====
                                                                            QUERY PLAN                                                                            
------------------------------------------------------------------------------------------------------------------------------------------------------------------
 Limit  (cost=6420730.08..6420730.09 rows=1 width=32) (actual time=58169.930..58169.933 rows=1 loops=1)
   ->  Aggregate  (cost=6420730.08..6420730.09 rows=1 width=32) (actual time=58169.929..58169.931 rows=1 loops=1)
         ->  Nested Loop  (cost=5638272.37..6420682.57 rows=19003 width=8) (actual time=36367.407..58169.171 rows=5319 loops=1)
               Join Filter: (part.p_partkey = lineitem.l_partkey)
               ->  Hash Join  (cost=5638271.93..6277465.75 rows=1901 width=40) (actual time=36365.523..58090.769 rows=1996 loops=1)
                     Hash Cond: (lineitem_1.l_partkey = part.p_partkey)
                     ->  HashAggregate  (cost=5567285.34..6182079.63 rows=1932635 width=36) (actual time=35984.792..57533.419 rows=2000000 loops=1)
                           Group Key: lineitem_1.l_partkey
                           Planned Partitions: 4  Batches: 5  Memory Usage: 262193kB  Disk Usage: 1517688kB
                           ->  Seq Scan on lineitem lineitem_1  (cost=0.00..1724406.08 rows=59986408 width=9) (actual time=0.018..5093.832 rows=59986052 loops=1)
                     ->  Hash  (cost=70962.00..70962.00 rows=1967 width=4) (actual time=380.651..380.652 rows=1996 loops=1)
                           Buckets: 2048  Batches: 1  Memory Usage: 87kB
                           ->  Seq Scan on part  (cost=0.00..70962.00 rows=1967 width=4) (actual time=0.285..380.181 rows=1996 loops=1)
                                 Filter: ((p_brand = 'Brand#22'::bpchar) AND (p_container = 'LG BOX'::bpchar))
                                 Rows Removed by Filter: 1998004
               ->  Index Scan using idx_lineitem_part_supp on lineitem  (cost=0.44..75.21 rows=10 width=17) (actual time=0.016..0.038 rows=3 loops=1996)
                     Index Cond: (l_partkey = lineitem_1.l_partkey)
                     Filter: (l_quantity < ((0.2 * avg(lineitem_1.l_quantity))))
                     Rows Removed by Filter: 27
 Settings: effective_io_concurrency = '64', jit = 'off', maintenance_io_concurrency = '64', max_parallel_workers_per_gather = '0', work_mem = '256MB'
 Planning Time: 1.588 ms
 Execution Time: 58313.136 ms
(22 rows)

===== 18.sql jit=off =====
                                                                                                 QUERY PLAN                                                                                                  
-------------------------------------------------------------------------------------------------------------------------------------------------------------------------------------------------------------
 Limit  (cost=9939239.73..9939239.98 rows=100 width=71) (actual time=43386.949..43386.962 rows=99 loops=1)
   ->  Sort  (cost=9939239.73..9989217.07 rows=19990938 width=71) (actual time=43386.947..43386.954 rows=99 loops=1)
         Sort Key: orders.o_totalprice DESC, orders.o_orderdate
         Sort Method: quicksort  Memory: 32kB
         ->  HashAggregate  (cost=8573910.52..9175200.45 rows=19990938 width=71) (actual time=43383.886..43386.845 rows=99 loops=1)
               Group Key: customer.c_custkey, orders.o_orderkey
               Planned Partitions: 32  Batches: 1  Memory Usage: 24657kB
               ->  Hash Join  (cost=69584.55..6618546.90 rows=19990938 width=44) (actual time=1641.102..43383.239 rows=693 loops=1)
                     Hash Cond: (orders.o_custkey = customer.c_custkey)
                     ->  Merge Join  (cost=7.55..6496493.54 rows=19990938 width=25) (actual time=981.734..42723.508 rows=693 loops=1)
                           Merge Cond: (orders.o_orderkey = lineitem.l_orderkey)
                           ->  Merge Join  (cost=1.00..3729732.70 rows=4998867 width=24) (actual time=699.931..30166.919 rows=99 loops=1)
                                 Merge Cond: (orders.o_orderkey = lineitem_1.l_orderkey)
                                 ->  Index Scan using orders_pkey on orders  (cost=0.43..650439.44 rows=15000000 width=20) (actual time=0.041..3159.625 rows=14982724 loops=1)
                                 ->  GroupAggregate  (cost=0.56..2929318.75 rows=4998867 width=4) (actual time=607.565..26103.311 rows=99 loops=1)
                                       Group Key: lineitem_1.l_orderkey
                                       Filter: (sum(lineitem_1.l_quantity) > '313'::numeric)
                                       Rows Removed by Filter: 14999901
                                       ->  Index Scan using idx_lineitem_orderkey on lineitem lineitem_1  (cost=0.56..2404437.69 rows=59986408 width=9) (actual time=0.095..13125.000 rows=59986052 loops=1)
                           ->  Index Scan using idx_lineitem_orderkey on lineitem  (cost=0.56..2404437.69 rows=59986408 width=9) (actual time=0.028..9092.002 rows=59916431 loops=1)
                     ->  Hash  (cost=50827.00..50827.00 rows=1500000 width=23) (actual time=650.859..650.860 rows=1500000 loops=1)
                           Buckets: 2097152  Batches: 1  Memory Usage: 98416kB
                           ->  Seq Scan on customer  (cost=0.00..50827.00 rows=1500000 width=23) (actual time=0.020..351.663 rows=1500000 loops=1)
 Settings: effective_io_concurrency = '64', jit = 'off', maintenance_io_concurrency = '64', max_parallel_workers_per_gather = '0', work_mem = '256MB'
 Planning Time: 2.508 ms
 Execution Time: 43402.217 ms
(26 rows)

===== 19.sql jit=off =====
                                                                                                                                                                                                                                                                                                                                                                                                                                                                                                            QUERY PLAN                                                                                                                                                                                                                                                                                                                                                                                                                                                                                                            
----------------------------------------------------------------------------------------------------------------------------------------------------------------------------------------------------------------------------------------------------------------------------------------------------------------------------------------------------------------------------------------------------------------------------------------------------------------------------------------------------------------------------------------------------------------------------------------------------------------------------------------------------------------------------------------------------------------------------------------------------------------------------------------------------------------------------------------------------------------------------------------------------------------------------------------------------------------------------------------------------------------------------------
 Limit  (cost=709503.97..709503.98 rows=1 width=32) (actual time=916.841..916.843 rows=1 loops=1)
   ->  Aggregate  (cost=709503.97..709503.98 rows=1 width=32) (actual time=916.840..916.841 rows=1 loops=1)
         ->  Nested Loop  (cost=0.44..709495.65 rows=1109 width=12) (actual time=4.766..916.229 rows=1063 loops=1)
               ->  Seq Scan on part  (cost=0.00..125962.00 rows=4733 width=30) (actual time=0.348..532.451 rows=4781 loops=1)
                     Filter: ((p_size >= 1) AND (((p_brand = 'Brand#24'::bpchar) AND (p_container = ANY ('{"SM CASE","SM BOX","SM PACK","SM PKG"}'::bpchar[])) AND (p_size <= 5)) OR ((p_brand = 'Brand#43'::bpchar) AND (p_container = ANY ('{"MED BAG","MED BOX","MED PKG","MED PACK"}'::bpchar[])) AND (p_size <= 10)) OR ((p_brand = 'Brand#44'::bpchar) AND (p_container = ANY ('{"LG CASE","LG BOX","LG PACK","LG PKG"}'::bpchar[])) AND (p_size <= 15))))
                     Rows Removed by Filter: 1995219
               ->  Index Scan using idx_lineitem_part_supp on lineitem  (cost=0.44..123.28 rows=1 width=21) (actual time=0.072..0.080 rows=0 loops=4781)
                     Index Cond: (l_partkey = part.p_partkey)
                     Filter: ((l_shipmode = ANY ('{AIR,"AIR REG"}'::bpchar[])) AND (l_shipinstruct = 'DELIVER IN PERSON'::bpchar) AND (((l_quantity >= '10'::numeric) AND (l_quantity <= '20'::numeric)) OR ((l_quantity >= '10'::numeric) AND (l_quantity <= '20'::numeric)) OR ((l_quantity >= '20'::numeric) AND (l_quantity <= '30'::numeric))) AND (((part.p_brand = 'Brand#24'::bpchar) AND (part.p_container = ANY ('{"SM CASE","SM BOX","SM PACK","SM PKG"}'::bpchar[])) AND (l_quantity >= '10'::numeric) AND (l_quantity <= '20'::numeric) AND (part.p_size <= 5)) OR ((part.p_brand = 'Brand#43'::bpchar) AND (part.p_container = ANY ('{"MED BAG","MED BOX","MED PKG","MED PACK"}'::bpchar[])) AND (l_quantity >= '10'::numeric) AND (l_quantity <= '20'::numeric) AND (part.p_size <= 10)) OR ((part.p_brand = 'Brand#44'::bpchar) AND (part.p_container = ANY ('{"LG CASE","LG BOX","LG PACK","LG PKG"}'::bpchar[])) AND (l_quantity >= '20'::numeric) AND (l_quantity <= '30'::numeric) AND (part.p_size <= 15))))
                     Rows Removed by Filter: 30
 Settings: effective_io_concurrency = '64', jit = 'off', maintenance_io_concurrency = '64', max_parallel_workers_per_gather = '0', work_mem = '256MB'
 Planning Time: 1.656 ms
 Execution Time: 916.961 ms
(13 rows)

===== 1.sql jit=off =====
                                                                      QUERY PLAN                                                                      
------------------------------------------------------------------------------------------------------------------------------------------------------
 Limit  (cost=3948954.84..3948954.84 rows=1 width=236) (actual time=71966.895..71966.896 rows=1 loops=1)
   ->  Sort  (cost=3948954.84..3948954.85 rows=6 width=236) (actual time=71966.894..71966.894 rows=1 loops=1)
         Sort Key: l_returnflag, l_linestatus
         Sort Method: top-N heapsort  Memory: 25kB
         ->  HashAggregate  (cost=3948954.65..3948954.81 rows=6 width=236) (actual time=71966.855..71966.863 rows=4 loops=1)
               Group Key: l_returnflag, l_linestatus
               Batches: 1  Memory Usage: 32kB
               ->  Seq Scan on lineitem  (cost=0.00..1874372.10 rows=59273787 width=25) (actual time=0.044..11267.398 rows=59284448 loops=1)
                     Filter: (l_shipdate <= '1998-09-10 00:00:00'::timestamp without time zone)
                     Rows Removed by Filter: 701604
 Settings: effective_io_concurrency = '64', jit = 'off', maintenance_io_concurrency = '64', max_parallel_workers_per_gather = '0', work_mem = '256MB'
 Planning Time: 0.949 ms
 Execution Time: 71966.980 ms
(13 rows)

===== 20-flattened.sql jit=off =====
                                                                        QUERY PLAN                                                                         
-----------------------------------------------------------------------------------------------------------------------------------------------------------
 HashAggregate  (cost=2099279.71..2260626.98 rows=4838732 width=40) (actual time=13961.486..21155.709 rows=5448842 loops=1)
   Group Key: l_partkey, l_suppkey
   Planned Partitions: 8  Batches: 41  Memory Usage: 262225kB  Disk Usage: 318560kB
   ->  Bitmap Heap Scan on lineitem  (cost=233361.66..1494248.68 rows=9089668 width=13) (actual time=1605.702..9100.000 rows=9123688 loops=1)
         Recheck Cond: ((l_shipdate >= '1996-01-01'::date) AND (l_shipdate < '1997-01-01'::date))
         Heap Blocks: exact=1048319
         ->  Bitmap Index Scan on idx_lineitem_shipdate  (cost=0.00..231089.24 rows=9089668 width=0) (actual time=1281.761..1281.762 rows=9123688 loops=1)
               Index Cond: ((l_shipdate >= '1996-01-01'::date) AND (l_shipdate < '1997-01-01'::date))
 Settings: effective_io_concurrency = '64', jit = 'off', maintenance_io_concurrency = '64', max_parallel_workers_per_gather = '0', work_mem = '256MB'
 Planning Time: 0.867 ms
 Execution Time: 21362.405 ms
(11 rows)

SELECT 5448842
CREATE INDEX
ANALYZE
                                                                                   QUERY PLAN                                                                                   
--------------------------------------------------------------------------------------------------------------------------------------------------------------------------------
 Limit  (cost=87554.54..87554.54 rows=1 width=51) (actual time=1404.522..1404.525 rows=1 loops=1)
   ->  Sort  (cost=87554.54..87554.54 rows=1 width=51) (actual time=1404.521..1404.523 rows=1 loops=1)
         Sort Key: supplier.s_name
         Sort Method: top-N heapsort  Memory: 25kB
         ->  Nested Loop Semi Join  (cost=48.59..87554.53 rows=1 width=51) (actual time=0.874..1402.772 rows=1821 loops=1)
               ->  Nested Loop  (cost=47.29..2404.57 rows=4000 width=55) (actual time=0.612..12.868 rows=4095 loops=1)
                     ->  Seq Scan on nation  (cost=0.00..1.31 rows=1 width=4) (actual time=0.021..0.025 rows=1 loops=1)
                           Filter: (n_name = 'IRAQ'::bpchar)
                           Rows Removed by Filter: 24
                     ->  Bitmap Heap Scan on supplier  (cost=47.29..2363.25 rows=4000 width=59) (actual time=0.587..11.903 rows=4095 loops=1)
                           Recheck Cond: (s_nationkey = nation.n_nationkey)
                           Heap Blocks: exact=1867
                           ->  Bitmap Index Scan on idx_supplier_nation_key  (cost=0.00..46.29 rows=4000 width=0) (actual time=0.334..0.334 rows=4095 loops=1)
                                 Index Cond: (s_nationkey = nation.n_nationkey)
               ->  Nested Loop  (cost=1.30..21.28 rows=1 width=8) (actual time=0.339..0.339 rows=0 loops=4095)
                     Join Filter: (supplier.s_suppkey = agg_lineitem.agg_suppkey)
                     ->  Nested Loop  (cost=0.87..20.79 rows=1 width=16) (actual time=0.291..0.333 rows=1 loops=4095)
                           ->  Index Scan using idx_partsupp_suppkey on partsupp  (cost=0.43..9.08 rows=80 width=12) (actual time=0.007..0.144 rows=61 loops=4095)
                                 Index Cond: (ps_suppkey = supplier.s_suppkey)
                           ->  Memoize  (cost=0.44..0.48 rows=1 width=4) (actual time=0.003..0.003 rows=0 loops=248000)
                                 Cache Key: partsupp.ps_partkey
                                 Hits: 11702  Misses: 236298  Evictions: 0  Overflows: 0  Memory Usage: 15783kB
                                 ->  Index Scan using part_pkey on part  (cost=0.43..0.47 rows=1 width=4) (actual time=0.003..0.003 rows=0 loops=236298)
                                       Index Cond: (p_partkey = partsupp.ps_partkey)
                                       Filter: ((p_name)::text ~~ 'olive%'::text)
                                       Rows Removed by Filter: 1
                     ->  Index Scan using idx_tmp_agg_lineitem on tmp_agg_lineitem agg_lineitem  (cost=0.43..0.48 rows=1 width=13) (actual time=0.008..0.008 rows=1 loops=2732)
                           Index Cond: ((agg_partkey = partsupp.ps_partkey) AND (agg_suppkey = partsupp.ps_suppkey))
                           Filter: ((partsupp.ps_availqty)::numeric > agg_quantity)
                           Rows Removed by Filter: 0
 Settings: effective_io_concurrency = '64', jit = 'off', maintenance_io_concurrency = '64', max_parallel_workers_per_gather = '0', work_mem = '256MB'
 Planning Time: 1.766 ms
 Execution Time: 1420.739 ms
(33 rows)

DROP TABLE
===== 20.sql jit=off =====
                                                                                          QUERY PLAN                                                                                           
-----------------------------------------------------------------------------------------------------------------------------------------------------------------------------------------------
 Limit  (cost=2426035.33..2426035.33 rows=1 width=51) (actual time=39666.937..39666.944 rows=1 loops=1)
   ->  Sort  (cost=2426035.33..2426035.33 rows=1 width=51) (actual time=39666.936..39666.942 rows=1 loops=1)
         Sort Key: supplier.s_name
         Sort Method: top-N heapsort  Memory: 25kB
         ->  Nested Loop Semi Join  (cost=2165517.42..2426035.32 rows=1 width=51) (actual time=16449.306..39665.324 rows=1821 loops=1)
               Join Filter: (supplier.s_suppkey = lineitem.l_suppkey)
               Rows Removed by Join Filter: 182645835
               ->  Nested Loop  (cost=0.00..4467.31 rows=4000 width=55) (actual time=0.039..24.293 rows=4095 loops=1)
                     Join Filter: (supplier.s_nationkey = nation.n_nationkey)
                     Rows Removed by Join Filter: 95905
                     ->  Seq Scan on nation  (cost=0.00..1.31 rows=1 width=4) (actual time=0.018..0.021 rows=1 loops=1)
                           Filter: (n_name = 'IRAQ'::bpchar)
                           Rows Removed by Filter: 24
                     ->  Seq Scan on supplier  (cost=0.00..3216.00 rows=100000 width=59) (actual time=0.017..15.853 rows=100000 loops=1)
               ->  Materialize  (cost=2165517.42..2421508.01 rows=1 width=8) (actual time=3.506..7.045 rows=44603 loops=4095)
                     ->  Nested Loop  (cost=2165517.42..2421508.00 rows=1 width=8) (actual time=14355.108..22447.555 rows=59002 loops=1)
                           ->  Hash Join  (cost=2165516.98..2387953.27 rows=53279 width=44) (actual time=14355.077..22130.290 rows=59125 loops=1)
                                 Hash Cond: (lineitem.l_partkey = part.p_partkey)
                                 ->  HashAggregate  (cost=2099279.71..2260626.98 rows=4838732 width=40) (actual time=13975.509..21211.017 rows=5448842 loops=1)
                                       Group Key: lineitem.l_partkey, lineitem.l_suppkey
                                       Planned Partitions: 8  Batches: 41  Memory Usage: 262225kB  Disk Usage: 318560kB
                                       ->  Bitmap Heap Scan on lineitem  (cost=233361.66..1494248.68 rows=9089668 width=13) (actual time=1646.782..9117.620 rows=9123688 loops=1)
                                             Recheck Cond: ((l_shipdate >= '1996-01-01'::date) AND (l_shipdate < '1997-01-01'::date))
                                             Heap Blocks: exact=1048319
                                             ->  Bitmap Index Scan on idx_lineitem_shipdate  (cost=0.00..231089.24 rows=9089668 width=0) (actual time=1313.068..1313.069 rows=9123688 loops=1)
                                                   Index Cond: ((l_shipdate >= '1996-01-01'::date) AND (l_shipdate < '1997-01-01'::date))
                                 ->  Hash  (cost=65962.00..65962.00 rows=22022 width=4) (actual time=379.385..379.386 rows=21718 loops=1)
                                       Buckets: 32768  Batches: 1  Memory Usage: 1020kB
                                       ->  Seq Scan on part  (cost=0.00..65962.00 rows=22022 width=4) (actual time=0.058..375.184 rows=21718 loops=1)
                                             Filter: ((p_name)::text ~~ 'olive%'::text)
                                             Rows Removed by Filter: 1978282
                           ->  Index Scan using partsupp_pkey on partsupp  (cost=0.43..0.62 rows=1 width=12) (actual time=0.005..0.005 rows=1 loops=59125)
                                 Index Cond: ((ps_partkey = lineitem.l_partkey) AND (ps_suppkey = lineitem.l_suppkey))
                                 Filter: ((ps_availqty)::numeric > ((0.5 * sum(lineitem.l_quantity))))
                                 Rows Removed by Filter: 0
 Settings: effective_io_concurrency = '64', jit = 'off', maintenance_io_concurrency = '64', max_parallel_workers_per_gather = '0', work_mem = '256MB'
 Planning Time: 2.717 ms
 Execution Time: 39712.901 ms
(38 rows)

===== 21.sql jit=off =====
                                                                                            QUERY PLAN                                                                                             
---------------------------------------------------------------------------------------------------------------------------------------------------------------------------------------------------
 Limit  (cost=4271847.92..4271847.93 rows=1 width=34) (actual time=36287.657..36287.672 rows=100 loops=1)
   ->  Sort  (cost=4271847.92..4271847.93 rows=1 width=34) (actual time=36287.656..36287.665 rows=100 loops=1)
         Sort Key: (count(*)) DESC, supplier.s_name
         Sort Method: top-N heapsort  Memory: 38kB
         ->  GroupAggregate  (cost=4271847.89..4271847.91 rows=1 width=34) (actual time=36278.962..36286.480 rows=3991 loops=1)
               Group Key: supplier.s_name
               ->  Sort  (cost=4271847.89..4271847.90 rows=1 width=26) (actual time=36278.951..36282.258 rows=39281 loops=1)
                     Sort Key: supplier.s_name
                     Sort Method: quicksort  Memory: 3378kB
                     ->  Nested Loop Semi Join  (cost=2204879.03..4271847.88 rows=1 width=26) (actual time=16779.558..36128.636 rows=39281 loops=1)
                           Join Filter: (l2.l_suppkey <> l1.l_suppkey)
                           Rows Removed by Join Filter: 42023
                           ->  Nested Loop  (cost=2204878.46..4271840.34 rows=1 width=38) (actual time=16779.542..35851.761 rows=65960 loops=1)
                                 ->  Hash Anti Join  (cost=2204878.03..4271833.03 rows=1 width=34) (actual time=16776.707..35347.462 rows=134155 loops=1)
                                       Hash Cond: (l1.l_orderkey = l3.l_orderkey)
                                       Join Filter: (l3.l_suppkey <> l1.l_suppkey)
                                       Rows Removed by Join Filter: 547662
                                       ->  Hash Join  (cost=2454.57..1959807.87 rows=799819 width=34) (actual time=8.533..14485.622 rows=1514267 loops=1)
                                             Hash Cond: (l1.l_suppkey = supplier.s_suppkey)
                                             ->  Seq Scan on lineitem l1  (cost=0.00..1874372.10 rows=19995469 width=8) (actual time=0.130..10830.306 rows=37929348 loops=1)
                                                   Filter: (l_receiptdate > l_commitdate)
                                                   Rows Removed by Filter: 22056704
                                             ->  Hash  (cost=2404.57..2404.57 rows=4000 width=30) (actual time=8.354..8.356 rows=3991 loops=1)
                                                   Buckets: 4096  Batches: 1  Memory Usage: 282kB
                                                   ->  Nested Loop  (cost=47.29..2404.57 rows=4000 width=30) (actual time=0.854..7.636 rows=3991 loops=1)
                                                         ->  Seq Scan on nation  (cost=0.00..1.31 rows=1 width=4) (actual time=0.014..0.017 rows=1 loops=1)
                                                               Filter: (n_name = 'PERU'::bpchar)
                                                               Rows Removed by Filter: 24
                                                         ->  Bitmap Heap Scan on supplier  (cost=47.29..2363.25 rows=4000 width=34) (actual time=0.837..7.168 rows=3991 loops=1)
                                                               Recheck Cond: (s_nationkey = nation.n_nationkey)
                                                               Heap Blocks: exact=1873
                                                               ->  Bitmap Index Scan on idx_supplier_nation_key  (cost=0.00..46.29 rows=4000 width=0) (actual time=0.498..0.499 rows=3991 loops=1)
                                                                     Index Cond: (s_nationkey = nation.n_nationkey)
                                       ->  Hash  (cost=1874372.10..1874372.10 rows=19995469 width=8) (actual time=16734.064..16734.065 rows=37929348 loops=1)
                                             Buckets: 8388608  Batches: 8  Memory Usage: 250561kB
                                             ->  Seq Scan on lineitem l3  (cost=0.00..1874372.10 rows=19995469 width=8) (actual time=0.011..11673.648 rows=37929348 loops=1)
                                                   Filter: (l_receiptdate > l_commitdate)
                                                   Rows Removed by Filter: 22056704
                                 ->  Index Scan using orders_pkey on orders  (cost=0.43..7.32 rows=1 width=4) (actual time=0.003..0.003 rows=0 loops=134155)
                                       Index Cond: (o_orderkey = l1.l_orderkey)
                                       Filter: (o_orderstatus = 'F'::bpchar)
                                       Rows Removed by Filter: 1
                           ->  Index Scan using idx_lineitem_orderkey on lineitem l2  (cost=0.56..7.52 rows=4 width=8) (actual time=0.004..0.004 rows=1 loops=65960)
                                 Index Cond: (l_orderkey = orders.o_orderkey)
 Settings: effective_io_concurrency = '64', jit = 'off', maintenance_io_concurrency = '64', max_parallel_workers_per_gather = '0', work_mem = '256MB'
 Planning Time: 3.250 ms
 Execution Time: 36292.498 ms
(47 rows)

===== 22.sql jit=off =====
                                                                          QUERY PLAN                                                                          
--------------------------------------------------------------------------------------------------------------------------------------------------------------
 Limit  (cost=163248.38..163248.40 rows=1 width=72) (actual time=1740.786..1740.788 rows=1 loops=1)
   InitPlan 1 (returns $0)
     ->  Aggregate  (cost=75321.36..75321.37 rows=1 width=32) (actual time=847.549..847.550 rows=1 loops=1)
           ->  Seq Scan on customer customer_1  (cost=0.00..75202.00 rows=47742 width=6) (actual time=0.028..814.697 rows=382426 loops=1)
                 Filter: ((c_acctbal > 0.00) AND (SUBSTRING(c_phone FROM 1 FOR 2) = ANY ('{21,29,26,34,14,15,17}'::text[])))
                 Rows Removed by Filter: 1117574
   ->  GroupAggregate  (cost=87927.01..88128.17 rows=7315 width=72) (actual time=1740.785..1740.785 rows=1 loops=1)
         Group Key: (SUBSTRING(customer.c_phone FROM 1 FOR 2))
         ->  Sort  (cost=87927.01..87945.30 rows=7315 width=38) (actual time=1739.041..1739.415 rows=9006 loops=1)
               Sort Key: (SUBSTRING(customer.c_phone FROM 1 FOR 2))
               Sort Method: quicksort  Memory: 4513kB
               ->  Nested Loop Anti Join  (cost=0.43..87457.51 rows=7315 width=38) (actual time=847.604..1720.792 rows=63509 loops=1)
                     ->  Seq Scan on customer  (cost=0.00..75202.00 rows=17500 width=26) (actual time=847.585..1425.111 rows=191129 loops=1)
                           Filter: ((c_acctbal > $0) AND (SUBSTRING(c_phone FROM 1 FOR 2) = ANY ('{21,29,26,34,14,15,17}'::text[])))
                           Rows Removed by Filter: 1308871
                     ->  Index Only Scan using idx_orders_custkey on orders  (cost=0.43..3.28 rows=17 width=4) (actual time=0.001..0.001 rows=1 loops=191129)
                           Index Cond: (o_custkey = customer.c_custkey)
                           Heap Fetches: 0
 Settings: effective_io_concurrency = '64', jit = 'off', maintenance_io_concurrency = '64', max_parallel_workers_per_gather = '0', work_mem = '256MB'
 Planning Time: 1.471 ms
 Execution Time: 1741.122 ms
(21 rows)

===== 2-flattened.sql jit=off =====
                                                                       QUERY PLAN                                                                        
---------------------------------------------------------------------------------------------------------------------------------------------------------
 HashAggregate  (cost=207695.72..223695.72 rows=1600000 width=36) (actual time=2277.724..2599.708 rows=1182884 loops=1)
   Group Key: partsupp.ps_partkey
   Batches: 1  Memory Usage: 180241kB
   ->  Nested Loop  (cost=42.10..199695.72 rows=1600000 width=10) (actual time=0.957..1648.060 rows=1604080 loops=1)
         ->  Nested Loop  (cost=41.67..2184.07 rows=20000 width=4) (actual time=0.936..23.830 rows=20051 loops=1)
               ->  Nested Loop  (cost=0.14..13.95 rows=5 width=4) (actual time=0.064..0.090 rows=5 loops=1)
                     Join Filter: (nation.n_regionkey = region.r_regionkey)
                     Rows Removed by Join Filter: 20
                     ->  Index Scan using nation_pkey on nation  (cost=0.14..12.51 rows=25 width=8) (actual time=0.024..0.035 rows=25 loops=1)
                     ->  Materialize  (cost=0.00..1.07 rows=1 width=4) (actual time=0.001..0.002 rows=1 loops=25)
                           ->  Seq Scan on region  (cost=0.00..1.06 rows=1 width=4) (actual time=0.030..0.032 rows=1 loops=1)
                                 Filter: (r_name = 'AMERICA'::bpchar)
                                 Rows Removed by Filter: 4
               ->  Bitmap Heap Scan on supplier  (cost=41.53..394.02 rows=4000 width=8) (actual time=0.683..4.283 rows=4010 loops=5)
                     Recheck Cond: (s_nationkey = nation.n_nationkey)
                     Heap Blocks: exact=9388
                     ->  Bitmap Index Scan on idx_supplier_nation_key  (cost=0.00..40.53 rows=4000 width=0) (actual time=0.407..0.407 rows=4010 loops=5)
                           Index Cond: (s_nationkey = nation.n_nationkey)
         ->  Index Scan using idx_partsupp_suppkey on partsupp  (cost=0.43..9.08 rows=80 width=14) (actual time=0.003..0.073 rows=80 loops=20051)
               Index Cond: (ps_suppkey = supplier.s_suppkey)
 Settings: effective_io_concurrency = '64', jit = 'off', maintenance_io_concurrency = '64', max_parallel_workers_per_gather = '0', work_mem = '256MB'
 Planning Time: 1.461 ms
 Execution Time: 2668.238 ms
(23 rows)

SELECT 1182884
CREATE INDEX
ANALYZE
                                                                                    QUERY PLAN                                                                                     
-----------------------------------------------------------------------------------------------------------------------------------------------------------------------------------
 Limit  (cost=403790.26..403790.27 rows=1 width=192) (actual time=540.269..540.281 rows=100 loops=1)
   ->  Sort  (cost=403790.26..403790.27 rows=1 width=192) (actual time=540.268..540.275 rows=100 loops=1)
         Sort Key: supplier.s_acctbal DESC, nation.n_name, supplier.s_name, part.p_partkey
         Sort Method: top-N heapsort  Memory: 71kB
         ->  Nested Loop  (cost=0.72..403790.25 rows=1 width=192) (actual time=0.070..537.890 rows=4737 loops=1)
               Join Filter: (nation.n_regionkey = region.r_regionkey)
               ->  Nested Loop  (cost=0.72..403789.18 rows=1 width=196) (actual time=0.066..532.539 rows=4737 loops=1)
                     Join Filter: (supplier.s_nationkey = nation.n_nationkey)
                     Rows Removed by Join Filter: 43913
                     ->  Nested Loop  (cost=0.72..403787.61 rows=1 width=170) (actual time=0.059..522.131 rows=4737 loops=1)
                           ->  Nested Loop  (cost=0.43..403787.30 rows=1 width=34) (actual time=0.049..505.639 rows=4737 loops=1)
                                 ->  Seq Scan on part  (cost=0.00..70962.00 rows=8077 width=30) (actual time=0.011..403.195 rows=8046 loops=1)
                                       Filter: (((p_type)::text ~~ '%NICKEL'::text) AND (p_size = 16))
                                       Rows Removed by Filter: 1991954
                                 ->  Index Scan using idx_partsupp_partkey on partsupp  (cost=0.43..41.20 rows=1 width=14) (actual time=0.011..0.012 rows=1 loops=8046)
                                       Index Cond: (ps_partkey = part.p_partkey)
                                       Filter: ((SubPlan 1) = ps_supplycost)
                                       Rows Removed by Filter: 3
                                       SubPlan 1
                                         ->  Index Scan using tmp_supplycost_idx on tmp_supplycost  (cost=0.43..8.45 rows=1 width=6) (actual time=0.002..0.002 rows=1 loops=32184)
                                               Index Cond: (ps_partkey = part.p_partkey)
                           ->  Index Scan using supplier_pkey on supplier  (cost=0.29..0.31 rows=1 width=144) (actual time=0.003..0.003 rows=1 loops=4737)
                                 Index Cond: (s_suppkey = partsupp.ps_suppkey)
                     ->  Seq Scan on nation  (cost=0.00..1.25 rows=25 width=34) (actual time=0.000..0.001 rows=10 loops=4737)
               ->  Seq Scan on region  (cost=0.00..1.06 rows=1 width=4) (actual time=0.001..0.001 rows=1 loops=4737)
                     Filter: (r_name = 'AMERICA'::bpchar)
                     Rows Removed by Filter: 1
 Settings: effective_io_concurrency = '64', jit = 'off', maintenance_io_concurrency = '64', max_parallel_workers_per_gather = '0', work_mem = '256MB'
 Planning Time: 1.222 ms
 Execution Time: 540.333 ms
(30 rows)

DROP TABLE
===== 2.sql jit=off =====
                                                                                        QUERY PLAN                                                                                         
-------------------------------------------------------------------------------------------------------------------------------------------------------------------------------------------
 Limit  (cost=726832.73..726832.74 rows=1 width=192) (actual time=2911.817..2911.834 rows=100 loops=1)
   ->  Sort  (cost=726832.73..726832.74 rows=1 width=192) (actual time=2911.816..2911.827 rows=100 loops=1)
         Sort Key: supplier.s_acctbal DESC, nation.n_name, supplier.s_name, part.p_partkey
         Sort Method: top-N heapsort  Memory: 70kB
         ->  Hash Join  (cost=265350.27..726832.72 rows=1 width=192) (actual time=2093.278..2909.735 rows=4737 loops=1)
               Hash Cond: ((part.p_partkey = partsupp.ps_partkey) AND ((SubPlan 1) = partsupp.ps_supplycost))
               ->  Seq Scan on part  (cost=0.00..70962.00 rows=8077 width=30) (actual time=0.016..401.629 rows=8046 loops=1)
                     Filter: (((p_type)::text ~~ '%NICKEL'::text) AND (p_size = 16))
                     Rows Removed by Filter: 1991954
               ->  Hash  (cost=202287.27..202287.27 rows=1600000 width=172) (actual time=2084.598..2084.602 rows=1604080 loops=1)
                     Buckets: 2097152  Batches: 2  Memory Usage: 180174kB
                     ->  Nested Loop  (cost=2.00..202287.27 rows=1600000 width=172) (actual time=0.101..1402.721 rows=1604080 loops=1)
                           ->  Nested Loop  (cost=1.56..4775.62 rows=20000 width=166) (actual time=0.080..57.329 rows=20051 loops=1)
                                 Join Filter: (nation.n_regionkey = region.r_regionkey)
                                 Rows Removed by Join Filter: 79949
                                 ->  Seq Scan on region  (cost=0.00..1.06 rows=1 width=4) (actual time=0.026..0.028 rows=1 loops=1)
                                       Filter: (r_name = 'AMERICA'::bpchar)
                                       Rows Removed by Filter: 4
                                 ->  Hash Join  (cost=1.56..3524.56 rows=100000 width=170) (actual time=0.052..49.646 rows=100000 loops=1)
                                       Hash Cond: (supplier.s_nationkey = nation.n_nationkey)
                                       ->  Seq Scan on supplier  (cost=0.00..3216.00 rows=100000 width=144) (actual time=0.011..9.055 rows=100000 loops=1)
                                       ->  Hash  (cost=1.25..1.25 rows=25 width=34) (actual time=0.024..0.025 rows=25 loops=1)
                                             Buckets: 1024  Batches: 1  Memory Usage: 10kB
                                             ->  Seq Scan on nation  (cost=0.00..1.25 rows=25 width=34) (actual time=0.011..0.016 rows=25 loops=1)
                           ->  Index Scan using idx_partsupp_suppkey on partsupp  (cost=0.43..9.08 rows=80 width=14) (actual time=0.003..0.057 rows=80 loops=20051)
                                 Index Cond: (ps_suppkey = supplier.s_suppkey)
               SubPlan 1
                 ->  Aggregate  (cost=43.48..43.49 rows=1 width=32) (actual time=0.018..0.018 rows=1 loops=12783)
                       ->  Nested Loop  (cost=0.86..43.48 rows=1 width=6) (actual time=0.013..0.018 rows=1 loops=12783)
                             Join Filter: (nation_1.n_regionkey = region_1.r_regionkey)
                             Rows Removed by Join Filter: 3
                             ->  Seq Scan on region region_1  (cost=0.00..1.06 rows=1 width=4) (actual time=0.000..0.001 rows=1 loops=12783)
                                   Filter: (r_name = 'AMERICA'::bpchar)
                                   Rows Removed by Filter: 4
                             ->  Nested Loop  (cost=0.86..42.36 rows=4 width=10) (actual time=0.006..0.016 rows=4 loops=12783)
                                   ->  Nested Loop  (cost=0.72..41.74 rows=4 width=10) (actual time=0.005..0.012 rows=4 loops=12783)
                                         ->  Index Scan using idx_partsupp_partkey on partsupp partsupp_1  (cost=0.43..8.50 rows=4 width=10) (actual time=0.003..0.004 rows=4 loops=12783)
                                               Index Cond: (ps_partkey = part.p_partkey)
                                         ->  Index Scan using supplier_pkey on supplier supplier_1  (cost=0.29..8.31 rows=1 width=8) (actual time=0.002..0.002 rows=1 loops=51132)
                                               Index Cond: (s_suppkey = partsupp_1.ps_suppkey)
                                   ->  Index Scan using nation_pkey on nation nation_1  (cost=0.14..0.16 rows=1 width=8) (actual time=0.001..0.001 rows=1 loops=51132)
                                         Index Cond: (n_nationkey = supplier_1.s_nationkey)
 Settings: effective_io_concurrency = '64', jit = 'off', maintenance_io_concurrency = '64', max_parallel_workers_per_gather = '0', work_mem = '256MB'
 Planning Time: 3.053 ms
 Execution Time: 2912.618 ms
(45 rows)

===== 3.sql jit=off =====
                                                                                     QUERY PLAN                                                                                      
-------------------------------------------------------------------------------------------------------------------------------------------------------------------------------------
 Limit  (cost=2957329.30..2957329.32 rows=10 width=44) (actual time=17991.301..17991.307 rows=10 loops=1)
   ->  Sort  (cost=2957329.30..2965185.89 rows=3142635 width=44) (actual time=17991.300..17991.305 rows=10 loops=1)
         Sort Key: (sum((lineitem.l_extendedprice * ('1'::numeric - lineitem.l_discount)))) DESC, orders.o_orderdate
         Sort Method: top-N heapsort  Memory: 26kB
         ->  HashAggregate  (cost=2813307.39..2889418.09 rows=3142635 width=44) (actual time=17914.537..17971.967 rows=113934 loops=1)
               Group Key: lineitem.l_orderkey, orders.o_orderdate, orders.o_shippriority
               Planned Partitions: 4  Batches: 1  Memory Usage: 73745kB
               ->  Hash Join  (cost=528284.91..2556004.15 rows=3142635 width=24) (actual time=4046.455..17700.424 rows=301530 loops=1)
                     Hash Cond: (lineitem.l_orderkey = orders.o_orderkey)
                     ->  Seq Scan on lineitem  (cost=0.00..1874372.10 rows=32512212 width=16) (actual time=0.092..10142.208 rows=32534229 loops=1)
                           Filter: (l_shipdate > '1995-03-07'::date)
                           Rows Removed by Filter: 27451823
                     ->  Hash  (cost=510161.13..510161.13 rows=1449902 width=12) (actual time=4037.675..4037.678 rows=1451805 loops=1)
                           Buckets: 2097152  Batches: 1  Memory Usage: 78767kB
                           ->  Hash Join  (cost=139426.32..510161.13 rows=1449902 width=12) (actual time=852.406..3710.373 rows=1451805 loops=1)
                                 Hash Cond: (orders.o_custkey = customer.c_custkey)
                                 ->  Bitmap Heap Scan on orders  (cost=81105.25..432779.87 rows=7261009 width=16) (actual time=448.472..1820.701 rows=7239437 loops=1)
                                       Recheck Cond: (o_orderdate < '1995-03-07'::date)
                                       Heap Blocks: exact=260912
                                       ->  Bitmap Index Scan on idx_orders_orderdate  (cost=0.00..79290.00 rows=7261009 width=0) (actual time=383.463..383.463 rows=7239437 loops=1)
                                             Index Cond: (o_orderdate < '1995-03-07'::date)
                                 ->  Hash  (cost=54577.00..54577.00 rows=299525 width=4) (actual time=401.801..401.802 rows=300276 loops=1)
                                       Buckets: 524288  Batches: 1  Memory Usage: 14653kB
                                       ->  Seq Scan on customer  (cost=0.00..54577.00 rows=299525 width=4) (actual time=0.024..348.528 rows=300276 loops=1)
                                             Filter: (c_mktsegment = 'BUILDING'::bpchar)
                                             Rows Removed by Filter: 1199724
 Settings: effective_io_concurrency = '64', jit = 'off', maintenance_io_concurrency = '64', max_parallel_workers_per_gather = '0', work_mem = '256MB'
 Planning Time: 1.855 ms
 Execution Time: 18008.421 ms
(29 rows)

===== 4.sql jit=off =====
                                                                             QUERY PLAN                                                                             
--------------------------------------------------------------------------------------------------------------------------------------------------------------------
 Limit  (cost=2585334.72..2585334.72 rows=1 width=24) (actual time=20111.106..20111.110 rows=1 loops=1)
   ->  Sort  (cost=2585334.72..2585334.73 rows=5 width=24) (actual time=20111.105..20111.108 rows=1 loops=1)
         Sort Key: orders.o_orderpriority
         Sort Method: top-N heapsort  Memory: 25kB
         ->  HashAggregate  (cost=2585334.64..2585334.69 rows=5 width=24) (actual time=20111.068..20111.071 rows=5 loops=1)
               Group Key: orders.o_orderpriority
               Batches: 1  Memory Usage: 24kB
               ->  Hash Semi Join  (cost=2210008.69..2582562.20 rows=554488 width=16) (actual time=16215.044..20014.662 rows=513822 loops=1)
                     Hash Cond: (orders.o_orderkey = lineitem.l_orderkey)
                     ->  Bitmap Heap Scan on orders  (cost=7585.23..276816.44 rows=554614 width=20) (actual time=147.874..595.556 rows=560424 loops=1)
                           Recheck Cond: ((o_orderdate >= '1993-12-01'::date) AND (o_orderdate < '1994-03-01'::date))
                           Heap Blocks: exact=231732
                           ->  Bitmap Index Scan on idx_orders_orderdate  (cost=0.00..7446.58 rows=554614 width=0) (actual time=79.613..79.613 rows=560424 loops=1)
                                 Index Cond: ((o_orderdate >= '1993-12-01'::date) AND (o_orderdate < '1994-03-01'::date))
                     ->  Hash  (cost=1874372.10..1874372.10 rows=19995469 width=4) (actual time=16034.946..16034.947 rows=37929348 loops=1)
                           Buckets: 8388608  Batches: 8  Memory Usage: 232058kB
                           ->  Seq Scan on lineitem  (cost=0.00..1874372.10 rows=19995469 width=4) (actual time=0.064..11428.234 rows=37929348 loops=1)
                                 Filter: (l_commitdate < l_receiptdate)
                                 Rows Removed by Filter: 22056704
 Settings: effective_io_concurrency = '64', jit = 'off', maintenance_io_concurrency = '64', max_parallel_workers_per_gather = '0', work_mem = '256MB'
 Planning Time: 1.505 ms
 Execution Time: 20116.046 ms
(22 rows)

===== 5.sql jit=off =====
                                                                                           QUERY PLAN                                                                                            
-------------------------------------------------------------------------------------------------------------------------------------------------------------------------------------------------
 Limit  (cost=2397243.58..2397243.58 rows=1 width=58) (actual time=15892.383..15892.391 rows=1 loops=1)
   ->  Sort  (cost=2397243.58..2397243.64 rows=25 width=58) (actual time=15892.382..15892.390 rows=1 loops=1)
         Sort Key: (sum((lineitem.l_extendedprice * ('1'::numeric - lineitem.l_discount)))) DESC
         Sort Method: top-N heapsort  Memory: 25kB
         ->  GroupAggregate  (cost=2396329.34..2397243.46 rows=25 width=58) (actual time=15866.615..15892.365 rows=5 loops=1)
               Group Key: nation.n_name
               ->  Sort  (cost=2396329.34..2396512.10 rows=73104 width=38) (actual time=15860.276..15864.105 rows=72033 loops=1)
                     Sort Key: nation.n_name
                     Sort Method: quicksort  Memory: 8700kB
                     ->  Hash Join  (cost=413197.28..2390423.40 rows=73104 width=38) (actual time=2108.055..15830.603 rows=72033 loops=1)
                           Hash Cond: ((lineitem.l_suppkey = supplier.s_suppkey) AND (customer.c_nationkey = supplier.s_nationkey))
                           ->  Hash Join  (cost=408481.28..2376112.45 rows=1827606 width=50) (actual time=2064.525..15367.518 rows=1815327 loops=1)
                                 Hash Cond: (lineitem.l_orderkey = orders.o_orderkey)
                                 ->  Seq Scan on lineitem  (cost=0.00..1724406.08 rows=59986408 width=20) (actual time=0.044..5436.855 rows=59986052 loops=1)
                                 ->  Hash  (cost=402768.72..402768.72 rows=457005 width=38) (actual time=2062.253..2062.259 rows=453399 loops=1)
                                       Buckets: 524288  Batches: 1  Memory Usage: 35976kB
                                       ->  Hash Join  (cost=94442.45..402768.72 rows=457005 width=38) (actual time=653.354..1948.363 rows=453399 loops=1)
                                             Hash Cond: (orders.o_custkey = customer.c_custkey)
                                             ->  Bitmap Heap Scan on orders  (cost=31237.94..326425.32 rows=2285025 width=8) (actual time=235.463..1003.664 rows=2276638 loops=1)
                                                   Recheck Cond: ((o_orderdate >= '1993-01-01'::date) AND (o_orderdate < '1994-01-01'::date))
                                                   Heap Blocks: exact=260897
                                                   ->  Bitmap Index Scan on idx_orders_orderdate  (cost=0.00..30666.69 rows=2285025 width=0) (actual time=169.051..169.051 rows=2276638 loops=1)
                                                         Index Cond: ((o_orderdate >= '1993-01-01'::date) AND (o_orderdate < '1994-01-01'::date))
                                             ->  Hash  (cost=59454.51..59454.51 rows=300000 width=38) (actual time=415.878..415.882 rows=299436 loops=1)
                                                   Buckets: 524288  Batches: 1  Memory Usage: 25151kB
                                                   ->  Hash Join  (cost=2.51..59454.51 rows=300000 width=38) (actual time=0.077..350.502 rows=299436 loops=1)
                                                         Hash Cond: (customer.c_nationkey = nation.n_nationkey)
                                                         ->  Seq Scan on customer  (cost=0.00..50827.00 rows=1500000 width=8) (actual time=0.011..114.908 rows=1500000 loops=1)
                                                         ->  Hash  (cost=2.45..2.45 rows=5 width=30) (actual time=0.047..0.049 rows=5 loops=1)
                                                               Buckets: 1024  Batches: 1  Memory Usage: 9kB
                                                               ->  Hash Join  (cost=1.07..2.45 rows=5 width=30) (actual time=0.038..0.045 rows=5 loops=1)
                                                                     Hash Cond: (nation.n_regionkey = region.r_regionkey)
                                                                     ->  Seq Scan on nation  (cost=0.00..1.25 rows=25 width=34) (actual time=0.008..0.009 rows=25 loops=1)
                                                                     ->  Hash  (cost=1.06..1.06 rows=1 width=4) (actual time=0.016..0.016 rows=1 loops=1)
                                                                           Buckets: 1024  Batches: 1  Memory Usage: 9kB
                                                                           ->  Seq Scan on region  (cost=0.00..1.06 rows=1 width=4) (actual time=0.010..0.012 rows=1 loops=1)
                                                                                 Filter: (r_name = 'AMERICA'::bpchar)
                                                                                 Rows Removed by Filter: 4
                           ->  Hash  (cost=3216.00..3216.00 rows=100000 width=8) (actual time=42.357..42.357 rows=100000 loops=1)
                                 Buckets: 131072  Batches: 1  Memory Usage: 4931kB
                                 ->  Seq Scan on supplier  (cost=0.00..3216.00 rows=100000 width=8) (actual time=0.012..26.798 rows=100000 loops=1)
 Settings: effective_io_concurrency = '64', jit = 'off', maintenance_io_concurrency = '64', max_parallel_workers_per_gather = '0', work_mem = '256MB'
 Planning Time: 4.802 ms
 Execution Time: 15894.540 ms
(44 rows)

===== 6.sql jit=off =====
                                                                                          QUERY PLAN                                                                                           
-----------------------------------------------------------------------------------------------------------------------------------------------------------------------------------------------
 Limit  (cost=1504118.03..1504118.04 rows=1 width=32) (actual time=2646.411..2646.412 rows=1 loops=1)
   ->  Aggregate  (cost=1504118.03..1504118.04 rows=1 width=32) (actual time=2646.409..2646.410 rows=1 loops=1)
         ->  Bitmap Heap Scan on lineitem  (cost=300890.55..1498175.74 rows=1188458 width=12) (actual time=1259.928..2339.907 rows=1194558 loops=1)
               Recheck Cond: ((l_shipdate >= '1993-01-01'::date) AND (l_shipdate < '1994-01-01'::date) AND (l_discount >= 0.06) AND (l_discount <= 0.08) AND (l_quantity < '25'::numeric))
               Heap Blocks: exact=662932
               ->  Bitmap Index Scan on idx_lineitem_shipdate  (cost=0.00..300593.44 rows=1188458 width=0) (actual time=1073.818..1073.818 rows=1194558 loops=1)
                     Index Cond: ((l_shipdate >= '1993-01-01'::date) AND (l_shipdate < '1994-01-01'::date) AND (l_discount >= 0.06) AND (l_discount <= 0.08) AND (l_quantity < '25'::numeric))
 Settings: effective_io_concurrency = '64', jit = 'off', maintenance_io_concurrency = '64', max_parallel_workers_per_gather = '0', work_mem = '256MB'
 Planning Time: 0.839 ms
 Execution Time: 2649.342 ms
(10 rows)

===== 7.sql jit=off =====
                                                                                     QUERY PLAN                                                                                      
-------------------------------------------------------------------------------------------------------------------------------------------------------------------------------------
 Limit  (cost=2514748.47..2514748.59 rows=1 width=116) (actual time=19234.311..19234.319 rows=1 loops=1)
   ->  GroupAggregate  (cost=2514748.47..2515959.93 rows=10100 width=116) (actual time=19234.310..19234.317 rows=1 loops=1)
         Group Key: n1.n_name, n2.n_name, (EXTRACT(year FROM lineitem.l_shipdate))
         ->  Sort  (cost=2514748.47..2514899.89 rows=60569 width=96) (actual time=19225.865..19226.651 rows=14421 loops=1)
               Sort Key: n1.n_name, n2.n_name, (EXTRACT(year FROM lineitem.l_shipdate))
               Sort Method: quicksort  Memory: 9664kB
               ->  Hash Join  (cost=1021785.80..2509937.38 rows=60569 width=96) (actual time=8341.399..19189.464 rows=57794 loops=1)
                     Hash Cond: (lineitem.l_suppkey = supplier.s_suppkey)
                     Join Filter: (((n1.n_name = 'PERU'::bpchar) AND (n2.n_name = 'MOROCCO'::bpchar)) OR ((n1.n_name = 'MOROCCO'::bpchar) AND (n2.n_name = 'PERU'::bpchar)))
                     Rows Removed by Join Filter: 58158
                     ->  Hash Join  (cost=1018161.40..2498374.98 rows=1455434 width=46) (actual time=8303.077..18840.978 rows=1448126 loops=1)
                           Hash Cond: (lineitem.l_orderkey = orders.o_orderkey)
                           ->  Bitmap Heap Scan on lineitem  (cost=467065.99..1864501.79 rows=18192920 width=24) (actual time=2690.477..10653.482 rows=18230325 loops=1)
                                 Recheck Cond: ((l_shipdate >= '1995-01-01'::date) AND (l_shipdate <= '1996-12-31'::date))
                                 Heap Blocks: exact=1119491
                                 ->  Bitmap Index Scan on idx_lineitem_shipdate  (cost=0.00..462517.77 rows=18192920 width=0) (actual time=2344.616..2344.617 rows=18230325 loops=1)
                                       Index Cond: ((l_shipdate >= '1995-01-01'::date) AND (l_shipdate <= '1996-12-31'::date))
                           ->  Hash  (cost=536095.40..536095.40 rows=1200000 width=30) (actual time=5604.794..5604.797 rows=1191175 loops=1)
                                 Buckets: 2097152  Batches: 1  Memory Usage: 88506kB
                                 ->  Hash Join  (cost=56933.40..536095.40 rows=1200000 width=30) (actual time=467.905..5321.416 rows=1191175 loops=1)
                                       Hash Cond: (orders.o_custkey = customer.c_custkey)
                                       ->  Seq Scan on orders  (cost=0.00..410912.00 rows=15000000 width=8) (actual time=0.019..2296.566 rows=15000000 loops=1)
                                       ->  Hash  (cost=55433.40..55433.40 rows=120000 width=30) (actual time=467.388..467.390 rows=119622 loops=1)
                                             Buckets: 131072  Batches: 1  Memory Usage: 8267kB
                                             ->  Hash Join  (cost=1.40..55433.40 rows=120000 width=30) (actual time=0.047..442.556 rows=119622 loops=1)
                                                   Hash Cond: (customer.c_nationkey = n2.n_nationkey)
                                                   ->  Seq Scan on customer  (cost=0.00..50827.00 rows=1500000 width=8) (actual time=0.010..295.708 rows=1500000 loops=1)
                                                   ->  Hash  (cost=1.38..1.38 rows=2 width=30) (actual time=0.020..0.021 rows=2 loops=1)
                                                         Buckets: 1024  Batches: 1  Memory Usage: 9kB
                                                         ->  Seq Scan on nation n2  (cost=0.00..1.38 rows=2 width=30) (actual time=0.013..0.015 rows=2 loops=1)
                                                               Filter: ((n_name = 'MOROCCO'::bpchar) OR (n_name = 'PERU'::bpchar))
                                                               Rows Removed by Filter: 23
                     ->  Hash  (cost=3524.40..3524.40 rows=8000 width=30) (actual time=37.991..37.993 rows=7981 loops=1)
                           Buckets: 8192  Batches: 1  Memory Usage: 548kB
                           ->  Hash Join  (cost=1.40..3524.40 rows=8000 width=30) (actual time=0.070..36.640 rows=7981 loops=1)
                                 Hash Cond: (supplier.s_nationkey = n1.n_nationkey)
                                 ->  Seq Scan on supplier  (cost=0.00..3216.00 rows=100000 width=8) (actual time=0.018..25.433 rows=100000 loops=1)
                                 ->  Hash  (cost=1.38..1.38 rows=2 width=30) (actual time=0.035..0.036 rows=2 loops=1)
                                       Buckets: 1024  Batches: 1  Memory Usage: 9kB
                                       ->  Seq Scan on nation n1  (cost=0.00..1.38 rows=2 width=30) (actual time=0.027..0.030 rows=2 loops=1)
                                             Filter: ((n_name = 'PERU'::bpchar) OR (n_name = 'MOROCCO'::bpchar))
                                             Rows Removed by Filter: 23
 Settings: effective_io_concurrency = '64', jit = 'off', maintenance_io_concurrency = '64', max_parallel_workers_per_gather = '0', work_mem = '256MB'
 Planning Time: 4.342 ms
 Execution Time: 19239.927 ms
(45 rows)

===== 8.sql jit=off =====
                                                                                           QUERY PLAN                                                                                            
-------------------------------------------------------------------------------------------------------------------------------------------------------------------------------------------------
 Limit  (cost=1955518.80..1955519.04 rows=1 width=64) (actual time=4014.878..4014.885 rows=1 loops=1)
   ->  GroupAggregate  (cost=1955518.80..1956079.23 rows=2406 width=64) (actual time=4014.876..4014.883 rows=1 loops=1)
         Group Key: (EXTRACT(year FROM orders.o_orderdate))
         ->  Sort  (cost=1955518.80..1955575.73 rows=22769 width=70) (actual time=4008.662..4009.262 rows=11818 loops=1)
               Sort Key: (EXTRACT(year FROM orders.o_orderdate))
               Sort Method: quicksort  Memory: 2631kB
               ->  Nested Loop  (cost=496039.75..1953870.92 rows=22769 width=70) (actual time=2941.450..4000.062 rows=23842 loops=1)
                     ->  Hash Join  (cost=496039.60..1953203.23 rows=22769 width=20) (actual time=2941.429..3985.384 rows=23842 loops=1)
                           Hash Cond: (lineitem.l_suppkey = supplier.s_suppkey)
                           ->  Hash Join  (cost=491573.60..1948677.46 rows=22769 width=20) (actual time=2902.257..3935.757 rows=23842 loops=1)
                                 Hash Cond: (lineitem.l_orderkey = orders.o_orderkey)
                                 ->  Nested Loop  (cost=0.44..1455464.71 rows=376505 width=20) (actual time=0.098..930.336 rows=389521 loops=1)
                                       ->  Seq Scan on part  (cost=0.00..65962.00 rows=12553 width=4) (actual time=0.063..285.612 rows=13011 loops=1)
                                             Filter: ((p_type)::text = 'LARGE POLISHED BRASS'::text)
                                             Rows Removed by Filter: 1986989
                                       ->  Index Scan using idx_lineitem_part_supp on lineitem  (cost=0.44..110.38 rows=31 width=24) (actual time=0.004..0.046 rows=30 loops=13011)
                                             Index Cond: (l_partkey = part.p_partkey)
                                 ->  Hash  (cost=480234.04..480234.04 rows=907130 width=8) (actual time=2897.756..2897.761 rows=910360 loops=1)
                                       Buckets: 1048576  Batches: 1  Memory Usage: 43753kB
                                       ->  Hash Join  (cost=125207.34..480234.04 rows=907130 width=8) (actual time=730.725..2709.699 rows=910360 loops=1)
                                             Hash Cond: (orders.o_custkey = customer.c_custkey)
                                             ->  Bitmap Heap Scan on orders  (cost=62002.83..390949.55 rows=4535648 width=12) (actual time=306.471..1341.215 rows=4557513 loops=1)
                                                   Recheck Cond: ((o_orderdate >= '1995-01-01'::date) AND (o_orderdate <= '1996-12-31'::date))
                                                   Heap Blocks: exact=260912
                                                   ->  Bitmap Index Scan on idx_orders_orderdate  (cost=0.00..60868.92 rows=4535648 width=0) (actual time=243.676..243.676 rows=4557513 loops=1)
                                                         Index Cond: ((o_orderdate >= '1995-01-01'::date) AND (o_orderdate <= '1996-12-31'::date))
                                             ->  Hash  (cost=59454.51..59454.51 rows=300000 width=4) (actual time=422.160..422.163 rows=299436 loops=1)
                                                   Buckets: 524288  Batches: 1  Memory Usage: 14624kB
                                                   ->  Hash Join  (cost=2.51..59454.51 rows=300000 width=4) (actual time=0.105..369.771 rows=299436 loops=1)
                                                         Hash Cond: (customer.c_nationkey = n1.n_nationkey)
                                                         ->  Seq Scan on customer  (cost=0.00..50827.00 rows=1500000 width=8) (actual time=0.006..127.386 rows=1500000 loops=1)
                                                         ->  Hash  (cost=2.45..2.45 rows=5 width=4) (actual time=0.083..0.085 rows=5 loops=1)
                                                               Buckets: 1024  Batches: 1  Memory Usage: 9kB
                                                               ->  Hash Join  (cost=1.07..2.45 rows=5 width=4) (actual time=0.070..0.078 rows=5 loops=1)
                                                                     Hash Cond: (n1.n_regionkey = region.r_regionkey)
                                                                     ->  Seq Scan on nation n1  (cost=0.00..1.25 rows=25 width=8) (actual time=0.007..0.009 rows=25 loops=1)
                                                                     ->  Hash  (cost=1.06..1.06 rows=1 width=4) (actual time=0.027..0.027 rows=1 loops=1)
                                                                           Buckets: 1024  Batches: 1  Memory Usage: 9kB
                                                                           ->  Seq Scan on region  (cost=0.00..1.06 rows=1 width=4) (actual time=0.022..0.023 rows=1 loops=1)
                                                                                 Filter: (r_name = 'AMERICA'::bpchar)
                                                                                 Rows Removed by Filter: 4
                           ->  Hash  (cost=3216.00..3216.00 rows=100000 width=8) (actual time=38.681..38.681 rows=100000 loops=1)
                                 Buckets: 131072  Batches: 1  Memory Usage: 4931kB
                                 ->  Seq Scan on supplier  (cost=0.00..3216.00 rows=100000 width=8) (actual time=0.011..24.323 rows=100000 loops=1)
                     ->  Memoize  (cost=0.15..2.17 rows=1 width=30) (actual time=0.000..0.000 rows=1 loops=23842)
                           Cache Key: supplier.s_nationkey
                           Hits: 23817  Misses: 25  Evictions: 0  Overflows: 0  Memory Usage: 4kB
                           ->  Index Scan using nation_pkey on nation n2  (cost=0.14..2.16 rows=1 width=30) (actual time=0.002..0.002 rows=1 loops=25)
                                 Index Cond: (n_nationkey = supplier.s_nationkey)
 Settings: effective_io_concurrency = '64', jit = 'off', maintenance_io_concurrency = '64', max_parallel_workers_per_gather = '0', work_mem = '256MB'
 Planning Time: 5.691 ms
 Execution Time: 4017.556 ms
(52 rows)

===== 9.sql jit=off =====
                                                                                      QUERY PLAN                                                                                      
--------------------------------------------------------------------------------------------------------------------------------------------------------------------------------------
 Limit  (cost=3007355.37..3007355.37 rows=1 width=90) (actual time=32343.149..32343.155 rows=1 loops=1)
   ->  Sort  (cost=3007355.37..3007505.75 rows=60150 width=90) (actual time=32343.147..32343.153 rows=1 loops=1)
         Sort Key: nation.n_name, (EXTRACT(year FROM orders.o_orderdate)) DESC
         Sort Method: top-N heapsort  Memory: 25kB
         ->  HashAggregate  (cost=3006152.37..3007054.62 rows=60150 width=90) (actual time=32342.659..32343.076 rows=175 loops=1)
               Group Key: nation.n_name, EXTRACT(year FROM orders.o_orderdate)
               Batches: 1  Memory Usage: 3217kB
               ->  Hash Join  (cost=2392178.87..2952560.97 rows=3062366 width=81) (actual time=21021.939..29633.293 rows=3248192 loops=1)
                     Hash Cond: (supplier.s_nationkey = nation.n_nationkey)
                     ->  Hash Join  (cost=2392177.30..2935502.02 rows=3062366 width=31) (actual time=21021.895..28654.473 rows=3248192 loops=1)
                           Hash Cond: (lineitem.l_suppkey = supplier.s_suppkey)
                           ->  Hash Join  (cost=2387711.30..2922996.96 rows=3062366 width=35) (actual time=20983.019..27638.847 rows=3248192 loops=1)
                                 Hash Cond: (orders.o_orderkey = lineitem.l_orderkey)
                                 ->  Seq Scan on orders  (cost=0.00..410912.00 rows=15000000 width=8) (actual time=0.014..1011.338 rows=15000000 loops=1)
                                 ->  Hash  (cost=2349431.73..2349431.73 rows=3062366 width=35) (actual time=20966.229..20966.232 rows=3248192 loops=1)
                                       Buckets: 4194304  Batches: 1  Memory Usage: 260915kB
                                       ->  Hash Join  (cost=1995044.50..2349431.73 rows=3062366 width=35) (actual time=16114.375..20059.160 rows=3248192 loops=1)
                                             Hash Cond: ((partsupp.ps_suppkey = lineitem.l_suppkey) AND (partsupp.ps_partkey = lineitem.l_partkey))
                                             ->  Seq Scan on partsupp  (cost=0.00..254386.00 rows=8000000 width=14) (actual time=0.007..561.680 rows=8000000 loops=1)
                                             ->  Hash  (cost=1949109.01..1949109.01 rows=3062366 width=33) (actual time=16097.654..16097.656 rows=3248192 loops=1)
                                                   Buckets: 4194304  Batches: 1  Memory Usage: 248226kB
                                                   ->  Hash Join  (cost=67238.27..1949109.01 rows=3062366 width=33) (actual time=555.855..15069.502 rows=3248192 loops=1)
                                                         Hash Cond: (lineitem.l_partkey = part.p_partkey)
                                                         ->  Seq Scan on lineitem  (cost=0.00..1724406.08 rows=59986408 width=29) (actual time=0.042..5596.173 rows=59986052 loops=1)
                                                         ->  Hash  (cost=65962.00..65962.00 rows=102102 width=4) (actual time=555.293..555.294 rows=108312 loops=1)
                                                               Buckets: 131072  Batches: 1  Memory Usage: 4832kB
                                                               ->  Seq Scan on part  (cost=0.00..65962.00 rows=102102 width=4) (actual time=0.017..537.104 rows=108312 loops=1)
                                                                     Filter: ((p_name)::text ~~ '%navy%'::text)
                                                                     Rows Removed by Filter: 1891688
                           ->  Hash  (cost=3216.00..3216.00 rows=100000 width=8) (actual time=38.309..38.309 rows=100000 loops=1)
                                 Buckets: 131072  Batches: 1  Memory Usage: 4931kB
                                 ->  Seq Scan on supplier  (cost=0.00..3216.00 rows=100000 width=8) (actual time=0.011..24.076 rows=100000 loops=1)
                     ->  Hash  (cost=1.25..1.25 rows=25 width=30) (actual time=0.027..0.028 rows=25 loops=1)
                           Buckets: 1024  Batches: 1  Memory Usage: 10kB
                           ->  Seq Scan on nation  (cost=0.00..1.25 rows=25 width=30) (actual time=0.016..0.020 rows=25 loops=1)
 Settings: effective_io_concurrency = '64', jit = 'off', maintenance_io_concurrency = '64', max_parallel_workers_per_gather = '0', work_mem = '256MB'
 Planning Time: 8.152 ms
 Execution Time: 32350.686 ms
(38 rows)

