===== 10.sql jit=on =====
                                                                                             QUERY PLAN                                                                                             
----------------------------------------------------------------------------------------------------------------------------------------------------------------------------------------------------
 Limit  (cost=2408122.51..2408122.56 rows=20 width=202) (actual time=25321.925..25321.933 rows=20 loops=1)
   ->  Sort  (cost=2408122.51..2409542.83 rows=568127 width=202) (actual time=24772.095..24772.101 rows=20 loops=1)
         Sort Key: (sum((lineitem.l_extendedprice * ('1'::numeric - lineitem.l_discount)))) DESC
         Sort Method: top-N heapsort  Memory: 33kB
         ->  GroupAggregate  (cost=2252232.07..2393004.86 rows=568127 width=202) (actual time=19616.352..24466.944 rows=381205 loops=1)
               Group Key: customer.c_custkey, nation.n_name
               ->  Incremental Sort  (cost=2252232.07..2378801.68 rows=568127 width=182) (actual time=19616.321..22692.690 rows=1145402 loops=1)
                     Sort Key: customer.c_custkey, nation.n_name
                     Presorted Key: customer.c_custkey
                     Full-sort Groups: 34068  Sort Method: quicksort  Average Memory: 33kB  Peak Memory: 33kB
                     ->  Nested Loop  (cost=2252231.89..2353235.97 rows=568127 width=182) (actual time=19615.850..21837.402 rows=1145402 loops=1)
                           ->  Merge Join  (cost=2252231.74..2339293.28 rows=568127 width=160) (actual time=19615.814..21027.117 rows=1145402 loops=1)
                                 Merge Cond: (customer.c_custkey = orders.o_custkey)
                                 ->  Index Scan using customer_pkey on customer  (cost=0.43..74795.40 rows=1500065 width=148) (actual time=0.021..686.032 rows=1499997 loops=1)
                                 ->  Sort  (cost=2252225.92..2253646.23 rows=568127 width=16) (actual time=19615.749..19801.327 rows=1145402 loops=1)
                                       Sort Key: orders.o_custkey
                                       Sort Method: quicksort  Memory: 113386kB
                                       ->  Hash Join  (cost=284499.07..2197924.75 rows=568127 width=16) (actual time=2138.355..18782.527 rows=1145402 loops=1)
                                             Hash Cond: (lineitem.l_orderkey = orders.o_orderkey)
                                             ->  Seq Scan on lineitem  (cost=0.00..1874374.40 rows=14876675 width=16) (actual time=0.033..13624.861 rows=14808183 loops=1)
                                                   Filter: (l_returnflag = 'R'::bpchar)
                                                   Rows Removed by Filter: 45177869
                                             ->  Hash  (cost=277337.93..277337.93 rows=572891 width=8) (actual time=2135.767..2135.768 rows=573160 loops=1)
                                                   Buckets: 1048576  Batches: 1  Memory Usage: 30582kB
                                                   ->  Bitmap Heap Scan on orders  (cost=7832.57..277337.93 rows=572891 width=8) (actual time=278.670..1874.117 rows=573160 loops=1)
                                                         Recheck Cond: ((o_orderdate >= '1994-08-01'::date) AND (o_orderdate < '1994-11-01'::date))
                                                         Heap Blocks: exact=233137
                                                         ->  Bitmap Index Scan on idx_orders_orderdate  (cost=0.00..7689.35 rows=572891 width=0) (actual time=135.657..135.658 rows=573160 loops=1)
                                                               Index Cond: ((o_orderdate >= '1994-08-01'::date) AND (o_orderdate < '1994-11-01'::date))
                           ->  Memoize  (cost=0.15..2.17 rows=1 width=30) (actual time=0.000..0.000 rows=1 loops=1145402)
                                 Cache Key: customer.c_nationkey
                                 Hits: 1145377  Misses: 25  Evictions: 0  Overflows: 0  Memory Usage: 4kB
                                 ->  Index Scan using nation_pkey on nation  (cost=0.14..2.16 rows=1 width=30) (actual time=0.004..0.004 rows=1 loops=25)
                                       Index Cond: (n_nationkey = customer.c_nationkey)
 Settings: max_parallel_workers_per_gather = '0', work_mem = '128MB'
 Planning Time: 10.149 ms
 JIT:
   Functions: 38
   Options: Inlining true, Optimization true, Expressions true, Deforming true
   Timing: Generation 4.603 ms, Inlining 72.303 ms, Optimization 310.593 ms, Emission 166.523 ms, Total 554.022 ms
 Execution Time: 25374.452 ms
(41 rows)

===== 11.sql jit=on =====
                                                                             QUERY PLAN                                                                              
---------------------------------------------------------------------------------------------------------------------------------------------------------------------
 Limit  (cost=94748.25..94748.26 rows=1 width=36) (actual time=2824.056..2824.061 rows=0 loops=1)
   InitPlan 1 (returns $2)
     ->  Aggregate  (cost=44307.29..44307.31 rows=1 width=32) (actual time=1012.443..1012.445 rows=1 loops=1)
           ->  Nested Loop  (cost=47.72..41907.16 rows=320017 width=10) (actual time=1.714..741.654 rows=320800 loops=1)
                 ->  Nested Loop  (cost=47.29..2404.57 rows=4000 width=4) (actual time=1.692..14.807 rows=4010 loops=1)
                       ->  Seq Scan on nation nation_1  (cost=0.00..1.31 rows=1 width=4) (actual time=0.012..0.018 rows=1 loops=1)
                             Filter: (n_name = 'SAUDI ARABIA'::bpchar)
                             Rows Removed by Filter: 24
                       ->  Bitmap Heap Scan on supplier supplier_1  (cost=47.29..2363.25 rows=4000 width=8) (actual time=1.675..13.501 rows=4010 loops=1)
                             Recheck Cond: (s_nationkey = nation_1.n_nationkey)
                             Heap Blocks: exact=1857
                             ->  Bitmap Index Scan on idx_supplier_nation_key  (cost=0.00..46.29 rows=4000 width=0) (actual time=1.022..1.022 rows=4010 loops=1)
                                   Index Cond: (s_nationkey = nation_1.n_nationkey)
                 ->  Index Scan using idx_partsupp_suppkey on partsupp partsupp_1  (cost=0.43..9.08 rows=80 width=14) (actual time=0.010..0.158 rows=80 loops=4010)
                       Index Cond: (ps_suppkey = supplier_1.s_suppkey)
   ->  Sort  (cost=50440.95..50707.63 rows=106672 width=36) (actual time=2824.054..2824.056 rows=0 loops=1)
         Sort Key: (sum((partsupp.ps_supplycost * (partsupp.ps_availqty)::numeric))) DESC
         Sort Method: quicksort  Memory: 25kB
         ->  HashAggregate  (cost=45107.33..49907.59 rows=106672 width=36) (actual time=2823.989..2823.990 rows=0 loops=1)
               Group Key: partsupp.ps_partkey
               Filter: (sum((partsupp.ps_supplycost * (partsupp.ps_availqty)::numeric)) > $2)
               Batches: 5  Memory Usage: 135217kB  Disk Usage: 752kB
               Rows Removed by Filter: 301833
               ->  Nested Loop  (cost=47.72..41907.16 rows=320017 width=14) (actual time=1.785..931.836 rows=320800 loops=1)
                     ->  Nested Loop  (cost=47.29..2404.57 rows=4000 width=4) (actual time=1.750..17.005 rows=4010 loops=1)
                           ->  Seq Scan on nation  (cost=0.00..1.31 rows=1 width=4) (actual time=0.029..0.034 rows=1 loops=1)
                                 Filter: (n_name = 'SAUDI ARABIA'::bpchar)
                                 Rows Removed by Filter: 24
                           ->  Bitmap Heap Scan on supplier  (cost=47.29..2363.25 rows=4000 width=8) (actual time=1.714..15.564 rows=4010 loops=1)
                                 Recheck Cond: (s_nationkey = nation.n_nationkey)
                                 Heap Blocks: exact=1857
                                 ->  Bitmap Index Scan on idx_supplier_nation_key  (cost=0.00..46.29 rows=4000 width=0) (actual time=1.046..1.046 rows=4010 loops=1)
                                       Index Cond: (s_nationkey = nation.n_nationkey)
                     ->  Index Scan using idx_partsupp_suppkey on partsupp  (cost=0.43..9.08 rows=80 width=18) (actual time=0.011..0.201 rows=80 loops=4010)
                           Index Cond: (ps_suppkey = supplier.s_suppkey)
 Settings: max_parallel_workers_per_gather = '0', work_mem = '128MB'
 Planning Time: 2.599 ms
 Execution Time: 2828.577 ms
(38 rows)

===== 12.sql jit=on =====
                                                                                                                    QUERY PLAN                                                                                                                     
---------------------------------------------------------------------------------------------------------------------------------------------------------------------------------------------------------------------------------------------------
 Limit  (cost=3030721.24..3031554.75 rows=1 width=27) (actual time=27805.132..27805.135 rows=1 loops=1)
   ->  GroupAggregate  (cost=3030721.24..3036555.83 rows=7 width=27) (actual time=27418.037..27418.040 rows=1 loops=1)
         Group Key: lineitem.l_shipmode
         ->  Sort  (cost=3030721.24..3031450.56 rows=291726 width=27) (actual time=27349.019..27359.372 rows=155572 loops=1)
               Sort Key: lineitem.l_shipmode
               Sort Method: quicksort  Memory: 36606kB
               ->  Hash Join  (cost=2477886.90..3004240.90 rows=291726 width=27) (actual time=21494.477..27208.517 rows=311258 loops=1)
                     Hash Cond: (orders.o_orderkey = lineitem.l_orderkey)
                     ->  Seq Scan on orders  (cost=0.00..410926.14 rows=15001414 width=20) (actual time=0.046..2267.335 rows=15000000 loops=1)
                     ->  Hash  (cost=2474240.32..2474240.32 rows=291726 width=15) (actual time=21493.219..21493.221 rows=311258 loops=1)
                           Buckets: 524288  Batches: 1  Memory Usage: 18687kB
                           ->  Seq Scan on lineitem  (cost=0.00..2474240.32 rows=291726 width=15) (actual time=0.364..21281.563 rows=311258 loops=1)
                                 Filter: ((l_shipmode = ANY ('{SHIP,"REG AIR"}'::bpchar[])) AND (l_commitdate < l_receiptdate) AND (l_shipdate < l_commitdate) AND (l_receiptdate >= '1994-01-01'::date) AND (l_receiptdate < '1995-01-01'::date))
                                 Rows Removed by Filter: 59674794
 Settings: max_parallel_workers_per_gather = '0', work_mem = '128MB'
 Planning Time: 1.674 ms
 JIT:
   Functions: 19
   Options: Inlining true, Optimization true, Expressions true, Deforming true
   Timing: Generation 2.768 ms, Inlining 59.836 ms, Optimization 216.178 ms, Emission 110.776 ms, Total 389.559 ms
 Execution Time: 27850.477 ms
(21 rows)

===== 13.sql jit=on =====
                                                                                    QUERY PLAN                                                                                     
-----------------------------------------------------------------------------------------------------------------------------------------------------------------------------------
 Limit  (cost=1533952.33..1533952.33 rows=1 width=16) (actual time=23906.196..23906.199 rows=1 loops=1)
   ->  Sort  (cost=1533952.33..1533952.83 rows=200 width=16) (actual time=23671.047..23671.050 rows=1 loops=1)
         Sort Key: (count(*)) DESC, (count(orders.o_orderkey)) DESC
         Sort Method: top-N heapsort  Memory: 25kB
         ->  HashAggregate  (cost=1533949.33..1533951.33 rows=200 width=16) (actual time=23670.963..23670.977 rows=46 loops=1)
               Group Key: count(orders.o_orderkey)
               Batches: 1  Memory Usage: 40kB
               ->  HashAggregate  (cost=1380432.98..1511448.36 rows=1500065 width=12) (actual time=22374.460..23307.818 rows=1500000 loops=1)
                     Group Key: customer.c_custkey
                     Batches: 5  Memory Usage: 131121kB  Disk Usage: 27424kB
                     ->  Hash Right Join  (cost=57716.21..545126.95 rows=14849885 width=8) (actual time=679.423..15260.150 rows=15337604 loops=1)
                           Hash Cond: (orders.o_custkey = customer.c_custkey)
                           ->  Seq Scan on orders  (cost=0.00..448429.68 rows=14849885 width=8) (actual time=0.067..7703.952 rows=14837583 loops=1)
                                 Filter: ((o_comment)::text !~~ '%special%requests%'::text)
                                 Rows Removed by Filter: 162417
                           ->  Hash  (cost=38965.40..38965.40 rows=1500065 width=4) (actual time=674.987..674.987 rows=1500000 loops=1)
                                 Buckets: 2097152  Batches: 1  Memory Usage: 69119kB
                                 ->  Index Only Scan using customer_pkey on customer  (cost=0.43..38965.40 rows=1500065 width=4) (actual time=0.032..252.337 rows=1500000 loops=1)
                                       Heap Fetches: 0
 Settings: max_parallel_workers_per_gather = '0', work_mem = '128MB'
 Planning Time: 1.403 ms
 JIT:
   Functions: 25
   Options: Inlining true, Optimization true, Expressions true, Deforming true
   Timing: Generation 3.270 ms, Inlining 64.006 ms, Optimization 146.894 ms, Emission 68.678 ms, Total 282.847 ms
 Execution Time: 23952.815 ms
(26 rows)

===== 14.sql jit=on =====
                                                                            QUERY PLAN                                                                            
------------------------------------------------------------------------------------------------------------------------------------------------------------------
 Limit  (cost=1218208.11..1218208.13 rows=1 width=32) (actual time=6194.219..6194.222 rows=1 loops=1)
   ->  Aggregate  (cost=1218208.11..1218208.13 rows=1 width=32) (actual time=5925.475..5925.477 rows=1 loops=1)
         ->  Hash Join  (cost=118675.63..1205229.95 rows=741609 width=33) (actual time=1689.329..5088.452 rows=772942 loops=1)
               Hash Cond: (lineitem.l_partkey = part.p_partkey)
               ->  Bitmap Heap Scan on lineitem  (cost=19042.06..1082733.65 rows=741609 width=16) (actual time=571.579..3007.489 rows=772942 loops=1)
                     Recheck Cond: ((l_shipdate >= '1994-05-01'::date) AND (l_shipdate < '1994-06-01'::date))
                     Heap Blocks: exact=416660
                     ->  Bitmap Index Scan on idx_lineitem_shipdate  (cost=0.00..18856.65 rows=741609 width=0) (actual time=289.236..289.237 rows=772942 loops=1)
                           Index Cond: ((l_shipdate >= '1994-05-01'::date) AND (l_shipdate < '1994-06-01'::date))
               ->  Hash  (cost=60961.81..60961.81 rows=1999981 width=25) (actual time=1113.269..1113.269 rows=2000000 loops=1)
                     Buckets: 2097152  Batches: 2  Memory Usage: 74141kB
                     ->  Seq Scan on part  (cost=0.00..60961.81 rows=1999981 width=25) (actual time=0.049..429.286 rows=2000000 loops=1)
 Settings: max_parallel_workers_per_gather = '0', work_mem = '128MB'
 Planning Time: 1.954 ms
 JIT:
   Functions: 15
   Options: Inlining true, Optimization true, Expressions true, Deforming true
   Timing: Generation 2.072 ms, Inlining 63.583 ms, Optimization 133.553 ms, Emission 71.356 ms, Total 270.565 ms
 Execution Time: 6226.901 ms
(19 rows)

===== 15.sql jit=on =====
                                                                       QUERY PLAN                                                                       
--------------------------------------------------------------------------------------------------------------------------------------------------------
 HashAggregate  (cost=1243396.14..1244640.29 rows=99532 width=36) (actual time=8546.175..8624.101 rows=100000 loops=1)
   Group Key: l_suppkey
   Batches: 1  Memory Usage: 47121kB
   ->  Bitmap Heap Scan on lineitem  (cost=60217.56..1219941.51 rows=2345463 width=16) (actual time=1149.016..5080.230 rows=2265714 loops=1)
         Recheck Cond: ((l_shipdate >= '1996-01-01'::date) AND (l_shipdate < '1996-04-01'::date))
         Heap Blocks: exact=668609
         ->  Bitmap Index Scan on idx_lineitem_shipdate  (cost=0.00..59631.20 rows=2345463 width=0) (actual time=689.187..689.187 rows=2265714 loops=1)
               Index Cond: ((l_shipdate >= '1996-01-01'::date) AND (l_shipdate < '1996-04-01'::date))
 Settings: max_parallel_workers_per_gather = '0', work_mem = '128MB'
 Planning Time: 1.021 ms
 JIT:
   Functions: 9
   Options: Inlining true, Optimization true, Expressions true, Deforming true
   Timing: Generation 1.483 ms, Inlining 58.560 ms, Optimization 106.850 ms, Emission 54.770 ms, Total 221.663 ms
 Execution Time: 8647.000 ms
(15 rows)

CREATE VIEW
                                                                                   QUERY PLAN                                                                                   
--------------------------------------------------------------------------------------------------------------------------------------------------------------------------------
 Limit  (cost=2490801.14..2490811.35 rows=1 width=103) (actual time=16777.083..16777.088 rows=1 loops=1)
   InitPlan 1 (returns $0)
     ->  Aggregate  (cost=1245884.44..1245884.45 rows=1 width=32) (actual time=8169.069..8169.071 rows=1 loops=1)
           ->  HashAggregate  (cost=1243396.14..1244640.29 rows=99532 width=36) (actual time=8081.778..8159.547 rows=100000 loops=1)
                 Group Key: lineitem_1.l_suppkey
                 Batches: 1  Memory Usage: 47121kB
                 ->  Bitmap Heap Scan on lineitem lineitem_1  (cost=60217.56..1219941.51 rows=2345463 width=16) (actual time=1121.810..4867.868 rows=2265714 loops=1)
                       Recheck Cond: ((l_shipdate >= '1996-01-01'::date) AND (l_shipdate < '1996-04-01'::date))
                       Heap Blocks: exact=668609
                       ->  Bitmap Index Scan on idx_lineitem_shipdate  (cost=0.00..59631.20 rows=2345463 width=0) (actual time=663.062..663.063 rows=2265714 loops=1)
                             Index Cond: ((l_shipdate >= '1996-01-01'::date) AND (l_shipdate < '1996-04-01'::date))
   ->  Merge Join  (cost=1244916.70..1250001.19 rows=498 width=103) (actual time=16327.246..16327.248 rows=1 loops=1)
         Merge Cond: (supplier.s_suppkey = revenue0.supplier_no)
         ->  Index Scan using supplier_pkey on supplier  (cost=0.29..4827.32 rows=100000 width=71) (actual time=0.363..23.442 rows=69998 loops=1)
         ->  Sort  (cost=1244916.41..1244917.65 rows=498 width=36) (actual time=16297.224..16297.226 rows=1 loops=1)
               Sort Key: revenue0.supplier_no
               Sort Method: quicksort  Memory: 25kB
               ->  Subquery Scan on revenue0  (cost=1243396.14..1244894.10 rows=498 width=36) (actual time=16240.046..16297.211 rows=1 loops=1)
                     ->  HashAggregate  (cost=1243396.14..1244889.12 rows=498 width=36) (actual time=16240.043..16297.205 rows=1 loops=1)
                           Group Key: lineitem.l_suppkey
                           Filter: (sum((lineitem.l_extendedprice * ('1'::numeric - lineitem.l_discount))) = $0)
                           Batches: 1  Memory Usage: 47121kB
                           Rows Removed by Filter: 99999
                           ->  Bitmap Heap Scan on lineitem  (cost=60217.56..1219941.51 rows=2345463 width=16) (actual time=1117.042..4858.077 rows=2265714 loops=1)
                                 Recheck Cond: ((l_shipdate >= '1996-01-01'::date) AND (l_shipdate < '1996-04-01'::date))
                                 Heap Blocks: exact=668609
                                 ->  Bitmap Index Scan on idx_lineitem_shipdate  (cost=0.00..59631.20 rows=2345463 width=0) (actual time=657.945..657.945 rows=2265714 loops=1)
                                       Index Cond: ((l_shipdate >= '1996-01-01'::date) AND (l_shipdate < '1996-04-01'::date))
 Settings: max_parallel_workers_per_gather = '0', work_mem = '128MB'
 Planning Time: 0.968 ms
 JIT:
   Functions: 30
   Options: Inlining true, Optimization true, Expressions true, Deforming true
   Timing: Generation 4.216 ms, Inlining 20.506 ms, Optimization 282.966 ms, Emission 145.988 ms, Total 453.676 ms
 Execution Time: 16789.928 ms
(35 rows)

DROP VIEW
===== 16.sql jit=on =====
                                                                                         QUERY PLAN                                                                                         
--------------------------------------------------------------------------------------------------------------------------------------------------------------------------------------------
 Limit  (cost=403904.51..403904.51 rows=1 width=44) (actual time=11646.989..11646.993 rows=1 loops=1)
   ->  Sort  (cost=403904.51..404290.59 rows=154433 width=44) (actual time=11627.247..11627.250 rows=1 loops=1)
         Sort Key: (count(DISTINCT partsupp.ps_suppkey)) DESC, part.p_brand, part.p_type, part.p_size
         Sort Method: top-N heapsort  Memory: 25kB
         ->  GroupAggregate  (cost=394080.79..403132.35 rows=154433 width=44) (actual time=10824.552..11614.018 rows=27838 loops=1)
               Group Key: part.p_brand, part.p_type, part.p_size
               ->  Sort  (cost=394080.79..395582.24 rows=600578 width=40) (actual time=10824.472..10955.226 rows=1186319 loops=1)
                     Sort Key: part.p_brand, part.p_type, part.p_size
                     Sort Method: quicksort  Memory: 122929kB
                     ->  Hash Join  (cost=98181.36..336437.34 rows=600578 width=40) (actual time=1126.260..6336.195 rows=1186319 loops=1)
                           Hash Cond: (partsupp.ps_partkey = part.p_partkey)
                           ->  Index Only Scan using partsupp_pkey on partsupp  (cost=3466.46..231221.86 rows=4000212 width=8) (actual time=49.075..3607.188 rows=7995520 loops=1)
                                 Filter: (NOT (hashed SubPlan 1))
                                 Rows Removed by Filter: 4480
                                 Heap Fetches: 0
                                 SubPlan 1
                                   ->  Seq Scan on supplier  (cost=0.00..3466.00 rows=10 width=4) (actual time=4.148..48.267 rows=56 loops=1)
                                         Filter: ((s_comment)::text ~~ '%Customer%Complaints%'::text)
                                         Rows Removed by Filter: 99944
                           ->  Hash  (cost=90961.52..90961.52 rows=300270 width=40) (actual time=1075.996..1075.996 rows=296733 loops=1)
                                 Buckets: 524288  Batches: 1  Memory Usage: 25593kB
                                 ->  Seq Scan on part  (cost=0.00..90961.52 rows=300270 width=40) (actual time=0.061..928.318 rows=296733 loops=1)
                                       Filter: ((p_brand <> 'Brand#12'::bpchar) AND ((p_type)::text !~~ 'SMALL BRUSHED%'::text) AND (p_size = ANY ('{12,32,36,26,40,34,49,9}'::integer[])))
                                       Rows Removed by Filter: 1703267
 Settings: max_parallel_workers_per_gather = '0', work_mem = '128MB'
 Planning Time: 1.621 ms
 JIT:
   Functions: 32
   Options: Inlining false, Optimization false, Expressions true, Deforming true
   Timing: Generation 4.053 ms, Inlining 0.000 ms, Optimization 1.027 ms, Emission 22.365 ms, Total 27.446 ms
 Execution Time: 11679.910 ms
(31 rows)

===== 17-flattened.sql jit=on =====
                                                           QUERY PLAN                                                           
--------------------------------------------------------------------------------------------------------------------------------
 HashAggregate  (cost=5567298.97..6180734.81 rows=1841952 width=36) (actual time=69964.353..106036.785 rows=2000000 loops=1)
   Group Key: l_partkey
   Planned Partitions: 8  Batches: 9  Memory Usage: 135249kB  Disk Usage: 1846896kB
   ->  Seq Scan on lineitem  (cost=0.00..1724407.92 rows=59986592 width=9) (actual time=0.230..11665.395 rows=59986052 loops=1)
 Settings: max_parallel_workers_per_gather = '0', work_mem = '128MB'
 Planning Time: 0.766 ms
 JIT:
   Functions: 11
   Options: Inlining true, Optimization true, Expressions true, Deforming true
   Timing: Generation 2.195 ms, Inlining 81.290 ms, Optimization 109.514 ms, Emission 55.653 ms, Total 248.652 ms
 Execution Time: 106272.475 ms
(11 rows)

SELECT 2000000
CREATE INDEX
ANALYZE
                                                                                 QUERY PLAN                                                                                 
----------------------------------------------------------------------------------------------------------------------------------------------------------------------------
 Limit  (cost=254968.49..254968.51 rows=1 width=32) (actual time=725.769..725.771 rows=1 loops=1)
   ->  Aggregate  (cost=254968.49..254968.51 rows=1 width=32) (actual time=705.796..705.797 rows=1 loops=1)
         ->  Nested Loop  (cost=0.87..254916.28 rows=20886 width=8) (actual time=1.422..703.703 rows=5319 loops=1)
               Join Filter: (part.p_partkey = lineitem.l_partkey)
               ->  Nested Loop  (cost=0.43..86636.21 rows=2089 width=21) (actual time=1.390..611.130 rows=1996 loops=1)
                     ->  Seq Scan on part  (cost=0.00..70961.71 rows=2089 width=4) (actual time=1.360..589.107 rows=1996 loops=1)
                           Filter: ((p_brand = 'Brand#22'::bpchar) AND (p_container = 'LG BOX'::bpchar))
                           Rows Removed by Filter: 1998004
                     ->  Index Scan using idx_tmp_avg_quantity on tmp_avg_quantity part_agg  (cost=0.43..7.49 rows=1 width=17) (actual time=0.010..0.010 rows=1 loops=1996)
                           Index Cond: (agg_partkey = part.p_partkey)
               ->  Index Scan using idx_lineitem_part_supp on lineitem  (cost=0.44..80.42 rows=11 width=17) (actual time=0.019..0.045 rows=3 loops=1996)
                     Index Cond: (l_partkey = part_agg.agg_partkey)
                     Filter: (l_quantity < part_agg.avg_quantity)
                     Rows Removed by Filter: 27
 Settings: max_parallel_workers_per_gather = '0', work_mem = '128MB'
 Planning Time: 1.893 ms
 JIT:
   Functions: 20
   Options: Inlining false, Optimization false, Expressions true, Deforming true
   Timing: Generation 2.671 ms, Inlining 0.000 ms, Optimization 4.327 ms, Emission 15.167 ms, Total 22.165 ms
 Execution Time: 728.549 ms
(21 rows)

DROP TABLE
===== 17.sql jit=on =====
                                                                            QUERY PLAN                                                                             
-------------------------------------------------------------------------------------------------------------------------------------------------------------------
 Limit  (cost=6428982.28..6428982.29 rows=1 width=32) (actual time=107647.371..107647.374 rows=1 loops=1)
   ->  Aggregate  (cost=6428982.28..6428982.29 rows=1 width=32) (actual time=107270.173..107270.176 rows=1 loops=1)
         ->  Nested Loop  (cost=5638287.24..6428934.19 rows=19235 width=8) (actual time=70879.352..107268.168 rows=5319 loops=1)
               Join Filter: (part.p_partkey = lineitem.l_partkey)
               ->  Hash Join  (cost=5638286.80..6274977.30 rows=1924 width=40) (actual time=70879.312..107175.877 rows=1996 loops=1)
                     Hash Cond: (lineitem_1.l_partkey = part.p_partkey)
                     ->  HashAggregate  (cost=5567298.97..6180734.81 rows=1841952 width=36) (actual time=70397.104..106388.441 rows=2000000 loops=1)
                           Group Key: lineitem_1.l_partkey
                           Planned Partitions: 8  Batches: 9  Memory Usage: 135249kB  Disk Usage: 1846896kB
                           ->  Seq Scan on lineitem lineitem_1  (cost=0.00..1724407.92 rows=59986592 width=9) (actual time=0.320..11981.056 rows=59986052 loops=1)
                     ->  Hash  (cost=70961.71..70961.71 rows=2089 width=4) (actual time=478.855..478.855 rows=1996 loops=1)
                           Buckets: 4096  Batches: 1  Memory Usage: 103kB
                           ->  Seq Scan on part  (cost=0.00..70961.71 rows=2089 width=4) (actual time=0.579..477.332 rows=1996 loops=1)
                                 Filter: ((p_brand = 'Brand#22'::bpchar) AND (p_container = 'LG BOX'::bpchar))
                                 Rows Removed by Filter: 1998004
               ->  Index Scan using idx_lineitem_part_supp on lineitem  (cost=0.44..79.88 rows=11 width=17) (actual time=0.021..0.045 rows=3 loops=1996)
                     Index Cond: (l_partkey = lineitem_1.l_partkey)
                     Filter: (l_quantity < ((0.2 * avg(lineitem_1.l_quantity))))
                     Rows Removed by Filter: 27
 Settings: max_parallel_workers_per_gather = '0', work_mem = '128MB'
 Planning Time: 2.019 ms
 JIT:
   Functions: 33
   Options: Inlining true, Optimization true, Expressions true, Deforming true
   Timing: Generation 4.855 ms, Inlining 105.659 ms, Optimization 251.613 ms, Emission 120.508 ms, Total 482.635 ms
 Execution Time: 107810.697 ms
(26 rows)

===== 18.sql jit=on =====
                                                                                                 QUERY PLAN                                                                                                  
-------------------------------------------------------------------------------------------------------------------------------------------------------------------------------------------------------------
 Limit  (cost=9938829.27..9938829.52 rows=100 width=71) (actual time=86639.844..86639.864 rows=99 loops=1)
   ->  Sort  (cost=9938829.27..9988802.22 rows=19989179 width=71) (actual time=86306.066..86306.077 rows=99 loops=1)
         Sort Key: orders.o_totalprice DESC, orders.o_orderdate
         Sort Method: quicksort  Memory: 32kB
         ->  HashAggregate  (cost=8573620.20..9174857.22 rows=19989179 width=71) (actual time=86303.231..86305.837 rows=99 loops=1)
               Group Key: customer.c_custkey, orders.o_orderkey
               Planned Partitions: 64  Batches: 1  Memory Usage: 12369kB
               ->  Hash Join  (cost=69827.26..6618428.63 rows=19989179 width=44) (actual time=2750.508..86301.707 rows=693 loops=1)
                     Hash Cond: (orders.o_custkey = customer.c_custkey)
                     ->  Merge Join  (cost=248.80..6496378.43 rows=19989179 width=25) (actual time=1871.262..85421.812 rows=693 loops=1)
                           Merge Cond: (orders.o_orderkey = lineitem.l_orderkey)
                           ->  Merge Join  (cost=1.00..3729762.17 rows=4998883 width=24) (actual time=1403.329..63074.840 rows=99 loops=1)
                                 Merge Cond: (orders.o_orderkey = lineitem_1.l_orderkey)
                                 ->  Index Scan using orders_pkey on orders  (cost=0.43..650460.65 rows=15001414 width=20) (actual time=0.365..5041.593 rows=14982724 loops=1)
                                 ->  GroupAggregate  (cost=0.56..2929323.12 rows=4998883 width=4) (actual time=1250.700..56633.487 rows=99 loops=1)
                                       Group Key: lineitem_1.l_orderkey
                                       Filter: (sum(lineitem_1.l_quantity) > '313'::numeric)
                                       Rows Removed by Filter: 14999901
                                       ->  Index Scan using idx_lineitem_orderkey on lineitem lineitem_1  (cost=0.56..2404440.44 rows=59986592 width=9) (actual time=0.464..24827.639 rows=59986052 loops=1)
                           ->  Index Scan using idx_lineitem_orderkey on lineitem  (cost=0.56..2404440.44 rows=59986592 width=9) (actual time=0.031..16982.598 rows=59916431 loops=1)
                     ->  Hash  (cost=50827.65..50827.65 rows=1500065 width=23) (actual time=874.915..874.916 rows=1500000 loops=1)
                           Buckets: 2097152  Batches: 1  Memory Usage: 98416kB
                           ->  Seq Scan on customer  (cost=0.00..50827.65 rows=1500065 width=23) (actual time=0.438..348.580 rows=1500000 loops=1)
 Settings: max_parallel_workers_per_gather = '0', work_mem = '128MB'
 Planning Time: 9.790 ms
 JIT:
   Functions: 30
   Options: Inlining true, Optimization true, Expressions true, Deforming true
   Timing: Generation 3.455 ms, Inlining 60.555 ms, Optimization 177.517 ms, Emission 95.426 ms, Total 336.954 ms
 Execution Time: 86693.830 ms
(30 rows)

===== 19.sql jit=on =====
                                                                                                                                                                                                                                                                                                                                                                                                                                                                                                            QUERY PLAN                                                                                                                                                                                                                                                                                                                                                                                                                                                                                                            
----------------------------------------------------------------------------------------------------------------------------------------------------------------------------------------------------------------------------------------------------------------------------------------------------------------------------------------------------------------------------------------------------------------------------------------------------------------------------------------------------------------------------------------------------------------------------------------------------------------------------------------------------------------------------------------------------------------------------------------------------------------------------------------------------------------------------------------------------------------------------------------------------------------------------------------------------------------------------------------------------------------------------------
 Limit  (cost=757678.55..757678.56 rows=1 width=32) (actual time=1853.715..1853.716 rows=1 loops=1)
   ->  Aggregate  (cost=757678.55..757678.56 rows=1 width=32) (actual time=1500.178..1500.179 rows=1 loops=1)
         ->  Nested Loop  (cost=0.44..757669.98 rows=1142 width=12) (actual time=3.904..1497.858 rows=1063 loops=1)
               ->  Seq Scan on part  (cost=0.00..125961.19 rows=4849 width=30) (actual time=0.404..696.024 rows=4781 loops=1)
                     Filter: ((p_size >= 1) AND (((p_brand = 'Brand#24'::bpchar) AND (p_container = ANY ('{"SM CASE","SM BOX","SM PACK","SM PKG"}'::bpchar[])) AND (p_size <= 5)) OR ((p_brand = 'Brand#43'::bpchar) AND (p_container = ANY ('{"MED BAG","MED BOX","MED PKG","MED PACK"}'::bpchar[])) AND (p_size <= 10)) OR ((p_brand = 'Brand#44'::bpchar) AND (p_container = ANY ('{"LG CASE","LG BOX","LG PACK","LG PKG"}'::bpchar[])) AND (p_size <= 15))))
                     Rows Removed by Filter: 1995219
               ->  Index Scan using idx_lineitem_part_supp on lineitem  (cost=0.44..130.27 rows=1 width=21) (actual time=0.150..0.166 rows=0 loops=4781)
                     Index Cond: (l_partkey = part.p_partkey)
                     Filter: ((l_shipmode = ANY ('{AIR,"AIR REG"}'::bpchar[])) AND (l_shipinstruct = 'DELIVER IN PERSON'::bpchar) AND (((l_quantity >= '10'::numeric) AND (l_quantity <= '20'::numeric)) OR ((l_quantity >= '10'::numeric) AND (l_quantity <= '20'::numeric)) OR ((l_quantity >= '20'::numeric) AND (l_quantity <= '30'::numeric))) AND (((part.p_brand = 'Brand#24'::bpchar) AND (part.p_container = ANY ('{"SM CASE","SM BOX","SM PACK","SM PKG"}'::bpchar[])) AND (l_quantity >= '10'::numeric) AND (l_quantity <= '20'::numeric) AND (part.p_size <= 5)) OR ((part.p_brand = 'Brand#43'::bpchar) AND (part.p_container = ANY ('{"MED BAG","MED BOX","MED PKG","MED PACK"}'::bpchar[])) AND (l_quantity >= '10'::numeric) AND (l_quantity <= '20'::numeric) AND (part.p_size <= 10)) OR ((part.p_brand = 'Brand#44'::bpchar) AND (part.p_container = ANY ('{"LG CASE","LG BOX","LG PACK","LG PKG"}'::bpchar[])) AND (l_quantity >= '20'::numeric) AND (l_quantity <= '30'::numeric) AND (part.p_size <= 15))))
                     Rows Removed by Filter: 30
 Settings: max_parallel_workers_per_gather = '0', work_mem = '128MB'
 Planning Time: 2.490 ms
 JIT:
   Functions: 12
   Options: Inlining true, Optimization true, Expressions true, Deforming true
   Timing: Generation 2.652 ms, Inlining 61.797 ms, Optimization 183.263 ms, Emission 108.178 ms, Total 355.890 ms
 Execution Time: 1882.702 ms
(17 rows)

===== 1.sql jit=on =====
                                                                 QUERY PLAN                                                                  
---------------------------------------------------------------------------------------------------------------------------------------------
 Limit  (cost=3947643.62..3947643.63 rows=1 width=236) (actual time=162258.525..162258.527 rows=1 loops=1)
   ->  Sort  (cost=3947643.62..3947643.64 rows=6 width=236) (actual time=161928.944..161928.945 rows=1 loops=1)
         Sort Key: l_returnflag, l_linestatus
         Sort Method: top-N heapsort  Memory: 25kB
         ->  HashAggregate  (cost=3947643.43..3947643.59 rows=6 width=236) (actual time=161928.845..161928.866 rows=4 loops=1)
               Group Key: l_returnflag, l_linestatus
               Batches: 1  Memory Usage: 32kB
               ->  Seq Scan on lineitem  (cost=0.00..1874374.40 rows=59236258 width=25) (actual time=0.216..17149.080 rows=59284448 loops=1)
                     Filter: (l_shipdate <= '1998-09-10 00:00:00'::timestamp without time zone)
                     Rows Removed by Filter: 701604
 Settings: max_parallel_workers_per_gather = '0', work_mem = '128MB'
 Planning Time: 1.098 ms
 JIT:
   Functions: 10
   Options: Inlining true, Optimization true, Expressions true, Deforming true
   Timing: Generation 1.908 ms, Inlining 64.997 ms, Optimization 170.348 ms, Emission 93.944 ms, Total 331.197 ms
 Execution Time: 162301.922 ms
(17 rows)

===== 20-flattened.sql jit=on =====
                                                                        QUERY PLAN                                                                         
-----------------------------------------------------------------------------------------------------------------------------------------------------------
 HashAggregate  (cost=2120696.23..2284664.78 rows=4883460 width=40) (actual time=113902.306..127987.193 rows=5448842 loops=1)
   Group Key: l_partkey, l_suppkey
   Planned Partitions: 16  Batches: 81  Memory Usage: 135313kB  Disk Usage: 342848kB
   ->  Bitmap Heap Scan on lineitem  (cost=238488.76..1502371.54 rows=9289385 width=13) (actual time=3398.934..97788.509 rows=9123688 loops=1)
         Recheck Cond: ((l_shipdate >= '1996-01-01'::date) AND (l_shipdate < '1997-01-01'::date))
         Heap Blocks: exact=1048319
         ->  Bitmap Index Scan on idx_lineitem_shipdate  (cost=0.00..236166.42 rows=9289385 width=0) (actual time=2622.904..2622.905 rows=9123688 loops=1)
               Index Cond: ((l_shipdate >= '1996-01-01'::date) AND (l_shipdate < '1997-01-01'::date))
 Settings: max_parallel_workers_per_gather = '0', work_mem = '128MB'
 Planning Time: 4.172 ms
 JIT:
   Functions: 13
   Options: Inlining true, Optimization true, Expressions true, Deforming true
   Timing: Generation 3.033 ms, Inlining 83.304 ms, Optimization 162.837 ms, Emission 85.339 ms, Total 334.513 ms
 Execution Time: 128295.915 ms
(15 rows)

SELECT 5448842
CREATE INDEX
ANALYZE
                                                                                   QUERY PLAN                                                                                   
--------------------------------------------------------------------------------------------------------------------------------------------------------------------------------
 Limit  (cost=60896.20..60896.20 rows=1 width=51) (actual time=7274.092..7274.095 rows=1 loops=1)
   ->  Sort  (cost=60896.20..60896.20 rows=1 width=51) (actual time=7274.090..7274.092 rows=1 loops=1)
         Sort Key: supplier.s_name
         Sort Method: top-N heapsort  Memory: 25kB
         ->  Nested Loop Semi Join  (cost=48.59..60896.19 rows=1 width=51) (actual time=11.508..7268.394 rows=1821 loops=1)
               ->  Nested Loop  (cost=47.29..2404.57 rows=4000 width=55) (actual time=3.370..22.088 rows=4095 loops=1)
                     ->  Seq Scan on nation  (cost=0.00..1.31 rows=1 width=4) (actual time=0.182..0.189 rows=1 loops=1)
                           Filter: (n_name = 'IRAQ'::bpchar)
                           Rows Removed by Filter: 24
                     ->  Bitmap Heap Scan on supplier  (cost=47.29..2363.25 rows=4000 width=59) (actual time=3.181..19.787 rows=4095 loops=1)
                           Recheck Cond: (s_nationkey = nation.n_nationkey)
                           Heap Blocks: exact=1867
                           ->  Bitmap Index Scan on idx_supplier_nation_key  (cost=0.00..46.29 rows=4000 width=0) (actual time=2.228..2.228 rows=4095 loops=1)
                                 Index Cond: (s_nationkey = nation.n_nationkey)
               ->  Nested Loop  (cost=1.30..14.61 rows=1 width=8) (actual time=1.769..1.769 rows=0 loops=4095)
                     Join Filter: (supplier.s_suppkey = agg_lineitem.agg_suppkey)
                     ->  Nested Loop  (cost=0.87..13.63 rows=2 width=16) (actual time=1.541..1.758 rows=1 loops=4095)
                           ->  Index Scan using idx_partsupp_suppkey on partsupp  (cost=0.43..9.08 rows=80 width=12) (actual time=0.027..1.036 rows=61 loops=4095)
                                 Index Cond: (ps_suppkey = supplier.s_suppkey)
                           ->  Memoize  (cost=0.44..0.48 rows=1 width=4) (actual time=0.011..0.011 rows=0 loops=248000)
                                 Cache Key: partsupp.ps_partkey
                                 Hits: 11702  Misses: 236298  Evictions: 0  Overflows: 0  Memory Usage: 15783kB
                                 ->  Index Scan using part_pkey on part  (cost=0.43..0.47 rows=1 width=4) (actual time=0.011..0.011 rows=0 loops=236298)
                                       Index Cond: (p_partkey = partsupp.ps_partkey)
                                       Filter: ((p_name)::text ~~ 'olive%'::text)
                                       Rows Removed by Filter: 1
                     ->  Index Scan using idx_tmp_agg_lineitem on tmp_agg_lineitem agg_lineitem  (cost=0.43..0.48 rows=1 width=13) (actual time=0.013..0.013 rows=1 loops=2732)
                           Index Cond: ((agg_partkey = partsupp.ps_partkey) AND (agg_suppkey = partsupp.ps_suppkey))
                           Filter: ((partsupp.ps_availqty)::numeric > agg_quantity)
                           Rows Removed by Filter: 0
 Settings: max_parallel_workers_per_gather = '0', work_mem = '128MB'
 Planning Time: 11.152 ms
 Execution Time: 7275.460 ms
(33 rows)

DROP TABLE
===== 20.sql jit=on =====
                                                                                          QUERY PLAN                                                                                           
-----------------------------------------------------------------------------------------------------------------------------------------------------------------------------------------------
 Limit  (cost=2479599.46..2479599.47 rows=1 width=51) (actual time=156982.423..156982.428 rows=1 loops=1)
   ->  Sort  (cost=2479599.46..2479599.47 rows=1 width=51) (actual time=156526.516..156526.520 rows=1 loops=1)
         Sort Key: supplier.s_name
         Sort Method: top-N heapsort  Memory: 25kB
         ->  Nested Loop Semi Join  (cost=2187163.47..2479599.45 rows=1 width=51) (actual time=121218.427..156522.330 rows=1821 loops=1)
               Join Filter: (supplier.s_suppkey = lineitem.l_suppkey)
               Rows Removed by Join Filter: 183310388
               ->  Nested Loop  (cost=0.00..4467.31 rows=4000 width=55) (actual time=0.041..33.793 rows=4095 loops=1)
                     Join Filter: (supplier.s_nationkey = nation.n_nationkey)
                     Rows Removed by Join Filter: 95905
                     ->  Seq Scan on nation  (cost=0.00..1.31 rows=1 width=4) (actual time=0.024..0.028 rows=1 loops=1)
                           Filter: (n_name = 'IRAQ'::bpchar)
                           Rows Removed by Filter: 24
                     ->  Seq Scan on supplier  (cost=0.00..3216.00 rows=100000 width=59) (actual time=0.009..25.491 rows=100000 loops=1)
               ->  Materialize  (cost=2187163.47..2474772.16 rows=6 width=8) (actual time=28.009..35.633 rows=44765 loops=4095)
                     ->  Nested Loop  (cost=2187163.47..2474772.13 rows=6 width=8) (actual time=114695.574..134383.474 rows=59002 loops=1)
                           ->  Hash Join  (cost=2187163.04..2412785.29 rows=98657 width=44) (actual time=114694.912..130348.206 rows=59125 loops=1)
                                 Hash Cond: (lineitem.l_partkey = part.p_partkey)
                                 ->  HashAggregate  (cost=2120696.23..2284664.78 rows=4883460 width=40) (actual time=114197.702..128746.683 rows=5448842 loops=1)
                                       Group Key: lineitem.l_partkey, lineitem.l_suppkey
                                       Planned Partitions: 16  Batches: 81  Memory Usage: 135313kB  Disk Usage: 342848kB
                                       ->  Bitmap Heap Scan on lineitem  (cost=238488.76..1502371.54 rows=9289385 width=13) (actual time=3368.840..98379.359 rows=9123688 loops=1)
                                             Recheck Cond: ((l_shipdate >= '1996-01-01'::date) AND (l_shipdate < '1997-01-01'::date))
                                             Heap Blocks: exact=1048319
                                             ->  Bitmap Index Scan on idx_lineitem_shipdate  (cost=0.00..236166.42 rows=9289385 width=0) (actual time=2592.241..2592.241 rows=9123688 loops=1)
                                                   Index Cond: ((l_shipdate >= '1996-01-01'::date) AND (l_shipdate < '1997-01-01'::date))
                                 ->  Hash  (cost=65961.76..65961.76 rows=40404 width=4) (actual time=496.999..497.000 rows=21718 loops=1)
                                       Buckets: 65536  Batches: 1  Memory Usage: 1276kB
                                       ->  Seq Scan on part  (cost=0.00..65961.76 rows=40404 width=4) (actual time=0.397..485.824 rows=21718 loops=1)
                                             Filter: ((p_name)::text ~~ 'olive%'::text)
                                             Rows Removed by Filter: 1978282
                           ->  Index Scan using partsupp_pkey on partsupp  (cost=0.43..0.62 rows=1 width=12) (actual time=0.067..0.067 rows=1 loops=59125)
                                 Index Cond: ((ps_partkey = lineitem.l_partkey) AND (ps_suppkey = lineitem.l_suppkey))
                                 Filter: ((ps_availqty)::numeric > ((0.5 * sum(lineitem.l_quantity))))
                                 Rows Removed by Filter: 0
 Settings: max_parallel_workers_per_gather = '0', work_mem = '128MB'
 Planning Time: 9.179 ms
 JIT:
   Functions: 42
   Options: Inlining true, Optimization true, Expressions true, Deforming true
   Timing: Generation 5.569 ms, Inlining 91.986 ms, Optimization 307.148 ms, Emission 157.518 ms, Total 562.221 ms
 Execution Time: 157059.398 ms
(42 rows)

===== 21.sql jit=on =====
                                                                                            QUERY PLAN                                                                                             
---------------------------------------------------------------------------------------------------------------------------------------------------------------------------------------------------
 Limit  (cost=4271853.60..4271853.60 rows=1 width=34) (actual time=80492.385..80492.412 rows=100 loops=1)
   ->  Sort  (cost=4271853.60..4271853.60 rows=1 width=34) (actual time=79971.661..79971.679 rows=100 loops=1)
         Sort Key: (count(*)) DESC, supplier.s_name
         Sort Method: top-N heapsort  Memory: 38kB
         ->  GroupAggregate  (cost=4271853.57..4271853.59 rows=1 width=34) (actual time=79957.015..79969.608 rows=3991 loops=1)
               Group Key: supplier.s_name
               ->  Sort  (cost=4271853.57..4271853.57 rows=1 width=26) (actual time=79956.603..79961.224 rows=39281 loops=1)
                     Sort Key: supplier.s_name
                     Sort Method: quicksort  Memory: 3378kB
                     ->  Nested Loop Semi Join  (cost=2204882.10..4271853.56 rows=1 width=26) (actual time=25999.207..79751.980 rows=39281 loops=1)
                           Join Filter: (l2.l_suppkey <> l1.l_suppkey)
                           Rows Removed by Join Filter: 42023
                           ->  Nested Loop  (cost=2204881.54..4271846.02 rows=1 width=38) (actual time=25988.054..70698.582 rows=65960 loops=1)
                                 ->  Hash Anti Join  (cost=2204881.10..4271838.70 rows=1 width=34) (actual time=25986.125..53182.806 rows=134155 loops=1)
                                       Hash Cond: (l1.l_orderkey = l3.l_orderkey)
                                       Join Filter: (l3.l_suppkey <> l1.l_suppkey)
                                       Rows Removed by Join Filter: 547662
                                       ->  Hash Join  (cost=2454.57..1959810.42 rows=799821 width=34) (actual time=24.887..19596.067 rows=1514267 loops=1)
                                             Hash Cond: (l1.l_suppkey = supplier.s_suppkey)
                                             ->  Seq Scan on lineitem l1  (cost=0.00..1874374.40 rows=19995531 width=8) (actual time=0.217..13464.643 rows=37929348 loops=1)
                                                   Filter: (l_receiptdate > l_commitdate)
                                                   Rows Removed by Filter: 22056704
                                             ->  Hash  (cost=2404.57..2404.57 rows=4000 width=30) (actual time=24.612..24.616 rows=3991 loops=1)
                                                   Buckets: 4096  Batches: 1  Memory Usage: 282kB
                                                   ->  Nested Loop  (cost=47.29..2404.57 rows=4000 width=30) (actual time=3.665..22.908 rows=3991 loops=1)
                                                         ->  Seq Scan on nation  (cost=0.00..1.31 rows=1 width=4) (actual time=0.181..0.187 rows=1 loops=1)
                                                               Filter: (n_name = 'PERU'::bpchar)
                                                               Rows Removed by Filter: 24
                                                         ->  Bitmap Heap Scan on supplier  (cost=47.29..2363.25 rows=4000 width=34) (actual time=3.473..22.008 rows=3991 loops=1)
                                                               Recheck Cond: (s_nationkey = nation.n_nationkey)
                                                               Heap Blocks: exact=1873
                                                               ->  Bitmap Index Scan on idx_supplier_nation_key  (cost=0.00..46.29 rows=4000 width=0) (actual time=2.351..2.351 rows=3991 loops=1)
                                                                     Index Cond: (s_nationkey = nation.n_nationkey)
                                       ->  Hash  (cost=1874374.40..1874374.40 rows=19995531 width=8) (actual time=25946.979..25946.980 rows=37929348 loops=1)
                                             Buckets: 4194304  Batches: 16  Memory Usage: 125295kB
                                             ->  Seq Scan on lineitem l3  (cost=0.00..1874374.40 rows=19995531 width=8) (actual time=0.033..14852.476 rows=37929348 loops=1)
                                                   Filter: (l_receiptdate > l_commitdate)
                                                   Rows Removed by Filter: 22056704
                                 ->  Index Scan using orders_pkey on orders  (cost=0.43..7.32 rows=1 width=4) (actual time=0.129..0.129 rows=0 loops=134155)
                                       Index Cond: (o_orderkey = l1.l_orderkey)
                                       Filter: (o_orderstatus = 'F'::bpchar)
                                       Rows Removed by Filter: 1
                           ->  Index Scan using idx_lineitem_orderkey on lineitem l2  (cost=0.56..7.52 rows=4 width=8) (actual time=0.134..0.135 rows=1 loops=65960)
                                 Index Cond: (l_orderkey = orders.o_orderkey)
 Settings: max_parallel_workers_per_gather = '0', work_mem = '128MB'
 Planning Time: 13.275 ms
 JIT:
   Functions: 47
   Options: Inlining true, Optimization true, Expressions true, Deforming true
   Timing: Generation 5.266 ms, Inlining 63.291 ms, Optimization 297.812 ms, Emission 159.239 ms, Total 525.608 ms
 Execution Time: 80595.307 ms
(51 rows)

===== 22.sql jit=on =====
                                                                          QUERY PLAN                                                                          
--------------------------------------------------------------------------------------------------------------------------------------------------------------
 Limit  (cost=163347.08..163347.11 rows=1 width=72) (actual time=4168.584..4168.587 rows=1 loops=1)
   InitPlan 1 (returns $0)
     ->  Aggregate  (cost=75323.00..75323.01 rows=1 width=32) (actual time=1835.970..1835.972 rows=1 loops=1)
           ->  Seq Scan on customer customer_1  (cost=0.00..75203.71 rows=47716 width=6) (actual time=0.016..1752.655 rows=382426 loops=1)
                 Filter: ((c_acctbal > 0.00) AND (SUBSTRING(c_phone FROM 1 FOR 2) = ANY ('{21,29,26,34,14,15,17}'::text[])))
                 Rows Removed by Filter: 1117574
   ->  GroupAggregate  (cost=88024.07..88218.85 rows=7083 width=72) (actual time=4152.039..4152.040 rows=1 loops=1)
         Group Key: (SUBSTRING(customer.c_phone FROM 1 FOR 2))
         ->  Sort  (cost=88024.07..88041.78 rows=7083 width=38) (actual time=4148.582..4149.210 rows=9006 loops=1)
               Sort Key: (SUBSTRING(customer.c_phone FROM 1 FOR 2))
               Sort Method: quicksort  Memory: 4513kB
               ->  Nested Loop Anti Join  (cost=0.43..87571.11 rows=7083 width=38) (actual time=1836.079..4107.337 rows=63509 loops=1)
                     ->  Seq Scan on customer  (cost=0.00..75203.71 rows=17501 width=26) (actual time=1836.053..3178.295 rows=191129 loops=1)
                           Filter: ((c_acctbal > $0) AND (SUBSTRING(c_phone FROM 1 FOR 2) = ANY ('{21,29,26,34,14,15,17}'::text[])))
                           Rows Removed by Filter: 1308871
                     ->  Index Only Scan using idx_orders_custkey on orders  (cost=0.43..3.28 rows=17 width=4) (actual time=0.004..0.004 rows=1 loops=191129)
                           Index Cond: (o_custkey = customer.c_custkey)
                           Heap Fetches: 0
 Settings: max_parallel_workers_per_gather = '0', work_mem = '128MB'
 Planning Time: 1.639 ms
 JIT:
   Functions: 17
   Options: Inlining false, Optimization false, Expressions true, Deforming true
   Timing: Generation 2.505 ms, Inlining 0.000 ms, Optimization 0.693 ms, Emission 15.593 ms, Total 18.791 ms
 Execution Time: 4196.410 ms
(25 rows)

===== 2-flattened.sql jit=on =====
                                                                       QUERY PLAN                                                                        
---------------------------------------------------------------------------------------------------------------------------------------------------------
 HashAggregate  (cost=207697.48..212187.74 rows=449026 width=36) (actual time=5419.682..6238.357 rows=1182884 loops=1)
   Group Key: partsupp.ps_partkey
   Batches: 5  Memory Usage: 139313kB  Disk Usage: 15632kB
   ->  Nested Loop  (cost=42.10..199697.05 rows=1600085 width=10) (actual time=17.594..3982.808 rows=1604080 loops=1)
         ->  Nested Loop  (cost=41.67..2184.07 rows=20000 width=4) (actual time=17.566..90.505 rows=20051 loops=1)
               ->  Nested Loop  (cost=0.14..13.95 rows=5 width=4) (actual time=15.908..15.942 rows=5 loops=1)
                     Join Filter: (nation.n_regionkey = region.r_regionkey)
                     Rows Removed by Join Filter: 20
                     ->  Index Scan using nation_pkey on nation  (cost=0.14..12.51 rows=25 width=8) (actual time=0.049..0.065 rows=25 loops=1)
                     ->  Materialize  (cost=0.00..1.07 rows=1 width=4) (actual time=0.634..0.634 rows=1 loops=25)
                           ->  Seq Scan on region  (cost=0.00..1.06 rows=1 width=4) (actual time=15.838..15.840 rows=1 loops=1)
                                 Filter: (r_name = 'AMERICA'::bpchar)
                                 Rows Removed by Filter: 4
               ->  Bitmap Heap Scan on supplier  (cost=41.53..394.02 rows=4000 width=8) (actual time=1.600..13.838 rows=4010 loops=5)
                     Recheck Cond: (s_nationkey = nation.n_nationkey)
                     Heap Blocks: exact=9388
                     ->  Bitmap Index Scan on idx_supplier_nation_key  (cost=0.00..40.53 rows=4000 width=0) (actual time=0.925..0.925 rows=4010 loops=5)
                           Index Cond: (s_nationkey = nation.n_nationkey)
         ->  Index Scan using idx_partsupp_suppkey on partsupp  (cost=0.43..9.08 rows=80 width=14) (actual time=0.010..0.174 rows=80 loops=20051)
               Index Cond: (ps_suppkey = supplier.s_suppkey)
 Settings: max_parallel_workers_per_gather = '0', work_mem = '128MB'
 Planning Time: 2.218 ms
 JIT:
   Functions: 27
   Options: Inlining false, Optimization false, Expressions true, Deforming true
   Timing: Generation 3.740 ms, Inlining 0.000 ms, Optimization 1.106 ms, Emission 19.295 ms, Total 24.140 ms
 Execution Time: 6318.948 ms
(27 rows)

SELECT 1182884
CREATE INDEX
ANALYZE
                                                                             QUERY PLAN                                                                             
--------------------------------------------------------------------------------------------------------------------------------------------------------------------
 Limit  (cost=526262.41..526262.41 rows=1 width=192) (actual time=6552.360..6552.381 rows=100 loops=1)
   ->  Sort  (cost=526262.41..526262.41 rows=1 width=192) (actual time=6004.000..6004.012 rows=100 loops=1)
         Sort Key: supplier.s_acctbal DESC, nation.n_name, supplier.s_name, part.p_partkey
         Sort Method: top-N heapsort  Memory: 71kB
         ->  Hash Join  (cost=265354.88..526262.40 rows=1 width=192) (actual time=4967.668..5998.599 rows=4737 loops=1)
               Hash Cond: ((part.p_partkey = partsupp.ps_partkey) AND ((SubPlan 1) = partsupp.ps_supplycost))
               ->  Seq Scan on part  (cost=0.00..70961.71 rows=8918 width=30) (actual time=0.042..612.432 rows=8046 loops=1)
                     Filter: (((p_type)::text ~~ '%NICKEL'::text) AND (p_size = 16))
                     Rows Removed by Filter: 1991954
               ->  Hash  (cost=202288.61..202288.61 rows=1600085 width=172) (actual time=4966.578..4966.581 rows=1604080 loops=1)
                     Buckets: 1048576  Batches: 4  Memory Usage: 90233kB
                     ->  Nested Loop  (cost=2.00..202288.61 rows=1600085 width=172) (actual time=0.120..3468.600 rows=1604080 loops=1)
                           ->  Nested Loop  (cost=1.56..4775.62 rows=20000 width=166) (actual time=0.092..80.049 rows=20051 loops=1)
                                 Join Filter: (nation.n_regionkey = region.r_regionkey)
                                 Rows Removed by Join Filter: 79949
                                 ->  Seq Scan on region  (cost=0.00..1.06 rows=1 width=4) (actual time=0.039..0.043 rows=1 loops=1)
                                       Filter: (r_name = 'AMERICA'::bpchar)
                                       Rows Removed by Filter: 4
                                 ->  Hash Join  (cost=1.56..3524.56 rows=100000 width=170) (actual time=0.048..70.609 rows=100000 loops=1)
                                       Hash Cond: (supplier.s_nationkey = nation.n_nationkey)
                                       ->  Seq Scan on supplier  (cost=0.00..3216.00 rows=100000 width=144) (actual time=0.008..26.995 rows=100000 loops=1)
                                       ->  Hash  (cost=1.25..1.25 rows=25 width=34) (actual time=0.024..0.025 rows=25 loops=1)
                                             Buckets: 1024  Batches: 1  Memory Usage: 10kB
                                             ->  Seq Scan on nation  (cost=0.00..1.25 rows=25 width=34) (actual time=0.005..0.011 rows=25 loops=1)
                           ->  Index Scan using idx_partsupp_suppkey on partsupp  (cost=0.43..9.08 rows=80 width=14) (actual time=0.009..0.152 rows=80 loops=20051)
                                 Index Cond: (ps_suppkey = supplier.s_suppkey)
               SubPlan 1
                 ->  Index Scan using tmp_supplycost_idx on tmp_supplycost  (cost=0.43..8.45 rows=1 width=6) (actual time=0.007..0.007 rows=1 loops=12783)
                       Index Cond: (ps_partkey = part.p_partkey)
 Settings: max_parallel_workers_per_gather = '0', work_mem = '128MB'
 Planning Time: 2.513 ms
 JIT:
   Functions: 41
   Options: Inlining true, Optimization true, Expressions true, Deforming true
   Timing: Generation 4.677 ms, Inlining 59.754 ms, Optimization 317.988 ms, Emission 170.240 ms, Total 552.659 ms
 Execution Time: 6557.503 ms
(36 rows)

DROP TABLE
===== 2.sql jit=on =====
                                                                                        QUERY PLAN                                                                                         
-------------------------------------------------------------------------------------------------------------------------------------------------------------------------------------------
 Limit  (cost=1777734.28..1777734.28 rows=1 width=192) (actual time=8959.343..8959.364 rows=100 loops=1)
   ->  Sort  (cost=1777734.28..1777734.28 rows=1 width=192) (actual time=8188.780..8188.793 rows=100 loops=1)
         Sort Key: supplier.s_acctbal DESC, nation.n_name, supplier.s_name, part.p_partkey
         Sort Method: top-N heapsort  Memory: 71kB
         ->  Merge Join  (cost=503903.37..1777734.27 rows=1 width=192) (actual time=5724.217..8182.590 rows=4737 loops=1)
               Merge Cond: (part.p_partkey = partsupp.ps_partkey)
               Join Filter: (partsupp.ps_supplycost = (SubPlan 1))
               Rows Removed by Join Filter: 1661
               ->  Index Scan using part_pkey on part  (cost=0.43..102913.05 rows=8918 width=30) (actual time=0.055..942.929 rows=8046 loops=1)
                     Filter: (((p_type)::text ~~ '%NICKEL'::text) AND (p_size = 16))
                     Rows Removed by Filter: 1991954
               ->  Materialize  (cost=503902.60..511903.03 rows=1600085 width=172) (actual time=5723.926..6630.647 rows=1603828 loops=1)
                     ->  Sort  (cost=503902.60..507902.81 rows=1600085 width=172) (actual time=5723.920..6234.483 rows=1603828 loops=1)
                           Sort Key: partsupp.ps_partkey
                           Sort Method: external merge  Disk: 293456kB
                           ->  Nested Loop  (cost=2.00..202288.61 rows=1600085 width=172) (actual time=0.087..3595.650 rows=1604080 loops=1)
                                 ->  Nested Loop  (cost=1.56..4775.62 rows=20000 width=166) (actual time=0.063..82.419 rows=20051 loops=1)
                                       Join Filter: (nation.n_regionkey = region.r_regionkey)
                                       Rows Removed by Join Filter: 79949
                                       ->  Seq Scan on region  (cost=0.00..1.06 rows=1 width=4) (actual time=0.019..0.022 rows=1 loops=1)
                                             Filter: (r_name = 'AMERICA'::bpchar)
                                             Rows Removed by Filter: 4
                                       ->  Hash Join  (cost=1.56..3524.56 rows=100000 width=170) (actual time=0.040..72.951 rows=100000 loops=1)
                                             Hash Cond: (supplier.s_nationkey = nation.n_nationkey)
                                             ->  Seq Scan on supplier  (cost=0.00..3216.00 rows=100000 width=144) (actual time=0.004..24.369 rows=100000 loops=1)
                                             ->  Hash  (cost=1.25..1.25 rows=25 width=34) (actual time=0.023..0.024 rows=25 loops=1)
                                                   Buckets: 1024  Batches: 1  Memory Usage: 10kB
                                                   ->  Seq Scan on nation  (cost=0.00..1.25 rows=25 width=34) (actual time=0.005..0.011 rows=25 loops=1)
                                 ->  Index Scan using idx_partsupp_suppkey on partsupp  (cost=0.43..9.08 rows=80 width=14) (actual time=0.009..0.159 rows=80 loops=20051)
                                       Index Cond: (ps_suppkey = supplier.s_suppkey)
               SubPlan 1
                 ->  Aggregate  (cost=162.40..162.41 rows=1 width=32) (actual time=0.049..0.049 rows=1 loops=6398)
                       ->  Nested Loop  (cost=0.86..162.39 rows=4 width=6) (actual time=0.029..0.046 rows=2 loops=6398)
                             Join Filter: (nation_1.n_regionkey = region_1.r_regionkey)
                             Rows Removed by Join Filter: 2
                             ->  Seq Scan on region region_1  (cost=0.00..1.06 rows=1 width=4) (actual time=0.002..0.003 rows=1 loops=6398)
                                   Filter: (r_name = 'AMERICA'::bpchar)
                                   Rows Removed by Filter: 4
                             ->  Nested Loop  (cost=0.86..161.10 rows=18 width=10) (actual time=0.018..0.042 rows=4 loops=6398)
                                   ->  Nested Loop  (cost=0.72..158.33 rows=18 width=10) (actual time=0.015..0.032 rows=4 loops=6398)
                                         ->  Index Scan using idx_partsupp_partkey on partsupp partsupp_1  (cost=0.43..8.75 rows=18 width=10) (actual time=0.009..0.010 rows=4 loops=6398)
                                               Index Cond: (ps_partkey = part.p_partkey)
                                         ->  Index Scan using supplier_pkey on supplier supplier_1  (cost=0.29..8.31 rows=1 width=8) (actual time=0.004..0.004 rows=1 loops=25592)
                                               Index Cond: (s_suppkey = partsupp_1.ps_suppkey)
                                   ->  Index Scan using nation_pkey on nation nation_1  (cost=0.14..0.16 rows=1 width=8) (actual time=0.002..0.002 rows=1 loops=25592)
                                         Index Cond: (n_nationkey = supplier_1.s_nationkey)
 Settings: max_parallel_workers_per_gather = '0', work_mem = '128MB'
 Planning Time: 4.718 ms
 JIT:
   Functions: 57
   Options: Inlining true, Optimization true, Expressions true, Deforming true
   Timing: Generation 6.656 ms, Inlining 66.044 ms, Optimization 447.894 ms, Emission 256.105 ms, Total 776.699 ms
 Execution Time: 9014.759 ms
(53 rows)

===== 3.sql jit=on =====
                                                                                      QUERY PLAN                                                                                       
---------------------------------------------------------------------------------------------------------------------------------------------------------------------------------------
 Limit  (cost=2956867.70..2956867.72 rows=10 width=44) (actual time=47354.595..47354.608 rows=10 loops=1)
   ->  Sort  (cost=2956867.70..2964772.30 rows=3161840 width=44) (actual time=46880.122..46880.134 rows=10 loops=1)
         Sort Key: (sum((lineitem.l_extendedprice * ('1'::numeric - lineitem.l_discount)))) DESC, orders.o_orderdate
         Sort Method: top-N heapsort  Memory: 26kB
         ->  HashAggregate  (cost=2811965.66..2888541.47 rows=3161840 width=44) (actual time=46731.733..46830.777 rows=113934 loops=1)
               Group Key: lineitem.l_orderkey, orders.o_orderdate, orders.o_shippriority
               Planned Partitions: 8  Batches: 1  Memory Usage: 61457kB
               ->  Hash Join  (cost=525781.51..2553090.01 rows=3161840 width=24) (actual time=28139.290..46217.489 rows=301530 loops=1)
                     Hash Cond: (lineitem.l_orderkey = orders.o_orderkey)
                     ->  Seq Scan on lineitem  (cost=0.00..1874374.40 rows=32350852 width=16) (actual time=0.346..12481.935 rows=32534229 loops=1)
                           Filter: (l_shipdate > '1995-03-07'::date)
                           Rows Removed by Filter: 27451823
                     ->  Hash  (cost=507454.30..507454.30 rows=1466177 width=12) (actual time=28133.842..28133.852 rows=1451805 loops=1)
                           Buckets: 2097152  Batches: 1  Memory Usage: 78767kB
                           ->  Hash Join  (cost=138331.66..507454.30 rows=1466177 width=12) (actual time=1755.326..27228.984 rows=1451805 loops=1)
                                 Hash Cond: (orders.o_custkey = customer.c_custkey)
                                 ->  Bitmap Heap Scan on orders  (cost=79911.18..430253.42 rows=7154419 width=16) (actual time=1252.935..23765.482 rows=7239437 loops=1)
                                       Recheck Cond: (o_orderdate < '1995-03-07'::date)
                                       Heap Blocks: exact=260912
                                       ->  Bitmap Index Scan on idx_orders_orderdate  (cost=0.00..78122.58 rows=7154419 width=0) (actual time=1088.092..1088.093 rows=7239437 loops=1)
                                             Index Cond: (o_orderdate < '1995-03-07'::date)
                                 ->  Hash  (cost=54577.81..54577.81 rows=307413 width=4) (actual time=501.204..501.205 rows=300276 loops=1)
                                       Buckets: 524288  Batches: 1  Memory Usage: 14653kB
                                       ->  Seq Scan on customer  (cost=0.00..54577.81 rows=307413 width=4) (actual time=0.347..398.664 rows=300276 loops=1)
                                             Filter: (c_mktsegment = 'BUILDING'::bpchar)
                                             Rows Removed by Filter: 1199724
 Settings: max_parallel_workers_per_gather = '0', work_mem = '128MB'
 Planning Time: 5.960 ms
 JIT:
   Functions: 31
   Options: Inlining true, Optimization true, Expressions true, Deforming true
   Timing: Generation 3.959 ms, Inlining 61.147 ms, Optimization 270.065 ms, Emission 142.917 ms, Total 478.087 ms
 Execution Time: 47412.326 ms
(33 rows)

===== 4.sql jit=on =====
                                                                              QUERY PLAN                                                                              
----------------------------------------------------------------------------------------------------------------------------------------------------------------------
 Limit  (cost=2585908.25..2585908.25 rows=1 width=24) (actual time=51740.591..51740.594 rows=1 loops=1)
   ->  Sort  (cost=2585908.25..2585908.26 rows=5 width=24) (actual time=51492.767..51492.770 rows=1 loops=1)
         Sort Key: orders.o_orderpriority
         Sort Method: top-N heapsort  Memory: 25kB
         ->  HashAggregate  (cost=2585908.17..2585908.22 rows=5 width=24) (actual time=51492.695..51492.699 rows=5 loops=1)
               Group Key: orders.o_orderpriority
               Batches: 1  Memory Usage: 24kB
               ->  Hash Semi Join  (cost=2210109.81..2583099.87 rows=561660 width=16) (actual time=24491.404..51237.795 rows=513822 loops=1)
                     Hash Cond: (orders.o_orderkey = lineitem.l_orderkey)
                     ->  Bitmap Heap Scan on orders  (cost=7683.27..277022.84 rows=561838 width=20) (actual time=275.884..20400.797 rows=560424 loops=1)
                           Recheck Cond: ((o_orderdate >= '1993-12-01'::date) AND (o_orderdate < '1994-03-01'::date))
                           Heap Blocks: exact=231732
                           ->  Bitmap Index Scan on idx_orders_orderdate  (cost=0.00..7542.82 rows=561838 width=0) (actual time=132.994..132.994 rows=560424 loops=1)
                                 Index Cond: ((o_orderdate >= '1993-12-01'::date) AND (o_orderdate < '1994-03-01'::date))
                     ->  Hash  (cost=1874374.40..1874374.40 rows=19995531 width=4) (actual time=24205.790..24205.791 rows=37929348 loops=1)
                           Buckets: 4194304  Batches: 16  Memory Usage: 116042kB
                           ->  Seq Scan on lineitem  (cost=0.00..1874374.40 rows=19995531 width=4) (actual time=0.246..14491.024 rows=37929348 loops=1)
                                 Filter: (l_commitdate < l_receiptdate)
                                 Rows Removed by Filter: 22056704
 Settings: max_parallel_workers_per_gather = '0', work_mem = '128MB'
 Planning Time: 5.626 ms
 JIT:
   Functions: 19
   Options: Inlining true, Optimization true, Expressions true, Deforming true
   Timing: Generation 2.322 ms, Inlining 55.237 ms, Optimization 127.635 ms, Emission 64.711 ms, Total 249.906 ms
 Execution Time: 51791.725 ms
(26 rows)

===== 5.sql jit=on =====
                                                                                           QUERY PLAN                                                                                            
-------------------------------------------------------------------------------------------------------------------------------------------------------------------------------------------------
 Limit  (cost=2371417.65..2371417.65 rows=1 width=58) (actual time=46906.970..46906.984 rows=1 loops=1)
   ->  Sort  (cost=2371417.65..2371417.71 rows=25 width=58) (actual time=46288.504..46288.517 rows=1 loops=1)
         Sort Key: (sum((lineitem.l_extendedprice * ('1'::numeric - lineitem.l_discount)))) DESC
         Sort Method: top-N heapsort  Memory: 25kB
         ->  GroupAggregate  (cost=2370516.42..2371417.52 rows=25 width=58) (actual time=46232.568..46288.445 rows=5 loops=1)
               Group Key: nation.n_name
               ->  Sort  (cost=2370516.42..2370696.58 rows=72063 width=38) (actual time=46218.870..46224.421 rows=72033 loops=1)
                     Sort Key: nation.n_name
                     Sort Method: quicksort  Memory: 8700kB
                     ->  Hash Join  (cost=421576.23..2364702.03 rows=72063 width=38) (actual time=21444.084..46150.575 rows=72033 loops=1)
                           Hash Cond: ((lineitem.l_suppkey = supplier.s_suppkey) AND (customer.c_nationkey = supplier.s_nationkey))
                           ->  Hash Join  (cost=416860.23..2350527.83 rows=1801559 width=50) (actual time=21377.456..45454.816 rows=1815327 loops=1)
                                 Hash Cond: (orders.o_custkey = customer.c_custkey)
                                 ->  Hash Join  (cost=353654.54..2235527.31 rows=9007797 width=20) (actual time=20674.412..42707.505 rows=9108027 loops=1)
                                       Hash Cond: (lineitem.l_orderkey = orders.o_orderkey)
                                       ->  Seq Scan on lineitem  (cost=0.00..1724407.92 rows=59986592 width=20) (actual time=0.201..10382.928 rows=59986052 loops=1)
                                       ->  Hash  (cost=325496.23..325496.23 rows=2252665 width=8) (actual time=20665.343..20665.344 rows=2276638 loops=1)
                                             Buckets: 4194304  Batches: 1  Memory Usage: 121700kB
                                             ->  Bitmap Heap Scan on orders  (cost=30794.25..325496.23 rows=2252665 width=8) (actual time=538.158..19464.008 rows=2276638 loops=1)
                                                   Recheck Cond: ((o_orderdate >= '1993-01-01'::date) AND (o_orderdate < '1994-01-01'::date))
                                                   Heap Blocks: exact=260897
                                                   ->  Bitmap Index Scan on idx_orders_orderdate  (cost=0.00..30231.09 rows=2252665 width=0) (actual time=377.251..377.251 rows=2276638 loops=1)
                                                         Index Cond: ((o_orderdate >= '1993-01-01'::date) AND (o_orderdate < '1994-01-01'::date))
                                 ->  Hash  (cost=59455.53..59455.53 rows=300013 width=38) (actual time=701.388..701.390 rows=299436 loops=1)
                                       Buckets: 524288  Batches: 1  Memory Usage: 25151kB
                                       ->  Hash Join  (cost=2.51..59455.53 rows=300013 width=38) (actual time=0.999..572.699 rows=299436 loops=1)
                                             Hash Cond: (customer.c_nationkey = nation.n_nationkey)
                                             ->  Seq Scan on customer  (cost=0.00..50827.65 rows=1500065 width=8) (actual time=0.414..304.536 rows=1500000 loops=1)
                                             ->  Hash  (cost=2.45..2.45 rows=5 width=30) (actual time=0.569..0.570 rows=5 loops=1)
                                                   Buckets: 1024  Batches: 1  Memory Usage: 9kB
                                                   ->  Hash Join  (cost=1.07..2.45 rows=5 width=30) (actual time=0.554..0.563 rows=5 loops=1)
                                                         Hash Cond: (nation.n_regionkey = region.r_regionkey)
                                                         ->  Seq Scan on nation  (cost=0.00..1.25 rows=25 width=34) (actual time=0.235..0.239 rows=25 loops=1)
                                                         ->  Hash  (cost=1.06..1.06 rows=1 width=4) (actual time=0.304..0.305 rows=1 loops=1)
                                                               Buckets: 1024  Batches: 1  Memory Usage: 9kB
                                                               ->  Seq Scan on region  (cost=0.00..1.06 rows=1 width=4) (actual time=0.295..0.297 rows=1 loops=1)
                                                                     Filter: (r_name = 'AMERICA'::bpchar)
                                                                     Rows Removed by Filter: 4
                           ->  Hash  (cost=3216.00..3216.00 rows=100000 width=8) (actual time=64.933..64.939 rows=100000 loops=1)
                                 Buckets: 131072  Batches: 1  Memory Usage: 4931kB
                                 ->  Seq Scan on supplier  (cost=0.00..3216.00 rows=100000 width=8) (actual time=0.513..30.997 rows=100000 loops=1)
 Settings: max_parallel_workers_per_gather = '0', work_mem = '128MB'
 Planning Time: 12.663 ms
 JIT:
   Functions: 55
   Options: Inlining true, Optimization true, Expressions true, Deforming true
   Timing: Generation 5.979 ms, Inlining 63.622 ms, Optimization 363.011 ms, Emission 191.393 ms, Total 624.005 ms
 Execution Time: 46964.288 ms
(48 rows)

===== 6.sql jit=on =====
                                                                                          QUERY PLAN                                                                                           
-----------------------------------------------------------------------------------------------------------------------------------------------------------------------------------------------
 Limit  (cost=1506013.66..1506013.67 rows=1 width=32) (actual time=7865.147..7865.148 rows=1 loops=1)
   ->  Aggregate  (cost=1506013.66..1506013.67 rows=1 width=32) (actual time=7681.458..7681.459 rows=1 loops=1)
         ->  Bitmap Heap Scan on lineitem  (cost=302210.75..1500050.36 rows=1192660 width=12) (actual time=3415.604..6859.588 rows=1194558 loops=1)
               Recheck Cond: ((l_shipdate >= '1993-01-01'::date) AND (l_shipdate < '1994-01-01'::date) AND (l_discount >= 0.06) AND (l_discount <= 0.08) AND (l_quantity < '25'::numeric))
               Heap Blocks: exact=662932
               ->  Bitmap Index Scan on idx_lineitem_shipdate  (cost=0.00..301912.59 rows=1192660 width=0) (actual time=2965.066..2965.066 rows=1194558 loops=1)
                     Index Cond: ((l_shipdate >= '1993-01-01'::date) AND (l_shipdate < '1994-01-01'::date) AND (l_discount >= 0.06) AND (l_discount <= 0.08) AND (l_quantity < '25'::numeric))
 Settings: max_parallel_workers_per_gather = '0', work_mem = '128MB'
 Planning Time: 1.077 ms
 JIT:
   Functions: 6
   Options: Inlining true, Optimization true, Expressions true, Deforming true
   Timing: Generation 1.118 ms, Inlining 58.918 ms, Optimization 81.220 ms, Emission 43.355 ms, Total 184.610 ms
 Execution Time: 7895.246 ms
(14 rows)

===== 7.sql jit=on =====
                                                                                     QUERY PLAN                                                                                      
-------------------------------------------------------------------------------------------------------------------------------------------------------------------------------------
 Limit  (cost=2522468.11..2522468.24 rows=1 width=116) (actual time=87655.048..87655.064 rows=1 loops=1)
   ->  GroupAggregate  (cost=2522468.11..2523688.56 rows=10048 width=116) (actual time=86896.609..86896.624 rows=1 loops=1)
         Group Key: n1.n_name, n2.n_name, (EXTRACT(year FROM lineitem.l_shipdate))
         ->  Sort  (cost=2522468.11..2522620.93 rows=61127 width=96) (actual time=86877.382..86878.730 rows=14421 loops=1)
               Sort Key: n1.n_name, n2.n_name, (EXTRACT(year FROM lineitem.l_shipdate))
               Sort Method: quicksort  Memory: 9664kB
               ->  Hash Join  (cost=1026109.49..2517608.66 rows=61127 width=96) (actual time=13481.484..86765.904 rows=57794 loops=1)
                     Hash Cond: (lineitem.l_suppkey = supplier.s_suppkey)
                     Join Filter: (((n1.n_name = 'PERU'::bpchar) AND (n2.n_name = 'MOROCCO'::bpchar)) OR ((n1.n_name = 'MOROCCO'::bpchar) AND (n2.n_name = 'PERU'::bpchar)))
                     Rows Removed by Join Filter: 58158
                     ->  Hash Join  (cost=1022485.09..2505973.18 rows=1468833 width=46) (actual time=13434.196..86036.496 rows=1448126 loops=1)
                           Hash Cond: (lineitem.l_orderkey = orders.o_orderkey)
                           ->  Bitmap Heap Scan on lineitem  (cost=471366.81..1871315.02 rows=18360414 width=24) (actual time=5876.537..73550.440 rows=18230325 loops=1)
                                 Recheck Cond: ((l_shipdate >= '1995-01-01'::date) AND (l_shipdate <= '1996-12-31'::date))
                                 Heap Blocks: exact=1119491
                                 ->  Bitmap Index Scan on idx_lineitem_shipdate  (cost=0.00..466776.71 rows=18360414 width=0) (actual time=5046.191..5046.191 rows=18230325 loops=1)
                                       Index Cond: ((l_shipdate >= '1995-01-01'::date) AND (l_shipdate <= '1996-12-31'::date))
                           ->  Hash  (cost=536116.87..536116.87 rows=1200113 width=30) (actual time=7553.116..7553.127 rows=1191175 loops=1)
                                 Buckets: 2097152  Batches: 1  Memory Usage: 88506kB
                                 ->  Hash Join  (cost=56934.32..536116.87 rows=1200113 width=30) (actual time=578.786..7042.728 rows=1191175 loops=1)
                                       Hash Cond: (orders.o_custkey = customer.c_custkey)
                                       ->  Seq Scan on orders  (cost=0.00..410926.14 rows=15001414 width=8) (actual time=0.039..2730.186 rows=15000000 loops=1)
                                       ->  Hash  (cost=55434.25..55434.25 rows=120005 width=30) (actual time=578.416..578.426 rows=119622 loops=1)
                                             Buckets: 131072  Batches: 1  Memory Usage: 8267kB
                                             ->  Hash Join  (cost=1.40..55434.25 rows=120005 width=30) (actual time=0.343..531.560 rows=119622 loops=1)
                                                   Hash Cond: (customer.c_nationkey = n2.n_nationkey)
                                                   ->  Seq Scan on customer  (cost=0.00..50827.65 rows=1500065 width=8) (actual time=0.290..301.134 rows=1500000 loops=1)
                                                   ->  Hash  (cost=1.38..1.38 rows=2 width=30) (actual time=0.040..0.048 rows=2 loops=1)
                                                         Buckets: 1024  Batches: 1  Memory Usage: 9kB
                                                         ->  Seq Scan on nation n2  (cost=0.00..1.38 rows=2 width=30) (actual time=0.029..0.034 rows=2 loops=1)
                                                               Filter: ((n_name = 'MOROCCO'::bpchar) OR (n_name = 'PERU'::bpchar))
                                                               Rows Removed by Filter: 23
                     ->  Hash  (cost=3524.40..3524.40 rows=8000 width=30) (actual time=45.344..45.346 rows=7981 loops=1)
                           Buckets: 8192  Batches: 1  Memory Usage: 548kB
                           ->  Hash Join  (cost=1.40..3524.40 rows=8000 width=30) (actual time=0.823..42.449 rows=7981 loops=1)
                                 Hash Cond: (supplier.s_nationkey = n1.n_nationkey)
                                 ->  Seq Scan on supplier  (cost=0.00..3216.00 rows=100000 width=8) (actual time=0.485..26.525 rows=100000 loops=1)
                                 ->  Hash  (cost=1.38..1.38 rows=2 width=30) (actual time=0.326..0.327 rows=2 loops=1)
                                       Buckets: 1024  Batches: 1  Memory Usage: 9kB
                                       ->  Seq Scan on nation n1  (cost=0.00..1.38 rows=2 width=30) (actual time=0.314..0.318 rows=2 loops=1)
                                             Filter: ((n_name = 'PERU'::bpchar) OR (n_name = 'MOROCCO'::bpchar))
                                             Rows Removed by Filter: 23
 Settings: max_parallel_workers_per_gather = '0', work_mem = '128MB'
 Planning Time: 11.057 ms
 JIT:
   Functions: 60
   Options: Inlining true, Optimization true, Expressions true, Deforming true
   Timing: Generation 6.957 ms, Inlining 60.360 ms, Optimization 460.401 ms, Emission 237.153 ms, Total 764.870 ms
 Execution Time: 87713.593 ms
(49 rows)

===== 8.sql jit=on =====
                                                                                           QUERY PLAN                                                                                            
-------------------------------------------------------------------------------------------------------------------------------------------------------------------------------------------------
 Limit  (cost=2107883.81..2107884.06 rows=1 width=64) (actual time=60511.963..60511.972 rows=1 loops=1)
   ->  GroupAggregate  (cost=2107883.81..2108484.80 rows=2406 width=64) (actual time=59798.394..59798.402 rows=1 loops=1)
         Group Key: (EXTRACT(year FROM orders.o_orderdate))
         ->  Sort  (cost=2107883.81..2107945.24 rows=24572 width=70) (actual time=59785.489..59786.314 rows=11818 loops=1)
               Sort Key: (EXTRACT(year FROM orders.o_orderdate))
               Sort Method: quicksort  Memory: 2631kB
               ->  Nested Loop  (cost=498738.37..2106091.93 rows=24572 width=70) (actual time=20590.145..59726.126 rows=23842 loops=1)
                     ->  Hash Join  (cost=498738.23..2105375.65 rows=24572 width=20) (actual time=20590.116..59608.799 rows=23842 loops=1)
                           Hash Cond: (lineitem.l_suppkey = supplier.s_suppkey)
                           ->  Hash Join  (cost=494272.23..2100845.14 rows=24572 width=20) (actual time=20529.347..59518.367 rows=23842 loops=1)
                                 Hash Cond: (lineitem.l_orderkey = orders.o_orderkey)
                                 ->  Nested Loop  (cost=0.44..1604828.00 rows=399904 width=20) (actual time=1.836..38592.132 rows=389521 loops=1)
                                       ->  Seq Scan on part  (cost=0.00..65961.76 rows=13333 width=4) (actual time=1.259..638.551 rows=13011 loops=1)
                                             Filter: ((p_type)::text = 'LARGE POLISHED BRASS'::text)
                                             Rows Removed by Filter: 1986989
                                       ->  Index Scan using idx_lineitem_part_supp on lineitem  (cost=0.44..115.09 rows=33 width=24) (actual time=0.166..2.895 rows=30 loops=13011)
                                             Index Cond: (l_partkey = part.p_partkey)
                                 ->  Hash  (cost=482749.87..482749.87 rows=921753 width=8) (actual time=20521.245..20521.250 rows=910360 loops=1)
                                       Buckets: 1048576  Batches: 1  Memory Usage: 43753kB
                                       ->  Hash Join  (cost=126205.98..482749.87 rows=921753 width=8) (actual time=1627.333..20034.502 rows=910360 loops=1)
                                             Hash Cond: (orders.o_custkey = customer.c_custkey)
                                             ->  Bitmap Heap Scan on orders  (cost=63000.29..393043.78 rows=4608766 width=12) (actual time=865.441..17578.389 rows=4557513 loops=1)
                                                   Recheck Cond: ((o_orderdate >= '1995-01-01'::date) AND (o_orderdate <= '1996-12-31'::date))
                                                   Heap Blocks: exact=260912
                                                   ->  Bitmap Index Scan on idx_orders_orderdate  (cost=0.00..61848.10 rows=4608766 width=0) (actual time=704.797..704.797 rows=4557513 loops=1)
                                                         Index Cond: ((o_orderdate >= '1995-01-01'::date) AND (o_orderdate <= '1996-12-31'::date))
                                             ->  Hash  (cost=59455.53..59455.53 rows=300013 width=4) (actual time=760.731..760.734 rows=299436 loops=1)
                                                   Buckets: 524288  Batches: 1  Memory Usage: 14624kB
                                                   ->  Hash Join  (cost=2.51..59455.53 rows=300013 width=4) (actual time=0.915..663.261 rows=299436 loops=1)
                                                         Hash Cond: (customer.c_nationkey = n1.n_nationkey)
                                                         ->  Seq Scan on customer  (cost=0.00..50827.65 rows=1500065 width=8) (actual time=0.504..399.046 rows=1500000 loops=1)
                                                         ->  Hash  (cost=2.45..2.45 rows=5 width=4) (actual time=0.396..0.398 rows=5 loops=1)
                                                               Buckets: 1024  Batches: 1  Memory Usage: 9kB
                                                               ->  Hash Join  (cost=1.07..2.45 rows=5 width=4) (actual time=0.383..0.393 rows=5 loops=1)
                                                                     Hash Cond: (n1.n_regionkey = region.r_regionkey)
                                                                     ->  Seq Scan on nation n1  (cost=0.00..1.25 rows=25 width=8) (actual time=0.013..0.015 rows=25 loops=1)
                                                                     ->  Hash  (cost=1.06..1.06 rows=1 width=4) (actual time=0.358..0.359 rows=1 loops=1)
                                                                           Buckets: 1024  Batches: 1  Memory Usage: 9kB
                                                                           ->  Seq Scan on region  (cost=0.00..1.06 rows=1 width=4) (actual time=0.342..0.344 rows=1 loops=1)
                                                                                 Filter: (r_name = 'AMERICA'::bpchar)
                                                                                 Rows Removed by Filter: 4
                           ->  Hash  (cost=3216.00..3216.00 rows=100000 width=8) (actual time=60.473..60.473 rows=100000 loops=1)
                                 Buckets: 131072  Batches: 1  Memory Usage: 4931kB
                                 ->  Seq Scan on supplier  (cost=0.00..3216.00 rows=100000 width=8) (actual time=0.486..31.002 rows=100000 loops=1)
                     ->  Memoize  (cost=0.15..2.17 rows=1 width=30) (actual time=0.001..0.001 rows=1 loops=23842)
                           Cache Key: supplier.s_nationkey
                           Hits: 23817  Misses: 25  Evictions: 0  Overflows: 0  Memory Usage: 4kB
                           ->  Index Scan using nation_pkey on nation n2  (cost=0.14..2.16 rows=1 width=30) (actual time=0.007..0.007 rows=1 loops=25)
                                 Index Cond: (n_nationkey = supplier.s_nationkey)
 Settings: max_parallel_workers_per_gather = '0', work_mem = '128MB'
 Planning Time: 20.886 ms
 JIT:
   Functions: 67
   Options: Inlining true, Optimization true, Expressions true, Deforming true
   Timing: Generation 7.387 ms, Inlining 79.898 ms, Optimization 414.892 ms, Emission 218.255 ms, Total 720.432 ms
 Execution Time: 60564.731 ms
(56 rows)

===== 9.sql jit=on =====
                                                                                QUERY PLAN                                                                                 
---------------------------------------------------------------------------------------------------------------------------------------------------------------------------
 Limit  (cost=3351748.79..3351748.79 rows=1 width=90) (actual time=62093.186..62093.193 rows=1 loops=1)
   ->  Sort  (cost=3351748.79..3351899.17 rows=60150 width=90) (actual time=61544.966..61544.972 rows=1 loops=1)
         Sort Key: nation.n_name, (EXTRACT(year FROM orders.o_orderdate)) DESC
         Sort Method: top-N heapsort  Memory: 25kB
         ->  HashAggregate  (cost=3350545.79..3351448.04 rows=60150 width=90) (actual time=61543.243..61544.062 rows=175 loops=1)
               Group Key: nation.n_name, EXTRACT(year FROM orders.o_orderdate)
               Batches: 1  Memory Usage: 3217kB
               ->  Hash Join  (cost=1142449.85..3286923.63 rows=3635552 width=81) (actual time=13622.720..54438.069 rows=3248192 loops=1)
                     Hash Cond: (supplier.s_nationkey = nation.n_nationkey)
                     ->  Hash Join  (cost=1142448.29..3266672.04 rows=3635552 width=31) (actual time=13622.661..52255.484 rows=3248192 loops=1)
                           Hash Cond: (lineitem.l_orderkey = orders.o_orderkey)
                           ->  Hash Join  (cost=485404.47..2491778.91 rows=3635552 width=31) (actual time=5946.111..38005.308 rows=3248192 loops=1)
                                 Hash Cond: (lineitem.l_suppkey = supplier.s_suppkey)
                                 ->  Hash Join  (cost=480938.47..2477769.18 rows=3635552 width=35) (actual time=5895.108..36537.135 rows=3248192 loops=1)
                                       Hash Cond: ((lineitem.l_suppkey = partsupp.ps_suppkey) AND (lineitem.l_partkey = partsupp.ps_partkey))
                                       ->  Hash Join  (cost=67476.90..1949349.96 rows=3635552 width=33) (actual time=766.712..26300.971 rows=3248192 loops=1)
                                             Hash Cond: (lineitem.l_partkey = part.p_partkey)
                                             ->  Seq Scan on lineitem  (cost=0.00..1724407.92 rows=59986592 width=29) (actual time=0.315..11215.006 rows=59986052 loops=1)
                                             ->  Hash  (cost=65961.76..65961.76 rows=121211 width=4) (actual time=766.078..766.078 rows=108312 loops=1)
                                                   Buckets: 131072  Batches: 1  Memory Usage: 4832kB
                                                   ->  Seq Scan on part  (cost=0.00..65961.76 rows=121211 width=4) (actual time=0.449..722.354 rows=108312 loops=1)
                                                         Filter: ((p_name)::text ~~ '%navy%'::text)
                                                         Rows Removed by Filter: 1891688
                                       ->  Hash  (cost=254390.23..254390.23 rows=8000423 width=14) (actual time=5118.886..5118.886 rows=8000000 loops=1)
                                             Buckets: 4194304  Batches: 4  Memory Usage: 126558kB
                                             ->  Seq Scan on partsupp  (cost=0.00..254390.23 rows=8000423 width=14) (actual time=70.859..2051.131 rows=8000000 loops=1)
                                 ->  Hash  (cost=3216.00..3216.00 rows=100000 width=8) (actual time=50.710..50.710 rows=100000 loops=1)
                                       Buckets: 131072  Batches: 1  Memory Usage: 4931kB
                                       ->  Seq Scan on supplier  (cost=0.00..3216.00 rows=100000 width=8) (actual time=0.025..22.882 rows=100000 loops=1)
                           ->  Hash  (cost=410926.14..410926.14 rows=15001414 width=8) (actual time=7667.347..7667.348 rows=15000000 loops=1)
                                 Buckets: 4194304  Batches: 8  Memory Usage: 106038kB
                                 ->  Seq Scan on orders  (cost=0.00..410926.14 rows=15001414 width=8) (actual time=0.422..3315.519 rows=15000000 loops=1)
                     ->  Hash  (cost=1.25..1.25 rows=25 width=30) (actual time=0.041..0.042 rows=25 loops=1)
                           Buckets: 1024  Batches: 1  Memory Usage: 10kB
                           ->  Seq Scan on nation  (cost=0.00..1.25 rows=25 width=30) (actual time=0.019..0.025 rows=25 loops=1)
 Settings: max_parallel_workers_per_gather = '0', work_mem = '128MB'
 Planning Time: 15.663 ms
 JIT:
   Functions: 53
   Options: Inlining true, Optimization true, Expressions true, Deforming true
   Timing: Generation 6.350 ms, Inlining 69.974 ms, Optimization 320.177 ms, Emission 157.679 ms, Total 554.179 ms
 Execution Time: 62213.486 ms
(42 rows)

===== 10.sql jit=off =====
                                                                                             QUERY PLAN                                                                                             
----------------------------------------------------------------------------------------------------------------------------------------------------------------------------------------------------
 Limit  (cost=2408122.51..2408122.56 rows=20 width=202) (actual time=54371.029..54371.036 rows=20 loops=1)
   ->  Sort  (cost=2408122.51..2409542.83 rows=568127 width=202) (actual time=54371.027..54371.032 rows=20 loops=1)
         Sort Key: (sum((lineitem.l_extendedprice * ('1'::numeric - lineitem.l_discount)))) DESC
         Sort Method: top-N heapsort  Memory: 33kB
         ->  GroupAggregate  (cost=2252232.07..2393004.86 rows=568127 width=202) (actual time=48129.980..54059.806 rows=381205 loops=1)
               Group Key: customer.c_custkey, nation.n_name
               ->  Incremental Sort  (cost=2252232.07..2378801.68 rows=568127 width=182) (actual time=48129.956..51901.620 rows=1145402 loops=1)
                     Sort Key: customer.c_custkey, nation.n_name
                     Presorted Key: customer.c_custkey
                     Full-sort Groups: 34068  Sort Method: quicksort  Average Memory: 33kB  Peak Memory: 33kB
                     ->  Nested Loop  (cost=2252231.89..2353235.97 rows=568127 width=182) (actual time=48129.588..51014.994 rows=1145402 loops=1)
                           ->  Merge Join  (cost=2252231.74..2339293.28 rows=568127 width=160) (actual time=48129.553..49920.520 rows=1145402 loops=1)
                                 Merge Cond: (customer.c_custkey = orders.o_custkey)
                                 ->  Index Scan using customer_pkey on customer  (cost=0.43..74795.40 rows=1500065 width=148) (actual time=0.018..702.680 rows=1499997 loops=1)
                                 ->  Sort  (cost=2252225.92..2253646.23 rows=568127 width=16) (actual time=48129.510..48316.964 rows=1145402 loops=1)
                                       Sort Key: orders.o_custkey
                                       Sort Method: quicksort  Memory: 113386kB
                                       ->  Hash Join  (cost=284499.07..2197924.75 rows=568127 width=16) (actual time=20282.212..47262.533 rows=1145402 loops=1)
                                             Hash Cond: (lineitem.l_orderkey = orders.o_orderkey)
                                             ->  Seq Scan on lineitem  (cost=0.00..1874374.40 rows=14876675 width=16) (actual time=0.271..23408.851 rows=14808183 loops=1)
                                                   Filter: (l_returnflag = 'R'::bpchar)
                                                   Rows Removed by Filter: 45177869
                                             ->  Hash  (cost=277337.93..277337.93 rows=572891 width=8) (actual time=20279.484..20279.485 rows=573160 loops=1)
                                                   Buckets: 1048576  Batches: 1  Memory Usage: 30582kB
                                                   ->  Bitmap Heap Scan on orders  (cost=7832.57..277337.93 rows=572891 width=8) (actual time=279.754..19787.641 rows=573160 loops=1)
                                                         Recheck Cond: ((o_orderdate >= '1994-08-01'::date) AND (o_orderdate < '1994-11-01'::date))
                                                         Heap Blocks: exact=233137
                                                         ->  Bitmap Index Scan on idx_orders_orderdate  (cost=0.00..7689.35 rows=572891 width=0) (actual time=136.023..136.024 rows=573160 loops=1)
                                                               Index Cond: ((o_orderdate >= '1994-08-01'::date) AND (o_orderdate < '1994-11-01'::date))
                           ->  Memoize  (cost=0.15..2.17 rows=1 width=30) (actual time=0.000..0.000 rows=1 loops=1145402)
                                 Cache Key: customer.c_nationkey
                                 Hits: 1145377  Misses: 25  Evictions: 0  Overflows: 0  Memory Usage: 4kB
                                 ->  Index Scan using nation_pkey on nation  (cost=0.14..2.16 rows=1 width=30) (actual time=0.004..0.004 rows=1 loops=25)
                                       Index Cond: (n_nationkey = customer.c_nationkey)
 Settings: jit = 'off', max_parallel_workers_per_gather = '0', work_mem = '128MB'
 Planning Time: 11.107 ms
 Execution Time: 54378.665 ms
(37 rows)

===== 11.sql jit=off =====
                                                                             QUERY PLAN                                                                              
---------------------------------------------------------------------------------------------------------------------------------------------------------------------
 Limit  (cost=94748.25..94748.26 rows=1 width=36) (actual time=2854.144..2854.149 rows=0 loops=1)
   InitPlan 1 (returns $2)
     ->  Aggregate  (cost=44307.29..44307.31 rows=1 width=32) (actual time=1023.420..1023.422 rows=1 loops=1)
           ->  Nested Loop  (cost=47.72..41907.16 rows=320017 width=10) (actual time=1.707..749.567 rows=320800 loops=1)
                 ->  Nested Loop  (cost=47.29..2404.57 rows=4000 width=4) (actual time=1.686..14.820 rows=4010 loops=1)
                       ->  Seq Scan on nation nation_1  (cost=0.00..1.31 rows=1 width=4) (actual time=0.014..0.019 rows=1 loops=1)
                             Filter: (n_name = 'SAUDI ARABIA'::bpchar)
                             Rows Removed by Filter: 24
                       ->  Bitmap Heap Scan on supplier supplier_1  (cost=47.29..2363.25 rows=4000 width=8) (actual time=1.668..13.562 rows=4010 loops=1)
                             Recheck Cond: (s_nationkey = nation_1.n_nationkey)
                             Heap Blocks: exact=1857
                             ->  Bitmap Index Scan on idx_supplier_nation_key  (cost=0.00..46.29 rows=4000 width=0) (actual time=1.007..1.007 rows=4010 loops=1)
                                   Index Cond: (s_nationkey = nation_1.n_nationkey)
                 ->  Index Scan using idx_partsupp_suppkey on partsupp partsupp_1  (cost=0.43..9.08 rows=80 width=14) (actual time=0.010..0.160 rows=80 loops=4010)
                       Index Cond: (ps_suppkey = supplier_1.s_suppkey)
   ->  Sort  (cost=50440.95..50707.63 rows=106672 width=36) (actual time=2854.142..2854.144 rows=0 loops=1)
         Sort Key: (sum((partsupp.ps_supplycost * (partsupp.ps_availqty)::numeric))) DESC
         Sort Method: quicksort  Memory: 25kB
         ->  HashAggregate  (cost=45107.33..49907.59 rows=106672 width=36) (actual time=2854.081..2854.083 rows=0 loops=1)
               Group Key: partsupp.ps_partkey
               Filter: (sum((partsupp.ps_supplycost * (partsupp.ps_availqty)::numeric)) > $2)
               Batches: 5  Memory Usage: 135217kB  Disk Usage: 752kB
               Rows Removed by Filter: 301833
               ->  Nested Loop  (cost=47.72..41907.16 rows=320017 width=14) (actual time=1.789..942.023 rows=320800 loops=1)
                     ->  Nested Loop  (cost=47.29..2404.57 rows=4000 width=4) (actual time=1.757..16.994 rows=4010 loops=1)
                           ->  Seq Scan on nation  (cost=0.00..1.31 rows=1 width=4) (actual time=0.035..0.040 rows=1 loops=1)
                                 Filter: (n_name = 'SAUDI ARABIA'::bpchar)
                                 Rows Removed by Filter: 24
                           ->  Bitmap Heap Scan on supplier  (cost=47.29..2363.25 rows=4000 width=8) (actual time=1.714..15.601 rows=4010 loops=1)
                                 Recheck Cond: (s_nationkey = nation.n_nationkey)
                                 Heap Blocks: exact=1857
                                 ->  Bitmap Index Scan on idx_supplier_nation_key  (cost=0.00..46.29 rows=4000 width=0) (actual time=1.050..1.050 rows=4010 loops=1)
                                       Index Cond: (s_nationkey = nation.n_nationkey)
                     ->  Index Scan using idx_partsupp_suppkey on partsupp  (cost=0.43..9.08 rows=80 width=18) (actual time=0.011..0.202 rows=80 loops=4010)
                           Index Cond: (ps_suppkey = supplier.s_suppkey)
 Settings: jit = 'off', max_parallel_workers_per_gather = '0', work_mem = '128MB'
 Planning Time: 2.649 ms
 Execution Time: 2858.707 ms
(38 rows)

===== 12.sql jit=off =====
                                                                                                                    QUERY PLAN                                                                                                                     
---------------------------------------------------------------------------------------------------------------------------------------------------------------------------------------------------------------------------------------------------
 Limit  (cost=3030721.24..3031554.75 rows=1 width=27) (actual time=41538.762..41538.766 rows=1 loops=1)
   ->  GroupAggregate  (cost=3030721.24..3036555.83 rows=7 width=27) (actual time=41538.760..41538.763 rows=1 loops=1)
         Group Key: lineitem.l_shipmode
         ->  Sort  (cost=3030721.24..3031450.56 rows=291726 width=27) (actual time=41415.177..41426.715 rows=155572 loops=1)
               Sort Key: lineitem.l_shipmode
               Sort Method: quicksort  Memory: 36606kB
               ->  Hash Join  (cost=2477886.90..3004240.90 rows=291726 width=27) (actual time=34682.128..41273.547 rows=311258 loops=1)
                     Hash Cond: (orders.o_orderkey = lineitem.l_orderkey)
                     ->  Seq Scan on orders  (cost=0.00..410926.14 rows=15001414 width=20) (actual time=0.180..2559.031 rows=15000000 loops=1)
                     ->  Hash  (cost=2474240.32..2474240.32 rows=291726 width=15) (actual time=34680.181..34680.182 rows=311258 loops=1)
                           Buckets: 524288  Batches: 1  Memory Usage: 18687kB
                           ->  Seq Scan on lineitem  (cost=0.00..2474240.32 rows=291726 width=15) (actual time=0.950..34468.490 rows=311258 loops=1)
                                 Filter: ((l_shipmode = ANY ('{SHIP,"REG AIR"}'::bpchar[])) AND (l_commitdate < l_receiptdate) AND (l_shipdate < l_commitdate) AND (l_receiptdate >= '1994-01-01'::date) AND (l_receiptdate < '1995-01-01'::date))
                                 Rows Removed by Filter: 59674794
 Settings: jit = 'off', max_parallel_workers_per_gather = '0', work_mem = '128MB'
 Planning Time: 1.708 ms
 Execution Time: 41540.732 ms
(17 rows)

===== 13.sql jit=off =====
                                                                                    QUERY PLAN                                                                                     
-----------------------------------------------------------------------------------------------------------------------------------------------------------------------------------
 Limit  (cost=1533952.33..1533952.33 rows=1 width=16) (actual time=31583.437..31583.440 rows=1 loops=1)
   ->  Sort  (cost=1533952.33..1533952.83 rows=200 width=16) (actual time=31583.435..31583.438 rows=1 loops=1)
         Sort Key: (count(*)) DESC, (count(orders.o_orderkey)) DESC
         Sort Method: top-N heapsort  Memory: 25kB
         ->  HashAggregate  (cost=1533949.33..1533951.33 rows=200 width=16) (actual time=31583.371..31583.386 rows=46 loops=1)
               Group Key: count(orders.o_orderkey)
               Batches: 1  Memory Usage: 40kB
               ->  HashAggregate  (cost=1380432.98..1511448.36 rows=1500065 width=12) (actual time=30003.920..31064.686 rows=1500000 loops=1)
                     Group Key: customer.c_custkey
                     Batches: 5  Memory Usage: 131121kB  Disk Usage: 27424kB
                     ->  Hash Right Join  (cost=57716.21..545126.95 rows=14849885 width=8) (actual time=699.732..20526.492 rows=15337604 loops=1)
                           Hash Cond: (orders.o_custkey = customer.c_custkey)
                           ->  Seq Scan on orders  (cost=0.00..448429.68 rows=14849885 width=8) (actual time=0.058..10593.250 rows=14837583 loops=1)
                                 Filter: ((o_comment)::text !~~ '%special%requests%'::text)
                                 Rows Removed by Filter: 162417
                           ->  Hash  (cost=38965.40..38965.40 rows=1500065 width=4) (actual time=695.199..695.200 rows=1500000 loops=1)
                                 Buckets: 2097152  Batches: 1  Memory Usage: 69119kB
                                 ->  Index Only Scan using customer_pkey on customer  (cost=0.43..38965.40 rows=1500065 width=4) (actual time=0.038..252.994 rows=1500000 loops=1)
                                       Heap Fetches: 0
 Settings: jit = 'off', max_parallel_workers_per_gather = '0', work_mem = '128MB'
 Planning Time: 1.379 ms
 Execution Time: 31602.488 ms
(22 rows)

===== 14.sql jit=off =====
                                                                            QUERY PLAN                                                                            
------------------------------------------------------------------------------------------------------------------------------------------------------------------
 Limit  (cost=1218208.11..1218208.13 rows=1 width=32) (actual time=6619.425..6619.427 rows=1 loops=1)
   ->  Aggregate  (cost=1218208.11..1218208.13 rows=1 width=32) (actual time=6619.423..6619.425 rows=1 loops=1)
         ->  Hash Join  (cost=118675.63..1205229.95 rows=741609 width=33) (actual time=1906.265..5608.374 rows=772942 loops=1)
               Hash Cond: (lineitem.l_partkey = part.p_partkey)
               ->  Bitmap Heap Scan on lineitem  (cost=19042.06..1082733.65 rows=741609 width=16) (actual time=578.110..3193.323 rows=772942 loops=1)
                     Recheck Cond: ((l_shipdate >= '1994-05-01'::date) AND (l_shipdate < '1994-06-01'::date))
                     Heap Blocks: exact=416660
                     ->  Bitmap Index Scan on idx_lineitem_shipdate  (cost=0.00..18856.65 rows=741609 width=0) (actual time=294.728..294.729 rows=772942 loops=1)
                           Index Cond: ((l_shipdate >= '1994-05-01'::date) AND (l_shipdate < '1994-06-01'::date))
               ->  Hash  (cost=60961.81..60961.81 rows=1999981 width=25) (actual time=1323.641..1323.642 rows=2000000 loops=1)
                     Buckets: 2097152  Batches: 2  Memory Usage: 74141kB
                     ->  Seq Scan on part  (cost=0.00..60961.81 rows=1999981 width=25) (actual time=0.041..617.924 rows=2000000 loops=1)
 Settings: jit = 'off', max_parallel_workers_per_gather = '0', work_mem = '128MB'
 Planning Time: 1.976 ms
 Execution Time: 6621.504 ms
(15 rows)

===== 15.sql jit=off =====
                                                                       QUERY PLAN                                                                       
--------------------------------------------------------------------------------------------------------------------------------------------------------
 HashAggregate  (cost=1243396.14..1244640.29 rows=99532 width=36) (actual time=8995.733..9077.723 rows=100000 loops=1)
   Group Key: l_suppkey
   Batches: 1  Memory Usage: 47121kB
   ->  Bitmap Heap Scan on lineitem  (cost=60217.56..1219941.51 rows=2345463 width=16) (actual time=1152.801..5123.607 rows=2265714 loops=1)
         Recheck Cond: ((l_shipdate >= '1996-01-01'::date) AND (l_shipdate < '1996-04-01'::date))
         Heap Blocks: exact=668609
         ->  Bitmap Index Scan on idx_lineitem_shipdate  (cost=0.00..59631.20 rows=2345463 width=0) (actual time=692.072..692.072 rows=2265714 loops=1)
               Index Cond: ((l_shipdate >= '1996-01-01'::date) AND (l_shipdate < '1996-04-01'::date))
 Settings: jit = 'off', max_parallel_workers_per_gather = '0', work_mem = '128MB'
 Planning Time: 1.027 ms
 Execution Time: 9084.306 ms
(11 rows)

CREATE VIEW
                                                                                   QUERY PLAN                                                                                   
--------------------------------------------------------------------------------------------------------------------------------------------------------------------------------
 Limit  (cost=2490801.14..2490811.35 rows=1 width=103) (actual time=17740.804..17740.809 rows=1 loops=1)
   InitPlan 1 (returns $0)
     ->  Aggregate  (cost=1245884.44..1245884.45 rows=1 width=32) (actual time=8889.981..8889.982 rows=1 loops=1)
           ->  HashAggregate  (cost=1243396.14..1244640.29 rows=99532 width=36) (actual time=8793.192..8876.106 rows=100000 loops=1)
                 Group Key: lineitem_1.l_suppkey
                 Batches: 1  Memory Usage: 47121kB
                 ->  Bitmap Heap Scan on lineitem lineitem_1  (cost=60217.56..1219941.51 rows=2345463 width=16) (actual time=1121.363..4906.138 rows=2265714 loops=1)
                       Recheck Cond: ((l_shipdate >= '1996-01-01'::date) AND (l_shipdate < '1996-04-01'::date))
                       Heap Blocks: exact=668609
                       ->  Bitmap Index Scan on idx_lineitem_shipdate  (cost=0.00..59631.20 rows=2345463 width=0) (actual time=662.793..662.793 rows=2265714 loops=1)
                             Index Cond: ((l_shipdate >= '1996-01-01'::date) AND (l_shipdate < '1996-04-01'::date))
   ->  Merge Join  (cost=1244916.70..1250001.19 rows=498 width=103) (actual time=17740.802..17740.804 rows=1 loops=1)
         Merge Cond: (supplier.s_suppkey = revenue0.supplier_no)
         ->  Index Scan using supplier_pkey on supplier  (cost=0.29..4827.32 rows=100000 width=71) (actual time=0.351..23.440 rows=69998 loops=1)
         ->  Sort  (cost=1244916.41..1244917.65 rows=498 width=36) (actual time=17708.296..17708.298 rows=1 loops=1)
               Sort Key: revenue0.supplier_no
               Sort Method: quicksort  Memory: 25kB
               ->  Subquery Scan on revenue0  (cost=1243396.14..1244894.10 rows=498 width=36) (actual time=17647.218..17708.286 rows=1 loops=1)
                     ->  HashAggregate  (cost=1243396.14..1244889.12 rows=498 width=36) (actual time=17647.216..17708.281 rows=1 loops=1)
                           Group Key: lineitem.l_suppkey
                           Filter: (sum((lineitem.l_extendedprice * ('1'::numeric - lineitem.l_discount))) = $0)
                           Batches: 1  Memory Usage: 47121kB
                           Rows Removed by Filter: 99999
                           ->  Bitmap Heap Scan on lineitem  (cost=60217.56..1219941.51 rows=2345463 width=16) (actual time=1135.446..4903.077 rows=2265714 loops=1)
                                 Recheck Cond: ((l_shipdate >= '1996-01-01'::date) AND (l_shipdate < '1996-04-01'::date))
                                 Heap Blocks: exact=668609
                                 ->  Bitmap Index Scan on idx_lineitem_shipdate  (cost=0.00..59631.20 rows=2345463 width=0) (actual time=676.986..676.987 rows=2265714 loops=1)
                                       Index Cond: ((l_shipdate >= '1996-01-01'::date) AND (l_shipdate < '1996-04-01'::date))
 Settings: jit = 'off', max_parallel_workers_per_gather = '0', work_mem = '128MB'
 Planning Time: 0.979 ms
 Execution Time: 17747.265 ms
(31 rows)

DROP VIEW
===== 16.sql jit=off =====
                                                                                         QUERY PLAN                                                                                         
--------------------------------------------------------------------------------------------------------------------------------------------------------------------------------------------
 Limit  (cost=403904.51..403904.51 rows=1 width=44) (actual time=12485.630..12485.634 rows=1 loops=1)
   ->  Sort  (cost=403904.51..404290.59 rows=154433 width=44) (actual time=12485.628..12485.632 rows=1 loops=1)
         Sort Key: (count(DISTINCT partsupp.ps_suppkey)) DESC, part.p_brand, part.p_type, part.p_size
         Sort Method: top-N heapsort  Memory: 25kB
         ->  GroupAggregate  (cost=394080.79..403132.35 rows=154433 width=44) (actual time=11461.057..12472.141 rows=27838 loops=1)
               Group Key: part.p_brand, part.p_type, part.p_size
               ->  Sort  (cost=394080.79..395582.24 rows=600578 width=40) (actual time=11460.974..11598.516 rows=1186319 loops=1)
                     Sort Key: part.p_brand, part.p_type, part.p_size
                     Sort Method: quicksort  Memory: 122929kB
                     ->  Hash Join  (cost=98181.36..336437.34 rows=600578 width=40) (actual time=1418.414..6964.241 rows=1186319 loops=1)
                           Hash Cond: (partsupp.ps_partkey = part.p_partkey)
                           ->  Index Only Scan using partsupp_pkey on partsupp  (cost=3466.46..231221.86 rows=4000212 width=8) (actual time=52.127..3736.445 rows=7995520 loops=1)
                                 Filter: (NOT (hashed SubPlan 1))
                                 Rows Removed by Filter: 4480
                                 Heap Fetches: 0
                                 SubPlan 1
                                   ->  Seq Scan on supplier  (cost=0.00..3466.00 rows=10 width=4) (actual time=0.210..52.036 rows=56 loops=1)
                                         Filter: ((s_comment)::text ~~ '%Customer%Complaints%'::text)
                                         Rows Removed by Filter: 99944
                           ->  Hash  (cost=90961.52..90961.52 rows=300270 width=40) (actual time=1365.126..1365.127 rows=296733 loops=1)
                                 Buckets: 524288  Batches: 1  Memory Usage: 25593kB
                                 ->  Seq Scan on part  (cost=0.00..90961.52 rows=300270 width=40) (actual time=0.055..1215.802 rows=296733 loops=1)
                                       Filter: ((p_brand <> 'Brand#12'::bpchar) AND ((p_type)::text !~~ 'SMALL BRUSHED%'::text) AND (p_size = ANY ('{12,32,36,26,40,34,49,9}'::integer[])))
                                       Rows Removed by Filter: 1703267
 Settings: jit = 'off', max_parallel_workers_per_gather = '0', work_mem = '128MB'
 Planning Time: 1.593 ms
 Execution Time: 12490.529 ms
(27 rows)

===== 17-flattened.sql jit=off =====
                                                           QUERY PLAN                                                           
--------------------------------------------------------------------------------------------------------------------------------
 HashAggregate  (cost=5567298.97..6180734.81 rows=1841952 width=36) (actual time=73701.664..119741.234 rows=2000000 loops=1)
   Group Key: l_partkey
   Planned Partitions: 8  Batches: 9  Memory Usage: 135249kB  Disk Usage: 1846896kB
   ->  Seq Scan on lineitem  (cost=0.00..1724407.92 rows=59986592 width=9) (actual time=0.369..11922.341 rows=59986052 loops=1)
 Settings: jit = 'off', max_parallel_workers_per_gather = '0', work_mem = '128MB'
 Planning Time: 0.764 ms
 Execution Time: 119931.817 ms
(7 rows)

SELECT 2000000
CREATE INDEX
ANALYZE
                                                                                 QUERY PLAN                                                                                 
----------------------------------------------------------------------------------------------------------------------------------------------------------------------------
 Limit  (cost=254968.49..254968.51 rows=1 width=32) (actual time=814.866..814.868 rows=1 loops=1)
   ->  Aggregate  (cost=254968.49..254968.51 rows=1 width=32) (actual time=814.865..814.866 rows=1 loops=1)
         ->  Nested Loop  (cost=0.87..254916.28 rows=20886 width=8) (actual time=0.458..812.563 rows=5319 loops=1)
               Join Filter: (part.p_partkey = lineitem.l_partkey)
               ->  Nested Loop  (cost=0.43..86636.21 rows=2089 width=20) (actual time=0.437..713.305 rows=1996 loops=1)
                     ->  Seq Scan on part  (cost=0.00..70961.71 rows=2089 width=4) (actual time=0.419..690.962 rows=1996 loops=1)
                           Filter: ((p_brand = 'Brand#22'::bpchar) AND (p_container = 'LG BOX'::bpchar))
                           Rows Removed by Filter: 1998004
                     ->  Index Scan using idx_tmp_avg_quantity on tmp_avg_quantity part_agg  (cost=0.43..7.49 rows=1 width=16) (actual time=0.010..0.010 rows=1 loops=1996)
                           Index Cond: (agg_partkey = part.p_partkey)
               ->  Index Scan using idx_lineitem_part_supp on lineitem  (cost=0.44..80.42 rows=11 width=17) (actual time=0.020..0.048 rows=3 loops=1996)
                     Index Cond: (l_partkey = part_agg.agg_partkey)
                     Filter: (l_quantity < part_agg.avg_quantity)
                     Rows Removed by Filter: 27
 Settings: jit = 'off', max_parallel_workers_per_gather = '0', work_mem = '128MB'
 Planning Time: 1.903 ms
 Execution Time: 814.920 ms
(17 rows)

DROP TABLE
===== 17.sql jit=off =====
                                                                            QUERY PLAN                                                                             
-------------------------------------------------------------------------------------------------------------------------------------------------------------------
 Limit  (cost=6428982.28..6428982.29 rows=1 width=32) (actual time=121428.039..121428.042 rows=1 loops=1)
   ->  Aggregate  (cost=6428982.28..6428982.29 rows=1 width=32) (actual time=121428.037..121428.039 rows=1 loops=1)
         ->  Nested Loop  (cost=5638287.24..6428934.19 rows=19235 width=8) (actual time=73819.711..121425.739 rows=5319 loops=1)
               Join Filter: (part.p_partkey = lineitem.l_partkey)
               ->  Hash Join  (cost=5638286.80..6274977.30 rows=1924 width=40) (actual time=73819.664..121323.363 rows=1996 loops=1)
                     Hash Cond: (lineitem_1.l_partkey = part.p_partkey)
                     ->  HashAggregate  (cost=5567298.97..6180734.81 rows=1841952 width=36) (actual time=73099.795..120242.866 rows=2000000 loops=1)
                           Group Key: lineitem_1.l_partkey
                           Planned Partitions: 8  Batches: 9  Memory Usage: 135249kB  Disk Usage: 1846896kB
                           ->  Seq Scan on lineitem lineitem_1  (cost=0.00..1724407.92 rows=59986592 width=9) (actual time=1.213..11489.982 rows=59986052 loops=1)
                     ->  Hash  (cost=70961.71..70961.71 rows=2089 width=4) (actual time=716.342..716.343 rows=1996 loops=1)
                           Buckets: 4096  Batches: 1  Memory Usage: 103kB
                           ->  Seq Scan on part  (cost=0.00..70961.71 rows=2089 width=4) (actual time=0.515..713.992 rows=1996 loops=1)
                                 Filter: ((p_brand = 'Brand#22'::bpchar) AND (p_container = 'LG BOX'::bpchar))
                                 Rows Removed by Filter: 1998004
               ->  Index Scan using idx_lineitem_part_supp on lineitem  (cost=0.44..79.88 rows=11 width=17) (actual time=0.022..0.049 rows=3 loops=1996)
                     Index Cond: (l_partkey = lineitem_1.l_partkey)
                     Filter: (l_quantity < ((0.2 * avg(lineitem_1.l_quantity))))
                     Rows Removed by Filter: 27
 Settings: jit = 'off', max_parallel_workers_per_gather = '0', work_mem = '128MB'
 Planning Time: 1.993 ms
 Execution Time: 121527.700 ms
(22 rows)

===== 18.sql jit=off =====
                                                                                                 QUERY PLAN                                                                                                  
-------------------------------------------------------------------------------------------------------------------------------------------------------------------------------------------------------------
 Limit  (cost=9938829.27..9938829.52 rows=100 width=71) (actual time=97991.397..97991.423 rows=99 loops=1)
   ->  Sort  (cost=9938829.27..9988802.22 rows=19989179 width=71) (actual time=97991.395..97991.412 rows=99 loops=1)
         Sort Key: orders.o_totalprice DESC, orders.o_orderdate
         Sort Method: quicksort  Memory: 32kB
         ->  HashAggregate  (cost=8573620.20..9174857.22 rows=19989179 width=71) (actual time=97988.528..97991.164 rows=99 loops=1)
               Group Key: customer.c_custkey, orders.o_orderkey
               Planned Partitions: 64  Batches: 1  Memory Usage: 12369kB
               ->  Hash Join  (cost=69827.26..6618428.63 rows=19989179 width=44) (actual time=3112.583..97986.882 rows=693 loops=1)
                     Hash Cond: (orders.o_custkey = customer.c_custkey)
                     ->  Merge Join  (cost=248.80..6496378.43 rows=19989179 width=25) (actual time=2113.017..96986.448 rows=693 loops=1)
                           Merge Cond: (orders.o_orderkey = lineitem.l_orderkey)
                           ->  Merge Join  (cost=1.00..3729762.17 rows=4998883 width=24) (actual time=1600.496..72601.843 rows=99 loops=1)
                                 Merge Cond: (orders.o_orderkey = lineitem_1.l_orderkey)
                                 ->  Index Scan using orders_pkey on orders  (cost=0.43..650460.65 rows=15001414 width=20) (actual time=0.265..5063.168 rows=14982724 loops=1)
                                 ->  GroupAggregate  (cost=0.56..2929323.12 rows=4998883 width=4) (actual time=1436.813..65569.210 rows=99 loops=1)
                                       Group Key: lineitem_1.l_orderkey
                                       Filter: (sum(lineitem_1.l_quantity) > '313'::numeric)
                                       Rows Removed by Filter: 14999901
                                       ->  Index Scan using idx_lineitem_orderkey on lineitem lineitem_1  (cost=0.56..2404440.44 rows=59986592 width=9) (actual time=0.446..24953.292 rows=59986052 loops=1)
                           ->  Index Scan using idx_lineitem_orderkey on lineitem  (cost=0.56..2404440.44 rows=59986592 width=9) (actual time=0.035..16975.465 rows=59916431 loops=1)
                     ->  Hash  (cost=50827.65..50827.65 rows=1500065 width=23) (actual time=995.132..995.139 rows=1500000 loops=1)
                           Buckets: 2097152  Batches: 1  Memory Usage: 98416kB
                           ->  Seq Scan on customer  (cost=0.00..50827.65 rows=1500065 width=23) (actual time=0.427..447.737 rows=1500000 loops=1)
 Settings: jit = 'off', max_parallel_workers_per_gather = '0', work_mem = '128MB'
 Planning Time: 9.974 ms
 Execution Time: 97996.703 ms
(26 rows)

===== 19.sql jit=off =====
                                                                                                                                                                                                                                                                                                                                                                                                                                                                                                            QUERY PLAN                                                                                                                                                                                                                                                                                                                                                                                                                                                                                                            
----------------------------------------------------------------------------------------------------------------------------------------------------------------------------------------------------------------------------------------------------------------------------------------------------------------------------------------------------------------------------------------------------------------------------------------------------------------------------------------------------------------------------------------------------------------------------------------------------------------------------------------------------------------------------------------------------------------------------------------------------------------------------------------------------------------------------------------------------------------------------------------------------------------------------------------------------------------------------------------------------------------------------------
 Limit  (cost=757678.55..757678.56 rows=1 width=32) (actual time=2047.288..2047.290 rows=1 loops=1)
   ->  Aggregate  (cost=757678.55..757678.56 rows=1 width=32) (actual time=2047.286..2047.287 rows=1 loops=1)
         ->  Nested Loop  (cost=0.44..757669.98 rows=1142 width=12) (actual time=5.128..2044.795 rows=1063 loops=1)
               ->  Seq Scan on part  (cost=0.00..125961.19 rows=4849 width=30) (actual time=0.584..1199.216 rows=4781 loops=1)
                     Filter: ((p_size >= 1) AND (((p_brand = 'Brand#24'::bpchar) AND (p_container = ANY ('{"SM CASE","SM BOX","SM PACK","SM PKG"}'::bpchar[])) AND (p_size <= 5)) OR ((p_brand = 'Brand#43'::bpchar) AND (p_container = ANY ('{"MED BAG","MED BOX","MED PKG","MED PACK"}'::bpchar[])) AND (p_size <= 10)) OR ((p_brand = 'Brand#44'::bpchar) AND (p_container = ANY ('{"LG CASE","LG BOX","LG PACK","LG PKG"}'::bpchar[])) AND (p_size <= 15))))
                     Rows Removed by Filter: 1995219
               ->  Index Scan using idx_lineitem_part_supp on lineitem  (cost=0.44..130.27 rows=1 width=21) (actual time=0.158..0.176 rows=0 loops=4781)
                     Index Cond: (l_partkey = part.p_partkey)
                     Filter: ((l_shipmode = ANY ('{AIR,"AIR REG"}'::bpchar[])) AND (l_shipinstruct = 'DELIVER IN PERSON'::bpchar) AND (((l_quantity >= '10'::numeric) AND (l_quantity <= '20'::numeric)) OR ((l_quantity >= '10'::numeric) AND (l_quantity <= '20'::numeric)) OR ((l_quantity >= '20'::numeric) AND (l_quantity <= '30'::numeric))) AND (((part.p_brand = 'Brand#24'::bpchar) AND (part.p_container = ANY ('{"SM CASE","SM BOX","SM PACK","SM PKG"}'::bpchar[])) AND (l_quantity >= '10'::numeric) AND (l_quantity <= '20'::numeric) AND (part.p_size <= 5)) OR ((part.p_brand = 'Brand#43'::bpchar) AND (part.p_container = ANY ('{"MED BAG","MED BOX","MED PKG","MED PACK"}'::bpchar[])) AND (l_quantity >= '10'::numeric) AND (l_quantity <= '20'::numeric) AND (part.p_size <= 10)) OR ((part.p_brand = 'Brand#44'::bpchar) AND (part.p_container = ANY ('{"LG CASE","LG BOX","LG PACK","LG PKG"}'::bpchar[])) AND (l_quantity >= '20'::numeric) AND (l_quantity <= '30'::numeric) AND (part.p_size <= 15))))
                     Rows Removed by Filter: 30
 Settings: jit = 'off', max_parallel_workers_per_gather = '0', work_mem = '128MB'
 Planning Time: 2.445 ms
 Execution Time: 2047.400 ms
(13 rows)

===== 1.sql jit=off =====
                                                                 QUERY PLAN                                                                  
---------------------------------------------------------------------------------------------------------------------------------------------
 Limit  (cost=3947643.62..3947643.63 rows=1 width=236) (actual time=216075.582..216075.583 rows=1 loops=1)
   ->  Sort  (cost=3947643.62..3947643.64 rows=6 width=236) (actual time=216075.580..216075.581 rows=1 loops=1)
         Sort Key: l_returnflag, l_linestatus
         Sort Method: top-N heapsort  Memory: 25kB
         ->  HashAggregate  (cost=3947643.43..3947643.59 rows=6 width=236) (actual time=216075.522..216075.541 rows=4 loops=1)
               Group Key: l_returnflag, l_linestatus
               Batches: 1  Memory Usage: 32kB
               ->  Seq Scan on lineitem  (cost=0.00..1874374.40 rows=59236258 width=25) (actual time=0.332..29627.808 rows=59284448 loops=1)
                     Filter: (l_shipdate <= '1998-09-10 00:00:00'::timestamp without time zone)
                     Rows Removed by Filter: 701604
 Settings: jit = 'off', max_parallel_workers_per_gather = '0', work_mem = '128MB'
 Planning Time: 1.080 ms
 Execution Time: 216075.705 ms
(13 rows)

===== 20-flattened.sql jit=off =====
                                                                        QUERY PLAN                                                                         
-----------------------------------------------------------------------------------------------------------------------------------------------------------
 HashAggregate  (cost=2120696.23..2284664.78 rows=4883460 width=40) (actual time=107945.153..123619.250 rows=5448842 loops=1)
   Group Key: l_partkey, l_suppkey
   Planned Partitions: 16  Batches: 81  Memory Usage: 135313kB  Disk Usage: 342848kB
   ->  Bitmap Heap Scan on lineitem  (cost=238488.76..1502371.54 rows=9289385 width=13) (actual time=3386.266..91896.073 rows=9123688 loops=1)
         Recheck Cond: ((l_shipdate >= '1996-01-01'::date) AND (l_shipdate < '1997-01-01'::date))
         Heap Blocks: exact=1048319
         ->  Bitmap Index Scan on idx_lineitem_shipdate  (cost=0.00..236166.42 rows=9289385 width=0) (actual time=2610.430..2610.431 rows=9123688 loops=1)
               Index Cond: ((l_shipdate >= '1996-01-01'::date) AND (l_shipdate < '1997-01-01'::date))
 Settings: jit = 'off', max_parallel_workers_per_gather = '0', work_mem = '128MB'
 Planning Time: 3.387 ms
 Execution Time: 123869.457 ms
(11 rows)

SELECT 5448842
CREATE INDEX
ANALYZE
                                                                                   QUERY PLAN                                                                                   
--------------------------------------------------------------------------------------------------------------------------------------------------------------------------------
 Limit  (cost=60896.20..60896.20 rows=1 width=51) (actual time=9078.117..9078.120 rows=1 loops=1)
   ->  Sort  (cost=60896.20..60896.20 rows=1 width=51) (actual time=9078.115..9078.117 rows=1 loops=1)
         Sort Key: supplier.s_name
         Sort Method: top-N heapsort  Memory: 25kB
         ->  Nested Loop Semi Join  (cost=48.59..60896.19 rows=1 width=51) (actual time=10.415..9072.113 rows=1821 loops=1)
               ->  Nested Loop  (cost=47.29..2404.57 rows=4000 width=55) (actual time=3.733..23.629 rows=4095 loops=1)
                     ->  Seq Scan on nation  (cost=0.00..1.31 rows=1 width=4) (actual time=0.307..0.315 rows=1 loops=1)
                           Filter: (n_name = 'IRAQ'::bpchar)
                           Rows Removed by Filter: 24
                     ->  Bitmap Heap Scan on supplier  (cost=47.29..2363.25 rows=4000 width=59) (actual time=3.418..21.138 rows=4095 loops=1)
                           Recheck Cond: (s_nationkey = nation.n_nationkey)
                           Heap Blocks: exact=1867
                           ->  Bitmap Index Scan on idx_supplier_nation_key  (cost=0.00..46.29 rows=4000 width=0) (actual time=2.351..2.351 rows=4095 loops=1)
                                 Index Cond: (s_nationkey = nation.n_nationkey)
               ->  Nested Loop  (cost=1.30..14.61 rows=1 width=8) (actual time=2.209..2.209 rows=0 loops=4095)
                     Join Filter: (supplier.s_suppkey = agg_lineitem.agg_suppkey)
                     ->  Nested Loop  (cost=0.87..13.63 rows=2 width=16) (actual time=1.906..2.198 rows=1 loops=4095)
                           ->  Index Scan using idx_partsupp_suppkey on partsupp  (cost=0.43..9.08 rows=80 width=12) (actual time=0.024..1.577 rows=61 loops=4095)
                                 Index Cond: (ps_suppkey = supplier.s_suppkey)
                           ->  Memoize  (cost=0.44..0.48 rows=1 width=4) (actual time=0.009..0.009 rows=0 loops=248000)
                                 Cache Key: partsupp.ps_partkey
                                 Hits: 11702  Misses: 236298  Evictions: 0  Overflows: 0  Memory Usage: 15783kB
                                 ->  Index Scan using part_pkey on part  (cost=0.43..0.47 rows=1 width=4) (actual time=0.009..0.009 rows=0 loops=236298)
                                       Index Cond: (p_partkey = partsupp.ps_partkey)
                                       Filter: ((p_name)::text ~~ 'olive%'::text)
                                       Rows Removed by Filter: 1
                     ->  Index Scan using idx_tmp_agg_lineitem on tmp_agg_lineitem agg_lineitem  (cost=0.43..0.48 rows=1 width=13) (actual time=0.014..0.014 rows=1 loops=2732)
                           Index Cond: ((agg_partkey = partsupp.ps_partkey) AND (agg_suppkey = partsupp.ps_suppkey))
                           Filter: ((partsupp.ps_availqty)::numeric > agg_quantity)
                           Rows Removed by Filter: 0
 Settings: jit = 'off', max_parallel_workers_per_gather = '0', work_mem = '128MB'
 Planning Time: 12.438 ms
 Execution Time: 9079.473 ms
(33 rows)

DROP TABLE
===== 20.sql jit=off =====
                                                                                          QUERY PLAN                                                                                           
-----------------------------------------------------------------------------------------------------------------------------------------------------------------------------------------------
 Limit  (cost=2479599.46..2479599.47 rows=1 width=51) (actual time=163932.774..163932.780 rows=1 loops=1)
   ->  Sort  (cost=2479599.46..2479599.47 rows=1 width=51) (actual time=163932.772..163932.777 rows=1 loops=1)
         Sort Key: supplier.s_name
         Sort Method: top-N heapsort  Memory: 25kB
         ->  Nested Loop Semi Join  (cost=2187163.47..2479599.45 rows=1 width=51) (actual time=114897.519..163928.709 rows=1821 loops=1)
               Join Filter: (supplier.s_suppkey = lineitem.l_suppkey)
               Rows Removed by Join Filter: 183310388
               ->  Nested Loop  (cost=0.00..4467.31 rows=4000 width=55) (actual time=0.042..43.112 rows=4095 loops=1)
                     Join Filter: (supplier.s_nationkey = nation.n_nationkey)
                     Rows Removed by Join Filter: 95905
                     ->  Seq Scan on nation  (cost=0.00..1.31 rows=1 width=4) (actual time=0.025..0.032 rows=1 loops=1)
                           Filter: (n_name = 'IRAQ'::bpchar)
                           Rows Removed by Filter: 24
                     ->  Seq Scan on supplier  (cost=0.00..3216.00 rows=100000 width=59) (actual time=0.011..24.718 rows=100000 loops=1)
               ->  Materialize  (cost=2187163.47..2474772.16 rows=6 width=8) (actual time=26.323..34.562 rows=44765 loops=4095)
                     ->  Nested Loop  (cost=2187163.47..2474772.13 rows=6 width=8) (actual time=107792.513..129701.502 rows=59002 loops=1)
                           ->  Hash Join  (cost=2187163.04..2412785.29 rows=98657 width=44) (actual time=107791.862..125617.725 rows=59125 loops=1)
                                 Hash Cond: (lineitem.l_partkey = part.p_partkey)
                                 ->  HashAggregate  (cost=2120696.23..2284664.78 rows=4883460 width=40) (actual time=107076.087..123600.215 rows=5448842 loops=1)
                                       Group Key: lineitem.l_partkey, lineitem.l_suppkey
                                       Planned Partitions: 16  Batches: 81  Memory Usage: 135313kB  Disk Usage: 342848kB
                                       ->  Bitmap Heap Scan on lineitem  (cost=238488.76..1502371.54 rows=9289385 width=13) (actual time=3348.420..90767.974 rows=9123688 loops=1)
                                             Recheck Cond: ((l_shipdate >= '1996-01-01'::date) AND (l_shipdate < '1997-01-01'::date))
                                             Heap Blocks: exact=1048319
                                             ->  Bitmap Index Scan on idx_lineitem_shipdate  (cost=0.00..236166.42 rows=9289385 width=0) (actual time=2570.871..2570.871 rows=9123688 loops=1)
                                                   Index Cond: ((l_shipdate >= '1996-01-01'::date) AND (l_shipdate < '1997-01-01'::date))
                                 ->  Hash  (cost=65961.76..65961.76 rows=40404 width=4) (actual time=715.555..715.556 rows=21718 loops=1)
                                       Buckets: 65536  Batches: 1  Memory Usage: 1276kB
                                       ->  Seq Scan on part  (cost=0.00..65961.76 rows=40404 width=4) (actual time=0.065..703.305 rows=21718 loops=1)
                                             Filter: ((p_name)::text ~~ 'olive%'::text)
                                             Rows Removed by Filter: 1978282
                           ->  Index Scan using partsupp_pkey on partsupp  (cost=0.43..0.62 rows=1 width=12) (actual time=0.067..0.067 rows=1 loops=59125)
                                 Index Cond: ((ps_partkey = lineitem.l_partkey) AND (ps_suppkey = lineitem.l_suppkey))
                                 Filter: ((ps_availqty)::numeric > ((0.5 * sum(lineitem.l_quantity))))
                                 Rows Removed by Filter: 0
 Settings: jit = 'off', max_parallel_workers_per_gather = '0', work_mem = '128MB'
 Planning Time: 5.694 ms
 Execution Time: 163961.286 ms
(38 rows)

===== 21.sql jit=off =====
                                                                                            QUERY PLAN                                                                                             
---------------------------------------------------------------------------------------------------------------------------------------------------------------------------------------------------
 Limit  (cost=4271853.60..4271853.60 rows=1 width=34) (actual time=96987.664..96987.685 rows=100 loops=1)
   ->  Sort  (cost=4271853.60..4271853.60 rows=1 width=34) (actual time=96987.662..96987.675 rows=100 loops=1)
         Sort Key: (count(*)) DESC, supplier.s_name
         Sort Method: top-N heapsort  Memory: 38kB
         ->  GroupAggregate  (cost=4271853.57..4271853.59 rows=1 width=34) (actual time=96970.003..96985.556 rows=3991 loops=1)
               Group Key: supplier.s_name
               ->  Sort  (cost=4271853.57..4271853.57 rows=1 width=26) (actual time=96969.985..96974.887 rows=39281 loops=1)
                     Sort Key: supplier.s_name
                     Sort Method: quicksort  Memory: 3378kB
                     ->  Nested Loop Semi Join  (cost=2204882.10..4271853.56 rows=1 width=26) (actual time=39292.679..96773.706 rows=39281 loops=1)
                           Join Filter: (l2.l_suppkey <> l1.l_suppkey)
                           Rows Removed by Join Filter: 42023
                           ->  Nested Loop  (cost=2204881.54..4271846.02 rows=1 width=38) (actual time=39274.831..91283.517 rows=65960 loops=1)
                                 ->  Hash Anti Join  (cost=2204881.10..4271838.70 rows=1 width=34) (actual time=39272.265..79570.533 rows=134155 loops=1)
                                       Hash Cond: (l1.l_orderkey = l3.l_orderkey)
                                       Join Filter: (l3.l_suppkey <> l1.l_suppkey)
                                       Rows Removed by Join Filter: 547662
                                       ->  Hash Join  (cost=2454.57..1959810.42 rows=799821 width=34) (actual time=25.295..32148.569 rows=1514267 loops=1)
                                             Hash Cond: (l1.l_suppkey = supplier.s_suppkey)
                                             ->  Seq Scan on lineitem l1  (cost=0.00..1874374.40 rows=19995531 width=8) (actual time=0.161..25279.868 rows=37929348 loops=1)
                                                   Filter: (l_receiptdate > l_commitdate)
                                                   Rows Removed by Filter: 22056704
                                             ->  Hash  (cost=2404.57..2404.57 rows=4000 width=30) (actual time=25.075..25.077 rows=3991 loops=1)
                                                   Buckets: 4096  Batches: 1  Memory Usage: 282kB
                                                   ->  Nested Loop  (cost=47.29..2404.57 rows=4000 width=30) (actual time=3.525..23.268 rows=3991 loops=1)
                                                         ->  Seq Scan on nation  (cost=0.00..1.31 rows=1 width=4) (actual time=0.155..0.162 rows=1 loops=1)
                                                               Filter: (n_name = 'PERU'::bpchar)
                                                               Rows Removed by Filter: 24
                                                         ->  Bitmap Heap Scan on supplier  (cost=47.29..2363.25 rows=4000 width=34) (actual time=3.361..22.074 rows=3991 loops=1)
                                                               Recheck Cond: (s_nationkey = nation.n_nationkey)
                                                               Heap Blocks: exact=1873
                                                               ->  Bitmap Index Scan on idx_supplier_nation_key  (cost=0.00..46.29 rows=4000 width=0) (actual time=2.306..2.307 rows=3991 loops=1)
                                                                     Index Cond: (s_nationkey = nation.n_nationkey)
                                       ->  Hash  (cost=1874374.40..1874374.40 rows=19995531 width=8) (actual time=39232.009..39232.010 rows=37929348 loops=1)
                                             Buckets: 4194304  Batches: 16  Memory Usage: 125295kB
                                             ->  Seq Scan on lineitem l3  (cost=0.00..1874374.40 rows=19995531 width=8) (actual time=0.022..27787.901 rows=37929348 loops=1)
                                                   Filter: (l_receiptdate > l_commitdate)
                                                   Rows Removed by Filter: 22056704
                                 ->  Index Scan using orders_pkey on orders  (cost=0.43..7.32 rows=1 width=4) (actual time=0.086..0.086 rows=0 loops=134155)
                                       Index Cond: (o_orderkey = l1.l_orderkey)
                                       Filter: (o_orderstatus = 'F'::bpchar)
                                       Rows Removed by Filter: 1
                           ->  Index Scan using idx_lineitem_orderkey on lineitem l2  (cost=0.56..7.52 rows=4 width=8) (actual time=0.081..0.081 rows=1 loops=65960)
                                 Index Cond: (l_orderkey = orders.o_orderkey)
 Settings: jit = 'off', max_parallel_workers_per_gather = '0', work_mem = '128MB'
 Planning Time: 14.412 ms
 Execution Time: 96990.044 ms
(47 rows)

===== 22.sql jit=off =====
                                                                          QUERY PLAN                                                                          
--------------------------------------------------------------------------------------------------------------------------------------------------------------
 Limit  (cost=163347.08..163347.11 rows=1 width=72) (actual time=4607.191..4607.194 rows=1 loops=1)
   InitPlan 1 (returns $0)
     ->  Aggregate  (cost=75323.00..75323.01 rows=1 width=32) (actual time=2062.783..2062.784 rows=1 loops=1)
           ->  Seq Scan on customer customer_1  (cost=0.00..75203.71 rows=47716 width=6) (actual time=0.014..1964.453 rows=382426 loops=1)
                 Filter: ((c_acctbal > 0.00) AND (SUBSTRING(c_phone FROM 1 FOR 2) = ANY ('{21,29,26,34,14,15,17}'::text[])))
                 Rows Removed by Filter: 1117574
   ->  GroupAggregate  (cost=88024.07..88218.85 rows=7083 width=72) (actual time=4607.189..4607.191 rows=1 loops=1)
         Group Key: (SUBSTRING(customer.c_phone FROM 1 FOR 2))
         ->  Sort  (cost=88024.07..88041.78 rows=7083 width=38) (actual time=4602.653..4603.357 rows=9006 loops=1)
               Sort Key: (SUBSTRING(customer.c_phone FROM 1 FOR 2))
               Sort Method: quicksort  Memory: 4513kB
               ->  Nested Loop Anti Join  (cost=0.43..87571.11 rows=7083 width=38) (actual time=2062.886..4560.432 rows=63509 loops=1)
                     ->  Seq Scan on customer  (cost=0.00..75203.71 rows=17501 width=26) (actual time=2062.858..3618.575 rows=191129 loops=1)
                           Filter: ((c_acctbal > $0) AND (SUBSTRING(c_phone FROM 1 FOR 2) = ANY ('{21,29,26,34,14,15,17}'::text[])))
                           Rows Removed by Filter: 1308871
                     ->  Index Only Scan using idx_orders_custkey on orders  (cost=0.43..3.28 rows=17 width=4) (actual time=0.004..0.004 rows=1 loops=191129)
                           Index Cond: (o_custkey = customer.c_custkey)
                           Heap Fetches: 0
 Settings: jit = 'off', max_parallel_workers_per_gather = '0', work_mem = '128MB'
 Planning Time: 1.610 ms
 Execution Time: 4607.511 ms
(21 rows)

===== 2-flattened.sql jit=off =====
                                                                       QUERY PLAN                                                                        
---------------------------------------------------------------------------------------------------------------------------------------------------------
 HashAggregate  (cost=207697.48..212187.74 rows=449026 width=36) (actual time=5522.670..6387.070 rows=1182884 loops=1)
   Group Key: partsupp.ps_partkey
   Batches: 5  Memory Usage: 139313kB  Disk Usage: 15632kB
   ->  Nested Loop  (cost=42.10..199697.05 rows=1600085 width=10) (actual time=1.788..4026.286 rows=1604080 loops=1)
         ->  Nested Loop  (cost=41.67..2184.07 rows=20000 width=4) (actual time=1.763..75.117 rows=20051 loops=1)
               ->  Nested Loop  (cost=0.14..13.95 rows=5 width=4) (actual time=0.082..0.122 rows=5 loops=1)
                     Join Filter: (nation.n_regionkey = region.r_regionkey)
                     Rows Removed by Join Filter: 20
                     ->  Index Scan using nation_pkey on nation  (cost=0.14..12.51 rows=25 width=8) (actual time=0.044..0.058 rows=25 loops=1)
                     ->  Materialize  (cost=0.00..1.07 rows=1 width=4) (actual time=0.001..0.002 rows=1 loops=25)
                           ->  Seq Scan on region  (cost=0.00..1.06 rows=1 width=4) (actual time=0.022..0.024 rows=1 loops=1)
                                 Filter: (r_name = 'AMERICA'::bpchar)
                                 Rows Removed by Filter: 4
               ->  Bitmap Heap Scan on supplier  (cost=41.53..394.02 rows=4000 width=8) (actual time=1.601..13.756 rows=4010 loops=5)
                     Recheck Cond: (s_nationkey = nation.n_nationkey)
                     Heap Blocks: exact=9388
                     ->  Bitmap Index Scan on idx_supplier_nation_key  (cost=0.00..40.53 rows=4000 width=0) (actual time=0.935..0.935 rows=4010 loops=5)
                           Index Cond: (s_nationkey = nation.n_nationkey)
         ->  Index Scan using idx_partsupp_suppkey on partsupp  (cost=0.43..9.08 rows=80 width=14) (actual time=0.010..0.174 rows=80 loops=20051)
               Index Cond: (ps_suppkey = supplier.s_suppkey)
 Settings: jit = 'off', max_parallel_workers_per_gather = '0', work_mem = '128MB'
 Planning Time: 2.190 ms
 Execution Time: 6438.962 ms
(23 rows)

SELECT 1182884
CREATE INDEX
ANALYZE
                                                                             QUERY PLAN                                                                             
--------------------------------------------------------------------------------------------------------------------------------------------------------------------
 Limit  (cost=526262.41..526262.41 rows=1 width=192) (actual time=6577.918..6577.939 rows=100 loops=1)
   ->  Sort  (cost=526262.41..526262.41 rows=1 width=192) (actual time=6577.915..6577.928 rows=100 loops=1)
         Sort Key: supplier.s_acctbal DESC, nation.n_name, supplier.s_name, part.p_partkey
         Sort Method: top-N heapsort  Memory: 71kB
         ->  Hash Join  (cost=265354.88..526262.40 rows=1 width=192) (actual time=5263.945..6572.493 rows=4737 loops=1)
               Hash Cond: ((part.p_partkey = partsupp.ps_partkey) AND ((SubPlan 1) = partsupp.ps_supplycost))
               ->  Seq Scan on part  (cost=0.00..70961.71 rows=8918 width=30) (actual time=0.032..872.023 rows=8046 loops=1)
                     Filter: (((p_type)::text ~~ '%NICKEL'::text) AND (p_size = 16))
                     Rows Removed by Filter: 1991954
               ->  Hash  (cost=202288.61..202288.61 rows=1600085 width=172) (actual time=5262.842..5262.846 rows=1604080 loops=1)
                     Buckets: 1048576  Batches: 4  Memory Usage: 90233kB
                     ->  Nested Loop  (cost=2.00..202288.61 rows=1600085 width=172) (actual time=0.103..3755.739 rows=1604080 loops=1)
                           ->  Nested Loop  (cost=1.56..4775.62 rows=20000 width=166) (actual time=0.079..120.948 rows=20051 loops=1)
                                 Join Filter: (nation.n_regionkey = region.r_regionkey)
                                 Rows Removed by Join Filter: 79949
                                 ->  Seq Scan on region  (cost=0.00..1.06 rows=1 width=4) (actual time=0.029..0.032 rows=1 loops=1)
                                       Filter: (r_name = 'AMERICA'::bpchar)
                                       Rows Removed by Filter: 4
                                 ->  Hash Join  (cost=1.56..3524.56 rows=100000 width=170) (actual time=0.046..103.874 rows=100000 loops=1)
                                       Hash Cond: (supplier.s_nationkey = nation.n_nationkey)
                                       ->  Seq Scan on supplier  (cost=0.00..3216.00 rows=100000 width=144) (actual time=0.008..27.192 rows=100000 loops=1)
                                       ->  Hash  (cost=1.25..1.25 rows=25 width=34) (actual time=0.024..0.025 rows=25 loops=1)
                                             Buckets: 1024  Batches: 1  Memory Usage: 10kB
                                             ->  Seq Scan on nation  (cost=0.00..1.25 rows=25 width=34) (actual time=0.004..0.011 rows=25 loops=1)
                           ->  Index Scan using idx_partsupp_suppkey on partsupp  (cost=0.43..9.08 rows=80 width=14) (actual time=0.009..0.152 rows=80 loops=20051)
                                 Index Cond: (ps_suppkey = supplier.s_suppkey)
               SubPlan 1
                 ->  Index Scan using tmp_supplycost_idx on tmp_supplycost  (cost=0.43..8.45 rows=1 width=6) (actual time=0.007..0.007 rows=1 loops=12783)
                       Index Cond: (ps_partkey = part.p_partkey)
 Settings: jit = 'off', max_parallel_workers_per_gather = '0', work_mem = '128MB'
 Planning Time: 2.488 ms
 Execution Time: 6578.352 ms
(32 rows)

DROP TABLE
===== 2.sql jit=off =====
                                                                                        QUERY PLAN                                                                                         
-------------------------------------------------------------------------------------------------------------------------------------------------------------------------------------------
 Limit  (cost=1777734.28..1777734.28 rows=1 width=192) (actual time=8854.828..8854.849 rows=100 loops=1)
   ->  Sort  (cost=1777734.28..1777734.28 rows=1 width=192) (actual time=8854.826..8854.839 rows=100 loops=1)
         Sort Key: supplier.s_acctbal DESC, nation.n_name, supplier.s_name, part.p_partkey
         Sort Method: top-N heapsort  Memory: 71kB
         ->  Merge Join  (cost=503903.37..1777734.27 rows=1 width=192) (actual time=5950.068..8848.590 rows=4737 loops=1)
               Merge Cond: (part.p_partkey = partsupp.ps_partkey)
               Join Filter: (partsupp.ps_supplycost = (SubPlan 1))
               Rows Removed by Join Filter: 1661
               ->  Index Scan using part_pkey on part  (cost=0.43..102913.05 rows=8918 width=30) (actual time=0.050..1199.325 rows=8046 loops=1)
                     Filter: (((p_type)::text ~~ '%NICKEL'::text) AND (p_size = 16))
                     Rows Removed by Filter: 1991954
               ->  Materialize  (cost=503902.60..511903.03 rows=1600085 width=172) (actual time=5949.810..6869.925 rows=1603828 loops=1)
                     ->  Sort  (cost=503902.60..507902.81 rows=1600085 width=172) (actual time=5949.802..6469.237 rows=1603828 loops=1)
                           Sort Key: partsupp.ps_partkey
                           Sort Method: external merge  Disk: 293456kB
                           ->  Nested Loop  (cost=2.00..202288.61 rows=1600085 width=172) (actual time=0.085..3898.848 rows=1604080 loops=1)
                                 ->  Nested Loop  (cost=1.56..4775.62 rows=20000 width=166) (actual time=0.064..122.399 rows=20051 loops=1)
                                       Join Filter: (nation.n_regionkey = region.r_regionkey)
                                       Rows Removed by Join Filter: 79949
                                       ->  Seq Scan on region  (cost=0.00..1.06 rows=1 width=4) (actual time=0.014..0.018 rows=1 loops=1)
                                             Filter: (r_name = 'AMERICA'::bpchar)
                                             Rows Removed by Filter: 4
                                       ->  Hash Join  (cost=1.56..3524.56 rows=100000 width=170) (actual time=0.047..105.533 rows=100000 loops=1)
                                             Hash Cond: (supplier.s_nationkey = nation.n_nationkey)
                                             ->  Seq Scan on supplier  (cost=0.00..3216.00 rows=100000 width=144) (actual time=0.003..24.650 rows=100000 loops=1)
                                             ->  Hash  (cost=1.25..1.25 rows=25 width=34) (actual time=0.028..0.029 rows=25 loops=1)
                                                   Buckets: 1024  Batches: 1  Memory Usage: 10kB
                                                   ->  Seq Scan on nation  (cost=0.00..1.25 rows=25 width=34) (actual time=0.009..0.015 rows=25 loops=1)
                                 ->  Index Scan using idx_partsupp_suppkey on partsupp  (cost=0.43..9.08 rows=80 width=14) (actual time=0.009..0.159 rows=80 loops=20051)
                                       Index Cond: (ps_suppkey = supplier.s_suppkey)
               SubPlan 1
                 ->  Aggregate  (cost=162.40..162.41 rows=1 width=32) (actual time=0.052..0.052 rows=1 loops=6398)
                       ->  Nested Loop  (cost=0.86..162.39 rows=4 width=6) (actual time=0.030..0.049 rows=2 loops=6398)
                             Join Filter: (nation_1.n_regionkey = region_1.r_regionkey)
                             Rows Removed by Join Filter: 2
                             ->  Seq Scan on region region_1  (cost=0.00..1.06 rows=1 width=4) (actual time=0.002..0.003 rows=1 loops=6398)
                                   Filter: (r_name = 'AMERICA'::bpchar)
                                   Rows Removed by Filter: 4
                             ->  Nested Loop  (cost=0.86..161.10 rows=18 width=10) (actual time=0.018..0.044 rows=4 loops=6398)
                                   ->  Nested Loop  (cost=0.72..158.33 rows=18 width=10) (actual time=0.015..0.033 rows=4 loops=6398)
                                         ->  Index Scan using idx_partsupp_partkey on partsupp partsupp_1  (cost=0.43..8.75 rows=18 width=10) (actual time=0.009..0.011 rows=4 loops=6398)
                                               Index Cond: (ps_partkey = part.p_partkey)
                                         ->  Index Scan using supplier_pkey on supplier supplier_1  (cost=0.29..8.31 rows=1 width=8) (actual time=0.004..0.004 rows=1 loops=25592)
                                               Index Cond: (s_suppkey = partsupp_1.ps_suppkey)
                                   ->  Index Scan using nation_pkey on nation nation_1  (cost=0.14..0.16 rows=1 width=8) (actual time=0.002..0.002 rows=1 loops=25592)
                                         Index Cond: (n_nationkey = supplier_1.s_nationkey)
 Settings: jit = 'off', max_parallel_workers_per_gather = '0', work_mem = '128MB'
 Planning Time: 4.719 ms
 Execution Time: 8874.184 ms
(49 rows)

===== 3.sql jit=off =====
                                                                                      QUERY PLAN                                                                                       
---------------------------------------------------------------------------------------------------------------------------------------------------------------------------------------
 Limit  (cost=2956867.70..2956867.72 rows=10 width=44) (actual time=56040.578..56040.585 rows=10 loops=1)
   ->  Sort  (cost=2956867.70..2964772.30 rows=3161840 width=44) (actual time=56040.576..56040.581 rows=10 loops=1)
         Sort Key: (sum((lineitem.l_extendedprice * ('1'::numeric - lineitem.l_discount)))) DESC, orders.o_orderdate
         Sort Method: top-N heapsort  Memory: 26kB
         ->  HashAggregate  (cost=2811965.66..2888541.47 rows=3161840 width=44) (actual time=55887.473..55991.305 rows=113934 loops=1)
               Group Key: lineitem.l_orderkey, orders.o_orderdate, orders.o_shippriority
               Planned Partitions: 8  Batches: 1  Memory Usage: 61457kB
               ->  Hash Join  (cost=525781.51..2553090.01 rows=3161840 width=24) (actual time=26090.642..55277.551 rows=301530 loops=1)
                     Hash Cond: (lineitem.l_orderkey = orders.o_orderkey)
                     ->  Seq Scan on lineitem  (cost=0.00..1874374.40 rows=32350852 width=16) (actual time=0.186..23012.211 rows=32534229 loops=1)
                           Filter: (l_shipdate > '1995-03-07'::date)
                           Rows Removed by Filter: 27451823
                     ->  Hash  (cost=507454.30..507454.30 rows=1466177 width=12) (actual time=26085.403..26085.406 rows=1451805 loops=1)
                           Buckets: 2097152  Batches: 1  Memory Usage: 78767kB
                           ->  Hash Join  (cost=138331.66..507454.30 rows=1466177 width=12) (actual time=1987.841..25207.085 rows=1451805 loops=1)
                                 Hash Cond: (orders.o_custkey = customer.c_custkey)
                                 ->  Bitmap Heap Scan on orders  (cost=79911.18..430253.42 rows=7154419 width=16) (actual time=1254.626..20790.949 rows=7239437 loops=1)
                                       Recheck Cond: (o_orderdate < '1995-03-07'::date)
                                       Heap Blocks: exact=260912
                                       ->  Bitmap Index Scan on idx_orders_orderdate  (cost=0.00..78122.58 rows=7154419 width=0) (actual time=1089.469..1089.469 rows=7239437 loops=1)
                                             Index Cond: (o_orderdate < '1995-03-07'::date)
                                 ->  Hash  (cost=54577.81..54577.81 rows=307413 width=4) (actual time=732.059..732.060 rows=300276 loops=1)
                                       Buckets: 524288  Batches: 1  Memory Usage: 14653kB
                                       ->  Seq Scan on customer  (cost=0.00..54577.81 rows=307413 width=4) (actual time=0.337..621.573 rows=300276 loops=1)
                                             Filter: (c_mktsegment = 'BUILDING'::bpchar)
                                             Rows Removed by Filter: 1199724
 Settings: jit = 'off', max_parallel_workers_per_gather = '0', work_mem = '128MB'
 Planning Time: 8.937 ms
 Execution Time: 56047.403 ms
(29 rows)

===== 4.sql jit=off =====
                                                                              QUERY PLAN                                                                              
----------------------------------------------------------------------------------------------------------------------------------------------------------------------
 Limit  (cost=2585908.25..2585908.25 rows=1 width=24) (actual time=64746.789..64746.793 rows=1 loops=1)
   ->  Sort  (cost=2585908.25..2585908.26 rows=5 width=24) (actual time=64746.788..64746.790 rows=1 loops=1)
         Sort Key: orders.o_orderpriority
         Sort Method: top-N heapsort  Memory: 25kB
         ->  HashAggregate  (cost=2585908.17..2585908.22 rows=5 width=24) (actual time=64746.733..64746.737 rows=5 loops=1)
               Group Key: orders.o_orderpriority
               Batches: 1  Memory Usage: 24kB
               ->  Hash Semi Join  (cost=2210109.81..2583099.87 rows=561660 width=16) (actual time=37340.598..64420.052 rows=513822 loops=1)
                     Hash Cond: (orders.o_orderkey = lineitem.l_orderkey)
                     ->  Bitmap Heap Scan on orders  (cost=7683.27..277022.84 rows=561838 width=20) (actual time=276.733..20944.377 rows=560424 loops=1)
                           Recheck Cond: ((o_orderdate >= '1993-12-01'::date) AND (o_orderdate < '1994-03-01'::date))
                           Heap Blocks: exact=231732
                           ->  Bitmap Index Scan on idx_orders_orderdate  (cost=0.00..7542.82 rows=561838 width=0) (actual time=133.205..133.206 rows=560424 loops=1)
                                 Index Cond: ((o_orderdate >= '1993-12-01'::date) AND (o_orderdate < '1994-03-01'::date))
                     ->  Hash  (cost=1874374.40..1874374.40 rows=19995531 width=4) (actual time=37051.754..37051.755 rows=37929348 loops=1)
                           Buckets: 4194304  Batches: 16  Memory Usage: 116042kB
                           ->  Seq Scan on lineitem  (cost=0.00..1874374.40 rows=19995531 width=4) (actual time=0.363..26878.192 rows=37929348 loops=1)
                                 Filter: (l_commitdate < l_receiptdate)
                                 Rows Removed by Filter: 22056704
 Settings: jit = 'off', max_parallel_workers_per_gather = '0', work_mem = '128MB'
 Planning Time: 7.411 ms
 Execution Time: 64748.566 ms
(22 rows)

===== 5.sql jit=off =====
                                                                                           QUERY PLAN                                                                                            
-------------------------------------------------------------------------------------------------------------------------------------------------------------------------------------------------
 Limit  (cost=2371417.65..2371417.65 rows=1 width=58) (actual time=52257.476..52257.484 rows=1 loops=1)
   ->  Sort  (cost=2371417.65..2371417.71 rows=25 width=58) (actual time=52257.474..52257.482 rows=1 loops=1)
         Sort Key: (sum((lineitem.l_extendedprice * ('1'::numeric - lineitem.l_discount)))) DESC
         Sort Method: top-N heapsort  Memory: 25kB
         ->  GroupAggregate  (cost=2370516.42..2371417.52 rows=25 width=58) (actual time=52189.698..52257.441 rows=5 loops=1)
               Group Key: nation.n_name
               ->  Sort  (cost=2370516.42..2370696.58 rows=72063 width=38) (actual time=52172.933..52179.285 rows=72033 loops=1)
                     Sort Key: nation.n_name
                     Sort Method: quicksort  Memory: 8700kB
                     ->  Hash Join  (cost=421576.23..2364702.03 rows=72063 width=38) (actual time=22193.137..52100.837 rows=72033 loops=1)
                           Hash Cond: ((lineitem.l_suppkey = supplier.s_suppkey) AND (customer.c_nationkey = supplier.s_nationkey))
                           ->  Hash Join  (cost=416860.23..2350527.83 rows=1801559 width=50) (actual time=22116.612..51365.856 rows=1815327 loops=1)
                                 Hash Cond: (orders.o_custkey = customer.c_custkey)
                                 ->  Hash Join  (cost=353654.54..2235527.31 rows=9007797 width=20) (actual time=21267.442..48020.638 rows=9108027 loops=1)
                                       Hash Cond: (lineitem.l_orderkey = orders.o_orderkey)
                                       ->  Seq Scan on lineitem  (cost=0.00..1724407.92 rows=59986592 width=20) (actual time=0.211..10889.025 rows=59986052 loops=1)
                                       ->  Hash  (cost=325496.23..325496.23 rows=2252665 width=8) (actual time=21258.382..21258.383 rows=2276638 loops=1)
                                             Buckets: 4194304  Batches: 1  Memory Usage: 121700kB
                                             ->  Bitmap Heap Scan on orders  (cost=30794.25..325496.23 rows=2252665 width=8) (actual time=538.659..20022.173 rows=2276638 loops=1)
                                                   Recheck Cond: ((o_orderdate >= '1993-01-01'::date) AND (o_orderdate < '1994-01-01'::date))
                                                   Heap Blocks: exact=260897
                                                   ->  Bitmap Index Scan on idx_orders_orderdate  (cost=0.00..30231.09 rows=2252665 width=0) (actual time=377.004..377.004 rows=2276638 loops=1)
                                                         Index Cond: ((o_orderdate >= '1993-01-01'::date) AND (o_orderdate < '1994-01-01'::date))
                                 ->  Hash  (cost=59455.53..59455.53 rows=300013 width=38) (actual time=847.542..847.545 rows=299436 loops=1)
                                       Buckets: 524288  Batches: 1  Memory Usage: 25151kB
                                       ->  Hash Join  (cost=2.51..59455.53 rows=300013 width=38) (actual time=1.124..713.409 rows=299436 loops=1)
                                             Hash Cond: (customer.c_nationkey = nation.n_nationkey)
                                             ->  Seq Scan on customer  (cost=0.00..50827.65 rows=1500065 width=8) (actual time=0.502..304.819 rows=1500000 loops=1)
                                             ->  Hash  (cost=2.45..2.45 rows=5 width=30) (actual time=0.604..0.606 rows=5 loops=1)
                                                   Buckets: 1024  Batches: 1  Memory Usage: 9kB
                                                   ->  Hash Join  (cost=1.07..2.45 rows=5 width=30) (actual time=0.588..0.599 rows=5 loops=1)
                                                         Hash Cond: (nation.n_regionkey = region.r_regionkey)
                                                         ->  Seq Scan on nation  (cost=0.00..1.25 rows=25 width=34) (actual time=0.275..0.278 rows=25 loops=1)
                                                         ->  Hash  (cost=1.06..1.06 rows=1 width=4) (actual time=0.294..0.295 rows=1 loops=1)
                                                               Buckets: 1024  Batches: 1  Memory Usage: 9kB
                                                               ->  Seq Scan on region  (cost=0.00..1.06 rows=1 width=4) (actual time=0.281..0.283 rows=1 loops=1)
                                                                     Filter: (r_name = 'AMERICA'::bpchar)
                                                                     Rows Removed by Filter: 4
                           ->  Hash  (cost=3216.00..3216.00 rows=100000 width=8) (actual time=75.150..75.151 rows=100000 loops=1)
                                 Buckets: 131072  Batches: 1  Memory Usage: 4931kB
                                 ->  Seq Scan on supplier  (cost=0.00..3216.00 rows=100000 width=8) (actual time=0.322..39.364 rows=100000 loops=1)
 Settings: jit = 'off', max_parallel_workers_per_gather = '0', work_mem = '128MB'
 Planning Time: 15.591 ms
 Execution Time: 52261.256 ms
(44 rows)

===== 6.sql jit=off =====
                                                                                          QUERY PLAN                                                                                           
-----------------------------------------------------------------------------------------------------------------------------------------------------------------------------------------------
 Limit  (cost=1506013.66..1506013.67 rows=1 width=32) (actual time=7919.995..7919.997 rows=1 loops=1)
   ->  Aggregate  (cost=1506013.66..1506013.67 rows=1 width=32) (actual time=7919.993..7919.994 rows=1 loops=1)
         ->  Bitmap Heap Scan on lineitem  (cost=302210.75..1500050.36 rows=1192660 width=12) (actual time=3425.250..6900.883 rows=1194558 loops=1)
               Recheck Cond: ((l_shipdate >= '1993-01-01'::date) AND (l_shipdate < '1994-01-01'::date) AND (l_discount >= 0.06) AND (l_discount <= 0.08) AND (l_quantity < '25'::numeric))
               Heap Blocks: exact=662932
               ->  Bitmap Index Scan on idx_lineitem_shipdate  (cost=0.00..301912.59 rows=1192660 width=0) (actual time=2973.218..2973.219 rows=1194558 loops=1)
                     Index Cond: ((l_shipdate >= '1993-01-01'::date) AND (l_shipdate < '1994-01-01'::date) AND (l_discount >= 0.06) AND (l_discount <= 0.08) AND (l_quantity < '25'::numeric))
 Settings: jit = 'off', max_parallel_workers_per_gather = '0', work_mem = '128MB'
 Planning Time: 1.106 ms
 Execution Time: 7922.467 ms
(10 rows)

===== 7.sql jit=off =====
                                                                                     QUERY PLAN                                                                                      
-------------------------------------------------------------------------------------------------------------------------------------------------------------------------------------
 Limit  (cost=2522468.11..2522468.24 rows=1 width=116) (actual time=90016.842..90016.850 rows=1 loops=1)
   ->  GroupAggregate  (cost=2522468.11..2523688.56 rows=10048 width=116) (actual time=90016.839..90016.847 rows=1 loops=1)
         Group Key: n1.n_name, n2.n_name, (EXTRACT(year FROM lineitem.l_shipdate))
         ->  Sort  (cost=2522468.11..2522620.93 rows=61127 width=96) (actual time=89992.940..89994.430 rows=14421 loops=1)
               Sort Key: n1.n_name, n2.n_name, (EXTRACT(year FROM lineitem.l_shipdate))
               Sort Method: quicksort  Memory: 9664kB
               ->  Hash Join  (cost=1026109.49..2517608.66 rows=61127 width=96) (actual time=14405.846..89881.648 rows=57794 loops=1)
                     Hash Cond: (lineitem.l_suppkey = supplier.s_suppkey)
                     Join Filter: (((n1.n_name = 'PERU'::bpchar) AND (n2.n_name = 'MOROCCO'::bpchar)) OR ((n1.n_name = 'MOROCCO'::bpchar) AND (n2.n_name = 'PERU'::bpchar)))
                     Rows Removed by Join Filter: 58158
                     ->  Hash Join  (cost=1022485.09..2505973.18 rows=1468833 width=46) (actual time=14350.915..89088.032 rows=1448126 loops=1)
                           Hash Cond: (lineitem.l_orderkey = orders.o_orderkey)
                           ->  Bitmap Heap Scan on lineitem  (cost=471366.81..1871315.02 rows=18360414 width=24) (actual time=5843.051..74099.152 rows=18230325 loops=1)
                                 Recheck Cond: ((l_shipdate >= '1995-01-01'::date) AND (l_shipdate <= '1996-12-31'::date))
                                 Heap Blocks: exact=1119491
                                 ->  Bitmap Index Scan on idx_lineitem_shipdate  (cost=0.00..466776.71 rows=18360414 width=0) (actual time=5010.036..5010.036 rows=18230325 loops=1)
                                       Index Cond: ((l_shipdate >= '1995-01-01'::date) AND (l_shipdate <= '1996-12-31'::date))
                           ->  Hash  (cost=536116.87..536116.87 rows=1200113 width=30) (actual time=8503.268..8503.271 rows=1191175 loops=1)
                                 Buckets: 2097152  Batches: 1  Memory Usage: 88506kB
                                 ->  Hash Join  (cost=56934.32..536116.87 rows=1200113 width=30) (actual time=686.543..7972.539 rows=1191175 loops=1)
                                       Hash Cond: (orders.o_custkey = customer.c_custkey)
                                       ->  Seq Scan on orders  (cost=0.00..410926.14 rows=15001414 width=8) (actual time=0.376..2782.591 rows=15000000 loops=1)
                                       ->  Hash  (cost=55434.25..55434.25 rows=120005 width=30) (actual time=685.857..685.860 rows=119622 loops=1)
                                             Buckets: 131072  Batches: 1  Memory Usage: 8267kB
                                             ->  Hash Join  (cost=1.40..55434.25 rows=120005 width=30) (actual time=0.386..636.379 rows=119622 loops=1)
                                                   Hash Cond: (customer.c_nationkey = n2.n_nationkey)
                                                   ->  Seq Scan on customer  (cost=0.00..50827.65 rows=1500065 width=8) (actual time=0.331..296.755 rows=1500000 loops=1)
                                                   ->  Hash  (cost=1.38..1.38 rows=2 width=30) (actual time=0.037..0.038 rows=2 loops=1)
                                                         Buckets: 1024  Batches: 1  Memory Usage: 9kB
                                                         ->  Seq Scan on nation n2  (cost=0.00..1.38 rows=2 width=30) (actual time=0.024..0.030 rows=2 loops=1)
                                                               Filter: ((n_name = 'MOROCCO'::bpchar) OR (n_name = 'PERU'::bpchar))
                                                               Rows Removed by Filter: 23
                     ->  Hash  (cost=3524.40..3524.40 rows=8000 width=30) (actual time=52.968..52.970 rows=7981 loops=1)
                           Buckets: 8192  Batches: 1  Memory Usage: 548kB
                           ->  Hash Join  (cost=1.40..3524.40 rows=8000 width=30) (actual time=0.512..49.753 rows=7981 loops=1)
                                 Hash Cond: (supplier.s_nationkey = n1.n_nationkey)
                                 ->  Seq Scan on supplier  (cost=0.00..3216.00 rows=100000 width=8) (actual time=0.325..26.624 rows=100000 loops=1)
                                 ->  Hash  (cost=1.38..1.38 rows=2 width=30) (actual time=0.172..0.172 rows=2 loops=1)
                                       Buckets: 1024  Batches: 1  Memory Usage: 9kB
                                       ->  Seq Scan on nation n1  (cost=0.00..1.38 rows=2 width=30) (actual time=0.161..0.166 rows=2 loops=1)
                                             Filter: ((n_name = 'PERU'::bpchar) OR (n_name = 'MOROCCO'::bpchar))
                                             Rows Removed by Filter: 23
 Settings: jit = 'off', max_parallel_workers_per_gather = '0', work_mem = '128MB'
 Planning Time: 12.400 ms
 Execution Time: 90021.117 ms
(45 rows)

===== 8.sql jit=off =====
                                                                                           QUERY PLAN                                                                                            
-------------------------------------------------------------------------------------------------------------------------------------------------------------------------------------------------
 Limit  (cost=2107883.81..2107884.06 rows=1 width=64) (actual time=49325.032..49325.041 rows=1 loops=1)
   ->  GroupAggregate  (cost=2107883.81..2108484.80 rows=2406 width=64) (actual time=49325.030..49325.038 rows=1 loops=1)
         Group Key: (EXTRACT(year FROM orders.o_orderdate))
         ->  Sort  (cost=2107883.81..2107945.24 rows=24572 width=70) (actual time=49308.300..49309.273 rows=11818 loops=1)
               Sort Key: (EXTRACT(year FROM orders.o_orderdate))
               Sort Method: quicksort  Memory: 2631kB
               ->  Nested Loop  (cost=498738.37..2106091.93 rows=24572 width=70) (actual time=11266.769..49249.691 rows=23842 loops=1)
                     ->  Hash Join  (cost=498738.23..2105375.65 rows=24572 width=20) (actual time=11266.742..49116.921 rows=23842 loops=1)
                           Hash Cond: (lineitem.l_suppkey = supplier.s_suppkey)
                           ->  Hash Join  (cost=494272.23..2100845.14 rows=24572 width=20) (actual time=11196.271..49012.121 rows=23842 loops=1)
                                 Hash Cond: (lineitem.l_orderkey = orders.o_orderkey)
                                 ->  Nested Loop  (cost=0.44..1604828.00 rows=399904 width=20) (actual time=2.077..37406.830 rows=389521 loops=1)
                                       ->  Seq Scan on part  (cost=0.00..65961.76 rows=13333 width=4) (actual time=1.437..907.390 rows=13011 loops=1)
                                             Filter: ((p_type)::text = 'LARGE POLISHED BRASS'::text)
                                             Rows Removed by Filter: 1986989
                                       ->  Index Scan using idx_lineitem_part_supp on lineitem  (cost=0.44..115.09 rows=33 width=24) (actual time=0.156..2.770 rows=30 loops=13011)
                                             Index Cond: (l_partkey = part.p_partkey)
                                 ->  Hash  (cost=482749.87..482749.87 rows=921753 width=8) (actual time=11188.735..11188.740 rows=910360 loops=1)
                                       Buckets: 1048576  Batches: 1  Memory Usage: 43753kB
                                       ->  Hash Join  (cost=126205.98..482749.87 rows=921753 width=8) (actual time=1687.449..10772.632 rows=910360 loops=1)
                                             Hash Cond: (orders.o_custkey = customer.c_custkey)
                                             ->  Bitmap Heap Scan on orders  (cost=63000.29..393043.78 rows=4608766 width=12) (actual time=867.423..8055.186 rows=4557513 loops=1)
                                                   Recheck Cond: ((o_orderdate >= '1995-01-01'::date) AND (o_orderdate <= '1996-12-31'::date))
                                                   Heap Blocks: exact=260912
                                                   ->  Bitmap Index Scan on idx_orders_orderdate  (cost=0.00..61848.10 rows=4608766 width=0) (actual time=706.316..706.316 rows=4557513 loops=1)
                                                         Index Cond: ((o_orderdate >= '1995-01-01'::date) AND (o_orderdate <= '1996-12-31'::date))
                                             ->  Hash  (cost=59455.53..59455.53 rows=300013 width=4) (actual time=818.860..818.864 rows=299436 loops=1)
                                                   Buckets: 524288  Batches: 1  Memory Usage: 14624kB
                                                   ->  Hash Join  (cost=2.51..59455.53 rows=300013 width=4) (actual time=0.872..718.366 rows=299436 loops=1)
                                                         Hash Cond: (customer.c_nationkey = n1.n_nationkey)
                                                         ->  Seq Scan on customer  (cost=0.00..50827.65 rows=1500065 width=8) (actual time=0.465..331.440 rows=1500000 loops=1)
                                                         ->  Hash  (cost=2.45..2.45 rows=5 width=4) (actual time=0.384..0.386 rows=5 loops=1)
                                                               Buckets: 1024  Batches: 1  Memory Usage: 9kB
                                                               ->  Hash Join  (cost=1.07..2.45 rows=5 width=4) (actual time=0.364..0.376 rows=5 loops=1)
                                                                     Hash Cond: (n1.n_regionkey = region.r_regionkey)
                                                                     ->  Seq Scan on nation n1  (cost=0.00..1.25 rows=25 width=8) (actual time=0.012..0.015 rows=25 loops=1)
                                                                     ->  Hash  (cost=1.06..1.06 rows=1 width=4) (actual time=0.337..0.338 rows=1 loops=1)
                                                                           Buckets: 1024  Batches: 1  Memory Usage: 9kB
                                                                           ->  Seq Scan on region  (cost=0.00..1.06 rows=1 width=4) (actual time=0.327..0.329 rows=1 loops=1)
                                                                                 Filter: (r_name = 'AMERICA'::bpchar)
                                                                                 Rows Removed by Filter: 4
                           ->  Hash  (cost=3216.00..3216.00 rows=100000 width=8) (actual time=70.179..70.180 rows=100000 loops=1)
                                 Buckets: 131072  Batches: 1  Memory Usage: 4931kB
                                 ->  Seq Scan on supplier  (cost=0.00..3216.00 rows=100000 width=8) (actual time=0.455..39.355 rows=100000 loops=1)
                     ->  Memoize  (cost=0.15..2.17 rows=1 width=30) (actual time=0.001..0.001 rows=1 loops=23842)
                           Cache Key: supplier.s_nationkey
                           Hits: 23817  Misses: 25  Evictions: 0  Overflows: 0  Memory Usage: 4kB
                           ->  Index Scan using nation_pkey on nation n2  (cost=0.14..2.16 rows=1 width=30) (actual time=0.008..0.008 rows=1 loops=25)
                                 Index Cond: (n_nationkey = supplier.s_nationkey)
 Settings: jit = 'off', max_parallel_workers_per_gather = '0', work_mem = '128MB'
 Planning Time: 20.942 ms
 Execution Time: 49327.446 ms
(52 rows)

===== 9.sql jit=off =====
                                                                                QUERY PLAN                                                                                 
---------------------------------------------------------------------------------------------------------------------------------------------------------------------------
 Limit  (cost=3351748.79..3351748.79 rows=1 width=90) (actual time=71114.268..71114.274 rows=1 loops=1)
   ->  Sort  (cost=3351748.79..3351899.17 rows=60150 width=90) (actual time=71114.266..71114.272 rows=1 loops=1)
         Sort Key: nation.n_name, (EXTRACT(year FROM orders.o_orderdate)) DESC
         Sort Method: top-N heapsort  Memory: 25kB
         ->  HashAggregate  (cost=3350545.79..3351448.04 rows=60150 width=90) (actual time=71112.638..71113.416 rows=175 loops=1)
               Group Key: nation.n_name, EXTRACT(year FROM orders.o_orderdate)
               Batches: 1  Memory Usage: 3217kB
               ->  Hash Join  (cost=1142449.85..3286923.63 rows=3635552 width=81) (actual time=15909.926..62644.536 rows=3248192 loops=1)
                     Hash Cond: (supplier.s_nationkey = nation.n_nationkey)
                     ->  Hash Join  (cost=1142448.29..3266672.04 rows=3635552 width=31) (actual time=15909.868..59677.000 rows=3248192 loops=1)
                           Hash Cond: (lineitem.l_orderkey = orders.o_orderkey)
                           ->  Hash Join  (cost=485404.47..2491778.91 rows=3635552 width=31) (actual time=6800.556..43318.364 rows=3248192 loops=1)
                                 Hash Cond: (lineitem.l_suppkey = supplier.s_suppkey)
                                 ->  Hash Join  (cost=480938.47..2477769.18 rows=3635552 width=35) (actual time=6742.559..41320.967 rows=3248192 loops=1)
                                       Hash Cond: ((lineitem.l_suppkey = partsupp.ps_suppkey) AND (lineitem.l_partkey = partsupp.ps_partkey))
                                       ->  Hash Join  (cost=67476.90..1949349.96 rows=3635552 width=33) (actual time=931.278..29610.904 rows=3248192 loops=1)
                                             Hash Cond: (lineitem.l_partkey = part.p_partkey)
                                             ->  Seq Scan on lineitem  (cost=0.00..1724407.92 rows=59986592 width=29) (actual time=0.464..11064.431 rows=59986052 loops=1)
                                             ->  Hash  (cost=65961.76..65961.76 rows=121211 width=4) (actual time=930.502..930.503 rows=108312 loops=1)
                                                   Buckets: 131072  Batches: 1  Memory Usage: 4832kB
                                                   ->  Seq Scan on part  (cost=0.00..65961.76 rows=121211 width=4) (actual time=0.510..885.174 rows=108312 loops=1)
                                                         Filter: ((p_name)::text ~~ '%navy%'::text)
                                                         Rows Removed by Filter: 1891688
                                       ->  Hash  (cost=254390.23..254390.23 rows=8000423 width=14) (actual time=5802.312..5802.313 rows=8000000 loops=1)
                                             Buckets: 4194304  Batches: 4  Memory Usage: 126558kB
                                             ->  Seq Scan on partsupp  (cost=0.00..254390.23 rows=8000423 width=14) (actual time=0.478..2532.301 rows=8000000 loops=1)
                                 ->  Hash  (cost=3216.00..3216.00 rows=100000 width=8) (actual time=57.696..57.696 rows=100000 loops=1)
                                       Buckets: 131072  Batches: 1  Memory Usage: 4931kB
                                       ->  Seq Scan on supplier  (cost=0.00..3216.00 rows=100000 width=8) (actual time=0.011..28.431 rows=100000 loops=1)
                           ->  Hash  (cost=410926.14..410926.14 rows=15001414 width=8) (actual time=9099.772..9099.772 rows=15000000 loops=1)
                                 Buckets: 4194304  Batches: 8  Memory Usage: 106038kB
                                 ->  Seq Scan on orders  (cost=0.00..410926.14 rows=15001414 width=8) (actual time=0.341..4545.267 rows=15000000 loops=1)
                     ->  Hash  (cost=1.25..1.25 rows=25 width=30) (actual time=0.036..0.036 rows=25 loops=1)
                           Buckets: 1024  Batches: 1  Memory Usage: 10kB
                           ->  Seq Scan on nation  (cost=0.00..1.25 rows=25 width=30) (actual time=0.017..0.023 rows=25 loops=1)
 Settings: jit = 'off', max_parallel_workers_per_gather = '0', work_mem = '128MB'
 Planning Time: 14.127 ms
 Execution Time: 71118.668 ms
(38 rows)

