                                                                                      QUERY PLAN                                                                                      
--------------------------------------------------------------------------------------------------------------------------------------------------------------------------------------
 Limit  (cost=2331349.00..2331349.05 rows=20 width=202) (actual time=13844.367..13844.386 rows=20 loops=1)
   ->  Sort  (cost=2331349.00..2332769.74 rows=568296 width=202) (actual time=13844.365..13844.372 rows=20 loops=1)
         Sort Key: (sum((lineitem.l_extendedprice * ('1'::numeric - lineitem.l_discount)))) DESC
         Sort Method: top-N heapsort  Memory: 34kB
         ->  HashAggregate  (cost=2309123.14..2316226.84 rows=568296 width=202) (actual time=13479.255..13736.479 rows=381205 loops=1)
               Group Key: customer.c_custkey, nation.n_name
               Batches: 1  Memory Usage: 258065kB
               ->  Hash Join  (cost=2205277.86..2302019.44 rows=568296 width=182) (actual time=11621.918..12655.065 rows=1145402 loops=1)
                     Hash Cond: (customer.c_custkey = orders.o_custkey)
                     ->  Hash Join  (cost=1.56..55434.14 rows=1500044 width=170) (actual time=0.070..518.951 rows=1500000 loops=1)
                           Hash Cond: (customer.c_nationkey = nation.n_nationkey)
                           ->  Seq Scan on customer  (cost=0.00..50827.44 rows=1500044 width=148) (actual time=0.021..103.195 rows=1500000 loops=1)
                           ->  Hash  (cost=1.25..1.25 rows=25 width=30) (actual time=0.033..0.034 rows=25 loops=1)
                                 Buckets: 1024  Batches: 1  Memory Usage: 10kB
                                 ->  Seq Scan on nation  (cost=0.00..1.25 rows=25 width=30) (actual time=0.018..0.023 rows=25 loops=1)
                     ->  Hash  (cost=2198172.60..2198172.60 rows=568296 width=16) (actual time=11617.688..11617.690 rows=1145402 loops=1)
                           Buckets: 2097152 (originally 1048576)  Batches: 1 (originally 1)  Memory Usage: 71717kB
                           ->  Hash Join  (cost=284109.73..2198172.60 rows=568296 width=16) (actual time=653.350..11339.370 rows=1145402 loops=1)
                                 Hash Cond: (lineitem.l_orderkey = orders.o_orderkey)
                                 ->  Seq Scan on lineitem  (cost=0.00..1874351.45 rows=15128156 width=16) (actual time=0.088..8665.607 rows=14808183 loops=1)
                                       Filter: (l_returnflag = 'R'::bpchar)
                                       Rows Removed by Filter: 45177869
                                 ->  Hash  (cost=277066.92..277066.92 rows=563425 width=8) (actual time=648.962..648.963 rows=573160 loops=1)
                                       Buckets: 1048576  Batches: 1  Memory Usage: 30582kB
                                       ->  Bitmap Heap Scan on orders  (cost=7703.54..277066.92 rows=563425 width=8) (actual time=125.804..543.696 rows=573160 loops=1)
                                             Recheck Cond: ((o_orderdate >= '1994-08-01'::date) AND (o_orderdate < '1994-11-01'::date))
                                             Heap Blocks: exact=233137
                                             ->  Bitmap Index Scan on idx_orders_orderdate  (cost=0.00..7562.69 rows=563425 width=0) (actual time=70.388..70.388 rows=573160 loops=1)
                                                   Index Cond: ((o_orderdate >= '1994-08-01'::date) AND (o_orderdate < '1994-11-01'::date))
 Settings: effective_io_concurrency = '64', jit = 'off', maintenance_io_concurrency = '64', max_parallel_workers_per_gather = '0', work_mem = '256MB'
 Planning Time: 1.811 ms
 Execution Time: 13853.511 ms
(32 rows)

                                                                             QUERY PLAN                                                                              
---------------------------------------------------------------------------------------------------------------------------------------------------------------------
 Limit  (cost=94967.83..94967.83 rows=1 width=36) (actual time=1066.960..1066.976 rows=0 loops=1)
   InitPlan 1 (returns $2)
     ->  Aggregate  (cost=44417.18..44417.20 rows=1 width=32) (actual time=331.945..331.948 rows=1 loops=1)
           ->  Nested Loop  (cost=47.72..42017.14 rows=320006 width=10) (actual time=0.704..247.223 rows=320800 loops=1)
                 ->  Nested Loop  (cost=47.29..2404.57 rows=4000 width=4) (actual time=0.695..3.649 rows=4010 loops=1)
                       ->  Seq Scan on nation nation_1  (cost=0.00..1.31 rows=1 width=4) (actual time=0.009..0.014 rows=1 loops=1)
                             Filter: (n_name = 'SAUDI ARABIA'::bpchar)
                             Rows Removed by Filter: 24
                       ->  Bitmap Heap Scan on supplier supplier_1  (cost=47.29..2363.25 rows=4000 width=8) (actual time=0.684..3.208 rows=4010 loops=1)
                             Recheck Cond: (s_nationkey = nation_1.n_nationkey)
                             Heap Blocks: exact=1857
                             ->  Bitmap Index Scan on idx_supplier_nation_key  (cost=0.00..46.29 rows=4000 width=0) (actual time=0.439..0.439 rows=4010 loops=1)
                                   Index Cond: (s_nationkey = nation_1.n_nationkey)
                 ->  Index Scan using idx_partsupp_suppkey on partsupp partsupp_1  (cost=0.43..9.09 rows=81 width=14) (actual time=0.003..0.052 rows=80 loops=4010)
                       Index Cond: (ps_suppkey = supplier_1.s_suppkey)
   ->  Sort  (cost=50550.63..50817.30 rows=106669 width=36) (actual time=1066.958..1066.960 rows=0 loops=1)
         Sort Key: (sum((partsupp.ps_supplycost * (partsupp.ps_availqty)::numeric))) DESC
         Sort Method: quicksort  Memory: 25kB
         ->  HashAggregate  (cost=45217.20..50017.29 rows=106669 width=36) (actual time=1066.921..1066.923 rows=0 loops=1)
               Group Key: partsupp.ps_partkey
               Filter: (sum((partsupp.ps_supplycost * (partsupp.ps_availqty)::numeric)) > $2)
               Batches: 1  Memory Usage: 135185kB
               Rows Removed by Filter: 301833
               ->  Nested Loop  (cost=47.72..42017.14 rows=320006 width=14) (actual time=0.875..330.200 rows=320800 loops=1)
                     ->  Nested Loop  (cost=47.29..2404.57 rows=4000 width=4) (actual time=0.849..5.154 rows=4010 loops=1)
                           ->  Seq Scan on nation  (cost=0.00..1.31 rows=1 width=4) (actual time=0.024..0.028 rows=1 loops=1)
                                 Filter: (n_name = 'SAUDI ARABIA'::bpchar)
                                 Rows Removed by Filter: 24
                           ->  Bitmap Heap Scan on supplier  (cost=47.29..2363.25 rows=4000 width=8) (actual time=0.821..4.621 rows=4010 loops=1)
                                 Recheck Cond: (s_nationkey = nation.n_nationkey)
                                 Heap Blocks: exact=1857
                                 ->  Bitmap Index Scan on idx_supplier_nation_key  (cost=0.00..46.29 rows=4000 width=0) (actual time=0.504..0.504 rows=4010 loops=1)
                                       Index Cond: (s_nationkey = nation.n_nationkey)
                     ->  Index Scan using idx_partsupp_suppkey on partsupp  (cost=0.43..9.09 rows=81 width=18) (actual time=0.004..0.071 rows=80 loops=4010)
                           Index Cond: (ps_suppkey = supplier.s_suppkey)
 Settings: effective_io_concurrency = '64', jit = 'off', maintenance_io_concurrency = '64', max_parallel_workers_per_gather = '0', work_mem = '256MB'
 Planning Time: 1.291 ms
 Execution Time: 1078.942 ms
(38 rows)

                                                                                                                    QUERY PLAN                                                                                                                     
---------------------------------------------------------------------------------------------------------------------------------------------------------------------------------------------------------------------------------------------------
 Limit  (cost=3030626.77..3031460.23 rows=1 width=27) (actual time=16479.338..16479.350 rows=1 loops=1)
   ->  GroupAggregate  (cost=3030626.77..3036461.00 rows=7 width=27) (actual time=16479.336..16479.339 rows=1 loops=1)
         Group Key: lineitem.l_shipmode
         ->  Sort  (cost=3030626.77..3031356.04 rows=291708 width=27) (actual time=16437.330..16444.042 rows=155572 loops=1)
               Sort Key: lineitem.l_shipmode
               Sort Method: quicksort  Memory: 36606kB
               ->  Hash Join  (cost=2477845.36..3004148.19 rows=291708 width=27) (actual time=12622.906..16375.383 rows=311258 loops=1)
                     Hash Cond: (orders.o_orderkey = lineitem.l_orderkey)
                     ->  Seq Scan on orders  (cost=0.00..410897.00 rows=14998500 width=20) (actual time=0.017..918.105 rows=15000000 loops=1)
                     ->  Hash  (cost=2474199.01..2474199.01 rows=291708 width=15) (actual time=12620.769..12620.770 rows=311258 loops=1)
                           Buckets: 524288  Batches: 1  Memory Usage: 18687kB
                           ->  Seq Scan on lineitem  (cost=0.00..2474199.01 rows=291708 width=15) (actual time=0.214..12533.766 rows=311258 loops=1)
                                 Filter: ((l_shipmode = ANY ('{SHIP,"REG AIR"}'::bpchar[])) AND (l_commitdate < l_receiptdate) AND (l_shipdate < l_commitdate) AND (l_receiptdate >= '1994-01-01'::date) AND (l_receiptdate < '1995-01-01'::date))
                                 Rows Removed by Filter: 59674794
 Settings: effective_io_concurrency = '64', jit = 'off', maintenance_io_concurrency = '64', max_parallel_workers_per_gather = '0', work_mem = '256MB'
 Planning Time: 1.023 ms
 Execution Time: 16481.281 ms
(17 rows)

                                                                                    QUERY PLAN                                                                                     
-----------------------------------------------------------------------------------------------------------------------------------------------------------------------------------
 Limit  (cost=656821.47..656821.48 rows=1 width=16) (actual time=16650.870..16650.884 rows=1 loops=1)
   ->  Sort  (cost=656821.47..656821.97 rows=200 width=16) (actual time=16650.868..16650.871 rows=1 loops=1)
         Sort Key: (count(*)) DESC, (count(orders.o_orderkey)) DESC
         Sort Method: top-N heapsort  Memory: 25kB
         ->  HashAggregate  (cost=656818.47..656820.47 rows=200 width=16) (actual time=16650.825..16650.835 rows=46 loops=1)
               Group Key: count(orders.o_orderkey)
               Batches: 1  Memory Usage: 40kB
               ->  HashAggregate  (cost=619317.37..634317.81 rows=1500044 width=12) (actual time=16145.661..16468.389 rows=1500000 loops=1)
                     Group Key: customer.c_custkey
                     Batches: 1  Memory Usage: 172049kB
                     ->  Hash Right Join  (cost=57715.64..545082.37 rows=14847000 width=8) (actual time=391.908..11287.508 rows=15337604 loops=1)
                           Hash Cond: (orders.o_custkey = customer.c_custkey)
                           ->  Seq Scan on orders  (cost=0.00..448393.25 rows=14847000 width=8) (actual time=0.024..5648.597 rows=14837583 loops=1)
                                 Filter: ((o_comment)::text !~~ '%special%requests%'::text)
                                 Rows Removed by Filter: 162417
                           ->  Hash  (cost=38965.09..38965.09 rows=1500044 width=4) (actual time=383.700..383.701 rows=1500000 loops=1)
                                 Buckets: 2097152  Batches: 1  Memory Usage: 69119kB
                                 ->  Index Only Scan using customer_pkey on customer  (cost=0.43..38965.09 rows=1500044 width=4) (actual time=0.030..148.677 rows=1500000 loops=1)
                                       Heap Fetches: 0
 Settings: effective_io_concurrency = '64', jit = 'off', maintenance_io_concurrency = '64', max_parallel_workers_per_gather = '0', work_mem = '256MB'
 Planning Time: 0.902 ms
 Execution Time: 16683.138 ms
(22 rows)

                                                                            QUERY PLAN                                                                            
------------------------------------------------------------------------------------------------------------------------------------------------------------------
 Limit  (cost=1193492.58..1193492.59 rows=1 width=32) (actual time=2282.499..2282.509 rows=1 loops=1)
   ->  Aggregate  (cost=1193492.58..1193492.59 rows=1 width=32) (actual time=2282.497..2282.500 rows=1 loops=1)
         ->  Hash Join  (cost=105490.38..1180181.65 rows=760624 width=33) (actual time=1022.215..1954.851 rows=772942 loops=1)
               Hash Cond: (lineitem.l_partkey = part.p_partkey)
               ->  Bitmap Heap Scan on lineitem  (cost=19528.96..1092223.60 rows=760624 width=16) (actual time=272.518..860.830 rows=772942 loops=1)
                     Recheck Cond: ((l_shipdate >= '1994-05-01'::date) AND (l_shipdate < '1994-06-01'::date))
                     Heap Blocks: exact=416660
                     ->  Bitmap Index Scan on idx_lineitem_shipdate  (cost=0.00..19338.80 rows=760624 width=0) (actual time=161.192..161.192 rows=772942 loops=1)
                           Index Cond: ((l_shipdate >= '1994-05-01'::date) AND (l_shipdate < '1994-06-01'::date))
               ->  Hash  (cost=60961.74..60961.74 rows=1999974 width=25) (actual time=742.103..742.104 rows=2000000 loops=1)
                     Buckets: 2097152  Batches: 1  Memory Usage: 131903kB
                     ->  Seq Scan on part  (cost=0.00..60961.74 rows=1999974 width=25) (actual time=0.023..327.158 rows=2000000 loops=1)
 Settings: effective_io_concurrency = '64', jit = 'off', maintenance_io_concurrency = '64', max_parallel_workers_per_gather = '0', work_mem = '256MB'
 Planning Time: 0.994 ms
 Execution Time: 2285.266 ms
(15 rows)

                                                                       QUERY PLAN                                                                       
--------------------------------------------------------------------------------------------------------------------------------------------------------
 HashAggregate  (cost=1239460.55..1240696.94 rows=98911 width=36) (actual time=3198.128..3243.604 rows=100000 loops=1)
   Group Key: l_suppkey
   Batches: 1  Memory Usage: 47121kB
   ->  Bitmap Heap Scan on lineitem  (cost=57414.14..1217098.04 rows=2236251 width=16) (actual time=495.709..1631.943 rows=2265714 loops=1)
         Recheck Cond: ((l_shipdate >= '1996-01-01'::date) AND (l_shipdate < '1996-04-01'::date))
         Heap Blocks: exact=668609
         ->  Bitmap Index Scan on idx_lineitem_shipdate  (cost=0.00..56855.08 rows=2236251 width=0) (actual time=319.653..319.653 rows=2265714 loops=1)
               Index Cond: ((l_shipdate >= '1996-01-01'::date) AND (l_shipdate < '1996-04-01'::date))
 Settings: effective_io_concurrency = '64', jit = 'off', maintenance_io_concurrency = '64', max_parallel_workers_per_gather = '0', work_mem = '256MB'
 Planning Time: 0.655 ms
 Execution Time: 3250.343 ms
(11 rows)

CREATE VIEW
                                                                                   QUERY PLAN                                                                                   
--------------------------------------------------------------------------------------------------------------------------------------------------------------------------------
 Limit  (cost=2482904.96..2482915.23 rows=1 width=104) (actual time=6016.045..6016.051 rows=1 loops=1)
   InitPlan 1 (returns $0)
     ->  Aggregate  (cost=1241933.33..1241933.34 rows=1 width=32) (actual time=3012.604..3012.606 rows=1 loops=1)
           ->  HashAggregate  (cost=1239460.55..1240696.94 rows=98911 width=36) (actual time=2959.306..3006.416 rows=100000 loops=1)
                 Group Key: lineitem_1.l_suppkey
                 Batches: 1  Memory Usage: 47121kB
                 ->  Bitmap Heap Scan on lineitem lineitem_1  (cost=57414.14..1217098.04 rows=2236251 width=16) (actual time=453.736..1406.245 rows=2265714 loops=1)
                       Recheck Cond: ((l_shipdate >= '1996-01-01'::date) AND (l_shipdate < '1996-04-01'::date))
                       Heap Blocks: exact=668609
                       ->  Bitmap Index Scan on idx_lineitem_shipdate  (cost=0.00..56855.08 rows=2236251 width=0) (actual time=280.994..280.995 rows=2265714 loops=1)
                             Index Cond: ((l_shipdate >= '1996-01-01'::date) AND (l_shipdate < '1996-04-01'::date))
   ->  Merge Join  (cost=1240971.62..1246056.53 rows=495 width=104) (actual time=6016.044..6016.046 rows=1 loops=1)
         Merge Cond: (supplier.s_suppkey = revenue0.supplier_no)
         ->  Index Scan using supplier_pkey on supplier  (cost=0.29..4827.78 rows=100000 width=72) (actual time=0.016..11.906 rows=69998 loops=1)
         ->  Sort  (cost=1240971.32..1240972.56 rows=495 width=36) (actual time=6000.155..6000.157 rows=1 loops=1)
               Sort Key: revenue0.supplier_no
               Sort Method: quicksort  Memory: 25kB
               ->  Subquery Scan on revenue0  (cost=1239460.55..1240949.17 rows=495 width=36) (actual time=5967.108..6000.148 rows=1 loops=1)
                     ->  HashAggregate  (cost=1239460.55..1240944.22 rows=495 width=36) (actual time=5967.107..6000.145 rows=1 loops=1)
                           Group Key: lineitem.l_suppkey
                           Filter: (sum((lineitem.l_extendedprice * ('1'::numeric - lineitem.l_discount))) = $0)
                           Batches: 1  Memory Usage: 47121kB
                           Rows Removed by Filter: 99999
                           ->  Bitmap Heap Scan on lineitem  (cost=57414.14..1217098.04 rows=2236251 width=16) (actual time=449.680..1397.919 rows=2265714 loops=1)
                                 Recheck Cond: ((l_shipdate >= '1996-01-01'::date) AND (l_shipdate < '1996-04-01'::date))
                                 Heap Blocks: exact=668609
                                 ->  Bitmap Index Scan on idx_lineitem_shipdate  (cost=0.00..56855.08 rows=2236251 width=0) (actual time=275.821..275.821 rows=2265714 loops=1)
                                       Index Cond: ((l_shipdate >= '1996-01-01'::date) AND (l_shipdate < '1996-04-01'::date))
 Settings: effective_io_concurrency = '64', jit = 'off', maintenance_io_concurrency = '64', max_parallel_workers_per_gather = '0', work_mem = '256MB'
 Planning Time: 0.456 ms
 Execution Time: 6023.174 ms
(31 rows)

DROP VIEW
                                                                                         QUERY PLAN                                                                                         
--------------------------------------------------------------------------------------------------------------------------------------------------------------------------------------------
 Limit  (cost=403553.21..403553.21 rows=1 width=44) (actual time=6190.029..6190.045 rows=1 loops=1)
   ->  Sort  (cost=403553.21..403938.57 rows=154143 width=44) (actual time=6190.028..6190.031 rows=1 loops=1)
         Sort Key: (count(DISTINCT partsupp.ps_suppkey)) DESC, part.p_brand, part.p_type, part.p_size
         Sort Method: top-N heapsort  Memory: 25kB
         ->  GroupAggregate  (cost=393768.88..402782.49 rows=154143 width=44) (actual time=5759.969..6185.524 rows=27838 loops=1)
               Group Key: part.p_brand, part.p_type, part.p_size
               ->  Sort  (cost=393768.88..395263.31 rows=597775 width=40) (actual time=5759.923..5868.344 rows=1186319 loops=1)
                     Sort Key: part.p_brand, part.p_type, part.p_size
                     Sort Method: quicksort  Memory: 141834kB
                     ->  Hash Join  (cost=98163.78..336414.63 rows=597775 width=40) (actual time=639.480..2952.272 rows=1186319 loops=1)
                           Hash Cond: (partsupp.ps_partkey = part.p_partkey)
                           ->  Index Only Scan using partsupp_pkey on partsupp  (cost=3466.46..231217.08 rows=4000075 width=8) (actual time=28.271..1503.926 rows=7995520 loops=1)
                                 Filter: (NOT (hashed SubPlan 1))
                                 Rows Removed by Filter: 4480
                                 Heap Fetches: 0
                                 SubPlan 1
                                   ->  Seq Scan on supplier  (cost=0.00..3466.00 rows=10 width=4) (actual time=0.148..28.219 rows=56 loops=1)
                                         Filter: ((s_comment)::text ~~ '%Customer%Complaints%'::text)
                                         Rows Removed by Filter: 99944
                           ->  Hash  (cost=90961.35..90961.35 rows=298878 width=40) (actual time=609.251..609.252 rows=296733 loops=1)
                                 Buckets: 524288  Batches: 1  Memory Usage: 25593kB
                                 ->  Seq Scan on part  (cost=0.00..90961.35 rows=298878 width=40) (actual time=0.015..536.446 rows=296733 loops=1)
                                       Filter: ((p_brand <> 'Brand#12'::bpchar) AND ((p_type)::text !~~ 'SMALL BRUSHED%'::text) AND (p_size = ANY ('{12,32,36,26,40,34,49,9}'::integer[])))
                                       Rows Removed by Filter: 1703267
 Settings: effective_io_concurrency = '64', jit = 'off', maintenance_io_concurrency = '64', max_parallel_workers_per_gather = '0', work_mem = '256MB'
 Planning Time: 1.100 ms
 Execution Time: 6195.566 ms
(27 rows)

                                                                      QUERY PLAN                                                                      
------------------------------------------------------------------------------------------------------------------------------------------------------
 HashAggregate  (cost=5567162.99..6180697.15 rows=1849702 width=36) (actual time=35025.485..56472.552 rows=2000000 loops=1)
   Group Key: l_partkey
   Planned Partitions: 4  Batches: 5  Memory Usage: 262193kB  Disk Usage: 1517688kB
   ->  Seq Scan on lineitem  (cost=0.00..1724389.56 rows=59984756 width=9) (actual time=0.034..5119.431 rows=59986052 loops=1)
 Settings: effective_io_concurrency = '64', jit = 'off', maintenance_io_concurrency = '64', max_parallel_workers_per_gather = '0', work_mem = '256MB'
 Planning Time: 0.541 ms
 Execution Time: 56671.101 ms
(7 rows)

SELECT 2000000
CREATE INDEX
ANALYZE
                                                                                 QUERY PLAN                                                                                 
----------------------------------------------------------------------------------------------------------------------------------------------------------------------------
 Limit  (cost=252873.45..252873.46 rows=1 width=32) (actual time=359.040..359.042 rows=1 loops=1)
   ->  Aggregate  (cost=252873.45..252873.46 rows=1 width=32) (actual time=359.039..359.040 rows=1 loops=1)
         ->  Nested Loop  (cost=0.87..252820.41 rows=21215 width=8) (actual time=0.140..358.375 rows=5319 loops=1)
               Join Filter: (part.p_partkey = lineitem.l_partkey)
               ->  Nested Loop  (cost=0.43..86859.12 rows=2122 width=20) (actual time=0.126..298.799 rows=1996 loops=1)
                     ->  Seq Scan on part  (cost=0.00..70961.61 rows=2122 width=4) (actual time=0.112..283.354 rows=1996 loops=1)
                           Filter: ((p_brand = 'Brand#22'::bpchar) AND (p_container = 'LG BOX'::bpchar))
                           Rows Removed by Filter: 1998004
                     ->  Index Scan using idx_tmp_avg_quantity on tmp_avg_quantity part_agg  (cost=0.43..7.48 rows=1 width=16) (actual time=0.007..0.007 rows=1 loops=1996)
                           Index Cond: (agg_partkey = part.p_partkey)
               ->  Index Scan using idx_lineitem_part_supp on lineitem  (cost=0.44..78.07 rows=11 width=17) (actual time=0.012..0.029 rows=3 loops=1996)
                     Index Cond: (l_partkey = part_agg.agg_partkey)
                     Filter: (l_quantity < part_agg.avg_quantity)
                     Rows Removed by Filter: 27
 Settings: effective_io_concurrency = '64', jit = 'off', maintenance_io_concurrency = '64', max_parallel_workers_per_gather = '0', work_mem = '256MB'
 Planning Time: 0.639 ms
 Execution Time: 359.078 ms
(17 rows)

DROP TABLE
                                                                            QUERY PLAN                                                                            
------------------------------------------------------------------------------------------------------------------------------------------------------------------
 Limit  (cost=6427590.76..6427590.77 rows=1 width=32) (actual time=56895.854..56895.867 rows=1 loops=1)
   ->  Aggregate  (cost=6427590.76..6427590.77 rows=1 width=32) (actual time=56895.852..56895.855 rows=1 loops=1)
         ->  Nested Loop  (cost=5638151.57..6427541.70 rows=19621 width=8) (actual time=35187.579..56894.993 rows=5319 loops=1)
               Join Filter: (part.p_partkey = lineitem.l_partkey)
               ->  Hash Join  (cost=5638151.13..6275037.79 rows=1963 width=40) (actual time=35185.648..56828.517 rows=1996 loops=1)
                     Hash Cond: (lineitem_1.l_partkey = part.p_partkey)
                     ->  HashAggregate  (cost=5567162.99..6180697.15 rows=1849702 width=36) (actual time=34860.973..56343.441 rows=2000000 loops=1)
                           Group Key: lineitem_1.l_partkey
                           Planned Partitions: 4  Batches: 5  Memory Usage: 262193kB  Disk Usage: 1517688kB
                           ->  Seq Scan on lineitem lineitem_1  (cost=0.00..1724389.56 rows=59984756 width=9) (actual time=0.019..5119.937 rows=59986052 loops=1)
                     ->  Hash  (cost=70961.61..70961.61 rows=2122 width=4) (actual time=324.591..324.591 rows=1996 loops=1)
                           Buckets: 4096  Batches: 1  Memory Usage: 103kB
                           ->  Seq Scan on part  (cost=0.00..70961.61 rows=2122 width=4) (actual time=0.194..324.067 rows=1996 loops=1)
                                 Filter: ((p_brand = 'Brand#22'::bpchar) AND (p_container = 'LG BOX'::bpchar))
                                 Rows Removed by Filter: 1998004
               ->  Index Scan using idx_lineitem_part_supp on lineitem  (cost=0.44..77.55 rows=11 width=17) (actual time=0.014..0.032 rows=3 loops=1996)
                     Index Cond: (l_partkey = lineitem_1.l_partkey)
                     Filter: (l_quantity < ((0.2 * avg(lineitem_1.l_quantity))))
                     Rows Removed by Filter: 27
 Settings: effective_io_concurrency = '64', jit = 'off', maintenance_io_concurrency = '64', max_parallel_workers_per_gather = '0', work_mem = '256MB'
 Planning Time: 1.203 ms
 Execution Time: 57037.805 ms
(22 rows)

                                                                                                 QUERY PLAN                                                                                                  
-------------------------------------------------------------------------------------------------------------------------------------------------------------------------------------------------------------
 Limit  (cost=9939293.94..9939294.19 rows=100 width=71) (actual time=44889.819..44889.842 rows=99 loops=1)
   ->  Sort  (cost=9939293.94..9989273.54 rows=19991839 width=71) (actual time=44889.817..44889.826 rows=99 loops=1)
         Sort Key: orders.o_totalprice DESC, orders.o_orderdate
         Sort Method: quicksort  Memory: 32kB
         ->  HashAggregate  (cost=8573903.20..9175220.23 rows=19991839 width=71) (actual time=44887.250..44889.685 rows=99 loops=1)
               Group Key: customer.c_custkey, orders.o_orderkey
               Planned Partitions: 32  Batches: 1  Memory Usage: 24657kB
               ->  Hash Join  (cost=69917.18..6618451.45 rows=19991839 width=44) (actual time=1656.084..44886.528 rows=693 loops=1)
                     Hash Cond: (orders.o_custkey = customer.c_custkey)
                     ->  Merge Join  (cost=339.19..6496394.74 rows=19991839 width=25) (actual time=999.551..44229.655 rows=693 loops=1)
                           Merge Cond: (orders.o_orderkey = lineitem.l_orderkey)
                           ->  Merge Join  (cost=1.00..3729664.13 rows=4998730 width=24) (actual time=718.001..31292.671 rows=99 loops=1)
                                 Merge Cond: (orders.o_orderkey = lineitem_1.l_orderkey)
                                 ->  Index Scan using orders_pkey on orders  (cost=0.43..650416.94 rows=14998500 width=20) (actual time=0.031..3159.833 rows=14982724 loops=1)
                                 ->  GroupAggregate  (cost=0.56..2929279.52 rows=4998730 width=4) (actual time=626.663..27253.872 rows=99 loops=1)
                                       Group Key: lineitem_1.l_orderkey
                                       Filter: (sum(lineitem_1.l_quantity) > '313'::numeric)
                                       Rows Removed by Filter: 14999901
                                       ->  Index Scan using idx_lineitem_orderkey on lineitem lineitem_1  (cost=0.56..2404412.91 rows=59984756 width=9) (actual time=0.069..13135.683 rows=59986052 loops=1)
                           ->  Index Scan using idx_lineitem_orderkey on lineitem  (cost=0.56..2404412.91 rows=59984756 width=9) (actual time=0.026..9414.471 rows=59916431 loops=1)
                     ->  Hash  (cost=50827.44..50827.44 rows=1500044 width=23) (actual time=649.013..649.014 rows=1500000 loops=1)
                           Buckets: 2097152  Batches: 1  Memory Usage: 98416kB
                           ->  Seq Scan on customer  (cost=0.00..50827.44 rows=1500044 width=23) (actual time=0.024..334.226 rows=1500000 loops=1)
 Settings: effective_io_concurrency = '64', jit = 'off', maintenance_io_concurrency = '64', max_parallel_workers_per_gather = '0', work_mem = '256MB'
 Planning Time: 2.054 ms
 Execution Time: 44904.858 ms
(26 rows)

                                                                                                                                                                                                                                                                                                                                                                                                                                                                                                            QUERY PLAN                                                                                                                                                                                                                                                                                                                                                                                                                                                                                                            
----------------------------------------------------------------------------------------------------------------------------------------------------------------------------------------------------------------------------------------------------------------------------------------------------------------------------------------------------------------------------------------------------------------------------------------------------------------------------------------------------------------------------------------------------------------------------------------------------------------------------------------------------------------------------------------------------------------------------------------------------------------------------------------------------------------------------------------------------------------------------------------------------------------------------------------------------------------------------------------------------------------------------------
 Limit  (cost=751732.90..751732.91 rows=1 width=32) (actual time=917.376..917.384 rows=1 loops=1)
   ->  Aggregate  (cost=751732.90..751732.91 rows=1 width=32) (actual time=917.375..917.376 rows=1 loops=1)
         ->  Nested Loop  (cost=0.44..751723.99 rows=1188 width=12) (actual time=4.495..916.752 rows=1063 loops=1)
               ->  Seq Scan on part  (cost=0.00..125960.90 rows=4945 width=30) (actual time=0.311..532.139 rows=4781 loops=1)
                     Filter: ((p_size >= 1) AND (((p_brand = 'Brand#24'::bpchar) AND (p_container = ANY ('{"SM CASE","SM BOX","SM PACK","SM PKG"}'::bpchar[])) AND (p_size <= 5)) OR ((p_brand = 'Brand#43'::bpchar) AND (p_container = ANY ('{"MED BAG","MED BOX","MED PKG","MED PACK"}'::bpchar[])) AND (p_size <= 10)) OR ((p_brand = 'Brand#44'::bpchar) AND (p_container = ANY ('{"LG CASE","LG BOX","LG PACK","LG PKG"}'::bpchar[])) AND (p_size <= 15))))
                     Rows Removed by Filter: 1995219
               ->  Index Scan using idx_lineitem_part_supp on lineitem  (cost=0.44..126.53 rows=1 width=21) (actual time=0.072..0.080 rows=0 loops=4781)
                     Index Cond: (l_partkey = part.p_partkey)
                     Filter: ((l_shipmode = ANY ('{AIR,"AIR REG"}'::bpchar[])) AND (l_shipinstruct = 'DELIVER IN PERSON'::bpchar) AND (((l_quantity >= '10'::numeric) AND (l_quantity <= '20'::numeric)) OR ((l_quantity >= '10'::numeric) AND (l_quantity <= '20'::numeric)) OR ((l_quantity >= '20'::numeric) AND (l_quantity <= '30'::numeric))) AND (((part.p_brand = 'Brand#24'::bpchar) AND (part.p_container = ANY ('{"SM CASE","SM BOX","SM PACK","SM PKG"}'::bpchar[])) AND (l_quantity >= '10'::numeric) AND (l_quantity <= '20'::numeric) AND (part.p_size <= 5)) OR ((part.p_brand = 'Brand#43'::bpchar) AND (part.p_container = ANY ('{"MED BAG","MED BOX","MED PKG","MED PACK"}'::bpchar[])) AND (l_quantity >= '10'::numeric) AND (l_quantity <= '20'::numeric) AND (part.p_size <= 10)) OR ((part.p_brand = 'Brand#44'::bpchar) AND (part.p_container = ANY ('{"LG CASE","LG BOX","LG PACK","LG PKG"}'::bpchar[])) AND (l_quantity >= '20'::numeric) AND (l_quantity <= '30'::numeric) AND (part.p_size <= 15))))
                     Rows Removed by Filter: 30
 Settings: effective_io_concurrency = '64', jit = 'off', maintenance_io_concurrency = '64', max_parallel_workers_per_gather = '0', work_mem = '256MB'
 Planning Time: 1.379 ms
 Execution Time: 917.501 ms
(13 rows)

                                                                      QUERY PLAN                                                                      
------------------------------------------------------------------------------------------------------------------------------------------------------
 Limit  (cost=3949085.56..3949085.57 rows=1 width=236) (actual time=74214.058..74214.066 rows=1 loops=1)
   ->  Sort  (cost=3949085.56..3949085.58 rows=6 width=236) (actual time=74214.040..74214.041 rows=1 loops=1)
         Sort Key: l_returnflag, l_linestatus
         Sort Method: top-N heapsort  Memory: 25kB
         ->  HashAggregate  (cost=3949085.37..3949085.54 rows=6 width=236) (actual time=74213.997..74214.006 rows=4 loops=1)
               Group Key: l_returnflag, l_linestatus
               Batches: 1  Memory Usage: 32kB
               ->  Seq Scan on lineitem  (cost=0.00..1874351.45 rows=59278112 width=25) (actual time=0.045..10705.631 rows=59284448 loops=1)
                     Filter: (l_shipdate <= '1998-09-10 00:00:00'::timestamp without time zone)
                     Rows Removed by Filter: 701604
 Settings: effective_io_concurrency = '64', jit = 'off', maintenance_io_concurrency = '64', max_parallel_workers_per_gather = '0', work_mem = '256MB'
 Planning Time: 0.818 ms
 Execution Time: 74214.156 ms
(13 rows)

                                                                        QUERY PLAN                                                                         
-----------------------------------------------------------------------------------------------------------------------------------------------------------
 HashAggregate  (cost=2087407.84..2247290.18 rows=4813170 width=40) (actual time=13180.529..20541.855 rows=5448842 loops=1)
   Group Key: l_partkey, l_suppkey
   Planned Partitions: 8  Batches: 41  Memory Usage: 262225kB  Disk Usage: 318560kB
   ->  Bitmap Heap Scan on lineitem  (cost=230522.52..1489748.35 rows=8978922 width=13) (actual time=1564.104..8545.073 rows=9123688 loops=1)
         Recheck Cond: ((l_shipdate >= '1996-01-01'::date) AND (l_shipdate < '1997-01-01'::date))
         Heap Blocks: exact=1048319
         ->  Bitmap Index Scan on idx_lineitem_shipdate  (cost=0.00..228277.79 rows=8978922 width=0) (actual time=1254.505..1254.505 rows=9123688 loops=1)
               Index Cond: ((l_shipdate >= '1996-01-01'::date) AND (l_shipdate < '1997-01-01'::date))
 Settings: effective_io_concurrency = '64', jit = 'off', maintenance_io_concurrency = '64', max_parallel_workers_per_gather = '0', work_mem = '256MB'
 Planning Time: 0.844 ms
 Execution Time: 20745.287 ms
(11 rows)

SELECT 5448842
CREATE INDEX
ANALYZE
                                                                                   QUERY PLAN                                                                                   
--------------------------------------------------------------------------------------------------------------------------------------------------------------------------------
 Limit  (cost=59070.67..59070.67 rows=1 width=52) (actual time=1288.801..1288.804 rows=1 loops=1)
   ->  Sort  (cost=59070.67..59070.67 rows=1 width=52) (actual time=1288.799..1288.801 rows=1 loops=1)
         Sort Key: supplier.s_name
         Sort Method: top-N heapsort  Memory: 25kB
         ->  Nested Loop Semi Join  (cost=48.59..59070.66 rows=1 width=52) (actual time=0.767..1287.217 rows=1821 loops=1)
               ->  Nested Loop  (cost=47.29..2404.57 rows=4000 width=56) (actual time=0.547..11.665 rows=4095 loops=1)
                     ->  Seq Scan on nation  (cost=0.00..1.31 rows=1 width=4) (actual time=0.013..0.018 rows=1 loops=1)
                           Filter: (n_name = 'IRAQ'::bpchar)
                           Rows Removed by Filter: 24
                     ->  Bitmap Heap Scan on supplier  (cost=47.29..2363.25 rows=4000 width=60) (actual time=0.530..10.778 rows=4095 loops=1)
                           Recheck Cond: (s_nationkey = nation.n_nationkey)
                           Heap Blocks: exact=1867
                           ->  Bitmap Index Scan on idx_supplier_nation_key  (cost=0.00..46.29 rows=4000 width=0) (actual time=0.279..0.279 rows=4095 loops=1)
                                 Index Cond: (s_nationkey = nation.n_nationkey)
               ->  Nested Loop  (cost=1.30..14.16 rows=1 width=8) (actual time=0.311..0.311 rows=0 loops=4095)
                     Join Filter: (supplier.s_suppkey = agg_lineitem.agg_suppkey)
                     ->  Nested Loop  (cost=0.87..13.66 rows=1 width=16) (actual time=0.267..0.305 rows=1 loops=4095)
                           ->  Index Scan using idx_partsupp_suppkey on partsupp  (cost=0.43..9.09 rows=81 width=12) (actual time=0.006..0.126 rows=61 loops=4095)
                                 Index Cond: (ps_suppkey = supplier.s_suppkey)
                           ->  Memoize  (cost=0.44..0.48 rows=1 width=4) (actual time=0.003..0.003 rows=0 loops=248000)
                                 Cache Key: partsupp.ps_partkey
                                 Hits: 11702  Misses: 236298  Evictions: 0  Overflows: 0  Memory Usage: 15783kB
                                 ->  Index Scan using part_pkey on part  (cost=0.43..0.47 rows=1 width=4) (actual time=0.002..0.002 rows=0 loops=236298)
                                       Index Cond: (p_partkey = partsupp.ps_partkey)
                                       Filter: ((p_name)::text ~~ 'olive%'::text)
                                       Rows Removed by Filter: 1
                     ->  Index Scan using idx_tmp_agg_lineitem on tmp_agg_lineitem agg_lineitem  (cost=0.43..0.48 rows=1 width=13) (actual time=0.008..0.008 rows=1 loops=2732)
                           Index Cond: ((agg_partkey = partsupp.ps_partkey) AND (agg_suppkey = partsupp.ps_suppkey))
                           Filter: ((partsupp.ps_availqty)::numeric > agg_quantity)
                           Rows Removed by Filter: 0
 Settings: effective_io_concurrency = '64', jit = 'off', maintenance_io_concurrency = '64', max_parallel_workers_per_gather = '0', work_mem = '256MB'
 Planning Time: 1.456 ms
 Execution Time: 1290.718 ms
(33 rows)

DROP TABLE
                                                                                          QUERY PLAN                                                                                           
-----------------------------------------------------------------------------------------------------------------------------------------------------------------------------------------------
 Limit  (cost=2409579.18..2409579.18 rows=1 width=52) (actual time=39660.617..39660.631 rows=1 loops=1)
   ->  Sort  (cost=2409579.18..2409579.18 rows=1 width=52) (actual time=39660.615..39660.620 rows=1 loops=1)
         Sort Key: supplier.s_name
         Sort Method: top-N heapsort  Memory: 25kB
         ->  Nested Loop Semi Join  (cost=2153622.47..2409579.17 rows=1 width=52) (actual time=15475.822..39659.057 rows=1821 loops=1)
               Join Filter: (supplier.s_suppkey = lineitem.l_suppkey)
               Rows Removed by Join Filter: 182645835
               ->  Nested Loop  (cost=0.00..4467.31 rows=4000 width=56) (actual time=0.041..22.700 rows=4095 loops=1)
                     Join Filter: (supplier.s_nationkey = nation.n_nationkey)
                     Rows Removed by Join Filter: 95905
                     ->  Seq Scan on nation  (cost=0.00..1.31 rows=1 width=4) (actual time=0.023..0.026 rows=1 loops=1)
                           Filter: (n_name = 'IRAQ'::bpchar)
                           Rows Removed by Filter: 24
                     ->  Seq Scan on supplier  (cost=0.00..3216.00 rows=100000 width=60) (actual time=0.012..14.569 rows=100000 loops=1)
               ->  Materialize  (cost=2153622.47..2404931.86 rows=3 width=8) (actual time=3.259..6.967 rows=44603 loops=4095)
                     ->  Nested Loop  (cost=2153622.47..2404931.85 rows=3 width=8) (actual time=13345.740..21554.165 rows=59002 loops=1)
                           ->  Hash Join  (cost=2153622.04..2374270.67 rows=48618 width=44) (actual time=13345.707..21266.020 rows=59125 loops=1)
                                 Hash Cond: (lineitem.l_partkey = part.p_partkey)
                                 ->  HashAggregate  (cost=2087407.84..2247290.18 rows=4813170 width=40) (actual time=12994.314..20356.462 rows=5448842 loops=1)
                                       Group Key: lineitem.l_partkey, lineitem.l_suppkey
                                       Planned Partitions: 8  Batches: 41  Memory Usage: 262225kB  Disk Usage: 318560kB
                                       ->  Bitmap Heap Scan on lineitem  (cost=230522.52..1489748.35 rows=8978922 width=13) (actual time=1554.340..8407.220 rows=9123688 loops=1)
                                             Recheck Cond: ((l_shipdate >= '1996-01-01'::date) AND (l_shipdate < '1997-01-01'::date))
                                             Heap Blocks: exact=1048319
                                             ->  Bitmap Index Scan on idx_lineitem_shipdate  (cost=0.00..228277.79 rows=8978922 width=0) (actual time=1245.760..1245.760 rows=9123688 loops=1)
                                                   Index Cond: ((l_shipdate >= '1996-01-01'::date) AND (l_shipdate < '1997-01-01'::date))
                                 ->  Hash  (cost=65961.68..65961.68 rows=20202 width=4) (actual time=351.203..351.204 rows=21718 loops=1)
                                       Buckets: 32768  Batches: 1  Memory Usage: 1020kB
                                       ->  Seq Scan on part  (cost=0.00..65961.68 rows=20202 width=4) (actual time=0.045..346.400 rows=21718 loops=1)
                                             Filter: ((p_name)::text ~~ 'olive%'::text)
                                             Rows Removed by Filter: 1978282
                           ->  Index Scan using partsupp_pkey on partsupp  (cost=0.43..0.62 rows=1 width=12) (actual time=0.004..0.004 rows=1 loops=59125)
                                 Index Cond: ((ps_partkey = lineitem.l_partkey) AND (ps_suppkey = lineitem.l_suppkey))
                                 Filter: ((ps_availqty)::numeric > ((0.5 * sum(lineitem.l_quantity))))
                                 Rows Removed by Filter: 0
 Settings: effective_io_concurrency = '64', jit = 'off', maintenance_io_concurrency = '64', max_parallel_workers_per_gather = '0', work_mem = '256MB'
 Planning Time: 2.476 ms
 Execution Time: 39706.084 ms
(38 rows)

                                                                                            QUERY PLAN                                                                                             
---------------------------------------------------------------------------------------------------------------------------------------------------------------------------------------------------
 Limit  (cost=4271792.94..4271792.95 rows=1 width=34) (actual time=34288.513..34288.535 rows=100 loops=1)
   ->  Sort  (cost=4271792.94..4271792.95 rows=1 width=34) (actual time=34288.511..34288.521 rows=100 loops=1)
         Sort Key: (count(*)) DESC, supplier.s_name
         Sort Method: top-N heapsort  Memory: 38kB
         ->  GroupAggregate  (cost=4271792.91..4271792.93 rows=1 width=34) (actual time=34279.376..34287.285 rows=3991 loops=1)
               Group Key: supplier.s_name
               ->  Sort  (cost=4271792.91..4271792.92 rows=1 width=26) (actual time=34279.365..34282.946 rows=39281 loops=1)
                     Sort Key: supplier.s_name
                     Sort Method: quicksort  Memory: 3378kB
                     ->  Nested Loop Semi Join  (cost=2204849.50..4271792.90 rows=1 width=26) (actual time=15992.164..34129.362 rows=39281 loops=1)
                           Join Filter: (l2.l_suppkey <> l1.l_suppkey)
                           Rows Removed by Join Filter: 42023
                           ->  Nested Loop  (cost=2204848.94..4271785.36 rows=1 width=38) (actual time=15992.150..33887.713 rows=65960 loops=1)
                                 ->  Hash Anti Join  (cost=2204848.50..4271778.05 rows=1 width=34) (actual time=15990.410..33456.289 rows=134155 loops=1)
                                       Hash Cond: (l1.l_orderkey = l3.l_orderkey)
                                       Join Filter: (l3.l_suppkey <> l1.l_suppkey)
                                       Rows Removed by Join Filter: 547662
                                       ->  Hash Join  (cost=2454.57..1959784.93 rows=799797 width=34) (actual time=7.723..13360.879 rows=1514267 loops=1)
                                             Hash Cond: (l1.l_suppkey = supplier.s_suppkey)
                                             ->  Seq Scan on lineitem l1  (cost=0.00..1874351.45 rows=19994919 width=8) (actual time=0.091..9735.042 rows=37929348 loops=1)
                                                   Filter: (l_receiptdate > l_commitdate)
                                                   Rows Removed by Filter: 22056704
                                             ->  Hash  (cost=2404.57..2404.57 rows=4000 width=30) (actual time=7.579..7.582 rows=3991 loops=1)
                                                   Buckets: 4096  Batches: 1  Memory Usage: 282kB
                                                   ->  Nested Loop  (cost=47.29..2404.57 rows=4000 width=30) (actual time=0.850..6.874 rows=3991 loops=1)
                                                         ->  Seq Scan on nation  (cost=0.00..1.31 rows=1 width=4) (actual time=0.018..0.021 rows=1 loops=1)
                                                               Filter: (n_name = 'PERU'::bpchar)
                                                               Rows Removed by Filter: 24
                                                         ->  Bitmap Heap Scan on supplier  (cost=47.29..2363.25 rows=4000 width=34) (actual time=0.829..6.391 rows=3991 loops=1)
                                                               Recheck Cond: (s_nationkey = nation.n_nationkey)
                                                               Heap Blocks: exact=1873
                                                               ->  Bitmap Index Scan on idx_supplier_nation_key  (cost=0.00..46.29 rows=4000 width=0) (actual time=0.570..0.570 rows=3991 loops=1)
                                                                     Index Cond: (s_nationkey = nation.n_nationkey)
                                       ->  Hash  (cost=1874351.45..1874351.45 rows=19994919 width=8) (actual time=15949.419..15949.420 rows=37929348 loops=1)
                                             Buckets: 8388608  Batches: 8  Memory Usage: 250561kB
                                             ->  Seq Scan on lineitem l3  (cost=0.00..1874351.45 rows=19994919 width=8) (actual time=0.014..10637.378 rows=37929348 loops=1)
                                                   Filter: (l_receiptdate > l_commitdate)
                                                   Rows Removed by Filter: 22056704
                                 ->  Index Scan using orders_pkey on orders  (cost=0.43..7.32 rows=1 width=4) (actual time=0.003..0.003 rows=0 loops=134155)
                                       Index Cond: (o_orderkey = l1.l_orderkey)
                                       Filter: (o_orderstatus = 'F'::bpchar)
                                       Rows Removed by Filter: 1
                           ->  Index Scan using idx_lineitem_orderkey on lineitem l2  (cost=0.56..7.52 rows=4 width=8) (actual time=0.003..0.003 rows=1 loops=65960)
                                 Index Cond: (l_orderkey = orders.o_orderkey)
 Settings: effective_io_concurrency = '64', jit = 'off', maintenance_io_concurrency = '64', max_parallel_workers_per_gather = '0', work_mem = '256MB'
 Planning Time: 2.722 ms
 Execution Time: 34293.115 ms
(47 rows)

                                                                          QUERY PLAN                                                                          
--------------------------------------------------------------------------------------------------------------------------------------------------------------
 Limit  (cost=163256.95..163256.97 rows=1 width=72) (actual time=1710.148..1710.158 rows=1 loops=1)
   InitPlan 1 (returns $0)
     ->  Aggregate  (cost=75322.80..75322.81 rows=1 width=32) (actual time=824.012..824.013 rows=1 loops=1)
           ->  Seq Scan on customer customer_1  (cost=0.00..75203.15 rows=47858 width=6) (actual time=0.007..788.813 rows=382426 loops=1)
                 Filter: ((c_acctbal > 0.00) AND (SUBSTRING(c_phone FROM 1 FOR 2) = ANY ('{21,29,26,34,14,15,17}'::text[])))
                 Rows Removed by Filter: 1117574
   ->  GroupAggregate  (cost=87934.13..88134.97 rows=7303 width=72) (actual time=1710.146..1710.147 rows=1 loops=1)
         Group Key: (SUBSTRING(customer.c_phone FROM 1 FOR 2))
         ->  Sort  (cost=87934.13..87952.39 rows=7303 width=38) (actual time=1708.345..1708.729 rows=9006 loops=1)
               Sort Key: (SUBSTRING(customer.c_phone FROM 1 FOR 2))
               Sort Method: quicksort  Memory: 4513kB
               ->  Nested Loop Anti Join  (cost=0.43..87465.49 rows=7303 width=38) (actual time=824.074..1693.283 rows=63509 loops=1)
                     ->  Seq Scan on customer  (cost=0.00..75203.15 rows=17501 width=26) (actual time=824.050..1389.102 rows=191129 loops=1)
                           Filter: ((c_acctbal > $0) AND (SUBSTRING(c_phone FROM 1 FOR 2) = ANY ('{21,29,26,34,14,15,17}'::text[])))
                           Rows Removed by Filter: 1308871
                     ->  Index Only Scan using idx_orders_custkey on orders  (cost=0.43..3.28 rows=17 width=4) (actual time=0.001..0.001 rows=1 loops=191129)
                           Index Cond: (o_custkey = customer.c_custkey)
                           Heap Fetches: 0
 Settings: effective_io_concurrency = '64', jit = 'off', maintenance_io_concurrency = '64', max_parallel_workers_per_gather = '0', work_mem = '256MB'
 Planning Time: 1.154 ms
 Execution Time: 1710.499 ms
(21 rows)

                                                                       QUERY PLAN                                                                        
---------------------------------------------------------------------------------------------------------------------------------------------------------
 HashAggregate  (cost=208247.07..212666.85 rows=441978 width=36) (actual time=2020.975..2358.651 rows=1182884 loops=1)
   Group Key: partsupp.ps_partkey
   Batches: 1  Memory Usage: 180241kB
   ->  Nested Loop  (cost=42.10..200246.92 rows=1600030 width=10) (actual time=0.864..1376.355 rows=1604080 loops=1)
         ->  Nested Loop  (cost=41.67..2184.07 rows=20000 width=4) (actual time=0.847..21.361 rows=20051 loops=1)
               ->  Nested Loop  (cost=0.14..13.95 rows=5 width=4) (actual time=0.050..0.080 rows=5 loops=1)
                     Join Filter: (nation.n_regionkey = region.r_regionkey)
                     Rows Removed by Join Filter: 20
                     ->  Index Scan using nation_pkey on nation  (cost=0.14..12.51 rows=25 width=8) (actual time=0.027..0.038 rows=25 loops=1)
                     ->  Materialize  (cost=0.00..1.07 rows=1 width=4) (actual time=0.001..0.001 rows=1 loops=25)
                           ->  Seq Scan on region  (cost=0.00..1.06 rows=1 width=4) (actual time=0.013..0.014 rows=1 loops=1)
                                 Filter: (r_name = 'AMERICA'::bpchar)
                                 Rows Removed by Filter: 4
               ->  Bitmap Heap Scan on supplier  (cost=41.53..394.02 rows=4000 width=8) (actual time=0.612..3.785 rows=4010 loops=5)
                     Recheck Cond: (s_nationkey = nation.n_nationkey)
                     Heap Blocks: exact=9388
                     ->  Bitmap Index Scan on idx_supplier_nation_key  (cost=0.00..40.53 rows=4000 width=0) (actual time=0.365..0.365 rows=4010 loops=5)
                           Index Cond: (s_nationkey = nation.n_nationkey)
         ->  Index Scan using idx_partsupp_suppkey on partsupp  (cost=0.43..9.09 rows=81 width=14) (actual time=0.003..0.059 rows=80 loops=20051)
               Index Cond: (ps_suppkey = supplier.s_suppkey)
 Settings: effective_io_concurrency = '64', jit = 'off', maintenance_io_concurrency = '64', max_parallel_workers_per_gather = '0', work_mem = '256MB'
 Planning Time: 1.162 ms
 Execution Time: 2403.736 ms
(23 rows)

SELECT 1182884
CREATE INDEX
ANALYZE
                                                                             QUERY PLAN                                                                             
--------------------------------------------------------------------------------------------------------------------------------------------------------------------
 Limit  (cost=504121.74..504121.74 rows=1 width=193) (actual time=2364.661..2364.676 rows=100 loops=1)
   ->  Sort  (cost=504121.74..504121.74 rows=1 width=193) (actual time=2364.660..2364.669 rows=100 loops=1)
         Sort Key: supplier.s_acctbal DESC, nation.n_name, supplier.s_name, part.p_partkey
         Sort Method: top-N heapsort  Memory: 70kB
         ->  Hash Join  (cost=265902.92..504121.73 rows=1 width=193) (actual time=1756.742..2362.734 rows=4737 loops=1)
               Hash Cond: ((part.p_partkey = partsupp.ps_partkey) AND ((SubPlan 1) = partsupp.ps_supplycost))
               ->  Seq Scan on part  (cost=0.00..70961.61 rows=7577 width=30) (actual time=0.012..388.611 rows=8046 loops=1)
                     Filter: (((p_type)::text ~~ '%NICKEL'::text) AND (p_size = 16))
                     Rows Removed by Filter: 1991954
               ->  Hash  (cost=202838.47..202838.47 rows=1600030 width=173) (actual time=1754.084..1754.088 rows=1604080 loops=1)
                     Buckets: 2097152  Batches: 2  Memory Usage: 180174kB
                     ->  Nested Loop  (cost=2.00..202838.47 rows=1600030 width=173) (actual time=0.040..1112.168 rows=1604080 loops=1)
                           ->  Nested Loop  (cost=1.56..4775.62 rows=20000 width=167) (actual time=0.031..47.703 rows=20051 loops=1)
                                 Join Filter: (nation.n_regionkey = region.r_regionkey)
                                 Rows Removed by Join Filter: 79949
                                 ->  Seq Scan on region  (cost=0.00..1.06 rows=1 width=4) (actual time=0.004..0.007 rows=1 loops=1)
                                       Filter: (r_name = 'AMERICA'::bpchar)
                                       Rows Removed by Filter: 4
                                 ->  Hash Join  (cost=1.56..3524.56 rows=100000 width=171) (actual time=0.024..40.317 rows=100000 loops=1)
                                       Hash Cond: (supplier.s_nationkey = nation.n_nationkey)
                                       ->  Seq Scan on supplier  (cost=0.00..3216.00 rows=100000 width=145) (actual time=0.002..7.803 rows=100000 loops=1)
                                       ->  Hash  (cost=1.25..1.25 rows=25 width=34) (actual time=0.014..0.014 rows=25 loops=1)
                                             Buckets: 1024  Batches: 1  Memory Usage: 10kB
                                             ->  Seq Scan on nation  (cost=0.00..1.25 rows=25 width=34) (actual time=0.003..0.007 rows=25 loops=1)
                           ->  Index Scan using idx_partsupp_suppkey on partsupp  (cost=0.43..9.09 rows=81 width=14) (actual time=0.002..0.044 rows=80 loops=20051)
                                 Index Cond: (ps_suppkey = supplier.s_suppkey)
               SubPlan 1
                 ->  Index Scan using tmp_supplycost_idx on tmp_supplycost  (cost=0.43..8.45 rows=1 width=6) (actual time=0.004..0.004 rows=1 loops=12783)
                       Index Cond: (ps_partkey = part.p_partkey)
 Settings: effective_io_concurrency = '64', jit = 'off', maintenance_io_concurrency = '64', max_parallel_workers_per_gather = '0', work_mem = '256MB'
 Planning Time: 1.145 ms
 Execution Time: 2367.179 ms
(32 rows)

DROP TABLE
                                                                                        QUERY PLAN                                                                                         
-------------------------------------------------------------------------------------------------------------------------------------------------------------------------------------------
 Limit  (cost=1603977.71..1603977.72 rows=1 width=193) (actual time=3934.264..3934.288 rows=100 loops=1)
   ->  Sort  (cost=1603977.71..1603977.72 rows=1 width=193) (actual time=3934.262..3934.273 rows=100 loops=1)
         Sort Key: supplier.s_acctbal DESC, nation.n_name, supplier.s_name, part.p_partkey
         Sort Method: top-N heapsort  Memory: 71kB
         ->  Merge Join  (cost=504443.33..1603977.70 rows=1 width=193) (actual time=2635.985..3932.013 rows=4737 loops=1)
               Merge Cond: (part.p_partkey = partsupp.ps_partkey)
               Join Filter: (partsupp.ps_supplycost = (SubPlan 1))
               Rows Removed by Join Filter: 1661
               ->  Index Scan using part_pkey on part  (cost=0.43..102912.91 rows=7577 width=30) (actual time=0.024..593.841 rows=8046 loops=1)
                     Filter: (((p_type)::text ~~ '%NICKEL'::text) AND (p_size = 16))
                     Rows Removed by Filter: 1991954
               ->  Materialize  (cost=504442.90..512443.05 rows=1600030 width=173) (actual time=2635.829..3029.180 rows=1603828 loops=1)
                     ->  Sort  (cost=504442.90..508442.98 rows=1600030 width=173) (actual time=2635.822..2866.578 rows=1603828 loops=1)
                           Sort Key: partsupp.ps_partkey
                           Sort Method: external merge  Disk: 293448kB
                           ->  Nested Loop  (cost=2.00..202838.47 rows=1600030 width=173) (actual time=0.088..1302.145 rows=1604080 loops=1)
                                 ->  Nested Loop  (cost=1.56..4775.62 rows=20000 width=167) (actual time=0.065..55.251 rows=20051 loops=1)
                                       Join Filter: (nation.n_regionkey = region.r_regionkey)
                                       Rows Removed by Join Filter: 79949
                                       ->  Seq Scan on region  (cost=0.00..1.06 rows=1 width=4) (actual time=0.007..0.010 rows=1 loops=1)
                                             Filter: (r_name = 'AMERICA'::bpchar)
                                             Rows Removed by Filter: 4
                                       ->  Hash Join  (cost=1.56..3524.56 rows=100000 width=171) (actual time=0.056..48.139 rows=100000 loops=1)
                                             Hash Cond: (supplier.s_nationkey = nation.n_nationkey)
                                             ->  Seq Scan on supplier  (cost=0.00..3216.00 rows=100000 width=145) (actual time=0.011..8.724 rows=100000 loops=1)
                                             ->  Hash  (cost=1.25..1.25 rows=25 width=34) (actual time=0.030..0.031 rows=25 loops=1)
                                                   Buckets: 1024  Batches: 1  Memory Usage: 10kB
                                                   ->  Seq Scan on nation  (cost=0.00..1.25 rows=25 width=34) (actual time=0.016..0.021 rows=25 loops=1)
                                 ->  Index Scan using idx_partsupp_suppkey on partsupp  (cost=0.43..9.09 rows=81 width=14) (actual time=0.003..0.051 rows=80 loops=20051)
                                       Index Cond: (ps_suppkey = supplier.s_suppkey)
               SubPlan 1
                 ->  Aggregate  (cost=162.40..162.41 rows=1 width=32) (actual time=0.020..0.020 rows=1 loops=6398)
                       ->  Nested Loop  (cost=0.86..162.39 rows=4 width=6) (actual time=0.012..0.019 rows=2 loops=6398)
                             Join Filter: (nation_1.n_regionkey = region_1.r_regionkey)
                             Rows Removed by Join Filter: 2
                             ->  Seq Scan on region region_1  (cost=0.00..1.06 rows=1 width=4) (actual time=0.001..0.001 rows=1 loops=6398)
                                   Filter: (r_name = 'AMERICA'::bpchar)
                                   Rows Removed by Filter: 4
                             ->  Nested Loop  (cost=0.86..161.10 rows=18 width=10) (actual time=0.007..0.017 rows=4 loops=6398)
                                   ->  Nested Loop  (cost=0.72..158.33 rows=18 width=10) (actual time=0.006..0.013 rows=4 loops=6398)
                                         ->  Index Scan using idx_partsupp_partkey on partsupp partsupp_1  (cost=0.43..8.75 rows=18 width=10) (actual time=0.003..0.004 rows=4 loops=6398)
                                               Index Cond: (ps_partkey = part.p_partkey)
                                         ->  Index Scan using supplier_pkey on supplier supplier_1  (cost=0.29..8.31 rows=1 width=8) (actual time=0.002..0.002 rows=1 loops=25592)
                                               Index Cond: (s_suppkey = partsupp_1.ps_suppkey)
                                   ->  Index Scan using nation_pkey on nation nation_1  (cost=0.14..0.16 rows=1 width=8) (actual time=0.001..0.001 rows=1 loops=25592)
                                         Index Cond: (n_nationkey = supplier_1.s_nationkey)
 Settings: effective_io_concurrency = '64', jit = 'off', maintenance_io_concurrency = '64', max_parallel_workers_per_gather = '0', work_mem = '256MB'
 Planning Time: 2.641 ms
 Execution Time: 3974.669 ms
(49 rows)

                                                                                     QUERY PLAN                                                                                      
-------------------------------------------------------------------------------------------------------------------------------------------------------------------------------------
 Limit  (cost=2957258.17..2957258.20 rows=10 width=44) (actual time=16727.935..16727.951 rows=10 loops=1)
   ->  Sort  (cost=2957258.17..2965116.22 rows=3143217 width=44) (actual time=16727.933..16727.938 rows=10 loops=1)
         Sort Key: (sum((lineitem.l_extendedprice * ('1'::numeric - lineitem.l_discount)))) DESC, orders.o_orderdate
         Sort Method: top-N heapsort  Memory: 26kB
         ->  HashAggregate  (cost=2813209.60..2889334.39 rows=3143217 width=44) (actual time=16649.944..16708.600 rows=113934 loops=1)
               Group Key: lineitem.l_orderkey, orders.o_orderdate, orders.o_shippriority
               Planned Partitions: 4  Batches: 1  Memory Usage: 73745kB
               ->  Hash Join  (cost=528227.18..2555858.71 rows=3143217 width=24) (actual time=3928.287..16427.195 rows=301530 loops=1)
                     Hash Cond: (lineitem.l_orderkey = orders.o_orderkey)
                     ->  Seq Scan on lineitem  (cost=0.00..1874351.45 rows=32492775 width=16) (actual time=0.078..8998.713 rows=32534229 loops=1)
                           Filter: (l_shipdate > '1995-03-07'::date)
                           Rows Removed by Filter: 27451823
                     ->  Hash  (cost=510091.02..510091.02 rows=1450893 width=12) (actual time=3919.838..3919.840 rows=1451805 loops=1)
                           Buckets: 2097152  Batches: 1  Memory Usage: 78767kB
                           ->  Hash Join  (cost=139400.40..510091.02 rows=1450893 width=12) (actual time=763.673..3600.471 rows=1451805 loops=1)
                                 Hash Cond: (orders.o_custkey = customer.c_custkey)
                                 ->  Bitmap Heap Scan on orders  (cost=81074.61..432712.70 rows=7258087 width=16) (actual time=434.556..1784.977 rows=7239437 loops=1)
                                       Recheck Cond: (o_orderdate < '1995-03-07'::date)
                                       Heap Blocks: exact=260912
                                       ->  Bitmap Index Scan on idx_orders_orderdate  (cost=0.00..79260.09 rows=7258087 width=0) (actual time=373.330..373.330 rows=7239437 loops=1)
                                             Index Cond: (o_orderdate < '1995-03-07'::date)
                                 ->  Hash  (cost=54577.55..54577.55 rows=299859 width=4) (actual time=327.044..327.045 rows=300276 loops=1)
                                       Buckets: 524288  Batches: 1  Memory Usage: 14653kB
                                       ->  Seq Scan on customer  (cost=0.00..54577.55 rows=299859 width=4) (actual time=0.025..269.655 rows=300276 loops=1)
                                             Filter: (c_mktsegment = 'BUILDING'::bpchar)
                                             Rows Removed by Filter: 1199724
 Settings: effective_io_concurrency = '64', jit = 'off', maintenance_io_concurrency = '64', max_parallel_workers_per_gather = '0', work_mem = '256MB'
 Planning Time: 1.648 ms
 Execution Time: 16743.858 ms
(29 rows)

                                                                             QUERY PLAN                                                                             
--------------------------------------------------------------------------------------------------------------------------------------------------------------------
 Limit  (cost=2586621.78..2586621.78 rows=1 width=24) (actual time=19440.628..19440.640 rows=1 loops=1)
   ->  Sort  (cost=2586621.78..2586621.79 rows=5 width=24) (actual time=19440.627..19440.630 rows=1 loops=1)
         Sort Key: orders.o_orderpriority
         Sort Method: top-N heapsort  Memory: 25kB
         ->  HashAggregate  (cost=2586621.71..2586621.76 rows=5 width=24) (actual time=19440.592..19440.596 rows=5 loops=1)
               Group Key: orders.o_orderpriority
               Batches: 1  Memory Usage: 24kB
               ->  Hash Semi Join  (cost=2210205.77..2583765.86 rows=571170 width=16) (actual time=15555.865..19343.690 rows=513822 loops=1)
                     Hash Cond: (orders.o_orderkey = lineitem.l_orderkey)
                     ->  Bitmap Heap Scan on orders  (cost=7811.83..277292.70 rows=571258 width=20) (actual time=144.304..527.289 rows=560424 loops=1)
                           Recheck Cond: ((o_orderdate >= '1993-12-01'::date) AND (o_orderdate < '1994-03-01'::date))
                           Heap Blocks: exact=231732
                           ->  Bitmap Index Scan on idx_orders_orderdate  (cost=0.00..7669.02 rows=571258 width=0) (actual time=81.025..81.026 rows=560424 loops=1)
                                 Index Cond: ((o_orderdate >= '1993-12-01'::date) AND (o_orderdate < '1994-03-01'::date))
                     ->  Hash  (cost=1874351.45..1874351.45 rows=19994919 width=4) (actual time=15381.291..15381.292 rows=37929348 loops=1)
                           Buckets: 8388608  Batches: 8  Memory Usage: 232058kB
                           ->  Seq Scan on lineitem  (cost=0.00..1874351.45 rows=19994919 width=4) (actual time=0.070..10426.598 rows=37929348 loops=1)
                                 Filter: (l_commitdate < l_receiptdate)
                                 Rows Removed by Filter: 22056704
 Settings: effective_io_concurrency = '64', jit = 'off', maintenance_io_concurrency = '64', max_parallel_workers_per_gather = '0', work_mem = '256MB'
 Planning Time: 1.109 ms
 Execution Time: 19445.166 ms
(22 rows)

                                                                                           QUERY PLAN                                                                                            
-------------------------------------------------------------------------------------------------------------------------------------------------------------------------------------------------
 Limit  (cost=2398605.70..2398605.70 rows=1 width=58) (actual time=15587.025..15587.041 rows=1 loops=1)
   ->  Sort  (cost=2398605.70..2398605.76 rows=25 width=58) (actual time=15587.024..15587.031 rows=1 loops=1)
         Sort Key: (sum((lineitem.l_extendedprice * ('1'::numeric - lineitem.l_discount)))) DESC
         Sort Method: top-N heapsort  Memory: 25kB
         ->  GroupAggregate  (cost=2397680.71..2398605.57 rows=25 width=58) (actual time=15561.817..15587.002 rows=5 loops=1)
               Group Key: nation.n_name
               ->  Sort  (cost=2397680.71..2397865.62 rows=73964 width=38) (actual time=15555.582..15558.695 rows=72033 loops=1)
                     Sort Key: nation.n_name
                     Sort Method: quicksort  Memory: 8700kB
                     ->  Hash Join  (cost=414172.38..2391699.04 rows=73964 width=38) (actual time=2075.825..15529.685 rows=72033 loops=1)
                           Hash Cond: ((lineitem.l_suppkey = supplier.s_suppkey) AND (customer.c_nationkey = supplier.s_nationkey))
                           ->  Hash Join  (cost=409456.38..2377276.80 rows=1848805 width=50) (actual time=2031.974..15069.036 rows=1815327 loops=1)
                                 Hash Cond: (lineitem.l_orderkey = orders.o_orderkey)
                                 ->  Seq Scan on lineitem  (cost=0.00..1724389.56 rows=59984756 width=20) (actual time=0.060..5162.187 rows=59986052 loops=1)
                                 ->  Hash  (cost=403677.98..403677.98 rows=462272 width=38) (actual time=2029.697..2029.703 rows=453399 loops=1)
                                       Buckets: 524288  Batches: 1  Memory Usage: 35976kB
                                       ->  Hash Join  (cost=94805.21..403677.98 rows=462272 width=38) (actual time=628.473..1920.570 rows=453399 loops=1)
                                             Hash Cond: (orders.o_custkey = customer.c_custkey)
                                             ->  Bitmap Heap Scan on orders  (cost=31599.90..327182.33 rows=2311362 width=8) (actual time=219.319..981.198 rows=2276638 loops=1)
                                                   Recheck Cond: ((o_orderdate >= '1993-01-01'::date) AND (o_orderdate < '1994-01-01'::date))
                                                   Heap Blocks: exact=260897
                                                   ->  Bitmap Index Scan on idx_orders_orderdate  (cost=0.00..31022.06 rows=2311362 width=0) (actual time=157.671..157.671 rows=2276638 loops=1)
                                                         Index Cond: ((o_orderdate >= '1993-01-01'::date) AND (o_orderdate < '1994-01-01'::date))
                                             ->  Hash  (cost=59455.20..59455.20 rows=300009 width=38) (actual time=407.231..407.234 rows=299436 loops=1)
                                                   Buckets: 524288  Batches: 1  Memory Usage: 25151kB
                                                   ->  Hash Join  (cost=2.51..59455.20 rows=300009 width=38) (actual time=0.083..341.655 rows=299436 loops=1)
                                                         Hash Cond: (customer.c_nationkey = nation.n_nationkey)
                                                         ->  Seq Scan on customer  (cost=0.00..50827.44 rows=1500044 width=8) (actual time=0.017..110.716 rows=1500000 loops=1)
                                                         ->  Hash  (cost=2.45..2.45 rows=5 width=30) (actual time=0.052..0.054 rows=5 loops=1)
                                                               Buckets: 1024  Batches: 1  Memory Usage: 9kB
                                                               ->  Hash Join  (cost=1.07..2.45 rows=5 width=30) (actual time=0.043..0.050 rows=5 loops=1)
                                                                     Hash Cond: (nation.n_regionkey = region.r_regionkey)
                                                                     ->  Seq Scan on nation  (cost=0.00..1.25 rows=25 width=34) (actual time=0.006..0.007 rows=25 loops=1)
                                                                     ->  Hash  (cost=1.06..1.06 rows=1 width=4) (actual time=0.019..0.020 rows=1 loops=1)
                                                                           Buckets: 1024  Batches: 1  Memory Usage: 9kB
                                                                           ->  Seq Scan on region  (cost=0.00..1.06 rows=1 width=4) (actual time=0.012..0.014 rows=1 loops=1)
                                                                                 Filter: (r_name = 'AMERICA'::bpchar)
                                                                                 Rows Removed by Filter: 4
                           ->  Hash  (cost=3216.00..3216.00 rows=100000 width=8) (actual time=42.768..42.768 rows=100000 loops=1)
                                 Buckets: 131072  Batches: 1  Memory Usage: 4931kB
                                 ->  Seq Scan on supplier  (cost=0.00..3216.00 rows=100000 width=8) (actual time=0.015..25.362 rows=100000 loops=1)
 Settings: effective_io_concurrency = '64', jit = 'off', maintenance_io_concurrency = '64', max_parallel_workers_per_gather = '0', work_mem = '256MB'
 Planning Time: 4.289 ms
 Execution Time: 15588.747 ms
(44 rows)

                                                                                          QUERY PLAN                                                                                           
-----------------------------------------------------------------------------------------------------------------------------------------------------------------------------------------------
 Limit  (cost=1508147.11..1508147.12 rows=1 width=32) (actual time=2644.790..2644.799 rows=1 loops=1)
   ->  Aggregate  (cost=1508147.11..1508147.12 rows=1 width=32) (actual time=2644.788..2644.789 rows=1 loops=1)
         ->  Bitmap Heap Scan on lineitem  (cost=304440.67..1502187.34 rows=1191952 width=12) (actual time=1197.065..2276.851 rows=1194558 loops=1)
               Recheck Cond: ((l_shipdate >= '1993-01-01'::date) AND (l_shipdate < '1994-01-01'::date) AND (l_discount >= 0.06) AND (l_discount <= 0.08) AND (l_quantity < '25'::numeric))
               Heap Blocks: exact=662932
               ->  Bitmap Index Scan on idx_lineitem_shipdate  (cost=0.00..304142.68 rows=1191952 width=0) (actual time=1017.785..1017.786 rows=1194558 loops=1)
                     Index Cond: ((l_shipdate >= '1993-01-01'::date) AND (l_shipdate < '1994-01-01'::date) AND (l_discount >= 0.06) AND (l_discount <= 0.08) AND (l_quantity < '25'::numeric))
 Settings: effective_io_concurrency = '64', jit = 'off', maintenance_io_concurrency = '64', max_parallel_workers_per_gather = '0', work_mem = '256MB'
 Planning Time: 0.607 ms
 Execution Time: 2647.645 ms
(10 rows)

                                                                                     QUERY PLAN                                                                                      
-------------------------------------------------------------------------------------------------------------------------------------------------------------------------------------
 Limit  (cost=2512564.19..2512564.31 rows=1 width=116) (actual time=18490.340..18490.356 rows=1 loops=1)
   ->  GroupAggregate  (cost=2512564.19..2513771.94 rows=10036 width=116) (actual time=18490.338..18490.346 rows=1 loops=1)
         Group Key: n1.n_name, n2.n_name, (EXTRACT(year FROM lineitem.l_shipdate))
         ->  Sort  (cost=2512564.19..2512715.22 rows=60412 width=96) (actual time=18482.213..18482.857 rows=14421 loops=1)
               Sort Key: n1.n_name, n2.n_name, (EXTRACT(year FROM lineitem.l_shipdate))
               Sort Method: quicksort  Memory: 9664kB
               ->  Hash Join  (cost=1020559.06..2507766.71 rows=60412 width=96) (actual time=8323.125..18447.985 rows=57794 loops=1)
                     Hash Cond: (lineitem.l_suppkey = supplier.s_suppkey)
                     Join Filter: (((n1.n_name = 'PERU'::bpchar) AND (n2.n_name = 'MOROCCO'::bpchar)) OR ((n1.n_name = 'MOROCCO'::bpchar) AND (n2.n_name = 'PERU'::bpchar)))
                     Rows Removed by Join Filter: 58158
                     ->  Hash Join  (cost=1016934.66..2496224.94 rows=1451655 width=46) (actual time=8287.276..18107.919 rows=1448126 loops=1)
                           Hash Cond: (lineitem.l_orderkey = orders.o_orderkey)
                           ->  Bitmap Heap Scan on lineitem  (cost=465861.91..1862589.29 rows=18145692 width=24) (actual time=2740.590..10014.954 rows=18230325 loops=1)
                                 Recheck Cond: ((l_shipdate >= '1995-01-01'::date) AND (l_shipdate <= '1996-12-31'::date))
                                 Heap Blocks: exact=1119491
                                 ->  Bitmap Index Scan on idx_lineitem_shipdate  (cost=0.00..461325.49 rows=18145692 width=0) (actual time=2404.187..2404.187 rows=18230325 loops=1)
                                       Index Cond: ((l_shipdate >= '1995-01-01'::date) AND (l_shipdate <= '1996-12-31'::date))
                           ->  Hash  (cost=536074.25..536074.25 rows=1199880 width=30) (actual time=5539.134..5539.137 rows=1191175 loops=1)
                                 Buckets: 2097152  Batches: 1  Memory Usage: 88506kB
                                 ->  Hash Join  (cost=56934.03..536074.25 rows=1199880 width=30) (actual time=458.723..5239.561 rows=1191175 loops=1)
                                       Hash Cond: (orders.o_custkey = customer.c_custkey)
                                       ->  Seq Scan on orders  (cost=0.00..410897.00 rows=14998500 width=8) (actual time=0.019..2218.198 rows=15000000 loops=1)
                                       ->  Hash  (cost=55433.98..55433.98 rows=120004 width=30) (actual time=458.215..458.218 rows=119622 loops=1)
                                             Buckets: 131072  Batches: 1  Memory Usage: 8267kB
                                             ->  Hash Join  (cost=1.40..55433.98 rows=120004 width=30) (actual time=0.049..431.740 rows=119622 loops=1)
                                                   Hash Cond: (customer.c_nationkey = n2.n_nationkey)
                                                   ->  Seq Scan on customer  (cost=0.00..50827.44 rows=1500044 width=8) (actual time=0.011..283.554 rows=1500000 loops=1)
                                                   ->  Hash  (cost=1.38..1.38 rows=2 width=30) (actual time=0.022..0.023 rows=2 loops=1)
                                                         Buckets: 1024  Batches: 1  Memory Usage: 9kB
                                                         ->  Seq Scan on nation n2  (cost=0.00..1.38 rows=2 width=30) (actual time=0.014..0.018 rows=2 loops=1)
                                                               Filter: ((n_name = 'MOROCCO'::bpchar) OR (n_name = 'PERU'::bpchar))
                                                               Rows Removed by Filter: 23
                     ->  Hash  (cost=3524.40..3524.40 rows=8000 width=30) (actual time=35.535..35.537 rows=7981 loops=1)
                           Buckets: 8192  Batches: 1  Memory Usage: 548kB
                           ->  Hash Join  (cost=1.40..3524.40 rows=8000 width=30) (actual time=0.063..33.973 rows=7981 loops=1)
                                 Hash Cond: (supplier.s_nationkey = n1.n_nationkey)
                                 ->  Seq Scan on supplier  (cost=0.00..3216.00 rows=100000 width=8) (actual time=0.026..23.140 rows=100000 loops=1)
                                 ->  Hash  (cost=1.38..1.38 rows=2 width=30) (actual time=0.023..0.024 rows=2 loops=1)
                                       Buckets: 1024  Batches: 1  Memory Usage: 9kB
                                       ->  Seq Scan on nation n1  (cost=0.00..1.38 rows=2 width=30) (actual time=0.016..0.019 rows=2 loops=1)
                                             Filter: ((n_name = 'PERU'::bpchar) OR (n_name = 'MOROCCO'::bpchar))
                                             Rows Removed by Filter: 23
 Settings: effective_io_concurrency = '64', jit = 'off', maintenance_io_concurrency = '64', max_parallel_workers_per_gather = '0', work_mem = '256MB'
 Planning Time: 3.359 ms
 Execution Time: 18494.685 ms
(45 rows)

                                                                                           QUERY PLAN                                                                                            
-------------------------------------------------------------------------------------------------------------------------------------------------------------------------------------------------
 Limit  (cost=2063029.48..2063029.73 rows=1 width=64) (actual time=4026.441..4026.458 rows=1 loops=1)
   ->  GroupAggregate  (cost=2063029.48..2063623.00 rows=2406 width=64) (actual time=4026.440..4026.448 rows=1 loops=1)
         Group Key: (EXTRACT(year FROM orders.o_orderdate))
         ->  Sort  (cost=2063029.48..2063090.08 rows=24240 width=70) (actual time=4020.232..4020.718 rows=11818 loops=1)
               Sort Key: (EXTRACT(year FROM orders.o_orderdate))
               Sort Method: quicksort  Memory: 2631kB
               ->  Nested Loop  (cost=497123.64..2061264.19 rows=24240 width=70) (actual time=3009.906..4012.410 rows=23842 loops=1)
                     ->  Hash Join  (cost=497123.49..2060556.86 rows=24240 width=20) (actual time=3009.886..3998.117 rows=23842 loops=1)
                           Hash Cond: (lineitem.l_suppkey = supplier.s_suppkey)
                           ->  Hash Join  (cost=492657.49..2056027.23 rows=24240 width=20) (actual time=2971.298..3950.002 rows=23842 loops=1)
                                 Hash Cond: (lineitem.l_orderkey = orders.o_orderkey)
                                 ->  Nested Loop  (cost=0.44..1561634.47 rows=398214 width=20) (actual time=0.086..875.525 rows=389521 loops=1)
                                       ->  Seq Scan on part  (cost=0.00..65961.68 rows=13277 width=4) (actual time=0.053..271.373 rows=13011 loops=1)
                                             Filter: ((p_type)::text = 'LARGE POLISHED BRASS'::text)
                                             Rows Removed by Filter: 1986989
                                       ->  Index Scan using idx_lineitem_part_supp on lineitem  (cost=0.44..112.33 rows=32 width=24) (actual time=0.003..0.043 rows=30 loops=13011)
                                             Index Cond: (l_partkey = part.p_partkey)
                                 ->  Hash  (cost=481244.57..481244.57 rows=912999 width=8) (actual time=2966.875..2966.880 rows=910360 loops=1)
                                       Buckets: 1048576  Batches: 1  Memory Usage: 43753kB
                                       ->  Hash Join  (cost=125608.94..481244.57 rows=912999 width=8) (actual time=753.659..2780.751 rows=910360 loops=1)
                                             Hash Cond: (orders.o_custkey = customer.c_custkey)
                                             ->  Bitmap Heap Scan on orders  (cost=62403.62..391790.53 rows=4564994 width=12) (actual time=317.217..1384.321 rows=4557513 loops=1)
                                                   Recheck Cond: ((o_orderdate >= '1995-01-01'::date) AND (o_orderdate <= '1996-12-31'::date))
                                                   Heap Blocks: exact=260912
                                                   ->  Bitmap Index Scan on idx_orders_orderdate  (cost=0.00..61262.38 rows=4564994 width=0) (actual time=255.158..255.159 rows=4557513 loops=1)
                                                         Index Cond: ((o_orderdate >= '1995-01-01'::date) AND (o_orderdate <= '1996-12-31'::date))
                                             ->  Hash  (cost=59455.20..59455.20 rows=300009 width=4) (actual time=434.384..434.387 rows=299436 loops=1)
                                                   Buckets: 524288  Batches: 1  Memory Usage: 14624kB
                                                   ->  Hash Join  (cost=2.51..59455.20 rows=300009 width=4) (actual time=0.067..380.995 rows=299436 loops=1)
                                                         Hash Cond: (customer.c_nationkey = n1.n_nationkey)
                                                         ->  Seq Scan on customer  (cost=0.00..50827.44 rows=1500044 width=8) (actual time=0.007..106.266 rows=1500000 loops=1)
                                                         ->  Hash  (cost=2.45..2.45 rows=5 width=4) (actual time=0.045..0.047 rows=5 loops=1)
                                                               Buckets: 1024  Batches: 1  Memory Usage: 9kB
                                                               ->  Hash Join  (cost=1.07..2.45 rows=5 width=4) (actual time=0.034..0.041 rows=5 loops=1)
                                                                     Hash Cond: (n1.n_regionkey = region.r_regionkey)
                                                                     ->  Seq Scan on nation n1  (cost=0.00..1.25 rows=25 width=8) (actual time=0.006..0.007 rows=25 loops=1)
                                                                     ->  Hash  (cost=1.06..1.06 rows=1 width=4) (actual time=0.011..0.012 rows=1 loops=1)
                                                                           Buckets: 1024  Batches: 1  Memory Usage: 9kB
                                                                           ->  Seq Scan on region  (cost=0.00..1.06 rows=1 width=4) (actual time=0.006..0.008 rows=1 loops=1)
                                                                                 Filter: (r_name = 'AMERICA'::bpchar)
                                                                                 Rows Removed by Filter: 4
                           ->  Hash  (cost=3216.00..3216.00 rows=100000 width=8) (actual time=38.019..38.020 rows=100000 loops=1)
                                 Buckets: 131072  Batches: 1  Memory Usage: 4931kB
                                 ->  Seq Scan on supplier  (cost=0.00..3216.00 rows=100000 width=8) (actual time=0.008..22.602 rows=100000 loops=1)
                     ->  Memoize  (cost=0.15..2.17 rows=1 width=30) (actual time=0.000..0.000 rows=1 loops=23842)
                           Cache Key: supplier.s_nationkey
                           Hits: 23817  Misses: 25  Evictions: 0  Overflows: 0  Memory Usage: 4kB
                           ->  Index Scan using nation_pkey on nation n2  (cost=0.14..2.16 rows=1 width=30) (actual time=0.002..0.002 rows=1 loops=25)
                                 Index Cond: (n_nationkey = supplier.s_nationkey)
 Settings: effective_io_concurrency = '64', jit = 'off', maintenance_io_concurrency = '64', max_parallel_workers_per_gather = '0', work_mem = '256MB'
 Planning Time: 4.952 ms
 Execution Time: 4028.496 ms
(52 rows)

                                                                                   QUERY PLAN                                                                                    
---------------------------------------------------------------------------------------------------------------------------------------------------------------------------------
 Limit  (cost=1798617.73..1798617.76 rows=1 width=90) (actual time=38871.561..38871.576 rows=1 loops=1)
   ->  GroupAggregate  (cost=1798617.73..1798620.49 rows=79 width=90) (actual time=38871.560..38871.565 rows=1 loops=1)
         Group Key: nation.n_name, (EXTRACT(year FROM orders.o_orderdate))
         ->  Sort  (cost=1798617.73..1798617.93 rows=79 width=81) (actual time=38859.728..38863.226 rows=11401 loops=1)
               Sort Key: nation.n_name, (EXTRACT(year FROM orders.o_orderdate)) DESC
               Sort Method: external merge  Disk: 211200kB
               ->  Nested Loop  (cost=66720.40..1798615.24 rows=79 width=81) (actual time=637.639..35103.670 rows=3248192 loops=1)
                     Join Filter: (supplier.s_nationkey = nation.n_nationkey)
                     Rows Removed by Join Filter: 39009119
                     ->  Nested Loop  (cost=66720.40..1798585.14 rows=79 width=31) (actual time=637.608..29872.597 rows=3248192 loops=1)
                           ->  Nested Loop  (cost=66719.97..1798118.83 rows=79 width=31) (actual time=637.574..17774.516 rows=3248192 loops=1)
                                 ->  Nested Loop  (cost=66719.68..1797669.91 rows=79 width=35) (actual time=637.558..12923.537 rows=3248192 loops=1)
                                       ->  Hash Join  (cost=66719.24..342107.18 rows=242428 width=18) (actual time=637.524..2894.317 rows=433248 loops=1)
                                             Hash Cond: (partsupp.ps_partkey = part.p_partkey)
                                             ->  Seq Scan on partsupp  (cost=0.00..254387.50 rows=8000150 width=14) (actual time=0.019..1164.607 rows=8000000 loops=1)
                                             ->  Hash  (cost=65961.68..65961.68 rows=60605 width=4) (actual time=637.188..637.189 rows=108312 loops=1)
                                                   Buckets: 131072 (originally 65536)  Batches: 1 (originally 1)  Memory Usage: 4832kB
                                                   ->  Seq Scan on part  (cost=0.00..65961.68 rows=60605 width=4) (actual time=0.030..613.342 rows=108312 loops=1)
                                                         Filter: ((p_name)::text ~~ '%navy%'::text)
                                                         Rows Removed by Filter: 1891688
                                       ->  Index Scan using idx_lineitem_part_supp on lineitem  (cost=0.44..5.99 rows=1 width=29) (actual time=0.005..0.022 rows=7 loops=433248)
                                             Index Cond: ((l_partkey = partsupp.ps_partkey) AND (l_suppkey = partsupp.ps_suppkey))
                                 ->  Index Scan using supplier_pkey on supplier  (cost=0.29..5.68 rows=1 width=8) (actual time=0.001..0.001 rows=1 loops=3248192)
                                       Index Cond: (s_suppkey = lineitem.l_suppkey)
                           ->  Index Scan using orders_pkey on orders  (cost=0.43..5.90 rows=1 width=8) (actual time=0.003..0.003 rows=1 loops=3248192)
                                 Index Cond: (o_orderkey = lineitem.l_orderkey)
                     ->  Materialize  (cost=0.00..1.38 rows=25 width=30) (actual time=0.000..0.000 rows=13 loops=3248192)
                           ->  Seq Scan on nation  (cost=0.00..1.25 rows=25 width=30) (actual time=0.014..0.018 rows=25 loops=1)
 Settings: effective_io_concurrency = '64', jit = 'off', maintenance_io_concurrency = '64', max_parallel_workers_per_gather = '0', work_mem = '256MB'
 Planning Time: 7.485 ms
 Execution Time: 38903.065 ms
(31 rows)

