===== 10.sql jit= =====
                                                                                      QUERY PLAN                                                                                      
--------------------------------------------------------------------------------------------------------------------------------------------------------------------------------------
 Limit  (cost=2383751.67..2383751.72 rows=20 width=201) (actual time=14952.991..14952.999 rows=20 loops=1)
   ->  Sort  (cost=2383751.67..2385201.22 rows=579821 width=201) (actual time=14952.990..14952.996 rows=20 loops=1)
         Sort Key: (sum((lineitem.l_extendedprice * ('1'::numeric - lineitem.l_discount)))) DESC
         Sort Method: top-N heapsort  Memory: 34kB
         ->  HashAggregate  (cost=2361075.07..2368322.84 rows=579821 width=201) (actual time=14566.724..14844.790 rows=381205 loops=1)
               Group Key: customer.c_custkey, nation.n_name
               Batches: 5  Memory Usage: 262193kB  Disk Usage: 3376kB
               ->  Nested Loop  (cost=386848.46..2353827.31 rows=579821 width=181) (actual time=1424.978..13641.360 rows=1145402 loops=1)
                     ->  Hash Join  (cost=386848.31..2339598.76 rows=579821 width=159) (actual time=1424.950..13222.626 rows=1145402 loops=1)
                           Hash Cond: (orders.o_custkey = customer.c_custkey)
                           ->  Hash Join  (cost=285044.31..2198381.73 rows=579821 width=16) (actual time=602.019..11681.854 rows=1145402 loops=1)
                                 Hash Cond: (lineitem.l_orderkey = orders.o_orderkey)
                                 ->  Seq Scan on lineitem  (cost=0.00..1874381.80 rows=14840230 width=16) (actual time=0.053..8994.154 rows=14808183 loops=1)
                                       Filter: (l_returnflag = 'R'::bpchar)
                                       Rows Removed by Filter: 45177869
                                 ->  Hash  (cost=277718.53..277718.53 rows=586063 width=8) (actual time=598.132..598.133 rows=573160 loops=1)
                                       Buckets: 1048576  Batches: 1  Memory Usage: 30582kB
                                       ->  Bitmap Heap Scan on orders  (cost=8015.58..277718.53 rows=586063 width=8) (actual time=114.744..490.687 rows=573160 loops=1)
                                             Recheck Cond: ((o_orderdate >= '1994-08-01'::date) AND (o_orderdate < '1994-11-01'::date))
                                             Heap Blocks: exact=233137
                                             ->  Bitmap Index Scan on idx_orders_orderdate  (cost=0.00..7869.07 rows=586063 width=0) (actual time=61.193..61.193 rows=573160 loops=1)
                                                   Index Cond: ((o_orderdate >= '1994-08-01'::date) AND (o_orderdate < '1994-11-01'::date))
                           ->  Hash  (cost=50827.00..50827.00 rows=1500000 width=147) (actual time=814.357..814.357 rows=1500000 loops=1)
                                 Buckets: 2097152  Batches: 2  Memory Usage: 150358kB
                                 ->  Seq Scan on customer  (cost=0.00..50827.00 rows=1500000 width=147) (actual time=0.033..319.585 rows=1500000 loops=1)
                     ->  Memoize  (cost=0.15..2.17 rows=1 width=30) (actual time=0.000..0.000 rows=1 loops=1145402)
                           Cache Key: customer.c_nationkey
                           Hits: 1145377  Misses: 25  Evictions: 0  Overflows: 0  Memory Usage: 4kB
                           ->  Index Scan using nation_pkey on nation  (cost=0.14..2.16 rows=1 width=30) (actual time=0.002..0.002 rows=1 loops=25)
                                 Index Cond: (n_nationkey = customer.c_nationkey)
 Settings: effective_io_concurrency = '64', jit = 'off', maintenance_io_concurrency = '64', max_parallel_workers_per_gather = '0', work_mem = '256MB'
 Planning Time: 2.146 ms
 Execution Time: 14968.128 ms
(33 rows)

===== 11.sql jit= =====
                                                                             QUERY PLAN                                                                              
---------------------------------------------------------------------------------------------------------------------------------------------------------------------
 Limit  (cost=94747.25..94747.25 rows=1 width=36) (actual time=1009.399..1009.405 rows=0 loops=1)
   InitPlan 1 (returns $2)
     ->  Aggregate  (cost=44306.95..44306.96 rows=1 width=32) (actual time=317.000..317.003 rows=1 loops=1)
           ->  Nested Loop  (cost=47.72..41906.95 rows=320000 width=10) (actual time=0.698..236.271 rows=320800 loops=1)
                 ->  Nested Loop  (cost=47.29..2404.57 rows=4000 width=4) (actual time=0.689..3.557 rows=4010 loops=1)
                       ->  Seq Scan on nation nation_1  (cost=0.00..1.31 rows=1 width=4) (actual time=0.008..0.011 rows=1 loops=1)
                             Filter: (n_name = 'SAUDI ARABIA'::bpchar)
                             Rows Removed by Filter: 24
                       ->  Bitmap Heap Scan on supplier supplier_1  (cost=47.29..2363.25 rows=4000 width=8) (actual time=0.678..3.093 rows=4010 loops=1)
                             Recheck Cond: (s_nationkey = nation_1.n_nationkey)
                             Heap Blocks: exact=1857
                             ->  Bitmap Index Scan on idx_supplier_nation_key  (cost=0.00..46.29 rows=4000 width=0) (actual time=0.434..0.434 rows=4010 loops=1)
                                   Index Cond: (s_nationkey = nation_1.n_nationkey)
                 ->  Index Scan using idx_partsupp_suppkey on partsupp partsupp_1  (cost=0.43..9.08 rows=80 width=14) (actual time=0.002..0.050 rows=80 loops=4010)
                       Index Cond: (ps_suppkey = supplier_1.s_suppkey)
   ->  Sort  (cost=50440.28..50706.95 rows=106667 width=36) (actual time=1009.397..1009.400 rows=0 loops=1)
         Sort Key: (sum((partsupp.ps_supplycost * (partsupp.ps_availqty)::numeric))) DESC
         Sort Method: quicksort  Memory: 25kB
         ->  HashAggregate  (cost=45106.95..49906.95 rows=106667 width=36) (actual time=1009.363..1009.366 rows=0 loops=1)
               Group Key: partsupp.ps_partkey
               Filter: (sum((partsupp.ps_supplycost * (partsupp.ps_availqty)::numeric)) > $2)
               Batches: 1  Memory Usage: 135185kB
               Rows Removed by Filter: 301833
               ->  Nested Loop  (cost=47.72..41906.95 rows=320000 width=14) (actual time=0.885..315.084 rows=320800 loops=1)
                     ->  Nested Loop  (cost=47.29..2404.57 rows=4000 width=4) (actual time=0.854..5.176 rows=4010 loops=1)
                           ->  Seq Scan on nation  (cost=0.00..1.31 rows=1 width=4) (actual time=0.025..0.029 rows=1 loops=1)
                                 Filter: (n_name = 'SAUDI ARABIA'::bpchar)
                                 Rows Removed by Filter: 24
                           ->  Bitmap Heap Scan on supplier  (cost=47.29..2363.25 rows=4000 width=8) (actual time=0.825..4.615 rows=4010 loops=1)
                                 Recheck Cond: (s_nationkey = nation.n_nationkey)
                                 Heap Blocks: exact=1857
                                 ->  Bitmap Index Scan on idx_supplier_nation_key  (cost=0.00..46.29 rows=4000 width=0) (actual time=0.466..0.467 rows=4010 loops=1)
                                       Index Cond: (s_nationkey = nation.n_nationkey)
                     ->  Index Scan using idx_partsupp_suppkey on partsupp  (cost=0.43..9.08 rows=80 width=18) (actual time=0.004..0.068 rows=80 loops=4010)
                           Index Cond: (ps_suppkey = supplier.s_suppkey)
 Settings: effective_io_concurrency = '64', jit = 'off', maintenance_io_concurrency = '64', max_parallel_workers_per_gather = '0', work_mem = '256MB'
 Planning Time: 1.670 ms
 Execution Time: 1023.402 ms
(38 rows)

===== 12.sql jit= =====
                                                                                                                    QUERY PLAN                                                                                                                     
---------------------------------------------------------------------------------------------------------------------------------------------------------------------------------------------------------------------------------------------------
 Limit  (cost=3030517.31..3031346.26 rows=1 width=27) (actual time=17058.143..17058.146 rows=1 loops=1)
   ->  GroupAggregate  (cost=3030517.31..3036319.94 rows=7 width=27) (actual time=17058.142..17058.144 rows=1 loops=1)
         Group Key: lineitem.l_shipmode
         ->  Sort  (cost=3030517.31..3031242.63 rows=290128 width=27) (actual time=17015.179..17021.810 rows=155572 loops=1)
               Sort Key: lineitem.l_shipmode
               Sort Method: quicksort  Memory: 36606kB
               ->  Hash Join  (cost=2477880.24..3004193.52 rows=290128 width=27) (actual time=13159.568..16954.007 rows=311258 loops=1)
                     Hash Cond: (orders.o_orderkey = lineitem.l_orderkey)
                     ->  Seq Scan on orders  (cost=0.00..410912.00 rows=15000000 width=20) (actual time=0.014..908.173 rows=15000000 loops=1)
                     ->  Hash  (cost=2474253.64..2474253.64 rows=290128 width=15) (actual time=13157.410..13157.411 rows=311258 loops=1)
                           Buckets: 524288  Batches: 1  Memory Usage: 18687kB
                           ->  Seq Scan on lineitem  (cost=0.00..2474253.64 rows=290128 width=15) (actual time=0.181..13076.636 rows=311258 loops=1)
                                 Filter: ((l_shipmode = ANY ('{SHIP,"REG AIR"}'::bpchar[])) AND (l_commitdate < l_receiptdate) AND (l_shipdate < l_commitdate) AND (l_receiptdate >= '1994-01-01'::date) AND (l_receiptdate < '1995-01-01'::date))
                                 Rows Removed by Filter: 59674794
 Settings: effective_io_concurrency = '64', jit = 'off', maintenance_io_concurrency = '64', max_parallel_workers_per_gather = '0', work_mem = '256MB'
 Planning Time: 1.278 ms
 Execution Time: 17060.474 ms
(17 rows)

===== 13.sql jit= =====
                                                                                    QUERY PLAN                                                                                     
-----------------------------------------------------------------------------------------------------------------------------------------------------------------------------------
 Limit  (cost=656516.25..656516.25 rows=1 width=16) (actual time=16593.982..16593.985 rows=1 loops=1)
   ->  Sort  (cost=656516.25..656516.75 rows=200 width=16) (actual time=16593.980..16593.983 rows=1 loops=1)
         Sort Key: (count(*)) DESC, (count(orders.o_orderkey)) DESC
         Sort Method: top-N heapsort  Memory: 25kB
         ->  HashAggregate  (cost=656513.25..656515.25 rows=200 width=16) (actual time=16593.944..16593.953 rows=46 loops=1)
               Group Key: count(orders.o_orderkey)
               Batches: 1  Memory Usage: 40kB
               ->  HashAggregate  (cost=619013.25..634013.25 rows=1500000 width=12) (actual time=16080.725..16417.103 rows=1500000 loops=1)
                     Group Key: customer.c_custkey
                     Batches: 1  Memory Usage: 172049kB
                     ->  Hash Right Join  (cost=57714.43..544989.18 rows=14804814 width=8) (actual time=382.204..11225.337 rows=15337604 loops=1)
                           Hash Cond: (orders.o_custkey = customer.c_custkey)
                           ->  Seq Scan on orders  (cost=0.00..448412.00 rows=14804814 width=8) (actual time=0.021..5540.123 rows=14837583 loops=1)
                                 Filter: ((o_comment)::text !~~ '%special%requests%'::text)
                                 Rows Removed by Filter: 162417
                           ->  Hash  (cost=38964.43..38964.43 rows=1500000 width=4) (actual time=373.769..373.770 rows=1500000 loops=1)
                                 Buckets: 2097152  Batches: 1  Memory Usage: 69119kB
                                 ->  Index Only Scan using customer_pkey on customer  (cost=0.43..38964.43 rows=1500000 width=4) (actual time=0.029..138.890 rows=1500000 loops=1)
                                       Heap Fetches: 0
 Settings: effective_io_concurrency = '64', jit = 'off', maintenance_io_concurrency = '64', max_parallel_workers_per_gather = '0', work_mem = '256MB'
 Planning Time: 1.370 ms
 Execution Time: 16628.416 ms
(22 rows)

===== 14.sql jit= =====
                                                                            QUERY PLAN                                                                            
------------------------------------------------------------------------------------------------------------------------------------------------------------------
 Limit  (cost=1198274.96..1198274.98 rows=1 width=32) (actual time=2378.896..2378.899 rows=1 loops=1)
   ->  Aggregate  (cost=1198274.96..1198274.98 rows=1 width=32) (actual time=2378.895..2378.897 rows=1 loops=1)
         ->  Hash Join  (cost=105736.49..1184797.53 rows=770139 width=33) (actual time=1072.335..2056.348 rows=772942 loops=1)
               Hash Cond: (lineitem.l_partkey = part.p_partkey)
               ->  Bitmap Heap Scan on lineitem  (cost=19774.49..1096813.91 rows=770139 width=16) (actual time=271.858..891.595 rows=772942 loops=1)
                     Recheck Cond: ((l_shipdate >= '1994-05-01'::date) AND (l_shipdate < '1994-06-01'::date))
                     Heap Blocks: exact=416660
                     ->  Bitmap Index Scan on idx_lineitem_shipdate  (cost=0.00..19581.95 rows=770139 width=0) (actual time=161.903..161.903 rows=772942 loops=1)
                           Index Cond: ((l_shipdate >= '1994-05-01'::date) AND (l_shipdate < '1994-06-01'::date))
               ->  Hash  (cost=60962.00..60962.00 rows=2000000 width=25) (actual time=792.778..792.779 rows=2000000 loops=1)
                     Buckets: 2097152  Batches: 1  Memory Usage: 131903kB
                     ->  Seq Scan on part  (cost=0.00..60962.00 rows=2000000 width=25) (actual time=0.017..377.646 rows=2000000 loops=1)
 Settings: effective_io_concurrency = '64', jit = 'off', maintenance_io_concurrency = '64', max_parallel_workers_per_gather = '0', work_mem = '256MB'
 Planning Time: 1.225 ms
 Execution Time: 2382.175 ms
(15 rows)

===== 15.sql jit= =====
                                                                       QUERY PLAN                                                                       
--------------------------------------------------------------------------------------------------------------------------------------------------------
 HashAggregate  (cost=1238708.78..1239960.14 rows=100109 width=36) (actual time=3262.551..3310.074 rows=100000 loops=1)
   Group Key: l_suppkey
   Batches: 1  Memory Usage: 47121kB
   ->  Bitmap Heap Scan on lineitem  (cost=57841.80..1216178.79 rows=2252999 width=16) (actual time=514.372..1681.551 rows=2265714 loops=1)
         Recheck Cond: ((l_shipdate >= '1996-01-01'::date) AND (l_shipdate < '1996-04-01'::date))
         Heap Blocks: exact=668609
         ->  Bitmap Index Scan on idx_lineitem_shipdate  (cost=0.00..57278.56 rows=2252999 width=0) (actual time=337.248..337.248 rows=2265714 loops=1)
               Index Cond: ((l_shipdate >= '1996-01-01'::date) AND (l_shipdate < '1996-04-01'::date))
 Settings: effective_io_concurrency = '64', jit = 'off', maintenance_io_concurrency = '64', max_parallel_workers_per_gather = '0', work_mem = '256MB'
 Planning Time: 0.816 ms
 Execution Time: 3317.469 ms
(11 rows)

CREATE VIEW
                                                                                   QUERY PLAN                                                                                   
--------------------------------------------------------------------------------------------------------------------------------------------------------------------------------
 Limit  (cost=2481449.70..2481459.85 rows=1 width=103) (actual time=5987.886..5987.891 rows=1 loops=1)
   InitPlan 1 (returns $0)
     ->  Aggregate  (cost=1241211.50..1241211.51 rows=1 width=32) (actual time=2996.670..2996.672 rows=1 loops=1)
           ->  HashAggregate  (cost=1238708.78..1239960.14 rows=100109 width=36) (actual time=2944.839..2990.111 rows=100000 loops=1)
                 Group Key: lineitem_1.l_suppkey
                 Batches: 1  Memory Usage: 47121kB
                 ->  Bitmap Heap Scan on lineitem lineitem_1  (cost=57841.80..1216178.79 rows=2252999 width=16) (actual time=445.590..1403.652 rows=2265714 loops=1)
                       Recheck Cond: ((l_shipdate >= '1996-01-01'::date) AND (l_shipdate < '1996-04-01'::date))
                       Heap Blocks: exact=668609
                       ->  Bitmap Index Scan on idx_lineitem_shipdate  (cost=0.00..57278.56 rows=2252999 width=0) (actual time=275.365..275.365 rows=2265714 loops=1)
                             Index Cond: ((l_shipdate >= '1996-01-01'::date) AND (l_shipdate < '1996-04-01'::date))
   ->  Merge Join  (cost=1240238.18..1245321.86 rows=501 width=103) (actual time=5987.885..5987.887 rows=1 loops=1)
         Merge Cond: (supplier.s_suppkey = revenue0.supplier_no)
         ->  Index Scan using supplier_pkey on supplier  (cost=0.29..4826.45 rows=100000 width=71) (actual time=0.008..12.093 rows=69998 loops=1)
         ->  Sort  (cost=1240237.89..1240239.14 rows=501 width=36) (actual time=5971.602..5971.603 rows=1 loops=1)
               Sort Key: revenue0.supplier_no
               Sort Method: quicksort  Memory: 25kB
               ->  Subquery Scan on revenue0  (cost=1238708.78..1240215.42 rows=501 width=36) (actual time=5939.495..5971.597 rows=1 loops=1)
                     ->  HashAggregate  (cost=1238708.78..1240210.41 rows=501 width=36) (actual time=5939.494..5971.594 rows=1 loops=1)
                           Group Key: lineitem.l_suppkey
                           Filter: (sum((lineitem.l_extendedprice * ('1'::numeric - lineitem.l_discount))) = $0)
                           Batches: 1  Memory Usage: 47121kB
                           Rows Removed by Filter: 99999
                           ->  Bitmap Heap Scan on lineitem  (cost=57841.80..1216178.79 rows=2252999 width=16) (actual time=443.773..1396.855 rows=2265714 loops=1)
                                 Recheck Cond: ((l_shipdate >= '1996-01-01'::date) AND (l_shipdate < '1996-04-01'::date))
                                 Heap Blocks: exact=668609
                                 ->  Bitmap Index Scan on idx_lineitem_shipdate  (cost=0.00..57278.56 rows=2252999 width=0) (actual time=272.614..272.614 rows=2265714 loops=1)
                                       Index Cond: ((l_shipdate >= '1996-01-01'::date) AND (l_shipdate < '1996-04-01'::date))
 Settings: effective_io_concurrency = '64', jit = 'off', maintenance_io_concurrency = '64', max_parallel_workers_per_gather = '0', work_mem = '256MB'
 Planning Time: 0.513 ms
 Execution Time: 5995.831 ms
(31 rows)

DROP VIEW
===== 16.sql jit= =====
                                                                                         QUERY PLAN                                                                                         
--------------------------------------------------------------------------------------------------------------------------------------------------------------------------------------------
 Limit  (cost=403065.35..403065.36 rows=1 width=44) (actual time=6107.687..6107.691 rows=1 loops=1)
   ->  Sort  (cost=403065.35..403449.68 rows=153731 width=44) (actual time=6107.685..6107.689 rows=1 loops=1)
         Sort Key: (count(DISTINCT partsupp.ps_suppkey)) DESC, part.p_brand, part.p_type, part.p_size
         Sort Method: top-N heapsort  Memory: 25kB
         ->  GroupAggregate  (cost=393336.39..402296.70 rows=153731 width=44) (actual time=5667.700..6103.436 rows=27838 loops=1)
               Group Key: part.p_brand, part.p_type, part.p_size
               ->  Sort  (cost=393336.39..394820.99 rows=593840 width=40) (actual time=5667.657..5780.183 rows=1186319 loops=1)
                     Sort Key: part.p_brand, part.p_type, part.p_size
                     Sort Method: quicksort  Memory: 141834kB
                     ->  Hash Join  (cost=98139.96..336387.98 rows=593840 width=40) (actual time=605.542..2871.649 rows=1186319 loops=1)
                           Hash Cond: (partsupp.ps_partkey = part.p_partkey)
                           ->  Index Only Scan using partsupp_pkey on partsupp  (cost=3466.46..231214.46 rows=4000000 width=8) (actual time=28.421..1435.550 rows=7995520 loops=1)
                                 Filter: (NOT (hashed SubPlan 1))
                                 Rows Removed by Filter: 4480
                                 Heap Fetches: 0
                                 SubPlan 1
                                   ->  Seq Scan on supplier  (cost=0.00..3466.00 rows=10 width=4) (actual time=0.131..28.369 rows=56 loops=1)
                                         Filter: ((s_comment)::text ~~ '%Customer%Complaints%'::text)
                                         Rows Removed by Filter: 99944
                           ->  Hash  (cost=90962.00..90962.00 rows=296920 width=40) (actual time=575.055..575.056 rows=296733 loops=1)
                                 Buckets: 524288  Batches: 1  Memory Usage: 25593kB
                                 ->  Seq Scan on part  (cost=0.00..90962.00 rows=296920 width=40) (actual time=0.019..505.630 rows=296733 loops=1)
                                       Filter: ((p_brand <> 'Brand#12'::bpchar) AND ((p_type)::text !~~ 'SMALL BRUSHED%'::text) AND (p_size = ANY ('{12,32,36,26,40,34,49,9}'::integer[])))
                                       Rows Removed by Filter: 1703267
 Settings: effective_io_concurrency = '64', jit = 'off', maintenance_io_concurrency = '64', max_parallel_workers_per_gather = '0', work_mem = '256MB'
 Planning Time: 1.620 ms
 Execution Time: 6114.667 ms
(27 rows)

===== 17-flattened.sql jit= =====
                                                                      QUERY PLAN                                                                      
------------------------------------------------------------------------------------------------------------------------------------------------------
 HashAggregate  (cost=5567342.81..6182228.68 rows=1938235 width=36) (actual time=34387.154..55705.499 rows=2000000 loops=1)
   Group Key: l_partkey
   Planned Partitions: 4  Batches: 5  Memory Usage: 262193kB  Disk Usage: 1517688kB
   ->  Seq Scan on lineitem  (cost=0.00..1724413.84 rows=59987184 width=9) (actual time=0.025..5048.032 rows=59986052 loops=1)
 Settings: effective_io_concurrency = '64', jit = 'off', maintenance_io_concurrency = '64', max_parallel_workers_per_gather = '0', work_mem = '256MB'
 Planning Time: 0.700 ms
 Execution Time: 55920.662 ms
(7 rows)

SELECT 2000000
CREATE INDEX
ANALYZE
                                                                                 QUERY PLAN                                                                                 
----------------------------------------------------------------------------------------------------------------------------------------------------------------------------
 Limit  (cost=239369.00..239369.02 rows=1 width=32) (actual time=353.183..353.184 rows=1 loops=1)
   ->  Aggregate  (cost=239369.00..239369.02 rows=1 width=32) (actual time=353.181..353.183 rows=1 loops=1)
         ->  Nested Loop  (cost=0.87..239318.54 rows=20186 width=8) (actual time=0.134..352.434 rows=5319 loops=1)
               Join Filter: (part.p_partkey = lineitem.l_partkey)
               ->  Nested Loop  (cost=0.43..86168.65 rows=2019 width=21) (actual time=0.119..292.862 rows=1996 loops=1)
                     ->  Seq Scan on part  (cost=0.00..70962.00 rows=2019 width=4) (actual time=0.104..277.272 rows=1996 loops=1)
                           Filter: ((p_brand = 'Brand#22'::bpchar) AND (p_container = 'LG BOX'::bpchar))
                           Rows Removed by Filter: 1998004
                     ->  Index Scan using idx_tmp_avg_quantity on tmp_avg_quantity part_agg  (cost=0.43..7.52 rows=1 width=17) (actual time=0.007..0.007 rows=1 loops=1996)
                           Index Cond: (agg_partkey = part.p_partkey)
               ->  Index Scan using idx_lineitem_part_supp on lineitem  (cost=0.44..75.73 rows=10 width=17) (actual time=0.012..0.029 rows=3 loops=1996)
                     Index Cond: (l_partkey = part_agg.agg_partkey)
                     Filter: (l_quantity < part_agg.avg_quantity)
                     Rows Removed by Filter: 27
 Settings: effective_io_concurrency = '64', jit = 'off', maintenance_io_concurrency = '64', max_parallel_workers_per_gather = '0', work_mem = '256MB'
 Planning Time: 0.767 ms
 Execution Time: 353.225 ms
(17 rows)

DROP TABLE
===== 17.sql jit= =====
                                                                            QUERY PLAN                                                                            
------------------------------------------------------------------------------------------------------------------------------------------------------------------
 Limit  (cost=6425169.33..6425169.34 rows=1 width=32) (actual time=56420.668..56420.671 rows=1 loops=1)
   ->  Aggregate  (cost=6425169.33..6425169.34 rows=1 width=32) (actual time=56420.666..56420.668 rows=1 loops=1)
         ->  Nested Loop  (cost=5638330.49..6425120.42 rows=19562 width=8) (actual time=34804.542..56419.880 rows=5319 loops=1)
               Join Filter: (part.p_partkey = lineitem.l_partkey)
               ->  Hash Join  (cost=5638330.05..6277686.15 rows=1957 width=40) (actual time=34802.573..56352.818 rows=1996 loops=1)
                     Hash Cond: (lineitem_1.l_partkey = part.p_partkey)
                     ->  HashAggregate  (cost=5567342.81..6182228.68 rows=1938235 width=36) (actual time=34518.174..55893.631 rows=2000000 loops=1)
                           Group Key: lineitem_1.l_partkey
                           Planned Partitions: 4  Batches: 5  Memory Usage: 262193kB  Disk Usage: 1517688kB
                           ->  Seq Scan on lineitem lineitem_1  (cost=0.00..1724413.84 rows=59987184 width=9) (actual time=0.015..5037.926 rows=59986052 loops=1)
                     ->  Hash  (cost=70962.00..70962.00 rows=2019 width=4) (actual time=284.304..284.304 rows=1996 loops=1)
                           Buckets: 2048  Batches: 1  Memory Usage: 87kB
                           ->  Seq Scan on part  (cost=0.00..70962.00 rows=2019 width=4) (actual time=0.222..283.823 rows=1996 loops=1)
                                 Filter: ((p_brand = 'Brand#22'::bpchar) AND (p_container = 'LG BOX'::bpchar))
                                 Rows Removed by Filter: 1998004
               ->  Index Scan using idx_lineitem_part_supp on lineitem  (cost=0.44..75.21 rows=10 width=17) (actual time=0.014..0.033 rows=3 loops=1996)
                     Index Cond: (l_partkey = lineitem_1.l_partkey)
                     Filter: (l_quantity < ((0.2 * avg(lineitem_1.l_quantity))))
                     Rows Removed by Filter: 27
 Settings: effective_io_concurrency = '64', jit = 'off', maintenance_io_concurrency = '64', max_parallel_workers_per_gather = '0', work_mem = '256MB'
 Planning Time: 1.571 ms
 Execution Time: 56576.417 ms
(22 rows)

===== 18.sql jit= =====
                                                                                                 QUERY PLAN                                                                                                  
-------------------------------------------------------------------------------------------------------------------------------------------------------------------------------------------------------------
 Limit  (cost=9939381.64..9939381.89 rows=100 width=71) (actual time=45103.183..45103.197 rows=99 loops=1)
   ->  Sort  (cost=9939381.64..9989360.28 rows=19991457 width=71) (actual time=45103.182..45103.190 rows=99 loops=1)
         Sort Key: orders.o_totalprice DESC, orders.o_orderdate
         Sort Method: quicksort  Memory: 32kB
         ->  HashAggregate  (cost=8574016.99..9175322.53 rows=19991457 width=71) (actual time=45100.619..45103.067 rows=99 loops=1)
               Group Key: customer.c_custkey, orders.o_orderkey
               Planned Partitions: 32  Batches: 1  Memory Usage: 24657kB
               ->  Hash Join  (cost=69594.62..6618602.60 rows=19991457 width=44) (actual time=1664.259..45099.961 rows=693 loops=1)
                     Hash Cond: (orders.o_custkey = customer.c_custkey)
                     ->  Merge Join  (cost=17.62..6496547.88 rows=19991457 width=25) (actual time=997.217..44432.591 rows=693 loops=1)
                           Merge Cond: (orders.o_orderkey = lineitem.l_orderkey)
                           ->  Merge Join  (cost=1.00..3729752.59 rows=4998932 width=24) (actual time=710.828..31060.371 rows=99 loops=1)
                                 Merge Cond: (orders.o_orderkey = lineitem_1.l_orderkey)
                                 ->  Index Scan using orders_pkey on orders  (cost=0.43..650439.44 rows=15000000 width=20) (actual time=0.034..3185.428 rows=14982724 loops=1)
                                 ->  GroupAggregate  (cost=0.56..2929337.19 rows=4998932 width=4) (actual time=617.359..26967.244 rows=99 loops=1)
                                       Group Key: lineitem_1.l_orderkey
                                       Filter: (sum(lineitem_1.l_quantity) > '313'::numeric)
                                       Rows Removed by Filter: 14999901
                                       ->  Index Scan using idx_lineitem_orderkey on lineitem lineitem_1  (cost=0.56..2404449.32 rows=59987184 width=9) (actual time=0.073..13191.797 rows=59986052 loops=1)
                           ->  Index Scan using idx_lineitem_orderkey on lineitem  (cost=0.56..2404449.32 rows=59987184 width=9) (actual time=0.029..9803.747 rows=59916431 loops=1)
                     ->  Hash  (cost=50827.00..50827.00 rows=1500000 width=23) (actual time=659.293..659.294 rows=1500000 loops=1)
                           Buckets: 2097152  Batches: 1  Memory Usage: 98416kB
                           ->  Seq Scan on customer  (cost=0.00..50827.00 rows=1500000 width=23) (actual time=0.022..342.639 rows=1500000 loops=1)
 Settings: effective_io_concurrency = '64', jit = 'off', maintenance_io_concurrency = '64', max_parallel_workers_per_gather = '0', work_mem = '256MB'
 Planning Time: 2.442 ms
 Execution Time: 45118.836 ms
(26 rows)

===== 19.sql jit= =====
                                                                                                                                                                                                                                                                                                                                                                                                                                                                                                            QUERY PLAN                                                                                                                                                                                                                                                                                                                                                                                                                                                                                                            
----------------------------------------------------------------------------------------------------------------------------------------------------------------------------------------------------------------------------------------------------------------------------------------------------------------------------------------------------------------------------------------------------------------------------------------------------------------------------------------------------------------------------------------------------------------------------------------------------------------------------------------------------------------------------------------------------------------------------------------------------------------------------------------------------------------------------------------------------------------------------------------------------------------------------------------------------------------------------------------------------------------------------------
 Limit  (cost=719360.31..719360.32 rows=1 width=32) (actual time=997.976..997.978 rows=1 loops=1)
   ->  Aggregate  (cost=719360.31..719360.32 rows=1 width=32) (actual time=997.975..997.976 rows=1 loops=1)
         ->  Nested Loop  (cost=0.44..719351.81 rows=1134 width=12) (actual time=4.670..997.359 rows=1063 loops=1)
               ->  Seq Scan on part  (cost=0.00..125962.00 rows=4818 width=30) (actual time=0.361..585.417 rows=4781 loops=1)
                     Filter: ((p_size >= 1) AND (((p_brand = 'Brand#24'::bpchar) AND (p_container = ANY ('{"SM CASE","SM BOX","SM PACK","SM PKG"}'::bpchar[])) AND (p_size <= 5)) OR ((p_brand = 'Brand#43'::bpchar) AND (p_container = ANY ('{"MED BAG","MED BOX","MED PKG","MED PACK"}'::bpchar[])) AND (p_size <= 10)) OR ((p_brand = 'Brand#44'::bpchar) AND (p_container = ANY ('{"LG CASE","LG BOX","LG PACK","LG PKG"}'::bpchar[])) AND (p_size <= 15))))
                     Rows Removed by Filter: 1995219
               ->  Index Scan using idx_lineitem_part_supp on lineitem  (cost=0.44..123.15 rows=1 width=21) (actual time=0.077..0.086 rows=0 loops=4781)
                     Index Cond: (l_partkey = part.p_partkey)
                     Filter: ((l_shipmode = ANY ('{AIR,"AIR REG"}'::bpchar[])) AND (l_shipinstruct = 'DELIVER IN PERSON'::bpchar) AND (((l_quantity >= '10'::numeric) AND (l_quantity <= '20'::numeric)) OR ((l_quantity >= '10'::numeric) AND (l_quantity <= '20'::numeric)) OR ((l_quantity >= '20'::numeric) AND (l_quantity <= '30'::numeric))) AND (((part.p_brand = 'Brand#24'::bpchar) AND (part.p_container = ANY ('{"SM CASE","SM BOX","SM PACK","SM PKG"}'::bpchar[])) AND (l_quantity >= '10'::numeric) AND (l_quantity <= '20'::numeric) AND (part.p_size <= 5)) OR ((part.p_brand = 'Brand#43'::bpchar) AND (part.p_container = ANY ('{"MED BAG","MED BOX","MED PKG","MED PACK"}'::bpchar[])) AND (l_quantity >= '10'::numeric) AND (l_quantity <= '20'::numeric) AND (part.p_size <= 10)) OR ((part.p_brand = 'Brand#44'::bpchar) AND (part.p_container = ANY ('{"LG CASE","LG BOX","LG PACK","LG PKG"}'::bpchar[])) AND (l_quantity >= '20'::numeric) AND (l_quantity <= '30'::numeric) AND (part.p_size <= 15))))
                     Rows Removed by Filter: 30
 Settings: effective_io_concurrency = '64', jit = 'off', maintenance_io_concurrency = '64', max_parallel_workers_per_gather = '0', work_mem = '256MB'
 Planning Time: 1.560 ms
 Execution Time: 998.100 ms
(13 rows)

===== 1.sql jit= =====
                                                                      QUERY PLAN                                                                      
------------------------------------------------------------------------------------------------------------------------------------------------------
 Limit  (cost=3949658.80..3949658.80 rows=1 width=236) (actual time=74755.754..74755.756 rows=1 loops=1)
   ->  Sort  (cost=3949658.80..3949658.82 rows=6 width=236) (actual time=74755.753..74755.754 rows=1 loops=1)
         Sort Key: l_returnflag, l_linestatus
         Sort Method: top-N heapsort  Memory: 25kB
         ->  HashAggregate  (cost=3949658.61..3949658.77 rows=6 width=236) (actual time=74755.712..74755.722 rows=4 loops=1)
               Group Key: l_returnflag, l_linestatus
               Batches: 1  Memory Usage: 32kB
               ->  Seq Scan on lineitem  (cost=0.00..1874381.80 rows=59293623 width=25) (actual time=0.066..11038.634 rows=59284448 loops=1)
                     Filter: (l_shipdate <= '1998-09-10 00:00:00'::timestamp without time zone)
                     Rows Removed by Filter: 701604
 Settings: effective_io_concurrency = '64', jit = 'off', maintenance_io_concurrency = '64', max_parallel_workers_per_gather = '0', work_mem = '256MB'
 Planning Time: 0.928 ms
 Execution Time: 74755.866 ms
(13 rows)

===== 20-flattened.sql jit= =====
                                                                        QUERY PLAN                                                                         
-----------------------------------------------------------------------------------------------------------------------------------------------------------
 HashAggregate  (cost=2100012.53..2261450.61 rows=4840327 width=40) (actual time=13242.535..20525.754 rows=5448842 loops=1)
   Group Key: l_partkey, l_suppkey
   Planned Partitions: 8  Batches: 41  Memory Usage: 262225kB  Disk Usage: 318560kB
   ->  Bitmap Heap Scan on lineitem  (cost=233535.86..1494525.62 rows=9096517 width=13) (actual time=1609.010..8704.457 rows=9123688 loops=1)
         Recheck Cond: ((l_shipdate >= '1996-01-01'::date) AND (l_shipdate < '1997-01-01'::date))
         Heap Blocks: exact=1048319
         ->  Bitmap Index Scan on idx_lineitem_shipdate  (cost=0.00..231261.74 rows=9096517 width=0) (actual time=1293.656..1293.657 rows=9123688 loops=1)
               Index Cond: ((l_shipdate >= '1996-01-01'::date) AND (l_shipdate < '1997-01-01'::date))
 Settings: effective_io_concurrency = '64', jit = 'off', maintenance_io_concurrency = '64', max_parallel_workers_per_gather = '0', work_mem = '256MB'
 Planning Time: 1.049 ms
 Execution Time: 20739.050 ms
(11 rows)

SELECT 5448842
CREATE INDEX
ANALYZE
                                                                                   QUERY PLAN                                                                                   
--------------------------------------------------------------------------------------------------------------------------------------------------------------------------------
 Limit  (cost=87833.42..87833.42 rows=1 width=51) (actual time=1293.504..1293.507 rows=1 loops=1)
   ->  Sort  (cost=87833.42..87833.42 rows=1 width=51) (actual time=1293.503..1293.505 rows=1 loops=1)
         Sort Key: supplier.s_name
         Sort Method: top-N heapsort  Memory: 25kB
         ->  Nested Loop Semi Join  (cost=48.59..87833.41 rows=1 width=51) (actual time=0.832..1291.968 rows=1821 loops=1)
               ->  Nested Loop  (cost=47.29..2404.57 rows=4000 width=55) (actual time=0.587..11.644 rows=4095 loops=1)
                     ->  Seq Scan on nation  (cost=0.00..1.31 rows=1 width=4) (actual time=0.020..0.024 rows=1 loops=1)
                           Filter: (n_name = 'IRAQ'::bpchar)
                           Rows Removed by Filter: 24
                     ->  Bitmap Heap Scan on supplier  (cost=47.29..2363.25 rows=4000 width=59) (actual time=0.561..10.660 rows=4095 loops=1)
                           Recheck Cond: (s_nationkey = nation.n_nationkey)
                           Heap Blocks: exact=1867
                           ->  Bitmap Index Scan on idx_supplier_nation_key  (cost=0.00..46.29 rows=4000 width=0) (actual time=0.315..0.316 rows=4095 loops=1)
                                 Index Cond: (s_nationkey = nation.n_nationkey)
               ->  Nested Loop  (cost=1.30..21.35 rows=1 width=8) (actual time=0.312..0.312 rows=0 loops=4095)
                     Join Filter: (supplier.s_suppkey = agg_lineitem.agg_suppkey)
                     ->  Nested Loop  (cost=0.87..20.86 rows=1 width=16) (actual time=0.268..0.306 rows=1 loops=4095)
                           ->  Index Scan using idx_partsupp_suppkey on partsupp  (cost=0.43..9.08 rows=80 width=12) (actual time=0.006..0.125 rows=61 loops=4095)
                                 Index Cond: (ps_suppkey = supplier.s_suppkey)
                           ->  Memoize  (cost=0.44..0.48 rows=1 width=4) (actual time=0.003..0.003 rows=0 loops=248000)
                                 Cache Key: partsupp.ps_partkey
                                 Hits: 11702  Misses: 236298  Evictions: 0  Overflows: 0  Memory Usage: 15783kB
                                 ->  Index Scan using part_pkey on part  (cost=0.43..0.47 rows=1 width=4) (actual time=0.002..0.002 rows=0 loops=236298)
                                       Index Cond: (p_partkey = partsupp.ps_partkey)
                                       Filter: ((p_name)::text ~~ 'olive%'::text)
                                       Rows Removed by Filter: 1
                     ->  Index Scan using idx_tmp_agg_lineitem on tmp_agg_lineitem agg_lineitem  (cost=0.43..0.48 rows=1 width=13) (actual time=0.008..0.008 rows=1 loops=2732)
                           Index Cond: ((agg_partkey = partsupp.ps_partkey) AND (agg_suppkey = partsupp.ps_suppkey))
                           Filter: ((partsupp.ps_availqty)::numeric > agg_quantity)
                           Rows Removed by Filter: 0
 Settings: effective_io_concurrency = '64', jit = 'off', maintenance_io_concurrency = '64', max_parallel_workers_per_gather = '0', work_mem = '256MB'
 Planning Time: 1.790 ms
 Execution Time: 1309.913 ms
(33 rows)

DROP TABLE
===== 20.sql jit= =====
                                                                                          QUERY PLAN                                                                                           
-----------------------------------------------------------------------------------------------------------------------------------------------------------------------------------------------
 Limit  (cost=2426887.59..2426887.59 rows=1 width=51) (actual time=38837.772..38837.777 rows=1 loops=1)
   ->  Sort  (cost=2426887.59..2426887.59 rows=1 width=51) (actual time=38837.770..38837.775 rows=1 loops=1)
         Sort Key: supplier.s_name
         Sort Method: top-N heapsort  Memory: 25kB
         ->  Nested Loop Semi Join  (cost=2166250.24..2426887.58 rows=1 width=51) (actual time=15500.928..38836.028 rows=1821 loops=1)
               Join Filter: (supplier.s_suppkey = lineitem.l_suppkey)
               Rows Removed by Join Filter: 182645835
               ->  Nested Loop  (cost=0.00..4467.31 rows=4000 width=55) (actual time=0.030..22.686 rows=4095 loops=1)
                     Join Filter: (supplier.s_nationkey = nation.n_nationkey)
                     Rows Removed by Join Filter: 95905
                     ->  Seq Scan on nation  (cost=0.00..1.31 rows=1 width=4) (actual time=0.020..0.024 rows=1 loops=1)
                           Filter: (n_name = 'IRAQ'::bpchar)
                           Rows Removed by Filter: 24
                     ->  Seq Scan on supplier  (cost=0.00..3216.00 rows=100000 width=59) (actual time=0.006..14.468 rows=100000 loops=1)
               ->  Materialize  (cost=2166250.24..2422360.27 rows=1 width=8) (actual time=3.267..6.805 rows=44603 loops=4095)
                     ->  Nested Loop  (cost=2166250.24..2422360.26 rows=1 width=8) (actual time=13379.221..21566.182 rows=59002 loops=1)
                           ->  Hash Join  (cost=2166249.81..2388797.04 rows=53297 width=44) (actual time=13379.192..21279.704 rows=59125 loops=1)
                                 Hash Cond: (lineitem.l_partkey = part.p_partkey)
                                 ->  HashAggregate  (cost=2100012.53..2261450.61 rows=4840327 width=40) (actual time=13034.284..20385.642 rows=5448842 loops=1)
                                       Group Key: lineitem.l_partkey, lineitem.l_suppkey
                                       Planned Partitions: 8  Batches: 41  Memory Usage: 262225kB  Disk Usage: 318560kB
                                       ->  Bitmap Heap Scan on lineitem  (cost=233535.86..1494525.62 rows=9096517 width=13) (actual time=1562.946..8484.907 rows=9123688 loops=1)
                                             Recheck Cond: ((l_shipdate >= '1996-01-01'::date) AND (l_shipdate < '1997-01-01'::date))
                                             Heap Blocks: exact=1048319
                                             ->  Bitmap Index Scan on idx_lineitem_shipdate  (cost=0.00..231261.74 rows=9096517 width=0) (actual time=1250.680..1250.680 rows=9123688 loops=1)
                                                   Index Cond: ((l_shipdate >= '1996-01-01'::date) AND (l_shipdate < '1997-01-01'::date))
                                 ->  Hash  (cost=65962.00..65962.00 rows=22022 width=4) (actual time=344.741..344.742 rows=21718 loops=1)
                                       Buckets: 32768  Batches: 1  Memory Usage: 1020kB
                                       ->  Seq Scan on part  (cost=0.00..65962.00 rows=22022 width=4) (actual time=0.033..340.412 rows=21718 loops=1)
                                             Filter: ((p_name)::text ~~ 'olive%'::text)
                                             Rows Removed by Filter: 1978282
                           ->  Index Scan using partsupp_pkey on partsupp  (cost=0.43..0.62 rows=1 width=12) (actual time=0.004..0.004 rows=1 loops=59125)
                                 Index Cond: ((ps_partkey = lineitem.l_partkey) AND (ps_suppkey = lineitem.l_suppkey))
                                 Filter: ((ps_availqty)::numeric > ((0.5 * sum(lineitem.l_quantity))))
                                 Rows Removed by Filter: 0
 Settings: effective_io_concurrency = '64', jit = 'off', maintenance_io_concurrency = '64', max_parallel_workers_per_gather = '0', work_mem = '256MB'
 Planning Time: 2.861 ms
 Execution Time: 38885.718 ms
(38 rows)

===== 21.sql jit= =====
                                                                                            QUERY PLAN                                                                                             
---------------------------------------------------------------------------------------------------------------------------------------------------------------------------------------------------
 Limit  (cost=4271830.47..4271830.48 rows=1 width=34) (actual time=35698.253..35698.267 rows=100 loops=1)
   ->  Sort  (cost=4271830.47..4271830.48 rows=1 width=34) (actual time=35698.251..35698.260 rows=100 loops=1)
         Sort Key: (count(*)) DESC, supplier.s_name
         Sort Method: top-N heapsort  Memory: 38kB
         ->  GroupAggregate  (cost=4271830.44..4271830.46 rows=1 width=34) (actual time=35689.353..35697.091 rows=3991 loops=1)
               Group Key: supplier.s_name
               ->  Sort  (cost=4271830.44..4271830.45 rows=1 width=26) (actual time=35689.340..35692.715 rows=39281 loops=1)
                     Sort Key: supplier.s_name
                     Sort Method: quicksort  Memory: 3378kB
                     ->  Nested Loop Semi Join  (cost=2204892.97..4271830.43 rows=1 width=26) (actual time=16936.710..35539.388 rows=39281 loops=1)
                           Join Filter: (l2.l_suppkey <> l1.l_suppkey)
                           Rows Removed by Join Filter: 42023
                           ->  Nested Loop  (cost=2204892.40..4271822.89 rows=1 width=38) (actual time=16936.695..35285.452 rows=65960 loops=1)
                                 ->  Hash Anti Join  (cost=2204891.97..4271815.58 rows=1 width=34) (actual time=16935.265..34824.826 rows=134155 loops=1)
                                       Hash Cond: (l1.l_orderkey = l3.l_orderkey)
                                       Join Filter: (l3.l_suppkey <> l1.l_suppkey)
                                       Rows Removed by Join Filter: 547662
                                       ->  Hash Join  (cost=2454.57..1959809.93 rows=798958 width=34) (actual time=7.261..13789.448 rows=1514267 loops=1)
                                             Hash Cond: (l1.l_suppkey = supplier.s_suppkey)
                                             ->  Seq Scan on lineitem l1  (cost=0.00..1874381.80 rows=19995728 width=8) (actual time=0.080..10119.474 rows=37929348 loops=1)
                                                   Filter: (l_receiptdate > l_commitdate)
                                                   Rows Removed by Filter: 22056704
                                             ->  Hash  (cost=2404.57..2404.57 rows=4000 width=30) (actual time=7.130..7.132 rows=3991 loops=1)
                                                   Buckets: 4096  Batches: 1  Memory Usage: 282kB
                                                   ->  Nested Loop  (cost=47.29..2404.57 rows=4000 width=30) (actual time=0.879..6.403 rows=3991 loops=1)
                                                         ->  Seq Scan on nation  (cost=0.00..1.31 rows=1 width=4) (actual time=0.013..0.016 rows=1 loops=1)
                                                               Filter: (n_name = 'PERU'::bpchar)
                                                               Rows Removed by Filter: 24
                                                         ->  Bitmap Heap Scan on supplier  (cost=47.29..2363.25 rows=4000 width=34) (actual time=0.863..5.914 rows=3991 loops=1)
                                                               Recheck Cond: (s_nationkey = nation.n_nationkey)
                                                               Heap Blocks: exact=1873
                                                               ->  Bitmap Index Scan on idx_supplier_nation_key  (cost=0.00..46.29 rows=4000 width=0) (actual time=0.559..0.559 rows=3991 loops=1)
                                                                     Index Cond: (s_nationkey = nation.n_nationkey)
                                       ->  Hash  (cost=1874381.80..1874381.80 rows=19995728 width=8) (actual time=16893.896..16893.897 rows=37929348 loops=1)
                                             Buckets: 8388608  Batches: 8  Memory Usage: 250561kB
                                             ->  Seq Scan on lineitem l3  (cost=0.00..1874381.80 rows=19995728 width=8) (actual time=0.012..11591.864 rows=37929348 loops=1)
                                                   Filter: (l_receiptdate > l_commitdate)
                                                   Rows Removed by Filter: 22056704
                                 ->  Index Scan using orders_pkey on orders  (cost=0.43..7.32 rows=1 width=4) (actual time=0.003..0.003 rows=0 loops=134155)
                                       Index Cond: (o_orderkey = l1.l_orderkey)
                                       Filter: (o_orderstatus = 'F'::bpchar)
                                       Rows Removed by Filter: 1
                           ->  Index Scan using idx_lineitem_orderkey on lineitem l2  (cost=0.56..7.52 rows=4 width=8) (actual time=0.003..0.003 rows=1 loops=65960)
                                 Index Cond: (l_orderkey = orders.o_orderkey)
 Settings: effective_io_concurrency = '64', jit = 'off', maintenance_io_concurrency = '64', max_parallel_workers_per_gather = '0', work_mem = '256MB'
 Planning Time: 3.218 ms
 Execution Time: 35699.406 ms
(47 rows)

===== 22.sql jit= =====
                                                                          QUERY PLAN                                                                          
--------------------------------------------------------------------------------------------------------------------------------------------------------------
 Limit  (cost=163209.87..163209.90 rows=1 width=72) (actual time=1698.923..1698.926 rows=1 loops=1)
   InitPlan 1 (returns $0)
     ->  Aggregate  (cost=75321.24..75321.25 rows=1 width=32) (actual time=808.434..808.435 rows=1 loops=1)
           ->  Seq Scan on customer customer_1  (cost=0.00..75202.00 rows=47697 width=6) (actual time=0.006..772.623 rows=382426 loops=1)
                 Filter: ((c_acctbal > 0.00) AND (SUBSTRING(c_phone FROM 1 FOR 2) = ANY ('{21,29,26,34,14,15,17}'::text[])))
                 Rows Removed by Filter: 1117574
   ->  GroupAggregate  (cost=87888.61..88092.42 rows=7411 width=72) (actual time=1698.922..1698.923 rows=1 loops=1)
         Group Key: (SUBSTRING(customer.c_phone FROM 1 FOR 2))
         ->  Sort  (cost=87888.61..87907.14 rows=7411 width=38) (actual time=1697.119..1697.516 rows=9006 loops=1)
               Sort Key: (SUBSTRING(customer.c_phone FROM 1 FOR 2))
               Sort Method: quicksort  Memory: 4513kB
               ->  Nested Loop Anti Join  (cost=0.43..87412.26 rows=7411 width=38) (actual time=808.494..1682.413 rows=63509 loops=1)
                     ->  Seq Scan on customer  (cost=0.00..75202.00 rows=17500 width=26) (actual time=808.475..1377.359 rows=191129 loops=1)
                           Filter: ((c_acctbal > $0) AND (SUBSTRING(c_phone FROM 1 FOR 2) = ANY ('{21,29,26,34,14,15,17}'::text[])))
                           Rows Removed by Filter: 1308871
                     ->  Index Only Scan using idx_orders_custkey on orders  (cost=0.43..3.28 rows=17 width=4) (actual time=0.001..0.001 rows=1 loops=191129)
                           Index Cond: (o_custkey = customer.c_custkey)
                           Heap Fetches: 0
 Settings: effective_io_concurrency = '64', jit = 'off', maintenance_io_concurrency = '64', max_parallel_workers_per_gather = '0', work_mem = '256MB'
 Planning Time: 1.429 ms
 Execution Time: 1699.227 ms
(21 rows)

===== 2-flattened.sql jit= =====
                                                                       QUERY PLAN                                                                        
---------------------------------------------------------------------------------------------------------------------------------------------------------
 HashAggregate  (cost=207695.98..223695.98 rows=1600000 width=36) (actual time=2099.607..2516.295 rows=1182884 loops=1)
   Group Key: partsupp.ps_partkey
   Batches: 1  Memory Usage: 180241kB
   ->  Nested Loop  (cost=42.10..199695.98 rows=1600000 width=10) (actual time=0.847..1458.033 rows=1604080 loops=1)
         ->  Nested Loop  (cost=41.67..2184.07 rows=20000 width=4) (actual time=0.834..21.396 rows=20051 loops=1)
               ->  Nested Loop  (cost=0.14..13.95 rows=5 width=4) (actual time=0.060..0.087 rows=5 loops=1)
                     Join Filter: (nation.n_regionkey = region.r_regionkey)
                     Rows Removed by Join Filter: 20
                     ->  Index Scan using nation_pkey on nation  (cost=0.14..12.51 rows=25 width=8) (actual time=0.023..0.034 rows=25 loops=1)
                     ->  Materialize  (cost=0.00..1.07 rows=1 width=4) (actual time=0.001..0.001 rows=1 loops=25)
                           ->  Seq Scan on region  (cost=0.00..1.06 rows=1 width=4) (actual time=0.026..0.028 rows=1 loops=1)
                                 Filter: (r_name = 'AMERICA'::bpchar)
                                 Rows Removed by Filter: 4
               ->  Bitmap Heap Scan on supplier  (cost=41.53..394.02 rows=4000 width=8) (actual time=0.646..3.760 rows=4010 loops=5)
                     Recheck Cond: (s_nationkey = nation.n_nationkey)
                     Heap Blocks: exact=9388
                     ->  Bitmap Index Scan on idx_supplier_nation_key  (cost=0.00..40.53 rows=4000 width=0) (actual time=0.398..0.398 rows=4010 loops=5)
                           Index Cond: (s_nationkey = nation.n_nationkey)
         ->  Index Scan using idx_partsupp_suppkey on partsupp  (cost=0.43..9.08 rows=80 width=14) (actual time=0.003..0.062 rows=80 loops=20051)
               Index Cond: (ps_suppkey = supplier.s_suppkey)
 Settings: effective_io_concurrency = '64', jit = 'off', maintenance_io_concurrency = '64', max_parallel_workers_per_gather = '0', work_mem = '256MB'
 Planning Time: 1.487 ms
 Execution Time: 2579.521 ms
(23 rows)

SELECT 1182884
CREATE INDEX
ANALYZE
                                                                                    QUERY PLAN                                                                                     
-----------------------------------------------------------------------------------------------------------------------------------------------------------------------------------
 Limit  (cost=398097.62..398097.62 rows=1 width=192) (actual time=536.081..536.093 rows=100 loops=1)
   ->  Sort  (cost=398097.62..398097.62 rows=1 width=192) (actual time=536.080..536.087 rows=100 loops=1)
         Sort Key: supplier.s_acctbal DESC, nation.n_name, supplier.s_name, part.p_partkey
         Sort Method: top-N heapsort  Memory: 71kB
         ->  Nested Loop  (cost=0.72..398097.61 rows=1 width=192) (actual time=0.068..533.892 rows=4737 loops=1)
               Join Filter: (nation.n_regionkey = region.r_regionkey)
               ->  Nested Loop  (cost=0.72..398096.53 rows=1 width=196) (actual time=0.064..528.317 rows=4737 loops=1)
                     Join Filter: (supplier.s_nationkey = nation.n_nationkey)
                     Rows Removed by Join Filter: 43913
                     ->  Nested Loop  (cost=0.72..398094.97 rows=1 width=170) (actual time=0.057..517.890 rows=4737 loops=1)
                           ->  Nested Loop  (cost=0.43..398094.66 rows=1 width=34) (actual time=0.051..503.587 rows=4737 loops=1)
                                 ->  Seq Scan on part  (cost=0.00..70962.00 rows=7936 width=30) (actual time=0.012..402.703 rows=8046 loops=1)
                                       Filter: (((p_type)::text ~~ '%NICKEL'::text) AND (p_size = 16))
                                       Rows Removed by Filter: 1991954
                                 ->  Index Scan using idx_partsupp_partkey on partsupp  (cost=0.43..41.21 rows=1 width=14) (actual time=0.010..0.012 rows=1 loops=8046)
                                       Index Cond: (ps_partkey = part.p_partkey)
                                       Filter: ((SubPlan 1) = ps_supplycost)
                                       Rows Removed by Filter: 3
                                       SubPlan 1
                                         ->  Index Scan using tmp_supplycost_idx on tmp_supplycost  (cost=0.43..8.45 rows=1 width=6) (actual time=0.002..0.002 rows=1 loops=32184)
                                               Index Cond: (ps_partkey = part.p_partkey)
                           ->  Index Scan using supplier_pkey on supplier  (cost=0.29..0.31 rows=1 width=144) (actual time=0.003..0.003 rows=1 loops=4737)
                                 Index Cond: (s_suppkey = partsupp.ps_suppkey)
                     ->  Seq Scan on nation  (cost=0.00..1.25 rows=25 width=34) (actual time=0.000..0.001 rows=10 loops=4737)
               ->  Seq Scan on region  (cost=0.00..1.06 rows=1 width=4) (actual time=0.001..0.001 rows=1 loops=4737)
                     Filter: (r_name = 'AMERICA'::bpchar)
                     Rows Removed by Filter: 1
 Settings: effective_io_concurrency = '64', jit = 'off', maintenance_io_concurrency = '64', max_parallel_workers_per_gather = '0', work_mem = '256MB'
 Planning Time: 1.206 ms
 Execution Time: 536.144 ms
(30 rows)

DROP TABLE
===== 2.sql jit= =====
                                                                                        QUERY PLAN                                                                                         
-------------------------------------------------------------------------------------------------------------------------------------------------------------------------------------------
 Limit  (cost=720697.57..720697.58 rows=1 width=192) (actual time=2872.984..2873.000 rows=100 loops=1)
   ->  Sort  (cost=720697.57..720697.58 rows=1 width=192) (actual time=2872.983..2872.994 rows=100 loops=1)
         Sort Key: supplier.s_acctbal DESC, nation.n_name, supplier.s_name, part.p_partkey
         Sort Method: top-N heapsort  Memory: 70kB
         ->  Hash Join  (cost=265350.53..720697.56 rows=1 width=192) (actual time=1986.316..2870.746 rows=4737 loops=1)
               Hash Cond: ((part.p_partkey = partsupp.ps_partkey) AND ((SubPlan 1) = partsupp.ps_supplycost))
               ->  Seq Scan on part  (cost=0.00..70962.00 rows=7936 width=30) (actual time=0.016..459.412 rows=8046 loops=1)
                     Filter: (((p_type)::text ~~ '%NICKEL'::text) AND (p_size = 16))
                     Rows Removed by Filter: 1991954
               ->  Hash  (cost=202287.53..202287.53 rows=1600000 width=172) (actual time=1977.830..1977.834 rows=1604080 loops=1)
                     Buckets: 2097152  Batches: 2  Memory Usage: 180174kB
                     ->  Nested Loop  (cost=2.00..202287.53 rows=1600000 width=172) (actual time=0.115..1296.357 rows=1604080 loops=1)
                           ->  Nested Loop  (cost=1.56..4775.62 rows=20000 width=166) (actual time=0.085..55.798 rows=20051 loops=1)
                                 Join Filter: (nation.n_regionkey = region.r_regionkey)
                                 Rows Removed by Join Filter: 79949
                                 ->  Seq Scan on region  (cost=0.00..1.06 rows=1 width=4) (actual time=0.026..0.029 rows=1 loops=1)
                                       Filter: (r_name = 'AMERICA'::bpchar)
                                       Rows Removed by Filter: 4
                                 ->  Hash Join  (cost=1.56..3524.56 rows=100000 width=170) (actual time=0.056..48.572 rows=100000 loops=1)
                                       Hash Cond: (supplier.s_nationkey = nation.n_nationkey)
                                       ->  Seq Scan on supplier  (cost=0.00..3216.00 rows=100000 width=144) (actual time=0.011..8.595 rows=100000 loops=1)
                                       ->  Hash  (cost=1.25..1.25 rows=25 width=34) (actual time=0.025..0.026 rows=25 loops=1)
                                             Buckets: 1024  Batches: 1  Memory Usage: 10kB
                                             ->  Seq Scan on nation  (cost=0.00..1.25 rows=25 width=34) (actual time=0.010..0.016 rows=25 loops=1)
                           ->  Index Scan using idx_partsupp_suppkey on partsupp  (cost=0.43..9.08 rows=80 width=14) (actual time=0.003..0.051 rows=80 loops=20051)
                                 Index Cond: (ps_suppkey = supplier.s_suppkey)
               SubPlan 1
                 ->  Aggregate  (cost=43.48..43.49 rows=1 width=32) (actual time=0.019..0.019 rows=1 loops=12783)
                       ->  Nested Loop  (cost=0.86..43.48 rows=1 width=6) (actual time=0.013..0.018 rows=1 loops=12783)
                             Join Filter: (nation_1.n_regionkey = region_1.r_regionkey)
                             Rows Removed by Join Filter: 3
                             ->  Seq Scan on region region_1  (cost=0.00..1.06 rows=1 width=4) (actual time=0.000..0.001 rows=1 loops=12783)
                                   Filter: (r_name = 'AMERICA'::bpchar)
                                   Rows Removed by Filter: 4
                             ->  Nested Loop  (cost=0.86..42.36 rows=4 width=10) (actual time=0.006..0.017 rows=4 loops=12783)
                                   ->  Nested Loop  (cost=0.72..41.74 rows=4 width=10) (actual time=0.005..0.012 rows=4 loops=12783)
                                         ->  Index Scan using idx_partsupp_partkey on partsupp partsupp_1  (cost=0.43..8.50 rows=4 width=10) (actual time=0.003..0.004 rows=4 loops=12783)
                                               Index Cond: (ps_partkey = part.p_partkey)
                                         ->  Index Scan using supplier_pkey on supplier supplier_1  (cost=0.29..8.31 rows=1 width=8) (actual time=0.002..0.002 rows=1 loops=51132)
                                               Index Cond: (s_suppkey = partsupp_1.ps_suppkey)
                                   ->  Index Scan using nation_pkey on nation nation_1  (cost=0.14..0.16 rows=1 width=8) (actual time=0.001..0.001 rows=1 loops=51132)
                                         Index Cond: (n_nationkey = supplier_1.s_nationkey)
 Settings: effective_io_concurrency = '64', jit = 'off', maintenance_io_concurrency = '64', max_parallel_workers_per_gather = '0', work_mem = '256MB'
 Planning Time: 3.032 ms
 Execution Time: 2873.793 ms
(45 rows)

===== 3.sql jit= =====
                                                                                     QUERY PLAN                                                                                      
-------------------------------------------------------------------------------------------------------------------------------------------------------------------------------------
 Limit  (cost=2955475.54..2955475.57 rows=10 width=44) (actual time=17150.086..17150.092 rows=10 loops=1)
   ->  Sort  (cost=2955475.54..2963306.26 rows=3132287 width=44) (actual time=17150.084..17150.089 rows=10 loops=1)
         Sort Key: (sum((lineitem.l_extendedprice * ('1'::numeric - lineitem.l_discount)))) DESC, orders.o_orderdate
         Sort Method: top-N heapsort  Memory: 26kB
         ->  HashAggregate  (cost=2811927.87..2887787.95 rows=3132287 width=44) (actual time=17072.485..17130.837 rows=113934 loops=1)
               Group Key: lineitem.l_orderkey, orders.o_orderdate, orders.o_shippriority
               Planned Partitions: 4  Batches: 1  Memory Usage: 73745kB
               ->  Hash Join  (cost=527682.09..2555471.87 rows=3132287 width=24) (actual time=3975.920..16858.278 rows=301530 loops=1)
                     Hash Cond: (lineitem.l_orderkey = orders.o_orderkey)
                     ->  Seq Scan on lineitem  (cost=0.00..1874381.80 rows=32556030 width=16) (actual time=0.096..9287.132 rows=32534229 loops=1)
                           Filter: (l_shipdate > '1995-03-07'::date)
                           Rows Removed by Filter: 27451823
                     ->  Hash  (cost=509642.30..509642.30 rows=1443183 width=12) (actual time=3967.466..3967.468 rows=1451805 loops=1)
                           Buckets: 2097152  Batches: 1  Memory Usage: 78767kB
                           ->  Hash Join  (cost=139200.70..509642.30 rows=1443183 width=12) (actual time=797.273..3650.667 rows=1451805 loops=1)
                                 Hash Cond: (orders.o_custkey = customer.c_custkey)
                                 ->  Bitmap Heap Scan on orders  (cost=80887.01..432319.30 rows=7241623 width=16) (actual time=413.781..1755.563 rows=7239437 loops=1)
                                       Recheck Cond: (o_orderdate < '1995-03-07'::date)
                                       Heap Blocks: exact=260912
                                       ->  Bitmap Index Scan on idx_orders_orderdate  (cost=0.00..79076.61 rows=7241623 width=0) (actual time=353.833..353.833 rows=7239437 loops=1)
                                             Index Cond: (o_orderdate < '1995-03-07'::date)
                                 ->  Hash  (cost=54577.00..54577.00 rows=298935 width=4) (actual time=381.426..381.427 rows=300276 loops=1)
                                       Buckets: 524288  Batches: 1  Memory Usage: 14653kB
                                       ->  Seq Scan on customer  (cost=0.00..54577.00 rows=298935 width=4) (actual time=0.037..326.891 rows=300276 loops=1)
                                             Filter: (c_mktsegment = 'BUILDING'::bpchar)
                                             Rows Removed by Filter: 1199724
 Settings: effective_io_concurrency = '64', jit = 'off', maintenance_io_concurrency = '64', max_parallel_workers_per_gather = '0', work_mem = '256MB'
 Planning Time: 1.746 ms
 Execution Time: 17165.516 ms
(29 rows)

===== 4.sql jit= =====
                                                                             QUERY PLAN                                                                             
--------------------------------------------------------------------------------------------------------------------------------------------------------------------
 Limit  (cost=2585180.73..2585180.73 rows=1 width=24) (actual time=19747.234..19747.238 rows=1 loops=1)
   ->  Sort  (cost=2585180.73..2585180.74 rows=5 width=24) (actual time=19747.233..19747.236 rows=1 loops=1)
         Sort Key: orders.o_orderpriority
         Sort Method: top-N heapsort  Memory: 25kB
         ->  HashAggregate  (cost=2585180.65..2585180.70 rows=5 width=24) (actual time=19747.196..19747.200 rows=5 loops=1)
               Group Key: orders.o_orderpriority
               Batches: 1  Memory Usage: 24kB
               ->  Hash Semi Join  (cost=2209992.65..2582418.89 rows=552352 width=16) (actual time=15900.251..19652.037 rows=513822 loops=1)
                     Hash Cond: (orders.o_orderkey = lineitem.l_orderkey)
                     ->  Bitmap Heap Scan on orders  (cost=7555.25..276754.30 rows=552470 width=20) (actual time=142.339..543.463 rows=560424 loops=1)
                           Recheck Cond: ((o_orderdate >= '1993-12-01'::date) AND (o_orderdate < '1994-03-01'::date))
                           Heap Blocks: exact=231732
                           ->  Bitmap Index Scan on idx_orders_orderdate  (cost=0.00..7417.14 rows=552470 width=0) (actual time=80.333..80.333 rows=560424 loops=1)
                                 Index Cond: ((o_orderdate >= '1993-12-01'::date) AND (o_orderdate < '1994-03-01'::date))
                     ->  Hash  (cost=1874381.80..1874381.80 rows=19995728 width=4) (actual time=15727.760..15727.761 rows=37929348 loops=1)
                           Buckets: 8388608  Batches: 8  Memory Usage: 232058kB
                           ->  Seq Scan on lineitem  (cost=0.00..1874381.80 rows=19995728 width=4) (actual time=0.065..10773.544 rows=37929348 loops=1)
                                 Filter: (l_commitdate < l_receiptdate)
                                 Rows Removed by Filter: 22056704
 Settings: effective_io_concurrency = '64', jit = 'off', maintenance_io_concurrency = '64', max_parallel_workers_per_gather = '0', work_mem = '256MB'
 Planning Time: 1.455 ms
 Execution Time: 19751.802 ms
(22 rows)

===== 5.sql jit= =====
                                                                                           QUERY PLAN                                                                                            
-------------------------------------------------------------------------------------------------------------------------------------------------------------------------------------------------
 Limit  (cost=2373003.81..2373003.81 rows=1 width=58) (actual time=18085.158..18085.165 rows=1 loops=1)
   ->  Sort  (cost=2373003.81..2373003.87 rows=25 width=58) (actual time=18085.157..18085.163 rows=1 loops=1)
         Sort Key: (sum((lineitem.l_extendedprice * ('1'::numeric - lineitem.l_discount)))) DESC
         Sort Method: top-N heapsort  Memory: 25kB
         ->  GroupAggregate  (cost=2372094.62..2373003.69 rows=25 width=58) (actual time=18060.032..18085.138 rows=5 loops=1)
               Group Key: nation.n_name
               ->  Sort  (cost=2372094.62..2372276.37 rows=72700 width=38) (actual time=18053.799..18056.913 rows=72033 loops=1)
                     Sort Key: nation.n_name
                     Sort Method: quicksort  Memory: 8700kB
                     ->  Hash Join  (cost=422484.30..2366224.22 rows=72700 width=38) (actual time=2085.337..18028.314 rows=72033 loops=1)
                           Hash Cond: ((lineitem.l_suppkey = supplier.s_suppkey) AND (customer.c_nationkey = supplier.s_nationkey))
                           ->  Hash Join  (cost=417768.30..2351956.35 rows=1819402 width=50) (actual time=2042.354..17557.274 rows=1815327 loops=1)
                                 Hash Cond: (orders.o_custkey = customer.c_custkey)
                                 ->  Hash Join  (cost=354563.79..2236444.04 rows=9097008 width=20) (actual time=1575.235..15816.512 rows=9108027 loops=1)
                                       Hash Cond: (lineitem.l_orderkey = orders.o_orderkey)
                                       ->  Seq Scan on lineitem  (cost=0.00..1724413.84 rows=59987184 width=20) (actual time=0.040..5129.716 rows=59986052 loops=1)
                                       ->  Hash  (cost=326129.57..326129.57 rows=2274738 width=8) (actual time=1560.150..1560.151 rows=2276638 loops=1)
                                             Buckets: 4194304  Batches: 1  Memory Usage: 121700kB
                                             ->  Bitmap Heap Scan on orders  (cost=31096.50..326129.57 rows=2274738 width=8) (actual time=204.752..1113.298 rows=2276638 loops=1)
                                                   Recheck Cond: ((o_orderdate >= '1993-01-01'::date) AND (o_orderdate < '1994-01-01'::date))
                                                   Heap Blocks: exact=260897
                                                   ->  Bitmap Index Scan on idx_orders_orderdate  (cost=0.00..30527.82 rows=2274738 width=0) (actual time=142.816..142.816 rows=2276638 loops=1)
                                                         Index Cond: ((o_orderdate >= '1993-01-01'::date) AND (o_orderdate < '1994-01-01'::date))
                                 ->  Hash  (cost=59454.51..59454.51 rows=300000 width=38) (actual time=464.919..464.922 rows=299436 loops=1)
                                       Buckets: 524288  Batches: 1  Memory Usage: 25151kB
                                       ->  Hash Join  (cost=2.51..59454.51 rows=300000 width=38) (actual time=0.074..399.717 rows=299436 loops=1)
                                             Hash Cond: (customer.c_nationkey = nation.n_nationkey)
                                             ->  Seq Scan on customer  (cost=0.00..50827.00 rows=1500000 width=8) (actual time=0.006..118.954 rows=1500000 loops=1)
                                             ->  Hash  (cost=2.45..2.45 rows=5 width=30) (actual time=0.049..0.051 rows=5 loops=1)
                                                   Buckets: 1024  Batches: 1  Memory Usage: 9kB
                                                   ->  Hash Join  (cost=1.07..2.45 rows=5 width=30) (actual time=0.040..0.047 rows=5 loops=1)
                                                         Hash Cond: (nation.n_regionkey = region.r_regionkey)
                                                         ->  Seq Scan on nation  (cost=0.00..1.25 rows=25 width=34) (actual time=0.007..0.008 rows=25 loops=1)
                                                         ->  Hash  (cost=1.06..1.06 rows=1 width=4) (actual time=0.019..0.019 rows=1 loops=1)
                                                               Buckets: 1024  Batches: 1  Memory Usage: 9kB
                                                               ->  Seq Scan on region  (cost=0.00..1.06 rows=1 width=4) (actual time=0.014..0.015 rows=1 loops=1)
                                                                     Filter: (r_name = 'AMERICA'::bpchar)
                                                                     Rows Removed by Filter: 4
                           ->  Hash  (cost=3216.00..3216.00 rows=100000 width=8) (actual time=41.702..41.703 rows=100000 loops=1)
                                 Buckets: 131072  Batches: 1  Memory Usage: 4931kB
                                 ->  Seq Scan on supplier  (cost=0.00..3216.00 rows=100000 width=8) (actual time=0.012..24.758 rows=100000 loops=1)
 Settings: effective_io_concurrency = '64', jit = 'off', maintenance_io_concurrency = '64', max_parallel_workers_per_gather = '0', work_mem = '256MB'
 Planning Time: 4.637 ms
 Execution Time: 18088.060 ms
(44 rows)

===== 6.sql jit= =====
                                                                                          QUERY PLAN                                                                                           
-----------------------------------------------------------------------------------------------------------------------------------------------------------------------------------------------
 Limit  (cost=1504348.52..1504348.53 rows=1 width=32) (actual time=2511.781..2511.783 rows=1 loops=1)
   ->  Aggregate  (cost=1504348.52..1504348.53 rows=1 width=32) (actual time=2511.780..2511.781 rows=1 loops=1)
         ->  Bitmap Heap Scan on lineitem  (cost=300435.93..1498381.16 rows=1193470 width=12) (actual time=1200.593..2187.208 rows=1194558 loops=1)
               Recheck Cond: ((l_shipdate >= '1993-01-01'::date) AND (l_shipdate < '1994-01-01'::date) AND (l_discount >= 0.06) AND (l_discount <= 0.08) AND (l_quantity < '25'::numeric))
               Heap Blocks: exact=662932
               ->  Bitmap Index Scan on idx_lineitem_shipdate  (cost=0.00..300137.57 rows=1193470 width=0) (actual time=1027.674..1027.674 rows=1194558 loops=1)
                     Index Cond: ((l_shipdate >= '1993-01-01'::date) AND (l_shipdate < '1994-01-01'::date) AND (l_discount >= 0.06) AND (l_discount <= 0.08) AND (l_quantity < '25'::numeric))
 Settings: effective_io_concurrency = '64', jit = 'off', maintenance_io_concurrency = '64', max_parallel_workers_per_gather = '0', work_mem = '256MB'
 Planning Time: 0.817 ms
 Execution Time: 2513.783 ms
(10 rows)

===== 7.sql jit= =====
                                                                                     QUERY PLAN                                                                                      
-------------------------------------------------------------------------------------------------------------------------------------------------------------------------------------
 Limit  (cost=2519885.48..2519885.60 rows=1 width=116) (actual time=18510.356..18510.363 rows=1 loops=1)
   ->  GroupAggregate  (cost=2519885.48..2521102.35 rows=10100 width=116) (actual time=18510.354..18510.361 rows=1 loops=1)
         Group Key: n1.n_name, n2.n_name, (EXTRACT(year FROM lineitem.l_shipdate))
         ->  Sort  (cost=2519885.48..2520037.68 rows=60878 width=96) (actual time=18502.225..18502.873 rows=14421 loops=1)
               Sort Key: n1.n_name, n2.n_name, (EXTRACT(year FROM lineitem.l_shipdate))
               Sort Method: quicksort  Memory: 9664kB
               ->  Hash Join  (cost=1024671.36..2515047.62 rows=60878 width=96) (actual time=8168.293..18467.610 rows=57794 loops=1)
                     Hash Cond: (lineitem.l_orderkey = orders.o_orderkey)
                     Join Filter: (((n1.n_name = 'PERU'::bpchar) AND (n2.n_name = 'MOROCCO'::bpchar)) OR ((n1.n_name = 'MOROCCO'::bpchar) AND (n2.n_name = 'PERU'::bpchar)))
                     Rows Removed by Join Filter: 58158
                     ->  Hash Join  (cost=473575.96..1955973.82 rows=1462843 width=46) (actual time=2716.822..12607.405 rows=1455694 loops=1)
                           Hash Cond: (lineitem.l_suppkey = supplier.s_suppkey)
                           ->  Bitmap Heap Scan on lineitem  (cost=469951.56..1869075.51 rows=18305463 width=24) (actual time=2681.225..10018.819 rows=18230325 loops=1)
                                 Recheck Cond: ((l_shipdate >= '1995-01-01'::date) AND (l_shipdate <= '1996-12-31'::date))
                                 Heap Blocks: exact=1119491
                                 ->  Bitmap Index Scan on idx_lineitem_shipdate  (cost=0.00..465375.20 rows=18305463 width=0) (actual time=2354.419..2354.419 rows=18230325 loops=1)
                                       Index Cond: ((l_shipdate >= '1995-01-01'::date) AND (l_shipdate <= '1996-12-31'::date))
                           ->  Hash  (cost=3524.40..3524.40 rows=8000 width=30) (actual time=35.546..35.548 rows=7981 loops=1)
                                 Buckets: 8192  Batches: 1  Memory Usage: 548kB
                                 ->  Hash Join  (cost=1.40..3524.40 rows=8000 width=30) (actual time=0.055..34.115 rows=7981 loops=1)
                                       Hash Cond: (supplier.s_nationkey = n1.n_nationkey)
                                       ->  Seq Scan on supplier  (cost=0.00..3216.00 rows=100000 width=8) (actual time=0.019..23.246 rows=100000 loops=1)
                                       ->  Hash  (cost=1.38..1.38 rows=2 width=30) (actual time=0.023..0.024 rows=2 loops=1)
                                             Buckets: 1024  Batches: 1  Memory Usage: 9kB
                                             ->  Seq Scan on nation n1  (cost=0.00..1.38 rows=2 width=30) (actual time=0.016..0.018 rows=2 loops=1)
                                                   Filter: ((n_name = 'PERU'::bpchar) OR (n_name = 'MOROCCO'::bpchar))
                                                   Rows Removed by Filter: 23
                     ->  Hash  (cost=536095.40..536095.40 rows=1200000 width=30) (actual time=5443.650..5443.653 rows=1191175 loops=1)
                           Buckets: 2097152  Batches: 1  Memory Usage: 88506kB
                           ->  Hash Join  (cost=56933.40..536095.40 rows=1200000 width=30) (actual time=445.323..5155.451 rows=1191175 loops=1)
                                 Hash Cond: (orders.o_custkey = customer.c_custkey)
                                 ->  Seq Scan on orders  (cost=0.00..410912.00 rows=15000000 width=8) (actual time=0.019..2152.820 rows=15000000 loops=1)
                                 ->  Hash  (cost=55433.40..55433.40 rows=120000 width=30) (actual time=444.817..444.819 rows=119622 loops=1)
                                       Buckets: 131072  Batches: 1  Memory Usage: 8267kB
                                       ->  Hash Join  (cost=1.40..55433.40 rows=120000 width=30) (actual time=0.043..419.961 rows=119622 loops=1)
                                             Hash Cond: (customer.c_nationkey = n2.n_nationkey)
                                             ->  Seq Scan on customer  (cost=0.00..50827.00 rows=1500000 width=8) (actual time=0.009..272.545 rows=1500000 loops=1)
                                             ->  Hash  (cost=1.38..1.38 rows=2 width=30) (actual time=0.019..0.020 rows=2 loops=1)
                                                   Buckets: 1024  Batches: 1  Memory Usage: 9kB
                                                   ->  Seq Scan on nation n2  (cost=0.00..1.38 rows=2 width=30) (actual time=0.012..0.015 rows=2 loops=1)
                                                         Filter: ((n_name = 'MOROCCO'::bpchar) OR (n_name = 'PERU'::bpchar))
                                                         Rows Removed by Filter: 23
 Settings: effective_io_concurrency = '64', jit = 'off', maintenance_io_concurrency = '64', max_parallel_workers_per_gather = '0', work_mem = '256MB'
 Planning Time: 4.194 ms
 Execution Time: 18514.249 ms
(45 rows)

===== 8.sql jit= =====
                                                                                           QUERY PLAN                                                                                            
-------------------------------------------------------------------------------------------------------------------------------------------------------------------------------------------------
 Limit  (cost=2011063.36..2011063.61 rows=1 width=64) (actual time=3955.042..3955.049 rows=1 loops=1)
   ->  GroupAggregate  (cost=2011063.36..2011649.17 rows=2406 width=64) (actual time=3955.040..3955.048 rows=1 loops=1)
         Group Key: (EXTRACT(year FROM orders.o_orderdate))
         ->  Sort  (cost=2011063.36..2011123.11 rows=23897 width=70) (actual time=3948.892..3949.380 rows=11818 loops=1)
               Sort Key: (EXTRACT(year FROM orders.o_orderdate))
               Sort Method: quicksort  Memory: 2631kB
               ->  Nested Loop  (cost=496753.23..2009325.51 rows=23897 width=70) (actual time=2963.919..3940.933 rows=23842 loops=1)
                     ->  Hash Join  (cost=496753.09..2008627.42 rows=23897 width=20) (actual time=2963.900..3926.864 rows=23842 loops=1)
                           Hash Cond: (lineitem.l_suppkey = supplier.s_suppkey)
                           ->  Hash Join  (cost=492287.09..2004098.62 rows=23923 width=20) (actual time=2925.108..3878.758 rows=23842 loops=1)
                                 Hash Cond: (lineitem.l_orderkey = orders.o_orderkey)
                                 ->  Nested Loop  (cost=0.44..1510095.60 rows=393906 width=20) (actual time=0.087..848.911 rows=389521 loops=1)
                                       ->  Seq Scan on part  (cost=0.00..65962.00 rows=13133 width=4) (actual time=0.054..259.521 rows=13011 loops=1)
                                             Filter: ((p_type)::text = 'LARGE POLISHED BRASS'::text)
                                             Rows Removed by Filter: 1986989
                                       ->  Index Scan using idx_lineitem_part_supp on lineitem  (cost=0.44..109.65 rows=31 width=24) (actual time=0.003..0.041 rows=30 loops=13011)
                                             Index Cond: (l_partkey = part.p_partkey)
                                 ->  Hash  (cost=480899.06..480899.06 rows=911007 width=8) (actual time=2920.728..2920.732 rows=910360 loops=1)
                                       Buckets: 1048576  Batches: 1  Memory Usage: 43753kB
                                       ->  Hash Join  (cost=125470.06..480899.06 rows=911007 width=8) (actual time=750.503..2732.436 rows=910360 loops=1)
                                             Hash Cond: (orders.o_custkey = customer.c_custkey)
                                             ->  Bitmap Heap Scan on orders  (cost=62265.55..391503.09 rows=4555036 width=12) (actual time=301.077..1309.191 rows=4557513 loops=1)
                                                   Recheck Cond: ((o_orderdate >= '1995-01-01'::date) AND (o_orderdate <= '1996-12-31'::date))
                                                   Heap Blocks: exact=260912
                                                   ->  Bitmap Index Scan on idx_orders_orderdate  (cost=0.00..61126.79 rows=4555036 width=0) (actual time=241.268..241.268 rows=4557513 loops=1)
                                                         Index Cond: ((o_orderdate >= '1995-01-01'::date) AND (o_orderdate <= '1996-12-31'::date))
                                             ->  Hash  (cost=59454.51..59454.51 rows=300000 width=4) (actual time=447.378..447.381 rows=299436 loops=1)
                                                   Buckets: 524288  Batches: 1  Memory Usage: 14624kB
                                                   ->  Hash Join  (cost=2.51..59454.51 rows=300000 width=4) (actual time=0.063..393.838 rows=299436 loops=1)
                                                         Hash Cond: (customer.c_nationkey = n1.n_nationkey)
                                                         ->  Seq Scan on customer  (cost=0.00..50827.00 rows=1500000 width=8) (actual time=0.006..113.149 rows=1500000 loops=1)
                                                         ->  Hash  (cost=2.45..2.45 rows=5 width=4) (actual time=0.042..0.044 rows=5 loops=1)
                                                               Buckets: 1024  Batches: 1  Memory Usage: 9kB
                                                               ->  Hash Join  (cost=1.07..2.45 rows=5 width=4) (actual time=0.033..0.041 rows=5 loops=1)
                                                                     Hash Cond: (n1.n_regionkey = region.r_regionkey)
                                                                     ->  Seq Scan on nation n1  (cost=0.00..1.25 rows=25 width=8) (actual time=0.007..0.009 rows=25 loops=1)
                                                                     ->  Hash  (cost=1.06..1.06 rows=1 width=4) (actual time=0.011..0.012 rows=1 loops=1)
                                                                           Buckets: 1024  Batches: 1  Memory Usage: 9kB
                                                                           ->  Seq Scan on region  (cost=0.00..1.06 rows=1 width=4) (actual time=0.005..0.006 rows=1 loops=1)
                                                                                 Filter: (r_name = 'AMERICA'::bpchar)
                                                                                 Rows Removed by Filter: 4
                           ->  Hash  (cost=3216.00..3216.00 rows=100000 width=8) (actual time=38.239..38.239 rows=100000 loops=1)
                                 Buckets: 131072  Batches: 1  Memory Usage: 4931kB
                                 ->  Seq Scan on supplier  (cost=0.00..3216.00 rows=100000 width=8) (actual time=0.027..22.731 rows=100000 loops=1)
                     ->  Memoize  (cost=0.15..2.17 rows=1 width=30) (actual time=0.000..0.000 rows=1 loops=23842)
                           Cache Key: supplier.s_nationkey
                           Hits: 23817  Misses: 25  Evictions: 0  Overflows: 0  Memory Usage: 4kB
                           ->  Index Scan using nation_pkey on nation n2  (cost=0.14..2.16 rows=1 width=30) (actual time=0.001..0.001 rows=1 loops=25)
                                 Index Cond: (n_nationkey = supplier.s_nationkey)
 Settings: effective_io_concurrency = '64', jit = 'off', maintenance_io_concurrency = '64', max_parallel_workers_per_gather = '0', work_mem = '256MB'
 Planning Time: 5.477 ms
 Execution Time: 3956.982 ms
(52 rows)

===== 9.sql jit= =====
                                                                                   QUERY PLAN                                                                                   
--------------------------------------------------------------------------------------------------------------------------------------------------------------------------------
 Limit  (cost=3135841.82..3135841.82 rows=1 width=90) (actual time=32329.300..32329.306 rows=1 loops=1)
   ->  Sort  (cost=3135841.82..3135992.20 rows=60150 width=90) (actual time=32329.299..32329.304 rows=1 loops=1)
         Sort Key: nation.n_name, (EXTRACT(year FROM orders.o_orderdate)) DESC
         Sort Method: top-N heapsort  Memory: 25kB
         ->  HashAggregate  (cost=3134638.82..3135541.07 rows=60150 width=90) (actual time=32328.889..32329.223 rows=175 loops=1)
               Group Key: nation.n_name, EXTRACT(year FROM orders.o_orderdate)
               Batches: 1  Memory Usage: 3217kB
               ->  Hash Join  (cost=2522862.56..3077956.04 rows=3239016 width=81) (actual time=22519.928..29583.994 rows=3248192 loops=1)
                     Hash Cond: (supplier.s_nationkey = nation.n_nationkey)
                     ->  Hash Join  (cost=2522861.00..3059913.16 rows=3239016 width=31) (actual time=22519.880..28679.944 rows=3248192 loops=1)
                           Hash Cond: (orders.o_orderkey = lineitem.l_orderkey)
                           ->  Seq Scan on orders  (cost=0.00..410912.00 rows=15000000 width=8) (actual time=0.011..979.511 rows=15000000 loops=1)
                           ->  Hash  (cost=2482373.30..2482373.30 rows=3239016 width=31) (actual time=22503.475..22503.479 rows=3248192 loops=1)
                                 Buckets: 4194304  Batches: 1  Memory Usage: 244992kB
                                 ->  Hash Join  (cost=485228.35..2482373.30 rows=3239016 width=31) (actual time=3778.367..21626.702 rows=3248192 loops=1)
                                       Hash Cond: (lineitem.l_suppkey = supplier.s_suppkey)
                                       ->  Hash Join  (cost=480762.35..2469395.25 rows=3242547 width=35) (actual time=3740.244..20581.322 rows=3248192 loops=1)
                                             Hash Cond: ((lineitem.l_suppkey = partsupp.ps_suppkey) AND (lineitem.l_partkey = partsupp.ps_partkey))
                                             ->  Hash Join  (cost=67313.35..1949193.88 rows=3242547 width=33) (actual time=547.763..14849.729 rows=3248192 loops=1)
                                                   Hash Cond: (lineitem.l_partkey = part.p_partkey)
                                                   ->  Seq Scan on lineitem  (cost=0.00..1724413.84 rows=59987184 width=29) (actual time=0.028..5023.994 rows=59986052 loops=1)
                                                   ->  Hash  (cost=65962.00..65962.00 rows=108108 width=4) (actual time=547.174..547.175 rows=108312 loops=1)
                                                         Buckets: 131072  Batches: 1  Memory Usage: 4832kB
                                                         ->  Seq Scan on part  (cost=0.00..65962.00 rows=108108 width=4) (actual time=0.011..528.702 rows=108312 loops=1)
                                                               Filter: ((p_name)::text ~~ '%navy%'::text)
                                                               Rows Removed by Filter: 1891688
                                             ->  Hash  (cost=254386.00..254386.00 rows=8000000 width=14) (actual time=3132.620..3132.620 rows=8000000 loops=1)
                                                   Buckets: 8388608  Batches: 2  Memory Usage: 253041kB
                                                   ->  Seq Scan on partsupp  (cost=0.00..254386.00 rows=8000000 width=14) (actual time=0.015..1546.163 rows=8000000 loops=1)
                                       ->  Hash  (cost=3216.00..3216.00 rows=100000 width=8) (actual time=37.601..37.601 rows=100000 loops=1)
                                             Buckets: 131072  Batches: 1  Memory Usage: 4931kB
                                             ->  Seq Scan on supplier  (cost=0.00..3216.00 rows=100000 width=8) (actual time=0.013..22.553 rows=100000 loops=1)
                     ->  Hash  (cost=1.25..1.25 rows=25 width=30) (actual time=0.031..0.031 rows=25 loops=1)
                           Buckets: 1024  Batches: 1  Memory Usage: 10kB
                           ->  Seq Scan on nation  (cost=0.00..1.25 rows=25 width=30) (actual time=0.017..0.022 rows=25 loops=1)
 Settings: effective_io_concurrency = '64', jit = 'off', maintenance_io_concurrency = '64', max_parallel_workers_per_gather = '0', work_mem = '256MB'
 Planning Time: 7.937 ms
 Execution Time: 32334.280 ms
(38 rows)

